[2024-12-18T15:44:52.191+0000] {processor.py:186} INFO - Started process (PID=3674) to work on /home/ubuntu/demo8/lib/python3.12/site-packages/airflow/example_dags/example_inlet_event_extra.py
[2024-12-18T15:44:52.192+0000] {processor.py:914} INFO - Processing file /home/ubuntu/demo8/lib/python3.12/site-packages/airflow/example_dags/example_inlet_event_extra.py for tasks to queue
[2024-12-18T15:44:52.194+0000] {logging_mixin.py:190} INFO - [2024-12-18T15:44:52.194+0000] {dagbag.py:588} INFO - Filling up the DagBag from /home/ubuntu/demo8/lib/python3.12/site-packages/airflow/example_dags/example_inlet_event_extra.py
[2024-12-18T15:44:52.208+0000] {processor.py:925} INFO - DAG(s) 'read_dataset_event', 'read_dataset_event_from_classic' retrieved from /home/ubuntu/demo8/lib/python3.12/site-packages/airflow/example_dags/example_inlet_event_extra.py
[2024-12-18T15:44:52.325+0000] {logging_mixin.py:190} INFO - [2024-12-18T15:44:52.325+0000] {override.py:1911} INFO - Created Permission View: can read on DAG:read_dataset_event
[2024-12-18T15:44:52.338+0000] {logging_mixin.py:190} INFO - [2024-12-18T15:44:52.337+0000] {override.py:1911} INFO - Created Permission View: can delete on DAG:read_dataset_event
[2024-12-18T15:44:52.347+0000] {logging_mixin.py:190} INFO - [2024-12-18T15:44:52.346+0000] {override.py:1911} INFO - Created Permission View: can edit on DAG:read_dataset_event
[2024-12-18T15:44:52.361+0000] {logging_mixin.py:190} INFO - [2024-12-18T15:44:52.361+0000] {override.py:1911} INFO - Created Permission View: can create on DAG Run:read_dataset_event
[2024-12-18T15:44:52.371+0000] {logging_mixin.py:190} INFO - [2024-12-18T15:44:52.370+0000] {override.py:1911} INFO - Created Permission View: can read on DAG Run:read_dataset_event
[2024-12-18T15:44:52.380+0000] {logging_mixin.py:190} INFO - [2024-12-18T15:44:52.379+0000] {override.py:1911} INFO - Created Permission View: menu access on DAG Run:read_dataset_event
[2024-12-18T15:44:52.389+0000] {logging_mixin.py:190} INFO - [2024-12-18T15:44:52.389+0000] {override.py:1911} INFO - Created Permission View: can delete on DAG Run:read_dataset_event
[2024-12-18T15:44:52.410+0000] {logging_mixin.py:190} INFO - [2024-12-18T15:44:52.409+0000] {override.py:1911} INFO - Created Permission View: can read on DAG:read_dataset_event_from_classic
[2024-12-18T15:44:52.419+0000] {logging_mixin.py:190} INFO - [2024-12-18T15:44:52.418+0000] {override.py:1911} INFO - Created Permission View: can delete on DAG:read_dataset_event_from_classic
[2024-12-18T15:44:52.428+0000] {logging_mixin.py:190} INFO - [2024-12-18T15:44:52.428+0000] {override.py:1911} INFO - Created Permission View: can edit on DAG:read_dataset_event_from_classic
[2024-12-18T15:44:52.442+0000] {logging_mixin.py:190} INFO - [2024-12-18T15:44:52.442+0000] {override.py:1911} INFO - Created Permission View: can create on DAG Run:read_dataset_event_from_classic
[2024-12-18T15:44:52.451+0000] {logging_mixin.py:190} INFO - [2024-12-18T15:44:52.450+0000] {override.py:1911} INFO - Created Permission View: can read on DAG Run:read_dataset_event_from_classic
[2024-12-18T15:44:52.460+0000] {logging_mixin.py:190} INFO - [2024-12-18T15:44:52.459+0000] {override.py:1911} INFO - Created Permission View: menu access on DAG Run:read_dataset_event_from_classic
[2024-12-18T15:44:52.469+0000] {logging_mixin.py:190} INFO - [2024-12-18T15:44:52.468+0000] {override.py:1911} INFO - Created Permission View: can delete on DAG Run:read_dataset_event_from_classic
[2024-12-18T15:44:52.469+0000] {logging_mixin.py:190} INFO - [2024-12-18T15:44:52.469+0000] {dag.py:3239} INFO - Sync 2 DAGs
[2024-12-18T15:44:52.482+0000] {logging_mixin.py:190} INFO - [2024-12-18T15:44:52.481+0000] {dag.py:3262} INFO - Creating ORM DAG for read_dataset_event_from_classic
[2024-12-18T15:44:52.482+0000] {logging_mixin.py:190} INFO - [2024-12-18T15:44:52.482+0000] {dag.py:3262} INFO - Creating ORM DAG for read_dataset_event
[2024-12-18T15:44:52.493+0000] {logging_mixin.py:190} INFO - [2024-12-18T15:44:52.492+0000] {dag.py:4180} INFO - Setting next_dagrun for read_dataset_event to 2024-12-17 00:00:00+00:00, run_after=2024-12-18 00:00:00+00:00
[2024-12-18T15:44:52.495+0000] {logging_mixin.py:190} INFO - [2024-12-18T15:44:52.495+0000] {dag.py:4180} INFO - Setting next_dagrun for read_dataset_event_from_classic to 2024-12-17 00:00:00+00:00, run_after=2024-12-18 00:00:00+00:00
[2024-12-18T15:44:52.516+0000] {processor.py:208} INFO - Processing /home/ubuntu/demo8/lib/python3.12/site-packages/airflow/example_dags/example_inlet_event_extra.py took 0.331 seconds
[2024-12-18T15:46:01.849+0000] {processor.py:186} INFO - Started process (PID=3777) to work on /home/ubuntu/demo8/lib/python3.12/site-packages/airflow/example_dags/example_inlet_event_extra.py
[2024-12-18T15:46:01.851+0000] {processor.py:914} INFO - Processing file /home/ubuntu/demo8/lib/python3.12/site-packages/airflow/example_dags/example_inlet_event_extra.py for tasks to queue
[2024-12-18T15:46:01.853+0000] {logging_mixin.py:190} INFO - [2024-12-18T15:46:01.852+0000] {dagbag.py:588} INFO - Filling up the DagBag from /home/ubuntu/demo8/lib/python3.12/site-packages/airflow/example_dags/example_inlet_event_extra.py
[2024-12-18T15:46:01.867+0000] {processor.py:925} INFO - DAG(s) 'read_dataset_event_from_classic', 'read_dataset_event' retrieved from /home/ubuntu/demo8/lib/python3.12/site-packages/airflow/example_dags/example_inlet_event_extra.py
[2024-12-18T15:46:01.885+0000] {logging_mixin.py:190} INFO - [2024-12-18T15:46:01.885+0000] {dag.py:3239} INFO - Sync 2 DAGs
[2024-12-18T15:46:01.908+0000] {logging_mixin.py:190} INFO - [2024-12-18T15:46:01.908+0000] {dag.py:4180} INFO - Setting next_dagrun for read_dataset_event to 2024-12-17 00:00:00+00:00, run_after=2024-12-18 00:00:00+00:00
[2024-12-18T15:46:01.913+0000] {logging_mixin.py:190} INFO - [2024-12-18T15:46:01.913+0000] {dag.py:4180} INFO - Setting next_dagrun for read_dataset_event_from_classic to 2024-12-17 00:00:00+00:00, run_after=2024-12-18 00:00:00+00:00
[2024-12-18T15:46:01.932+0000] {processor.py:208} INFO - Processing /home/ubuntu/demo8/lib/python3.12/site-packages/airflow/example_dags/example_inlet_event_extra.py took 0.089 seconds
[2024-12-18T15:46:57.771+0000] {processor.py:186} INFO - Started process (PID=4244) to work on /home/ubuntu/demo8/lib/python3.12/site-packages/airflow/example_dags/example_inlet_event_extra.py
[2024-12-18T15:46:57.772+0000] {processor.py:914} INFO - Processing file /home/ubuntu/demo8/lib/python3.12/site-packages/airflow/example_dags/example_inlet_event_extra.py for tasks to queue
[2024-12-18T15:46:57.774+0000] {logging_mixin.py:190} INFO - [2024-12-18T15:46:57.774+0000] {dagbag.py:588} INFO - Filling up the DagBag from /home/ubuntu/demo8/lib/python3.12/site-packages/airflow/example_dags/example_inlet_event_extra.py
[2024-12-18T15:46:57.789+0000] {processor.py:925} INFO - DAG(s) 'read_dataset_event_from_classic', 'read_dataset_event' retrieved from /home/ubuntu/demo8/lib/python3.12/site-packages/airflow/example_dags/example_inlet_event_extra.py
[2024-12-18T15:46:57.808+0000] {logging_mixin.py:190} INFO - [2024-12-18T15:46:57.808+0000] {dag.py:3239} INFO - Sync 2 DAGs
[2024-12-18T15:46:57.833+0000] {logging_mixin.py:190} INFO - [2024-12-18T15:46:57.833+0000] {dag.py:4180} INFO - Setting next_dagrun for read_dataset_event to 2024-12-17 00:00:00+00:00, run_after=2024-12-18 00:00:00+00:00
[2024-12-18T15:46:57.838+0000] {logging_mixin.py:190} INFO - [2024-12-18T15:46:57.838+0000] {dag.py:4180} INFO - Setting next_dagrun for read_dataset_event_from_classic to 2024-12-17 00:00:00+00:00, run_after=2024-12-18 00:00:00+00:00
[2024-12-18T15:46:57.858+0000] {processor.py:208} INFO - Processing /home/ubuntu/demo8/lib/python3.12/site-packages/airflow/example_dags/example_inlet_event_extra.py took 0.094 seconds
[2024-12-18T15:47:55.635+0000] {processor.py:186} INFO - Started process (PID=4302) to work on /home/ubuntu/demo8/lib/python3.12/site-packages/airflow/example_dags/example_inlet_event_extra.py
[2024-12-18T15:47:55.636+0000] {processor.py:914} INFO - Processing file /home/ubuntu/demo8/lib/python3.12/site-packages/airflow/example_dags/example_inlet_event_extra.py for tasks to queue
[2024-12-18T15:47:55.638+0000] {logging_mixin.py:190} INFO - [2024-12-18T15:47:55.638+0000] {dagbag.py:588} INFO - Filling up the DagBag from /home/ubuntu/demo8/lib/python3.12/site-packages/airflow/example_dags/example_inlet_event_extra.py
[2024-12-18T15:47:55.653+0000] {processor.py:925} INFO - DAG(s) 'read_dataset_event_from_classic', 'read_dataset_event' retrieved from /home/ubuntu/demo8/lib/python3.12/site-packages/airflow/example_dags/example_inlet_event_extra.py
[2024-12-18T15:47:55.671+0000] {logging_mixin.py:190} INFO - [2024-12-18T15:47:55.671+0000] {dag.py:3239} INFO - Sync 2 DAGs
[2024-12-18T15:47:55.696+0000] {logging_mixin.py:190} INFO - [2024-12-18T15:47:55.696+0000] {dag.py:4180} INFO - Setting next_dagrun for read_dataset_event to 2024-12-17 00:00:00+00:00, run_after=2024-12-18 00:00:00+00:00
[2024-12-18T15:47:55.700+0000] {logging_mixin.py:190} INFO - [2024-12-18T15:47:55.700+0000] {dag.py:4180} INFO - Setting next_dagrun for read_dataset_event_from_classic to 2024-12-17 00:00:00+00:00, run_after=2024-12-18 00:00:00+00:00
[2024-12-18T15:47:55.721+0000] {processor.py:208} INFO - Processing /home/ubuntu/demo8/lib/python3.12/site-packages/airflow/example_dags/example_inlet_event_extra.py took 0.093 seconds
[2024-12-18T15:48:49.961+0000] {processor.py:186} INFO - Started process (PID=4358) to work on /home/ubuntu/demo8/lib/python3.12/site-packages/airflow/example_dags/example_inlet_event_extra.py
[2024-12-18T15:48:49.962+0000] {processor.py:914} INFO - Processing file /home/ubuntu/demo8/lib/python3.12/site-packages/airflow/example_dags/example_inlet_event_extra.py for tasks to queue
[2024-12-18T15:48:49.964+0000] {logging_mixin.py:190} INFO - [2024-12-18T15:48:49.964+0000] {dagbag.py:588} INFO - Filling up the DagBag from /home/ubuntu/demo8/lib/python3.12/site-packages/airflow/example_dags/example_inlet_event_extra.py
[2024-12-18T15:48:49.979+0000] {processor.py:925} INFO - DAG(s) 'read_dataset_event_from_classic', 'read_dataset_event' retrieved from /home/ubuntu/demo8/lib/python3.12/site-packages/airflow/example_dags/example_inlet_event_extra.py
[2024-12-18T15:48:49.998+0000] {logging_mixin.py:190} INFO - [2024-12-18T15:48:49.998+0000] {dag.py:3239} INFO - Sync 2 DAGs
[2024-12-18T15:48:50.032+0000] {logging_mixin.py:190} INFO - [2024-12-18T15:48:50.031+0000] {dag.py:4180} INFO - Setting next_dagrun for read_dataset_event to 2024-12-17 00:00:00+00:00, run_after=2024-12-18 00:00:00+00:00
[2024-12-18T15:48:50.037+0000] {logging_mixin.py:190} INFO - [2024-12-18T15:48:50.037+0000] {dag.py:4180} INFO - Setting next_dagrun for read_dataset_event_from_classic to 2024-12-17 00:00:00+00:00, run_after=2024-12-18 00:00:00+00:00
[2024-12-18T15:48:50.172+0000] {processor.py:208} INFO - Processing /home/ubuntu/demo8/lib/python3.12/site-packages/airflow/example_dags/example_inlet_event_extra.py took 0.218 seconds
[2024-12-18T15:49:54.987+0000] {processor.py:186} INFO - Started process (PID=4419) to work on /home/ubuntu/demo8/lib/python3.12/site-packages/airflow/example_dags/example_inlet_event_extra.py
[2024-12-18T15:49:54.988+0000] {processor.py:914} INFO - Processing file /home/ubuntu/demo8/lib/python3.12/site-packages/airflow/example_dags/example_inlet_event_extra.py for tasks to queue
[2024-12-18T15:49:54.991+0000] {logging_mixin.py:190} INFO - [2024-12-18T15:49:54.990+0000] {dagbag.py:588} INFO - Filling up the DagBag from /home/ubuntu/demo8/lib/python3.12/site-packages/airflow/example_dags/example_inlet_event_extra.py
[2024-12-18T15:49:55.006+0000] {processor.py:925} INFO - DAG(s) 'read_dataset_event', 'read_dataset_event_from_classic' retrieved from /home/ubuntu/demo8/lib/python3.12/site-packages/airflow/example_dags/example_inlet_event_extra.py
[2024-12-18T15:49:55.024+0000] {logging_mixin.py:190} INFO - [2024-12-18T15:49:55.024+0000] {dag.py:3239} INFO - Sync 2 DAGs
[2024-12-18T15:49:55.049+0000] {logging_mixin.py:190} INFO - [2024-12-18T15:49:55.049+0000] {dag.py:4180} INFO - Setting next_dagrun for read_dataset_event to 2024-12-17 00:00:00+00:00, run_after=2024-12-18 00:00:00+00:00
[2024-12-18T15:49:55.056+0000] {logging_mixin.py:190} INFO - [2024-12-18T15:49:55.055+0000] {dag.py:4180} INFO - Setting next_dagrun for read_dataset_event_from_classic to 2024-12-17 00:00:00+00:00, run_after=2024-12-18 00:00:00+00:00
[2024-12-18T15:49:55.076+0000] {processor.py:208} INFO - Processing /home/ubuntu/demo8/lib/python3.12/site-packages/airflow/example_dags/example_inlet_event_extra.py took 0.095 seconds
[2024-12-18T15:50:52.214+0000] {processor.py:186} INFO - Started process (PID=4489) to work on /home/ubuntu/demo8/lib/python3.12/site-packages/airflow/example_dags/example_inlet_event_extra.py
[2024-12-18T15:50:52.216+0000] {processor.py:914} INFO - Processing file /home/ubuntu/demo8/lib/python3.12/site-packages/airflow/example_dags/example_inlet_event_extra.py for tasks to queue
[2024-12-18T15:50:52.218+0000] {logging_mixin.py:190} INFO - [2024-12-18T15:50:52.218+0000] {dagbag.py:588} INFO - Filling up the DagBag from /home/ubuntu/demo8/lib/python3.12/site-packages/airflow/example_dags/example_inlet_event_extra.py
[2024-12-18T15:50:52.233+0000] {processor.py:925} INFO - DAG(s) 'read_dataset_event_from_classic', 'read_dataset_event' retrieved from /home/ubuntu/demo8/lib/python3.12/site-packages/airflow/example_dags/example_inlet_event_extra.py
[2024-12-18T15:50:52.252+0000] {logging_mixin.py:190} INFO - [2024-12-18T15:50:52.251+0000] {dag.py:3239} INFO - Sync 2 DAGs
[2024-12-18T15:50:52.277+0000] {logging_mixin.py:190} INFO - [2024-12-18T15:50:52.277+0000] {dag.py:4180} INFO - Setting next_dagrun for read_dataset_event to 2024-12-17 00:00:00+00:00, run_after=2024-12-18 00:00:00+00:00
[2024-12-18T15:50:52.282+0000] {logging_mixin.py:190} INFO - [2024-12-18T15:50:52.282+0000] {dag.py:4180} INFO - Setting next_dagrun for read_dataset_event_from_classic to 2024-12-17 00:00:00+00:00, run_after=2024-12-18 00:00:00+00:00
[2024-12-18T15:50:52.303+0000] {processor.py:208} INFO - Processing /home/ubuntu/demo8/lib/python3.12/site-packages/airflow/example_dags/example_inlet_event_extra.py took 0.095 seconds
[2024-12-18T15:51:47.366+0000] {processor.py:186} INFO - Started process (PID=4548) to work on /home/ubuntu/demo8/lib/python3.12/site-packages/airflow/example_dags/example_inlet_event_extra.py
[2024-12-18T15:51:47.368+0000] {processor.py:914} INFO - Processing file /home/ubuntu/demo8/lib/python3.12/site-packages/airflow/example_dags/example_inlet_event_extra.py for tasks to queue
[2024-12-18T15:51:47.370+0000] {logging_mixin.py:190} INFO - [2024-12-18T15:51:47.370+0000] {dagbag.py:588} INFO - Filling up the DagBag from /home/ubuntu/demo8/lib/python3.12/site-packages/airflow/example_dags/example_inlet_event_extra.py
[2024-12-18T15:51:47.384+0000] {processor.py:925} INFO - DAG(s) 'read_dataset_event_from_classic', 'read_dataset_event' retrieved from /home/ubuntu/demo8/lib/python3.12/site-packages/airflow/example_dags/example_inlet_event_extra.py
[2024-12-18T15:51:47.402+0000] {logging_mixin.py:190} INFO - [2024-12-18T15:51:47.402+0000] {dag.py:3239} INFO - Sync 2 DAGs
[2024-12-18T15:51:47.426+0000] {logging_mixin.py:190} INFO - [2024-12-18T15:51:47.426+0000] {dag.py:4180} INFO - Setting next_dagrun for read_dataset_event to 2024-12-17 00:00:00+00:00, run_after=2024-12-18 00:00:00+00:00
[2024-12-18T15:51:47.431+0000] {logging_mixin.py:190} INFO - [2024-12-18T15:51:47.431+0000] {dag.py:4180} INFO - Setting next_dagrun for read_dataset_event_from_classic to 2024-12-17 00:00:00+00:00, run_after=2024-12-18 00:00:00+00:00
[2024-12-18T15:51:47.451+0000] {processor.py:208} INFO - Processing /home/ubuntu/demo8/lib/python3.12/site-packages/airflow/example_dags/example_inlet_event_extra.py took 0.091 seconds
[2024-12-18T15:52:40.895+0000] {processor.py:186} INFO - Started process (PID=4605) to work on /home/ubuntu/demo8/lib/python3.12/site-packages/airflow/example_dags/example_inlet_event_extra.py
[2024-12-18T15:52:40.897+0000] {processor.py:914} INFO - Processing file /home/ubuntu/demo8/lib/python3.12/site-packages/airflow/example_dags/example_inlet_event_extra.py for tasks to queue
[2024-12-18T15:52:40.899+0000] {logging_mixin.py:190} INFO - [2024-12-18T15:52:40.899+0000] {dagbag.py:588} INFO - Filling up the DagBag from /home/ubuntu/demo8/lib/python3.12/site-packages/airflow/example_dags/example_inlet_event_extra.py
[2024-12-18T15:52:40.914+0000] {processor.py:925} INFO - DAG(s) 'read_dataset_event_from_classic', 'read_dataset_event' retrieved from /home/ubuntu/demo8/lib/python3.12/site-packages/airflow/example_dags/example_inlet_event_extra.py
[2024-12-18T15:52:40.934+0000] {logging_mixin.py:190} INFO - [2024-12-18T15:52:40.934+0000] {dag.py:3239} INFO - Sync 2 DAGs
[2024-12-18T15:52:40.961+0000] {logging_mixin.py:190} INFO - [2024-12-18T15:52:40.960+0000] {dag.py:4180} INFO - Setting next_dagrun for read_dataset_event to 2024-12-17 00:00:00+00:00, run_after=2024-12-18 00:00:00+00:00
[2024-12-18T15:52:40.967+0000] {logging_mixin.py:190} INFO - [2024-12-18T15:52:40.965+0000] {dag.py:4180} INFO - Setting next_dagrun for read_dataset_event_from_classic to 2024-12-17 00:00:00+00:00, run_after=2024-12-18 00:00:00+00:00
[2024-12-18T15:52:40.994+0000] {processor.py:208} INFO - Processing /home/ubuntu/demo8/lib/python3.12/site-packages/airflow/example_dags/example_inlet_event_extra.py took 0.105 seconds
[2024-12-18T15:53:36.908+0000] {processor.py:186} INFO - Started process (PID=4661) to work on /home/ubuntu/demo8/lib/python3.12/site-packages/airflow/example_dags/example_inlet_event_extra.py
[2024-12-18T15:53:36.910+0000] {processor.py:914} INFO - Processing file /home/ubuntu/demo8/lib/python3.12/site-packages/airflow/example_dags/example_inlet_event_extra.py for tasks to queue
[2024-12-18T15:53:36.912+0000] {logging_mixin.py:190} INFO - [2024-12-18T15:53:36.911+0000] {dagbag.py:588} INFO - Filling up the DagBag from /home/ubuntu/demo8/lib/python3.12/site-packages/airflow/example_dags/example_inlet_event_extra.py
[2024-12-18T15:53:36.927+0000] {processor.py:925} INFO - DAG(s) 'read_dataset_event_from_classic', 'read_dataset_event' retrieved from /home/ubuntu/demo8/lib/python3.12/site-packages/airflow/example_dags/example_inlet_event_extra.py
[2024-12-18T15:53:36.946+0000] {logging_mixin.py:190} INFO - [2024-12-18T15:53:36.945+0000] {dag.py:3239} INFO - Sync 2 DAGs
[2024-12-18T15:53:36.972+0000] {logging_mixin.py:190} INFO - [2024-12-18T15:53:36.972+0000] {dag.py:4180} INFO - Setting next_dagrun for read_dataset_event to 2024-12-17 00:00:00+00:00, run_after=2024-12-18 00:00:00+00:00
[2024-12-18T15:53:36.977+0000] {logging_mixin.py:190} INFO - [2024-12-18T15:53:36.977+0000] {dag.py:4180} INFO - Setting next_dagrun for read_dataset_event_from_classic to 2024-12-17 00:00:00+00:00, run_after=2024-12-18 00:00:00+00:00
[2024-12-18T15:53:36.998+0000] {processor.py:208} INFO - Processing /home/ubuntu/demo8/lib/python3.12/site-packages/airflow/example_dags/example_inlet_event_extra.py took 0.096 seconds
[2024-12-18T15:55:02.483+0000] {processor.py:186} INFO - Started process (PID=4778) to work on /home/ubuntu/demo8/lib/python3.12/site-packages/airflow/example_dags/example_inlet_event_extra.py
[2024-12-18T15:55:02.484+0000] {processor.py:914} INFO - Processing file /home/ubuntu/demo8/lib/python3.12/site-packages/airflow/example_dags/example_inlet_event_extra.py for tasks to queue
[2024-12-18T15:55:02.487+0000] {logging_mixin.py:190} INFO - [2024-12-18T15:55:02.487+0000] {dagbag.py:588} INFO - Filling up the DagBag from /home/ubuntu/demo8/lib/python3.12/site-packages/airflow/example_dags/example_inlet_event_extra.py
[2024-12-18T15:55:02.503+0000] {processor.py:925} INFO - DAG(s) 'read_dataset_event', 'read_dataset_event_from_classic' retrieved from /home/ubuntu/demo8/lib/python3.12/site-packages/airflow/example_dags/example_inlet_event_extra.py
[2024-12-18T15:55:02.522+0000] {logging_mixin.py:190} INFO - [2024-12-18T15:55:02.521+0000] {dag.py:3239} INFO - Sync 2 DAGs
[2024-12-18T15:55:02.546+0000] {logging_mixin.py:190} INFO - [2024-12-18T15:55:02.545+0000] {dag.py:4180} INFO - Setting next_dagrun for read_dataset_event to 2024-12-17 00:00:00+00:00, run_after=2024-12-18 00:00:00+00:00
[2024-12-18T15:55:02.550+0000] {logging_mixin.py:190} INFO - [2024-12-18T15:55:02.550+0000] {dag.py:4180} INFO - Setting next_dagrun for read_dataset_event_from_classic to 2024-12-17 00:00:00+00:00, run_after=2024-12-18 00:00:00+00:00
[2024-12-18T15:55:02.570+0000] {processor.py:208} INFO - Processing /home/ubuntu/demo8/lib/python3.12/site-packages/airflow/example_dags/example_inlet_event_extra.py took 0.093 seconds
[2024-12-18T15:55:59.442+0000] {processor.py:186} INFO - Started process (PID=4838) to work on /home/ubuntu/demo8/lib/python3.12/site-packages/airflow/example_dags/example_inlet_event_extra.py
[2024-12-18T15:55:59.444+0000] {processor.py:914} INFO - Processing file /home/ubuntu/demo8/lib/python3.12/site-packages/airflow/example_dags/example_inlet_event_extra.py for tasks to queue
[2024-12-18T15:55:59.446+0000] {logging_mixin.py:190} INFO - [2024-12-18T15:55:59.445+0000] {dagbag.py:588} INFO - Filling up the DagBag from /home/ubuntu/demo8/lib/python3.12/site-packages/airflow/example_dags/example_inlet_event_extra.py
[2024-12-18T15:55:59.460+0000] {processor.py:925} INFO - DAG(s) 'read_dataset_event', 'read_dataset_event_from_classic' retrieved from /home/ubuntu/demo8/lib/python3.12/site-packages/airflow/example_dags/example_inlet_event_extra.py
[2024-12-18T15:55:59.480+0000] {logging_mixin.py:190} INFO - [2024-12-18T15:55:59.479+0000] {dag.py:3239} INFO - Sync 2 DAGs
[2024-12-18T15:55:59.504+0000] {logging_mixin.py:190} INFO - [2024-12-18T15:55:59.503+0000] {dag.py:4180} INFO - Setting next_dagrun for read_dataset_event to 2024-12-17 00:00:00+00:00, run_after=2024-12-18 00:00:00+00:00
[2024-12-18T15:55:59.509+0000] {logging_mixin.py:190} INFO - [2024-12-18T15:55:59.508+0000] {dag.py:4180} INFO - Setting next_dagrun for read_dataset_event_from_classic to 2024-12-17 00:00:00+00:00, run_after=2024-12-18 00:00:00+00:00
[2024-12-18T15:55:59.529+0000] {processor.py:208} INFO - Processing /home/ubuntu/demo8/lib/python3.12/site-packages/airflow/example_dags/example_inlet_event_extra.py took 0.093 seconds
[2024-12-18T15:57:30.003+0000] {processor.py:186} INFO - Started process (PID=4925) to work on /home/ubuntu/demo8/lib/python3.12/site-packages/airflow/example_dags/example_inlet_event_extra.py
[2024-12-18T15:57:30.005+0000] {processor.py:914} INFO - Processing file /home/ubuntu/demo8/lib/python3.12/site-packages/airflow/example_dags/example_inlet_event_extra.py for tasks to queue
[2024-12-18T15:57:30.008+0000] {logging_mixin.py:190} INFO - [2024-12-18T15:57:30.007+0000] {dagbag.py:588} INFO - Filling up the DagBag from /home/ubuntu/demo8/lib/python3.12/site-packages/airflow/example_dags/example_inlet_event_extra.py
[2024-12-18T15:57:30.023+0000] {processor.py:925} INFO - DAG(s) 'read_dataset_event_from_classic', 'read_dataset_event' retrieved from /home/ubuntu/demo8/lib/python3.12/site-packages/airflow/example_dags/example_inlet_event_extra.py
[2024-12-18T15:57:30.041+0000] {logging_mixin.py:190} INFO - [2024-12-18T15:57:30.041+0000] {dag.py:3239} INFO - Sync 2 DAGs
[2024-12-18T15:57:30.065+0000] {logging_mixin.py:190} INFO - [2024-12-18T15:57:30.065+0000] {dag.py:4180} INFO - Setting next_dagrun for read_dataset_event to 2024-12-17 00:00:00+00:00, run_after=2024-12-18 00:00:00+00:00
[2024-12-18T15:57:30.070+0000] {logging_mixin.py:190} INFO - [2024-12-18T15:57:30.069+0000] {dag.py:4180} INFO - Setting next_dagrun for read_dataset_event_from_classic to 2024-12-17 00:00:00+00:00, run_after=2024-12-18 00:00:00+00:00
[2024-12-18T15:57:30.090+0000] {processor.py:208} INFO - Processing /home/ubuntu/demo8/lib/python3.12/site-packages/airflow/example_dags/example_inlet_event_extra.py took 0.092 seconds
[2024-12-18T15:58:26.848+0000] {processor.py:186} INFO - Started process (PID=4983) to work on /home/ubuntu/demo8/lib/python3.12/site-packages/airflow/example_dags/example_inlet_event_extra.py
[2024-12-18T15:58:26.849+0000] {processor.py:914} INFO - Processing file /home/ubuntu/demo8/lib/python3.12/site-packages/airflow/example_dags/example_inlet_event_extra.py for tasks to queue
[2024-12-18T15:58:26.852+0000] {logging_mixin.py:190} INFO - [2024-12-18T15:58:26.851+0000] {dagbag.py:588} INFO - Filling up the DagBag from /home/ubuntu/demo8/lib/python3.12/site-packages/airflow/example_dags/example_inlet_event_extra.py
[2024-12-18T15:58:26.866+0000] {processor.py:925} INFO - DAG(s) 'read_dataset_event_from_classic', 'read_dataset_event' retrieved from /home/ubuntu/demo8/lib/python3.12/site-packages/airflow/example_dags/example_inlet_event_extra.py
[2024-12-18T15:58:26.885+0000] {logging_mixin.py:190} INFO - [2024-12-18T15:58:26.884+0000] {dag.py:3239} INFO - Sync 2 DAGs
[2024-12-18T15:58:26.909+0000] {logging_mixin.py:190} INFO - [2024-12-18T15:58:26.909+0000] {dag.py:4180} INFO - Setting next_dagrun for read_dataset_event to 2024-12-17 00:00:00+00:00, run_after=2024-12-18 00:00:00+00:00
[2024-12-18T15:58:26.914+0000] {logging_mixin.py:190} INFO - [2024-12-18T15:58:26.914+0000] {dag.py:4180} INFO - Setting next_dagrun for read_dataset_event_from_classic to 2024-12-17 00:00:00+00:00, run_after=2024-12-18 00:00:00+00:00
[2024-12-18T15:58:26.935+0000] {processor.py:208} INFO - Processing /home/ubuntu/demo8/lib/python3.12/site-packages/airflow/example_dags/example_inlet_event_extra.py took 0.093 seconds
[2024-12-18T16:00:28.815+0000] {processor.py:186} INFO - Started process (PID=5109) to work on /home/ubuntu/demo8/lib/python3.12/site-packages/airflow/example_dags/example_inlet_event_extra.py
[2024-12-18T16:00:28.817+0000] {processor.py:914} INFO - Processing file /home/ubuntu/demo8/lib/python3.12/site-packages/airflow/example_dags/example_inlet_event_extra.py for tasks to queue
[2024-12-18T16:00:28.819+0000] {logging_mixin.py:190} INFO - [2024-12-18T16:00:28.819+0000] {dagbag.py:588} INFO - Filling up the DagBag from /home/ubuntu/demo8/lib/python3.12/site-packages/airflow/example_dags/example_inlet_event_extra.py
[2024-12-18T16:00:28.834+0000] {processor.py:925} INFO - DAG(s) 'read_dataset_event', 'read_dataset_event_from_classic' retrieved from /home/ubuntu/demo8/lib/python3.12/site-packages/airflow/example_dags/example_inlet_event_extra.py
[2024-12-18T16:00:28.852+0000] {logging_mixin.py:190} INFO - [2024-12-18T16:00:28.852+0000] {dag.py:3239} INFO - Sync 2 DAGs
[2024-12-18T16:00:28.876+0000] {logging_mixin.py:190} INFO - [2024-12-18T16:00:28.876+0000] {dag.py:4180} INFO - Setting next_dagrun for read_dataset_event to 2024-12-17 00:00:00+00:00, run_after=2024-12-18 00:00:00+00:00
[2024-12-18T16:00:28.881+0000] {logging_mixin.py:190} INFO - [2024-12-18T16:00:28.881+0000] {dag.py:4180} INFO - Setting next_dagrun for read_dataset_event_from_classic to 2024-12-17 00:00:00+00:00, run_after=2024-12-18 00:00:00+00:00
[2024-12-18T16:00:28.901+0000] {processor.py:208} INFO - Processing /home/ubuntu/demo8/lib/python3.12/site-packages/airflow/example_dags/example_inlet_event_extra.py took 0.092 seconds
[2024-12-18T16:01:25.662+0000] {processor.py:186} INFO - Started process (PID=5169) to work on /home/ubuntu/demo8/lib/python3.12/site-packages/airflow/example_dags/example_inlet_event_extra.py
[2024-12-18T16:01:25.664+0000] {processor.py:914} INFO - Processing file /home/ubuntu/demo8/lib/python3.12/site-packages/airflow/example_dags/example_inlet_event_extra.py for tasks to queue
[2024-12-18T16:01:25.666+0000] {logging_mixin.py:190} INFO - [2024-12-18T16:01:25.665+0000] {dagbag.py:588} INFO - Filling up the DagBag from /home/ubuntu/demo8/lib/python3.12/site-packages/airflow/example_dags/example_inlet_event_extra.py
[2024-12-18T16:01:25.680+0000] {processor.py:925} INFO - DAG(s) 'read_dataset_event_from_classic', 'read_dataset_event' retrieved from /home/ubuntu/demo8/lib/python3.12/site-packages/airflow/example_dags/example_inlet_event_extra.py
[2024-12-18T16:01:25.700+0000] {logging_mixin.py:190} INFO - [2024-12-18T16:01:25.700+0000] {dag.py:3239} INFO - Sync 2 DAGs
[2024-12-18T16:01:25.724+0000] {logging_mixin.py:190} INFO - [2024-12-18T16:01:25.723+0000] {dag.py:4180} INFO - Setting next_dagrun for read_dataset_event to 2024-12-17 00:00:00+00:00, run_after=2024-12-18 00:00:00+00:00
[2024-12-18T16:01:25.729+0000] {logging_mixin.py:190} INFO - [2024-12-18T16:01:25.729+0000] {dag.py:4180} INFO - Setting next_dagrun for read_dataset_event_from_classic to 2024-12-17 00:00:00+00:00, run_after=2024-12-18 00:00:00+00:00
[2024-12-18T16:01:25.749+0000] {processor.py:208} INFO - Processing /home/ubuntu/demo8/lib/python3.12/site-packages/airflow/example_dags/example_inlet_event_extra.py took 0.093 seconds
[2024-12-18T16:02:21.743+0000] {processor.py:186} INFO - Started process (PID=5227) to work on /home/ubuntu/demo8/lib/python3.12/site-packages/airflow/example_dags/example_inlet_event_extra.py
[2024-12-18T16:02:21.745+0000] {processor.py:914} INFO - Processing file /home/ubuntu/demo8/lib/python3.12/site-packages/airflow/example_dags/example_inlet_event_extra.py for tasks to queue
[2024-12-18T16:02:21.747+0000] {logging_mixin.py:190} INFO - [2024-12-18T16:02:21.746+0000] {dagbag.py:588} INFO - Filling up the DagBag from /home/ubuntu/demo8/lib/python3.12/site-packages/airflow/example_dags/example_inlet_event_extra.py
[2024-12-18T16:02:21.761+0000] {processor.py:925} INFO - DAG(s) 'read_dataset_event_from_classic', 'read_dataset_event' retrieved from /home/ubuntu/demo8/lib/python3.12/site-packages/airflow/example_dags/example_inlet_event_extra.py
[2024-12-18T16:02:21.779+0000] {logging_mixin.py:190} INFO - [2024-12-18T16:02:21.779+0000] {dag.py:3239} INFO - Sync 2 DAGs
[2024-12-18T16:02:21.802+0000] {logging_mixin.py:190} INFO - [2024-12-18T16:02:21.802+0000] {dag.py:4180} INFO - Setting next_dagrun for read_dataset_event to 2024-12-17 00:00:00+00:00, run_after=2024-12-18 00:00:00+00:00
[2024-12-18T16:02:21.807+0000] {logging_mixin.py:190} INFO - [2024-12-18T16:02:21.807+0000] {dag.py:4180} INFO - Setting next_dagrun for read_dataset_event_from_classic to 2024-12-17 00:00:00+00:00, run_after=2024-12-18 00:00:00+00:00
[2024-12-18T16:02:21.861+0000] {processor.py:208} INFO - Processing /home/ubuntu/demo8/lib/python3.12/site-packages/airflow/example_dags/example_inlet_event_extra.py took 0.124 seconds
[2024-12-18T16:03:16.922+0000] {processor.py:186} INFO - Started process (PID=5282) to work on /home/ubuntu/demo8/lib/python3.12/site-packages/airflow/example_dags/example_inlet_event_extra.py
[2024-12-18T16:03:16.923+0000] {processor.py:914} INFO - Processing file /home/ubuntu/demo8/lib/python3.12/site-packages/airflow/example_dags/example_inlet_event_extra.py for tasks to queue
[2024-12-18T16:03:16.925+0000] {logging_mixin.py:190} INFO - [2024-12-18T16:03:16.925+0000] {dagbag.py:588} INFO - Filling up the DagBag from /home/ubuntu/demo8/lib/python3.12/site-packages/airflow/example_dags/example_inlet_event_extra.py
[2024-12-18T16:03:16.939+0000] {processor.py:925} INFO - DAG(s) 'read_dataset_event', 'read_dataset_event_from_classic' retrieved from /home/ubuntu/demo8/lib/python3.12/site-packages/airflow/example_dags/example_inlet_event_extra.py
[2024-12-18T16:03:16.957+0000] {logging_mixin.py:190} INFO - [2024-12-18T16:03:16.957+0000] {dag.py:3239} INFO - Sync 2 DAGs
[2024-12-18T16:03:16.981+0000] {logging_mixin.py:190} INFO - [2024-12-18T16:03:16.981+0000] {dag.py:4180} INFO - Setting next_dagrun for read_dataset_event to 2024-12-17 00:00:00+00:00, run_after=2024-12-18 00:00:00+00:00
[2024-12-18T16:03:16.986+0000] {logging_mixin.py:190} INFO - [2024-12-18T16:03:16.986+0000] {dag.py:4180} INFO - Setting next_dagrun for read_dataset_event_from_classic to 2024-12-17 00:00:00+00:00, run_after=2024-12-18 00:00:00+00:00
[2024-12-18T16:03:17.006+0000] {processor.py:208} INFO - Processing /home/ubuntu/demo8/lib/python3.12/site-packages/airflow/example_dags/example_inlet_event_extra.py took 0.091 seconds
[2024-12-18T20:29:56.307+0000] {processor.py:186} INFO - Started process (PID=2762) to work on /home/ubuntu/demo8/lib/python3.12/site-packages/airflow/example_dags/example_inlet_event_extra.py
[2024-12-18T20:29:56.309+0000] {processor.py:914} INFO - Processing file /home/ubuntu/demo8/lib/python3.12/site-packages/airflow/example_dags/example_inlet_event_extra.py for tasks to queue
[2024-12-18T20:29:56.312+0000] {logging_mixin.py:190} INFO - [2024-12-18T20:29:56.311+0000] {dagbag.py:588} INFO - Filling up the DagBag from /home/ubuntu/demo8/lib/python3.12/site-packages/airflow/example_dags/example_inlet_event_extra.py
[2024-12-18T20:29:56.327+0000] {processor.py:925} INFO - DAG(s) 'read_dataset_event', 'read_dataset_event_from_classic' retrieved from /home/ubuntu/demo8/lib/python3.12/site-packages/airflow/example_dags/example_inlet_event_extra.py
[2024-12-18T20:29:56.346+0000] {logging_mixin.py:190} INFO - [2024-12-18T20:29:56.345+0000] {dag.py:3239} INFO - Sync 2 DAGs
[2024-12-18T20:29:56.369+0000] {logging_mixin.py:190} INFO - [2024-12-18T20:29:56.369+0000] {dag.py:4180} INFO - Setting next_dagrun for read_dataset_event to 2024-12-17 00:00:00+00:00, run_after=2024-12-18 00:00:00+00:00
[2024-12-18T20:29:56.374+0000] {logging_mixin.py:190} INFO - [2024-12-18T20:29:56.374+0000] {dag.py:4180} INFO - Setting next_dagrun for read_dataset_event_from_classic to 2024-12-17 00:00:00+00:00, run_after=2024-12-18 00:00:00+00:00
[2024-12-18T20:29:56.395+0000] {processor.py:208} INFO - Processing /home/ubuntu/demo8/lib/python3.12/site-packages/airflow/example_dags/example_inlet_event_extra.py took 0.094 seconds
[2024-12-18T20:30:54.440+0000] {processor.py:186} INFO - Started process (PID=2945) to work on /home/ubuntu/demo8/lib/python3.12/site-packages/airflow/example_dags/example_inlet_event_extra.py
[2024-12-18T20:30:54.442+0000] {processor.py:914} INFO - Processing file /home/ubuntu/demo8/lib/python3.12/site-packages/airflow/example_dags/example_inlet_event_extra.py for tasks to queue
[2024-12-18T20:30:54.445+0000] {logging_mixin.py:190} INFO - [2024-12-18T20:30:54.444+0000] {dagbag.py:588} INFO - Filling up the DagBag from /home/ubuntu/demo8/lib/python3.12/site-packages/airflow/example_dags/example_inlet_event_extra.py
[2024-12-18T20:30:54.459+0000] {processor.py:925} INFO - DAG(s) 'read_dataset_event', 'read_dataset_event_from_classic' retrieved from /home/ubuntu/demo8/lib/python3.12/site-packages/airflow/example_dags/example_inlet_event_extra.py
[2024-12-18T20:30:54.477+0000] {logging_mixin.py:190} INFO - [2024-12-18T20:30:54.477+0000] {dag.py:3239} INFO - Sync 2 DAGs
[2024-12-18T20:30:54.501+0000] {logging_mixin.py:190} INFO - [2024-12-18T20:30:54.501+0000] {dag.py:4180} INFO - Setting next_dagrun for read_dataset_event to 2024-12-17 00:00:00+00:00, run_after=2024-12-18 00:00:00+00:00
[2024-12-18T20:30:54.506+0000] {logging_mixin.py:190} INFO - [2024-12-18T20:30:54.506+0000] {dag.py:4180} INFO - Setting next_dagrun for read_dataset_event_from_classic to 2024-12-17 00:00:00+00:00, run_after=2024-12-18 00:00:00+00:00
[2024-12-18T20:30:54.528+0000] {processor.py:208} INFO - Processing /home/ubuntu/demo8/lib/python3.12/site-packages/airflow/example_dags/example_inlet_event_extra.py took 0.094 seconds
[2024-12-18T20:31:49.949+0000] {processor.py:186} INFO - Started process (PID=3173) to work on /home/ubuntu/demo8/lib/python3.12/site-packages/airflow/example_dags/example_inlet_event_extra.py
[2024-12-18T20:31:49.950+0000] {processor.py:914} INFO - Processing file /home/ubuntu/demo8/lib/python3.12/site-packages/airflow/example_dags/example_inlet_event_extra.py for tasks to queue
[2024-12-18T20:31:49.953+0000] {logging_mixin.py:190} INFO - [2024-12-18T20:31:49.952+0000] {dagbag.py:588} INFO - Filling up the DagBag from /home/ubuntu/demo8/lib/python3.12/site-packages/airflow/example_dags/example_inlet_event_extra.py
[2024-12-18T20:31:49.967+0000] {processor.py:925} INFO - DAG(s) 'read_dataset_event_from_classic', 'read_dataset_event' retrieved from /home/ubuntu/demo8/lib/python3.12/site-packages/airflow/example_dags/example_inlet_event_extra.py
[2024-12-18T20:31:49.985+0000] {logging_mixin.py:190} INFO - [2024-12-18T20:31:49.985+0000] {dag.py:3239} INFO - Sync 2 DAGs
[2024-12-18T20:31:50.020+0000] {logging_mixin.py:190} INFO - [2024-12-18T20:31:50.020+0000] {dag.py:4180} INFO - Setting next_dagrun for read_dataset_event to 2024-12-17 00:00:00+00:00, run_after=2024-12-18 00:00:00+00:00
[2024-12-18T20:31:50.025+0000] {logging_mixin.py:190} INFO - [2024-12-18T20:31:50.025+0000] {dag.py:4180} INFO - Setting next_dagrun for read_dataset_event_from_classic to 2024-12-17 00:00:00+00:00, run_after=2024-12-18 00:00:00+00:00
[2024-12-18T20:31:50.052+0000] {processor.py:208} INFO - Processing /home/ubuntu/demo8/lib/python3.12/site-packages/airflow/example_dags/example_inlet_event_extra.py took 0.109 seconds
[2024-12-18T20:32:47.034+0000] {processor.py:186} INFO - Started process (PID=3416) to work on /home/ubuntu/demo8/lib/python3.12/site-packages/airflow/example_dags/example_inlet_event_extra.py
[2024-12-18T20:32:47.036+0000] {processor.py:914} INFO - Processing file /home/ubuntu/demo8/lib/python3.12/site-packages/airflow/example_dags/example_inlet_event_extra.py for tasks to queue
[2024-12-18T20:32:47.038+0000] {logging_mixin.py:190} INFO - [2024-12-18T20:32:47.037+0000] {dagbag.py:588} INFO - Filling up the DagBag from /home/ubuntu/demo8/lib/python3.12/site-packages/airflow/example_dags/example_inlet_event_extra.py
[2024-12-18T20:32:47.052+0000] {processor.py:925} INFO - DAG(s) 'read_dataset_event', 'read_dataset_event_from_classic' retrieved from /home/ubuntu/demo8/lib/python3.12/site-packages/airflow/example_dags/example_inlet_event_extra.py
[2024-12-18T20:32:47.070+0000] {logging_mixin.py:190} INFO - [2024-12-18T20:32:47.070+0000] {dag.py:3239} INFO - Sync 2 DAGs
[2024-12-18T20:32:47.094+0000] {logging_mixin.py:190} INFO - [2024-12-18T20:32:47.093+0000] {dag.py:4180} INFO - Setting next_dagrun for read_dataset_event to 2024-12-17 00:00:00+00:00, run_after=2024-12-18 00:00:00+00:00
[2024-12-18T20:32:47.099+0000] {logging_mixin.py:190} INFO - [2024-12-18T20:32:47.098+0000] {dag.py:4180} INFO - Setting next_dagrun for read_dataset_event_from_classic to 2024-12-17 00:00:00+00:00, run_after=2024-12-18 00:00:00+00:00
[2024-12-18T20:32:47.120+0000] {processor.py:208} INFO - Processing /home/ubuntu/demo8/lib/python3.12/site-packages/airflow/example_dags/example_inlet_event_extra.py took 0.092 seconds
[2024-12-18T20:33:41.095+0000] {processor.py:186} INFO - Started process (PID=3533) to work on /home/ubuntu/demo8/lib/python3.12/site-packages/airflow/example_dags/example_inlet_event_extra.py
[2024-12-18T20:33:41.097+0000] {processor.py:914} INFO - Processing file /home/ubuntu/demo8/lib/python3.12/site-packages/airflow/example_dags/example_inlet_event_extra.py for tasks to queue
[2024-12-18T20:33:41.100+0000] {logging_mixin.py:190} INFO - [2024-12-18T20:33:41.099+0000] {dagbag.py:588} INFO - Filling up the DagBag from /home/ubuntu/demo8/lib/python3.12/site-packages/airflow/example_dags/example_inlet_event_extra.py
[2024-12-18T20:33:41.114+0000] {processor.py:925} INFO - DAG(s) 'read_dataset_event_from_classic', 'read_dataset_event' retrieved from /home/ubuntu/demo8/lib/python3.12/site-packages/airflow/example_dags/example_inlet_event_extra.py
[2024-12-18T20:33:41.133+0000] {logging_mixin.py:190} INFO - [2024-12-18T20:33:41.132+0000] {dag.py:3239} INFO - Sync 2 DAGs
[2024-12-18T20:33:41.157+0000] {logging_mixin.py:190} INFO - [2024-12-18T20:33:41.156+0000] {dag.py:4180} INFO - Setting next_dagrun for read_dataset_event to 2024-12-17 00:00:00+00:00, run_after=2024-12-18 00:00:00+00:00
[2024-12-18T20:33:41.162+0000] {logging_mixin.py:190} INFO - [2024-12-18T20:33:41.161+0000] {dag.py:4180} INFO - Setting next_dagrun for read_dataset_event_from_classic to 2024-12-17 00:00:00+00:00, run_after=2024-12-18 00:00:00+00:00
[2024-12-18T20:33:41.312+0000] {processor.py:208} INFO - Processing /home/ubuntu/demo8/lib/python3.12/site-packages/airflow/example_dags/example_inlet_event_extra.py took 0.223 seconds
[2024-12-18T20:34:50.207+0000] {processor.py:186} INFO - Started process (PID=3719) to work on /home/ubuntu/demo8/lib/python3.12/site-packages/airflow/example_dags/example_inlet_event_extra.py
[2024-12-18T20:34:50.209+0000] {processor.py:914} INFO - Processing file /home/ubuntu/demo8/lib/python3.12/site-packages/airflow/example_dags/example_inlet_event_extra.py for tasks to queue
[2024-12-18T20:34:50.212+0000] {logging_mixin.py:190} INFO - [2024-12-18T20:34:50.212+0000] {dagbag.py:588} INFO - Filling up the DagBag from /home/ubuntu/demo8/lib/python3.12/site-packages/airflow/example_dags/example_inlet_event_extra.py
[2024-12-18T20:34:50.227+0000] {processor.py:925} INFO - DAG(s) 'read_dataset_event', 'read_dataset_event_from_classic' retrieved from /home/ubuntu/demo8/lib/python3.12/site-packages/airflow/example_dags/example_inlet_event_extra.py
[2024-12-18T20:34:50.245+0000] {logging_mixin.py:190} INFO - [2024-12-18T20:34:50.245+0000] {dag.py:3239} INFO - Sync 2 DAGs
[2024-12-18T20:34:50.269+0000] {logging_mixin.py:190} INFO - [2024-12-18T20:34:50.269+0000] {dag.py:4180} INFO - Setting next_dagrun for read_dataset_event to 2024-12-17 00:00:00+00:00, run_after=2024-12-18 00:00:00+00:00
[2024-12-18T20:34:50.274+0000] {logging_mixin.py:190} INFO - [2024-12-18T20:34:50.274+0000] {dag.py:4180} INFO - Setting next_dagrun for read_dataset_event_from_classic to 2024-12-17 00:00:00+00:00, run_after=2024-12-18 00:00:00+00:00
[2024-12-18T20:34:50.294+0000] {processor.py:208} INFO - Processing /home/ubuntu/demo8/lib/python3.12/site-packages/airflow/example_dags/example_inlet_event_extra.py took 0.094 seconds
[2024-12-18T20:35:48.557+0000] {processor.py:186} INFO - Started process (PID=3844) to work on /home/ubuntu/demo8/lib/python3.12/site-packages/airflow/example_dags/example_inlet_event_extra.py
[2024-12-18T20:35:48.559+0000] {processor.py:914} INFO - Processing file /home/ubuntu/demo8/lib/python3.12/site-packages/airflow/example_dags/example_inlet_event_extra.py for tasks to queue
[2024-12-18T20:35:48.561+0000] {logging_mixin.py:190} INFO - [2024-12-18T20:35:48.561+0000] {dagbag.py:588} INFO - Filling up the DagBag from /home/ubuntu/demo8/lib/python3.12/site-packages/airflow/example_dags/example_inlet_event_extra.py
[2024-12-18T20:35:48.576+0000] {processor.py:925} INFO - DAG(s) 'read_dataset_event_from_classic', 'read_dataset_event' retrieved from /home/ubuntu/demo8/lib/python3.12/site-packages/airflow/example_dags/example_inlet_event_extra.py
[2024-12-18T20:35:48.595+0000] {logging_mixin.py:190} INFO - [2024-12-18T20:35:48.594+0000] {dag.py:3239} INFO - Sync 2 DAGs
[2024-12-18T20:35:48.620+0000] {logging_mixin.py:190} INFO - [2024-12-18T20:35:48.620+0000] {dag.py:4180} INFO - Setting next_dagrun for read_dataset_event to 2024-12-17 00:00:00+00:00, run_after=2024-12-18 00:00:00+00:00
[2024-12-18T20:35:48.625+0000] {logging_mixin.py:190} INFO - [2024-12-18T20:35:48.625+0000] {dag.py:4180} INFO - Setting next_dagrun for read_dataset_event_from_classic to 2024-12-17 00:00:00+00:00, run_after=2024-12-18 00:00:00+00:00
[2024-12-18T20:35:48.646+0000] {processor.py:208} INFO - Processing /home/ubuntu/demo8/lib/python3.12/site-packages/airflow/example_dags/example_inlet_event_extra.py took 0.096 seconds
[2024-12-18T20:36:46.541+0000] {processor.py:186} INFO - Started process (PID=3962) to work on /home/ubuntu/demo8/lib/python3.12/site-packages/airflow/example_dags/example_inlet_event_extra.py
[2024-12-18T20:36:46.543+0000] {processor.py:914} INFO - Processing file /home/ubuntu/demo8/lib/python3.12/site-packages/airflow/example_dags/example_inlet_event_extra.py for tasks to queue
[2024-12-18T20:36:46.546+0000] {logging_mixin.py:190} INFO - [2024-12-18T20:36:46.545+0000] {dagbag.py:588} INFO - Filling up the DagBag from /home/ubuntu/demo8/lib/python3.12/site-packages/airflow/example_dags/example_inlet_event_extra.py
[2024-12-18T20:36:46.560+0000] {processor.py:925} INFO - DAG(s) 'read_dataset_event', 'read_dataset_event_from_classic' retrieved from /home/ubuntu/demo8/lib/python3.12/site-packages/airflow/example_dags/example_inlet_event_extra.py
[2024-12-18T20:36:46.579+0000] {logging_mixin.py:190} INFO - [2024-12-18T20:36:46.579+0000] {dag.py:3239} INFO - Sync 2 DAGs
[2024-12-18T20:36:46.605+0000] {logging_mixin.py:190} INFO - [2024-12-18T20:36:46.604+0000] {dag.py:4180} INFO - Setting next_dagrun for read_dataset_event to 2024-12-17 00:00:00+00:00, run_after=2024-12-18 00:00:00+00:00
[2024-12-18T20:36:46.610+0000] {logging_mixin.py:190} INFO - [2024-12-18T20:36:46.610+0000] {dag.py:4180} INFO - Setting next_dagrun for read_dataset_event_from_classic to 2024-12-17 00:00:00+00:00, run_after=2024-12-18 00:00:00+00:00
[2024-12-18T20:36:46.631+0000] {processor.py:208} INFO - Processing /home/ubuntu/demo8/lib/python3.12/site-packages/airflow/example_dags/example_inlet_event_extra.py took 0.096 seconds
[2024-12-18T20:37:41.982+0000] {processor.py:186} INFO - Started process (PID=4081) to work on /home/ubuntu/demo8/lib/python3.12/site-packages/airflow/example_dags/example_inlet_event_extra.py
[2024-12-18T20:37:41.984+0000] {processor.py:914} INFO - Processing file /home/ubuntu/demo8/lib/python3.12/site-packages/airflow/example_dags/example_inlet_event_extra.py for tasks to queue
[2024-12-18T20:37:41.986+0000] {logging_mixin.py:190} INFO - [2024-12-18T20:37:41.986+0000] {dagbag.py:588} INFO - Filling up the DagBag from /home/ubuntu/demo8/lib/python3.12/site-packages/airflow/example_dags/example_inlet_event_extra.py
[2024-12-18T20:37:42.001+0000] {processor.py:925} INFO - DAG(s) 'read_dataset_event', 'read_dataset_event_from_classic' retrieved from /home/ubuntu/demo8/lib/python3.12/site-packages/airflow/example_dags/example_inlet_event_extra.py
[2024-12-18T20:37:42.020+0000] {logging_mixin.py:190} INFO - [2024-12-18T20:37:42.020+0000] {dag.py:3239} INFO - Sync 2 DAGs
[2024-12-18T20:37:42.044+0000] {logging_mixin.py:190} INFO - [2024-12-18T20:37:42.044+0000] {dag.py:4180} INFO - Setting next_dagrun for read_dataset_event to 2024-12-17 00:00:00+00:00, run_after=2024-12-18 00:00:00+00:00
[2024-12-18T20:37:42.049+0000] {logging_mixin.py:190} INFO - [2024-12-18T20:37:42.049+0000] {dag.py:4180} INFO - Setting next_dagrun for read_dataset_event_from_classic to 2024-12-17 00:00:00+00:00, run_after=2024-12-18 00:00:00+00:00
[2024-12-18T20:37:42.069+0000] {processor.py:208} INFO - Processing /home/ubuntu/demo8/lib/python3.12/site-packages/airflow/example_dags/example_inlet_event_extra.py took 0.093 seconds
[2024-12-18T20:38:36.855+0000] {processor.py:186} INFO - Started process (PID=4197) to work on /home/ubuntu/demo8/lib/python3.12/site-packages/airflow/example_dags/example_inlet_event_extra.py
[2024-12-18T20:38:36.856+0000] {processor.py:914} INFO - Processing file /home/ubuntu/demo8/lib/python3.12/site-packages/airflow/example_dags/example_inlet_event_extra.py for tasks to queue
[2024-12-18T20:38:36.859+0000] {logging_mixin.py:190} INFO - [2024-12-18T20:38:36.859+0000] {dagbag.py:588} INFO - Filling up the DagBag from /home/ubuntu/demo8/lib/python3.12/site-packages/airflow/example_dags/example_inlet_event_extra.py
[2024-12-18T20:38:36.874+0000] {processor.py:925} INFO - DAG(s) 'read_dataset_event', 'read_dataset_event_from_classic' retrieved from /home/ubuntu/demo8/lib/python3.12/site-packages/airflow/example_dags/example_inlet_event_extra.py
[2024-12-18T20:38:36.892+0000] {logging_mixin.py:190} INFO - [2024-12-18T20:38:36.892+0000] {dag.py:3239} INFO - Sync 2 DAGs
[2024-12-18T20:38:36.917+0000] {logging_mixin.py:190} INFO - [2024-12-18T20:38:36.917+0000] {dag.py:4180} INFO - Setting next_dagrun for read_dataset_event to 2024-12-17 00:00:00+00:00, run_after=2024-12-18 00:00:00+00:00
[2024-12-18T20:38:36.922+0000] {logging_mixin.py:190} INFO - [2024-12-18T20:38:36.922+0000] {dag.py:4180} INFO - Setting next_dagrun for read_dataset_event_from_classic to 2024-12-17 00:00:00+00:00, run_after=2024-12-18 00:00:00+00:00
[2024-12-18T20:38:36.944+0000] {processor.py:208} INFO - Processing /home/ubuntu/demo8/lib/python3.12/site-packages/airflow/example_dags/example_inlet_event_extra.py took 0.095 seconds
[2024-12-18T20:39:32.680+0000] {processor.py:186} INFO - Started process (PID=4375) to work on /home/ubuntu/demo8/lib/python3.12/site-packages/airflow/example_dags/example_inlet_event_extra.py
[2024-12-18T20:39:32.682+0000] {processor.py:914} INFO - Processing file /home/ubuntu/demo8/lib/python3.12/site-packages/airflow/example_dags/example_inlet_event_extra.py for tasks to queue
[2024-12-18T20:39:32.685+0000] {logging_mixin.py:190} INFO - [2024-12-18T20:39:32.684+0000] {dagbag.py:588} INFO - Filling up the DagBag from /home/ubuntu/demo8/lib/python3.12/site-packages/airflow/example_dags/example_inlet_event_extra.py
[2024-12-18T20:39:32.699+0000] {processor.py:925} INFO - DAG(s) 'read_dataset_event_from_classic', 'read_dataset_event' retrieved from /home/ubuntu/demo8/lib/python3.12/site-packages/airflow/example_dags/example_inlet_event_extra.py
[2024-12-18T20:39:32.717+0000] {logging_mixin.py:190} INFO - [2024-12-18T20:39:32.717+0000] {dag.py:3239} INFO - Sync 2 DAGs
[2024-12-18T20:39:32.742+0000] {logging_mixin.py:190} INFO - [2024-12-18T20:39:32.742+0000] {dag.py:4180} INFO - Setting next_dagrun for read_dataset_event to 2024-12-17 00:00:00+00:00, run_after=2024-12-18 00:00:00+00:00
[2024-12-18T20:39:32.747+0000] {logging_mixin.py:190} INFO - [2024-12-18T20:39:32.747+0000] {dag.py:4180} INFO - Setting next_dagrun for read_dataset_event_from_classic to 2024-12-17 00:00:00+00:00, run_after=2024-12-18 00:00:00+00:00
[2024-12-18T20:39:32.768+0000] {processor.py:208} INFO - Processing /home/ubuntu/demo8/lib/python3.12/site-packages/airflow/example_dags/example_inlet_event_extra.py took 0.094 seconds
[2024-12-18T20:40:30.358+0000] {processor.py:186} INFO - Started process (PID=4511) to work on /home/ubuntu/demo8/lib/python3.12/site-packages/airflow/example_dags/example_inlet_event_extra.py
[2024-12-18T20:40:30.360+0000] {processor.py:914} INFO - Processing file /home/ubuntu/demo8/lib/python3.12/site-packages/airflow/example_dags/example_inlet_event_extra.py for tasks to queue
[2024-12-18T20:40:30.362+0000] {logging_mixin.py:190} INFO - [2024-12-18T20:40:30.362+0000] {dagbag.py:588} INFO - Filling up the DagBag from /home/ubuntu/demo8/lib/python3.12/site-packages/airflow/example_dags/example_inlet_event_extra.py
[2024-12-18T20:40:30.377+0000] {processor.py:925} INFO - DAG(s) 'read_dataset_event_from_classic', 'read_dataset_event' retrieved from /home/ubuntu/demo8/lib/python3.12/site-packages/airflow/example_dags/example_inlet_event_extra.py
[2024-12-18T20:40:30.395+0000] {logging_mixin.py:190} INFO - [2024-12-18T20:40:30.395+0000] {dag.py:3239} INFO - Sync 2 DAGs
[2024-12-18T20:40:30.419+0000] {logging_mixin.py:190} INFO - [2024-12-18T20:40:30.419+0000] {dag.py:4180} INFO - Setting next_dagrun for read_dataset_event to 2024-12-17 00:00:00+00:00, run_after=2024-12-18 00:00:00+00:00
[2024-12-18T20:40:30.424+0000] {logging_mixin.py:190} INFO - [2024-12-18T20:40:30.424+0000] {dag.py:4180} INFO - Setting next_dagrun for read_dataset_event_from_classic to 2024-12-17 00:00:00+00:00, run_after=2024-12-18 00:00:00+00:00
[2024-12-18T20:40:30.447+0000] {processor.py:208} INFO - Processing /home/ubuntu/demo8/lib/python3.12/site-packages/airflow/example_dags/example_inlet_event_extra.py took 0.095 seconds
[2024-12-18T20:41:23.697+0000] {processor.py:186} INFO - Started process (PID=4630) to work on /home/ubuntu/demo8/lib/python3.12/site-packages/airflow/example_dags/example_inlet_event_extra.py
[2024-12-18T20:41:23.699+0000] {processor.py:914} INFO - Processing file /home/ubuntu/demo8/lib/python3.12/site-packages/airflow/example_dags/example_inlet_event_extra.py for tasks to queue
[2024-12-18T20:41:23.701+0000] {logging_mixin.py:190} INFO - [2024-12-18T20:41:23.701+0000] {dagbag.py:588} INFO - Filling up the DagBag from /home/ubuntu/demo8/lib/python3.12/site-packages/airflow/example_dags/example_inlet_event_extra.py
[2024-12-18T20:41:23.717+0000] {processor.py:925} INFO - DAG(s) 'read_dataset_event_from_classic', 'read_dataset_event' retrieved from /home/ubuntu/demo8/lib/python3.12/site-packages/airflow/example_dags/example_inlet_event_extra.py
[2024-12-18T20:41:23.736+0000] {logging_mixin.py:190} INFO - [2024-12-18T20:41:23.736+0000] {dag.py:3239} INFO - Sync 2 DAGs
[2024-12-18T20:41:23.761+0000] {logging_mixin.py:190} INFO - [2024-12-18T20:41:23.761+0000] {dag.py:4180} INFO - Setting next_dagrun for read_dataset_event to 2024-12-17 00:00:00+00:00, run_after=2024-12-18 00:00:00+00:00
[2024-12-18T20:41:23.766+0000] {logging_mixin.py:190} INFO - [2024-12-18T20:41:23.766+0000] {dag.py:4180} INFO - Setting next_dagrun for read_dataset_event_from_classic to 2024-12-17 00:00:00+00:00, run_after=2024-12-18 00:00:00+00:00
[2024-12-18T20:41:23.787+0000] {processor.py:208} INFO - Processing /home/ubuntu/demo8/lib/python3.12/site-packages/airflow/example_dags/example_inlet_event_extra.py took 0.096 seconds
[2024-12-18T20:42:19.385+0000] {processor.py:186} INFO - Started process (PID=4747) to work on /home/ubuntu/demo8/lib/python3.12/site-packages/airflow/example_dags/example_inlet_event_extra.py
[2024-12-18T20:42:19.386+0000] {processor.py:914} INFO - Processing file /home/ubuntu/demo8/lib/python3.12/site-packages/airflow/example_dags/example_inlet_event_extra.py for tasks to queue
[2024-12-18T20:42:19.389+0000] {logging_mixin.py:190} INFO - [2024-12-18T20:42:19.388+0000] {dagbag.py:588} INFO - Filling up the DagBag from /home/ubuntu/demo8/lib/python3.12/site-packages/airflow/example_dags/example_inlet_event_extra.py
[2024-12-18T20:42:19.403+0000] {processor.py:925} INFO - DAG(s) 'read_dataset_event', 'read_dataset_event_from_classic' retrieved from /home/ubuntu/demo8/lib/python3.12/site-packages/airflow/example_dags/example_inlet_event_extra.py
[2024-12-18T20:42:19.422+0000] {logging_mixin.py:190} INFO - [2024-12-18T20:42:19.422+0000] {dag.py:3239} INFO - Sync 2 DAGs
[2024-12-18T20:42:19.446+0000] {logging_mixin.py:190} INFO - [2024-12-18T20:42:19.445+0000] {dag.py:4180} INFO - Setting next_dagrun for read_dataset_event to 2024-12-17 00:00:00+00:00, run_after=2024-12-18 00:00:00+00:00
[2024-12-18T20:42:19.451+0000] {logging_mixin.py:190} INFO - [2024-12-18T20:42:19.450+0000] {dag.py:4180} INFO - Setting next_dagrun for read_dataset_event_from_classic to 2024-12-17 00:00:00+00:00, run_after=2024-12-18 00:00:00+00:00
[2024-12-18T20:42:19.471+0000] {processor.py:208} INFO - Processing /home/ubuntu/demo8/lib/python3.12/site-packages/airflow/example_dags/example_inlet_event_extra.py took 0.094 seconds
[2024-12-18T20:43:14.359+0000] {processor.py:186} INFO - Started process (PID=4803) to work on /home/ubuntu/demo8/lib/python3.12/site-packages/airflow/example_dags/example_inlet_event_extra.py
[2024-12-18T20:43:14.360+0000] {processor.py:914} INFO - Processing file /home/ubuntu/demo8/lib/python3.12/site-packages/airflow/example_dags/example_inlet_event_extra.py for tasks to queue
[2024-12-18T20:43:14.363+0000] {logging_mixin.py:190} INFO - [2024-12-18T20:43:14.363+0000] {dagbag.py:588} INFO - Filling up the DagBag from /home/ubuntu/demo8/lib/python3.12/site-packages/airflow/example_dags/example_inlet_event_extra.py
[2024-12-18T20:43:14.378+0000] {processor.py:925} INFO - DAG(s) 'read_dataset_event', 'read_dataset_event_from_classic' retrieved from /home/ubuntu/demo8/lib/python3.12/site-packages/airflow/example_dags/example_inlet_event_extra.py
[2024-12-18T20:43:14.397+0000] {logging_mixin.py:190} INFO - [2024-12-18T20:43:14.396+0000] {dag.py:3239} INFO - Sync 2 DAGs
[2024-12-18T20:43:14.420+0000] {logging_mixin.py:190} INFO - [2024-12-18T20:43:14.420+0000] {dag.py:4180} INFO - Setting next_dagrun for read_dataset_event to 2024-12-17 00:00:00+00:00, run_after=2024-12-18 00:00:00+00:00
[2024-12-18T20:43:14.426+0000] {logging_mixin.py:190} INFO - [2024-12-18T20:43:14.426+0000] {dag.py:4180} INFO - Setting next_dagrun for read_dataset_event_from_classic to 2024-12-17 00:00:00+00:00, run_after=2024-12-18 00:00:00+00:00
[2024-12-18T20:43:14.454+0000] {processor.py:208} INFO - Processing /home/ubuntu/demo8/lib/python3.12/site-packages/airflow/example_dags/example_inlet_event_extra.py took 0.101 seconds
[2024-12-18T20:44:08.099+0000] {processor.py:186} INFO - Started process (PID=4918) to work on /home/ubuntu/demo8/lib/python3.12/site-packages/airflow/example_dags/example_inlet_event_extra.py
[2024-12-18T20:44:08.101+0000] {processor.py:914} INFO - Processing file /home/ubuntu/demo8/lib/python3.12/site-packages/airflow/example_dags/example_inlet_event_extra.py for tasks to queue
[2024-12-18T20:44:08.103+0000] {logging_mixin.py:190} INFO - [2024-12-18T20:44:08.103+0000] {dagbag.py:588} INFO - Filling up the DagBag from /home/ubuntu/demo8/lib/python3.12/site-packages/airflow/example_dags/example_inlet_event_extra.py
[2024-12-18T20:44:08.118+0000] {processor.py:925} INFO - DAG(s) 'read_dataset_event', 'read_dataset_event_from_classic' retrieved from /home/ubuntu/demo8/lib/python3.12/site-packages/airflow/example_dags/example_inlet_event_extra.py
[2024-12-18T20:44:08.136+0000] {logging_mixin.py:190} INFO - [2024-12-18T20:44:08.136+0000] {dag.py:3239} INFO - Sync 2 DAGs
[2024-12-18T20:44:08.160+0000] {logging_mixin.py:190} INFO - [2024-12-18T20:44:08.160+0000] {dag.py:4180} INFO - Setting next_dagrun for read_dataset_event to 2024-12-17 00:00:00+00:00, run_after=2024-12-18 00:00:00+00:00
[2024-12-18T20:44:08.165+0000] {logging_mixin.py:190} INFO - [2024-12-18T20:44:08.165+0000] {dag.py:4180} INFO - Setting next_dagrun for read_dataset_event_from_classic to 2024-12-17 00:00:00+00:00, run_after=2024-12-18 00:00:00+00:00
[2024-12-18T20:44:08.186+0000] {processor.py:208} INFO - Processing /home/ubuntu/demo8/lib/python3.12/site-packages/airflow/example_dags/example_inlet_event_extra.py took 0.094 seconds
[2024-12-18T20:45:01.249+0000] {processor.py:186} INFO - Started process (PID=5099) to work on /home/ubuntu/demo8/lib/python3.12/site-packages/airflow/example_dags/example_inlet_event_extra.py
[2024-12-18T20:45:01.251+0000] {processor.py:914} INFO - Processing file /home/ubuntu/demo8/lib/python3.12/site-packages/airflow/example_dags/example_inlet_event_extra.py for tasks to queue
[2024-12-18T20:45:01.253+0000] {logging_mixin.py:190} INFO - [2024-12-18T20:45:01.253+0000] {dagbag.py:588} INFO - Filling up the DagBag from /home/ubuntu/demo8/lib/python3.12/site-packages/airflow/example_dags/example_inlet_event_extra.py
[2024-12-18T20:45:01.268+0000] {processor.py:925} INFO - DAG(s) 'read_dataset_event_from_classic', 'read_dataset_event' retrieved from /home/ubuntu/demo8/lib/python3.12/site-packages/airflow/example_dags/example_inlet_event_extra.py
[2024-12-18T20:45:01.286+0000] {logging_mixin.py:190} INFO - [2024-12-18T20:45:01.286+0000] {dag.py:3239} INFO - Sync 2 DAGs
[2024-12-18T20:45:01.311+0000] {logging_mixin.py:190} INFO - [2024-12-18T20:45:01.311+0000] {dag.py:4180} INFO - Setting next_dagrun for read_dataset_event to 2024-12-17 00:00:00+00:00, run_after=2024-12-18 00:00:00+00:00
[2024-12-18T20:45:01.316+0000] {logging_mixin.py:190} INFO - [2024-12-18T20:45:01.316+0000] {dag.py:4180} INFO - Setting next_dagrun for read_dataset_event_from_classic to 2024-12-17 00:00:00+00:00, run_after=2024-12-18 00:00:00+00:00
[2024-12-18T20:45:01.338+0000] {processor.py:208} INFO - Processing /home/ubuntu/demo8/lib/python3.12/site-packages/airflow/example_dags/example_inlet_event_extra.py took 0.095 seconds
[2024-12-18T20:47:35.075+0000] {processor.py:186} INFO - Started process (PID=5843) to work on /home/ubuntu/demo8/lib/python3.12/site-packages/airflow/example_dags/example_inlet_event_extra.py
[2024-12-18T20:47:35.077+0000] {processor.py:914} INFO - Processing file /home/ubuntu/demo8/lib/python3.12/site-packages/airflow/example_dags/example_inlet_event_extra.py for tasks to queue
[2024-12-18T20:47:35.080+0000] {logging_mixin.py:190} INFO - [2024-12-18T20:47:35.079+0000] {dagbag.py:588} INFO - Filling up the DagBag from /home/ubuntu/demo8/lib/python3.12/site-packages/airflow/example_dags/example_inlet_event_extra.py
[2024-12-18T20:47:35.094+0000] {processor.py:925} INFO - DAG(s) 'read_dataset_event_from_classic', 'read_dataset_event' retrieved from /home/ubuntu/demo8/lib/python3.12/site-packages/airflow/example_dags/example_inlet_event_extra.py
[2024-12-18T20:47:35.112+0000] {logging_mixin.py:190} INFO - [2024-12-18T20:47:35.112+0000] {dag.py:3239} INFO - Sync 2 DAGs
[2024-12-18T20:47:35.136+0000] {logging_mixin.py:190} INFO - [2024-12-18T20:47:35.136+0000] {dag.py:4180} INFO - Setting next_dagrun for read_dataset_event to 2024-12-17 00:00:00+00:00, run_after=2024-12-18 00:00:00+00:00
[2024-12-18T20:47:35.141+0000] {logging_mixin.py:190} INFO - [2024-12-18T20:47:35.141+0000] {dag.py:4180} INFO - Setting next_dagrun for read_dataset_event_from_classic to 2024-12-17 00:00:00+00:00, run_after=2024-12-18 00:00:00+00:00
[2024-12-18T20:47:35.163+0000] {processor.py:208} INFO - Processing /home/ubuntu/demo8/lib/python3.12/site-packages/airflow/example_dags/example_inlet_event_extra.py took 0.093 seconds
[2024-12-18T20:48:33.648+0000] {processor.py:186} INFO - Started process (PID=6146) to work on /home/ubuntu/demo8/lib/python3.12/site-packages/airflow/example_dags/example_inlet_event_extra.py
[2024-12-18T20:48:33.649+0000] {processor.py:914} INFO - Processing file /home/ubuntu/demo8/lib/python3.12/site-packages/airflow/example_dags/example_inlet_event_extra.py for tasks to queue
[2024-12-18T20:48:33.652+0000] {logging_mixin.py:190} INFO - [2024-12-18T20:48:33.652+0000] {dagbag.py:588} INFO - Filling up the DagBag from /home/ubuntu/demo8/lib/python3.12/site-packages/airflow/example_dags/example_inlet_event_extra.py
[2024-12-18T20:48:33.677+0000] {processor.py:925} INFO - DAG(s) 'read_dataset_event_from_classic', 'read_dataset_event' retrieved from /home/ubuntu/demo8/lib/python3.12/site-packages/airflow/example_dags/example_inlet_event_extra.py
[2024-12-18T20:48:33.717+0000] {logging_mixin.py:190} INFO - [2024-12-18T20:48:33.716+0000] {dag.py:3239} INFO - Sync 2 DAGs
[2024-12-18T20:48:33.771+0000] {logging_mixin.py:190} INFO - [2024-12-18T20:48:33.770+0000] {dag.py:4180} INFO - Setting next_dagrun for read_dataset_event to 2024-12-17 00:00:00+00:00, run_after=2024-12-18 00:00:00+00:00
[2024-12-18T20:48:33.781+0000] {logging_mixin.py:190} INFO - [2024-12-18T20:48:33.781+0000] {dag.py:4180} INFO - Setting next_dagrun for read_dataset_event_from_classic to 2024-12-17 00:00:00+00:00, run_after=2024-12-18 00:00:00+00:00
[2024-12-18T20:48:33.822+0000] {processor.py:208} INFO - Processing /home/ubuntu/demo8/lib/python3.12/site-packages/airflow/example_dags/example_inlet_event_extra.py took 0.180 seconds
[2024-12-18T20:49:30.465+0000] {processor.py:186} INFO - Started process (PID=6444) to work on /home/ubuntu/demo8/lib/python3.12/site-packages/airflow/example_dags/example_inlet_event_extra.py
[2024-12-18T20:49:30.467+0000] {processor.py:914} INFO - Processing file /home/ubuntu/demo8/lib/python3.12/site-packages/airflow/example_dags/example_inlet_event_extra.py for tasks to queue
[2024-12-18T20:49:30.470+0000] {logging_mixin.py:190} INFO - [2024-12-18T20:49:30.469+0000] {dagbag.py:588} INFO - Filling up the DagBag from /home/ubuntu/demo8/lib/python3.12/site-packages/airflow/example_dags/example_inlet_event_extra.py
[2024-12-18T20:49:30.484+0000] {processor.py:925} INFO - DAG(s) 'read_dataset_event', 'read_dataset_event_from_classic' retrieved from /home/ubuntu/demo8/lib/python3.12/site-packages/airflow/example_dags/example_inlet_event_extra.py
[2024-12-18T20:49:30.503+0000] {logging_mixin.py:190} INFO - [2024-12-18T20:49:30.503+0000] {dag.py:3239} INFO - Sync 2 DAGs
[2024-12-18T20:49:30.528+0000] {logging_mixin.py:190} INFO - [2024-12-18T20:49:30.527+0000] {dag.py:4180} INFO - Setting next_dagrun for read_dataset_event to 2024-12-17 00:00:00+00:00, run_after=2024-12-18 00:00:00+00:00
[2024-12-18T20:49:30.533+0000] {logging_mixin.py:190} INFO - [2024-12-18T20:49:30.533+0000] {dag.py:4180} INFO - Setting next_dagrun for read_dataset_event_from_classic to 2024-12-17 00:00:00+00:00, run_after=2024-12-18 00:00:00+00:00
[2024-12-18T20:49:30.555+0000] {processor.py:208} INFO - Processing /home/ubuntu/demo8/lib/python3.12/site-packages/airflow/example_dags/example_inlet_event_extra.py took 0.095 seconds
[2024-12-18T20:50:28.607+0000] {processor.py:186} INFO - Started process (PID=6807) to work on /home/ubuntu/demo8/lib/python3.12/site-packages/airflow/example_dags/example_inlet_event_extra.py
[2024-12-18T20:50:28.608+0000] {processor.py:914} INFO - Processing file /home/ubuntu/demo8/lib/python3.12/site-packages/airflow/example_dags/example_inlet_event_extra.py for tasks to queue
[2024-12-18T20:50:28.611+0000] {logging_mixin.py:190} INFO - [2024-12-18T20:50:28.611+0000] {dagbag.py:588} INFO - Filling up the DagBag from /home/ubuntu/demo8/lib/python3.12/site-packages/airflow/example_dags/example_inlet_event_extra.py
[2024-12-18T20:50:28.627+0000] {processor.py:925} INFO - DAG(s) 'read_dataset_event_from_classic', 'read_dataset_event' retrieved from /home/ubuntu/demo8/lib/python3.12/site-packages/airflow/example_dags/example_inlet_event_extra.py
[2024-12-18T20:50:28.647+0000] {logging_mixin.py:190} INFO - [2024-12-18T20:50:28.647+0000] {dag.py:3239} INFO - Sync 2 DAGs
[2024-12-18T20:50:28.672+0000] {logging_mixin.py:190} INFO - [2024-12-18T20:50:28.671+0000] {dag.py:4180} INFO - Setting next_dagrun for read_dataset_event to 2024-12-17 00:00:00+00:00, run_after=2024-12-18 00:00:00+00:00
[2024-12-18T20:50:28.677+0000] {logging_mixin.py:190} INFO - [2024-12-18T20:50:28.677+0000] {dag.py:4180} INFO - Setting next_dagrun for read_dataset_event_from_classic to 2024-12-17 00:00:00+00:00, run_after=2024-12-18 00:00:00+00:00
[2024-12-18T20:50:28.699+0000] {processor.py:208} INFO - Processing /home/ubuntu/demo8/lib/python3.12/site-packages/airflow/example_dags/example_inlet_event_extra.py took 0.098 seconds
[2024-12-18T20:51:23.935+0000] {processor.py:186} INFO - Started process (PID=6984) to work on /home/ubuntu/demo8/lib/python3.12/site-packages/airflow/example_dags/example_inlet_event_extra.py
[2024-12-18T20:51:23.937+0000] {processor.py:914} INFO - Processing file /home/ubuntu/demo8/lib/python3.12/site-packages/airflow/example_dags/example_inlet_event_extra.py for tasks to queue
[2024-12-18T20:51:23.939+0000] {logging_mixin.py:190} INFO - [2024-12-18T20:51:23.939+0000] {dagbag.py:588} INFO - Filling up the DagBag from /home/ubuntu/demo8/lib/python3.12/site-packages/airflow/example_dags/example_inlet_event_extra.py
[2024-12-18T20:51:23.954+0000] {processor.py:925} INFO - DAG(s) 'read_dataset_event', 'read_dataset_event_from_classic' retrieved from /home/ubuntu/demo8/lib/python3.12/site-packages/airflow/example_dags/example_inlet_event_extra.py
[2024-12-18T20:51:23.973+0000] {logging_mixin.py:190} INFO - [2024-12-18T20:51:23.973+0000] {dag.py:3239} INFO - Sync 2 DAGs
[2024-12-18T20:51:23.997+0000] {logging_mixin.py:190} INFO - [2024-12-18T20:51:23.997+0000] {dag.py:4180} INFO - Setting next_dagrun for read_dataset_event to 2024-12-17 00:00:00+00:00, run_after=2024-12-18 00:00:00+00:00
[2024-12-18T20:51:24.002+0000] {logging_mixin.py:190} INFO - [2024-12-18T20:51:24.002+0000] {dag.py:4180} INFO - Setting next_dagrun for read_dataset_event_from_classic to 2024-12-17 00:00:00+00:00, run_after=2024-12-18 00:00:00+00:00
[2024-12-18T20:51:24.026+0000] {processor.py:208} INFO - Processing /home/ubuntu/demo8/lib/python3.12/site-packages/airflow/example_dags/example_inlet_event_extra.py took 0.097 seconds
