[2024-12-18T15:44:45.380+0000] {processor.py:186} INFO - Started process (PID=3668) to work on /home/ubuntu/demo8/lib/python3.12/site-packages/airflow/example_dags/example_nested_branch_dag.py
[2024-12-18T15:44:45.381+0000] {processor.py:914} INFO - Processing file /home/ubuntu/demo8/lib/python3.12/site-packages/airflow/example_dags/example_nested_branch_dag.py for tasks to queue
[2024-12-18T15:44:45.383+0000] {logging_mixin.py:190} INFO - [2024-12-18T15:44:45.382+0000] {dagbag.py:588} INFO - Filling up the DagBag from /home/ubuntu/demo8/lib/python3.12/site-packages/airflow/example_dags/example_nested_branch_dag.py
[2024-12-18T15:44:45.396+0000] {processor.py:925} INFO - DAG(s) 'example_nested_branch_dag' retrieved from /home/ubuntu/demo8/lib/python3.12/site-packages/airflow/example_dags/example_nested_branch_dag.py
[2024-12-18T15:44:45.518+0000] {logging_mixin.py:190} INFO - [2024-12-18T15:44:45.518+0000] {override.py:1911} INFO - Created Permission View: can read on DAG:example_nested_branch_dag
[2024-12-18T15:44:45.531+0000] {logging_mixin.py:190} INFO - [2024-12-18T15:44:45.530+0000] {override.py:1911} INFO - Created Permission View: can delete on DAG:example_nested_branch_dag
[2024-12-18T15:44:45.539+0000] {logging_mixin.py:190} INFO - [2024-12-18T15:44:45.539+0000] {override.py:1911} INFO - Created Permission View: can edit on DAG:example_nested_branch_dag
[2024-12-18T15:44:45.554+0000] {logging_mixin.py:190} INFO - [2024-12-18T15:44:45.554+0000] {override.py:1911} INFO - Created Permission View: can create on DAG Run:example_nested_branch_dag
[2024-12-18T15:44:45.564+0000] {logging_mixin.py:190} INFO - [2024-12-18T15:44:45.563+0000] {override.py:1911} INFO - Created Permission View: can read on DAG Run:example_nested_branch_dag
[2024-12-18T15:44:45.573+0000] {logging_mixin.py:190} INFO - [2024-12-18T15:44:45.573+0000] {override.py:1911} INFO - Created Permission View: menu access on DAG Run:example_nested_branch_dag
[2024-12-18T15:44:45.582+0000] {logging_mixin.py:190} INFO - [2024-12-18T15:44:45.581+0000] {override.py:1911} INFO - Created Permission View: can delete on DAG Run:example_nested_branch_dag
[2024-12-18T15:44:45.582+0000] {logging_mixin.py:190} INFO - [2024-12-18T15:44:45.582+0000] {dag.py:3239} INFO - Sync 1 DAGs
[2024-12-18T15:44:45.594+0000] {logging_mixin.py:190} INFO - [2024-12-18T15:44:45.594+0000] {dag.py:3262} INFO - Creating ORM DAG for example_nested_branch_dag
[2024-12-18T15:44:45.605+0000] {logging_mixin.py:190} INFO - [2024-12-18T15:44:45.605+0000] {dag.py:4180} INFO - Setting next_dagrun for example_nested_branch_dag to 2024-12-17 00:00:00+00:00, run_after=2024-12-18 00:00:00+00:00
[2024-12-18T15:44:45.625+0000] {processor.py:208} INFO - Processing /home/ubuntu/demo8/lib/python3.12/site-packages/airflow/example_dags/example_nested_branch_dag.py took 0.251 seconds
[2024-12-18T15:45:55.664+0000] {processor.py:186} INFO - Started process (PID=3771) to work on /home/ubuntu/demo8/lib/python3.12/site-packages/airflow/example_dags/example_nested_branch_dag.py
[2024-12-18T15:45:55.666+0000] {processor.py:914} INFO - Processing file /home/ubuntu/demo8/lib/python3.12/site-packages/airflow/example_dags/example_nested_branch_dag.py for tasks to queue
[2024-12-18T15:45:55.668+0000] {logging_mixin.py:190} INFO - [2024-12-18T15:45:55.667+0000] {dagbag.py:588} INFO - Filling up the DagBag from /home/ubuntu/demo8/lib/python3.12/site-packages/airflow/example_dags/example_nested_branch_dag.py
[2024-12-18T15:45:55.681+0000] {processor.py:925} INFO - DAG(s) 'example_nested_branch_dag' retrieved from /home/ubuntu/demo8/lib/python3.12/site-packages/airflow/example_dags/example_nested_branch_dag.py
[2024-12-18T15:45:55.701+0000] {logging_mixin.py:190} INFO - [2024-12-18T15:45:55.701+0000] {dag.py:3239} INFO - Sync 1 DAGs
[2024-12-18T15:45:55.726+0000] {logging_mixin.py:190} INFO - [2024-12-18T15:45:55.726+0000] {dag.py:4180} INFO - Setting next_dagrun for example_nested_branch_dag to 2024-12-17 00:00:00+00:00, run_after=2024-12-18 00:00:00+00:00
[2024-12-18T15:45:55.749+0000] {processor.py:208} INFO - Processing /home/ubuntu/demo8/lib/python3.12/site-packages/airflow/example_dags/example_nested_branch_dag.py took 0.090 seconds
[2024-12-18T15:46:51.495+0000] {processor.py:186} INFO - Started process (PID=4192) to work on /home/ubuntu/demo8/lib/python3.12/site-packages/airflow/example_dags/example_nested_branch_dag.py
[2024-12-18T15:46:51.498+0000] {processor.py:914} INFO - Processing file /home/ubuntu/demo8/lib/python3.12/site-packages/airflow/example_dags/example_nested_branch_dag.py for tasks to queue
[2024-12-18T15:46:51.502+0000] {logging_mixin.py:190} INFO - [2024-12-18T15:46:51.500+0000] {dagbag.py:588} INFO - Filling up the DagBag from /home/ubuntu/demo8/lib/python3.12/site-packages/airflow/example_dags/example_nested_branch_dag.py
[2024-12-18T15:46:51.528+0000] {processor.py:925} INFO - DAG(s) 'example_nested_branch_dag' retrieved from /home/ubuntu/demo8/lib/python3.12/site-packages/airflow/example_dags/example_nested_branch_dag.py
[2024-12-18T15:46:51.567+0000] {logging_mixin.py:190} INFO - [2024-12-18T15:46:51.567+0000] {dag.py:3239} INFO - Sync 1 DAGs
[2024-12-18T15:46:51.608+0000] {logging_mixin.py:190} INFO - [2024-12-18T15:46:51.608+0000] {dag.py:4180} INFO - Setting next_dagrun for example_nested_branch_dag to 2024-12-17 00:00:00+00:00, run_after=2024-12-18 00:00:00+00:00
[2024-12-18T15:46:51.644+0000] {processor.py:208} INFO - Processing /home/ubuntu/demo8/lib/python3.12/site-packages/airflow/example_dags/example_nested_branch_dag.py took 0.160 seconds
[2024-12-18T15:47:49.443+0000] {processor.py:186} INFO - Started process (PID=4296) to work on /home/ubuntu/demo8/lib/python3.12/site-packages/airflow/example_dags/example_nested_branch_dag.py
[2024-12-18T15:47:49.445+0000] {processor.py:914} INFO - Processing file /home/ubuntu/demo8/lib/python3.12/site-packages/airflow/example_dags/example_nested_branch_dag.py for tasks to queue
[2024-12-18T15:47:49.447+0000] {logging_mixin.py:190} INFO - [2024-12-18T15:47:49.447+0000] {dagbag.py:588} INFO - Filling up the DagBag from /home/ubuntu/demo8/lib/python3.12/site-packages/airflow/example_dags/example_nested_branch_dag.py
[2024-12-18T15:47:49.461+0000] {processor.py:925} INFO - DAG(s) 'example_nested_branch_dag' retrieved from /home/ubuntu/demo8/lib/python3.12/site-packages/airflow/example_dags/example_nested_branch_dag.py
[2024-12-18T15:47:49.481+0000] {logging_mixin.py:190} INFO - [2024-12-18T15:47:49.480+0000] {dag.py:3239} INFO - Sync 1 DAGs
[2024-12-18T15:47:49.513+0000] {logging_mixin.py:190} INFO - [2024-12-18T15:47:49.513+0000] {dag.py:4180} INFO - Setting next_dagrun for example_nested_branch_dag to 2024-12-17 00:00:00+00:00, run_after=2024-12-18 00:00:00+00:00
[2024-12-18T15:47:49.539+0000] {processor.py:208} INFO - Processing /home/ubuntu/demo8/lib/python3.12/site-packages/airflow/example_dags/example_nested_branch_dag.py took 0.101 seconds
[2024-12-18T15:48:43.558+0000] {processor.py:186} INFO - Started process (PID=4352) to work on /home/ubuntu/demo8/lib/python3.12/site-packages/airflow/example_dags/example_nested_branch_dag.py
[2024-12-18T15:48:43.559+0000] {processor.py:914} INFO - Processing file /home/ubuntu/demo8/lib/python3.12/site-packages/airflow/example_dags/example_nested_branch_dag.py for tasks to queue
[2024-12-18T15:48:43.561+0000] {logging_mixin.py:190} INFO - [2024-12-18T15:48:43.561+0000] {dagbag.py:588} INFO - Filling up the DagBag from /home/ubuntu/demo8/lib/python3.12/site-packages/airflow/example_dags/example_nested_branch_dag.py
[2024-12-18T15:48:43.575+0000] {processor.py:925} INFO - DAG(s) 'example_nested_branch_dag' retrieved from /home/ubuntu/demo8/lib/python3.12/site-packages/airflow/example_dags/example_nested_branch_dag.py
[2024-12-18T15:48:43.600+0000] {logging_mixin.py:190} INFO - [2024-12-18T15:48:43.598+0000] {dag.py:3239} INFO - Sync 1 DAGs
[2024-12-18T15:48:43.630+0000] {logging_mixin.py:190} INFO - [2024-12-18T15:48:43.630+0000] {dag.py:4180} INFO - Setting next_dagrun for example_nested_branch_dag to 2024-12-17 00:00:00+00:00, run_after=2024-12-18 00:00:00+00:00
[2024-12-18T15:48:43.653+0000] {processor.py:208} INFO - Processing /home/ubuntu/demo8/lib/python3.12/site-packages/airflow/example_dags/example_nested_branch_dag.py took 0.102 seconds
[2024-12-18T15:49:49.639+0000] {processor.py:186} INFO - Started process (PID=4413) to work on /home/ubuntu/demo8/lib/python3.12/site-packages/airflow/example_dags/example_nested_branch_dag.py
[2024-12-18T15:49:49.641+0000] {processor.py:914} INFO - Processing file /home/ubuntu/demo8/lib/python3.12/site-packages/airflow/example_dags/example_nested_branch_dag.py for tasks to queue
[2024-12-18T15:49:49.643+0000] {logging_mixin.py:190} INFO - [2024-12-18T15:49:49.642+0000] {dagbag.py:588} INFO - Filling up the DagBag from /home/ubuntu/demo8/lib/python3.12/site-packages/airflow/example_dags/example_nested_branch_dag.py
[2024-12-18T15:49:49.657+0000] {processor.py:925} INFO - DAG(s) 'example_nested_branch_dag' retrieved from /home/ubuntu/demo8/lib/python3.12/site-packages/airflow/example_dags/example_nested_branch_dag.py
[2024-12-18T15:49:49.678+0000] {logging_mixin.py:190} INFO - [2024-12-18T15:49:49.678+0000] {dag.py:3239} INFO - Sync 1 DAGs
[2024-12-18T15:49:49.703+0000] {logging_mixin.py:190} INFO - [2024-12-18T15:49:49.703+0000] {dag.py:4180} INFO - Setting next_dagrun for example_nested_branch_dag to 2024-12-17 00:00:00+00:00, run_after=2024-12-18 00:00:00+00:00
[2024-12-18T15:49:49.728+0000] {processor.py:208} INFO - Processing /home/ubuntu/demo8/lib/python3.12/site-packages/airflow/example_dags/example_nested_branch_dag.py took 0.096 seconds
[2024-12-18T15:50:46.664+0000] {processor.py:186} INFO - Started process (PID=4480) to work on /home/ubuntu/demo8/lib/python3.12/site-packages/airflow/example_dags/example_nested_branch_dag.py
[2024-12-18T15:50:46.665+0000] {processor.py:914} INFO - Processing file /home/ubuntu/demo8/lib/python3.12/site-packages/airflow/example_dags/example_nested_branch_dag.py for tasks to queue
[2024-12-18T15:50:46.667+0000] {logging_mixin.py:190} INFO - [2024-12-18T15:50:46.667+0000] {dagbag.py:588} INFO - Filling up the DagBag from /home/ubuntu/demo8/lib/python3.12/site-packages/airflow/example_dags/example_nested_branch_dag.py
[2024-12-18T15:50:46.682+0000] {processor.py:925} INFO - DAG(s) 'example_nested_branch_dag' retrieved from /home/ubuntu/demo8/lib/python3.12/site-packages/airflow/example_dags/example_nested_branch_dag.py
[2024-12-18T15:50:46.701+0000] {logging_mixin.py:190} INFO - [2024-12-18T15:50:46.701+0000] {dag.py:3239} INFO - Sync 1 DAGs
[2024-12-18T15:50:46.725+0000] {logging_mixin.py:190} INFO - [2024-12-18T15:50:46.725+0000] {dag.py:4180} INFO - Setting next_dagrun for example_nested_branch_dag to 2024-12-17 00:00:00+00:00, run_after=2024-12-18 00:00:00+00:00
[2024-12-18T15:50:46.748+0000] {processor.py:208} INFO - Processing /home/ubuntu/demo8/lib/python3.12/site-packages/airflow/example_dags/example_nested_branch_dag.py took 0.091 seconds
[2024-12-18T15:51:41.075+0000] {processor.py:186} INFO - Started process (PID=4542) to work on /home/ubuntu/demo8/lib/python3.12/site-packages/airflow/example_dags/example_nested_branch_dag.py
[2024-12-18T15:51:41.077+0000] {processor.py:914} INFO - Processing file /home/ubuntu/demo8/lib/python3.12/site-packages/airflow/example_dags/example_nested_branch_dag.py for tasks to queue
[2024-12-18T15:51:41.079+0000] {logging_mixin.py:190} INFO - [2024-12-18T15:51:41.079+0000] {dagbag.py:588} INFO - Filling up the DagBag from /home/ubuntu/demo8/lib/python3.12/site-packages/airflow/example_dags/example_nested_branch_dag.py
[2024-12-18T15:51:41.093+0000] {processor.py:925} INFO - DAG(s) 'example_nested_branch_dag' retrieved from /home/ubuntu/demo8/lib/python3.12/site-packages/airflow/example_dags/example_nested_branch_dag.py
[2024-12-18T15:51:41.112+0000] {logging_mixin.py:190} INFO - [2024-12-18T15:51:41.112+0000] {dag.py:3239} INFO - Sync 1 DAGs
[2024-12-18T15:51:41.136+0000] {logging_mixin.py:190} INFO - [2024-12-18T15:51:41.135+0000] {dag.py:4180} INFO - Setting next_dagrun for example_nested_branch_dag to 2024-12-17 00:00:00+00:00, run_after=2024-12-18 00:00:00+00:00
[2024-12-18T15:51:41.157+0000] {processor.py:208} INFO - Processing /home/ubuntu/demo8/lib/python3.12/site-packages/airflow/example_dags/example_nested_branch_dag.py took 0.088 seconds
[2024-12-18T15:52:36.267+0000] {processor.py:186} INFO - Started process (PID=4599) to work on /home/ubuntu/demo8/lib/python3.12/site-packages/airflow/example_dags/example_nested_branch_dag.py
[2024-12-18T15:52:36.269+0000] {processor.py:914} INFO - Processing file /home/ubuntu/demo8/lib/python3.12/site-packages/airflow/example_dags/example_nested_branch_dag.py for tasks to queue
[2024-12-18T15:52:36.271+0000] {logging_mixin.py:190} INFO - [2024-12-18T15:52:36.271+0000] {dagbag.py:588} INFO - Filling up the DagBag from /home/ubuntu/demo8/lib/python3.12/site-packages/airflow/example_dags/example_nested_branch_dag.py
[2024-12-18T15:52:36.285+0000] {processor.py:925} INFO - DAG(s) 'example_nested_branch_dag' retrieved from /home/ubuntu/demo8/lib/python3.12/site-packages/airflow/example_dags/example_nested_branch_dag.py
[2024-12-18T15:52:36.304+0000] {logging_mixin.py:190} INFO - [2024-12-18T15:52:36.304+0000] {dag.py:3239} INFO - Sync 1 DAGs
[2024-12-18T15:52:36.329+0000] {logging_mixin.py:190} INFO - [2024-12-18T15:52:36.329+0000] {dag.py:4180} INFO - Setting next_dagrun for example_nested_branch_dag to 2024-12-17 00:00:00+00:00, run_after=2024-12-18 00:00:00+00:00
[2024-12-18T15:52:36.352+0000] {processor.py:208} INFO - Processing /home/ubuntu/demo8/lib/python3.12/site-packages/airflow/example_dags/example_nested_branch_dag.py took 0.090 seconds
[2024-12-18T15:53:30.718+0000] {processor.py:186} INFO - Started process (PID=4655) to work on /home/ubuntu/demo8/lib/python3.12/site-packages/airflow/example_dags/example_nested_branch_dag.py
[2024-12-18T15:53:30.719+0000] {processor.py:914} INFO - Processing file /home/ubuntu/demo8/lib/python3.12/site-packages/airflow/example_dags/example_nested_branch_dag.py for tasks to queue
[2024-12-18T15:53:30.722+0000] {logging_mixin.py:190} INFO - [2024-12-18T15:53:30.721+0000] {dagbag.py:588} INFO - Filling up the DagBag from /home/ubuntu/demo8/lib/python3.12/site-packages/airflow/example_dags/example_nested_branch_dag.py
[2024-12-18T15:53:30.735+0000] {processor.py:925} INFO - DAG(s) 'example_nested_branch_dag' retrieved from /home/ubuntu/demo8/lib/python3.12/site-packages/airflow/example_dags/example_nested_branch_dag.py
[2024-12-18T15:53:30.754+0000] {logging_mixin.py:190} INFO - [2024-12-18T15:53:30.753+0000] {dag.py:3239} INFO - Sync 1 DAGs
[2024-12-18T15:53:30.777+0000] {logging_mixin.py:190} INFO - [2024-12-18T15:53:30.777+0000] {dag.py:4180} INFO - Setting next_dagrun for example_nested_branch_dag to 2024-12-17 00:00:00+00:00, run_after=2024-12-18 00:00:00+00:00
[2024-12-18T15:53:30.798+0000] {processor.py:208} INFO - Processing /home/ubuntu/demo8/lib/python3.12/site-packages/airflow/example_dags/example_nested_branch_dag.py took 0.086 seconds
[2024-12-18T15:54:56.392+0000] {processor.py:186} INFO - Started process (PID=4769) to work on /home/ubuntu/demo8/lib/python3.12/site-packages/airflow/example_dags/example_nested_branch_dag.py
[2024-12-18T15:54:56.394+0000] {processor.py:914} INFO - Processing file /home/ubuntu/demo8/lib/python3.12/site-packages/airflow/example_dags/example_nested_branch_dag.py for tasks to queue
[2024-12-18T15:54:56.396+0000] {logging_mixin.py:190} INFO - [2024-12-18T15:54:56.396+0000] {dagbag.py:588} INFO - Filling up the DagBag from /home/ubuntu/demo8/lib/python3.12/site-packages/airflow/example_dags/example_nested_branch_dag.py
[2024-12-18T15:54:56.409+0000] {processor.py:925} INFO - DAG(s) 'example_nested_branch_dag' retrieved from /home/ubuntu/demo8/lib/python3.12/site-packages/airflow/example_dags/example_nested_branch_dag.py
[2024-12-18T15:54:56.431+0000] {logging_mixin.py:190} INFO - [2024-12-18T15:54:56.430+0000] {dag.py:3239} INFO - Sync 1 DAGs
[2024-12-18T15:54:56.453+0000] {logging_mixin.py:190} INFO - [2024-12-18T15:54:56.452+0000] {dag.py:4180} INFO - Setting next_dagrun for example_nested_branch_dag to 2024-12-17 00:00:00+00:00, run_after=2024-12-18 00:00:00+00:00
[2024-12-18T15:54:56.474+0000] {processor.py:208} INFO - Processing /home/ubuntu/demo8/lib/python3.12/site-packages/airflow/example_dags/example_nested_branch_dag.py took 0.088 seconds
[2024-12-18T15:55:53.297+0000] {processor.py:186} INFO - Started process (PID=4832) to work on /home/ubuntu/demo8/lib/python3.12/site-packages/airflow/example_dags/example_nested_branch_dag.py
[2024-12-18T15:55:53.299+0000] {processor.py:914} INFO - Processing file /home/ubuntu/demo8/lib/python3.12/site-packages/airflow/example_dags/example_nested_branch_dag.py for tasks to queue
[2024-12-18T15:55:53.302+0000] {logging_mixin.py:190} INFO - [2024-12-18T15:55:53.301+0000] {dagbag.py:588} INFO - Filling up the DagBag from /home/ubuntu/demo8/lib/python3.12/site-packages/airflow/example_dags/example_nested_branch_dag.py
[2024-12-18T15:55:53.315+0000] {processor.py:925} INFO - DAG(s) 'example_nested_branch_dag' retrieved from /home/ubuntu/demo8/lib/python3.12/site-packages/airflow/example_dags/example_nested_branch_dag.py
[2024-12-18T15:55:53.334+0000] {logging_mixin.py:190} INFO - [2024-12-18T15:55:53.334+0000] {dag.py:3239} INFO - Sync 1 DAGs
[2024-12-18T15:55:53.357+0000] {logging_mixin.py:190} INFO - [2024-12-18T15:55:53.357+0000] {dag.py:4180} INFO - Setting next_dagrun for example_nested_branch_dag to 2024-12-17 00:00:00+00:00, run_after=2024-12-18 00:00:00+00:00
[2024-12-18T15:55:53.380+0000] {processor.py:208} INFO - Processing /home/ubuntu/demo8/lib/python3.12/site-packages/airflow/example_dags/example_nested_branch_dag.py took 0.088 seconds
[2024-12-18T15:57:23.912+0000] {processor.py:186} INFO - Started process (PID=4919) to work on /home/ubuntu/demo8/lib/python3.12/site-packages/airflow/example_dags/example_nested_branch_dag.py
[2024-12-18T15:57:23.914+0000] {processor.py:914} INFO - Processing file /home/ubuntu/demo8/lib/python3.12/site-packages/airflow/example_dags/example_nested_branch_dag.py for tasks to queue
[2024-12-18T15:57:23.916+0000] {logging_mixin.py:190} INFO - [2024-12-18T15:57:23.915+0000] {dagbag.py:588} INFO - Filling up the DagBag from /home/ubuntu/demo8/lib/python3.12/site-packages/airflow/example_dags/example_nested_branch_dag.py
[2024-12-18T15:57:23.929+0000] {processor.py:925} INFO - DAG(s) 'example_nested_branch_dag' retrieved from /home/ubuntu/demo8/lib/python3.12/site-packages/airflow/example_dags/example_nested_branch_dag.py
[2024-12-18T15:57:23.952+0000] {logging_mixin.py:190} INFO - [2024-12-18T15:57:23.952+0000] {dag.py:3239} INFO - Sync 1 DAGs
[2024-12-18T15:57:23.975+0000] {logging_mixin.py:190} INFO - [2024-12-18T15:57:23.975+0000] {dag.py:4180} INFO - Setting next_dagrun for example_nested_branch_dag to 2024-12-17 00:00:00+00:00, run_after=2024-12-18 00:00:00+00:00
[2024-12-18T15:57:23.998+0000] {processor.py:208} INFO - Processing /home/ubuntu/demo8/lib/python3.12/site-packages/airflow/example_dags/example_nested_branch_dag.py took 0.091 seconds
[2024-12-18T15:58:20.819+0000] {processor.py:186} INFO - Started process (PID=4977) to work on /home/ubuntu/demo8/lib/python3.12/site-packages/airflow/example_dags/example_nested_branch_dag.py
[2024-12-18T15:58:20.820+0000] {processor.py:914} INFO - Processing file /home/ubuntu/demo8/lib/python3.12/site-packages/airflow/example_dags/example_nested_branch_dag.py for tasks to queue
[2024-12-18T15:58:20.822+0000] {logging_mixin.py:190} INFO - [2024-12-18T15:58:20.822+0000] {dagbag.py:588} INFO - Filling up the DagBag from /home/ubuntu/demo8/lib/python3.12/site-packages/airflow/example_dags/example_nested_branch_dag.py
[2024-12-18T15:58:20.836+0000] {processor.py:925} INFO - DAG(s) 'example_nested_branch_dag' retrieved from /home/ubuntu/demo8/lib/python3.12/site-packages/airflow/example_dags/example_nested_branch_dag.py
[2024-12-18T15:58:20.855+0000] {logging_mixin.py:190} INFO - [2024-12-18T15:58:20.855+0000] {dag.py:3239} INFO - Sync 1 DAGs
[2024-12-18T15:58:20.878+0000] {logging_mixin.py:190} INFO - [2024-12-18T15:58:20.878+0000] {dag.py:4180} INFO - Setting next_dagrun for example_nested_branch_dag to 2024-12-17 00:00:00+00:00, run_after=2024-12-18 00:00:00+00:00
[2024-12-18T15:58:20.901+0000] {processor.py:208} INFO - Processing /home/ubuntu/demo8/lib/python3.12/site-packages/airflow/example_dags/example_nested_branch_dag.py took 0.088 seconds
[2024-12-18T15:59:18.692+0000] {processor.py:186} INFO - Started process (PID=5035) to work on /home/ubuntu/demo8/lib/python3.12/site-packages/airflow/example_dags/example_nested_branch_dag.py
[2024-12-18T15:59:18.693+0000] {processor.py:914} INFO - Processing file /home/ubuntu/demo8/lib/python3.12/site-packages/airflow/example_dags/example_nested_branch_dag.py for tasks to queue
[2024-12-18T15:59:18.695+0000] {logging_mixin.py:190} INFO - [2024-12-18T15:59:18.695+0000] {dagbag.py:588} INFO - Filling up the DagBag from /home/ubuntu/demo8/lib/python3.12/site-packages/airflow/example_dags/example_nested_branch_dag.py
[2024-12-18T15:59:18.709+0000] {processor.py:925} INFO - DAG(s) 'example_nested_branch_dag' retrieved from /home/ubuntu/demo8/lib/python3.12/site-packages/airflow/example_dags/example_nested_branch_dag.py
[2024-12-18T15:59:18.728+0000] {logging_mixin.py:190} INFO - [2024-12-18T15:59:18.728+0000] {dag.py:3239} INFO - Sync 1 DAGs
[2024-12-18T15:59:18.752+0000] {logging_mixin.py:190} INFO - [2024-12-18T15:59:18.751+0000] {dag.py:4180} INFO - Setting next_dagrun for example_nested_branch_dag to 2024-12-17 00:00:00+00:00, run_after=2024-12-18 00:00:00+00:00
[2024-12-18T15:59:18.774+0000] {processor.py:208} INFO - Processing /home/ubuntu/demo8/lib/python3.12/site-packages/airflow/example_dags/example_nested_branch_dag.py took 0.089 seconds
[2024-12-18T16:00:22.725+0000] {processor.py:186} INFO - Started process (PID=5103) to work on /home/ubuntu/demo8/lib/python3.12/site-packages/airflow/example_dags/example_nested_branch_dag.py
[2024-12-18T16:00:22.726+0000] {processor.py:914} INFO - Processing file /home/ubuntu/demo8/lib/python3.12/site-packages/airflow/example_dags/example_nested_branch_dag.py for tasks to queue
[2024-12-18T16:00:22.728+0000] {logging_mixin.py:190} INFO - [2024-12-18T16:00:22.728+0000] {dagbag.py:588} INFO - Filling up the DagBag from /home/ubuntu/demo8/lib/python3.12/site-packages/airflow/example_dags/example_nested_branch_dag.py
[2024-12-18T16:00:22.741+0000] {processor.py:925} INFO - DAG(s) 'example_nested_branch_dag' retrieved from /home/ubuntu/demo8/lib/python3.12/site-packages/airflow/example_dags/example_nested_branch_dag.py
[2024-12-18T16:00:22.763+0000] {logging_mixin.py:190} INFO - [2024-12-18T16:00:22.763+0000] {dag.py:3239} INFO - Sync 1 DAGs
[2024-12-18T16:00:22.786+0000] {logging_mixin.py:190} INFO - [2024-12-18T16:00:22.786+0000] {dag.py:4180} INFO - Setting next_dagrun for example_nested_branch_dag to 2024-12-17 00:00:00+00:00, run_after=2024-12-18 00:00:00+00:00
[2024-12-18T16:00:22.808+0000] {processor.py:208} INFO - Processing /home/ubuntu/demo8/lib/python3.12/site-packages/airflow/example_dags/example_nested_branch_dag.py took 0.089 seconds
[2024-12-18T16:01:19.626+0000] {processor.py:186} INFO - Started process (PID=5162) to work on /home/ubuntu/demo8/lib/python3.12/site-packages/airflow/example_dags/example_nested_branch_dag.py
[2024-12-18T16:01:19.628+0000] {processor.py:914} INFO - Processing file /home/ubuntu/demo8/lib/python3.12/site-packages/airflow/example_dags/example_nested_branch_dag.py for tasks to queue
[2024-12-18T16:01:19.630+0000] {logging_mixin.py:190} INFO - [2024-12-18T16:01:19.630+0000] {dagbag.py:588} INFO - Filling up the DagBag from /home/ubuntu/demo8/lib/python3.12/site-packages/airflow/example_dags/example_nested_branch_dag.py
[2024-12-18T16:01:19.643+0000] {processor.py:925} INFO - DAG(s) 'example_nested_branch_dag' retrieved from /home/ubuntu/demo8/lib/python3.12/site-packages/airflow/example_dags/example_nested_branch_dag.py
[2024-12-18T16:01:19.663+0000] {logging_mixin.py:190} INFO - [2024-12-18T16:01:19.663+0000] {dag.py:3239} INFO - Sync 1 DAGs
[2024-12-18T16:01:19.686+0000] {logging_mixin.py:190} INFO - [2024-12-18T16:01:19.686+0000] {dag.py:4180} INFO - Setting next_dagrun for example_nested_branch_dag to 2024-12-17 00:00:00+00:00, run_after=2024-12-18 00:00:00+00:00
[2024-12-18T16:01:19.709+0000] {processor.py:208} INFO - Processing /home/ubuntu/demo8/lib/python3.12/site-packages/airflow/example_dags/example_nested_branch_dag.py took 0.088 seconds
[2024-12-18T16:02:16.343+0000] {processor.py:186} INFO - Started process (PID=5221) to work on /home/ubuntu/demo8/lib/python3.12/site-packages/airflow/example_dags/example_nested_branch_dag.py
[2024-12-18T16:02:16.344+0000] {processor.py:914} INFO - Processing file /home/ubuntu/demo8/lib/python3.12/site-packages/airflow/example_dags/example_nested_branch_dag.py for tasks to queue
[2024-12-18T16:02:16.347+0000] {logging_mixin.py:190} INFO - [2024-12-18T16:02:16.346+0000] {dagbag.py:588} INFO - Filling up the DagBag from /home/ubuntu/demo8/lib/python3.12/site-packages/airflow/example_dags/example_nested_branch_dag.py
[2024-12-18T16:02:16.361+0000] {processor.py:925} INFO - DAG(s) 'example_nested_branch_dag' retrieved from /home/ubuntu/demo8/lib/python3.12/site-packages/airflow/example_dags/example_nested_branch_dag.py
[2024-12-18T16:02:16.381+0000] {logging_mixin.py:190} INFO - [2024-12-18T16:02:16.381+0000] {dag.py:3239} INFO - Sync 1 DAGs
[2024-12-18T16:02:16.406+0000] {logging_mixin.py:190} INFO - [2024-12-18T16:02:16.406+0000] {dag.py:4180} INFO - Setting next_dagrun for example_nested_branch_dag to 2024-12-17 00:00:00+00:00, run_after=2024-12-18 00:00:00+00:00
[2024-12-18T16:02:16.429+0000] {processor.py:208} INFO - Processing /home/ubuntu/demo8/lib/python3.12/site-packages/airflow/example_dags/example_nested_branch_dag.py took 0.093 seconds
[2024-12-18T16:03:10.645+0000] {processor.py:186} INFO - Started process (PID=5276) to work on /home/ubuntu/demo8/lib/python3.12/site-packages/airflow/example_dags/example_nested_branch_dag.py
[2024-12-18T16:03:10.646+0000] {processor.py:914} INFO - Processing file /home/ubuntu/demo8/lib/python3.12/site-packages/airflow/example_dags/example_nested_branch_dag.py for tasks to queue
[2024-12-18T16:03:10.651+0000] {logging_mixin.py:190} INFO - [2024-12-18T16:03:10.650+0000] {dagbag.py:588} INFO - Filling up the DagBag from /home/ubuntu/demo8/lib/python3.12/site-packages/airflow/example_dags/example_nested_branch_dag.py
[2024-12-18T16:03:10.666+0000] {processor.py:925} INFO - DAG(s) 'example_nested_branch_dag' retrieved from /home/ubuntu/demo8/lib/python3.12/site-packages/airflow/example_dags/example_nested_branch_dag.py
[2024-12-18T16:03:10.686+0000] {logging_mixin.py:190} INFO - [2024-12-18T16:03:10.685+0000] {dag.py:3239} INFO - Sync 1 DAGs
[2024-12-18T16:03:10.710+0000] {logging_mixin.py:190} INFO - [2024-12-18T16:03:10.710+0000] {dag.py:4180} INFO - Setting next_dagrun for example_nested_branch_dag to 2024-12-17 00:00:00+00:00, run_after=2024-12-18 00:00:00+00:00
[2024-12-18T16:03:10.732+0000] {processor.py:208} INFO - Processing /home/ubuntu/demo8/lib/python3.12/site-packages/airflow/example_dags/example_nested_branch_dag.py took 0.102 seconds
[2024-12-18T20:29:50.879+0000] {processor.py:186} INFO - Started process (PID=2756) to work on /home/ubuntu/demo8/lib/python3.12/site-packages/airflow/example_dags/example_nested_branch_dag.py
[2024-12-18T20:29:50.882+0000] {processor.py:914} INFO - Processing file /home/ubuntu/demo8/lib/python3.12/site-packages/airflow/example_dags/example_nested_branch_dag.py for tasks to queue
[2024-12-18T20:29:50.884+0000] {logging_mixin.py:190} INFO - [2024-12-18T20:29:50.884+0000] {dagbag.py:588} INFO - Filling up the DagBag from /home/ubuntu/demo8/lib/python3.12/site-packages/airflow/example_dags/example_nested_branch_dag.py
[2024-12-18T20:29:50.898+0000] {processor.py:925} INFO - DAG(s) 'example_nested_branch_dag' retrieved from /home/ubuntu/demo8/lib/python3.12/site-packages/airflow/example_dags/example_nested_branch_dag.py
[2024-12-18T20:29:50.921+0000] {logging_mixin.py:190} INFO - [2024-12-18T20:29:50.920+0000] {dag.py:3239} INFO - Sync 1 DAGs
[2024-12-18T20:29:50.945+0000] {logging_mixin.py:190} INFO - [2024-12-18T20:29:50.944+0000] {dag.py:4180} INFO - Setting next_dagrun for example_nested_branch_dag to 2024-12-17 00:00:00+00:00, run_after=2024-12-18 00:00:00+00:00
[2024-12-18T20:29:50.969+0000] {processor.py:208} INFO - Processing /home/ubuntu/demo8/lib/python3.12/site-packages/airflow/example_dags/example_nested_branch_dag.py took 0.095 seconds
[2024-12-18T20:30:48.126+0000] {processor.py:186} INFO - Started process (PID=2939) to work on /home/ubuntu/demo8/lib/python3.12/site-packages/airflow/example_dags/example_nested_branch_dag.py
[2024-12-18T20:30:48.127+0000] {processor.py:914} INFO - Processing file /home/ubuntu/demo8/lib/python3.12/site-packages/airflow/example_dags/example_nested_branch_dag.py for tasks to queue
[2024-12-18T20:30:48.129+0000] {logging_mixin.py:190} INFO - [2024-12-18T20:30:48.129+0000] {dagbag.py:588} INFO - Filling up the DagBag from /home/ubuntu/demo8/lib/python3.12/site-packages/airflow/example_dags/example_nested_branch_dag.py
[2024-12-18T20:30:48.143+0000] {processor.py:925} INFO - DAG(s) 'example_nested_branch_dag' retrieved from /home/ubuntu/demo8/lib/python3.12/site-packages/airflow/example_dags/example_nested_branch_dag.py
[2024-12-18T20:30:48.162+0000] {logging_mixin.py:190} INFO - [2024-12-18T20:30:48.162+0000] {dag.py:3239} INFO - Sync 1 DAGs
[2024-12-18T20:30:48.186+0000] {logging_mixin.py:190} INFO - [2024-12-18T20:30:48.185+0000] {dag.py:4180} INFO - Setting next_dagrun for example_nested_branch_dag to 2024-12-17 00:00:00+00:00, run_after=2024-12-18 00:00:00+00:00
[2024-12-18T20:30:48.213+0000] {processor.py:208} INFO - Processing /home/ubuntu/demo8/lib/python3.12/site-packages/airflow/example_dags/example_nested_branch_dag.py took 0.094 seconds
[2024-12-18T20:31:44.798+0000] {processor.py:186} INFO - Started process (PID=3167) to work on /home/ubuntu/demo8/lib/python3.12/site-packages/airflow/example_dags/example_nested_branch_dag.py
[2024-12-18T20:31:44.800+0000] {processor.py:914} INFO - Processing file /home/ubuntu/demo8/lib/python3.12/site-packages/airflow/example_dags/example_nested_branch_dag.py for tasks to queue
[2024-12-18T20:31:44.802+0000] {logging_mixin.py:190} INFO - [2024-12-18T20:31:44.802+0000] {dagbag.py:588} INFO - Filling up the DagBag from /home/ubuntu/demo8/lib/python3.12/site-packages/airflow/example_dags/example_nested_branch_dag.py
[2024-12-18T20:31:44.815+0000] {processor.py:925} INFO - DAG(s) 'example_nested_branch_dag' retrieved from /home/ubuntu/demo8/lib/python3.12/site-packages/airflow/example_dags/example_nested_branch_dag.py
[2024-12-18T20:31:44.835+0000] {logging_mixin.py:190} INFO - [2024-12-18T20:31:44.834+0000] {dag.py:3239} INFO - Sync 1 DAGs
[2024-12-18T20:31:44.858+0000] {logging_mixin.py:190} INFO - [2024-12-18T20:31:44.858+0000] {dag.py:4180} INFO - Setting next_dagrun for example_nested_branch_dag to 2024-12-17 00:00:00+00:00, run_after=2024-12-18 00:00:00+00:00
[2024-12-18T20:31:44.881+0000] {processor.py:208} INFO - Processing /home/ubuntu/demo8/lib/python3.12/site-packages/airflow/example_dags/example_nested_branch_dag.py took 0.089 seconds
[2024-12-18T20:32:41.583+0000] {processor.py:186} INFO - Started process (PID=3407) to work on /home/ubuntu/demo8/lib/python3.12/site-packages/airflow/example_dags/example_nested_branch_dag.py
[2024-12-18T20:32:41.584+0000] {processor.py:914} INFO - Processing file /home/ubuntu/demo8/lib/python3.12/site-packages/airflow/example_dags/example_nested_branch_dag.py for tasks to queue
[2024-12-18T20:32:41.587+0000] {logging_mixin.py:190} INFO - [2024-12-18T20:32:41.586+0000] {dagbag.py:588} INFO - Filling up the DagBag from /home/ubuntu/demo8/lib/python3.12/site-packages/airflow/example_dags/example_nested_branch_dag.py
[2024-12-18T20:32:41.600+0000] {processor.py:925} INFO - DAG(s) 'example_nested_branch_dag' retrieved from /home/ubuntu/demo8/lib/python3.12/site-packages/airflow/example_dags/example_nested_branch_dag.py
[2024-12-18T20:32:41.619+0000] {logging_mixin.py:190} INFO - [2024-12-18T20:32:41.619+0000] {dag.py:3239} INFO - Sync 1 DAGs
[2024-12-18T20:32:41.642+0000] {logging_mixin.py:190} INFO - [2024-12-18T20:32:41.642+0000] {dag.py:4180} INFO - Setting next_dagrun for example_nested_branch_dag to 2024-12-17 00:00:00+00:00, run_after=2024-12-18 00:00:00+00:00
[2024-12-18T20:32:41.666+0000] {processor.py:208} INFO - Processing /home/ubuntu/demo8/lib/python3.12/site-packages/airflow/example_dags/example_nested_branch_dag.py took 0.089 seconds
[2024-12-18T20:33:34.799+0000] {processor.py:186} INFO - Started process (PID=3527) to work on /home/ubuntu/demo8/lib/python3.12/site-packages/airflow/example_dags/example_nested_branch_dag.py
[2024-12-18T20:33:34.800+0000] {processor.py:914} INFO - Processing file /home/ubuntu/demo8/lib/python3.12/site-packages/airflow/example_dags/example_nested_branch_dag.py for tasks to queue
[2024-12-18T20:33:34.803+0000] {logging_mixin.py:190} INFO - [2024-12-18T20:33:34.802+0000] {dagbag.py:588} INFO - Filling up the DagBag from /home/ubuntu/demo8/lib/python3.12/site-packages/airflow/example_dags/example_nested_branch_dag.py
[2024-12-18T20:33:34.816+0000] {processor.py:925} INFO - DAG(s) 'example_nested_branch_dag' retrieved from /home/ubuntu/demo8/lib/python3.12/site-packages/airflow/example_dags/example_nested_branch_dag.py
[2024-12-18T20:33:34.835+0000] {logging_mixin.py:190} INFO - [2024-12-18T20:33:34.835+0000] {dag.py:3239} INFO - Sync 1 DAGs
[2024-12-18T20:33:34.867+0000] {logging_mixin.py:190} INFO - [2024-12-18T20:33:34.866+0000] {dag.py:4180} INFO - Setting next_dagrun for example_nested_branch_dag to 2024-12-17 00:00:00+00:00, run_after=2024-12-18 00:00:00+00:00
[2024-12-18T20:33:34.890+0000] {processor.py:208} INFO - Processing /home/ubuntu/demo8/lib/python3.12/site-packages/airflow/example_dags/example_nested_branch_dag.py took 0.097 seconds
[2024-12-18T20:34:45.428+0000] {processor.py:186} INFO - Started process (PID=3712) to work on /home/ubuntu/demo8/lib/python3.12/site-packages/airflow/example_dags/example_nested_branch_dag.py
[2024-12-18T20:34:45.430+0000] {processor.py:914} INFO - Processing file /home/ubuntu/demo8/lib/python3.12/site-packages/airflow/example_dags/example_nested_branch_dag.py for tasks to queue
[2024-12-18T20:34:45.433+0000] {logging_mixin.py:190} INFO - [2024-12-18T20:34:45.432+0000] {dagbag.py:588} INFO - Filling up the DagBag from /home/ubuntu/demo8/lib/python3.12/site-packages/airflow/example_dags/example_nested_branch_dag.py
[2024-12-18T20:34:45.446+0000] {processor.py:925} INFO - DAG(s) 'example_nested_branch_dag' retrieved from /home/ubuntu/demo8/lib/python3.12/site-packages/airflow/example_dags/example_nested_branch_dag.py
[2024-12-18T20:34:45.465+0000] {logging_mixin.py:190} INFO - [2024-12-18T20:34:45.465+0000] {dag.py:3239} INFO - Sync 1 DAGs
[2024-12-18T20:34:45.489+0000] {logging_mixin.py:190} INFO - [2024-12-18T20:34:45.488+0000] {dag.py:4180} INFO - Setting next_dagrun for example_nested_branch_dag to 2024-12-17 00:00:00+00:00, run_after=2024-12-18 00:00:00+00:00
[2024-12-18T20:34:45.512+0000] {processor.py:208} INFO - Processing /home/ubuntu/demo8/lib/python3.12/site-packages/airflow/example_dags/example_nested_branch_dag.py took 0.090 seconds
[2024-12-18T20:35:42.264+0000] {processor.py:186} INFO - Started process (PID=3837) to work on /home/ubuntu/demo8/lib/python3.12/site-packages/airflow/example_dags/example_nested_branch_dag.py
[2024-12-18T20:35:42.265+0000] {processor.py:914} INFO - Processing file /home/ubuntu/demo8/lib/python3.12/site-packages/airflow/example_dags/example_nested_branch_dag.py for tasks to queue
[2024-12-18T20:35:42.268+0000] {logging_mixin.py:190} INFO - [2024-12-18T20:35:42.268+0000] {dagbag.py:588} INFO - Filling up the DagBag from /home/ubuntu/demo8/lib/python3.12/site-packages/airflow/example_dags/example_nested_branch_dag.py
[2024-12-18T20:35:42.282+0000] {processor.py:925} INFO - DAG(s) 'example_nested_branch_dag' retrieved from /home/ubuntu/demo8/lib/python3.12/site-packages/airflow/example_dags/example_nested_branch_dag.py
[2024-12-18T20:35:42.301+0000] {logging_mixin.py:190} INFO - [2024-12-18T20:35:42.301+0000] {dag.py:3239} INFO - Sync 1 DAGs
[2024-12-18T20:35:42.325+0000] {logging_mixin.py:190} INFO - [2024-12-18T20:35:42.325+0000] {dag.py:4180} INFO - Setting next_dagrun for example_nested_branch_dag to 2024-12-17 00:00:00+00:00, run_after=2024-12-18 00:00:00+00:00
[2024-12-18T20:35:42.349+0000] {processor.py:208} INFO - Processing /home/ubuntu/demo8/lib/python3.12/site-packages/airflow/example_dags/example_nested_branch_dag.py took 0.092 seconds
[2024-12-18T20:36:40.283+0000] {processor.py:186} INFO - Started process (PID=3956) to work on /home/ubuntu/demo8/lib/python3.12/site-packages/airflow/example_dags/example_nested_branch_dag.py
[2024-12-18T20:36:40.285+0000] {processor.py:914} INFO - Processing file /home/ubuntu/demo8/lib/python3.12/site-packages/airflow/example_dags/example_nested_branch_dag.py for tasks to queue
[2024-12-18T20:36:40.287+0000] {logging_mixin.py:190} INFO - [2024-12-18T20:36:40.287+0000] {dagbag.py:588} INFO - Filling up the DagBag from /home/ubuntu/demo8/lib/python3.12/site-packages/airflow/example_dags/example_nested_branch_dag.py
[2024-12-18T20:36:40.301+0000] {processor.py:925} INFO - DAG(s) 'example_nested_branch_dag' retrieved from /home/ubuntu/demo8/lib/python3.12/site-packages/airflow/example_dags/example_nested_branch_dag.py
[2024-12-18T20:36:40.320+0000] {logging_mixin.py:190} INFO - [2024-12-18T20:36:40.320+0000] {dag.py:3239} INFO - Sync 1 DAGs
[2024-12-18T20:36:40.343+0000] {logging_mixin.py:190} INFO - [2024-12-18T20:36:40.343+0000] {dag.py:4180} INFO - Setting next_dagrun for example_nested_branch_dag to 2024-12-17 00:00:00+00:00, run_after=2024-12-18 00:00:00+00:00
[2024-12-18T20:36:40.366+0000] {processor.py:208} INFO - Processing /home/ubuntu/demo8/lib/python3.12/site-packages/airflow/example_dags/example_nested_branch_dag.py took 0.088 seconds
[2024-12-18T20:37:36.407+0000] {processor.py:186} INFO - Started process (PID=4075) to work on /home/ubuntu/demo8/lib/python3.12/site-packages/airflow/example_dags/example_nested_branch_dag.py
[2024-12-18T20:37:36.409+0000] {processor.py:914} INFO - Processing file /home/ubuntu/demo8/lib/python3.12/site-packages/airflow/example_dags/example_nested_branch_dag.py for tasks to queue
[2024-12-18T20:37:36.411+0000] {logging_mixin.py:190} INFO - [2024-12-18T20:37:36.411+0000] {dagbag.py:588} INFO - Filling up the DagBag from /home/ubuntu/demo8/lib/python3.12/site-packages/airflow/example_dags/example_nested_branch_dag.py
[2024-12-18T20:37:36.425+0000] {processor.py:925} INFO - DAG(s) 'example_nested_branch_dag' retrieved from /home/ubuntu/demo8/lib/python3.12/site-packages/airflow/example_dags/example_nested_branch_dag.py
[2024-12-18T20:37:36.445+0000] {logging_mixin.py:190} INFO - [2024-12-18T20:37:36.445+0000] {dag.py:3239} INFO - Sync 1 DAGs
[2024-12-18T20:37:36.470+0000] {logging_mixin.py:190} INFO - [2024-12-18T20:37:36.470+0000] {dag.py:4180} INFO - Setting next_dagrun for example_nested_branch_dag to 2024-12-17 00:00:00+00:00, run_after=2024-12-18 00:00:00+00:00
[2024-12-18T20:37:36.494+0000] {processor.py:208} INFO - Processing /home/ubuntu/demo8/lib/python3.12/site-packages/airflow/example_dags/example_nested_branch_dag.py took 0.093 seconds
[2024-12-18T20:38:30.879+0000] {processor.py:186} INFO - Started process (PID=4190) to work on /home/ubuntu/demo8/lib/python3.12/site-packages/airflow/example_dags/example_nested_branch_dag.py
[2024-12-18T20:38:30.880+0000] {processor.py:914} INFO - Processing file /home/ubuntu/demo8/lib/python3.12/site-packages/airflow/example_dags/example_nested_branch_dag.py for tasks to queue
[2024-12-18T20:38:30.883+0000] {logging_mixin.py:190} INFO - [2024-12-18T20:38:30.883+0000] {dagbag.py:588} INFO - Filling up the DagBag from /home/ubuntu/demo8/lib/python3.12/site-packages/airflow/example_dags/example_nested_branch_dag.py
[2024-12-18T20:38:30.897+0000] {processor.py:925} INFO - DAG(s) 'example_nested_branch_dag' retrieved from /home/ubuntu/demo8/lib/python3.12/site-packages/airflow/example_dags/example_nested_branch_dag.py
[2024-12-18T20:38:30.917+0000] {logging_mixin.py:190} INFO - [2024-12-18T20:38:30.917+0000] {dag.py:3239} INFO - Sync 1 DAGs
[2024-12-18T20:38:30.943+0000] {logging_mixin.py:190} INFO - [2024-12-18T20:38:30.943+0000] {dag.py:4180} INFO - Setting next_dagrun for example_nested_branch_dag to 2024-12-17 00:00:00+00:00, run_after=2024-12-18 00:00:00+00:00
[2024-12-18T20:38:30.967+0000] {processor.py:208} INFO - Processing /home/ubuntu/demo8/lib/python3.12/site-packages/airflow/example_dags/example_nested_branch_dag.py took 0.095 seconds
[2024-12-18T20:39:26.383+0000] {processor.py:186} INFO - Started process (PID=4369) to work on /home/ubuntu/demo8/lib/python3.12/site-packages/airflow/example_dags/example_nested_branch_dag.py
[2024-12-18T20:39:26.385+0000] {processor.py:914} INFO - Processing file /home/ubuntu/demo8/lib/python3.12/site-packages/airflow/example_dags/example_nested_branch_dag.py for tasks to queue
[2024-12-18T20:39:26.387+0000] {logging_mixin.py:190} INFO - [2024-12-18T20:39:26.387+0000] {dagbag.py:588} INFO - Filling up the DagBag from /home/ubuntu/demo8/lib/python3.12/site-packages/airflow/example_dags/example_nested_branch_dag.py
[2024-12-18T20:39:26.402+0000] {processor.py:925} INFO - DAG(s) 'example_nested_branch_dag' retrieved from /home/ubuntu/demo8/lib/python3.12/site-packages/airflow/example_dags/example_nested_branch_dag.py
[2024-12-18T20:39:26.421+0000] {logging_mixin.py:190} INFO - [2024-12-18T20:39:26.421+0000] {dag.py:3239} INFO - Sync 1 DAGs
[2024-12-18T20:39:26.446+0000] {logging_mixin.py:190} INFO - [2024-12-18T20:39:26.446+0000] {dag.py:4180} INFO - Setting next_dagrun for example_nested_branch_dag to 2024-12-17 00:00:00+00:00, run_after=2024-12-18 00:00:00+00:00
[2024-12-18T20:39:26.472+0000] {processor.py:208} INFO - Processing /home/ubuntu/demo8/lib/python3.12/site-packages/airflow/example_dags/example_nested_branch_dag.py took 0.095 seconds
[2024-12-18T20:40:24.164+0000] {processor.py:186} INFO - Started process (PID=4505) to work on /home/ubuntu/demo8/lib/python3.12/site-packages/airflow/example_dags/example_nested_branch_dag.py
[2024-12-18T20:40:24.166+0000] {processor.py:914} INFO - Processing file /home/ubuntu/demo8/lib/python3.12/site-packages/airflow/example_dags/example_nested_branch_dag.py for tasks to queue
[2024-12-18T20:40:24.171+0000] {logging_mixin.py:190} INFO - [2024-12-18T20:40:24.170+0000] {dagbag.py:588} INFO - Filling up the DagBag from /home/ubuntu/demo8/lib/python3.12/site-packages/airflow/example_dags/example_nested_branch_dag.py
[2024-12-18T20:40:24.185+0000] {processor.py:925} INFO - DAG(s) 'example_nested_branch_dag' retrieved from /home/ubuntu/demo8/lib/python3.12/site-packages/airflow/example_dags/example_nested_branch_dag.py
[2024-12-18T20:40:24.204+0000] {logging_mixin.py:190} INFO - [2024-12-18T20:40:24.204+0000] {dag.py:3239} INFO - Sync 1 DAGs
[2024-12-18T20:40:24.228+0000] {logging_mixin.py:190} INFO - [2024-12-18T20:40:24.228+0000] {dag.py:4180} INFO - Setting next_dagrun for example_nested_branch_dag to 2024-12-17 00:00:00+00:00, run_after=2024-12-18 00:00:00+00:00
[2024-12-18T20:40:24.252+0000] {processor.py:208} INFO - Processing /home/ubuntu/demo8/lib/python3.12/site-packages/airflow/example_dags/example_nested_branch_dag.py took 0.095 seconds
[2024-12-18T20:41:18.546+0000] {processor.py:186} INFO - Started process (PID=4624) to work on /home/ubuntu/demo8/lib/python3.12/site-packages/airflow/example_dags/example_nested_branch_dag.py
[2024-12-18T20:41:18.548+0000] {processor.py:914} INFO - Processing file /home/ubuntu/demo8/lib/python3.12/site-packages/airflow/example_dags/example_nested_branch_dag.py for tasks to queue
[2024-12-18T20:41:18.550+0000] {logging_mixin.py:190} INFO - [2024-12-18T20:41:18.550+0000] {dagbag.py:588} INFO - Filling up the DagBag from /home/ubuntu/demo8/lib/python3.12/site-packages/airflow/example_dags/example_nested_branch_dag.py
[2024-12-18T20:41:18.564+0000] {processor.py:925} INFO - DAG(s) 'example_nested_branch_dag' retrieved from /home/ubuntu/demo8/lib/python3.12/site-packages/airflow/example_dags/example_nested_branch_dag.py
[2024-12-18T20:41:18.584+0000] {logging_mixin.py:190} INFO - [2024-12-18T20:41:18.584+0000] {dag.py:3239} INFO - Sync 1 DAGs
[2024-12-18T20:41:18.608+0000] {logging_mixin.py:190} INFO - [2024-12-18T20:41:18.608+0000] {dag.py:4180} INFO - Setting next_dagrun for example_nested_branch_dag to 2024-12-17 00:00:00+00:00, run_after=2024-12-18 00:00:00+00:00
[2024-12-18T20:41:18.630+0000] {processor.py:208} INFO - Processing /home/ubuntu/demo8/lib/python3.12/site-packages/airflow/example_dags/example_nested_branch_dag.py took 0.091 seconds
[2024-12-18T20:42:13.845+0000] {processor.py:186} INFO - Started process (PID=4681) to work on /home/ubuntu/demo8/lib/python3.12/site-packages/airflow/example_dags/example_nested_branch_dag.py
[2024-12-18T20:42:13.847+0000] {processor.py:914} INFO - Processing file /home/ubuntu/demo8/lib/python3.12/site-packages/airflow/example_dags/example_nested_branch_dag.py for tasks to queue
[2024-12-18T20:42:13.849+0000] {logging_mixin.py:190} INFO - [2024-12-18T20:42:13.849+0000] {dagbag.py:588} INFO - Filling up the DagBag from /home/ubuntu/demo8/lib/python3.12/site-packages/airflow/example_dags/example_nested_branch_dag.py
[2024-12-18T20:42:13.863+0000] {processor.py:925} INFO - DAG(s) 'example_nested_branch_dag' retrieved from /home/ubuntu/demo8/lib/python3.12/site-packages/airflow/example_dags/example_nested_branch_dag.py
[2024-12-18T20:42:13.890+0000] {logging_mixin.py:190} INFO - [2024-12-18T20:42:13.890+0000] {dag.py:3239} INFO - Sync 1 DAGs
[2024-12-18T20:42:13.913+0000] {logging_mixin.py:190} INFO - [2024-12-18T20:42:13.913+0000] {dag.py:4180} INFO - Setting next_dagrun for example_nested_branch_dag to 2024-12-17 00:00:00+00:00, run_after=2024-12-18 00:00:00+00:00
[2024-12-18T20:42:13.936+0000] {processor.py:208} INFO - Processing /home/ubuntu/demo8/lib/python3.12/site-packages/airflow/example_dags/example_nested_branch_dag.py took 0.097 seconds
[2024-12-18T20:43:08.433+0000] {processor.py:186} INFO - Started process (PID=4797) to work on /home/ubuntu/demo8/lib/python3.12/site-packages/airflow/example_dags/example_nested_branch_dag.py
[2024-12-18T20:43:08.435+0000] {processor.py:914} INFO - Processing file /home/ubuntu/demo8/lib/python3.12/site-packages/airflow/example_dags/example_nested_branch_dag.py for tasks to queue
[2024-12-18T20:43:08.437+0000] {logging_mixin.py:190} INFO - [2024-12-18T20:43:08.437+0000] {dagbag.py:588} INFO - Filling up the DagBag from /home/ubuntu/demo8/lib/python3.12/site-packages/airflow/example_dags/example_nested_branch_dag.py
[2024-12-18T20:43:08.451+0000] {processor.py:925} INFO - DAG(s) 'example_nested_branch_dag' retrieved from /home/ubuntu/demo8/lib/python3.12/site-packages/airflow/example_dags/example_nested_branch_dag.py
[2024-12-18T20:43:08.470+0000] {logging_mixin.py:190} INFO - [2024-12-18T20:43:08.469+0000] {dag.py:3239} INFO - Sync 1 DAGs
[2024-12-18T20:43:08.493+0000] {logging_mixin.py:190} INFO - [2024-12-18T20:43:08.492+0000] {dag.py:4180} INFO - Setting next_dagrun for example_nested_branch_dag to 2024-12-17 00:00:00+00:00, run_after=2024-12-18 00:00:00+00:00
[2024-12-18T20:43:08.515+0000] {processor.py:208} INFO - Processing /home/ubuntu/demo8/lib/python3.12/site-packages/airflow/example_dags/example_nested_branch_dag.py took 0.088 seconds
[2024-12-18T20:44:01.240+0000] {processor.py:186} INFO - Started process (PID=4912) to work on /home/ubuntu/demo8/lib/python3.12/site-packages/airflow/example_dags/example_nested_branch_dag.py
[2024-12-18T20:44:01.241+0000] {processor.py:914} INFO - Processing file /home/ubuntu/demo8/lib/python3.12/site-packages/airflow/example_dags/example_nested_branch_dag.py for tasks to queue
[2024-12-18T20:44:01.244+0000] {logging_mixin.py:190} INFO - [2024-12-18T20:44:01.244+0000] {dagbag.py:588} INFO - Filling up the DagBag from /home/ubuntu/demo8/lib/python3.12/site-packages/airflow/example_dags/example_nested_branch_dag.py
[2024-12-18T20:44:01.258+0000] {processor.py:925} INFO - DAG(s) 'example_nested_branch_dag' retrieved from /home/ubuntu/demo8/lib/python3.12/site-packages/airflow/example_dags/example_nested_branch_dag.py
[2024-12-18T20:44:01.277+0000] {logging_mixin.py:190} INFO - [2024-12-18T20:44:01.276+0000] {dag.py:3239} INFO - Sync 1 DAGs
[2024-12-18T20:44:01.300+0000] {logging_mixin.py:190} INFO - [2024-12-18T20:44:01.300+0000] {dag.py:4180} INFO - Setting next_dagrun for example_nested_branch_dag to 2024-12-17 00:00:00+00:00, run_after=2024-12-18 00:00:00+00:00
[2024-12-18T20:44:01.324+0000] {processor.py:208} INFO - Processing /home/ubuntu/demo8/lib/python3.12/site-packages/airflow/example_dags/example_nested_branch_dag.py took 0.091 seconds
[2024-12-18T20:44:54.945+0000] {processor.py:186} INFO - Started process (PID=5090) to work on /home/ubuntu/demo8/lib/python3.12/site-packages/airflow/example_dags/example_nested_branch_dag.py
[2024-12-18T20:44:54.946+0000] {processor.py:914} INFO - Processing file /home/ubuntu/demo8/lib/python3.12/site-packages/airflow/example_dags/example_nested_branch_dag.py for tasks to queue
[2024-12-18T20:44:54.949+0000] {logging_mixin.py:190} INFO - [2024-12-18T20:44:54.948+0000] {dagbag.py:588} INFO - Filling up the DagBag from /home/ubuntu/demo8/lib/python3.12/site-packages/airflow/example_dags/example_nested_branch_dag.py
[2024-12-18T20:44:54.963+0000] {processor.py:925} INFO - DAG(s) 'example_nested_branch_dag' retrieved from /home/ubuntu/demo8/lib/python3.12/site-packages/airflow/example_dags/example_nested_branch_dag.py
[2024-12-18T20:44:54.983+0000] {logging_mixin.py:190} INFO - [2024-12-18T20:44:54.983+0000] {dag.py:3239} INFO - Sync 1 DAGs
[2024-12-18T20:44:55.006+0000] {logging_mixin.py:190} INFO - [2024-12-18T20:44:55.006+0000] {dag.py:4180} INFO - Setting next_dagrun for example_nested_branch_dag to 2024-12-17 00:00:00+00:00, run_after=2024-12-18 00:00:00+00:00
[2024-12-18T20:44:55.031+0000] {processor.py:208} INFO - Processing /home/ubuntu/demo8/lib/python3.12/site-packages/airflow/example_dags/example_nested_branch_dag.py took 0.093 seconds
[2024-12-18T20:45:50.135+0000] {processor.py:186} INFO - Started process (PID=5212) to work on /home/ubuntu/demo8/lib/python3.12/site-packages/airflow/example_dags/example_nested_branch_dag.py
[2024-12-18T20:45:50.138+0000] {processor.py:914} INFO - Processing file /home/ubuntu/demo8/lib/python3.12/site-packages/airflow/example_dags/example_nested_branch_dag.py for tasks to queue
[2024-12-18T20:45:50.143+0000] {logging_mixin.py:190} INFO - [2024-12-18T20:45:50.143+0000] {dagbag.py:588} INFO - Filling up the DagBag from /home/ubuntu/demo8/lib/python3.12/site-packages/airflow/example_dags/example_nested_branch_dag.py
[2024-12-18T20:45:50.161+0000] {processor.py:925} INFO - DAG(s) 'example_nested_branch_dag' retrieved from /home/ubuntu/demo8/lib/python3.12/site-packages/airflow/example_dags/example_nested_branch_dag.py
[2024-12-18T20:45:50.181+0000] {logging_mixin.py:190} INFO - [2024-12-18T20:45:50.181+0000] {dag.py:3239} INFO - Sync 1 DAGs
[2024-12-18T20:45:50.206+0000] {logging_mixin.py:190} INFO - [2024-12-18T20:45:50.205+0000] {dag.py:4180} INFO - Setting next_dagrun for example_nested_branch_dag to 2024-12-17 00:00:00+00:00, run_after=2024-12-18 00:00:00+00:00
[2024-12-18T20:45:50.231+0000] {processor.py:208} INFO - Processing /home/ubuntu/demo8/lib/python3.12/site-packages/airflow/example_dags/example_nested_branch_dag.py took 0.107 seconds
[2024-12-18T20:47:28.781+0000] {processor.py:186} INFO - Started process (PID=5837) to work on /home/ubuntu/demo8/lib/python3.12/site-packages/airflow/example_dags/example_nested_branch_dag.py
[2024-12-18T20:47:28.782+0000] {processor.py:914} INFO - Processing file /home/ubuntu/demo8/lib/python3.12/site-packages/airflow/example_dags/example_nested_branch_dag.py for tasks to queue
[2024-12-18T20:47:28.785+0000] {logging_mixin.py:190} INFO - [2024-12-18T20:47:28.784+0000] {dagbag.py:588} INFO - Filling up the DagBag from /home/ubuntu/demo8/lib/python3.12/site-packages/airflow/example_dags/example_nested_branch_dag.py
[2024-12-18T20:47:28.799+0000] {processor.py:925} INFO - DAG(s) 'example_nested_branch_dag' retrieved from /home/ubuntu/demo8/lib/python3.12/site-packages/airflow/example_dags/example_nested_branch_dag.py
[2024-12-18T20:47:28.820+0000] {logging_mixin.py:190} INFO - [2024-12-18T20:47:28.820+0000] {dag.py:3239} INFO - Sync 1 DAGs
[2024-12-18T20:47:28.843+0000] {logging_mixin.py:190} INFO - [2024-12-18T20:47:28.843+0000] {dag.py:4180} INFO - Setting next_dagrun for example_nested_branch_dag to 2024-12-17 00:00:00+00:00, run_after=2024-12-18 00:00:00+00:00
[2024-12-18T20:47:28.867+0000] {processor.py:208} INFO - Processing /home/ubuntu/demo8/lib/python3.12/site-packages/airflow/example_dags/example_nested_branch_dag.py took 0.092 seconds
[2024-12-18T20:48:28.508+0000] {processor.py:186} INFO - Started process (PID=6080) to work on /home/ubuntu/demo8/lib/python3.12/site-packages/airflow/example_dags/example_nested_branch_dag.py
[2024-12-18T20:48:28.509+0000] {processor.py:914} INFO - Processing file /home/ubuntu/demo8/lib/python3.12/site-packages/airflow/example_dags/example_nested_branch_dag.py for tasks to queue
[2024-12-18T20:48:28.513+0000] {logging_mixin.py:190} INFO - [2024-12-18T20:48:28.513+0000] {dagbag.py:588} INFO - Filling up the DagBag from /home/ubuntu/demo8/lib/python3.12/site-packages/airflow/example_dags/example_nested_branch_dag.py
[2024-12-18T20:48:28.528+0000] {processor.py:925} INFO - DAG(s) 'example_nested_branch_dag' retrieved from /home/ubuntu/demo8/lib/python3.12/site-packages/airflow/example_dags/example_nested_branch_dag.py
[2024-12-18T20:48:28.547+0000] {logging_mixin.py:190} INFO - [2024-12-18T20:48:28.547+0000] {dag.py:3239} INFO - Sync 1 DAGs
[2024-12-18T20:48:28.570+0000] {logging_mixin.py:190} INFO - [2024-12-18T20:48:28.570+0000] {dag.py:4180} INFO - Setting next_dagrun for example_nested_branch_dag to 2024-12-17 00:00:00+00:00, run_after=2024-12-18 00:00:00+00:00
[2024-12-18T20:48:28.595+0000] {processor.py:208} INFO - Processing /home/ubuntu/demo8/lib/python3.12/site-packages/airflow/example_dags/example_nested_branch_dag.py took 0.093 seconds
[2024-12-18T20:49:24.187+0000] {processor.py:186} INFO - Started process (PID=6438) to work on /home/ubuntu/demo8/lib/python3.12/site-packages/airflow/example_dags/example_nested_branch_dag.py
[2024-12-18T20:49:24.189+0000] {processor.py:914} INFO - Processing file /home/ubuntu/demo8/lib/python3.12/site-packages/airflow/example_dags/example_nested_branch_dag.py for tasks to queue
[2024-12-18T20:49:24.191+0000] {logging_mixin.py:190} INFO - [2024-12-18T20:49:24.191+0000] {dagbag.py:588} INFO - Filling up the DagBag from /home/ubuntu/demo8/lib/python3.12/site-packages/airflow/example_dags/example_nested_branch_dag.py
[2024-12-18T20:49:24.205+0000] {processor.py:925} INFO - DAG(s) 'example_nested_branch_dag' retrieved from /home/ubuntu/demo8/lib/python3.12/site-packages/airflow/example_dags/example_nested_branch_dag.py
[2024-12-18T20:49:24.226+0000] {logging_mixin.py:190} INFO - [2024-12-18T20:49:24.225+0000] {dag.py:3239} INFO - Sync 1 DAGs
[2024-12-18T20:49:24.249+0000] {logging_mixin.py:190} INFO - [2024-12-18T20:49:24.249+0000] {dag.py:4180} INFO - Setting next_dagrun for example_nested_branch_dag to 2024-12-17 00:00:00+00:00, run_after=2024-12-18 00:00:00+00:00
[2024-12-18T20:49:24.274+0000] {processor.py:208} INFO - Processing /home/ubuntu/demo8/lib/python3.12/site-packages/airflow/example_dags/example_nested_branch_dag.py took 0.093 seconds
[2024-12-18T20:50:23.488+0000] {processor.py:186} INFO - Started process (PID=6800) to work on /home/ubuntu/demo8/lib/python3.12/site-packages/airflow/example_dags/example_nested_branch_dag.py
[2024-12-18T20:50:23.489+0000] {processor.py:914} INFO - Processing file /home/ubuntu/demo8/lib/python3.12/site-packages/airflow/example_dags/example_nested_branch_dag.py for tasks to queue
[2024-12-18T20:50:23.491+0000] {logging_mixin.py:190} INFO - [2024-12-18T20:50:23.491+0000] {dagbag.py:588} INFO - Filling up the DagBag from /home/ubuntu/demo8/lib/python3.12/site-packages/airflow/example_dags/example_nested_branch_dag.py
[2024-12-18T20:50:23.504+0000] {processor.py:925} INFO - DAG(s) 'example_nested_branch_dag' retrieved from /home/ubuntu/demo8/lib/python3.12/site-packages/airflow/example_dags/example_nested_branch_dag.py
[2024-12-18T20:50:23.524+0000] {logging_mixin.py:190} INFO - [2024-12-18T20:50:23.524+0000] {dag.py:3239} INFO - Sync 1 DAGs
[2024-12-18T20:50:23.546+0000] {logging_mixin.py:190} INFO - [2024-12-18T20:50:23.546+0000] {dag.py:4180} INFO - Setting next_dagrun for example_nested_branch_dag to 2024-12-17 00:00:00+00:00, run_after=2024-12-18 00:00:00+00:00
[2024-12-18T20:50:23.569+0000] {processor.py:208} INFO - Processing /home/ubuntu/demo8/lib/python3.12/site-packages/airflow/example_dags/example_nested_branch_dag.py took 0.087 seconds
[2024-12-18T20:51:17.744+0000] {processor.py:186} INFO - Started process (PID=6966) to work on /home/ubuntu/demo8/lib/python3.12/site-packages/airflow/example_dags/example_nested_branch_dag.py
[2024-12-18T20:51:17.746+0000] {processor.py:914} INFO - Processing file /home/ubuntu/demo8/lib/python3.12/site-packages/airflow/example_dags/example_nested_branch_dag.py for tasks to queue
[2024-12-18T20:51:17.748+0000] {logging_mixin.py:190} INFO - [2024-12-18T20:51:17.748+0000] {dagbag.py:588} INFO - Filling up the DagBag from /home/ubuntu/demo8/lib/python3.12/site-packages/airflow/example_dags/example_nested_branch_dag.py
[2024-12-18T20:51:17.762+0000] {processor.py:925} INFO - DAG(s) 'example_nested_branch_dag' retrieved from /home/ubuntu/demo8/lib/python3.12/site-packages/airflow/example_dags/example_nested_branch_dag.py
[2024-12-18T20:51:17.781+0000] {logging_mixin.py:190} INFO - [2024-12-18T20:51:17.781+0000] {dag.py:3239} INFO - Sync 1 DAGs
[2024-12-18T20:51:17.805+0000] {logging_mixin.py:190} INFO - [2024-12-18T20:51:17.805+0000] {dag.py:4180} INFO - Setting next_dagrun for example_nested_branch_dag to 2024-12-17 00:00:00+00:00, run_after=2024-12-18 00:00:00+00:00
[2024-12-18T20:51:17.830+0000] {processor.py:208} INFO - Processing /home/ubuntu/demo8/lib/python3.12/site-packages/airflow/example_dags/example_nested_branch_dag.py took 0.092 seconds
