[2024-12-18T15:44:57.709+0000] {processor.py:186} INFO - Started process (PID=3679) to work on /home/ubuntu/demo8/lib/python3.12/site-packages/airflow/example_dags/example_dynamic_task_mapping.py
[2024-12-18T15:44:57.710+0000] {processor.py:914} INFO - Processing file /home/ubuntu/demo8/lib/python3.12/site-packages/airflow/example_dags/example_dynamic_task_mapping.py for tasks to queue
[2024-12-18T15:44:57.712+0000] {logging_mixin.py:190} INFO - [2024-12-18T15:44:57.712+0000] {dagbag.py:588} INFO - Filling up the DagBag from /home/ubuntu/demo8/lib/python3.12/site-packages/airflow/example_dags/example_dynamic_task_mapping.py
[2024-12-18T15:44:57.722+0000] {processor.py:925} INFO - DAG(s) 'example_dynamic_task_mapping' retrieved from /home/ubuntu/demo8/lib/python3.12/site-packages/airflow/example_dags/example_dynamic_task_mapping.py
[2024-12-18T15:44:57.845+0000] {logging_mixin.py:190} INFO - [2024-12-18T15:44:57.844+0000] {override.py:1911} INFO - Created Permission View: can read on DAG:example_dynamic_task_mapping
[2024-12-18T15:44:57.858+0000] {logging_mixin.py:190} INFO - [2024-12-18T15:44:57.858+0000] {override.py:1911} INFO - Created Permission View: can delete on DAG:example_dynamic_task_mapping
[2024-12-18T15:44:57.868+0000] {logging_mixin.py:190} INFO - [2024-12-18T15:44:57.867+0000] {override.py:1911} INFO - Created Permission View: can edit on DAG:example_dynamic_task_mapping
[2024-12-18T15:44:57.883+0000] {logging_mixin.py:190} INFO - [2024-12-18T15:44:57.883+0000] {override.py:1911} INFO - Created Permission View: can create on DAG Run:example_dynamic_task_mapping
[2024-12-18T15:44:57.893+0000] {logging_mixin.py:190} INFO - [2024-12-18T15:44:57.893+0000] {override.py:1911} INFO - Created Permission View: can read on DAG Run:example_dynamic_task_mapping
[2024-12-18T15:44:57.903+0000] {logging_mixin.py:190} INFO - [2024-12-18T15:44:57.903+0000] {override.py:1911} INFO - Created Permission View: menu access on DAG Run:example_dynamic_task_mapping
[2024-12-18T15:44:57.913+0000] {logging_mixin.py:190} INFO - [2024-12-18T15:44:57.913+0000] {override.py:1911} INFO - Created Permission View: can delete on DAG Run:example_dynamic_task_mapping
[2024-12-18T15:44:57.913+0000] {logging_mixin.py:190} INFO - [2024-12-18T15:44:57.913+0000] {dag.py:3239} INFO - Sync 1 DAGs
[2024-12-18T15:44:57.927+0000] {logging_mixin.py:190} INFO - [2024-12-18T15:44:57.926+0000] {dag.py:3262} INFO - Creating ORM DAG for example_dynamic_task_mapping
[2024-12-18T15:44:57.927+0000] {logging_mixin.py:190} INFO - [2024-12-18T15:44:57.927+0000] {dag.py:4180} INFO - Setting next_dagrun for example_dynamic_task_mapping to None, run_after=None
[2024-12-18T15:44:57.947+0000] {processor.py:208} INFO - Processing /home/ubuntu/demo8/lib/python3.12/site-packages/airflow/example_dags/example_dynamic_task_mapping.py took 0.245 seconds
[2024-12-18T15:46:04.003+0000] {processor.py:186} INFO - Started process (PID=3781) to work on /home/ubuntu/demo8/lib/python3.12/site-packages/airflow/example_dags/example_dynamic_task_mapping.py
[2024-12-18T15:46:04.005+0000] {processor.py:914} INFO - Processing file /home/ubuntu/demo8/lib/python3.12/site-packages/airflow/example_dags/example_dynamic_task_mapping.py for tasks to queue
[2024-12-18T15:46:04.007+0000] {logging_mixin.py:190} INFO - [2024-12-18T15:46:04.007+0000] {dagbag.py:588} INFO - Filling up the DagBag from /home/ubuntu/demo8/lib/python3.12/site-packages/airflow/example_dags/example_dynamic_task_mapping.py
[2024-12-18T15:46:04.017+0000] {processor.py:925} INFO - DAG(s) 'example_dynamic_task_mapping' retrieved from /home/ubuntu/demo8/lib/python3.12/site-packages/airflow/example_dags/example_dynamic_task_mapping.py
[2024-12-18T15:46:04.033+0000] {logging_mixin.py:190} INFO - [2024-12-18T15:46:04.033+0000] {dag.py:3239} INFO - Sync 1 DAGs
[2024-12-18T15:46:04.047+0000] {logging_mixin.py:190} INFO - [2024-12-18T15:46:04.047+0000] {dag.py:4180} INFO - Setting next_dagrun for example_dynamic_task_mapping to None, run_after=None
[2024-12-18T15:46:04.069+0000] {processor.py:208} INFO - Processing /home/ubuntu/demo8/lib/python3.12/site-packages/airflow/example_dags/example_dynamic_task_mapping.py took 0.071 seconds
[2024-12-18T15:47:01.878+0000] {processor.py:186} INFO - Started process (PID=4248) to work on /home/ubuntu/demo8/lib/python3.12/site-packages/airflow/example_dags/example_dynamic_task_mapping.py
[2024-12-18T15:47:01.879+0000] {processor.py:914} INFO - Processing file /home/ubuntu/demo8/lib/python3.12/site-packages/airflow/example_dags/example_dynamic_task_mapping.py for tasks to queue
[2024-12-18T15:47:01.882+0000] {logging_mixin.py:190} INFO - [2024-12-18T15:47:01.881+0000] {dagbag.py:588} INFO - Filling up the DagBag from /home/ubuntu/demo8/lib/python3.12/site-packages/airflow/example_dags/example_dynamic_task_mapping.py
[2024-12-18T15:47:01.891+0000] {processor.py:925} INFO - DAG(s) 'example_dynamic_task_mapping' retrieved from /home/ubuntu/demo8/lib/python3.12/site-packages/airflow/example_dags/example_dynamic_task_mapping.py
[2024-12-18T15:47:01.907+0000] {logging_mixin.py:190} INFO - [2024-12-18T15:47:01.907+0000] {dag.py:3239} INFO - Sync 1 DAGs
[2024-12-18T15:47:01.921+0000] {logging_mixin.py:190} INFO - [2024-12-18T15:47:01.921+0000] {dag.py:4180} INFO - Setting next_dagrun for example_dynamic_task_mapping to None, run_after=None
[2024-12-18T15:47:01.942+0000] {processor.py:208} INFO - Processing /home/ubuntu/demo8/lib/python3.12/site-packages/airflow/example_dags/example_dynamic_task_mapping.py took 0.071 seconds
[2024-12-18T15:47:59.749+0000] {processor.py:186} INFO - Started process (PID=4306) to work on /home/ubuntu/demo8/lib/python3.12/site-packages/airflow/example_dags/example_dynamic_task_mapping.py
[2024-12-18T15:47:59.750+0000] {processor.py:914} INFO - Processing file /home/ubuntu/demo8/lib/python3.12/site-packages/airflow/example_dags/example_dynamic_task_mapping.py for tasks to queue
[2024-12-18T15:47:59.753+0000] {logging_mixin.py:190} INFO - [2024-12-18T15:47:59.752+0000] {dagbag.py:588} INFO - Filling up the DagBag from /home/ubuntu/demo8/lib/python3.12/site-packages/airflow/example_dags/example_dynamic_task_mapping.py
[2024-12-18T15:47:59.762+0000] {processor.py:925} INFO - DAG(s) 'example_dynamic_task_mapping' retrieved from /home/ubuntu/demo8/lib/python3.12/site-packages/airflow/example_dags/example_dynamic_task_mapping.py
[2024-12-18T15:47:59.779+0000] {logging_mixin.py:190} INFO - [2024-12-18T15:47:59.779+0000] {dag.py:3239} INFO - Sync 1 DAGs
[2024-12-18T15:47:59.794+0000] {logging_mixin.py:190} INFO - [2024-12-18T15:47:59.794+0000] {dag.py:4180} INFO - Setting next_dagrun for example_dynamic_task_mapping to None, run_after=None
[2024-12-18T15:47:59.816+0000] {processor.py:208} INFO - Processing /home/ubuntu/demo8/lib/python3.12/site-packages/airflow/example_dags/example_dynamic_task_mapping.py took 0.073 seconds
[2024-12-18T15:48:53.960+0000] {processor.py:186} INFO - Started process (PID=4362) to work on /home/ubuntu/demo8/lib/python3.12/site-packages/airflow/example_dags/example_dynamic_task_mapping.py
[2024-12-18T15:48:53.961+0000] {processor.py:914} INFO - Processing file /home/ubuntu/demo8/lib/python3.12/site-packages/airflow/example_dags/example_dynamic_task_mapping.py for tasks to queue
[2024-12-18T15:48:53.964+0000] {logging_mixin.py:190} INFO - [2024-12-18T15:48:53.963+0000] {dagbag.py:588} INFO - Filling up the DagBag from /home/ubuntu/demo8/lib/python3.12/site-packages/airflow/example_dags/example_dynamic_task_mapping.py
[2024-12-18T15:48:53.973+0000] {processor.py:925} INFO - DAG(s) 'example_dynamic_task_mapping' retrieved from /home/ubuntu/demo8/lib/python3.12/site-packages/airflow/example_dags/example_dynamic_task_mapping.py
[2024-12-18T15:48:53.991+0000] {logging_mixin.py:190} INFO - [2024-12-18T15:48:53.990+0000] {dag.py:3239} INFO - Sync 1 DAGs
[2024-12-18T15:48:54.005+0000] {logging_mixin.py:190} INFO - [2024-12-18T15:48:54.005+0000] {dag.py:4180} INFO - Setting next_dagrun for example_dynamic_task_mapping to None, run_after=None
[2024-12-18T15:48:54.029+0000] {processor.py:208} INFO - Processing /home/ubuntu/demo8/lib/python3.12/site-packages/airflow/example_dags/example_dynamic_task_mapping.py took 0.075 seconds
[2024-12-18T15:49:58.653+0000] {processor.py:186} INFO - Started process (PID=4423) to work on /home/ubuntu/demo8/lib/python3.12/site-packages/airflow/example_dags/example_dynamic_task_mapping.py
[2024-12-18T15:49:58.654+0000] {processor.py:914} INFO - Processing file /home/ubuntu/demo8/lib/python3.12/site-packages/airflow/example_dags/example_dynamic_task_mapping.py for tasks to queue
[2024-12-18T15:49:58.657+0000] {logging_mixin.py:190} INFO - [2024-12-18T15:49:58.657+0000] {dagbag.py:588} INFO - Filling up the DagBag from /home/ubuntu/demo8/lib/python3.12/site-packages/airflow/example_dags/example_dynamic_task_mapping.py
[2024-12-18T15:49:58.666+0000] {processor.py:925} INFO - DAG(s) 'example_dynamic_task_mapping' retrieved from /home/ubuntu/demo8/lib/python3.12/site-packages/airflow/example_dags/example_dynamic_task_mapping.py
[2024-12-18T15:49:58.683+0000] {logging_mixin.py:190} INFO - [2024-12-18T15:49:58.683+0000] {dag.py:3239} INFO - Sync 1 DAGs
[2024-12-18T15:49:58.697+0000] {logging_mixin.py:190} INFO - [2024-12-18T15:49:58.697+0000] {dag.py:4180} INFO - Setting next_dagrun for example_dynamic_task_mapping to None, run_after=None
[2024-12-18T15:49:58.720+0000] {processor.py:208} INFO - Processing /home/ubuntu/demo8/lib/python3.12/site-packages/airflow/example_dags/example_dynamic_task_mapping.py took 0.074 seconds
[2024-12-18T15:50:56.873+0000] {processor.py:186} INFO - Started process (PID=4493) to work on /home/ubuntu/demo8/lib/python3.12/site-packages/airflow/example_dags/example_dynamic_task_mapping.py
[2024-12-18T15:50:56.874+0000] {processor.py:914} INFO - Processing file /home/ubuntu/demo8/lib/python3.12/site-packages/airflow/example_dags/example_dynamic_task_mapping.py for tasks to queue
[2024-12-18T15:50:56.877+0000] {logging_mixin.py:190} INFO - [2024-12-18T15:50:56.876+0000] {dagbag.py:588} INFO - Filling up the DagBag from /home/ubuntu/demo8/lib/python3.12/site-packages/airflow/example_dags/example_dynamic_task_mapping.py
[2024-12-18T15:50:56.886+0000] {processor.py:925} INFO - DAG(s) 'example_dynamic_task_mapping' retrieved from /home/ubuntu/demo8/lib/python3.12/site-packages/airflow/example_dags/example_dynamic_task_mapping.py
[2024-12-18T15:50:56.903+0000] {logging_mixin.py:190} INFO - [2024-12-18T15:50:56.902+0000] {dag.py:3239} INFO - Sync 1 DAGs
[2024-12-18T15:50:56.916+0000] {logging_mixin.py:190} INFO - [2024-12-18T15:50:56.916+0000] {dag.py:4180} INFO - Setting next_dagrun for example_dynamic_task_mapping to None, run_after=None
[2024-12-18T15:50:56.938+0000] {processor.py:208} INFO - Processing /home/ubuntu/demo8/lib/python3.12/site-packages/airflow/example_dags/example_dynamic_task_mapping.py took 0.072 seconds
[2024-12-18T15:51:51.329+0000] {processor.py:186} INFO - Started process (PID=4552) to work on /home/ubuntu/demo8/lib/python3.12/site-packages/airflow/example_dags/example_dynamic_task_mapping.py
[2024-12-18T15:51:51.330+0000] {processor.py:914} INFO - Processing file /home/ubuntu/demo8/lib/python3.12/site-packages/airflow/example_dags/example_dynamic_task_mapping.py for tasks to queue
[2024-12-18T15:51:51.333+0000] {logging_mixin.py:190} INFO - [2024-12-18T15:51:51.333+0000] {dagbag.py:588} INFO - Filling up the DagBag from /home/ubuntu/demo8/lib/python3.12/site-packages/airflow/example_dags/example_dynamic_task_mapping.py
[2024-12-18T15:51:51.342+0000] {processor.py:925} INFO - DAG(s) 'example_dynamic_task_mapping' retrieved from /home/ubuntu/demo8/lib/python3.12/site-packages/airflow/example_dags/example_dynamic_task_mapping.py
[2024-12-18T15:51:51.359+0000] {logging_mixin.py:190} INFO - [2024-12-18T15:51:51.359+0000] {dag.py:3239} INFO - Sync 1 DAGs
[2024-12-18T15:51:51.374+0000] {logging_mixin.py:190} INFO - [2024-12-18T15:51:51.373+0000] {dag.py:4180} INFO - Setting next_dagrun for example_dynamic_task_mapping to None, run_after=None
[2024-12-18T15:51:51.395+0000] {processor.py:208} INFO - Processing /home/ubuntu/demo8/lib/python3.12/site-packages/airflow/example_dags/example_dynamic_task_mapping.py took 0.073 seconds
[2024-12-18T15:52:45.230+0000] {processor.py:186} INFO - Started process (PID=4609) to work on /home/ubuntu/demo8/lib/python3.12/site-packages/airflow/example_dags/example_dynamic_task_mapping.py
[2024-12-18T15:52:45.232+0000] {processor.py:914} INFO - Processing file /home/ubuntu/demo8/lib/python3.12/site-packages/airflow/example_dags/example_dynamic_task_mapping.py for tasks to queue
[2024-12-18T15:52:45.234+0000] {logging_mixin.py:190} INFO - [2024-12-18T15:52:45.233+0000] {dagbag.py:588} INFO - Filling up the DagBag from /home/ubuntu/demo8/lib/python3.12/site-packages/airflow/example_dags/example_dynamic_task_mapping.py
[2024-12-18T15:52:45.244+0000] {processor.py:925} INFO - DAG(s) 'example_dynamic_task_mapping' retrieved from /home/ubuntu/demo8/lib/python3.12/site-packages/airflow/example_dags/example_dynamic_task_mapping.py
[2024-12-18T15:52:45.261+0000] {logging_mixin.py:190} INFO - [2024-12-18T15:52:45.261+0000] {dag.py:3239} INFO - Sync 1 DAGs
[2024-12-18T15:52:45.276+0000] {logging_mixin.py:190} INFO - [2024-12-18T15:52:45.276+0000] {dag.py:4180} INFO - Setting next_dagrun for example_dynamic_task_mapping to None, run_after=None
[2024-12-18T15:52:45.298+0000] {processor.py:208} INFO - Processing /home/ubuntu/demo8/lib/python3.12/site-packages/airflow/example_dags/example_dynamic_task_mapping.py took 0.075 seconds
[2024-12-18T15:53:40.405+0000] {processor.py:186} INFO - Started process (PID=4665) to work on /home/ubuntu/demo8/lib/python3.12/site-packages/airflow/example_dags/example_dynamic_task_mapping.py
[2024-12-18T15:53:40.407+0000] {processor.py:914} INFO - Processing file /home/ubuntu/demo8/lib/python3.12/site-packages/airflow/example_dags/example_dynamic_task_mapping.py for tasks to queue
[2024-12-18T15:53:40.409+0000] {logging_mixin.py:190} INFO - [2024-12-18T15:53:40.408+0000] {dagbag.py:588} INFO - Filling up the DagBag from /home/ubuntu/demo8/lib/python3.12/site-packages/airflow/example_dags/example_dynamic_task_mapping.py
[2024-12-18T15:53:40.419+0000] {processor.py:925} INFO - DAG(s) 'example_dynamic_task_mapping' retrieved from /home/ubuntu/demo8/lib/python3.12/site-packages/airflow/example_dags/example_dynamic_task_mapping.py
[2024-12-18T15:53:40.436+0000] {logging_mixin.py:190} INFO - [2024-12-18T15:53:40.435+0000] {dag.py:3239} INFO - Sync 1 DAGs
[2024-12-18T15:53:40.455+0000] {logging_mixin.py:190} INFO - [2024-12-18T15:53:40.455+0000] {dag.py:4180} INFO - Setting next_dagrun for example_dynamic_task_mapping to None, run_after=None
[2024-12-18T15:53:40.481+0000] {processor.py:208} INFO - Processing /home/ubuntu/demo8/lib/python3.12/site-packages/airflow/example_dags/example_dynamic_task_mapping.py took 0.082 seconds
[2024-12-18T15:55:06.589+0000] {processor.py:186} INFO - Started process (PID=4782) to work on /home/ubuntu/demo8/lib/python3.12/site-packages/airflow/example_dags/example_dynamic_task_mapping.py
[2024-12-18T15:55:06.590+0000] {processor.py:914} INFO - Processing file /home/ubuntu/demo8/lib/python3.12/site-packages/airflow/example_dags/example_dynamic_task_mapping.py for tasks to queue
[2024-12-18T15:55:06.593+0000] {logging_mixin.py:190} INFO - [2024-12-18T15:55:06.592+0000] {dagbag.py:588} INFO - Filling up the DagBag from /home/ubuntu/demo8/lib/python3.12/site-packages/airflow/example_dags/example_dynamic_task_mapping.py
[2024-12-18T15:55:06.603+0000] {processor.py:925} INFO - DAG(s) 'example_dynamic_task_mapping' retrieved from /home/ubuntu/demo8/lib/python3.12/site-packages/airflow/example_dags/example_dynamic_task_mapping.py
[2024-12-18T15:55:06.620+0000] {logging_mixin.py:190} INFO - [2024-12-18T15:55:06.620+0000] {dag.py:3239} INFO - Sync 1 DAGs
[2024-12-18T15:55:06.634+0000] {logging_mixin.py:190} INFO - [2024-12-18T15:55:06.634+0000] {dag.py:4180} INFO - Setting next_dagrun for example_dynamic_task_mapping to None, run_after=None
[2024-12-18T15:55:06.659+0000] {processor.py:208} INFO - Processing /home/ubuntu/demo8/lib/python3.12/site-packages/airflow/example_dags/example_dynamic_task_mapping.py took 0.076 seconds
[2024-12-18T15:56:03.441+0000] {processor.py:186} INFO - Started process (PID=4842) to work on /home/ubuntu/demo8/lib/python3.12/site-packages/airflow/example_dags/example_dynamic_task_mapping.py
[2024-12-18T15:56:03.442+0000] {processor.py:914} INFO - Processing file /home/ubuntu/demo8/lib/python3.12/site-packages/airflow/example_dags/example_dynamic_task_mapping.py for tasks to queue
[2024-12-18T15:56:03.445+0000] {logging_mixin.py:190} INFO - [2024-12-18T15:56:03.444+0000] {dagbag.py:588} INFO - Filling up the DagBag from /home/ubuntu/demo8/lib/python3.12/site-packages/airflow/example_dags/example_dynamic_task_mapping.py
[2024-12-18T15:56:03.454+0000] {processor.py:925} INFO - DAG(s) 'example_dynamic_task_mapping' retrieved from /home/ubuntu/demo8/lib/python3.12/site-packages/airflow/example_dags/example_dynamic_task_mapping.py
[2024-12-18T15:56:03.471+0000] {logging_mixin.py:190} INFO - [2024-12-18T15:56:03.471+0000] {dag.py:3239} INFO - Sync 1 DAGs
[2024-12-18T15:56:03.485+0000] {logging_mixin.py:190} INFO - [2024-12-18T15:56:03.484+0000] {dag.py:4180} INFO - Setting next_dagrun for example_dynamic_task_mapping to None, run_after=None
[2024-12-18T15:56:03.507+0000] {processor.py:208} INFO - Processing /home/ubuntu/demo8/lib/python3.12/site-packages/airflow/example_dags/example_dynamic_task_mapping.py took 0.072 seconds
[2024-12-18T15:57:34.112+0000] {processor.py:186} INFO - Started process (PID=4929) to work on /home/ubuntu/demo8/lib/python3.12/site-packages/airflow/example_dags/example_dynamic_task_mapping.py
[2024-12-18T15:57:34.113+0000] {processor.py:914} INFO - Processing file /home/ubuntu/demo8/lib/python3.12/site-packages/airflow/example_dags/example_dynamic_task_mapping.py for tasks to queue
[2024-12-18T15:57:34.115+0000] {logging_mixin.py:190} INFO - [2024-12-18T15:57:34.115+0000] {dagbag.py:588} INFO - Filling up the DagBag from /home/ubuntu/demo8/lib/python3.12/site-packages/airflow/example_dags/example_dynamic_task_mapping.py
[2024-12-18T15:57:34.126+0000] {processor.py:925} INFO - DAG(s) 'example_dynamic_task_mapping' retrieved from /home/ubuntu/demo8/lib/python3.12/site-packages/airflow/example_dags/example_dynamic_task_mapping.py
[2024-12-18T15:57:34.142+0000] {logging_mixin.py:190} INFO - [2024-12-18T15:57:34.142+0000] {dag.py:3239} INFO - Sync 1 DAGs
[2024-12-18T15:57:34.156+0000] {logging_mixin.py:190} INFO - [2024-12-18T15:57:34.155+0000] {dag.py:4180} INFO - Setting next_dagrun for example_dynamic_task_mapping to None, run_after=None
[2024-12-18T15:57:34.178+0000] {processor.py:208} INFO - Processing /home/ubuntu/demo8/lib/python3.12/site-packages/airflow/example_dags/example_dynamic_task_mapping.py took 0.072 seconds
[2024-12-18T15:58:30.958+0000] {processor.py:186} INFO - Started process (PID=4987) to work on /home/ubuntu/demo8/lib/python3.12/site-packages/airflow/example_dags/example_dynamic_task_mapping.py
[2024-12-18T15:58:30.960+0000] {processor.py:914} INFO - Processing file /home/ubuntu/demo8/lib/python3.12/site-packages/airflow/example_dags/example_dynamic_task_mapping.py for tasks to queue
[2024-12-18T15:58:30.962+0000] {logging_mixin.py:190} INFO - [2024-12-18T15:58:30.962+0000] {dagbag.py:588} INFO - Filling up the DagBag from /home/ubuntu/demo8/lib/python3.12/site-packages/airflow/example_dags/example_dynamic_task_mapping.py
[2024-12-18T15:58:30.971+0000] {processor.py:925} INFO - DAG(s) 'example_dynamic_task_mapping' retrieved from /home/ubuntu/demo8/lib/python3.12/site-packages/airflow/example_dags/example_dynamic_task_mapping.py
[2024-12-18T15:58:30.988+0000] {logging_mixin.py:190} INFO - [2024-12-18T15:58:30.987+0000] {dag.py:3239} INFO - Sync 1 DAGs
[2024-12-18T15:58:31.001+0000] {logging_mixin.py:190} INFO - [2024-12-18T15:58:31.001+0000] {dag.py:4180} INFO - Setting next_dagrun for example_dynamic_task_mapping to None, run_after=None
[2024-12-18T15:58:31.022+0000] {processor.py:208} INFO - Processing /home/ubuntu/demo8/lib/python3.12/site-packages/airflow/example_dags/example_dynamic_task_mapping.py took 0.070 seconds
[2024-12-18T16:00:32.923+0000] {processor.py:186} INFO - Started process (PID=5113) to work on /home/ubuntu/demo8/lib/python3.12/site-packages/airflow/example_dags/example_dynamic_task_mapping.py
[2024-12-18T16:00:32.925+0000] {processor.py:914} INFO - Processing file /home/ubuntu/demo8/lib/python3.12/site-packages/airflow/example_dags/example_dynamic_task_mapping.py for tasks to queue
[2024-12-18T16:00:32.927+0000] {logging_mixin.py:190} INFO - [2024-12-18T16:00:32.927+0000] {dagbag.py:588} INFO - Filling up the DagBag from /home/ubuntu/demo8/lib/python3.12/site-packages/airflow/example_dags/example_dynamic_task_mapping.py
[2024-12-18T16:00:32.937+0000] {processor.py:925} INFO - DAG(s) 'example_dynamic_task_mapping' retrieved from /home/ubuntu/demo8/lib/python3.12/site-packages/airflow/example_dags/example_dynamic_task_mapping.py
[2024-12-18T16:00:32.954+0000] {logging_mixin.py:190} INFO - [2024-12-18T16:00:32.954+0000] {dag.py:3239} INFO - Sync 1 DAGs
[2024-12-18T16:00:32.967+0000] {logging_mixin.py:190} INFO - [2024-12-18T16:00:32.967+0000] {dag.py:4180} INFO - Setting next_dagrun for example_dynamic_task_mapping to None, run_after=None
[2024-12-18T16:00:32.988+0000] {processor.py:208} INFO - Processing /home/ubuntu/demo8/lib/python3.12/site-packages/airflow/example_dags/example_dynamic_task_mapping.py took 0.071 seconds
[2024-12-18T16:01:29.768+0000] {processor.py:186} INFO - Started process (PID=5173) to work on /home/ubuntu/demo8/lib/python3.12/site-packages/airflow/example_dags/example_dynamic_task_mapping.py
[2024-12-18T16:01:29.770+0000] {processor.py:914} INFO - Processing file /home/ubuntu/demo8/lib/python3.12/site-packages/airflow/example_dags/example_dynamic_task_mapping.py for tasks to queue
[2024-12-18T16:01:29.772+0000] {logging_mixin.py:190} INFO - [2024-12-18T16:01:29.772+0000] {dagbag.py:588} INFO - Filling up the DagBag from /home/ubuntu/demo8/lib/python3.12/site-packages/airflow/example_dags/example_dynamic_task_mapping.py
[2024-12-18T16:01:29.781+0000] {processor.py:925} INFO - DAG(s) 'example_dynamic_task_mapping' retrieved from /home/ubuntu/demo8/lib/python3.12/site-packages/airflow/example_dags/example_dynamic_task_mapping.py
[2024-12-18T16:01:29.797+0000] {logging_mixin.py:190} INFO - [2024-12-18T16:01:29.797+0000] {dag.py:3239} INFO - Sync 1 DAGs
[2024-12-18T16:01:29.811+0000] {logging_mixin.py:190} INFO - [2024-12-18T16:01:29.811+0000] {dag.py:4180} INFO - Setting next_dagrun for example_dynamic_task_mapping to None, run_after=None
[2024-12-18T16:01:29.832+0000] {processor.py:208} INFO - Processing /home/ubuntu/demo8/lib/python3.12/site-packages/airflow/example_dags/example_dynamic_task_mapping.py took 0.070 seconds
[2024-12-18T16:02:26.517+0000] {processor.py:186} INFO - Started process (PID=5231) to work on /home/ubuntu/demo8/lib/python3.12/site-packages/airflow/example_dags/example_dynamic_task_mapping.py
[2024-12-18T16:02:26.519+0000] {processor.py:914} INFO - Processing file /home/ubuntu/demo8/lib/python3.12/site-packages/airflow/example_dags/example_dynamic_task_mapping.py for tasks to queue
[2024-12-18T16:02:26.521+0000] {logging_mixin.py:190} INFO - [2024-12-18T16:02:26.520+0000] {dagbag.py:588} INFO - Filling up the DagBag from /home/ubuntu/demo8/lib/python3.12/site-packages/airflow/example_dags/example_dynamic_task_mapping.py
[2024-12-18T16:02:26.530+0000] {processor.py:925} INFO - DAG(s) 'example_dynamic_task_mapping' retrieved from /home/ubuntu/demo8/lib/python3.12/site-packages/airflow/example_dags/example_dynamic_task_mapping.py
[2024-12-18T16:02:26.548+0000] {logging_mixin.py:190} INFO - [2024-12-18T16:02:26.548+0000] {dag.py:3239} INFO - Sync 1 DAGs
[2024-12-18T16:02:26.562+0000] {logging_mixin.py:190} INFO - [2024-12-18T16:02:26.562+0000] {dag.py:4180} INFO - Setting next_dagrun for example_dynamic_task_mapping to None, run_after=None
[2024-12-18T16:02:26.585+0000] {processor.py:208} INFO - Processing /home/ubuntu/demo8/lib/python3.12/site-packages/airflow/example_dags/example_dynamic_task_mapping.py took 0.074 seconds
[2024-12-18T16:03:20.506+0000] {processor.py:186} INFO - Started process (PID=5286) to work on /home/ubuntu/demo8/lib/python3.12/site-packages/airflow/example_dags/example_dynamic_task_mapping.py
[2024-12-18T16:03:20.507+0000] {processor.py:914} INFO - Processing file /home/ubuntu/demo8/lib/python3.12/site-packages/airflow/example_dags/example_dynamic_task_mapping.py for tasks to queue
[2024-12-18T16:03:20.510+0000] {logging_mixin.py:190} INFO - [2024-12-18T16:03:20.509+0000] {dagbag.py:588} INFO - Filling up the DagBag from /home/ubuntu/demo8/lib/python3.12/site-packages/airflow/example_dags/example_dynamic_task_mapping.py
[2024-12-18T16:03:20.518+0000] {processor.py:925} INFO - DAG(s) 'example_dynamic_task_mapping' retrieved from /home/ubuntu/demo8/lib/python3.12/site-packages/airflow/example_dags/example_dynamic_task_mapping.py
[2024-12-18T16:03:20.535+0000] {logging_mixin.py:190} INFO - [2024-12-18T16:03:20.534+0000] {dag.py:3239} INFO - Sync 1 DAGs
[2024-12-18T16:03:20.549+0000] {logging_mixin.py:190} INFO - [2024-12-18T16:03:20.549+0000] {dag.py:4180} INFO - Setting next_dagrun for example_dynamic_task_mapping to None, run_after=None
[2024-12-18T16:03:20.570+0000] {processor.py:208} INFO - Processing /home/ubuntu/demo8/lib/python3.12/site-packages/airflow/example_dags/example_dynamic_task_mapping.py took 0.071 seconds
[2024-12-18T20:30:00.434+0000] {processor.py:186} INFO - Started process (PID=2766) to work on /home/ubuntu/demo8/lib/python3.12/site-packages/airflow/example_dags/example_dynamic_task_mapping.py
[2024-12-18T20:30:00.436+0000] {processor.py:914} INFO - Processing file /home/ubuntu/demo8/lib/python3.12/site-packages/airflow/example_dags/example_dynamic_task_mapping.py for tasks to queue
[2024-12-18T20:30:00.438+0000] {logging_mixin.py:190} INFO - [2024-12-18T20:30:00.438+0000] {dagbag.py:588} INFO - Filling up the DagBag from /home/ubuntu/demo8/lib/python3.12/site-packages/airflow/example_dags/example_dynamic_task_mapping.py
[2024-12-18T20:30:00.448+0000] {processor.py:925} INFO - DAG(s) 'example_dynamic_task_mapping' retrieved from /home/ubuntu/demo8/lib/python3.12/site-packages/airflow/example_dags/example_dynamic_task_mapping.py
[2024-12-18T20:30:00.464+0000] {logging_mixin.py:190} INFO - [2024-12-18T20:30:00.464+0000] {dag.py:3239} INFO - Sync 1 DAGs
[2024-12-18T20:30:00.478+0000] {logging_mixin.py:190} INFO - [2024-12-18T20:30:00.478+0000] {dag.py:4180} INFO - Setting next_dagrun for example_dynamic_task_mapping to None, run_after=None
[2024-12-18T20:30:00.500+0000] {processor.py:208} INFO - Processing /home/ubuntu/demo8/lib/python3.12/site-packages/airflow/example_dags/example_dynamic_task_mapping.py took 0.072 seconds
[2024-12-18T20:30:58.440+0000] {processor.py:186} INFO - Started process (PID=2949) to work on /home/ubuntu/demo8/lib/python3.12/site-packages/airflow/example_dags/example_dynamic_task_mapping.py
[2024-12-18T20:30:58.441+0000] {processor.py:914} INFO - Processing file /home/ubuntu/demo8/lib/python3.12/site-packages/airflow/example_dags/example_dynamic_task_mapping.py for tasks to queue
[2024-12-18T20:30:58.445+0000] {logging_mixin.py:190} INFO - [2024-12-18T20:30:58.444+0000] {dagbag.py:588} INFO - Filling up the DagBag from /home/ubuntu/demo8/lib/python3.12/site-packages/airflow/example_dags/example_dynamic_task_mapping.py
[2024-12-18T20:30:58.454+0000] {processor.py:925} INFO - DAG(s) 'example_dynamic_task_mapping' retrieved from /home/ubuntu/demo8/lib/python3.12/site-packages/airflow/example_dags/example_dynamic_task_mapping.py
[2024-12-18T20:30:58.470+0000] {logging_mixin.py:190} INFO - [2024-12-18T20:30:58.470+0000] {dag.py:3239} INFO - Sync 1 DAGs
[2024-12-18T20:30:58.486+0000] {logging_mixin.py:190} INFO - [2024-12-18T20:30:58.486+0000] {dag.py:4180} INFO - Setting next_dagrun for example_dynamic_task_mapping to None, run_after=None
[2024-12-18T20:30:58.508+0000] {processor.py:208} INFO - Processing /home/ubuntu/demo8/lib/python3.12/site-packages/airflow/example_dags/example_dynamic_task_mapping.py took 0.075 seconds
[2024-12-18T20:31:54.738+0000] {processor.py:186} INFO - Started process (PID=3208) to work on /home/ubuntu/demo8/lib/python3.12/site-packages/airflow/example_dags/example_dynamic_task_mapping.py
[2024-12-18T20:31:54.740+0000] {processor.py:914} INFO - Processing file /home/ubuntu/demo8/lib/python3.12/site-packages/airflow/example_dags/example_dynamic_task_mapping.py for tasks to queue
[2024-12-18T20:31:54.744+0000] {logging_mixin.py:190} INFO - [2024-12-18T20:31:54.743+0000] {dagbag.py:588} INFO - Filling up the DagBag from /home/ubuntu/demo8/lib/python3.12/site-packages/airflow/example_dags/example_dynamic_task_mapping.py
[2024-12-18T20:31:54.754+0000] {processor.py:925} INFO - DAG(s) 'example_dynamic_task_mapping' retrieved from /home/ubuntu/demo8/lib/python3.12/site-packages/airflow/example_dags/example_dynamic_task_mapping.py
[2024-12-18T20:31:54.771+0000] {logging_mixin.py:190} INFO - [2024-12-18T20:31:54.771+0000] {dag.py:3239} INFO - Sync 1 DAGs
[2024-12-18T20:31:54.789+0000] {logging_mixin.py:190} INFO - [2024-12-18T20:31:54.788+0000] {dag.py:4180} INFO - Setting next_dagrun for example_dynamic_task_mapping to None, run_after=None
[2024-12-18T20:31:54.811+0000] {processor.py:208} INFO - Processing /home/ubuntu/demo8/lib/python3.12/site-packages/airflow/example_dags/example_dynamic_task_mapping.py took 0.080 seconds
[2024-12-18T20:32:51.621+0000] {processor.py:186} INFO - Started process (PID=3420) to work on /home/ubuntu/demo8/lib/python3.12/site-packages/airflow/example_dags/example_dynamic_task_mapping.py
[2024-12-18T20:32:51.623+0000] {processor.py:914} INFO - Processing file /home/ubuntu/demo8/lib/python3.12/site-packages/airflow/example_dags/example_dynamic_task_mapping.py for tasks to queue
[2024-12-18T20:32:51.627+0000] {logging_mixin.py:190} INFO - [2024-12-18T20:32:51.626+0000] {dagbag.py:588} INFO - Filling up the DagBag from /home/ubuntu/demo8/lib/python3.12/site-packages/airflow/example_dags/example_dynamic_task_mapping.py
[2024-12-18T20:32:51.636+0000] {processor.py:925} INFO - DAG(s) 'example_dynamic_task_mapping' retrieved from /home/ubuntu/demo8/lib/python3.12/site-packages/airflow/example_dags/example_dynamic_task_mapping.py
[2024-12-18T20:32:51.652+0000] {logging_mixin.py:190} INFO - [2024-12-18T20:32:51.652+0000] {dag.py:3239} INFO - Sync 1 DAGs
[2024-12-18T20:32:51.668+0000] {logging_mixin.py:190} INFO - [2024-12-18T20:32:51.667+0000] {dag.py:4180} INFO - Setting next_dagrun for example_dynamic_task_mapping to None, run_after=None
[2024-12-18T20:32:51.690+0000] {processor.py:208} INFO - Processing /home/ubuntu/demo8/lib/python3.12/site-packages/airflow/example_dags/example_dynamic_task_mapping.py took 0.074 seconds
[2024-12-18T20:33:45.313+0000] {processor.py:186} INFO - Started process (PID=3537) to work on /home/ubuntu/demo8/lib/python3.12/site-packages/airflow/example_dags/example_dynamic_task_mapping.py
[2024-12-18T20:33:45.315+0000] {processor.py:914} INFO - Processing file /home/ubuntu/demo8/lib/python3.12/site-packages/airflow/example_dags/example_dynamic_task_mapping.py for tasks to queue
[2024-12-18T20:33:45.318+0000] {logging_mixin.py:190} INFO - [2024-12-18T20:33:45.317+0000] {dagbag.py:588} INFO - Filling up the DagBag from /home/ubuntu/demo8/lib/python3.12/site-packages/airflow/example_dags/example_dynamic_task_mapping.py
[2024-12-18T20:33:45.326+0000] {processor.py:925} INFO - DAG(s) 'example_dynamic_task_mapping' retrieved from /home/ubuntu/demo8/lib/python3.12/site-packages/airflow/example_dags/example_dynamic_task_mapping.py
[2024-12-18T20:33:45.343+0000] {logging_mixin.py:190} INFO - [2024-12-18T20:33:45.343+0000] {dag.py:3239} INFO - Sync 1 DAGs
[2024-12-18T20:33:45.357+0000] {logging_mixin.py:190} INFO - [2024-12-18T20:33:45.356+0000] {dag.py:4180} INFO - Setting next_dagrun for example_dynamic_task_mapping to None, run_after=None
[2024-12-18T20:33:45.378+0000] {processor.py:208} INFO - Processing /home/ubuntu/demo8/lib/python3.12/site-packages/airflow/example_dags/example_dynamic_task_mapping.py took 0.071 seconds
[2024-12-18T20:34:54.381+0000] {processor.py:186} INFO - Started process (PID=3723) to work on /home/ubuntu/demo8/lib/python3.12/site-packages/airflow/example_dags/example_dynamic_task_mapping.py
[2024-12-18T20:34:54.383+0000] {processor.py:914} INFO - Processing file /home/ubuntu/demo8/lib/python3.12/site-packages/airflow/example_dags/example_dynamic_task_mapping.py for tasks to queue
[2024-12-18T20:34:54.385+0000] {logging_mixin.py:190} INFO - [2024-12-18T20:34:54.385+0000] {dagbag.py:588} INFO - Filling up the DagBag from /home/ubuntu/demo8/lib/python3.12/site-packages/airflow/example_dags/example_dynamic_task_mapping.py
[2024-12-18T20:34:54.395+0000] {processor.py:925} INFO - DAG(s) 'example_dynamic_task_mapping' retrieved from /home/ubuntu/demo8/lib/python3.12/site-packages/airflow/example_dags/example_dynamic_task_mapping.py
[2024-12-18T20:34:54.412+0000] {logging_mixin.py:190} INFO - [2024-12-18T20:34:54.412+0000] {dag.py:3239} INFO - Sync 1 DAGs
[2024-12-18T20:34:54.427+0000] {logging_mixin.py:190} INFO - [2024-12-18T20:34:54.426+0000] {dag.py:4180} INFO - Setting next_dagrun for example_dynamic_task_mapping to None, run_after=None
[2024-12-18T20:34:54.449+0000] {processor.py:208} INFO - Processing /home/ubuntu/demo8/lib/python3.12/site-packages/airflow/example_dags/example_dynamic_task_mapping.py took 0.074 seconds
[2024-12-18T20:35:52.505+0000] {processor.py:186} INFO - Started process (PID=3848) to work on /home/ubuntu/demo8/lib/python3.12/site-packages/airflow/example_dags/example_dynamic_task_mapping.py
[2024-12-18T20:35:52.507+0000] {processor.py:914} INFO - Processing file /home/ubuntu/demo8/lib/python3.12/site-packages/airflow/example_dags/example_dynamic_task_mapping.py for tasks to queue
[2024-12-18T20:35:52.510+0000] {logging_mixin.py:190} INFO - [2024-12-18T20:35:52.510+0000] {dagbag.py:588} INFO - Filling up the DagBag from /home/ubuntu/demo8/lib/python3.12/site-packages/airflow/example_dags/example_dynamic_task_mapping.py
[2024-12-18T20:35:52.520+0000] {processor.py:925} INFO - DAG(s) 'example_dynamic_task_mapping' retrieved from /home/ubuntu/demo8/lib/python3.12/site-packages/airflow/example_dags/example_dynamic_task_mapping.py
[2024-12-18T20:35:52.537+0000] {logging_mixin.py:190} INFO - [2024-12-18T20:35:52.537+0000] {dag.py:3239} INFO - Sync 1 DAGs
[2024-12-18T20:35:52.552+0000] {logging_mixin.py:190} INFO - [2024-12-18T20:35:52.552+0000] {dag.py:4180} INFO - Setting next_dagrun for example_dynamic_task_mapping to None, run_after=None
[2024-12-18T20:35:52.574+0000] {processor.py:208} INFO - Processing /home/ubuntu/demo8/lib/python3.12/site-packages/airflow/example_dags/example_dynamic_task_mapping.py took 0.075 seconds
[2024-12-18T20:36:50.540+0000] {processor.py:186} INFO - Started process (PID=3967) to work on /home/ubuntu/demo8/lib/python3.12/site-packages/airflow/example_dags/example_dynamic_task_mapping.py
[2024-12-18T20:36:50.542+0000] {processor.py:914} INFO - Processing file /home/ubuntu/demo8/lib/python3.12/site-packages/airflow/example_dags/example_dynamic_task_mapping.py for tasks to queue
[2024-12-18T20:36:50.545+0000] {logging_mixin.py:190} INFO - [2024-12-18T20:36:50.545+0000] {dagbag.py:588} INFO - Filling up the DagBag from /home/ubuntu/demo8/lib/python3.12/site-packages/airflow/example_dags/example_dynamic_task_mapping.py
[2024-12-18T20:36:50.555+0000] {processor.py:925} INFO - DAG(s) 'example_dynamic_task_mapping' retrieved from /home/ubuntu/demo8/lib/python3.12/site-packages/airflow/example_dags/example_dynamic_task_mapping.py
[2024-12-18T20:36:50.572+0000] {logging_mixin.py:190} INFO - [2024-12-18T20:36:50.571+0000] {dag.py:3239} INFO - Sync 1 DAGs
[2024-12-18T20:36:50.586+0000] {logging_mixin.py:190} INFO - [2024-12-18T20:36:50.586+0000] {dag.py:4180} INFO - Setting next_dagrun for example_dynamic_task_mapping to None, run_after=None
[2024-12-18T20:36:50.609+0000] {processor.py:208} INFO - Processing /home/ubuntu/demo8/lib/python3.12/site-packages/airflow/example_dags/example_dynamic_task_mapping.py took 0.075 seconds
[2024-12-18T20:37:46.440+0000] {processor.py:186} INFO - Started process (PID=4085) to work on /home/ubuntu/demo8/lib/python3.12/site-packages/airflow/example_dags/example_dynamic_task_mapping.py
[2024-12-18T20:37:46.441+0000] {processor.py:914} INFO - Processing file /home/ubuntu/demo8/lib/python3.12/site-packages/airflow/example_dags/example_dynamic_task_mapping.py for tasks to queue
[2024-12-18T20:37:46.444+0000] {logging_mixin.py:190} INFO - [2024-12-18T20:37:46.444+0000] {dagbag.py:588} INFO - Filling up the DagBag from /home/ubuntu/demo8/lib/python3.12/site-packages/airflow/example_dags/example_dynamic_task_mapping.py
[2024-12-18T20:37:46.454+0000] {processor.py:925} INFO - DAG(s) 'example_dynamic_task_mapping' retrieved from /home/ubuntu/demo8/lib/python3.12/site-packages/airflow/example_dags/example_dynamic_task_mapping.py
[2024-12-18T20:37:46.472+0000] {logging_mixin.py:190} INFO - [2024-12-18T20:37:46.472+0000] {dag.py:3239} INFO - Sync 1 DAGs
[2024-12-18T20:37:46.500+0000] {logging_mixin.py:190} INFO - [2024-12-18T20:37:46.500+0000] {dag.py:4180} INFO - Setting next_dagrun for example_dynamic_task_mapping to None, run_after=None
[2024-12-18T20:37:46.527+0000] {processor.py:208} INFO - Processing /home/ubuntu/demo8/lib/python3.12/site-packages/airflow/example_dags/example_dynamic_task_mapping.py took 0.094 seconds
[2024-12-18T20:38:41.182+0000] {processor.py:186} INFO - Started process (PID=4201) to work on /home/ubuntu/demo8/lib/python3.12/site-packages/airflow/example_dags/example_dynamic_task_mapping.py
[2024-12-18T20:38:41.184+0000] {processor.py:914} INFO - Processing file /home/ubuntu/demo8/lib/python3.12/site-packages/airflow/example_dags/example_dynamic_task_mapping.py for tasks to queue
[2024-12-18T20:38:41.187+0000] {logging_mixin.py:190} INFO - [2024-12-18T20:38:41.187+0000] {dagbag.py:588} INFO - Filling up the DagBag from /home/ubuntu/demo8/lib/python3.12/site-packages/airflow/example_dags/example_dynamic_task_mapping.py
[2024-12-18T20:38:41.196+0000] {processor.py:925} INFO - DAG(s) 'example_dynamic_task_mapping' retrieved from /home/ubuntu/demo8/lib/python3.12/site-packages/airflow/example_dags/example_dynamic_task_mapping.py
[2024-12-18T20:38:41.213+0000] {logging_mixin.py:190} INFO - [2024-12-18T20:38:41.213+0000] {dag.py:3239} INFO - Sync 1 DAGs
[2024-12-18T20:38:41.228+0000] {logging_mixin.py:190} INFO - [2024-12-18T20:38:41.228+0000] {dag.py:4180} INFO - Setting next_dagrun for example_dynamic_task_mapping to None, run_after=None
[2024-12-18T20:38:41.251+0000] {processor.py:208} INFO - Processing /home/ubuntu/demo8/lib/python3.12/site-packages/airflow/example_dags/example_dynamic_task_mapping.py took 0.074 seconds
[2024-12-18T20:39:36.299+0000] {processor.py:186} INFO - Started process (PID=4379) to work on /home/ubuntu/demo8/lib/python3.12/site-packages/airflow/example_dags/example_dynamic_task_mapping.py
[2024-12-18T20:39:36.300+0000] {processor.py:914} INFO - Processing file /home/ubuntu/demo8/lib/python3.12/site-packages/airflow/example_dags/example_dynamic_task_mapping.py for tasks to queue
[2024-12-18T20:39:36.303+0000] {logging_mixin.py:190} INFO - [2024-12-18T20:39:36.302+0000] {dagbag.py:588} INFO - Filling up the DagBag from /home/ubuntu/demo8/lib/python3.12/site-packages/airflow/example_dags/example_dynamic_task_mapping.py
[2024-12-18T20:39:36.317+0000] {processor.py:925} INFO - DAG(s) 'example_dynamic_task_mapping' retrieved from /home/ubuntu/demo8/lib/python3.12/site-packages/airflow/example_dags/example_dynamic_task_mapping.py
[2024-12-18T20:39:36.339+0000] {logging_mixin.py:190} INFO - [2024-12-18T20:39:36.339+0000] {dag.py:3239} INFO - Sync 1 DAGs
[2024-12-18T20:39:36.353+0000] {logging_mixin.py:190} INFO - [2024-12-18T20:39:36.353+0000] {dag.py:4180} INFO - Setting next_dagrun for example_dynamic_task_mapping to None, run_after=None
[2024-12-18T20:39:36.376+0000] {processor.py:208} INFO - Processing /home/ubuntu/demo8/lib/python3.12/site-packages/airflow/example_dags/example_dynamic_task_mapping.py took 0.084 seconds
[2024-12-18T20:40:34.473+0000] {processor.py:186} INFO - Started process (PID=4515) to work on /home/ubuntu/demo8/lib/python3.12/site-packages/airflow/example_dags/example_dynamic_task_mapping.py
[2024-12-18T20:40:34.475+0000] {processor.py:914} INFO - Processing file /home/ubuntu/demo8/lib/python3.12/site-packages/airflow/example_dags/example_dynamic_task_mapping.py for tasks to queue
[2024-12-18T20:40:34.478+0000] {logging_mixin.py:190} INFO - [2024-12-18T20:40:34.477+0000] {dagbag.py:588} INFO - Filling up the DagBag from /home/ubuntu/demo8/lib/python3.12/site-packages/airflow/example_dags/example_dynamic_task_mapping.py
[2024-12-18T20:40:34.488+0000] {processor.py:925} INFO - DAG(s) 'example_dynamic_task_mapping' retrieved from /home/ubuntu/demo8/lib/python3.12/site-packages/airflow/example_dags/example_dynamic_task_mapping.py
[2024-12-18T20:40:34.504+0000] {logging_mixin.py:190} INFO - [2024-12-18T20:40:34.504+0000] {dag.py:3239} INFO - Sync 1 DAGs
[2024-12-18T20:40:34.519+0000] {logging_mixin.py:190} INFO - [2024-12-18T20:40:34.519+0000] {dag.py:4180} INFO - Setting next_dagrun for example_dynamic_task_mapping to None, run_after=None
[2024-12-18T20:40:34.542+0000] {processor.py:208} INFO - Processing /home/ubuntu/demo8/lib/python3.12/site-packages/airflow/example_dags/example_dynamic_task_mapping.py took 0.075 seconds
[2024-12-18T20:41:27.544+0000] {processor.py:186} INFO - Started process (PID=4634) to work on /home/ubuntu/demo8/lib/python3.12/site-packages/airflow/example_dags/example_dynamic_task_mapping.py
[2024-12-18T20:41:27.546+0000] {processor.py:914} INFO - Processing file /home/ubuntu/demo8/lib/python3.12/site-packages/airflow/example_dags/example_dynamic_task_mapping.py for tasks to queue
[2024-12-18T20:41:27.548+0000] {logging_mixin.py:190} INFO - [2024-12-18T20:41:27.548+0000] {dagbag.py:588} INFO - Filling up the DagBag from /home/ubuntu/demo8/lib/python3.12/site-packages/airflow/example_dags/example_dynamic_task_mapping.py
[2024-12-18T20:41:27.558+0000] {processor.py:925} INFO - DAG(s) 'example_dynamic_task_mapping' retrieved from /home/ubuntu/demo8/lib/python3.12/site-packages/airflow/example_dags/example_dynamic_task_mapping.py
[2024-12-18T20:41:27.575+0000] {logging_mixin.py:190} INFO - [2024-12-18T20:41:27.575+0000] {dag.py:3239} INFO - Sync 1 DAGs
[2024-12-18T20:41:27.589+0000] {logging_mixin.py:190} INFO - [2024-12-18T20:41:27.589+0000] {dag.py:4180} INFO - Setting next_dagrun for example_dynamic_task_mapping to None, run_after=None
[2024-12-18T20:41:27.612+0000] {processor.py:208} INFO - Processing /home/ubuntu/demo8/lib/python3.12/site-packages/airflow/example_dags/example_dynamic_task_mapping.py took 0.074 seconds
[2024-12-18T20:42:24.047+0000] {processor.py:186} INFO - Started process (PID=4751) to work on /home/ubuntu/demo8/lib/python3.12/site-packages/airflow/example_dags/example_dynamic_task_mapping.py
[2024-12-18T20:42:24.048+0000] {processor.py:914} INFO - Processing file /home/ubuntu/demo8/lib/python3.12/site-packages/airflow/example_dags/example_dynamic_task_mapping.py for tasks to queue
[2024-12-18T20:42:24.051+0000] {logging_mixin.py:190} INFO - [2024-12-18T20:42:24.051+0000] {dagbag.py:588} INFO - Filling up the DagBag from /home/ubuntu/demo8/lib/python3.12/site-packages/airflow/example_dags/example_dynamic_task_mapping.py
[2024-12-18T20:42:24.061+0000] {processor.py:925} INFO - DAG(s) 'example_dynamic_task_mapping' retrieved from /home/ubuntu/demo8/lib/python3.12/site-packages/airflow/example_dags/example_dynamic_task_mapping.py
[2024-12-18T20:42:24.077+0000] {logging_mixin.py:190} INFO - [2024-12-18T20:42:24.077+0000] {dag.py:3239} INFO - Sync 1 DAGs
[2024-12-18T20:42:24.091+0000] {logging_mixin.py:190} INFO - [2024-12-18T20:42:24.090+0000] {dag.py:4180} INFO - Setting next_dagrun for example_dynamic_task_mapping to None, run_after=None
[2024-12-18T20:42:24.112+0000] {processor.py:208} INFO - Processing /home/ubuntu/demo8/lib/python3.12/site-packages/airflow/example_dags/example_dynamic_task_mapping.py took 0.071 seconds
[2024-12-18T20:43:17.227+0000] {processor.py:186} INFO - Started process (PID=4832) to work on /home/ubuntu/demo8/lib/python3.12/site-packages/airflow/example_dags/example_dynamic_task_mapping.py
[2024-12-18T20:43:17.229+0000] {processor.py:914} INFO - Processing file /home/ubuntu/demo8/lib/python3.12/site-packages/airflow/example_dags/example_dynamic_task_mapping.py for tasks to queue
[2024-12-18T20:43:17.231+0000] {logging_mixin.py:190} INFO - [2024-12-18T20:43:17.231+0000] {dagbag.py:588} INFO - Filling up the DagBag from /home/ubuntu/demo8/lib/python3.12/site-packages/airflow/example_dags/example_dynamic_task_mapping.py
[2024-12-18T20:43:17.241+0000] {processor.py:925} INFO - DAG(s) 'example_dynamic_task_mapping' retrieved from /home/ubuntu/demo8/lib/python3.12/site-packages/airflow/example_dags/example_dynamic_task_mapping.py
[2024-12-18T20:43:17.259+0000] {logging_mixin.py:190} INFO - [2024-12-18T20:43:17.258+0000] {dag.py:3239} INFO - Sync 1 DAGs
[2024-12-18T20:43:17.272+0000] {logging_mixin.py:190} INFO - [2024-12-18T20:43:17.272+0000] {dag.py:4180} INFO - Setting next_dagrun for example_dynamic_task_mapping to None, run_after=None
[2024-12-18T20:43:17.294+0000] {processor.py:208} INFO - Processing /home/ubuntu/demo8/lib/python3.12/site-packages/airflow/example_dags/example_dynamic_task_mapping.py took 0.073 seconds
[2024-12-18T20:44:11.385+0000] {processor.py:186} INFO - Started process (PID=4922) to work on /home/ubuntu/demo8/lib/python3.12/site-packages/airflow/example_dags/example_dynamic_task_mapping.py
[2024-12-18T20:44:11.387+0000] {processor.py:914} INFO - Processing file /home/ubuntu/demo8/lib/python3.12/site-packages/airflow/example_dags/example_dynamic_task_mapping.py for tasks to queue
[2024-12-18T20:44:11.390+0000] {logging_mixin.py:190} INFO - [2024-12-18T20:44:11.389+0000] {dagbag.py:588} INFO - Filling up the DagBag from /home/ubuntu/demo8/lib/python3.12/site-packages/airflow/example_dags/example_dynamic_task_mapping.py
[2024-12-18T20:44:11.400+0000] {processor.py:925} INFO - DAG(s) 'example_dynamic_task_mapping' retrieved from /home/ubuntu/demo8/lib/python3.12/site-packages/airflow/example_dags/example_dynamic_task_mapping.py
[2024-12-18T20:44:11.416+0000] {logging_mixin.py:190} INFO - [2024-12-18T20:44:11.416+0000] {dag.py:3239} INFO - Sync 1 DAGs
[2024-12-18T20:44:11.431+0000] {logging_mixin.py:190} INFO - [2024-12-18T20:44:11.431+0000] {dag.py:4180} INFO - Setting next_dagrun for example_dynamic_task_mapping to None, run_after=None
[2024-12-18T20:44:11.454+0000] {processor.py:208} INFO - Processing /home/ubuntu/demo8/lib/python3.12/site-packages/airflow/example_dags/example_dynamic_task_mapping.py took 0.075 seconds
[2024-12-18T20:45:05.249+0000] {processor.py:186} INFO - Started process (PID=5103) to work on /home/ubuntu/demo8/lib/python3.12/site-packages/airflow/example_dags/example_dynamic_task_mapping.py
[2024-12-18T20:45:05.250+0000] {processor.py:914} INFO - Processing file /home/ubuntu/demo8/lib/python3.12/site-packages/airflow/example_dags/example_dynamic_task_mapping.py for tasks to queue
[2024-12-18T20:45:05.253+0000] {logging_mixin.py:190} INFO - [2024-12-18T20:45:05.252+0000] {dagbag.py:588} INFO - Filling up the DagBag from /home/ubuntu/demo8/lib/python3.12/site-packages/airflow/example_dags/example_dynamic_task_mapping.py
[2024-12-18T20:45:05.263+0000] {processor.py:925} INFO - DAG(s) 'example_dynamic_task_mapping' retrieved from /home/ubuntu/demo8/lib/python3.12/site-packages/airflow/example_dags/example_dynamic_task_mapping.py
[2024-12-18T20:45:05.279+0000] {logging_mixin.py:190} INFO - [2024-12-18T20:45:05.279+0000] {dag.py:3239} INFO - Sync 1 DAGs
[2024-12-18T20:45:05.293+0000] {logging_mixin.py:190} INFO - [2024-12-18T20:45:05.293+0000] {dag.py:4180} INFO - Setting next_dagrun for example_dynamic_task_mapping to None, run_after=None
[2024-12-18T20:45:05.317+0000] {processor.py:208} INFO - Processing /home/ubuntu/demo8/lib/python3.12/site-packages/airflow/example_dags/example_dynamic_task_mapping.py took 0.074 seconds
[2024-12-18T20:47:39.185+0000] {processor.py:186} INFO - Started process (PID=5848) to work on /home/ubuntu/demo8/lib/python3.12/site-packages/airflow/example_dags/example_dynamic_task_mapping.py
[2024-12-18T20:47:39.186+0000] {processor.py:914} INFO - Processing file /home/ubuntu/demo8/lib/python3.12/site-packages/airflow/example_dags/example_dynamic_task_mapping.py for tasks to queue
[2024-12-18T20:47:39.189+0000] {logging_mixin.py:190} INFO - [2024-12-18T20:47:39.188+0000] {dagbag.py:588} INFO - Filling up the DagBag from /home/ubuntu/demo8/lib/python3.12/site-packages/airflow/example_dags/example_dynamic_task_mapping.py
[2024-12-18T20:47:39.199+0000] {processor.py:925} INFO - DAG(s) 'example_dynamic_task_mapping' retrieved from /home/ubuntu/demo8/lib/python3.12/site-packages/airflow/example_dags/example_dynamic_task_mapping.py
[2024-12-18T20:47:39.216+0000] {logging_mixin.py:190} INFO - [2024-12-18T20:47:39.216+0000] {dag.py:3239} INFO - Sync 1 DAGs
[2024-12-18T20:47:39.230+0000] {logging_mixin.py:190} INFO - [2024-12-18T20:47:39.230+0000] {dag.py:4180} INFO - Setting next_dagrun for example_dynamic_task_mapping to None, run_after=None
[2024-12-18T20:47:39.253+0000] {processor.py:208} INFO - Processing /home/ubuntu/demo8/lib/python3.12/site-packages/airflow/example_dags/example_dynamic_task_mapping.py took 0.074 seconds
[2024-12-18T20:48:37.504+0000] {processor.py:186} INFO - Started process (PID=6210) to work on /home/ubuntu/demo8/lib/python3.12/site-packages/airflow/example_dags/example_dynamic_task_mapping.py
[2024-12-18T20:48:37.505+0000] {processor.py:914} INFO - Processing file /home/ubuntu/demo8/lib/python3.12/site-packages/airflow/example_dags/example_dynamic_task_mapping.py for tasks to queue
[2024-12-18T20:48:37.508+0000] {logging_mixin.py:190} INFO - [2024-12-18T20:48:37.508+0000] {dagbag.py:588} INFO - Filling up the DagBag from /home/ubuntu/demo8/lib/python3.12/site-packages/airflow/example_dags/example_dynamic_task_mapping.py
[2024-12-18T20:48:37.519+0000] {processor.py:925} INFO - DAG(s) 'example_dynamic_task_mapping' retrieved from /home/ubuntu/demo8/lib/python3.12/site-packages/airflow/example_dags/example_dynamic_task_mapping.py
[2024-12-18T20:48:37.538+0000] {logging_mixin.py:190} INFO - [2024-12-18T20:48:37.538+0000] {dag.py:3239} INFO - Sync 1 DAGs
[2024-12-18T20:48:37.553+0000] {logging_mixin.py:190} INFO - [2024-12-18T20:48:37.552+0000] {dag.py:4180} INFO - Setting next_dagrun for example_dynamic_task_mapping to None, run_after=None
[2024-12-18T20:48:37.577+0000] {processor.py:208} INFO - Processing /home/ubuntu/demo8/lib/python3.12/site-packages/airflow/example_dags/example_dynamic_task_mapping.py took 0.080 seconds
[2024-12-18T20:49:34.430+0000] {processor.py:186} INFO - Started process (PID=6448) to work on /home/ubuntu/demo8/lib/python3.12/site-packages/airflow/example_dags/example_dynamic_task_mapping.py
[2024-12-18T20:49:34.431+0000] {processor.py:914} INFO - Processing file /home/ubuntu/demo8/lib/python3.12/site-packages/airflow/example_dags/example_dynamic_task_mapping.py for tasks to queue
[2024-12-18T20:49:34.434+0000] {logging_mixin.py:190} INFO - [2024-12-18T20:49:34.434+0000] {dagbag.py:588} INFO - Filling up the DagBag from /home/ubuntu/demo8/lib/python3.12/site-packages/airflow/example_dags/example_dynamic_task_mapping.py
[2024-12-18T20:49:34.444+0000] {processor.py:925} INFO - DAG(s) 'example_dynamic_task_mapping' retrieved from /home/ubuntu/demo8/lib/python3.12/site-packages/airflow/example_dags/example_dynamic_task_mapping.py
[2024-12-18T20:49:34.461+0000] {logging_mixin.py:190} INFO - [2024-12-18T20:49:34.461+0000] {dag.py:3239} INFO - Sync 1 DAGs
[2024-12-18T20:49:34.484+0000] {logging_mixin.py:190} INFO - [2024-12-18T20:49:34.484+0000] {dag.py:4180} INFO - Setting next_dagrun for example_dynamic_task_mapping to None, run_after=None
[2024-12-18T20:49:34.507+0000] {processor.py:208} INFO - Processing /home/ubuntu/demo8/lib/python3.12/site-packages/airflow/example_dags/example_dynamic_task_mapping.py took 0.083 seconds
[2024-12-18T20:50:32.450+0000] {processor.py:186} INFO - Started process (PID=6811) to work on /home/ubuntu/demo8/lib/python3.12/site-packages/airflow/example_dags/example_dynamic_task_mapping.py
[2024-12-18T20:50:32.451+0000] {processor.py:914} INFO - Processing file /home/ubuntu/demo8/lib/python3.12/site-packages/airflow/example_dags/example_dynamic_task_mapping.py for tasks to queue
[2024-12-18T20:50:32.454+0000] {logging_mixin.py:190} INFO - [2024-12-18T20:50:32.454+0000] {dagbag.py:588} INFO - Filling up the DagBag from /home/ubuntu/demo8/lib/python3.12/site-packages/airflow/example_dags/example_dynamic_task_mapping.py
[2024-12-18T20:50:32.464+0000] {processor.py:925} INFO - DAG(s) 'example_dynamic_task_mapping' retrieved from /home/ubuntu/demo8/lib/python3.12/site-packages/airflow/example_dags/example_dynamic_task_mapping.py
[2024-12-18T20:50:32.481+0000] {logging_mixin.py:190} INFO - [2024-12-18T20:50:32.481+0000] {dag.py:3239} INFO - Sync 1 DAGs
[2024-12-18T20:50:32.495+0000] {logging_mixin.py:190} INFO - [2024-12-18T20:50:32.495+0000] {dag.py:4180} INFO - Setting next_dagrun for example_dynamic_task_mapping to None, run_after=None
[2024-12-18T20:50:32.518+0000] {processor.py:208} INFO - Processing /home/ubuntu/demo8/lib/python3.12/site-packages/airflow/example_dags/example_dynamic_task_mapping.py took 0.075 seconds
[2024-12-18T20:51:26.908+0000] {processor.py:186} INFO - Started process (PID=7001) to work on /home/ubuntu/demo8/lib/python3.12/site-packages/airflow/example_dags/example_dynamic_task_mapping.py
[2024-12-18T20:51:26.910+0000] {processor.py:914} INFO - Processing file /home/ubuntu/demo8/lib/python3.12/site-packages/airflow/example_dags/example_dynamic_task_mapping.py for tasks to queue
[2024-12-18T20:51:26.913+0000] {logging_mixin.py:190} INFO - [2024-12-18T20:51:26.912+0000] {dagbag.py:588} INFO - Filling up the DagBag from /home/ubuntu/demo8/lib/python3.12/site-packages/airflow/example_dags/example_dynamic_task_mapping.py
[2024-12-18T20:51:26.923+0000] {processor.py:925} INFO - DAG(s) 'example_dynamic_task_mapping' retrieved from /home/ubuntu/demo8/lib/python3.12/site-packages/airflow/example_dags/example_dynamic_task_mapping.py
[2024-12-18T20:51:26.940+0000] {logging_mixin.py:190} INFO - [2024-12-18T20:51:26.940+0000] {dag.py:3239} INFO - Sync 1 DAGs
[2024-12-18T20:51:26.955+0000] {logging_mixin.py:190} INFO - [2024-12-18T20:51:26.955+0000] {dag.py:4180} INFO - Setting next_dagrun for example_dynamic_task_mapping to None, run_after=None
[2024-12-18T20:51:26.977+0000] {processor.py:208} INFO - Processing /home/ubuntu/demo8/lib/python3.12/site-packages/airflow/example_dags/example_dynamic_task_mapping.py took 0.075 seconds
