[2024-12-18T15:44:38.714+0000] {processor.py:186} INFO - Started process (PID=3663) to work on /home/ubuntu/demo8/lib/python3.12/site-packages/airflow/example_dags/example_sensors.py
[2024-12-18T15:44:38.715+0000] {processor.py:914} INFO - Processing file /home/ubuntu/demo8/lib/python3.12/site-packages/airflow/example_dags/example_sensors.py for tasks to queue
[2024-12-18T15:44:38.717+0000] {logging_mixin.py:190} INFO - [2024-12-18T15:44:38.717+0000] {dagbag.py:588} INFO - Filling up the DagBag from /home/ubuntu/demo8/lib/python3.12/site-packages/airflow/example_dags/example_sensors.py
[2024-12-18T15:44:38.729+0000] {processor.py:925} INFO - DAG(s) 'example_sensors' retrieved from /home/ubuntu/demo8/lib/python3.12/site-packages/airflow/example_dags/example_sensors.py
[2024-12-18T15:44:38.854+0000] {logging_mixin.py:190} INFO - [2024-12-18T15:44:38.853+0000] {override.py:1911} INFO - Created Permission View: can read on DAG:example_sensors
[2024-12-18T15:44:38.866+0000] {logging_mixin.py:190} INFO - [2024-12-18T15:44:38.865+0000] {override.py:1911} INFO - Created Permission View: can delete on DAG:example_sensors
[2024-12-18T15:44:38.875+0000] {logging_mixin.py:190} INFO - [2024-12-18T15:44:38.874+0000] {override.py:1911} INFO - Created Permission View: can edit on DAG:example_sensors
[2024-12-18T15:44:38.889+0000] {logging_mixin.py:190} INFO - [2024-12-18T15:44:38.889+0000] {override.py:1911} INFO - Created Permission View: can create on DAG Run:example_sensors
[2024-12-18T15:44:38.898+0000] {logging_mixin.py:190} INFO - [2024-12-18T15:44:38.898+0000] {override.py:1911} INFO - Created Permission View: can read on DAG Run:example_sensors
[2024-12-18T15:44:38.908+0000] {logging_mixin.py:190} INFO - [2024-12-18T15:44:38.907+0000] {override.py:1911} INFO - Created Permission View: menu access on DAG Run:example_sensors
[2024-12-18T15:44:38.917+0000] {logging_mixin.py:190} INFO - [2024-12-18T15:44:38.917+0000] {override.py:1911} INFO - Created Permission View: can delete on DAG Run:example_sensors
[2024-12-18T15:44:38.917+0000] {logging_mixin.py:190} INFO - [2024-12-18T15:44:38.917+0000] {dag.py:3239} INFO - Sync 1 DAGs
[2024-12-18T15:44:38.936+0000] {logging_mixin.py:190} INFO - [2024-12-18T15:44:38.936+0000] {dag.py:3262} INFO - Creating ORM DAG for example_sensors
[2024-12-18T15:44:38.937+0000] {logging_mixin.py:190} INFO - [2024-12-18T15:44:38.937+0000] {dag.py:4180} INFO - Setting next_dagrun for example_sensors to None, run_after=None
[2024-12-18T15:44:38.964+0000] {processor.py:208} INFO - Processing /home/ubuntu/demo8/lib/python3.12/site-packages/airflow/example_dags/example_sensors.py took 0.255 seconds
[2024-12-18T15:45:44.494+0000] {processor.py:186} INFO - Started process (PID=3761) to work on /home/ubuntu/demo8/lib/python3.12/site-packages/airflow/example_dags/example_sensors.py
[2024-12-18T15:45:44.496+0000] {processor.py:914} INFO - Processing file /home/ubuntu/demo8/lib/python3.12/site-packages/airflow/example_dags/example_sensors.py for tasks to queue
[2024-12-18T15:45:44.498+0000] {logging_mixin.py:190} INFO - [2024-12-18T15:45:44.497+0000] {dagbag.py:588} INFO - Filling up the DagBag from /home/ubuntu/demo8/lib/python3.12/site-packages/airflow/example_dags/example_sensors.py
[2024-12-18T15:45:44.510+0000] {processor.py:925} INFO - DAG(s) 'example_sensors' retrieved from /home/ubuntu/demo8/lib/python3.12/site-packages/airflow/example_dags/example_sensors.py
[2024-12-18T15:45:44.534+0000] {logging_mixin.py:190} INFO - [2024-12-18T15:45:44.534+0000] {dag.py:3239} INFO - Sync 1 DAGs
[2024-12-18T15:45:44.549+0000] {logging_mixin.py:190} INFO - [2024-12-18T15:45:44.548+0000] {dag.py:4180} INFO - Setting next_dagrun for example_sensors to None, run_after=None
[2024-12-18T15:45:44.571+0000] {processor.py:208} INFO - Processing /home/ubuntu/demo8/lib/python3.12/site-packages/airflow/example_dags/example_sensors.py took 0.083 seconds
[2024-12-18T15:46:42.068+0000] {processor.py:186} INFO - Started process (PID=3821) to work on /home/ubuntu/demo8/lib/python3.12/site-packages/airflow/example_dags/example_sensors.py
[2024-12-18T15:46:42.070+0000] {processor.py:914} INFO - Processing file /home/ubuntu/demo8/lib/python3.12/site-packages/airflow/example_dags/example_sensors.py for tasks to queue
[2024-12-18T15:46:42.072+0000] {logging_mixin.py:190} INFO - [2024-12-18T15:46:42.072+0000] {dagbag.py:588} INFO - Filling up the DagBag from /home/ubuntu/demo8/lib/python3.12/site-packages/airflow/example_dags/example_sensors.py
[2024-12-18T15:46:42.085+0000] {processor.py:925} INFO - DAG(s) 'example_sensors' retrieved from /home/ubuntu/demo8/lib/python3.12/site-packages/airflow/example_dags/example_sensors.py
[2024-12-18T15:46:42.109+0000] {logging_mixin.py:190} INFO - [2024-12-18T15:46:42.109+0000] {dag.py:3239} INFO - Sync 1 DAGs
[2024-12-18T15:46:42.123+0000] {logging_mixin.py:190} INFO - [2024-12-18T15:46:42.123+0000] {dag.py:4180} INFO - Setting next_dagrun for example_sensors to None, run_after=None
[2024-12-18T15:46:42.147+0000] {processor.py:208} INFO - Processing /home/ubuntu/demo8/lib/python3.12/site-packages/airflow/example_dags/example_sensors.py took 0.086 seconds
[2024-12-18T15:47:36.647+0000] {processor.py:186} INFO - Started process (PID=4284) to work on /home/ubuntu/demo8/lib/python3.12/site-packages/airflow/example_dags/example_sensors.py
[2024-12-18T15:47:36.649+0000] {processor.py:914} INFO - Processing file /home/ubuntu/demo8/lib/python3.12/site-packages/airflow/example_dags/example_sensors.py for tasks to queue
[2024-12-18T15:47:36.651+0000] {logging_mixin.py:190} INFO - [2024-12-18T15:47:36.651+0000] {dagbag.py:588} INFO - Filling up the DagBag from /home/ubuntu/demo8/lib/python3.12/site-packages/airflow/example_dags/example_sensors.py
[2024-12-18T15:47:36.664+0000] {processor.py:925} INFO - DAG(s) 'example_sensors' retrieved from /home/ubuntu/demo8/lib/python3.12/site-packages/airflow/example_dags/example_sensors.py
[2024-12-18T15:47:36.687+0000] {logging_mixin.py:190} INFO - [2024-12-18T15:47:36.687+0000] {dag.py:3239} INFO - Sync 1 DAGs
[2024-12-18T15:47:36.708+0000] {logging_mixin.py:190} INFO - [2024-12-18T15:47:36.707+0000] {dag.py:4180} INFO - Setting next_dagrun for example_sensors to None, run_after=None
[2024-12-18T15:47:36.736+0000] {processor.py:208} INFO - Processing /home/ubuntu/demo8/lib/python3.12/site-packages/airflow/example_dags/example_sensors.py took 0.094 seconds
[2024-12-18T15:48:30.572+0000] {processor.py:186} INFO - Started process (PID=4340) to work on /home/ubuntu/demo8/lib/python3.12/site-packages/airflow/example_dags/example_sensors.py
[2024-12-18T15:48:30.573+0000] {processor.py:914} INFO - Processing file /home/ubuntu/demo8/lib/python3.12/site-packages/airflow/example_dags/example_sensors.py for tasks to queue
[2024-12-18T15:48:30.575+0000] {logging_mixin.py:190} INFO - [2024-12-18T15:48:30.575+0000] {dagbag.py:588} INFO - Filling up the DagBag from /home/ubuntu/demo8/lib/python3.12/site-packages/airflow/example_dags/example_sensors.py
[2024-12-18T15:48:30.588+0000] {processor.py:925} INFO - DAG(s) 'example_sensors' retrieved from /home/ubuntu/demo8/lib/python3.12/site-packages/airflow/example_dags/example_sensors.py
[2024-12-18T15:48:30.611+0000] {logging_mixin.py:190} INFO - [2024-12-18T15:48:30.610+0000] {dag.py:3239} INFO - Sync 1 DAGs
[2024-12-18T15:48:30.624+0000] {logging_mixin.py:190} INFO - [2024-12-18T15:48:30.624+0000] {dag.py:4180} INFO - Setting next_dagrun for example_sensors to None, run_after=None
[2024-12-18T15:48:30.647+0000] {processor.py:208} INFO - Processing /home/ubuntu/demo8/lib/python3.12/site-packages/airflow/example_dags/example_sensors.py took 0.081 seconds
[2024-12-18T15:49:29.244+0000] {processor.py:186} INFO - Started process (PID=4394) to work on /home/ubuntu/demo8/lib/python3.12/site-packages/airflow/example_dags/example_sensors.py
[2024-12-18T15:49:29.245+0000] {processor.py:914} INFO - Processing file /home/ubuntu/demo8/lib/python3.12/site-packages/airflow/example_dags/example_sensors.py for tasks to queue
[2024-12-18T15:49:29.248+0000] {logging_mixin.py:190} INFO - [2024-12-18T15:49:29.247+0000] {dagbag.py:588} INFO - Filling up the DagBag from /home/ubuntu/demo8/lib/python3.12/site-packages/airflow/example_dags/example_sensors.py
[2024-12-18T15:49:29.260+0000] {processor.py:925} INFO - DAG(s) 'example_sensors' retrieved from /home/ubuntu/demo8/lib/python3.12/site-packages/airflow/example_dags/example_sensors.py
[2024-12-18T15:49:29.408+0000] {logging_mixin.py:190} INFO - [2024-12-18T15:49:29.407+0000] {dag.py:3239} INFO - Sync 1 DAGs
[2024-12-18T15:49:29.419+0000] {logging_mixin.py:190} INFO - [2024-12-18T15:49:29.419+0000] {dag.py:4180} INFO - Setting next_dagrun for example_sensors to None, run_after=None
[2024-12-18T15:49:29.455+0000] {processor.py:208} INFO - Processing /home/ubuntu/demo8/lib/python3.12/site-packages/airflow/example_dags/example_sensors.py took 0.217 seconds
[2024-12-18T15:50:30.231+0000] {processor.py:186} INFO - Started process (PID=4456) to work on /home/ubuntu/demo8/lib/python3.12/site-packages/airflow/example_dags/example_sensors.py
[2024-12-18T15:50:30.233+0000] {processor.py:914} INFO - Processing file /home/ubuntu/demo8/lib/python3.12/site-packages/airflow/example_dags/example_sensors.py for tasks to queue
[2024-12-18T15:50:30.235+0000] {logging_mixin.py:190} INFO - [2024-12-18T15:50:30.235+0000] {dagbag.py:588} INFO - Filling up the DagBag from /home/ubuntu/demo8/lib/python3.12/site-packages/airflow/example_dags/example_sensors.py
[2024-12-18T15:50:30.248+0000] {processor.py:925} INFO - DAG(s) 'example_sensors' retrieved from /home/ubuntu/demo8/lib/python3.12/site-packages/airflow/example_dags/example_sensors.py
[2024-12-18T15:50:30.273+0000] {logging_mixin.py:190} INFO - [2024-12-18T15:50:30.272+0000] {dag.py:3239} INFO - Sync 1 DAGs
[2024-12-18T15:50:30.287+0000] {logging_mixin.py:190} INFO - [2024-12-18T15:50:30.287+0000] {dag.py:4180} INFO - Setting next_dagrun for example_sensors to None, run_after=None
[2024-12-18T15:50:30.310+0000] {processor.py:208} INFO - Processing /home/ubuntu/demo8/lib/python3.12/site-packages/airflow/example_dags/example_sensors.py took 0.085 seconds
[2024-12-18T15:51:25.508+0000] {processor.py:186} INFO - Started process (PID=4526) to work on /home/ubuntu/demo8/lib/python3.12/site-packages/airflow/example_dags/example_sensors.py
[2024-12-18T15:51:25.510+0000] {processor.py:914} INFO - Processing file /home/ubuntu/demo8/lib/python3.12/site-packages/airflow/example_dags/example_sensors.py for tasks to queue
[2024-12-18T15:51:25.512+0000] {logging_mixin.py:190} INFO - [2024-12-18T15:51:25.511+0000] {dagbag.py:588} INFO - Filling up the DagBag from /home/ubuntu/demo8/lib/python3.12/site-packages/airflow/example_dags/example_sensors.py
[2024-12-18T15:51:25.525+0000] {processor.py:925} INFO - DAG(s) 'example_sensors' retrieved from /home/ubuntu/demo8/lib/python3.12/site-packages/airflow/example_dags/example_sensors.py
[2024-12-18T15:51:25.549+0000] {logging_mixin.py:190} INFO - [2024-12-18T15:51:25.549+0000] {dag.py:3239} INFO - Sync 1 DAGs
[2024-12-18T15:51:25.564+0000] {logging_mixin.py:190} INFO - [2024-12-18T15:51:25.564+0000] {dag.py:4180} INFO - Setting next_dagrun for example_sensors to None, run_after=None
[2024-12-18T15:51:25.587+0000] {processor.py:208} INFO - Processing /home/ubuntu/demo8/lib/python3.12/site-packages/airflow/example_dags/example_sensors.py took 0.085 seconds
[2024-12-18T15:52:17.087+0000] {processor.py:186} INFO - Started process (PID=4579) to work on /home/ubuntu/demo8/lib/python3.12/site-packages/airflow/example_dags/example_sensors.py
[2024-12-18T15:52:17.089+0000] {processor.py:914} INFO - Processing file /home/ubuntu/demo8/lib/python3.12/site-packages/airflow/example_dags/example_sensors.py for tasks to queue
[2024-12-18T15:52:17.091+0000] {logging_mixin.py:190} INFO - [2024-12-18T15:52:17.090+0000] {dagbag.py:588} INFO - Filling up the DagBag from /home/ubuntu/demo8/lib/python3.12/site-packages/airflow/example_dags/example_sensors.py
[2024-12-18T15:52:17.105+0000] {processor.py:925} INFO - DAG(s) 'example_sensors' retrieved from /home/ubuntu/demo8/lib/python3.12/site-packages/airflow/example_dags/example_sensors.py
[2024-12-18T15:52:17.129+0000] {logging_mixin.py:190} INFO - [2024-12-18T15:52:17.129+0000] {dag.py:3239} INFO - Sync 1 DAGs
[2024-12-18T15:52:17.144+0000] {logging_mixin.py:190} INFO - [2024-12-18T15:52:17.144+0000] {dag.py:4180} INFO - Setting next_dagrun for example_sensors to None, run_after=None
[2024-12-18T15:52:17.168+0000] {processor.py:208} INFO - Processing /home/ubuntu/demo8/lib/python3.12/site-packages/airflow/example_dags/example_sensors.py took 0.088 seconds
[2024-12-18T15:53:12.670+0000] {processor.py:186} INFO - Started process (PID=4637) to work on /home/ubuntu/demo8/lib/python3.12/site-packages/airflow/example_dags/example_sensors.py
[2024-12-18T15:53:12.672+0000] {processor.py:914} INFO - Processing file /home/ubuntu/demo8/lib/python3.12/site-packages/airflow/example_dags/example_sensors.py for tasks to queue
[2024-12-18T15:53:12.674+0000] {logging_mixin.py:190} INFO - [2024-12-18T15:53:12.673+0000] {dagbag.py:588} INFO - Filling up the DagBag from /home/ubuntu/demo8/lib/python3.12/site-packages/airflow/example_dags/example_sensors.py
[2024-12-18T15:53:12.687+0000] {processor.py:925} INFO - DAG(s) 'example_sensors' retrieved from /home/ubuntu/demo8/lib/python3.12/site-packages/airflow/example_dags/example_sensors.py
[2024-12-18T15:53:12.710+0000] {logging_mixin.py:190} INFO - [2024-12-18T15:53:12.710+0000] {dag.py:3239} INFO - Sync 1 DAGs
[2024-12-18T15:53:12.724+0000] {logging_mixin.py:190} INFO - [2024-12-18T15:53:12.724+0000] {dag.py:4180} INFO - Setting next_dagrun for example_sensors to None, run_after=None
[2024-12-18T15:53:12.746+0000] {processor.py:208} INFO - Processing /home/ubuntu/demo8/lib/python3.12/site-packages/airflow/example_dags/example_sensors.py took 0.083 seconds
[2024-12-18T15:54:52.181+0000] {processor.py:186} INFO - Started process (PID=4764) to work on /home/ubuntu/demo8/lib/python3.12/site-packages/airflow/example_dags/example_sensors.py
[2024-12-18T15:54:52.183+0000] {processor.py:914} INFO - Processing file /home/ubuntu/demo8/lib/python3.12/site-packages/airflow/example_dags/example_sensors.py for tasks to queue
[2024-12-18T15:54:52.185+0000] {logging_mixin.py:190} INFO - [2024-12-18T15:54:52.184+0000] {dagbag.py:588} INFO - Filling up the DagBag from /home/ubuntu/demo8/lib/python3.12/site-packages/airflow/example_dags/example_sensors.py
[2024-12-18T15:54:52.197+0000] {processor.py:925} INFO - DAG(s) 'example_sensors' retrieved from /home/ubuntu/demo8/lib/python3.12/site-packages/airflow/example_dags/example_sensors.py
[2024-12-18T15:54:52.224+0000] {logging_mixin.py:190} INFO - [2024-12-18T15:54:52.223+0000] {dag.py:3239} INFO - Sync 1 DAGs
[2024-12-18T15:54:52.239+0000] {logging_mixin.py:190} INFO - [2024-12-18T15:54:52.239+0000] {dag.py:4180} INFO - Setting next_dagrun for example_sensors to None, run_after=None
[2024-12-18T15:54:52.261+0000] {processor.py:208} INFO - Processing /home/ubuntu/demo8/lib/python3.12/site-packages/airflow/example_dags/example_sensors.py took 0.085 seconds
[2024-12-18T15:55:49.041+0000] {processor.py:186} INFO - Started process (PID=4827) to work on /home/ubuntu/demo8/lib/python3.12/site-packages/airflow/example_dags/example_sensors.py
[2024-12-18T15:55:49.042+0000] {processor.py:914} INFO - Processing file /home/ubuntu/demo8/lib/python3.12/site-packages/airflow/example_dags/example_sensors.py for tasks to queue
[2024-12-18T15:55:49.045+0000] {logging_mixin.py:190} INFO - [2024-12-18T15:55:49.044+0000] {dagbag.py:588} INFO - Filling up the DagBag from /home/ubuntu/demo8/lib/python3.12/site-packages/airflow/example_dags/example_sensors.py
[2024-12-18T15:55:49.057+0000] {processor.py:925} INFO - DAG(s) 'example_sensors' retrieved from /home/ubuntu/demo8/lib/python3.12/site-packages/airflow/example_dags/example_sensors.py
[2024-12-18T15:55:49.081+0000] {logging_mixin.py:190} INFO - [2024-12-18T15:55:49.081+0000] {dag.py:3239} INFO - Sync 1 DAGs
[2024-12-18T15:55:49.096+0000] {logging_mixin.py:190} INFO - [2024-12-18T15:55:49.095+0000] {dag.py:4180} INFO - Setting next_dagrun for example_sensors to None, run_after=None
[2024-12-18T15:55:49.119+0000] {processor.py:208} INFO - Processing /home/ubuntu/demo8/lib/python3.12/site-packages/airflow/example_dags/example_sensors.py took 0.083 seconds
[2024-12-18T15:57:19.603+0000] {processor.py:186} INFO - Started process (PID=4914) to work on /home/ubuntu/demo8/lib/python3.12/site-packages/airflow/example_dags/example_sensors.py
[2024-12-18T15:57:19.605+0000] {processor.py:914} INFO - Processing file /home/ubuntu/demo8/lib/python3.12/site-packages/airflow/example_dags/example_sensors.py for tasks to queue
[2024-12-18T15:57:19.607+0000] {logging_mixin.py:190} INFO - [2024-12-18T15:57:19.607+0000] {dagbag.py:588} INFO - Filling up the DagBag from /home/ubuntu/demo8/lib/python3.12/site-packages/airflow/example_dags/example_sensors.py
[2024-12-18T15:57:19.619+0000] {processor.py:925} INFO - DAG(s) 'example_sensors' retrieved from /home/ubuntu/demo8/lib/python3.12/site-packages/airflow/example_dags/example_sensors.py
[2024-12-18T15:57:19.645+0000] {logging_mixin.py:190} INFO - [2024-12-18T15:57:19.645+0000] {dag.py:3239} INFO - Sync 1 DAGs
[2024-12-18T15:57:19.661+0000] {logging_mixin.py:190} INFO - [2024-12-18T15:57:19.660+0000] {dag.py:4180} INFO - Setting next_dagrun for example_sensors to None, run_after=None
[2024-12-18T15:57:19.684+0000] {processor.py:208} INFO - Processing /home/ubuntu/demo8/lib/python3.12/site-packages/airflow/example_dags/example_sensors.py took 0.086 seconds
[2024-12-18T15:58:16.547+0000] {processor.py:186} INFO - Started process (PID=4972) to work on /home/ubuntu/demo8/lib/python3.12/site-packages/airflow/example_dags/example_sensors.py
[2024-12-18T15:58:16.549+0000] {processor.py:914} INFO - Processing file /home/ubuntu/demo8/lib/python3.12/site-packages/airflow/example_dags/example_sensors.py for tasks to queue
[2024-12-18T15:58:16.551+0000] {logging_mixin.py:190} INFO - [2024-12-18T15:58:16.550+0000] {dagbag.py:588} INFO - Filling up the DagBag from /home/ubuntu/demo8/lib/python3.12/site-packages/airflow/example_dags/example_sensors.py
[2024-12-18T15:58:16.563+0000] {processor.py:925} INFO - DAG(s) 'example_sensors' retrieved from /home/ubuntu/demo8/lib/python3.12/site-packages/airflow/example_dags/example_sensors.py
[2024-12-18T15:58:16.587+0000] {logging_mixin.py:190} INFO - [2024-12-18T15:58:16.587+0000] {dag.py:3239} INFO - Sync 1 DAGs
[2024-12-18T15:58:16.601+0000] {logging_mixin.py:190} INFO - [2024-12-18T15:58:16.601+0000] {dag.py:4180} INFO - Setting next_dagrun for example_sensors to None, run_after=None
[2024-12-18T15:58:16.623+0000] {processor.py:208} INFO - Processing /home/ubuntu/demo8/lib/python3.12/site-packages/airflow/example_dags/example_sensors.py took 0.082 seconds
[2024-12-18T15:59:12.673+0000] {processor.py:186} INFO - Started process (PID=5030) to work on /home/ubuntu/demo8/lib/python3.12/site-packages/airflow/example_dags/example_sensors.py
[2024-12-18T15:59:12.674+0000] {processor.py:914} INFO - Processing file /home/ubuntu/demo8/lib/python3.12/site-packages/airflow/example_dags/example_sensors.py for tasks to queue
[2024-12-18T15:59:12.676+0000] {logging_mixin.py:190} INFO - [2024-12-18T15:59:12.676+0000] {dagbag.py:588} INFO - Filling up the DagBag from /home/ubuntu/demo8/lib/python3.12/site-packages/airflow/example_dags/example_sensors.py
[2024-12-18T15:59:12.689+0000] {processor.py:925} INFO - DAG(s) 'example_sensors' retrieved from /home/ubuntu/demo8/lib/python3.12/site-packages/airflow/example_dags/example_sensors.py
[2024-12-18T15:59:12.713+0000] {logging_mixin.py:190} INFO - [2024-12-18T15:59:12.712+0000] {dag.py:3239} INFO - Sync 1 DAGs
[2024-12-18T15:59:12.727+0000] {logging_mixin.py:190} INFO - [2024-12-18T15:59:12.726+0000] {dag.py:4180} INFO - Setting next_dagrun for example_sensors to None, run_after=None
[2024-12-18T15:59:12.749+0000] {processor.py:208} INFO - Processing /home/ubuntu/demo8/lib/python3.12/site-packages/airflow/example_dags/example_sensors.py took 0.082 seconds
[2024-12-18T16:00:18.431+0000] {processor.py:186} INFO - Started process (PID=5098) to work on /home/ubuntu/demo8/lib/python3.12/site-packages/airflow/example_dags/example_sensors.py
[2024-12-18T16:00:18.433+0000] {processor.py:914} INFO - Processing file /home/ubuntu/demo8/lib/python3.12/site-packages/airflow/example_dags/example_sensors.py for tasks to queue
[2024-12-18T16:00:18.435+0000] {logging_mixin.py:190} INFO - [2024-12-18T16:00:18.435+0000] {dagbag.py:588} INFO - Filling up the DagBag from /home/ubuntu/demo8/lib/python3.12/site-packages/airflow/example_dags/example_sensors.py
[2024-12-18T16:00:18.448+0000] {processor.py:925} INFO - DAG(s) 'example_sensors' retrieved from /home/ubuntu/demo8/lib/python3.12/site-packages/airflow/example_dags/example_sensors.py
[2024-12-18T16:00:18.474+0000] {logging_mixin.py:190} INFO - [2024-12-18T16:00:18.474+0000] {dag.py:3239} INFO - Sync 1 DAGs
[2024-12-18T16:00:18.489+0000] {logging_mixin.py:190} INFO - [2024-12-18T16:00:18.489+0000] {dag.py:4180} INFO - Setting next_dagrun for example_sensors to None, run_after=None
[2024-12-18T16:00:18.512+0000] {processor.py:208} INFO - Processing /home/ubuntu/demo8/lib/python3.12/site-packages/airflow/example_dags/example_sensors.py took 0.087 seconds
[2024-12-18T16:01:15.364+0000] {processor.py:186} INFO - Started process (PID=5157) to work on /home/ubuntu/demo8/lib/python3.12/site-packages/airflow/example_dags/example_sensors.py
[2024-12-18T16:01:15.365+0000] {processor.py:914} INFO - Processing file /home/ubuntu/demo8/lib/python3.12/site-packages/airflow/example_dags/example_sensors.py for tasks to queue
[2024-12-18T16:01:15.367+0000] {logging_mixin.py:190} INFO - [2024-12-18T16:01:15.367+0000] {dagbag.py:588} INFO - Filling up the DagBag from /home/ubuntu/demo8/lib/python3.12/site-packages/airflow/example_dags/example_sensors.py
[2024-12-18T16:01:15.380+0000] {processor.py:925} INFO - DAG(s) 'example_sensors' retrieved from /home/ubuntu/demo8/lib/python3.12/site-packages/airflow/example_dags/example_sensors.py
[2024-12-18T16:01:15.404+0000] {logging_mixin.py:190} INFO - [2024-12-18T16:01:15.404+0000] {dag.py:3239} INFO - Sync 1 DAGs
[2024-12-18T16:01:15.418+0000] {logging_mixin.py:190} INFO - [2024-12-18T16:01:15.418+0000] {dag.py:4180} INFO - Setting next_dagrun for example_sensors to None, run_after=None
[2024-12-18T16:01:15.440+0000] {processor.py:208} INFO - Processing /home/ubuntu/demo8/lib/python3.12/site-packages/airflow/example_dags/example_sensors.py took 0.082 seconds
[2024-12-18T16:02:10.340+0000] {processor.py:186} INFO - Started process (PID=5216) to work on /home/ubuntu/demo8/lib/python3.12/site-packages/airflow/example_dags/example_sensors.py
[2024-12-18T16:02:10.342+0000] {processor.py:914} INFO - Processing file /home/ubuntu/demo8/lib/python3.12/site-packages/airflow/example_dags/example_sensors.py for tasks to queue
[2024-12-18T16:02:10.344+0000] {logging_mixin.py:190} INFO - [2024-12-18T16:02:10.344+0000] {dagbag.py:588} INFO - Filling up the DagBag from /home/ubuntu/demo8/lib/python3.12/site-packages/airflow/example_dags/example_sensors.py
[2024-12-18T16:02:10.356+0000] {processor.py:925} INFO - DAG(s) 'example_sensors' retrieved from /home/ubuntu/demo8/lib/python3.12/site-packages/airflow/example_dags/example_sensors.py
[2024-12-18T16:02:10.380+0000] {logging_mixin.py:190} INFO - [2024-12-18T16:02:10.380+0000] {dag.py:3239} INFO - Sync 1 DAGs
[2024-12-18T16:02:10.394+0000] {logging_mixin.py:190} INFO - [2024-12-18T16:02:10.394+0000] {dag.py:4180} INFO - Setting next_dagrun for example_sensors to None, run_after=None
[2024-12-18T16:02:10.417+0000] {processor.py:208} INFO - Processing /home/ubuntu/demo8/lib/python3.12/site-packages/airflow/example_dags/example_sensors.py took 0.082 seconds
[2024-12-18T16:03:05.364+0000] {processor.py:186} INFO - Started process (PID=5271) to work on /home/ubuntu/demo8/lib/python3.12/site-packages/airflow/example_dags/example_sensors.py
[2024-12-18T16:03:05.365+0000] {processor.py:914} INFO - Processing file /home/ubuntu/demo8/lib/python3.12/site-packages/airflow/example_dags/example_sensors.py for tasks to queue
[2024-12-18T16:03:05.367+0000] {logging_mixin.py:190} INFO - [2024-12-18T16:03:05.367+0000] {dagbag.py:588} INFO - Filling up the DagBag from /home/ubuntu/demo8/lib/python3.12/site-packages/airflow/example_dags/example_sensors.py
[2024-12-18T16:03:05.380+0000] {processor.py:925} INFO - DAG(s) 'example_sensors' retrieved from /home/ubuntu/demo8/lib/python3.12/site-packages/airflow/example_dags/example_sensors.py
[2024-12-18T16:03:05.403+0000] {logging_mixin.py:190} INFO - [2024-12-18T16:03:05.403+0000] {dag.py:3239} INFO - Sync 1 DAGs
[2024-12-18T16:03:05.416+0000] {logging_mixin.py:190} INFO - [2024-12-18T16:03:05.416+0000] {dag.py:4180} INFO - Setting next_dagrun for example_sensors to None, run_after=None
[2024-12-18T16:03:05.440+0000] {processor.py:208} INFO - Processing /home/ubuntu/demo8/lib/python3.12/site-packages/airflow/example_dags/example_sensors.py took 0.082 seconds
[2024-12-18T20:29:45.292+0000] {processor.py:186} INFO - Started process (PID=2751) to work on /home/ubuntu/demo8/lib/python3.12/site-packages/airflow/example_dags/example_sensors.py
[2024-12-18T20:29:45.294+0000] {processor.py:914} INFO - Processing file /home/ubuntu/demo8/lib/python3.12/site-packages/airflow/example_dags/example_sensors.py for tasks to queue
[2024-12-18T20:29:45.297+0000] {logging_mixin.py:190} INFO - [2024-12-18T20:29:45.296+0000] {dagbag.py:588} INFO - Filling up the DagBag from /home/ubuntu/demo8/lib/python3.12/site-packages/airflow/example_dags/example_sensors.py
[2024-12-18T20:29:45.310+0000] {processor.py:925} INFO - DAG(s) 'example_sensors' retrieved from /home/ubuntu/demo8/lib/python3.12/site-packages/airflow/example_dags/example_sensors.py
[2024-12-18T20:29:45.337+0000] {logging_mixin.py:190} INFO - [2024-12-18T20:29:45.337+0000] {dag.py:3239} INFO - Sync 1 DAGs
[2024-12-18T20:29:45.353+0000] {logging_mixin.py:190} INFO - [2024-12-18T20:29:45.353+0000] {dag.py:4180} INFO - Setting next_dagrun for example_sensors to None, run_after=None
[2024-12-18T20:29:45.376+0000] {processor.py:208} INFO - Processing /home/ubuntu/demo8/lib/python3.12/site-packages/airflow/example_dags/example_sensors.py took 0.091 seconds
[2024-12-18T20:30:42.972+0000] {processor.py:186} INFO - Started process (PID=2934) to work on /home/ubuntu/demo8/lib/python3.12/site-packages/airflow/example_dags/example_sensors.py
[2024-12-18T20:30:42.974+0000] {processor.py:914} INFO - Processing file /home/ubuntu/demo8/lib/python3.12/site-packages/airflow/example_dags/example_sensors.py for tasks to queue
[2024-12-18T20:30:42.976+0000] {logging_mixin.py:190} INFO - [2024-12-18T20:30:42.976+0000] {dagbag.py:588} INFO - Filling up the DagBag from /home/ubuntu/demo8/lib/python3.12/site-packages/airflow/example_dags/example_sensors.py
[2024-12-18T20:30:42.989+0000] {processor.py:925} INFO - DAG(s) 'example_sensors' retrieved from /home/ubuntu/demo8/lib/python3.12/site-packages/airflow/example_dags/example_sensors.py
[2024-12-18T20:30:43.015+0000] {logging_mixin.py:190} INFO - [2024-12-18T20:30:43.015+0000] {dag.py:3239} INFO - Sync 1 DAGs
[2024-12-18T20:30:43.030+0000] {logging_mixin.py:190} INFO - [2024-12-18T20:30:43.030+0000] {dag.py:4180} INFO - Setting next_dagrun for example_sensors to None, run_after=None
[2024-12-18T20:30:43.055+0000] {processor.py:208} INFO - Processing /home/ubuntu/demo8/lib/python3.12/site-packages/airflow/example_dags/example_sensors.py took 0.089 seconds
[2024-12-18T20:31:39.647+0000] {processor.py:186} INFO - Started process (PID=3150) to work on /home/ubuntu/demo8/lib/python3.12/site-packages/airflow/example_dags/example_sensors.py
[2024-12-18T20:31:39.649+0000] {processor.py:914} INFO - Processing file /home/ubuntu/demo8/lib/python3.12/site-packages/airflow/example_dags/example_sensors.py for tasks to queue
[2024-12-18T20:31:39.652+0000] {logging_mixin.py:190} INFO - [2024-12-18T20:31:39.651+0000] {dagbag.py:588} INFO - Filling up the DagBag from /home/ubuntu/demo8/lib/python3.12/site-packages/airflow/example_dags/example_sensors.py
[2024-12-18T20:31:39.665+0000] {processor.py:925} INFO - DAG(s) 'example_sensors' retrieved from /home/ubuntu/demo8/lib/python3.12/site-packages/airflow/example_dags/example_sensors.py
[2024-12-18T20:31:39.695+0000] {logging_mixin.py:190} INFO - [2024-12-18T20:31:39.695+0000] {dag.py:3239} INFO - Sync 1 DAGs
[2024-12-18T20:31:39.712+0000] {logging_mixin.py:190} INFO - [2024-12-18T20:31:39.712+0000] {dag.py:4180} INFO - Setting next_dagrun for example_sensors to None, run_after=None
[2024-12-18T20:31:39.735+0000] {processor.py:208} INFO - Processing /home/ubuntu/demo8/lib/python3.12/site-packages/airflow/example_dags/example_sensors.py took 0.096 seconds
[2024-12-18T20:32:35.447+0000] {processor.py:186} INFO - Started process (PID=3373) to work on /home/ubuntu/demo8/lib/python3.12/site-packages/airflow/example_dags/example_sensors.py
[2024-12-18T20:32:35.449+0000] {processor.py:914} INFO - Processing file /home/ubuntu/demo8/lib/python3.12/site-packages/airflow/example_dags/example_sensors.py for tasks to queue
[2024-12-18T20:32:35.451+0000] {logging_mixin.py:190} INFO - [2024-12-18T20:32:35.451+0000] {dagbag.py:588} INFO - Filling up the DagBag from /home/ubuntu/demo8/lib/python3.12/site-packages/airflow/example_dags/example_sensors.py
[2024-12-18T20:32:35.464+0000] {processor.py:925} INFO - DAG(s) 'example_sensors' retrieved from /home/ubuntu/demo8/lib/python3.12/site-packages/airflow/example_dags/example_sensors.py
[2024-12-18T20:32:35.488+0000] {logging_mixin.py:190} INFO - [2024-12-18T20:32:35.488+0000] {dag.py:3239} INFO - Sync 1 DAGs
[2024-12-18T20:32:35.502+0000] {logging_mixin.py:190} INFO - [2024-12-18T20:32:35.502+0000] {dag.py:4180} INFO - Setting next_dagrun for example_sensors to None, run_after=None
[2024-12-18T20:32:35.525+0000] {processor.py:208} INFO - Processing /home/ubuntu/demo8/lib/python3.12/site-packages/airflow/example_dags/example_sensors.py took 0.083 seconds
[2024-12-18T20:33:29.820+0000] {processor.py:186} INFO - Started process (PID=3522) to work on /home/ubuntu/demo8/lib/python3.12/site-packages/airflow/example_dags/example_sensors.py
[2024-12-18T20:33:29.822+0000] {processor.py:914} INFO - Processing file /home/ubuntu/demo8/lib/python3.12/site-packages/airflow/example_dags/example_sensors.py for tasks to queue
[2024-12-18T20:33:29.825+0000] {logging_mixin.py:190} INFO - [2024-12-18T20:33:29.824+0000] {dagbag.py:588} INFO - Filling up the DagBag from /home/ubuntu/demo8/lib/python3.12/site-packages/airflow/example_dags/example_sensors.py
[2024-12-18T20:33:29.837+0000] {processor.py:925} INFO - DAG(s) 'example_sensors' retrieved from /home/ubuntu/demo8/lib/python3.12/site-packages/airflow/example_dags/example_sensors.py
[2024-12-18T20:33:29.861+0000] {logging_mixin.py:190} INFO - [2024-12-18T20:33:29.861+0000] {dag.py:3239} INFO - Sync 1 DAGs
[2024-12-18T20:33:29.875+0000] {logging_mixin.py:190} INFO - [2024-12-18T20:33:29.874+0000] {dag.py:4180} INFO - Setting next_dagrun for example_sensors to None, run_after=None
[2024-12-18T20:33:29.897+0000] {processor.py:208} INFO - Processing /home/ubuntu/demo8/lib/python3.12/site-packages/airflow/example_dags/example_sensors.py took 0.083 seconds
[2024-12-18T20:34:39.864+0000] {processor.py:186} INFO - Started process (PID=3707) to work on /home/ubuntu/demo8/lib/python3.12/site-packages/airflow/example_dags/example_sensors.py
[2024-12-18T20:34:39.865+0000] {processor.py:914} INFO - Processing file /home/ubuntu/demo8/lib/python3.12/site-packages/airflow/example_dags/example_sensors.py for tasks to queue
[2024-12-18T20:34:39.868+0000] {logging_mixin.py:190} INFO - [2024-12-18T20:34:39.867+0000] {dagbag.py:588} INFO - Filling up the DagBag from /home/ubuntu/demo8/lib/python3.12/site-packages/airflow/example_dags/example_sensors.py
[2024-12-18T20:34:40.004+0000] {processor.py:925} INFO - DAG(s) 'example_sensors' retrieved from /home/ubuntu/demo8/lib/python3.12/site-packages/airflow/example_dags/example_sensors.py
[2024-12-18T20:34:40.031+0000] {logging_mixin.py:190} INFO - [2024-12-18T20:34:40.031+0000] {dag.py:3239} INFO - Sync 1 DAGs
[2024-12-18T20:34:40.042+0000] {logging_mixin.py:190} INFO - [2024-12-18T20:34:40.042+0000] {dag.py:4180} INFO - Setting next_dagrun for example_sensors to None, run_after=None
[2024-12-18T20:34:40.063+0000] {processor.py:208} INFO - Processing /home/ubuntu/demo8/lib/python3.12/site-packages/airflow/example_dags/example_sensors.py took 0.205 seconds
[2024-12-18T20:35:37.264+0000] {processor.py:186} INFO - Started process (PID=3831) to work on /home/ubuntu/demo8/lib/python3.12/site-packages/airflow/example_dags/example_sensors.py
[2024-12-18T20:35:37.265+0000] {processor.py:914} INFO - Processing file /home/ubuntu/demo8/lib/python3.12/site-packages/airflow/example_dags/example_sensors.py for tasks to queue
[2024-12-18T20:35:37.268+0000] {logging_mixin.py:190} INFO - [2024-12-18T20:35:37.268+0000] {dagbag.py:588} INFO - Filling up the DagBag from /home/ubuntu/demo8/lib/python3.12/site-packages/airflow/example_dags/example_sensors.py
[2024-12-18T20:35:37.282+0000] {processor.py:925} INFO - DAG(s) 'example_sensors' retrieved from /home/ubuntu/demo8/lib/python3.12/site-packages/airflow/example_dags/example_sensors.py
[2024-12-18T20:35:37.306+0000] {logging_mixin.py:190} INFO - [2024-12-18T20:35:37.306+0000] {dag.py:3239} INFO - Sync 1 DAGs
[2024-12-18T20:35:37.320+0000] {logging_mixin.py:190} INFO - [2024-12-18T20:35:37.320+0000] {dag.py:4180} INFO - Setting next_dagrun for example_sensors to None, run_after=None
[2024-12-18T20:35:37.345+0000] {processor.py:208} INFO - Processing /home/ubuntu/demo8/lib/python3.12/site-packages/airflow/example_dags/example_sensors.py took 0.087 seconds
[2024-12-18T20:36:35.131+0000] {processor.py:186} INFO - Started process (PID=3951) to work on /home/ubuntu/demo8/lib/python3.12/site-packages/airflow/example_dags/example_sensors.py
[2024-12-18T20:36:35.133+0000] {processor.py:914} INFO - Processing file /home/ubuntu/demo8/lib/python3.12/site-packages/airflow/example_dags/example_sensors.py for tasks to queue
[2024-12-18T20:36:35.136+0000] {logging_mixin.py:190} INFO - [2024-12-18T20:36:35.135+0000] {dagbag.py:588} INFO - Filling up the DagBag from /home/ubuntu/demo8/lib/python3.12/site-packages/airflow/example_dags/example_sensors.py
[2024-12-18T20:36:35.149+0000] {processor.py:925} INFO - DAG(s) 'example_sensors' retrieved from /home/ubuntu/demo8/lib/python3.12/site-packages/airflow/example_dags/example_sensors.py
[2024-12-18T20:36:35.173+0000] {logging_mixin.py:190} INFO - [2024-12-18T20:36:35.173+0000] {dag.py:3239} INFO - Sync 1 DAGs
[2024-12-18T20:36:35.187+0000] {logging_mixin.py:190} INFO - [2024-12-18T20:36:35.187+0000] {dag.py:4180} INFO - Setting next_dagrun for example_sensors to None, run_after=None
[2024-12-18T20:36:35.211+0000] {processor.py:208} INFO - Processing /home/ubuntu/demo8/lib/python3.12/site-packages/airflow/example_dags/example_sensors.py took 0.086 seconds
[2024-12-18T20:37:31.112+0000] {processor.py:186} INFO - Started process (PID=4070) to work on /home/ubuntu/demo8/lib/python3.12/site-packages/airflow/example_dags/example_sensors.py
[2024-12-18T20:37:31.113+0000] {processor.py:914} INFO - Processing file /home/ubuntu/demo8/lib/python3.12/site-packages/airflow/example_dags/example_sensors.py for tasks to queue
[2024-12-18T20:37:31.116+0000] {logging_mixin.py:190} INFO - [2024-12-18T20:37:31.115+0000] {dagbag.py:588} INFO - Filling up the DagBag from /home/ubuntu/demo8/lib/python3.12/site-packages/airflow/example_dags/example_sensors.py
[2024-12-18T20:37:31.129+0000] {processor.py:925} INFO - DAG(s) 'example_sensors' retrieved from /home/ubuntu/demo8/lib/python3.12/site-packages/airflow/example_dags/example_sensors.py
[2024-12-18T20:37:31.153+0000] {logging_mixin.py:190} INFO - [2024-12-18T20:37:31.153+0000] {dag.py:3239} INFO - Sync 1 DAGs
[2024-12-18T20:37:31.168+0000] {logging_mixin.py:190} INFO - [2024-12-18T20:37:31.167+0000] {dag.py:4180} INFO - Setting next_dagrun for example_sensors to None, run_after=None
[2024-12-18T20:37:31.192+0000] {processor.py:208} INFO - Processing /home/ubuntu/demo8/lib/python3.12/site-packages/airflow/example_dags/example_sensors.py took 0.090 seconds
[2024-12-18T20:38:25.784+0000] {processor.py:186} INFO - Started process (PID=4185) to work on /home/ubuntu/demo8/lib/python3.12/site-packages/airflow/example_dags/example_sensors.py
[2024-12-18T20:38:25.786+0000] {processor.py:914} INFO - Processing file /home/ubuntu/demo8/lib/python3.12/site-packages/airflow/example_dags/example_sensors.py for tasks to queue
[2024-12-18T20:38:25.788+0000] {logging_mixin.py:190} INFO - [2024-12-18T20:38:25.788+0000] {dagbag.py:588} INFO - Filling up the DagBag from /home/ubuntu/demo8/lib/python3.12/site-packages/airflow/example_dags/example_sensors.py
[2024-12-18T20:38:25.802+0000] {processor.py:925} INFO - DAG(s) 'example_sensors' retrieved from /home/ubuntu/demo8/lib/python3.12/site-packages/airflow/example_dags/example_sensors.py
[2024-12-18T20:38:25.827+0000] {logging_mixin.py:190} INFO - [2024-12-18T20:38:25.827+0000] {dag.py:3239} INFO - Sync 1 DAGs
[2024-12-18T20:38:25.842+0000] {logging_mixin.py:190} INFO - [2024-12-18T20:38:25.842+0000] {dag.py:4180} INFO - Setting next_dagrun for example_sensors to None, run_after=None
[2024-12-18T20:38:25.867+0000] {processor.py:208} INFO - Processing /home/ubuntu/demo8/lib/python3.12/site-packages/airflow/example_dags/example_sensors.py took 0.089 seconds
[2024-12-18T20:39:21.056+0000] {processor.py:186} INFO - Started process (PID=4302) to work on /home/ubuntu/demo8/lib/python3.12/site-packages/airflow/example_dags/example_sensors.py
[2024-12-18T20:39:21.058+0000] {processor.py:914} INFO - Processing file /home/ubuntu/demo8/lib/python3.12/site-packages/airflow/example_dags/example_sensors.py for tasks to queue
[2024-12-18T20:39:21.060+0000] {logging_mixin.py:190} INFO - [2024-12-18T20:39:21.060+0000] {dagbag.py:588} INFO - Filling up the DagBag from /home/ubuntu/demo8/lib/python3.12/site-packages/airflow/example_dags/example_sensors.py
[2024-12-18T20:39:21.074+0000] {processor.py:925} INFO - DAG(s) 'example_sensors' retrieved from /home/ubuntu/demo8/lib/python3.12/site-packages/airflow/example_dags/example_sensors.py
[2024-12-18T20:39:21.124+0000] {logging_mixin.py:190} INFO - [2024-12-18T20:39:21.124+0000] {dag.py:3239} INFO - Sync 1 DAGs
[2024-12-18T20:39:21.156+0000] {logging_mixin.py:190} INFO - [2024-12-18T20:39:21.156+0000] {dag.py:4180} INFO - Setting next_dagrun for example_sensors to None, run_after=None
[2024-12-18T20:39:21.197+0000] {processor.py:208} INFO - Processing /home/ubuntu/demo8/lib/python3.12/site-packages/airflow/example_dags/example_sensors.py took 0.147 seconds
[2024-12-18T20:40:18.986+0000] {processor.py:186} INFO - Started process (PID=4500) to work on /home/ubuntu/demo8/lib/python3.12/site-packages/airflow/example_dags/example_sensors.py
[2024-12-18T20:40:18.987+0000] {processor.py:914} INFO - Processing file /home/ubuntu/demo8/lib/python3.12/site-packages/airflow/example_dags/example_sensors.py for tasks to queue
[2024-12-18T20:40:18.990+0000] {logging_mixin.py:190} INFO - [2024-12-18T20:40:18.989+0000] {dagbag.py:588} INFO - Filling up the DagBag from /home/ubuntu/demo8/lib/python3.12/site-packages/airflow/example_dags/example_sensors.py
[2024-12-18T20:40:19.003+0000] {processor.py:925} INFO - DAG(s) 'example_sensors' retrieved from /home/ubuntu/demo8/lib/python3.12/site-packages/airflow/example_dags/example_sensors.py
[2024-12-18T20:40:19.027+0000] {logging_mixin.py:190} INFO - [2024-12-18T20:40:19.026+0000] {dag.py:3239} INFO - Sync 1 DAGs
[2024-12-18T20:40:19.040+0000] {logging_mixin.py:190} INFO - [2024-12-18T20:40:19.040+0000] {dag.py:4180} INFO - Setting next_dagrun for example_sensors to None, run_after=None
[2024-12-18T20:40:19.064+0000] {processor.py:208} INFO - Processing /home/ubuntu/demo8/lib/python3.12/site-packages/airflow/example_dags/example_sensors.py took 0.084 seconds
[2024-12-18T20:41:14.545+0000] {processor.py:186} INFO - Started process (PID=4557) to work on /home/ubuntu/demo8/lib/python3.12/site-packages/airflow/example_dags/example_sensors.py
[2024-12-18T20:41:14.547+0000] {processor.py:914} INFO - Processing file /home/ubuntu/demo8/lib/python3.12/site-packages/airflow/example_dags/example_sensors.py for tasks to queue
[2024-12-18T20:41:14.549+0000] {logging_mixin.py:190} INFO - [2024-12-18T20:41:14.549+0000] {dagbag.py:588} INFO - Filling up the DagBag from /home/ubuntu/demo8/lib/python3.12/site-packages/airflow/example_dags/example_sensors.py
[2024-12-18T20:41:14.562+0000] {processor.py:925} INFO - DAG(s) 'example_sensors' retrieved from /home/ubuntu/demo8/lib/python3.12/site-packages/airflow/example_dags/example_sensors.py
[2024-12-18T20:41:14.586+0000] {logging_mixin.py:190} INFO - [2024-12-18T20:41:14.586+0000] {dag.py:3239} INFO - Sync 1 DAGs
[2024-12-18T20:41:14.600+0000] {logging_mixin.py:190} INFO - [2024-12-18T20:41:14.600+0000] {dag.py:4180} INFO - Setting next_dagrun for example_sensors to None, run_after=None
[2024-12-18T20:41:14.622+0000] {processor.py:208} INFO - Processing /home/ubuntu/demo8/lib/python3.12/site-packages/airflow/example_dags/example_sensors.py took 0.083 seconds
[2024-12-18T20:42:07.833+0000] {processor.py:186} INFO - Started process (PID=4676) to work on /home/ubuntu/demo8/lib/python3.12/site-packages/airflow/example_dags/example_sensors.py
[2024-12-18T20:42:07.834+0000] {processor.py:914} INFO - Processing file /home/ubuntu/demo8/lib/python3.12/site-packages/airflow/example_dags/example_sensors.py for tasks to queue
[2024-12-18T20:42:07.837+0000] {logging_mixin.py:190} INFO - [2024-12-18T20:42:07.836+0000] {dagbag.py:588} INFO - Filling up the DagBag from /home/ubuntu/demo8/lib/python3.12/site-packages/airflow/example_dags/example_sensors.py
[2024-12-18T20:42:07.850+0000] {processor.py:925} INFO - DAG(s) 'example_sensors' retrieved from /home/ubuntu/demo8/lib/python3.12/site-packages/airflow/example_dags/example_sensors.py
[2024-12-18T20:42:07.874+0000] {logging_mixin.py:190} INFO - [2024-12-18T20:42:07.874+0000] {dag.py:3239} INFO - Sync 1 DAGs
[2024-12-18T20:42:07.887+0000] {logging_mixin.py:190} INFO - [2024-12-18T20:42:07.887+0000] {dag.py:4180} INFO - Setting next_dagrun for example_sensors to None, run_after=None
[2024-12-18T20:42:07.910+0000] {processor.py:208} INFO - Processing /home/ubuntu/demo8/lib/python3.12/site-packages/airflow/example_dags/example_sensors.py took 0.083 seconds
[2024-12-18T20:43:04.057+0000] {processor.py:186} INFO - Started process (PID=4792) to work on /home/ubuntu/demo8/lib/python3.12/site-packages/airflow/example_dags/example_sensors.py
[2024-12-18T20:43:04.059+0000] {processor.py:914} INFO - Processing file /home/ubuntu/demo8/lib/python3.12/site-packages/airflow/example_dags/example_sensors.py for tasks to queue
[2024-12-18T20:43:04.061+0000] {logging_mixin.py:190} INFO - [2024-12-18T20:43:04.061+0000] {dagbag.py:588} INFO - Filling up the DagBag from /home/ubuntu/demo8/lib/python3.12/site-packages/airflow/example_dags/example_sensors.py
[2024-12-18T20:43:04.075+0000] {processor.py:925} INFO - DAG(s) 'example_sensors' retrieved from /home/ubuntu/demo8/lib/python3.12/site-packages/airflow/example_dags/example_sensors.py
[2024-12-18T20:43:04.099+0000] {logging_mixin.py:190} INFO - [2024-12-18T20:43:04.099+0000] {dag.py:3239} INFO - Sync 1 DAGs
[2024-12-18T20:43:04.114+0000] {logging_mixin.py:190} INFO - [2024-12-18T20:43:04.114+0000] {dag.py:4180} INFO - Setting next_dagrun for example_sensors to None, run_after=None
[2024-12-18T20:43:04.138+0000] {processor.py:208} INFO - Processing /home/ubuntu/demo8/lib/python3.12/site-packages/airflow/example_dags/example_sensors.py took 0.087 seconds
[2024-12-18T20:43:56.252+0000] {processor.py:186} INFO - Started process (PID=4907) to work on /home/ubuntu/demo8/lib/python3.12/site-packages/airflow/example_dags/example_sensors.py
[2024-12-18T20:43:56.253+0000] {processor.py:914} INFO - Processing file /home/ubuntu/demo8/lib/python3.12/site-packages/airflow/example_dags/example_sensors.py for tasks to queue
[2024-12-18T20:43:56.256+0000] {logging_mixin.py:190} INFO - [2024-12-18T20:43:56.255+0000] {dagbag.py:588} INFO - Filling up the DagBag from /home/ubuntu/demo8/lib/python3.12/site-packages/airflow/example_dags/example_sensors.py
[2024-12-18T20:43:56.269+0000] {processor.py:925} INFO - DAG(s) 'example_sensors' retrieved from /home/ubuntu/demo8/lib/python3.12/site-packages/airflow/example_dags/example_sensors.py
[2024-12-18T20:43:56.294+0000] {logging_mixin.py:190} INFO - [2024-12-18T20:43:56.294+0000] {dag.py:3239} INFO - Sync 1 DAGs
[2024-12-18T20:43:56.308+0000] {logging_mixin.py:190} INFO - [2024-12-18T20:43:56.308+0000] {dag.py:4180} INFO - Setting next_dagrun for example_sensors to None, run_after=None
[2024-12-18T20:43:56.334+0000] {processor.py:208} INFO - Processing /home/ubuntu/demo8/lib/python3.12/site-packages/airflow/example_dags/example_sensors.py took 0.089 seconds
[2024-12-18T20:44:49.793+0000] {processor.py:186} INFO - Started process (PID=5085) to work on /home/ubuntu/demo8/lib/python3.12/site-packages/airflow/example_dags/example_sensors.py
[2024-12-18T20:44:49.794+0000] {processor.py:914} INFO - Processing file /home/ubuntu/demo8/lib/python3.12/site-packages/airflow/example_dags/example_sensors.py for tasks to queue
[2024-12-18T20:44:49.797+0000] {logging_mixin.py:190} INFO - [2024-12-18T20:44:49.796+0000] {dagbag.py:588} INFO - Filling up the DagBag from /home/ubuntu/demo8/lib/python3.12/site-packages/airflow/example_dags/example_sensors.py
[2024-12-18T20:44:49.810+0000] {processor.py:925} INFO - DAG(s) 'example_sensors' retrieved from /home/ubuntu/demo8/lib/python3.12/site-packages/airflow/example_dags/example_sensors.py
[2024-12-18T20:44:49.835+0000] {logging_mixin.py:190} INFO - [2024-12-18T20:44:49.834+0000] {dag.py:3239} INFO - Sync 1 DAGs
[2024-12-18T20:44:49.848+0000] {logging_mixin.py:190} INFO - [2024-12-18T20:44:49.848+0000] {dag.py:4180} INFO - Setting next_dagrun for example_sensors to None, run_after=None
[2024-12-18T20:44:49.872+0000] {processor.py:208} INFO - Processing /home/ubuntu/demo8/lib/python3.12/site-packages/airflow/example_dags/example_sensors.py took 0.086 seconds
[2024-12-18T20:45:44.751+0000] {processor.py:186} INFO - Started process (PID=5207) to work on /home/ubuntu/demo8/lib/python3.12/site-packages/airflow/example_dags/example_sensors.py
[2024-12-18T20:45:44.752+0000] {processor.py:914} INFO - Processing file /home/ubuntu/demo8/lib/python3.12/site-packages/airflow/example_dags/example_sensors.py for tasks to queue
[2024-12-18T20:45:44.755+0000] {logging_mixin.py:190} INFO - [2024-12-18T20:45:44.755+0000] {dagbag.py:588} INFO - Filling up the DagBag from /home/ubuntu/demo8/lib/python3.12/site-packages/airflow/example_dags/example_sensors.py
[2024-12-18T20:45:44.768+0000] {processor.py:925} INFO - DAG(s) 'example_sensors' retrieved from /home/ubuntu/demo8/lib/python3.12/site-packages/airflow/example_dags/example_sensors.py
[2024-12-18T20:45:44.793+0000] {logging_mixin.py:190} INFO - [2024-12-18T20:45:44.793+0000] {dag.py:3239} INFO - Sync 1 DAGs
[2024-12-18T20:45:44.807+0000] {logging_mixin.py:190} INFO - [2024-12-18T20:45:44.807+0000] {dag.py:4180} INFO - Setting next_dagrun for example_sensors to None, run_after=None
[2024-12-18T20:45:44.831+0000] {processor.py:208} INFO - Processing /home/ubuntu/demo8/lib/python3.12/site-packages/airflow/example_dags/example_sensors.py took 0.087 seconds
[2024-12-18T20:47:23.532+0000] {processor.py:186} INFO - Started process (PID=5832) to work on /home/ubuntu/demo8/lib/python3.12/site-packages/airflow/example_dags/example_sensors.py
[2024-12-18T20:47:23.533+0000] {processor.py:914} INFO - Processing file /home/ubuntu/demo8/lib/python3.12/site-packages/airflow/example_dags/example_sensors.py for tasks to queue
[2024-12-18T20:47:23.536+0000] {logging_mixin.py:190} INFO - [2024-12-18T20:47:23.535+0000] {dagbag.py:588} INFO - Filling up the DagBag from /home/ubuntu/demo8/lib/python3.12/site-packages/airflow/example_dags/example_sensors.py
[2024-12-18T20:47:23.548+0000] {processor.py:925} INFO - DAG(s) 'example_sensors' retrieved from /home/ubuntu/demo8/lib/python3.12/site-packages/airflow/example_dags/example_sensors.py
[2024-12-18T20:47:23.577+0000] {logging_mixin.py:190} INFO - [2024-12-18T20:47:23.576+0000] {dag.py:3239} INFO - Sync 1 DAGs
[2024-12-18T20:47:23.591+0000] {logging_mixin.py:190} INFO - [2024-12-18T20:47:23.591+0000] {dag.py:4180} INFO - Setting next_dagrun for example_sensors to None, run_after=None
[2024-12-18T20:47:23.615+0000] {processor.py:208} INFO - Processing /home/ubuntu/demo8/lib/python3.12/site-packages/airflow/example_dags/example_sensors.py took 0.090 seconds
[2024-12-18T20:48:22.359+0000] {processor.py:186} INFO - Started process (PID=6015) to work on /home/ubuntu/demo8/lib/python3.12/site-packages/airflow/example_dags/example_sensors.py
[2024-12-18T20:48:22.361+0000] {processor.py:914} INFO - Processing file /home/ubuntu/demo8/lib/python3.12/site-packages/airflow/example_dags/example_sensors.py for tasks to queue
[2024-12-18T20:48:22.363+0000] {logging_mixin.py:190} INFO - [2024-12-18T20:48:22.363+0000] {dagbag.py:588} INFO - Filling up the DagBag from /home/ubuntu/demo8/lib/python3.12/site-packages/airflow/example_dags/example_sensors.py
[2024-12-18T20:48:22.376+0000] {processor.py:925} INFO - DAG(s) 'example_sensors' retrieved from /home/ubuntu/demo8/lib/python3.12/site-packages/airflow/example_dags/example_sensors.py
[2024-12-18T20:48:22.400+0000] {logging_mixin.py:190} INFO - [2024-12-18T20:48:22.400+0000] {dag.py:3239} INFO - Sync 1 DAGs
[2024-12-18T20:48:22.414+0000] {logging_mixin.py:190} INFO - [2024-12-18T20:48:22.413+0000] {dag.py:4180} INFO - Setting next_dagrun for example_sensors to None, run_after=None
[2024-12-18T20:48:22.436+0000] {processor.py:208} INFO - Processing /home/ubuntu/demo8/lib/python3.12/site-packages/airflow/example_dags/example_sensors.py took 0.083 seconds
[2024-12-18T20:49:18.909+0000] {processor.py:186} INFO - Started process (PID=6433) to work on /home/ubuntu/demo8/lib/python3.12/site-packages/airflow/example_dags/example_sensors.py
[2024-12-18T20:49:18.911+0000] {processor.py:914} INFO - Processing file /home/ubuntu/demo8/lib/python3.12/site-packages/airflow/example_dags/example_sensors.py for tasks to queue
[2024-12-18T20:49:18.913+0000] {logging_mixin.py:190} INFO - [2024-12-18T20:49:18.913+0000] {dagbag.py:588} INFO - Filling up the DagBag from /home/ubuntu/demo8/lib/python3.12/site-packages/airflow/example_dags/example_sensors.py
[2024-12-18T20:49:18.926+0000] {processor.py:925} INFO - DAG(s) 'example_sensors' retrieved from /home/ubuntu/demo8/lib/python3.12/site-packages/airflow/example_dags/example_sensors.py
[2024-12-18T20:49:18.950+0000] {logging_mixin.py:190} INFO - [2024-12-18T20:49:18.950+0000] {dag.py:3239} INFO - Sync 1 DAGs
[2024-12-18T20:49:18.965+0000] {logging_mixin.py:190} INFO - [2024-12-18T20:49:18.965+0000] {dag.py:4180} INFO - Setting next_dagrun for example_sensors to None, run_after=None
[2024-12-18T20:49:18.989+0000] {processor.py:208} INFO - Processing /home/ubuntu/demo8/lib/python3.12/site-packages/airflow/example_dags/example_sensors.py took 0.086 seconds
[2024-12-18T20:50:17.436+0000] {processor.py:186} INFO - Started process (PID=6700) to work on /home/ubuntu/demo8/lib/python3.12/site-packages/airflow/example_dags/example_sensors.py
[2024-12-18T20:50:17.438+0000] {processor.py:914} INFO - Processing file /home/ubuntu/demo8/lib/python3.12/site-packages/airflow/example_dags/example_sensors.py for tasks to queue
[2024-12-18T20:50:17.441+0000] {logging_mixin.py:190} INFO - [2024-12-18T20:50:17.440+0000] {dagbag.py:588} INFO - Filling up the DagBag from /home/ubuntu/demo8/lib/python3.12/site-packages/airflow/example_dags/example_sensors.py
[2024-12-18T20:50:17.454+0000] {processor.py:925} INFO - DAG(s) 'example_sensors' retrieved from /home/ubuntu/demo8/lib/python3.12/site-packages/airflow/example_dags/example_sensors.py
[2024-12-18T20:50:17.478+0000] {logging_mixin.py:190} INFO - [2024-12-18T20:50:17.478+0000] {dag.py:3239} INFO - Sync 1 DAGs
[2024-12-18T20:50:17.492+0000] {logging_mixin.py:190} INFO - [2024-12-18T20:50:17.492+0000] {dag.py:4180} INFO - Setting next_dagrun for example_sensors to None, run_after=None
[2024-12-18T20:50:17.516+0000] {processor.py:208} INFO - Processing /home/ubuntu/demo8/lib/python3.12/site-packages/airflow/example_dags/example_sensors.py took 0.086 seconds
[2024-12-18T20:51:12.399+0000] {processor.py:186} INFO - Started process (PID=6961) to work on /home/ubuntu/demo8/lib/python3.12/site-packages/airflow/example_dags/example_sensors.py
[2024-12-18T20:51:12.401+0000] {processor.py:914} INFO - Processing file /home/ubuntu/demo8/lib/python3.12/site-packages/airflow/example_dags/example_sensors.py for tasks to queue
[2024-12-18T20:51:12.403+0000] {logging_mixin.py:190} INFO - [2024-12-18T20:51:12.403+0000] {dagbag.py:588} INFO - Filling up the DagBag from /home/ubuntu/demo8/lib/python3.12/site-packages/airflow/example_dags/example_sensors.py
[2024-12-18T20:51:12.416+0000] {processor.py:925} INFO - DAG(s) 'example_sensors' retrieved from /home/ubuntu/demo8/lib/python3.12/site-packages/airflow/example_dags/example_sensors.py
[2024-12-18T20:51:12.440+0000] {logging_mixin.py:190} INFO - [2024-12-18T20:51:12.440+0000] {dag.py:3239} INFO - Sync 1 DAGs
[2024-12-18T20:51:12.453+0000] {logging_mixin.py:190} INFO - [2024-12-18T20:51:12.453+0000] {dag.py:4180} INFO - Setting next_dagrun for example_sensors to None, run_after=None
[2024-12-18T20:51:12.479+0000] {processor.py:208} INFO - Processing /home/ubuntu/demo8/lib/python3.12/site-packages/airflow/example_dags/example_sensors.py took 0.091 seconds
