[2024-12-18T15:45:13.423+0000] {processor.py:186} INFO - Started process (PID=3694) to work on /home/ubuntu/demo8/lib/python3.12/site-packages/airflow/example_dags/example_bash_decorator.py
[2024-12-18T15:45:13.424+0000] {processor.py:914} INFO - Processing file /home/ubuntu/demo8/lib/python3.12/site-packages/airflow/example_dags/example_bash_decorator.py for tasks to queue
[2024-12-18T15:45:13.426+0000] {logging_mixin.py:190} INFO - [2024-12-18T15:45:13.426+0000] {dagbag.py:588} INFO - Filling up the DagBag from /home/ubuntu/demo8/lib/python3.12/site-packages/airflow/example_dags/example_bash_decorator.py
[2024-12-18T15:45:13.443+0000] {processor.py:925} INFO - DAG(s) 'example_bash_decorator' retrieved from /home/ubuntu/demo8/lib/python3.12/site-packages/airflow/example_dags/example_bash_decorator.py
[2024-12-18T15:45:13.560+0000] {logging_mixin.py:190} INFO - [2024-12-18T15:45:13.559+0000] {override.py:1911} INFO - Created Permission View: can read on DAG:example_bash_decorator
[2024-12-18T15:45:13.572+0000] {logging_mixin.py:190} INFO - [2024-12-18T15:45:13.571+0000] {override.py:1911} INFO - Created Permission View: can delete on DAG:example_bash_decorator
[2024-12-18T15:45:13.581+0000] {logging_mixin.py:190} INFO - [2024-12-18T15:45:13.580+0000] {override.py:1911} INFO - Created Permission View: can edit on DAG:example_bash_decorator
[2024-12-18T15:45:13.596+0000] {logging_mixin.py:190} INFO - [2024-12-18T15:45:13.595+0000] {override.py:1911} INFO - Created Permission View: can create on DAG Run:example_bash_decorator
[2024-12-18T15:45:13.604+0000] {logging_mixin.py:190} INFO - [2024-12-18T15:45:13.604+0000] {override.py:1911} INFO - Created Permission View: can read on DAG Run:example_bash_decorator
[2024-12-18T15:45:13.613+0000] {logging_mixin.py:190} INFO - [2024-12-18T15:45:13.613+0000] {override.py:1911} INFO - Created Permission View: menu access on DAG Run:example_bash_decorator
[2024-12-18T15:45:13.623+0000] {logging_mixin.py:190} INFO - [2024-12-18T15:45:13.622+0000] {override.py:1911} INFO - Created Permission View: can delete on DAG Run:example_bash_decorator
[2024-12-18T15:45:13.623+0000] {logging_mixin.py:190} INFO - [2024-12-18T15:45:13.623+0000] {dag.py:3239} INFO - Sync 1 DAGs
[2024-12-18T15:45:13.635+0000] {logging_mixin.py:190} INFO - [2024-12-18T15:45:13.635+0000] {dag.py:3262} INFO - Creating ORM DAG for example_bash_decorator
[2024-12-18T15:45:13.636+0000] {logging_mixin.py:190} INFO - [2024-12-18T15:45:13.635+0000] {dag.py:4180} INFO - Setting next_dagrun for example_bash_decorator to None, run_after=None
[2024-12-18T15:45:13.656+0000] {processor.py:208} INFO - Processing /home/ubuntu/demo8/lib/python3.12/site-packages/airflow/example_dags/example_bash_decorator.py took 0.238 seconds
[2024-12-18T15:46:16.052+0000] {processor.py:186} INFO - Started process (PID=3793) to work on /home/ubuntu/demo8/lib/python3.12/site-packages/airflow/example_dags/example_bash_decorator.py
[2024-12-18T15:46:16.054+0000] {processor.py:914} INFO - Processing file /home/ubuntu/demo8/lib/python3.12/site-packages/airflow/example_dags/example_bash_decorator.py for tasks to queue
[2024-12-18T15:46:16.056+0000] {logging_mixin.py:190} INFO - [2024-12-18T15:46:16.055+0000] {dagbag.py:588} INFO - Filling up the DagBag from /home/ubuntu/demo8/lib/python3.12/site-packages/airflow/example_dags/example_bash_decorator.py
[2024-12-18T15:46:16.072+0000] {processor.py:925} INFO - DAG(s) 'example_bash_decorator' retrieved from /home/ubuntu/demo8/lib/python3.12/site-packages/airflow/example_dags/example_bash_decorator.py
[2024-12-18T15:46:16.093+0000] {logging_mixin.py:190} INFO - [2024-12-18T15:46:16.093+0000] {dag.py:3239} INFO - Sync 1 DAGs
[2024-12-18T15:46:16.106+0000] {logging_mixin.py:190} INFO - [2024-12-18T15:46:16.106+0000] {dag.py:4180} INFO - Setting next_dagrun for example_bash_decorator to None, run_after=None
[2024-12-18T15:46:16.128+0000] {processor.py:208} INFO - Processing /home/ubuntu/demo8/lib/python3.12/site-packages/airflow/example_dags/example_bash_decorator.py took 0.081 seconds
[2024-12-18T15:47:39.040+0000] {processor.py:186} INFO - Started process (PID=4286) to work on /home/ubuntu/demo8/lib/python3.12/site-packages/airflow/example_dags/example_bash_decorator.py
[2024-12-18T15:47:39.042+0000] {processor.py:914} INFO - Processing file /home/ubuntu/demo8/lib/python3.12/site-packages/airflow/example_dags/example_bash_decorator.py for tasks to queue
[2024-12-18T15:47:39.044+0000] {logging_mixin.py:190} INFO - [2024-12-18T15:47:39.044+0000] {dagbag.py:588} INFO - Filling up the DagBag from /home/ubuntu/demo8/lib/python3.12/site-packages/airflow/example_dags/example_bash_decorator.py
[2024-12-18T15:47:39.061+0000] {processor.py:925} INFO - DAG(s) 'example_bash_decorator' retrieved from /home/ubuntu/demo8/lib/python3.12/site-packages/airflow/example_dags/example_bash_decorator.py
[2024-12-18T15:47:39.082+0000] {logging_mixin.py:190} INFO - [2024-12-18T15:47:39.082+0000] {dag.py:3239} INFO - Sync 1 DAGs
[2024-12-18T15:47:39.096+0000] {logging_mixin.py:190} INFO - [2024-12-18T15:47:39.096+0000] {dag.py:4180} INFO - Setting next_dagrun for example_bash_decorator to None, run_after=None
[2024-12-18T15:47:39.117+0000] {processor.py:208} INFO - Processing /home/ubuntu/demo8/lib/python3.12/site-packages/airflow/example_dags/example_bash_decorator.py took 0.083 seconds
[2024-12-18T15:49:00.474+0000] {processor.py:186} INFO - Started process (PID=4368) to work on /home/ubuntu/demo8/lib/python3.12/site-packages/airflow/example_dags/example_bash_decorator.py
[2024-12-18T15:49:00.476+0000] {processor.py:914} INFO - Processing file /home/ubuntu/demo8/lib/python3.12/site-packages/airflow/example_dags/example_bash_decorator.py for tasks to queue
[2024-12-18T15:49:00.478+0000] {logging_mixin.py:190} INFO - [2024-12-18T15:49:00.477+0000] {dagbag.py:588} INFO - Filling up the DagBag from /home/ubuntu/demo8/lib/python3.12/site-packages/airflow/example_dags/example_bash_decorator.py
[2024-12-18T15:49:00.495+0000] {processor.py:925} INFO - DAG(s) 'example_bash_decorator' retrieved from /home/ubuntu/demo8/lib/python3.12/site-packages/airflow/example_dags/example_bash_decorator.py
[2024-12-18T15:49:00.517+0000] {logging_mixin.py:190} INFO - [2024-12-18T15:49:00.517+0000] {dag.py:3239} INFO - Sync 1 DAGs
[2024-12-18T15:49:00.650+0000] {logging_mixin.py:190} INFO - [2024-12-18T15:49:00.650+0000] {dag.py:4180} INFO - Setting next_dagrun for example_bash_decorator to None, run_after=None
[2024-12-18T15:49:00.671+0000] {processor.py:208} INFO - Processing /home/ubuntu/demo8/lib/python3.12/site-packages/airflow/example_dags/example_bash_decorator.py took 0.204 seconds
[2024-12-18T15:50:06.670+0000] {processor.py:186} INFO - Started process (PID=4432) to work on /home/ubuntu/demo8/lib/python3.12/site-packages/airflow/example_dags/example_bash_decorator.py
[2024-12-18T15:50:06.671+0000] {processor.py:914} INFO - Processing file /home/ubuntu/demo8/lib/python3.12/site-packages/airflow/example_dags/example_bash_decorator.py for tasks to queue
[2024-12-18T15:50:06.673+0000] {logging_mixin.py:190} INFO - [2024-12-18T15:50:06.673+0000] {dagbag.py:588} INFO - Filling up the DagBag from /home/ubuntu/demo8/lib/python3.12/site-packages/airflow/example_dags/example_bash_decorator.py
[2024-12-18T15:50:06.691+0000] {processor.py:925} INFO - DAG(s) 'example_bash_decorator' retrieved from /home/ubuntu/demo8/lib/python3.12/site-packages/airflow/example_dags/example_bash_decorator.py
[2024-12-18T15:50:06.711+0000] {logging_mixin.py:190} INFO - [2024-12-18T15:50:06.711+0000] {dag.py:3239} INFO - Sync 1 DAGs
[2024-12-18T15:50:06.737+0000] {logging_mixin.py:190} INFO - [2024-12-18T15:50:06.737+0000] {dag.py:4180} INFO - Setting next_dagrun for example_bash_decorator to None, run_after=None
[2024-12-18T15:50:06.765+0000] {processor.py:208} INFO - Processing /home/ubuntu/demo8/lib/python3.12/site-packages/airflow/example_dags/example_bash_decorator.py took 0.102 seconds
[2024-12-18T15:51:29.036+0000] {processor.py:186} INFO - Started process (PID=4529) to work on /home/ubuntu/demo8/lib/python3.12/site-packages/airflow/example_dags/example_bash_decorator.py
[2024-12-18T15:51:29.038+0000] {processor.py:914} INFO - Processing file /home/ubuntu/demo8/lib/python3.12/site-packages/airflow/example_dags/example_bash_decorator.py for tasks to queue
[2024-12-18T15:51:29.040+0000] {logging_mixin.py:190} INFO - [2024-12-18T15:51:29.040+0000] {dagbag.py:588} INFO - Filling up the DagBag from /home/ubuntu/demo8/lib/python3.12/site-packages/airflow/example_dags/example_bash_decorator.py
[2024-12-18T15:51:29.058+0000] {processor.py:925} INFO - DAG(s) 'example_bash_decorator' retrieved from /home/ubuntu/demo8/lib/python3.12/site-packages/airflow/example_dags/example_bash_decorator.py
[2024-12-18T15:51:29.080+0000] {logging_mixin.py:190} INFO - [2024-12-18T15:51:29.079+0000] {dag.py:3239} INFO - Sync 1 DAGs
[2024-12-18T15:51:29.094+0000] {logging_mixin.py:190} INFO - [2024-12-18T15:51:29.094+0000] {dag.py:4180} INFO - Setting next_dagrun for example_bash_decorator to None, run_after=None
[2024-12-18T15:51:29.116+0000] {processor.py:208} INFO - Processing /home/ubuntu/demo8/lib/python3.12/site-packages/airflow/example_dags/example_bash_decorator.py took 0.086 seconds
[2024-12-18T15:52:50.587+0000] {processor.py:186} INFO - Started process (PID=4614) to work on /home/ubuntu/demo8/lib/python3.12/site-packages/airflow/example_dags/example_bash_decorator.py
[2024-12-18T15:52:50.589+0000] {processor.py:914} INFO - Processing file /home/ubuntu/demo8/lib/python3.12/site-packages/airflow/example_dags/example_bash_decorator.py for tasks to queue
[2024-12-18T15:52:50.591+0000] {logging_mixin.py:190} INFO - [2024-12-18T15:52:50.591+0000] {dagbag.py:588} INFO - Filling up the DagBag from /home/ubuntu/demo8/lib/python3.12/site-packages/airflow/example_dags/example_bash_decorator.py
[2024-12-18T15:52:50.609+0000] {processor.py:925} INFO - DAG(s) 'example_bash_decorator' retrieved from /home/ubuntu/demo8/lib/python3.12/site-packages/airflow/example_dags/example_bash_decorator.py
[2024-12-18T15:52:50.631+0000] {logging_mixin.py:190} INFO - [2024-12-18T15:52:50.630+0000] {dag.py:3239} INFO - Sync 1 DAGs
[2024-12-18T15:52:50.645+0000] {logging_mixin.py:190} INFO - [2024-12-18T15:52:50.645+0000] {dag.py:4180} INFO - Setting next_dagrun for example_bash_decorator to None, run_after=None
[2024-12-18T15:52:50.668+0000] {processor.py:208} INFO - Processing /home/ubuntu/demo8/lib/python3.12/site-packages/airflow/example_dags/example_bash_decorator.py took 0.087 seconds
[2024-12-18T15:55:18.620+0000] {processor.py:186} INFO - Started process (PID=4794) to work on /home/ubuntu/demo8/lib/python3.12/site-packages/airflow/example_dags/example_bash_decorator.py
[2024-12-18T15:55:18.621+0000] {processor.py:914} INFO - Processing file /home/ubuntu/demo8/lib/python3.12/site-packages/airflow/example_dags/example_bash_decorator.py for tasks to queue
[2024-12-18T15:55:18.624+0000] {logging_mixin.py:190} INFO - [2024-12-18T15:55:18.623+0000] {dagbag.py:588} INFO - Filling up the DagBag from /home/ubuntu/demo8/lib/python3.12/site-packages/airflow/example_dags/example_bash_decorator.py
[2024-12-18T15:55:18.640+0000] {processor.py:925} INFO - DAG(s) 'example_bash_decorator' retrieved from /home/ubuntu/demo8/lib/python3.12/site-packages/airflow/example_dags/example_bash_decorator.py
[2024-12-18T15:55:18.754+0000] {logging_mixin.py:190} INFO - [2024-12-18T15:55:18.754+0000] {dag.py:3239} INFO - Sync 1 DAGs
[2024-12-18T15:55:18.765+0000] {logging_mixin.py:190} INFO - [2024-12-18T15:55:18.765+0000] {dag.py:4180} INFO - Setting next_dagrun for example_bash_decorator to None, run_after=None
[2024-12-18T15:55:18.789+0000] {processor.py:208} INFO - Processing /home/ubuntu/demo8/lib/python3.12/site-packages/airflow/example_dags/example_bash_decorator.py took 0.175 seconds
[2024-12-18T15:57:46.136+0000] {processor.py:186} INFO - Started process (PID=4941) to work on /home/ubuntu/demo8/lib/python3.12/site-packages/airflow/example_dags/example_bash_decorator.py
[2024-12-18T15:57:46.138+0000] {processor.py:914} INFO - Processing file /home/ubuntu/demo8/lib/python3.12/site-packages/airflow/example_dags/example_bash_decorator.py for tasks to queue
[2024-12-18T15:57:46.140+0000] {logging_mixin.py:190} INFO - [2024-12-18T15:57:46.139+0000] {dagbag.py:588} INFO - Filling up the DagBag from /home/ubuntu/demo8/lib/python3.12/site-packages/airflow/example_dags/example_bash_decorator.py
[2024-12-18T15:57:46.157+0000] {processor.py:925} INFO - DAG(s) 'example_bash_decorator' retrieved from /home/ubuntu/demo8/lib/python3.12/site-packages/airflow/example_dags/example_bash_decorator.py
[2024-12-18T15:57:46.276+0000] {logging_mixin.py:190} INFO - [2024-12-18T15:57:46.275+0000] {dag.py:3239} INFO - Sync 1 DAGs
[2024-12-18T15:57:46.287+0000] {logging_mixin.py:190} INFO - [2024-12-18T15:57:46.287+0000] {dag.py:4180} INFO - Setting next_dagrun for example_bash_decorator to None, run_after=None
[2024-12-18T15:57:46.310+0000] {processor.py:208} INFO - Processing /home/ubuntu/demo8/lib/python3.12/site-packages/airflow/example_dags/example_bash_decorator.py took 0.180 seconds
[2024-12-18T15:59:07.070+0000] {processor.py:186} INFO - Started process (PID=5024) to work on /home/ubuntu/demo8/lib/python3.12/site-packages/airflow/example_dags/example_bash_decorator.py
[2024-12-18T15:59:07.071+0000] {processor.py:914} INFO - Processing file /home/ubuntu/demo8/lib/python3.12/site-packages/airflow/example_dags/example_bash_decorator.py for tasks to queue
[2024-12-18T15:59:07.074+0000] {logging_mixin.py:190} INFO - [2024-12-18T15:59:07.073+0000] {dagbag.py:588} INFO - Filling up the DagBag from /home/ubuntu/demo8/lib/python3.12/site-packages/airflow/example_dags/example_bash_decorator.py
[2024-12-18T15:59:07.091+0000] {processor.py:925} INFO - DAG(s) 'example_bash_decorator' retrieved from /home/ubuntu/demo8/lib/python3.12/site-packages/airflow/example_dags/example_bash_decorator.py
[2024-12-18T15:59:07.113+0000] {logging_mixin.py:190} INFO - [2024-12-18T15:59:07.112+0000] {dag.py:3239} INFO - Sync 1 DAGs
[2024-12-18T15:59:07.126+0000] {logging_mixin.py:190} INFO - [2024-12-18T15:59:07.126+0000] {dag.py:4180} INFO - Setting next_dagrun for example_bash_decorator to None, run_after=None
[2024-12-18T15:59:07.150+0000] {processor.py:208} INFO - Processing /home/ubuntu/demo8/lib/python3.12/site-packages/airflow/example_dags/example_bash_decorator.py took 0.086 seconds
[2024-12-18T16:00:44.958+0000] {processor.py:186} INFO - Started process (PID=5125) to work on /home/ubuntu/demo8/lib/python3.12/site-packages/airflow/example_dags/example_bash_decorator.py
[2024-12-18T16:00:44.959+0000] {processor.py:914} INFO - Processing file /home/ubuntu/demo8/lib/python3.12/site-packages/airflow/example_dags/example_bash_decorator.py for tasks to queue
[2024-12-18T16:00:44.962+0000] {logging_mixin.py:190} INFO - [2024-12-18T16:00:44.961+0000] {dagbag.py:588} INFO - Filling up the DagBag from /home/ubuntu/demo8/lib/python3.12/site-packages/airflow/example_dags/example_bash_decorator.py
[2024-12-18T16:00:44.978+0000] {processor.py:925} INFO - DAG(s) 'example_bash_decorator' retrieved from /home/ubuntu/demo8/lib/python3.12/site-packages/airflow/example_dags/example_bash_decorator.py
[2024-12-18T16:00:45.094+0000] {logging_mixin.py:190} INFO - [2024-12-18T16:00:45.094+0000] {dag.py:3239} INFO - Sync 1 DAGs
[2024-12-18T16:00:45.106+0000] {logging_mixin.py:190} INFO - [2024-12-18T16:00:45.105+0000] {dag.py:4180} INFO - Setting next_dagrun for example_bash_decorator to None, run_after=None
[2024-12-18T16:00:45.129+0000] {processor.py:208} INFO - Processing /home/ubuntu/demo8/lib/python3.12/site-packages/airflow/example_dags/example_bash_decorator.py took 0.177 seconds
[2024-12-18T16:02:04.786+0000] {processor.py:186} INFO - Started process (PID=5210) to work on /home/ubuntu/demo8/lib/python3.12/site-packages/airflow/example_dags/example_bash_decorator.py
[2024-12-18T16:02:04.788+0000] {processor.py:914} INFO - Processing file /home/ubuntu/demo8/lib/python3.12/site-packages/airflow/example_dags/example_bash_decorator.py for tasks to queue
[2024-12-18T16:02:04.790+0000] {logging_mixin.py:190} INFO - [2024-12-18T16:02:04.789+0000] {dagbag.py:588} INFO - Filling up the DagBag from /home/ubuntu/demo8/lib/python3.12/site-packages/airflow/example_dags/example_bash_decorator.py
[2024-12-18T16:02:04.807+0000] {processor.py:925} INFO - DAG(s) 'example_bash_decorator' retrieved from /home/ubuntu/demo8/lib/python3.12/site-packages/airflow/example_dags/example_bash_decorator.py
[2024-12-18T16:02:04.828+0000] {logging_mixin.py:190} INFO - [2024-12-18T16:02:04.828+0000] {dag.py:3239} INFO - Sync 1 DAGs
[2024-12-18T16:02:04.842+0000] {logging_mixin.py:190} INFO - [2024-12-18T16:02:04.842+0000] {dag.py:4180} INFO - Setting next_dagrun for example_bash_decorator to None, run_after=None
[2024-12-18T16:02:04.864+0000] {processor.py:208} INFO - Processing /home/ubuntu/demo8/lib/python3.12/site-packages/airflow/example_dags/example_bash_decorator.py took 0.085 seconds
[2024-12-18T16:03:27.328+0000] {processor.py:186} INFO - Started process (PID=5292) to work on /home/ubuntu/demo8/lib/python3.12/site-packages/airflow/example_dags/example_bash_decorator.py
[2024-12-18T16:03:27.329+0000] {processor.py:914} INFO - Processing file /home/ubuntu/demo8/lib/python3.12/site-packages/airflow/example_dags/example_bash_decorator.py for tasks to queue
[2024-12-18T16:03:27.331+0000] {logging_mixin.py:190} INFO - [2024-12-18T16:03:27.331+0000] {dagbag.py:588} INFO - Filling up the DagBag from /home/ubuntu/demo8/lib/python3.12/site-packages/airflow/example_dags/example_bash_decorator.py
[2024-12-18T16:03:27.348+0000] {processor.py:925} INFO - DAG(s) 'example_bash_decorator' retrieved from /home/ubuntu/demo8/lib/python3.12/site-packages/airflow/example_dags/example_bash_decorator.py
[2024-12-18T16:03:27.370+0000] {logging_mixin.py:190} INFO - [2024-12-18T16:03:27.370+0000] {dag.py:3239} INFO - Sync 1 DAGs
[2024-12-18T16:03:27.384+0000] {logging_mixin.py:190} INFO - [2024-12-18T16:03:27.384+0000] {dag.py:4180} INFO - Setting next_dagrun for example_bash_decorator to None, run_after=None
[2024-12-18T16:03:27.406+0000] {processor.py:208} INFO - Processing /home/ubuntu/demo8/lib/python3.12/site-packages/airflow/example_dags/example_bash_decorator.py took 0.085 seconds
[2024-12-18T20:30:13.216+0000] {processor.py:186} INFO - Started process (PID=2781) to work on /home/ubuntu/demo8/lib/python3.12/site-packages/airflow/example_dags/example_bash_decorator.py
[2024-12-18T20:30:13.218+0000] {processor.py:914} INFO - Processing file /home/ubuntu/demo8/lib/python3.12/site-packages/airflow/example_dags/example_bash_decorator.py for tasks to queue
[2024-12-18T20:30:13.221+0000] {logging_mixin.py:190} INFO - [2024-12-18T20:30:13.221+0000] {dagbag.py:588} INFO - Filling up the DagBag from /home/ubuntu/demo8/lib/python3.12/site-packages/airflow/example_dags/example_bash_decorator.py
[2024-12-18T20:30:13.239+0000] {processor.py:925} INFO - DAG(s) 'example_bash_decorator' retrieved from /home/ubuntu/demo8/lib/python3.12/site-packages/airflow/example_dags/example_bash_decorator.py
[2024-12-18T20:30:13.360+0000] {logging_mixin.py:190} INFO - [2024-12-18T20:30:13.360+0000] {dag.py:3239} INFO - Sync 1 DAGs
[2024-12-18T20:30:13.381+0000] {logging_mixin.py:190} INFO - [2024-12-18T20:30:13.381+0000] {dag.py:4180} INFO - Setting next_dagrun for example_bash_decorator to None, run_after=None
[2024-12-18T20:30:13.406+0000] {processor.py:208} INFO - Processing /home/ubuntu/demo8/lib/python3.12/site-packages/airflow/example_dags/example_bash_decorator.py took 0.195 seconds
[2024-12-18T20:31:35.646+0000] {processor.py:186} INFO - Started process (PID=3146) to work on /home/ubuntu/demo8/lib/python3.12/site-packages/airflow/example_dags/example_bash_decorator.py
[2024-12-18T20:31:35.650+0000] {processor.py:914} INFO - Processing file /home/ubuntu/demo8/lib/python3.12/site-packages/airflow/example_dags/example_bash_decorator.py for tasks to queue
[2024-12-18T20:31:35.652+0000] {logging_mixin.py:190} INFO - [2024-12-18T20:31:35.652+0000] {dagbag.py:588} INFO - Filling up the DagBag from /home/ubuntu/demo8/lib/python3.12/site-packages/airflow/example_dags/example_bash_decorator.py
[2024-12-18T20:31:35.673+0000] {processor.py:925} INFO - DAG(s) 'example_bash_decorator' retrieved from /home/ubuntu/demo8/lib/python3.12/site-packages/airflow/example_dags/example_bash_decorator.py
[2024-12-18T20:31:35.694+0000] {logging_mixin.py:190} INFO - [2024-12-18T20:31:35.694+0000] {dag.py:3239} INFO - Sync 1 DAGs
[2024-12-18T20:31:35.707+0000] {logging_mixin.py:190} INFO - [2024-12-18T20:31:35.707+0000] {dag.py:4180} INFO - Setting next_dagrun for example_bash_decorator to None, run_after=None
[2024-12-18T20:31:35.732+0000] {processor.py:208} INFO - Processing /home/ubuntu/demo8/lib/python3.12/site-packages/airflow/example_dags/example_bash_decorator.py took 0.093 seconds
[2024-12-18T20:32:59.379+0000] {processor.py:186} INFO - Started process (PID=3428) to work on /home/ubuntu/demo8/lib/python3.12/site-packages/airflow/example_dags/example_bash_decorator.py
[2024-12-18T20:32:59.381+0000] {processor.py:914} INFO - Processing file /home/ubuntu/demo8/lib/python3.12/site-packages/airflow/example_dags/example_bash_decorator.py for tasks to queue
[2024-12-18T20:32:59.383+0000] {logging_mixin.py:190} INFO - [2024-12-18T20:32:59.383+0000] {dagbag.py:588} INFO - Filling up the DagBag from /home/ubuntu/demo8/lib/python3.12/site-packages/airflow/example_dags/example_bash_decorator.py
[2024-12-18T20:32:59.400+0000] {processor.py:925} INFO - DAG(s) 'example_bash_decorator' retrieved from /home/ubuntu/demo8/lib/python3.12/site-packages/airflow/example_dags/example_bash_decorator.py
[2024-12-18T20:32:59.422+0000] {logging_mixin.py:190} INFO - [2024-12-18T20:32:59.421+0000] {dag.py:3239} INFO - Sync 1 DAGs
[2024-12-18T20:32:59.435+0000] {logging_mixin.py:190} INFO - [2024-12-18T20:32:59.435+0000] {dag.py:4180} INFO - Setting next_dagrun for example_bash_decorator to None, run_after=None
[2024-12-18T20:32:59.457+0000] {processor.py:208} INFO - Processing /home/ubuntu/demo8/lib/python3.12/site-packages/airflow/example_dags/example_bash_decorator.py took 0.084 seconds
[2024-12-18T20:34:29.619+0000] {processor.py:186} INFO - Started process (PID=3698) to work on /home/ubuntu/demo8/lib/python3.12/site-packages/airflow/example_dags/example_bash_decorator.py
[2024-12-18T20:34:29.621+0000] {processor.py:914} INFO - Processing file /home/ubuntu/demo8/lib/python3.12/site-packages/airflow/example_dags/example_bash_decorator.py for tasks to queue
[2024-12-18T20:34:29.623+0000] {logging_mixin.py:190} INFO - [2024-12-18T20:34:29.623+0000] {dagbag.py:588} INFO - Filling up the DagBag from /home/ubuntu/demo8/lib/python3.12/site-packages/airflow/example_dags/example_bash_decorator.py
[2024-12-18T20:34:29.759+0000] {processor.py:925} INFO - DAG(s) 'example_bash_decorator' retrieved from /home/ubuntu/demo8/lib/python3.12/site-packages/airflow/example_dags/example_bash_decorator.py
[2024-12-18T20:34:29.775+0000] {logging_mixin.py:190} INFO - [2024-12-18T20:34:29.775+0000] {dag.py:3239} INFO - Sync 1 DAGs
[2024-12-18T20:34:29.787+0000] {logging_mixin.py:190} INFO - [2024-12-18T20:34:29.787+0000] {dag.py:4180} INFO - Setting next_dagrun for example_bash_decorator to None, run_after=None
[2024-12-18T20:34:29.807+0000] {processor.py:208} INFO - Processing /home/ubuntu/demo8/lib/python3.12/site-packages/airflow/example_dags/example_bash_decorator.py took 0.194 seconds
[2024-12-18T20:35:32.022+0000] {processor.py:186} INFO - Started process (PID=3825) to work on /home/ubuntu/demo8/lib/python3.12/site-packages/airflow/example_dags/example_bash_decorator.py
[2024-12-18T20:35:32.026+0000] {processor.py:914} INFO - Processing file /home/ubuntu/demo8/lib/python3.12/site-packages/airflow/example_dags/example_bash_decorator.py for tasks to queue
[2024-12-18T20:35:32.028+0000] {logging_mixin.py:190} INFO - [2024-12-18T20:35:32.028+0000] {dagbag.py:588} INFO - Filling up the DagBag from /home/ubuntu/demo8/lib/python3.12/site-packages/airflow/example_dags/example_bash_decorator.py
[2024-12-18T20:35:32.050+0000] {processor.py:925} INFO - DAG(s) 'example_bash_decorator' retrieved from /home/ubuntu/demo8/lib/python3.12/site-packages/airflow/example_dags/example_bash_decorator.py
[2024-12-18T20:35:32.072+0000] {logging_mixin.py:190} INFO - [2024-12-18T20:35:32.072+0000] {dag.py:3239} INFO - Sync 1 DAGs
[2024-12-18T20:35:32.086+0000] {logging_mixin.py:190} INFO - [2024-12-18T20:35:32.086+0000] {dag.py:4180} INFO - Setting next_dagrun for example_bash_decorator to None, run_after=None
[2024-12-18T20:35:32.111+0000] {processor.py:208} INFO - Processing /home/ubuntu/demo8/lib/python3.12/site-packages/airflow/example_dags/example_bash_decorator.py took 0.097 seconds
[2024-12-18T20:36:31.131+0000] {processor.py:186} INFO - Started process (PID=3946) to work on /home/ubuntu/demo8/lib/python3.12/site-packages/airflow/example_dags/example_bash_decorator.py
[2024-12-18T20:36:31.133+0000] {processor.py:914} INFO - Processing file /home/ubuntu/demo8/lib/python3.12/site-packages/airflow/example_dags/example_bash_decorator.py for tasks to queue
[2024-12-18T20:36:31.135+0000] {logging_mixin.py:190} INFO - [2024-12-18T20:36:31.135+0000] {dagbag.py:588} INFO - Filling up the DagBag from /home/ubuntu/demo8/lib/python3.12/site-packages/airflow/example_dags/example_bash_decorator.py
[2024-12-18T20:36:31.153+0000] {processor.py:925} INFO - DAG(s) 'example_bash_decorator' retrieved from /home/ubuntu/demo8/lib/python3.12/site-packages/airflow/example_dags/example_bash_decorator.py
[2024-12-18T20:36:31.175+0000] {logging_mixin.py:190} INFO - [2024-12-18T20:36:31.175+0000] {dag.py:3239} INFO - Sync 1 DAGs
[2024-12-18T20:36:31.189+0000] {logging_mixin.py:190} INFO - [2024-12-18T20:36:31.189+0000] {dag.py:4180} INFO - Setting next_dagrun for example_bash_decorator to None, run_after=None
[2024-12-18T20:36:31.213+0000] {processor.py:208} INFO - Processing /home/ubuntu/demo8/lib/python3.12/site-packages/airflow/example_dags/example_bash_decorator.py took 0.088 seconds
[2024-12-18T20:37:52.388+0000] {processor.py:186} INFO - Started process (PID=4091) to work on /home/ubuntu/demo8/lib/python3.12/site-packages/airflow/example_dags/example_bash_decorator.py
[2024-12-18T20:37:52.390+0000] {processor.py:914} INFO - Processing file /home/ubuntu/demo8/lib/python3.12/site-packages/airflow/example_dags/example_bash_decorator.py for tasks to queue
[2024-12-18T20:37:52.392+0000] {logging_mixin.py:190} INFO - [2024-12-18T20:37:52.392+0000] {dagbag.py:588} INFO - Filling up the DagBag from /home/ubuntu/demo8/lib/python3.12/site-packages/airflow/example_dags/example_bash_decorator.py
[2024-12-18T20:37:52.411+0000] {processor.py:925} INFO - DAG(s) 'example_bash_decorator' retrieved from /home/ubuntu/demo8/lib/python3.12/site-packages/airflow/example_dags/example_bash_decorator.py
[2024-12-18T20:37:52.431+0000] {logging_mixin.py:190} INFO - [2024-12-18T20:37:52.431+0000] {dag.py:3239} INFO - Sync 1 DAGs
[2024-12-18T20:37:52.445+0000] {logging_mixin.py:190} INFO - [2024-12-18T20:37:52.445+0000] {dag.py:4180} INFO - Setting next_dagrun for example_bash_decorator to None, run_after=None
[2024-12-18T20:37:52.469+0000] {processor.py:208} INFO - Processing /home/ubuntu/demo8/lib/python3.12/site-packages/airflow/example_dags/example_bash_decorator.py took 0.087 seconds
[2024-12-18T20:38:49.090+0000] {processor.py:186} INFO - Started process (PID=4210) to work on /home/ubuntu/demo8/lib/python3.12/site-packages/airflow/example_dags/example_bash_decorator.py
[2024-12-18T20:38:49.091+0000] {processor.py:914} INFO - Processing file /home/ubuntu/demo8/lib/python3.12/site-packages/airflow/example_dags/example_bash_decorator.py for tasks to queue
[2024-12-18T20:38:49.094+0000] {logging_mixin.py:190} INFO - [2024-12-18T20:38:49.093+0000] {dagbag.py:588} INFO - Filling up the DagBag from /home/ubuntu/demo8/lib/python3.12/site-packages/airflow/example_dags/example_bash_decorator.py
[2024-12-18T20:38:49.112+0000] {processor.py:925} INFO - DAG(s) 'example_bash_decorator' retrieved from /home/ubuntu/demo8/lib/python3.12/site-packages/airflow/example_dags/example_bash_decorator.py
[2024-12-18T20:38:49.133+0000] {logging_mixin.py:190} INFO - [2024-12-18T20:38:49.133+0000] {dag.py:3239} INFO - Sync 1 DAGs
[2024-12-18T20:38:49.146+0000] {logging_mixin.py:190} INFO - [2024-12-18T20:38:49.146+0000] {dag.py:4180} INFO - Setting next_dagrun for example_bash_decorator to None, run_after=None
[2024-12-18T20:38:49.169+0000] {processor.py:208} INFO - Processing /home/ubuntu/demo8/lib/python3.12/site-packages/airflow/example_dags/example_bash_decorator.py took 0.085 seconds
[2024-12-18T20:40:14.066+0000] {processor.py:186} INFO - Started process (PID=4435) to work on /home/ubuntu/demo8/lib/python3.12/site-packages/airflow/example_dags/example_bash_decorator.py
[2024-12-18T20:40:14.067+0000] {processor.py:914} INFO - Processing file /home/ubuntu/demo8/lib/python3.12/site-packages/airflow/example_dags/example_bash_decorator.py for tasks to queue
[2024-12-18T20:40:14.070+0000] {logging_mixin.py:190} INFO - [2024-12-18T20:40:14.069+0000] {dagbag.py:588} INFO - Filling up the DagBag from /home/ubuntu/demo8/lib/python3.12/site-packages/airflow/example_dags/example_bash_decorator.py
[2024-12-18T20:40:14.087+0000] {processor.py:925} INFO - DAG(s) 'example_bash_decorator' retrieved from /home/ubuntu/demo8/lib/python3.12/site-packages/airflow/example_dags/example_bash_decorator.py
[2024-12-18T20:40:14.107+0000] {logging_mixin.py:190} INFO - [2024-12-18T20:40:14.107+0000] {dag.py:3239} INFO - Sync 1 DAGs
[2024-12-18T20:40:14.121+0000] {logging_mixin.py:190} INFO - [2024-12-18T20:40:14.121+0000] {dag.py:4180} INFO - Setting next_dagrun for example_bash_decorator to None, run_after=None
[2024-12-18T20:40:14.143+0000] {processor.py:208} INFO - Processing /home/ubuntu/demo8/lib/python3.12/site-packages/airflow/example_dags/example_bash_decorator.py took 0.084 seconds
[2024-12-18T20:41:36.335+0000] {processor.py:186} INFO - Started process (PID=4643) to work on /home/ubuntu/demo8/lib/python3.12/site-packages/airflow/example_dags/example_bash_decorator.py
[2024-12-18T20:41:36.337+0000] {processor.py:914} INFO - Processing file /home/ubuntu/demo8/lib/python3.12/site-packages/airflow/example_dags/example_bash_decorator.py for tasks to queue
[2024-12-18T20:41:36.339+0000] {logging_mixin.py:190} INFO - [2024-12-18T20:41:36.339+0000] {dagbag.py:588} INFO - Filling up the DagBag from /home/ubuntu/demo8/lib/python3.12/site-packages/airflow/example_dags/example_bash_decorator.py
[2024-12-18T20:41:36.356+0000] {processor.py:925} INFO - DAG(s) 'example_bash_decorator' retrieved from /home/ubuntu/demo8/lib/python3.12/site-packages/airflow/example_dags/example_bash_decorator.py
[2024-12-18T20:41:36.377+0000] {logging_mixin.py:190} INFO - [2024-12-18T20:41:36.377+0000] {dag.py:3239} INFO - Sync 1 DAGs
[2024-12-18T20:41:36.391+0000] {logging_mixin.py:190} INFO - [2024-12-18T20:41:36.391+0000] {dag.py:4180} INFO - Setting next_dagrun for example_bash_decorator to None, run_after=None
[2024-12-18T20:41:36.414+0000] {processor.py:208} INFO - Processing /home/ubuntu/demo8/lib/python3.12/site-packages/airflow/example_dags/example_bash_decorator.py took 0.085 seconds
[2024-12-18T20:42:56.514+0000] {processor.py:186} INFO - Started process (PID=4785) to work on /home/ubuntu/demo8/lib/python3.12/site-packages/airflow/example_dags/example_bash_decorator.py
[2024-12-18T20:42:56.515+0000] {processor.py:914} INFO - Processing file /home/ubuntu/demo8/lib/python3.12/site-packages/airflow/example_dags/example_bash_decorator.py for tasks to queue
[2024-12-18T20:42:56.518+0000] {logging_mixin.py:190} INFO - [2024-12-18T20:42:56.517+0000] {dagbag.py:588} INFO - Filling up the DagBag from /home/ubuntu/demo8/lib/python3.12/site-packages/airflow/example_dags/example_bash_decorator.py
[2024-12-18T20:42:56.536+0000] {processor.py:925} INFO - DAG(s) 'example_bash_decorator' retrieved from /home/ubuntu/demo8/lib/python3.12/site-packages/airflow/example_dags/example_bash_decorator.py
[2024-12-18T20:42:56.557+0000] {logging_mixin.py:190} INFO - [2024-12-18T20:42:56.557+0000] {dag.py:3239} INFO - Sync 1 DAGs
[2024-12-18T20:42:56.571+0000] {logging_mixin.py:190} INFO - [2024-12-18T20:42:56.571+0000] {dag.py:4180} INFO - Setting next_dagrun for example_bash_decorator to None, run_after=None
[2024-12-18T20:42:56.596+0000] {processor.py:208} INFO - Processing /home/ubuntu/demo8/lib/python3.12/site-packages/airflow/example_dags/example_bash_decorator.py took 0.088 seconds
[2024-12-18T20:44:17.017+0000] {processor.py:186} INFO - Started process (PID=4952) to work on /home/ubuntu/demo8/lib/python3.12/site-packages/airflow/example_dags/example_bash_decorator.py
[2024-12-18T20:44:17.019+0000] {processor.py:914} INFO - Processing file /home/ubuntu/demo8/lib/python3.12/site-packages/airflow/example_dags/example_bash_decorator.py for tasks to queue
[2024-12-18T20:44:17.021+0000] {logging_mixin.py:190} INFO - [2024-12-18T20:44:17.021+0000] {dagbag.py:588} INFO - Filling up the DagBag from /home/ubuntu/demo8/lib/python3.12/site-packages/airflow/example_dags/example_bash_decorator.py
[2024-12-18T20:44:17.039+0000] {processor.py:925} INFO - DAG(s) 'example_bash_decorator' retrieved from /home/ubuntu/demo8/lib/python3.12/site-packages/airflow/example_dags/example_bash_decorator.py
[2024-12-18T20:44:17.061+0000] {logging_mixin.py:190} INFO - [2024-12-18T20:44:17.061+0000] {dag.py:3239} INFO - Sync 1 DAGs
[2024-12-18T20:44:17.075+0000] {logging_mixin.py:190} INFO - [2024-12-18T20:44:17.075+0000] {dag.py:4180} INFO - Setting next_dagrun for example_bash_decorator to None, run_after=None
[2024-12-18T20:44:17.098+0000] {processor.py:208} INFO - Processing /home/ubuntu/demo8/lib/python3.12/site-packages/airflow/example_dags/example_bash_decorator.py took 0.093 seconds
[2024-12-18T20:45:38.558+0000] {processor.py:186} INFO - Started process (PID=5199) to work on /home/ubuntu/demo8/lib/python3.12/site-packages/airflow/example_dags/example_bash_decorator.py
[2024-12-18T20:45:38.559+0000] {processor.py:914} INFO - Processing file /home/ubuntu/demo8/lib/python3.12/site-packages/airflow/example_dags/example_bash_decorator.py for tasks to queue
[2024-12-18T20:45:38.562+0000] {logging_mixin.py:190} INFO - [2024-12-18T20:45:38.562+0000] {dagbag.py:588} INFO - Filling up the DagBag from /home/ubuntu/demo8/lib/python3.12/site-packages/airflow/example_dags/example_bash_decorator.py
[2024-12-18T20:45:38.581+0000] {processor.py:925} INFO - DAG(s) 'example_bash_decorator' retrieved from /home/ubuntu/demo8/lib/python3.12/site-packages/airflow/example_dags/example_bash_decorator.py
[2024-12-18T20:45:38.603+0000] {logging_mixin.py:190} INFO - [2024-12-18T20:45:38.603+0000] {dag.py:3239} INFO - Sync 1 DAGs
[2024-12-18T20:45:38.617+0000] {logging_mixin.py:190} INFO - [2024-12-18T20:45:38.617+0000] {dag.py:4180} INFO - Setting next_dagrun for example_bash_decorator to None, run_after=None
[2024-12-18T20:45:38.641+0000] {processor.py:208} INFO - Processing /home/ubuntu/demo8/lib/python3.12/site-packages/airflow/example_dags/example_bash_decorator.py took 0.090 seconds
[2024-12-18T20:47:51.640+0000] {processor.py:186} INFO - Started process (PID=5860) to work on /home/ubuntu/demo8/lib/python3.12/site-packages/airflow/example_dags/example_bash_decorator.py
[2024-12-18T20:47:51.642+0000] {processor.py:914} INFO - Processing file /home/ubuntu/demo8/lib/python3.12/site-packages/airflow/example_dags/example_bash_decorator.py for tasks to queue
[2024-12-18T20:47:51.645+0000] {logging_mixin.py:190} INFO - [2024-12-18T20:47:51.644+0000] {dagbag.py:588} INFO - Filling up the DagBag from /home/ubuntu/demo8/lib/python3.12/site-packages/airflow/example_dags/example_bash_decorator.py
[2024-12-18T20:47:51.661+0000] {processor.py:925} INFO - DAG(s) 'example_bash_decorator' retrieved from /home/ubuntu/demo8/lib/python3.12/site-packages/airflow/example_dags/example_bash_decorator.py
[2024-12-18T20:47:51.775+0000] {logging_mixin.py:190} INFO - [2024-12-18T20:47:51.775+0000] {dag.py:3239} INFO - Sync 1 DAGs
[2024-12-18T20:47:51.789+0000] {logging_mixin.py:190} INFO - [2024-12-18T20:47:51.789+0000] {dag.py:4180} INFO - Setting next_dagrun for example_bash_decorator to None, run_after=None
[2024-12-18T20:47:51.813+0000] {processor.py:208} INFO - Processing /home/ubuntu/demo8/lib/python3.12/site-packages/airflow/example_dags/example_bash_decorator.py took 0.178 seconds
[2024-12-18T20:48:50.309+0000] {processor.py:186} INFO - Started process (PID=6307) to work on /home/ubuntu/demo8/lib/python3.12/site-packages/airflow/example_dags/example_bash_decorator.py
[2024-12-18T20:48:50.310+0000] {processor.py:914} INFO - Processing file /home/ubuntu/demo8/lib/python3.12/site-packages/airflow/example_dags/example_bash_decorator.py for tasks to queue
[2024-12-18T20:48:50.312+0000] {logging_mixin.py:190} INFO - [2024-12-18T20:48:50.312+0000] {dagbag.py:588} INFO - Filling up the DagBag from /home/ubuntu/demo8/lib/python3.12/site-packages/airflow/example_dags/example_bash_decorator.py
[2024-12-18T20:48:50.329+0000] {processor.py:925} INFO - DAG(s) 'example_bash_decorator' retrieved from /home/ubuntu/demo8/lib/python3.12/site-packages/airflow/example_dags/example_bash_decorator.py
[2024-12-18T20:48:50.351+0000] {logging_mixin.py:190} INFO - [2024-12-18T20:48:50.351+0000] {dag.py:3239} INFO - Sync 1 DAGs
[2024-12-18T20:48:50.366+0000] {logging_mixin.py:190} INFO - [2024-12-18T20:48:50.365+0000] {dag.py:4180} INFO - Setting next_dagrun for example_bash_decorator to None, run_after=None
[2024-12-18T20:48:50.391+0000] {processor.py:208} INFO - Processing /home/ubuntu/demo8/lib/python3.12/site-packages/airflow/example_dags/example_bash_decorator.py took 0.088 seconds
[2024-12-18T20:50:11.906+0000] {processor.py:186} INFO - Started process (PID=6669) to work on /home/ubuntu/demo8/lib/python3.12/site-packages/airflow/example_dags/example_bash_decorator.py
[2024-12-18T20:50:11.908+0000] {processor.py:914} INFO - Processing file /home/ubuntu/demo8/lib/python3.12/site-packages/airflow/example_dags/example_bash_decorator.py for tasks to queue
[2024-12-18T20:50:11.910+0000] {logging_mixin.py:190} INFO - [2024-12-18T20:50:11.910+0000] {dagbag.py:588} INFO - Filling up the DagBag from /home/ubuntu/demo8/lib/python3.12/site-packages/airflow/example_dags/example_bash_decorator.py
[2024-12-18T20:50:11.927+0000] {processor.py:925} INFO - DAG(s) 'example_bash_decorator' retrieved from /home/ubuntu/demo8/lib/python3.12/site-packages/airflow/example_dags/example_bash_decorator.py
[2024-12-18T20:50:11.949+0000] {logging_mixin.py:190} INFO - [2024-12-18T20:50:11.949+0000] {dag.py:3239} INFO - Sync 1 DAGs
[2024-12-18T20:50:11.962+0000] {logging_mixin.py:190} INFO - [2024-12-18T20:50:11.962+0000] {dag.py:4180} INFO - Setting next_dagrun for example_bash_decorator to None, run_after=None
[2024-12-18T20:50:11.988+0000] {processor.py:208} INFO - Processing /home/ubuntu/demo8/lib/python3.12/site-packages/airflow/example_dags/example_bash_decorator.py took 0.088 seconds
[2024-12-18T20:51:32.060+0000] {processor.py:186} INFO - Started process (PID=7024) to work on /home/ubuntu/demo8/lib/python3.12/site-packages/airflow/example_dags/example_bash_decorator.py
[2024-12-18T20:51:32.061+0000] {processor.py:914} INFO - Processing file /home/ubuntu/demo8/lib/python3.12/site-packages/airflow/example_dags/example_bash_decorator.py for tasks to queue
[2024-12-18T20:51:32.064+0000] {logging_mixin.py:190} INFO - [2024-12-18T20:51:32.064+0000] {dagbag.py:588} INFO - Filling up the DagBag from /home/ubuntu/demo8/lib/python3.12/site-packages/airflow/example_dags/example_bash_decorator.py
[2024-12-18T20:51:32.081+0000] {processor.py:925} INFO - DAG(s) 'example_bash_decorator' retrieved from /home/ubuntu/demo8/lib/python3.12/site-packages/airflow/example_dags/example_bash_decorator.py
[2024-12-18T20:51:32.103+0000] {logging_mixin.py:190} INFO - [2024-12-18T20:51:32.102+0000] {dag.py:3239} INFO - Sync 1 DAGs
[2024-12-18T20:51:32.116+0000] {logging_mixin.py:190} INFO - [2024-12-18T20:51:32.116+0000] {dag.py:4180} INFO - Setting next_dagrun for example_bash_decorator to None, run_after=None
[2024-12-18T20:51:32.141+0000] {processor.py:208} INFO - Processing /home/ubuntu/demo8/lib/python3.12/site-packages/airflow/example_dags/example_bash_decorator.py took 0.087 seconds
