[2024-12-18T15:45:03.715+0000] {processor.py:186} INFO - Started process (PID=3687) to work on /home/ubuntu/demo8/lib/python3.12/site-packages/airflow/example_dags/example_complex.py
[2024-12-18T15:45:03.716+0000] {processor.py:914} INFO - Processing file /home/ubuntu/demo8/lib/python3.12/site-packages/airflow/example_dags/example_complex.py for tasks to queue
[2024-12-18T15:45:03.718+0000] {logging_mixin.py:190} INFO - [2024-12-18T15:45:03.718+0000] {dagbag.py:588} INFO - Filling up the DagBag from /home/ubuntu/demo8/lib/python3.12/site-packages/airflow/example_dags/example_complex.py
[2024-12-18T15:45:03.732+0000] {processor.py:925} INFO - DAG(s) 'example_complex' retrieved from /home/ubuntu/demo8/lib/python3.12/site-packages/airflow/example_dags/example_complex.py
[2024-12-18T15:45:03.861+0000] {logging_mixin.py:190} INFO - [2024-12-18T15:45:03.860+0000] {override.py:1911} INFO - Created Permission View: can read on DAG:example_complex
[2024-12-18T15:45:03.874+0000] {logging_mixin.py:190} INFO - [2024-12-18T15:45:03.873+0000] {override.py:1911} INFO - Created Permission View: can delete on DAG:example_complex
[2024-12-18T15:45:03.883+0000] {logging_mixin.py:190} INFO - [2024-12-18T15:45:03.883+0000] {override.py:1911} INFO - Created Permission View: can edit on DAG:example_complex
[2024-12-18T15:45:03.898+0000] {logging_mixin.py:190} INFO - [2024-12-18T15:45:03.898+0000] {override.py:1911} INFO - Created Permission View: can create on DAG Run:example_complex
[2024-12-18T15:45:03.907+0000] {logging_mixin.py:190} INFO - [2024-12-18T15:45:03.907+0000] {override.py:1911} INFO - Created Permission View: can read on DAG Run:example_complex
[2024-12-18T15:45:03.916+0000] {logging_mixin.py:190} INFO - [2024-12-18T15:45:03.916+0000] {override.py:1911} INFO - Created Permission View: menu access on DAG Run:example_complex
[2024-12-18T15:45:03.927+0000] {logging_mixin.py:190} INFO - [2024-12-18T15:45:03.927+0000] {override.py:1911} INFO - Created Permission View: can delete on DAG Run:example_complex
[2024-12-18T15:45:03.927+0000] {logging_mixin.py:190} INFO - [2024-12-18T15:45:03.927+0000] {dag.py:3239} INFO - Sync 1 DAGs
[2024-12-18T15:45:03.940+0000] {logging_mixin.py:190} INFO - [2024-12-18T15:45:03.939+0000] {dag.py:3262} INFO - Creating ORM DAG for example_complex
[2024-12-18T15:45:03.940+0000] {logging_mixin.py:190} INFO - [2024-12-18T15:45:03.940+0000] {dag.py:4180} INFO - Setting next_dagrun for example_complex to None, run_after=None
[2024-12-18T15:45:03.962+0000] {processor.py:208} INFO - Processing /home/ubuntu/demo8/lib/python3.12/site-packages/airflow/example_dags/example_complex.py took 0.253 seconds
[2024-12-18T15:46:08.823+0000] {processor.py:186} INFO - Started process (PID=3786) to work on /home/ubuntu/demo8/lib/python3.12/site-packages/airflow/example_dags/example_complex.py
[2024-12-18T15:46:08.825+0000] {processor.py:914} INFO - Processing file /home/ubuntu/demo8/lib/python3.12/site-packages/airflow/example_dags/example_complex.py for tasks to queue
[2024-12-18T15:46:08.827+0000] {logging_mixin.py:190} INFO - [2024-12-18T15:46:08.827+0000] {dagbag.py:588} INFO - Filling up the DagBag from /home/ubuntu/demo8/lib/python3.12/site-packages/airflow/example_dags/example_complex.py
[2024-12-18T15:46:08.841+0000] {processor.py:925} INFO - DAG(s) 'example_complex' retrieved from /home/ubuntu/demo8/lib/python3.12/site-packages/airflow/example_dags/example_complex.py
[2024-12-18T15:46:08.871+0000] {logging_mixin.py:190} INFO - [2024-12-18T15:46:08.871+0000] {dag.py:3239} INFO - Sync 1 DAGs
[2024-12-18T15:46:08.885+0000] {logging_mixin.py:190} INFO - [2024-12-18T15:46:08.885+0000] {dag.py:4180} INFO - Setting next_dagrun for example_complex to None, run_after=None
[2024-12-18T15:46:08.908+0000] {processor.py:208} INFO - Processing /home/ubuntu/demo8/lib/python3.12/site-packages/airflow/example_dags/example_complex.py took 0.091 seconds
[2024-12-18T15:47:05.880+0000] {processor.py:186} INFO - Started process (PID=4253) to work on /home/ubuntu/demo8/lib/python3.12/site-packages/airflow/example_dags/example_complex.py
[2024-12-18T15:47:05.881+0000] {processor.py:914} INFO - Processing file /home/ubuntu/demo8/lib/python3.12/site-packages/airflow/example_dags/example_complex.py for tasks to queue
[2024-12-18T15:47:05.883+0000] {logging_mixin.py:190} INFO - [2024-12-18T15:47:05.883+0000] {dagbag.py:588} INFO - Filling up the DagBag from /home/ubuntu/demo8/lib/python3.12/site-packages/airflow/example_dags/example_complex.py
[2024-12-18T15:47:05.898+0000] {processor.py:925} INFO - DAG(s) 'example_complex' retrieved from /home/ubuntu/demo8/lib/python3.12/site-packages/airflow/example_dags/example_complex.py
[2024-12-18T15:47:05.928+0000] {logging_mixin.py:190} INFO - [2024-12-18T15:47:05.928+0000] {dag.py:3239} INFO - Sync 1 DAGs
[2024-12-18T15:47:05.943+0000] {logging_mixin.py:190} INFO - [2024-12-18T15:47:05.942+0000] {dag.py:4180} INFO - Setting next_dagrun for example_complex to None, run_after=None
[2024-12-18T15:47:05.965+0000] {processor.py:208} INFO - Processing /home/ubuntu/demo8/lib/python3.12/site-packages/airflow/example_dags/example_complex.py took 0.091 seconds
[2024-12-18T15:48:03.967+0000] {processor.py:186} INFO - Started process (PID=4311) to work on /home/ubuntu/demo8/lib/python3.12/site-packages/airflow/example_dags/example_complex.py
[2024-12-18T15:48:03.969+0000] {processor.py:914} INFO - Processing file /home/ubuntu/demo8/lib/python3.12/site-packages/airflow/example_dags/example_complex.py for tasks to queue
[2024-12-18T15:48:03.971+0000] {logging_mixin.py:190} INFO - [2024-12-18T15:48:03.970+0000] {dagbag.py:588} INFO - Filling up the DagBag from /home/ubuntu/demo8/lib/python3.12/site-packages/airflow/example_dags/example_complex.py
[2024-12-18T15:48:03.985+0000] {processor.py:925} INFO - DAG(s) 'example_complex' retrieved from /home/ubuntu/demo8/lib/python3.12/site-packages/airflow/example_dags/example_complex.py
[2024-12-18T15:48:04.016+0000] {logging_mixin.py:190} INFO - [2024-12-18T15:48:04.016+0000] {dag.py:3239} INFO - Sync 1 DAGs
[2024-12-18T15:48:04.031+0000] {logging_mixin.py:190} INFO - [2024-12-18T15:48:04.031+0000] {dag.py:4180} INFO - Setting next_dagrun for example_complex to None, run_after=None
[2024-12-18T15:48:04.055+0000] {processor.py:208} INFO - Processing /home/ubuntu/demo8/lib/python3.12/site-packages/airflow/example_dags/example_complex.py took 0.094 seconds
[2024-12-18T15:49:30.586+0000] {processor.py:186} INFO - Started process (PID=4395) to work on /home/ubuntu/demo8/lib/python3.12/site-packages/airflow/example_dags/example_complex.py
[2024-12-18T15:49:30.587+0000] {processor.py:914} INFO - Processing file /home/ubuntu/demo8/lib/python3.12/site-packages/airflow/example_dags/example_complex.py for tasks to queue
[2024-12-18T15:49:30.589+0000] {logging_mixin.py:190} INFO - [2024-12-18T15:49:30.589+0000] {dagbag.py:588} INFO - Filling up the DagBag from /home/ubuntu/demo8/lib/python3.12/site-packages/airflow/example_dags/example_complex.py
[2024-12-18T15:49:30.603+0000] {processor.py:925} INFO - DAG(s) 'example_complex' retrieved from /home/ubuntu/demo8/lib/python3.12/site-packages/airflow/example_dags/example_complex.py
[2024-12-18T15:49:30.745+0000] {logging_mixin.py:190} INFO - [2024-12-18T15:49:30.745+0000] {dag.py:3239} INFO - Sync 1 DAGs
[2024-12-18T15:49:30.756+0000] {logging_mixin.py:190} INFO - [2024-12-18T15:49:30.756+0000] {dag.py:4180} INFO - Setting next_dagrun for example_complex to None, run_after=None
[2024-12-18T15:49:30.777+0000] {processor.py:208} INFO - Processing /home/ubuntu/demo8/lib/python3.12/site-packages/airflow/example_dags/example_complex.py took 0.197 seconds
[2024-12-18T15:50:31.375+0000] {processor.py:186} INFO - Started process (PID=4457) to work on /home/ubuntu/demo8/lib/python3.12/site-packages/airflow/example_dags/example_complex.py
[2024-12-18T15:50:31.376+0000] {processor.py:914} INFO - Processing file /home/ubuntu/demo8/lib/python3.12/site-packages/airflow/example_dags/example_complex.py for tasks to queue
[2024-12-18T15:50:31.379+0000] {logging_mixin.py:190} INFO - [2024-12-18T15:50:31.378+0000] {dagbag.py:588} INFO - Filling up the DagBag from /home/ubuntu/demo8/lib/python3.12/site-packages/airflow/example_dags/example_complex.py
[2024-12-18T15:50:31.394+0000] {processor.py:925} INFO - DAG(s) 'example_complex' retrieved from /home/ubuntu/demo8/lib/python3.12/site-packages/airflow/example_dags/example_complex.py
[2024-12-18T15:50:31.427+0000] {logging_mixin.py:190} INFO - [2024-12-18T15:50:31.426+0000] {dag.py:3239} INFO - Sync 1 DAGs
[2024-12-18T15:50:31.441+0000] {logging_mixin.py:190} INFO - [2024-12-18T15:50:31.441+0000] {dag.py:4180} INFO - Setting next_dagrun for example_complex to None, run_after=None
[2024-12-18T15:50:31.465+0000] {processor.py:208} INFO - Processing /home/ubuntu/demo8/lib/python3.12/site-packages/airflow/example_dags/example_complex.py took 0.097 seconds
[2024-12-18T15:51:26.651+0000] {processor.py:186} INFO - Started process (PID=4527) to work on /home/ubuntu/demo8/lib/python3.12/site-packages/airflow/example_dags/example_complex.py
[2024-12-18T15:51:26.653+0000] {processor.py:914} INFO - Processing file /home/ubuntu/demo8/lib/python3.12/site-packages/airflow/example_dags/example_complex.py for tasks to queue
[2024-12-18T15:51:26.655+0000] {logging_mixin.py:190} INFO - [2024-12-18T15:51:26.655+0000] {dagbag.py:588} INFO - Filling up the DagBag from /home/ubuntu/demo8/lib/python3.12/site-packages/airflow/example_dags/example_complex.py
[2024-12-18T15:51:26.670+0000] {processor.py:925} INFO - DAG(s) 'example_complex' retrieved from /home/ubuntu/demo8/lib/python3.12/site-packages/airflow/example_dags/example_complex.py
[2024-12-18T15:51:26.701+0000] {logging_mixin.py:190} INFO - [2024-12-18T15:51:26.701+0000] {dag.py:3239} INFO - Sync 1 DAGs
[2024-12-18T15:51:26.716+0000] {logging_mixin.py:190} INFO - [2024-12-18T15:51:26.715+0000] {dag.py:4180} INFO - Setting next_dagrun for example_complex to None, run_after=None
[2024-12-18T15:51:26.739+0000] {processor.py:208} INFO - Processing /home/ubuntu/demo8/lib/python3.12/site-packages/airflow/example_dags/example_complex.py took 0.094 seconds
[2024-12-18T15:52:48.202+0000] {processor.py:186} INFO - Started process (PID=4612) to work on /home/ubuntu/demo8/lib/python3.12/site-packages/airflow/example_dags/example_complex.py
[2024-12-18T15:52:48.204+0000] {processor.py:914} INFO - Processing file /home/ubuntu/demo8/lib/python3.12/site-packages/airflow/example_dags/example_complex.py for tasks to queue
[2024-12-18T15:52:48.206+0000] {logging_mixin.py:190} INFO - [2024-12-18T15:52:48.206+0000] {dagbag.py:588} INFO - Filling up the DagBag from /home/ubuntu/demo8/lib/python3.12/site-packages/airflow/example_dags/example_complex.py
[2024-12-18T15:52:48.220+0000] {processor.py:925} INFO - DAG(s) 'example_complex' retrieved from /home/ubuntu/demo8/lib/python3.12/site-packages/airflow/example_dags/example_complex.py
[2024-12-18T15:52:48.252+0000] {logging_mixin.py:190} INFO - [2024-12-18T15:52:48.252+0000] {dag.py:3239} INFO - Sync 1 DAGs
[2024-12-18T15:52:48.267+0000] {logging_mixin.py:190} INFO - [2024-12-18T15:52:48.267+0000] {dag.py:4180} INFO - Setting next_dagrun for example_complex to None, run_after=None
[2024-12-18T15:52:48.290+0000] {processor.py:208} INFO - Processing /home/ubuntu/demo8/lib/python3.12/site-packages/airflow/example_dags/example_complex.py took 0.094 seconds
[2024-12-18T15:53:43.201+0000] {processor.py:186} INFO - Started process (PID=4668) to work on /home/ubuntu/demo8/lib/python3.12/site-packages/airflow/example_dags/example_complex.py
[2024-12-18T15:53:43.203+0000] {processor.py:914} INFO - Processing file /home/ubuntu/demo8/lib/python3.12/site-packages/airflow/example_dags/example_complex.py for tasks to queue
[2024-12-18T15:53:43.205+0000] {logging_mixin.py:190} INFO - [2024-12-18T15:53:43.205+0000] {dagbag.py:588} INFO - Filling up the DagBag from /home/ubuntu/demo8/lib/python3.12/site-packages/airflow/example_dags/example_complex.py
[2024-12-18T15:53:43.220+0000] {processor.py:925} INFO - DAG(s) 'example_complex' retrieved from /home/ubuntu/demo8/lib/python3.12/site-packages/airflow/example_dags/example_complex.py
[2024-12-18T15:53:43.251+0000] {logging_mixin.py:190} INFO - [2024-12-18T15:53:43.250+0000] {dag.py:3239} INFO - Sync 1 DAGs
[2024-12-18T15:53:43.266+0000] {logging_mixin.py:190} INFO - [2024-12-18T15:53:43.266+0000] {dag.py:4180} INFO - Setting next_dagrun for example_complex to None, run_after=None
[2024-12-18T15:53:43.288+0000] {processor.py:208} INFO - Processing /home/ubuntu/demo8/lib/python3.12/site-packages/airflow/example_dags/example_complex.py took 0.093 seconds
[2024-12-18T15:55:11.753+0000] {processor.py:186} INFO - Started process (PID=4787) to work on /home/ubuntu/demo8/lib/python3.12/site-packages/airflow/example_dags/example_complex.py
[2024-12-18T15:55:11.755+0000] {processor.py:914} INFO - Processing file /home/ubuntu/demo8/lib/python3.12/site-packages/airflow/example_dags/example_complex.py for tasks to queue
[2024-12-18T15:55:11.757+0000] {logging_mixin.py:190} INFO - [2024-12-18T15:55:11.756+0000] {dagbag.py:588} INFO - Filling up the DagBag from /home/ubuntu/demo8/lib/python3.12/site-packages/airflow/example_dags/example_complex.py
[2024-12-18T15:55:11.771+0000] {processor.py:925} INFO - DAG(s) 'example_complex' retrieved from /home/ubuntu/demo8/lib/python3.12/site-packages/airflow/example_dags/example_complex.py
[2024-12-18T15:55:11.801+0000] {logging_mixin.py:190} INFO - [2024-12-18T15:55:11.801+0000] {dag.py:3239} INFO - Sync 1 DAGs
[2024-12-18T15:55:11.815+0000] {logging_mixin.py:190} INFO - [2024-12-18T15:55:11.814+0000] {dag.py:4180} INFO - Setting next_dagrun for example_complex to None, run_after=None
[2024-12-18T15:55:11.837+0000] {processor.py:208} INFO - Processing /home/ubuntu/demo8/lib/python3.12/site-packages/airflow/example_dags/example_complex.py took 0.090 seconds
[2024-12-18T15:56:08.095+0000] {processor.py:186} INFO - Started process (PID=4847) to work on /home/ubuntu/demo8/lib/python3.12/site-packages/airflow/example_dags/example_complex.py
[2024-12-18T15:56:08.097+0000] {processor.py:914} INFO - Processing file /home/ubuntu/demo8/lib/python3.12/site-packages/airflow/example_dags/example_complex.py for tasks to queue
[2024-12-18T15:56:08.099+0000] {logging_mixin.py:190} INFO - [2024-12-18T15:56:08.098+0000] {dagbag.py:588} INFO - Filling up the DagBag from /home/ubuntu/demo8/lib/python3.12/site-packages/airflow/example_dags/example_complex.py
[2024-12-18T15:56:08.112+0000] {processor.py:925} INFO - DAG(s) 'example_complex' retrieved from /home/ubuntu/demo8/lib/python3.12/site-packages/airflow/example_dags/example_complex.py
[2024-12-18T15:56:08.143+0000] {logging_mixin.py:190} INFO - [2024-12-18T15:56:08.142+0000] {dag.py:3239} INFO - Sync 1 DAGs
[2024-12-18T15:56:08.156+0000] {logging_mixin.py:190} INFO - [2024-12-18T15:56:08.156+0000] {dag.py:4180} INFO - Setting next_dagrun for example_complex to None, run_after=None
[2024-12-18T15:56:08.179+0000] {processor.py:208} INFO - Processing /home/ubuntu/demo8/lib/python3.12/site-packages/airflow/example_dags/example_complex.py took 0.090 seconds
[2024-12-18T15:57:39.267+0000] {processor.py:186} INFO - Started process (PID=4934) to work on /home/ubuntu/demo8/lib/python3.12/site-packages/airflow/example_dags/example_complex.py
[2024-12-18T15:57:39.268+0000] {processor.py:914} INFO - Processing file /home/ubuntu/demo8/lib/python3.12/site-packages/airflow/example_dags/example_complex.py for tasks to queue
[2024-12-18T15:57:39.271+0000] {logging_mixin.py:190} INFO - [2024-12-18T15:57:39.270+0000] {dagbag.py:588} INFO - Filling up the DagBag from /home/ubuntu/demo8/lib/python3.12/site-packages/airflow/example_dags/example_complex.py
[2024-12-18T15:57:39.285+0000] {processor.py:925} INFO - DAG(s) 'example_complex' retrieved from /home/ubuntu/demo8/lib/python3.12/site-packages/airflow/example_dags/example_complex.py
[2024-12-18T15:57:39.316+0000] {logging_mixin.py:190} INFO - [2024-12-18T15:57:39.316+0000] {dag.py:3239} INFO - Sync 1 DAGs
[2024-12-18T15:57:39.330+0000] {logging_mixin.py:190} INFO - [2024-12-18T15:57:39.330+0000] {dag.py:4180} INFO - Setting next_dagrun for example_complex to None, run_after=None
[2024-12-18T15:57:39.352+0000] {processor.py:208} INFO - Processing /home/ubuntu/demo8/lib/python3.12/site-packages/airflow/example_dags/example_complex.py took 0.092 seconds
[2024-12-18T15:58:35.534+0000] {processor.py:186} INFO - Started process (PID=4992) to work on /home/ubuntu/demo8/lib/python3.12/site-packages/airflow/example_dags/example_complex.py
[2024-12-18T15:58:35.535+0000] {processor.py:914} INFO - Processing file /home/ubuntu/demo8/lib/python3.12/site-packages/airflow/example_dags/example_complex.py for tasks to queue
[2024-12-18T15:58:35.537+0000] {logging_mixin.py:190} INFO - [2024-12-18T15:58:35.537+0000] {dagbag.py:588} INFO - Filling up the DagBag from /home/ubuntu/demo8/lib/python3.12/site-packages/airflow/example_dags/example_complex.py
[2024-12-18T15:58:35.551+0000] {processor.py:925} INFO - DAG(s) 'example_complex' retrieved from /home/ubuntu/demo8/lib/python3.12/site-packages/airflow/example_dags/example_complex.py
[2024-12-18T15:58:35.582+0000] {logging_mixin.py:190} INFO - [2024-12-18T15:58:35.582+0000] {dag.py:3239} INFO - Sync 1 DAGs
[2024-12-18T15:58:35.595+0000] {logging_mixin.py:190} INFO - [2024-12-18T15:58:35.595+0000] {dag.py:4180} INFO - Setting next_dagrun for example_complex to None, run_after=None
[2024-12-18T15:58:35.617+0000] {processor.py:208} INFO - Processing /home/ubuntu/demo8/lib/python3.12/site-packages/airflow/example_dags/example_complex.py took 0.089 seconds
[2024-12-18T16:00:38.090+0000] {processor.py:186} INFO - Started process (PID=5118) to work on /home/ubuntu/demo8/lib/python3.12/site-packages/airflow/example_dags/example_complex.py
[2024-12-18T16:00:38.092+0000] {processor.py:914} INFO - Processing file /home/ubuntu/demo8/lib/python3.12/site-packages/airflow/example_dags/example_complex.py for tasks to queue
[2024-12-18T16:00:38.094+0000] {logging_mixin.py:190} INFO - [2024-12-18T16:00:38.093+0000] {dagbag.py:588} INFO - Filling up the DagBag from /home/ubuntu/demo8/lib/python3.12/site-packages/airflow/example_dags/example_complex.py
[2024-12-18T16:00:38.108+0000] {processor.py:925} INFO - DAG(s) 'example_complex' retrieved from /home/ubuntu/demo8/lib/python3.12/site-packages/airflow/example_dags/example_complex.py
[2024-12-18T16:00:38.139+0000] {logging_mixin.py:190} INFO - [2024-12-18T16:00:38.139+0000] {dag.py:3239} INFO - Sync 1 DAGs
[2024-12-18T16:00:38.153+0000] {logging_mixin.py:190} INFO - [2024-12-18T16:00:38.153+0000] {dag.py:4180} INFO - Setting next_dagrun for example_complex to None, run_after=None
[2024-12-18T16:00:38.176+0000] {processor.py:208} INFO - Processing /home/ubuntu/demo8/lib/python3.12/site-packages/airflow/example_dags/example_complex.py took 0.092 seconds
[2024-12-18T16:01:34.375+0000] {processor.py:186} INFO - Started process (PID=5178) to work on /home/ubuntu/demo8/lib/python3.12/site-packages/airflow/example_dags/example_complex.py
[2024-12-18T16:01:34.377+0000] {processor.py:914} INFO - Processing file /home/ubuntu/demo8/lib/python3.12/site-packages/airflow/example_dags/example_complex.py for tasks to queue
[2024-12-18T16:01:34.379+0000] {logging_mixin.py:190} INFO - [2024-12-18T16:01:34.378+0000] {dagbag.py:588} INFO - Filling up the DagBag from /home/ubuntu/demo8/lib/python3.12/site-packages/airflow/example_dags/example_complex.py
[2024-12-18T16:01:34.392+0000] {processor.py:925} INFO - DAG(s) 'example_complex' retrieved from /home/ubuntu/demo8/lib/python3.12/site-packages/airflow/example_dags/example_complex.py
[2024-12-18T16:01:34.422+0000] {logging_mixin.py:190} INFO - [2024-12-18T16:01:34.422+0000] {dag.py:3239} INFO - Sync 1 DAGs
[2024-12-18T16:01:34.436+0000] {logging_mixin.py:190} INFO - [2024-12-18T16:01:34.435+0000] {dag.py:4180} INFO - Setting next_dagrun for example_complex to None, run_after=None
[2024-12-18T16:01:34.458+0000] {processor.py:208} INFO - Processing /home/ubuntu/demo8/lib/python3.12/site-packages/airflow/example_dags/example_complex.py took 0.089 seconds
[2024-12-18T16:02:30.744+0000] {processor.py:186} INFO - Started process (PID=5236) to work on /home/ubuntu/demo8/lib/python3.12/site-packages/airflow/example_dags/example_complex.py
[2024-12-18T16:02:30.746+0000] {processor.py:914} INFO - Processing file /home/ubuntu/demo8/lib/python3.12/site-packages/airflow/example_dags/example_complex.py for tasks to queue
[2024-12-18T16:02:30.748+0000] {logging_mixin.py:190} INFO - [2024-12-18T16:02:30.747+0000] {dagbag.py:588} INFO - Filling up the DagBag from /home/ubuntu/demo8/lib/python3.12/site-packages/airflow/example_dags/example_complex.py
[2024-12-18T16:02:30.761+0000] {processor.py:925} INFO - DAG(s) 'example_complex' retrieved from /home/ubuntu/demo8/lib/python3.12/site-packages/airflow/example_dags/example_complex.py
[2024-12-18T16:02:30.792+0000] {logging_mixin.py:190} INFO - [2024-12-18T16:02:30.792+0000] {dag.py:3239} INFO - Sync 1 DAGs
[2024-12-18T16:02:30.806+0000] {logging_mixin.py:190} INFO - [2024-12-18T16:02:30.805+0000] {dag.py:4180} INFO - Setting next_dagrun for example_complex to None, run_after=None
[2024-12-18T16:02:30.828+0000] {processor.py:208} INFO - Processing /home/ubuntu/demo8/lib/python3.12/site-packages/airflow/example_dags/example_complex.py took 0.090 seconds
[2024-12-18T20:30:05.583+0000] {processor.py:186} INFO - Started process (PID=2771) to work on /home/ubuntu/demo8/lib/python3.12/site-packages/airflow/example_dags/example_complex.py
[2024-12-18T20:30:05.585+0000] {processor.py:914} INFO - Processing file /home/ubuntu/demo8/lib/python3.12/site-packages/airflow/example_dags/example_complex.py for tasks to queue
[2024-12-18T20:30:05.587+0000] {logging_mixin.py:190} INFO - [2024-12-18T20:30:05.587+0000] {dagbag.py:588} INFO - Filling up the DagBag from /home/ubuntu/demo8/lib/python3.12/site-packages/airflow/example_dags/example_complex.py
[2024-12-18T20:30:05.601+0000] {processor.py:925} INFO - DAG(s) 'example_complex' retrieved from /home/ubuntu/demo8/lib/python3.12/site-packages/airflow/example_dags/example_complex.py
[2024-12-18T20:30:05.633+0000] {logging_mixin.py:190} INFO - [2024-12-18T20:30:05.632+0000] {dag.py:3239} INFO - Sync 1 DAGs
[2024-12-18T20:30:05.646+0000] {logging_mixin.py:190} INFO - [2024-12-18T20:30:05.646+0000] {dag.py:4180} INFO - Setting next_dagrun for example_complex to None, run_after=None
[2024-12-18T20:30:05.670+0000] {processor.py:208} INFO - Processing /home/ubuntu/demo8/lib/python3.12/site-packages/airflow/example_dags/example_complex.py took 0.093 seconds
[2024-12-18T20:31:03.401+0000] {processor.py:186} INFO - Started process (PID=2954) to work on /home/ubuntu/demo8/lib/python3.12/site-packages/airflow/example_dags/example_complex.py
[2024-12-18T20:31:03.402+0000] {processor.py:914} INFO - Processing file /home/ubuntu/demo8/lib/python3.12/site-packages/airflow/example_dags/example_complex.py for tasks to queue
[2024-12-18T20:31:03.405+0000] {logging_mixin.py:190} INFO - [2024-12-18T20:31:03.404+0000] {dagbag.py:588} INFO - Filling up the DagBag from /home/ubuntu/demo8/lib/python3.12/site-packages/airflow/example_dags/example_complex.py
[2024-12-18T20:31:03.419+0000] {processor.py:925} INFO - DAG(s) 'example_complex' retrieved from /home/ubuntu/demo8/lib/python3.12/site-packages/airflow/example_dags/example_complex.py
[2024-12-18T20:31:03.451+0000] {logging_mixin.py:190} INFO - [2024-12-18T20:31:03.450+0000] {dag.py:3239} INFO - Sync 1 DAGs
[2024-12-18T20:31:03.464+0000] {logging_mixin.py:190} INFO - [2024-12-18T20:31:03.464+0000] {dag.py:4180} INFO - Setting next_dagrun for example_complex to None, run_after=None
[2024-12-18T20:31:03.492+0000] {processor.py:208} INFO - Processing /home/ubuntu/demo8/lib/python3.12/site-packages/airflow/example_dags/example_complex.py took 0.096 seconds
[2024-12-18T20:31:59.421+0000] {processor.py:186} INFO - Started process (PID=3233) to work on /home/ubuntu/demo8/lib/python3.12/site-packages/airflow/example_dags/example_complex.py
[2024-12-18T20:31:59.422+0000] {processor.py:914} INFO - Processing file /home/ubuntu/demo8/lib/python3.12/site-packages/airflow/example_dags/example_complex.py for tasks to queue
[2024-12-18T20:31:59.425+0000] {logging_mixin.py:190} INFO - [2024-12-18T20:31:59.424+0000] {dagbag.py:588} INFO - Filling up the DagBag from /home/ubuntu/demo8/lib/python3.12/site-packages/airflow/example_dags/example_complex.py
[2024-12-18T20:31:59.438+0000] {processor.py:925} INFO - DAG(s) 'example_complex' retrieved from /home/ubuntu/demo8/lib/python3.12/site-packages/airflow/example_dags/example_complex.py
[2024-12-18T20:31:59.469+0000] {logging_mixin.py:190} INFO - [2024-12-18T20:31:59.468+0000] {dag.py:3239} INFO - Sync 1 DAGs
[2024-12-18T20:31:59.483+0000] {logging_mixin.py:190} INFO - [2024-12-18T20:31:59.482+0000] {dag.py:4180} INFO - Setting next_dagrun for example_complex to None, run_after=None
[2024-12-18T20:31:59.507+0000] {processor.py:208} INFO - Processing /home/ubuntu/demo8/lib/python3.12/site-packages/airflow/example_dags/example_complex.py took 0.092 seconds
[2024-12-18T20:32:56.860+0000] {processor.py:186} INFO - Started process (PID=3425) to work on /home/ubuntu/demo8/lib/python3.12/site-packages/airflow/example_dags/example_complex.py
[2024-12-18T20:32:56.862+0000] {processor.py:914} INFO - Processing file /home/ubuntu/demo8/lib/python3.12/site-packages/airflow/example_dags/example_complex.py for tasks to queue
[2024-12-18T20:32:56.864+0000] {logging_mixin.py:190} INFO - [2024-12-18T20:32:56.864+0000] {dagbag.py:588} INFO - Filling up the DagBag from /home/ubuntu/demo8/lib/python3.12/site-packages/airflow/example_dags/example_complex.py
[2024-12-18T20:32:56.878+0000] {processor.py:925} INFO - DAG(s) 'example_complex' retrieved from /home/ubuntu/demo8/lib/python3.12/site-packages/airflow/example_dags/example_complex.py
[2024-12-18T20:32:56.910+0000] {logging_mixin.py:190} INFO - [2024-12-18T20:32:56.909+0000] {dag.py:3239} INFO - Sync 1 DAGs
[2024-12-18T20:32:56.924+0000] {logging_mixin.py:190} INFO - [2024-12-18T20:32:56.923+0000] {dag.py:4180} INFO - Setting next_dagrun for example_complex to None, run_after=None
[2024-12-18T20:32:56.948+0000] {processor.py:208} INFO - Processing /home/ubuntu/demo8/lib/python3.12/site-packages/airflow/example_dags/example_complex.py took 0.094 seconds
[2024-12-18T20:33:50.665+0000] {processor.py:186} INFO - Started process (PID=3542) to work on /home/ubuntu/demo8/lib/python3.12/site-packages/airflow/example_dags/example_complex.py
[2024-12-18T20:33:50.667+0000] {processor.py:914} INFO - Processing file /home/ubuntu/demo8/lib/python3.12/site-packages/airflow/example_dags/example_complex.py for tasks to queue
[2024-12-18T20:33:50.670+0000] {logging_mixin.py:190} INFO - [2024-12-18T20:33:50.669+0000] {dagbag.py:588} INFO - Filling up the DagBag from /home/ubuntu/demo8/lib/python3.12/site-packages/airflow/example_dags/example_complex.py
[2024-12-18T20:33:50.684+0000] {processor.py:925} INFO - DAG(s) 'example_complex' retrieved from /home/ubuntu/demo8/lib/python3.12/site-packages/airflow/example_dags/example_complex.py
[2024-12-18T20:33:50.715+0000] {logging_mixin.py:190} INFO - [2024-12-18T20:33:50.715+0000] {dag.py:3239} INFO - Sync 1 DAGs
[2024-12-18T20:33:50.848+0000] {logging_mixin.py:190} INFO - [2024-12-18T20:33:50.848+0000] {dag.py:4180} INFO - Setting next_dagrun for example_complex to None, run_after=None
[2024-12-18T20:33:50.870+0000] {processor.py:208} INFO - Processing /home/ubuntu/demo8/lib/python3.12/site-packages/airflow/example_dags/example_complex.py took 0.211 seconds
[2024-12-18T20:34:59.438+0000] {processor.py:186} INFO - Started process (PID=3728) to work on /home/ubuntu/demo8/lib/python3.12/site-packages/airflow/example_dags/example_complex.py
[2024-12-18T20:34:59.440+0000] {processor.py:914} INFO - Processing file /home/ubuntu/demo8/lib/python3.12/site-packages/airflow/example_dags/example_complex.py for tasks to queue
[2024-12-18T20:34:59.442+0000] {logging_mixin.py:190} INFO - [2024-12-18T20:34:59.442+0000] {dagbag.py:588} INFO - Filling up the DagBag from /home/ubuntu/demo8/lib/python3.12/site-packages/airflow/example_dags/example_complex.py
[2024-12-18T20:34:59.457+0000] {processor.py:925} INFO - DAG(s) 'example_complex' retrieved from /home/ubuntu/demo8/lib/python3.12/site-packages/airflow/example_dags/example_complex.py
[2024-12-18T20:34:59.489+0000] {logging_mixin.py:190} INFO - [2024-12-18T20:34:59.489+0000] {dag.py:3239} INFO - Sync 1 DAGs
[2024-12-18T20:34:59.504+0000] {logging_mixin.py:190} INFO - [2024-12-18T20:34:59.504+0000] {dag.py:4180} INFO - Setting next_dagrun for example_complex to None, run_after=None
[2024-12-18T20:34:59.528+0000] {processor.py:208} INFO - Processing /home/ubuntu/demo8/lib/python3.12/site-packages/airflow/example_dags/example_complex.py took 0.096 seconds
[2024-12-18T20:35:58.437+0000] {processor.py:186} INFO - Started process (PID=3853) to work on /home/ubuntu/demo8/lib/python3.12/site-packages/airflow/example_dags/example_complex.py
[2024-12-18T20:35:58.439+0000] {processor.py:914} INFO - Processing file /home/ubuntu/demo8/lib/python3.12/site-packages/airflow/example_dags/example_complex.py for tasks to queue
[2024-12-18T20:35:58.442+0000] {logging_mixin.py:190} INFO - [2024-12-18T20:35:58.441+0000] {dagbag.py:588} INFO - Filling up the DagBag from /home/ubuntu/demo8/lib/python3.12/site-packages/airflow/example_dags/example_complex.py
[2024-12-18T20:35:58.456+0000] {processor.py:925} INFO - DAG(s) 'example_complex' retrieved from /home/ubuntu/demo8/lib/python3.12/site-packages/airflow/example_dags/example_complex.py
[2024-12-18T20:35:58.488+0000] {logging_mixin.py:190} INFO - [2024-12-18T20:35:58.488+0000] {dag.py:3239} INFO - Sync 1 DAGs
[2024-12-18T20:35:58.502+0000] {logging_mixin.py:190} INFO - [2024-12-18T20:35:58.502+0000] {dag.py:4180} INFO - Setting next_dagrun for example_complex to None, run_after=None
[2024-12-18T20:35:58.528+0000] {processor.py:208} INFO - Processing /home/ubuntu/demo8/lib/python3.12/site-packages/airflow/example_dags/example_complex.py took 0.097 seconds
[2024-12-18T20:36:55.534+0000] {processor.py:186} INFO - Started process (PID=3972) to work on /home/ubuntu/demo8/lib/python3.12/site-packages/airflow/example_dags/example_complex.py
[2024-12-18T20:36:55.536+0000] {processor.py:914} INFO - Processing file /home/ubuntu/demo8/lib/python3.12/site-packages/airflow/example_dags/example_complex.py for tasks to queue
[2024-12-18T20:36:55.539+0000] {logging_mixin.py:190} INFO - [2024-12-18T20:36:55.538+0000] {dagbag.py:588} INFO - Filling up the DagBag from /home/ubuntu/demo8/lib/python3.12/site-packages/airflow/example_dags/example_complex.py
[2024-12-18T20:36:55.554+0000] {processor.py:925} INFO - DAG(s) 'example_complex' retrieved from /home/ubuntu/demo8/lib/python3.12/site-packages/airflow/example_dags/example_complex.py
[2024-12-18T20:36:55.586+0000] {logging_mixin.py:190} INFO - [2024-12-18T20:36:55.586+0000] {dag.py:3239} INFO - Sync 1 DAGs
[2024-12-18T20:36:55.600+0000] {logging_mixin.py:190} INFO - [2024-12-18T20:36:55.600+0000] {dag.py:4180} INFO - Setting next_dagrun for example_complex to None, run_after=None
[2024-12-18T20:36:55.625+0000] {processor.py:208} INFO - Processing /home/ubuntu/demo8/lib/python3.12/site-packages/airflow/example_dags/example_complex.py took 0.097 seconds
[2024-12-18T20:37:51.550+0000] {processor.py:186} INFO - Started process (PID=4090) to work on /home/ubuntu/demo8/lib/python3.12/site-packages/airflow/example_dags/example_complex.py
[2024-12-18T20:37:51.552+0000] {processor.py:914} INFO - Processing file /home/ubuntu/demo8/lib/python3.12/site-packages/airflow/example_dags/example_complex.py for tasks to queue
[2024-12-18T20:37:51.555+0000] {logging_mixin.py:190} INFO - [2024-12-18T20:37:51.554+0000] {dagbag.py:588} INFO - Filling up the DagBag from /home/ubuntu/demo8/lib/python3.12/site-packages/airflow/example_dags/example_complex.py
[2024-12-18T20:37:51.577+0000] {processor.py:925} INFO - DAG(s) 'example_complex' retrieved from /home/ubuntu/demo8/lib/python3.12/site-packages/airflow/example_dags/example_complex.py
[2024-12-18T20:37:51.623+0000] {logging_mixin.py:190} INFO - [2024-12-18T20:37:51.622+0000] {dag.py:3239} INFO - Sync 1 DAGs
[2024-12-18T20:37:51.638+0000] {logging_mixin.py:190} INFO - [2024-12-18T20:37:51.638+0000] {dag.py:4180} INFO - Setting next_dagrun for example_complex to None, run_after=None
[2024-12-18T20:37:51.661+0000] {processor.py:208} INFO - Processing /home/ubuntu/demo8/lib/python3.12/site-packages/airflow/example_dags/example_complex.py took 0.117 seconds
[2024-12-18T20:38:45.092+0000] {processor.py:186} INFO - Started process (PID=4206) to work on /home/ubuntu/demo8/lib/python3.12/site-packages/airflow/example_dags/example_complex.py
[2024-12-18T20:38:45.094+0000] {processor.py:914} INFO - Processing file /home/ubuntu/demo8/lib/python3.12/site-packages/airflow/example_dags/example_complex.py for tasks to queue
[2024-12-18T20:38:45.097+0000] {logging_mixin.py:190} INFO - [2024-12-18T20:38:45.096+0000] {dagbag.py:588} INFO - Filling up the DagBag from /home/ubuntu/demo8/lib/python3.12/site-packages/airflow/example_dags/example_complex.py
[2024-12-18T20:38:45.111+0000] {processor.py:925} INFO - DAG(s) 'example_complex' retrieved from /home/ubuntu/demo8/lib/python3.12/site-packages/airflow/example_dags/example_complex.py
[2024-12-18T20:38:45.143+0000] {logging_mixin.py:190} INFO - [2024-12-18T20:38:45.143+0000] {dag.py:3239} INFO - Sync 1 DAGs
[2024-12-18T20:38:45.158+0000] {logging_mixin.py:190} INFO - [2024-12-18T20:38:45.158+0000] {dag.py:4180} INFO - Setting next_dagrun for example_complex to None, run_after=None
[2024-12-18T20:38:45.182+0000] {processor.py:208} INFO - Processing /home/ubuntu/demo8/lib/python3.12/site-packages/airflow/example_dags/example_complex.py took 0.097 seconds
[2024-12-18T20:39:41.943+0000] {processor.py:186} INFO - Started process (PID=4384) to work on /home/ubuntu/demo8/lib/python3.12/site-packages/airflow/example_dags/example_complex.py
[2024-12-18T20:39:41.945+0000] {processor.py:914} INFO - Processing file /home/ubuntu/demo8/lib/python3.12/site-packages/airflow/example_dags/example_complex.py for tasks to queue
[2024-12-18T20:39:41.948+0000] {logging_mixin.py:190} INFO - [2024-12-18T20:39:41.947+0000] {dagbag.py:588} INFO - Filling up the DagBag from /home/ubuntu/demo8/lib/python3.12/site-packages/airflow/example_dags/example_complex.py
[2024-12-18T20:39:41.962+0000] {processor.py:925} INFO - DAG(s) 'example_complex' retrieved from /home/ubuntu/demo8/lib/python3.12/site-packages/airflow/example_dags/example_complex.py
[2024-12-18T20:39:41.995+0000] {logging_mixin.py:190} INFO - [2024-12-18T20:39:41.995+0000] {dag.py:3239} INFO - Sync 1 DAGs
[2024-12-18T20:39:42.010+0000] {logging_mixin.py:190} INFO - [2024-12-18T20:39:42.010+0000] {dag.py:4180} INFO - Setting next_dagrun for example_complex to None, run_after=None
[2024-12-18T20:39:42.034+0000] {processor.py:208} INFO - Processing /home/ubuntu/demo8/lib/python3.12/site-packages/airflow/example_dags/example_complex.py took 0.098 seconds
[2024-12-18T20:40:38.381+0000] {processor.py:186} INFO - Started process (PID=4520) to work on /home/ubuntu/demo8/lib/python3.12/site-packages/airflow/example_dags/example_complex.py
[2024-12-18T20:40:38.382+0000] {processor.py:914} INFO - Processing file /home/ubuntu/demo8/lib/python3.12/site-packages/airflow/example_dags/example_complex.py for tasks to queue
[2024-12-18T20:40:38.385+0000] {logging_mixin.py:190} INFO - [2024-12-18T20:40:38.384+0000] {dagbag.py:588} INFO - Filling up the DagBag from /home/ubuntu/demo8/lib/python3.12/site-packages/airflow/example_dags/example_complex.py
[2024-12-18T20:40:38.400+0000] {processor.py:925} INFO - DAG(s) 'example_complex' retrieved from /home/ubuntu/demo8/lib/python3.12/site-packages/airflow/example_dags/example_complex.py
[2024-12-18T20:40:38.430+0000] {logging_mixin.py:190} INFO - [2024-12-18T20:40:38.430+0000] {dag.py:3239} INFO - Sync 1 DAGs
[2024-12-18T20:40:38.445+0000] {logging_mixin.py:190} INFO - [2024-12-18T20:40:38.445+0000] {dag.py:4180} INFO - Setting next_dagrun for example_complex to None, run_after=None
[2024-12-18T20:40:38.469+0000] {processor.py:208} INFO - Processing /home/ubuntu/demo8/lib/python3.12/site-packages/airflow/example_dags/example_complex.py took 0.094 seconds
[2024-12-18T20:41:33.362+0000] {processor.py:186} INFO - Started process (PID=4639) to work on /home/ubuntu/demo8/lib/python3.12/site-packages/airflow/example_dags/example_complex.py
[2024-12-18T20:41:33.363+0000] {processor.py:914} INFO - Processing file /home/ubuntu/demo8/lib/python3.12/site-packages/airflow/example_dags/example_complex.py for tasks to queue
[2024-12-18T20:41:33.366+0000] {logging_mixin.py:190} INFO - [2024-12-18T20:41:33.366+0000] {dagbag.py:588} INFO - Filling up the DagBag from /home/ubuntu/demo8/lib/python3.12/site-packages/airflow/example_dags/example_complex.py
[2024-12-18T20:41:33.380+0000] {processor.py:925} INFO - DAG(s) 'example_complex' retrieved from /home/ubuntu/demo8/lib/python3.12/site-packages/airflow/example_dags/example_complex.py
[2024-12-18T20:41:33.410+0000] {logging_mixin.py:190} INFO - [2024-12-18T20:41:33.410+0000] {dag.py:3239} INFO - Sync 1 DAGs
[2024-12-18T20:41:33.424+0000] {logging_mixin.py:190} INFO - [2024-12-18T20:41:33.424+0000] {dag.py:4180} INFO - Setting next_dagrun for example_complex to None, run_after=None
[2024-12-18T20:41:33.447+0000] {processor.py:208} INFO - Processing /home/ubuntu/demo8/lib/python3.12/site-packages/airflow/example_dags/example_complex.py took 0.091 seconds
[2024-12-18T20:42:53.189+0000] {processor.py:186} INFO - Started process (PID=4782) to work on /home/ubuntu/demo8/lib/python3.12/site-packages/airflow/example_dags/example_complex.py
[2024-12-18T20:42:53.191+0000] {processor.py:914} INFO - Processing file /home/ubuntu/demo8/lib/python3.12/site-packages/airflow/example_dags/example_complex.py for tasks to queue
[2024-12-18T20:42:53.193+0000] {logging_mixin.py:190} INFO - [2024-12-18T20:42:53.193+0000] {dagbag.py:588} INFO - Filling up the DagBag from /home/ubuntu/demo8/lib/python3.12/site-packages/airflow/example_dags/example_complex.py
[2024-12-18T20:42:53.207+0000] {processor.py:925} INFO - DAG(s) 'example_complex' retrieved from /home/ubuntu/demo8/lib/python3.12/site-packages/airflow/example_dags/example_complex.py
[2024-12-18T20:42:53.243+0000] {logging_mixin.py:190} INFO - [2024-12-18T20:42:53.243+0000] {dag.py:3239} INFO - Sync 1 DAGs
[2024-12-18T20:42:53.260+0000] {logging_mixin.py:190} INFO - [2024-12-18T20:42:53.260+0000] {dag.py:4180} INFO - Setting next_dagrun for example_complex to None, run_after=None
[2024-12-18T20:42:53.284+0000] {processor.py:208} INFO - Processing /home/ubuntu/demo8/lib/python3.12/site-packages/airflow/example_dags/example_complex.py took 0.101 seconds
[2024-12-18T20:43:47.983+0000] {processor.py:186} INFO - Started process (PID=4899) to work on /home/ubuntu/demo8/lib/python3.12/site-packages/airflow/example_dags/example_complex.py
[2024-12-18T20:43:47.984+0000] {processor.py:914} INFO - Processing file /home/ubuntu/demo8/lib/python3.12/site-packages/airflow/example_dags/example_complex.py for tasks to queue
[2024-12-18T20:43:47.987+0000] {logging_mixin.py:190} INFO - [2024-12-18T20:43:47.986+0000] {dagbag.py:588} INFO - Filling up the DagBag from /home/ubuntu/demo8/lib/python3.12/site-packages/airflow/example_dags/example_complex.py
[2024-12-18T20:43:48.001+0000] {processor.py:925} INFO - DAG(s) 'example_complex' retrieved from /home/ubuntu/demo8/lib/python3.12/site-packages/airflow/example_dags/example_complex.py
[2024-12-18T20:43:48.033+0000] {logging_mixin.py:190} INFO - [2024-12-18T20:43:48.033+0000] {dag.py:3239} INFO - Sync 1 DAGs
[2024-12-18T20:43:48.047+0000] {logging_mixin.py:190} INFO - [2024-12-18T20:43:48.047+0000] {dag.py:4180} INFO - Setting next_dagrun for example_complex to None, run_after=None
[2024-12-18T20:43:48.070+0000] {processor.py:208} INFO - Processing /home/ubuntu/demo8/lib/python3.12/site-packages/airflow/example_dags/example_complex.py took 0.094 seconds
[2024-12-18T20:45:09.685+0000] {processor.py:186} INFO - Started process (PID=5110) to work on /home/ubuntu/demo8/lib/python3.12/site-packages/airflow/example_dags/example_complex.py
[2024-12-18T20:45:09.687+0000] {processor.py:914} INFO - Processing file /home/ubuntu/demo8/lib/python3.12/site-packages/airflow/example_dags/example_complex.py for tasks to queue
[2024-12-18T20:45:09.689+0000] {logging_mixin.py:190} INFO - [2024-12-18T20:45:09.689+0000] {dagbag.py:588} INFO - Filling up the DagBag from /home/ubuntu/demo8/lib/python3.12/site-packages/airflow/example_dags/example_complex.py
[2024-12-18T20:45:09.704+0000] {processor.py:925} INFO - DAG(s) 'example_complex' retrieved from /home/ubuntu/demo8/lib/python3.12/site-packages/airflow/example_dags/example_complex.py
[2024-12-18T20:45:09.735+0000] {logging_mixin.py:190} INFO - [2024-12-18T20:45:09.734+0000] {dag.py:3239} INFO - Sync 1 DAGs
[2024-12-18T20:45:09.749+0000] {logging_mixin.py:190} INFO - [2024-12-18T20:45:09.749+0000] {dag.py:4180} INFO - Setting next_dagrun for example_complex to None, run_after=None
[2024-12-18T20:45:09.773+0000] {processor.py:208} INFO - Processing /home/ubuntu/demo8/lib/python3.12/site-packages/airflow/example_dags/example_complex.py took 0.094 seconds
[2024-12-18T20:47:44.337+0000] {processor.py:186} INFO - Started process (PID=5853) to work on /home/ubuntu/demo8/lib/python3.12/site-packages/airflow/example_dags/example_complex.py
[2024-12-18T20:47:44.338+0000] {processor.py:914} INFO - Processing file /home/ubuntu/demo8/lib/python3.12/site-packages/airflow/example_dags/example_complex.py for tasks to queue
[2024-12-18T20:47:44.341+0000] {logging_mixin.py:190} INFO - [2024-12-18T20:47:44.340+0000] {dagbag.py:588} INFO - Filling up the DagBag from /home/ubuntu/demo8/lib/python3.12/site-packages/airflow/example_dags/example_complex.py
[2024-12-18T20:47:44.355+0000] {processor.py:925} INFO - DAG(s) 'example_complex' retrieved from /home/ubuntu/demo8/lib/python3.12/site-packages/airflow/example_dags/example_complex.py
[2024-12-18T20:47:44.385+0000] {logging_mixin.py:190} INFO - [2024-12-18T20:47:44.385+0000] {dag.py:3239} INFO - Sync 1 DAGs
[2024-12-18T20:47:44.399+0000] {logging_mixin.py:190} INFO - [2024-12-18T20:47:44.399+0000] {dag.py:4180} INFO - Setting next_dagrun for example_complex to None, run_after=None
[2024-12-18T20:47:44.434+0000] {processor.py:208} INFO - Processing /home/ubuntu/demo8/lib/python3.12/site-packages/airflow/example_dags/example_complex.py took 0.104 seconds
[2024-12-18T20:48:42.606+0000] {processor.py:186} INFO - Started process (PID=6275) to work on /home/ubuntu/demo8/lib/python3.12/site-packages/airflow/example_dags/example_complex.py
[2024-12-18T20:48:42.608+0000] {processor.py:914} INFO - Processing file /home/ubuntu/demo8/lib/python3.12/site-packages/airflow/example_dags/example_complex.py for tasks to queue
[2024-12-18T20:48:42.610+0000] {logging_mixin.py:190} INFO - [2024-12-18T20:48:42.610+0000] {dagbag.py:588} INFO - Filling up the DagBag from /home/ubuntu/demo8/lib/python3.12/site-packages/airflow/example_dags/example_complex.py
[2024-12-18T20:48:42.625+0000] {processor.py:925} INFO - DAG(s) 'example_complex' retrieved from /home/ubuntu/demo8/lib/python3.12/site-packages/airflow/example_dags/example_complex.py
[2024-12-18T20:48:42.656+0000] {logging_mixin.py:190} INFO - [2024-12-18T20:48:42.656+0000] {dag.py:3239} INFO - Sync 1 DAGs
[2024-12-18T20:48:42.670+0000] {logging_mixin.py:190} INFO - [2024-12-18T20:48:42.670+0000] {dag.py:4180} INFO - Setting next_dagrun for example_complex to None, run_after=None
[2024-12-18T20:48:42.695+0000] {processor.py:208} INFO - Processing /home/ubuntu/demo8/lib/python3.12/site-packages/airflow/example_dags/example_complex.py took 0.095 seconds
[2024-12-18T20:49:39.327+0000] {processor.py:186} INFO - Started process (PID=6453) to work on /home/ubuntu/demo8/lib/python3.12/site-packages/airflow/example_dags/example_complex.py
[2024-12-18T20:49:39.329+0000] {processor.py:914} INFO - Processing file /home/ubuntu/demo8/lib/python3.12/site-packages/airflow/example_dags/example_complex.py for tasks to queue
[2024-12-18T20:49:39.332+0000] {logging_mixin.py:190} INFO - [2024-12-18T20:49:39.331+0000] {dagbag.py:588} INFO - Filling up the DagBag from /home/ubuntu/demo8/lib/python3.12/site-packages/airflow/example_dags/example_complex.py
[2024-12-18T20:49:39.345+0000] {processor.py:925} INFO - DAG(s) 'example_complex' retrieved from /home/ubuntu/demo8/lib/python3.12/site-packages/airflow/example_dags/example_complex.py
[2024-12-18T20:49:39.376+0000] {logging_mixin.py:190} INFO - [2024-12-18T20:49:39.376+0000] {dag.py:3239} INFO - Sync 1 DAGs
[2024-12-18T20:49:39.390+0000] {logging_mixin.py:190} INFO - [2024-12-18T20:49:39.390+0000] {dag.py:4180} INFO - Setting next_dagrun for example_complex to None, run_after=None
[2024-12-18T20:49:39.415+0000] {processor.py:208} INFO - Processing /home/ubuntu/demo8/lib/python3.12/site-packages/airflow/example_dags/example_complex.py took 0.093 seconds
[2024-12-18T20:50:37.604+0000] {processor.py:186} INFO - Started process (PID=6817) to work on /home/ubuntu/demo8/lib/python3.12/site-packages/airflow/example_dags/example_complex.py
[2024-12-18T20:50:37.606+0000] {processor.py:914} INFO - Processing file /home/ubuntu/demo8/lib/python3.12/site-packages/airflow/example_dags/example_complex.py for tasks to queue
[2024-12-18T20:50:37.608+0000] {logging_mixin.py:190} INFO - [2024-12-18T20:50:37.608+0000] {dagbag.py:588} INFO - Filling up the DagBag from /home/ubuntu/demo8/lib/python3.12/site-packages/airflow/example_dags/example_complex.py
[2024-12-18T20:50:37.631+0000] {processor.py:925} INFO - DAG(s) 'example_complex' retrieved from /home/ubuntu/demo8/lib/python3.12/site-packages/airflow/example_dags/example_complex.py
[2024-12-18T20:50:37.664+0000] {logging_mixin.py:190} INFO - [2024-12-18T20:50:37.664+0000] {dag.py:3239} INFO - Sync 1 DAGs
[2024-12-18T20:50:37.678+0000] {logging_mixin.py:190} INFO - [2024-12-18T20:50:37.678+0000] {dag.py:4180} INFO - Setting next_dagrun for example_complex to None, run_after=None
[2024-12-18T20:50:37.703+0000] {processor.py:208} INFO - Processing /home/ubuntu/demo8/lib/python3.12/site-packages/airflow/example_dags/example_complex.py took 0.105 seconds
