[2024-12-18T15:44:41.384+0000] {processor.py:186} INFO - Started process (PID=3665) to work on /home/ubuntu/demo8/lib/python3.12/site-packages/airflow/example_dags/example_outlet_event_extra.py
[2024-12-18T15:44:41.384+0000] {processor.py:914} INFO - Processing file /home/ubuntu/demo8/lib/python3.12/site-packages/airflow/example_dags/example_outlet_event_extra.py for tasks to queue
[2024-12-18T15:44:41.387+0000] {logging_mixin.py:190} INFO - [2024-12-18T15:44:41.386+0000] {dagbag.py:588} INFO - Filling up the DagBag from /home/ubuntu/demo8/lib/python3.12/site-packages/airflow/example_dags/example_outlet_event_extra.py
[2024-12-18T15:44:41.404+0000] {processor.py:925} INFO - DAG(s) 'dataset_with_extra_by_context', 'dataset_with_extra_from_classic_operator', 'dataset_with_extra_by_yield' retrieved from /home/ubuntu/demo8/lib/python3.12/site-packages/airflow/example_dags/example_outlet_event_extra.py
[2024-12-18T15:44:41.526+0000] {logging_mixin.py:190} INFO - [2024-12-18T15:44:41.525+0000] {override.py:1911} INFO - Created Permission View: can read on DAG:dataset_with_extra_by_context
[2024-12-18T15:44:41.539+0000] {logging_mixin.py:190} INFO - [2024-12-18T15:44:41.539+0000] {override.py:1911} INFO - Created Permission View: can delete on DAG:dataset_with_extra_by_context
[2024-12-18T15:44:41.549+0000] {logging_mixin.py:190} INFO - [2024-12-18T15:44:41.549+0000] {override.py:1911} INFO - Created Permission View: can edit on DAG:dataset_with_extra_by_context
[2024-12-18T15:44:41.565+0000] {logging_mixin.py:190} INFO - [2024-12-18T15:44:41.564+0000] {override.py:1911} INFO - Created Permission View: can create on DAG Run:dataset_with_extra_by_context
[2024-12-18T15:44:41.575+0000] {logging_mixin.py:190} INFO - [2024-12-18T15:44:41.575+0000] {override.py:1911} INFO - Created Permission View: can read on DAG Run:dataset_with_extra_by_context
[2024-12-18T15:44:41.585+0000] {logging_mixin.py:190} INFO - [2024-12-18T15:44:41.585+0000] {override.py:1911} INFO - Created Permission View: menu access on DAG Run:dataset_with_extra_by_context
[2024-12-18T15:44:41.594+0000] {logging_mixin.py:190} INFO - [2024-12-18T15:44:41.594+0000] {override.py:1911} INFO - Created Permission View: can delete on DAG Run:dataset_with_extra_by_context
[2024-12-18T15:44:41.618+0000] {logging_mixin.py:190} INFO - [2024-12-18T15:44:41.618+0000] {override.py:1911} INFO - Created Permission View: can read on DAG:dataset_with_extra_from_classic_operator
[2024-12-18T15:44:41.627+0000] {logging_mixin.py:190} INFO - [2024-12-18T15:44:41.627+0000] {override.py:1911} INFO - Created Permission View: can delete on DAG:dataset_with_extra_from_classic_operator
[2024-12-18T15:44:41.637+0000] {logging_mixin.py:190} INFO - [2024-12-18T15:44:41.636+0000] {override.py:1911} INFO - Created Permission View: can edit on DAG:dataset_with_extra_from_classic_operator
[2024-12-18T15:44:41.651+0000] {logging_mixin.py:190} INFO - [2024-12-18T15:44:41.651+0000] {override.py:1911} INFO - Created Permission View: can create on DAG Run:dataset_with_extra_from_classic_operator
[2024-12-18T15:44:41.661+0000] {logging_mixin.py:190} INFO - [2024-12-18T15:44:41.661+0000] {override.py:1911} INFO - Created Permission View: can read on DAG Run:dataset_with_extra_from_classic_operator
[2024-12-18T15:44:41.670+0000] {logging_mixin.py:190} INFO - [2024-12-18T15:44:41.670+0000] {override.py:1911} INFO - Created Permission View: menu access on DAG Run:dataset_with_extra_from_classic_operator
[2024-12-18T15:44:41.680+0000] {logging_mixin.py:190} INFO - [2024-12-18T15:44:41.680+0000] {override.py:1911} INFO - Created Permission View: can delete on DAG Run:dataset_with_extra_from_classic_operator
[2024-12-18T15:44:41.699+0000] {logging_mixin.py:190} INFO - [2024-12-18T15:44:41.699+0000] {override.py:1911} INFO - Created Permission View: can read on DAG:dataset_with_extra_by_yield
[2024-12-18T15:44:41.708+0000] {logging_mixin.py:190} INFO - [2024-12-18T15:44:41.707+0000] {override.py:1911} INFO - Created Permission View: can delete on DAG:dataset_with_extra_by_yield
[2024-12-18T15:44:41.717+0000] {logging_mixin.py:190} INFO - [2024-12-18T15:44:41.716+0000] {override.py:1911} INFO - Created Permission View: can edit on DAG:dataset_with_extra_by_yield
[2024-12-18T15:44:41.731+0000] {logging_mixin.py:190} INFO - [2024-12-18T15:44:41.731+0000] {override.py:1911} INFO - Created Permission View: can create on DAG Run:dataset_with_extra_by_yield
[2024-12-18T15:44:41.741+0000] {logging_mixin.py:190} INFO - [2024-12-18T15:44:41.740+0000] {override.py:1911} INFO - Created Permission View: can read on DAG Run:dataset_with_extra_by_yield
[2024-12-18T15:44:41.750+0000] {logging_mixin.py:190} INFO - [2024-12-18T15:44:41.749+0000] {override.py:1911} INFO - Created Permission View: menu access on DAG Run:dataset_with_extra_by_yield
[2024-12-18T15:44:41.759+0000] {logging_mixin.py:190} INFO - [2024-12-18T15:44:41.758+0000] {override.py:1911} INFO - Created Permission View: can delete on DAG Run:dataset_with_extra_by_yield
[2024-12-18T15:44:41.759+0000] {logging_mixin.py:190} INFO - [2024-12-18T15:44:41.759+0000] {dag.py:3239} INFO - Sync 3 DAGs
[2024-12-18T15:44:41.772+0000] {logging_mixin.py:190} INFO - [2024-12-18T15:44:41.772+0000] {dag.py:3262} INFO - Creating ORM DAG for dataset_with_extra_by_yield
[2024-12-18T15:44:41.773+0000] {logging_mixin.py:190} INFO - [2024-12-18T15:44:41.773+0000] {dag.py:3262} INFO - Creating ORM DAG for dataset_with_extra_by_context
[2024-12-18T15:44:41.774+0000] {logging_mixin.py:190} INFO - [2024-12-18T15:44:41.773+0000] {dag.py:3262} INFO - Creating ORM DAG for dataset_with_extra_from_classic_operator
[2024-12-18T15:44:41.784+0000] {logging_mixin.py:190} INFO - [2024-12-18T15:44:41.784+0000] {dag.py:4180} INFO - Setting next_dagrun for dataset_with_extra_by_context to 2024-12-17 00:00:00+00:00, run_after=2024-12-18 00:00:00+00:00
[2024-12-18T15:44:41.787+0000] {logging_mixin.py:190} INFO - [2024-12-18T15:44:41.786+0000] {dag.py:4180} INFO - Setting next_dagrun for dataset_with_extra_by_yield to 2024-12-17 00:00:00+00:00, run_after=2024-12-18 00:00:00+00:00
[2024-12-18T15:44:41.789+0000] {logging_mixin.py:190} INFO - [2024-12-18T15:44:41.788+0000] {dag.py:4180} INFO - Setting next_dagrun for dataset_with_extra_from_classic_operator to 2024-12-17 00:00:00+00:00, run_after=2024-12-18 00:00:00+00:00
[2024-12-18T15:44:41.814+0000] {processor.py:208} INFO - Processing /home/ubuntu/demo8/lib/python3.12/site-packages/airflow/example_dags/example_outlet_event_extra.py took 0.437 seconds
[2024-12-18T15:45:46.776+0000] {processor.py:186} INFO - Started process (PID=3763) to work on /home/ubuntu/demo8/lib/python3.12/site-packages/airflow/example_dags/example_outlet_event_extra.py
[2024-12-18T15:45:46.778+0000] {processor.py:914} INFO - Processing file /home/ubuntu/demo8/lib/python3.12/site-packages/airflow/example_dags/example_outlet_event_extra.py for tasks to queue
[2024-12-18T15:45:46.780+0000] {logging_mixin.py:190} INFO - [2024-12-18T15:45:46.780+0000] {dagbag.py:588} INFO - Filling up the DagBag from /home/ubuntu/demo8/lib/python3.12/site-packages/airflow/example_dags/example_outlet_event_extra.py
[2024-12-18T15:45:46.796+0000] {processor.py:925} INFO - DAG(s) 'dataset_with_extra_by_context', 'dataset_with_extra_from_classic_operator', 'dataset_with_extra_by_yield' retrieved from /home/ubuntu/demo8/lib/python3.12/site-packages/airflow/example_dags/example_outlet_event_extra.py
[2024-12-18T15:45:46.817+0000] {logging_mixin.py:190} INFO - [2024-12-18T15:45:46.817+0000] {dag.py:3239} INFO - Sync 3 DAGs
[2024-12-18T15:45:46.842+0000] {logging_mixin.py:190} INFO - [2024-12-18T15:45:46.842+0000] {dag.py:4180} INFO - Setting next_dagrun for dataset_with_extra_by_context to 2024-12-17 00:00:00+00:00, run_after=2024-12-18 00:00:00+00:00
[2024-12-18T15:45:46.847+0000] {logging_mixin.py:190} INFO - [2024-12-18T15:45:46.847+0000] {dag.py:4180} INFO - Setting next_dagrun for dataset_with_extra_by_yield to 2024-12-17 00:00:00+00:00, run_after=2024-12-18 00:00:00+00:00
[2024-12-18T15:45:46.850+0000] {logging_mixin.py:190} INFO - [2024-12-18T15:45:46.850+0000] {dag.py:4180} INFO - Setting next_dagrun for dataset_with_extra_from_classic_operator to 2024-12-17 00:00:00+00:00, run_after=2024-12-18 00:00:00+00:00
[2024-12-18T15:45:46.874+0000] {processor.py:208} INFO - Processing /home/ubuntu/demo8/lib/python3.12/site-packages/airflow/example_dags/example_outlet_event_extra.py took 0.104 seconds
[2024-12-18T15:46:44.349+0000] {processor.py:186} INFO - Started process (PID=3823) to work on /home/ubuntu/demo8/lib/python3.12/site-packages/airflow/example_dags/example_outlet_event_extra.py
[2024-12-18T15:46:44.351+0000] {processor.py:914} INFO - Processing file /home/ubuntu/demo8/lib/python3.12/site-packages/airflow/example_dags/example_outlet_event_extra.py for tasks to queue
[2024-12-18T15:46:44.353+0000] {logging_mixin.py:190} INFO - [2024-12-18T15:46:44.352+0000] {dagbag.py:588} INFO - Filling up the DagBag from /home/ubuntu/demo8/lib/python3.12/site-packages/airflow/example_dags/example_outlet_event_extra.py
[2024-12-18T15:46:44.368+0000] {processor.py:925} INFO - DAG(s) 'dataset_with_extra_from_classic_operator', 'dataset_with_extra_by_context', 'dataset_with_extra_by_yield' retrieved from /home/ubuntu/demo8/lib/python3.12/site-packages/airflow/example_dags/example_outlet_event_extra.py
[2024-12-18T15:46:44.390+0000] {logging_mixin.py:190} INFO - [2024-12-18T15:46:44.390+0000] {dag.py:3239} INFO - Sync 3 DAGs
[2024-12-18T15:46:44.415+0000] {logging_mixin.py:190} INFO - [2024-12-18T15:46:44.414+0000] {dag.py:4180} INFO - Setting next_dagrun for dataset_with_extra_by_context to 2024-12-17 00:00:00+00:00, run_after=2024-12-18 00:00:00+00:00
[2024-12-18T15:46:44.421+0000] {logging_mixin.py:190} INFO - [2024-12-18T15:46:44.420+0000] {dag.py:4180} INFO - Setting next_dagrun for dataset_with_extra_by_yield to 2024-12-17 00:00:00+00:00, run_after=2024-12-18 00:00:00+00:00
[2024-12-18T15:46:44.423+0000] {logging_mixin.py:190} INFO - [2024-12-18T15:46:44.423+0000] {dag.py:4180} INFO - Setting next_dagrun for dataset_with_extra_from_classic_operator to 2024-12-17 00:00:00+00:00, run_after=2024-12-18 00:00:00+00:00
[2024-12-18T15:46:44.447+0000] {processor.py:208} INFO - Processing /home/ubuntu/demo8/lib/python3.12/site-packages/airflow/example_dags/example_outlet_event_extra.py took 0.104 seconds
[2024-12-18T15:47:46.130+0000] {processor.py:186} INFO - Started process (PID=4293) to work on /home/ubuntu/demo8/lib/python3.12/site-packages/airflow/example_dags/example_outlet_event_extra.py
[2024-12-18T15:47:46.131+0000] {processor.py:914} INFO - Processing file /home/ubuntu/demo8/lib/python3.12/site-packages/airflow/example_dags/example_outlet_event_extra.py for tasks to queue
[2024-12-18T15:47:46.133+0000] {logging_mixin.py:190} INFO - [2024-12-18T15:47:46.133+0000] {dagbag.py:588} INFO - Filling up the DagBag from /home/ubuntu/demo8/lib/python3.12/site-packages/airflow/example_dags/example_outlet_event_extra.py
[2024-12-18T15:47:46.150+0000] {processor.py:925} INFO - DAG(s) 'dataset_with_extra_by_context', 'dataset_with_extra_from_classic_operator', 'dataset_with_extra_by_yield' retrieved from /home/ubuntu/demo8/lib/python3.12/site-packages/airflow/example_dags/example_outlet_event_extra.py
[2024-12-18T15:47:46.172+0000] {logging_mixin.py:190} INFO - [2024-12-18T15:47:46.171+0000] {dag.py:3239} INFO - Sync 3 DAGs
[2024-12-18T15:47:46.197+0000] {logging_mixin.py:190} INFO - [2024-12-18T15:47:46.196+0000] {dag.py:4180} INFO - Setting next_dagrun for dataset_with_extra_by_context to 2024-12-17 00:00:00+00:00, run_after=2024-12-18 00:00:00+00:00
[2024-12-18T15:47:46.203+0000] {logging_mixin.py:190} INFO - [2024-12-18T15:47:46.203+0000] {dag.py:4180} INFO - Setting next_dagrun for dataset_with_extra_by_yield to 2024-12-17 00:00:00+00:00, run_after=2024-12-18 00:00:00+00:00
[2024-12-18T15:47:46.206+0000] {logging_mixin.py:190} INFO - [2024-12-18T15:47:46.205+0000] {dag.py:4180} INFO - Setting next_dagrun for dataset_with_extra_from_classic_operator to 2024-12-17 00:00:00+00:00, run_after=2024-12-18 00:00:00+00:00
[2024-12-18T15:47:46.245+0000] {processor.py:208} INFO - Processing /home/ubuntu/demo8/lib/python3.12/site-packages/airflow/example_dags/example_outlet_event_extra.py took 0.121 seconds
[2024-12-18T15:48:39.731+0000] {processor.py:186} INFO - Started process (PID=4349) to work on /home/ubuntu/demo8/lib/python3.12/site-packages/airflow/example_dags/example_outlet_event_extra.py
[2024-12-18T15:48:39.733+0000] {processor.py:914} INFO - Processing file /home/ubuntu/demo8/lib/python3.12/site-packages/airflow/example_dags/example_outlet_event_extra.py for tasks to queue
[2024-12-18T15:48:39.735+0000] {logging_mixin.py:190} INFO - [2024-12-18T15:48:39.734+0000] {dagbag.py:588} INFO - Filling up the DagBag from /home/ubuntu/demo8/lib/python3.12/site-packages/airflow/example_dags/example_outlet_event_extra.py
[2024-12-18T15:48:39.750+0000] {processor.py:925} INFO - DAG(s) 'dataset_with_extra_from_classic_operator', 'dataset_with_extra_by_context', 'dataset_with_extra_by_yield' retrieved from /home/ubuntu/demo8/lib/python3.12/site-packages/airflow/example_dags/example_outlet_event_extra.py
[2024-12-18T15:48:39.772+0000] {logging_mixin.py:190} INFO - [2024-12-18T15:48:39.772+0000] {dag.py:3239} INFO - Sync 3 DAGs
[2024-12-18T15:48:39.796+0000] {logging_mixin.py:190} INFO - [2024-12-18T15:48:39.795+0000] {dag.py:4180} INFO - Setting next_dagrun for dataset_with_extra_by_context to 2024-12-17 00:00:00+00:00, run_after=2024-12-18 00:00:00+00:00
[2024-12-18T15:48:39.801+0000] {logging_mixin.py:190} INFO - [2024-12-18T15:48:39.800+0000] {dag.py:4180} INFO - Setting next_dagrun for dataset_with_extra_by_yield to 2024-12-17 00:00:00+00:00, run_after=2024-12-18 00:00:00+00:00
[2024-12-18T15:48:39.803+0000] {logging_mixin.py:190} INFO - [2024-12-18T15:48:39.803+0000] {dag.py:4180} INFO - Setting next_dagrun for dataset_with_extra_from_classic_operator to 2024-12-17 00:00:00+00:00, run_after=2024-12-18 00:00:00+00:00
[2024-12-18T15:48:39.951+0000] {processor.py:208} INFO - Processing /home/ubuntu/demo8/lib/python3.12/site-packages/airflow/example_dags/example_outlet_event_extra.py took 0.226 seconds
[2024-12-18T15:49:46.069+0000] {processor.py:186} INFO - Started process (PID=4410) to work on /home/ubuntu/demo8/lib/python3.12/site-packages/airflow/example_dags/example_outlet_event_extra.py
[2024-12-18T15:49:46.071+0000] {processor.py:914} INFO - Processing file /home/ubuntu/demo8/lib/python3.12/site-packages/airflow/example_dags/example_outlet_event_extra.py for tasks to queue
[2024-12-18T15:49:46.073+0000] {logging_mixin.py:190} INFO - [2024-12-18T15:49:46.073+0000] {dagbag.py:588} INFO - Filling up the DagBag from /home/ubuntu/demo8/lib/python3.12/site-packages/airflow/example_dags/example_outlet_event_extra.py
[2024-12-18T15:49:46.090+0000] {processor.py:925} INFO - DAG(s) 'dataset_with_extra_by_yield', 'dataset_with_extra_from_classic_operator', 'dataset_with_extra_by_context' retrieved from /home/ubuntu/demo8/lib/python3.12/site-packages/airflow/example_dags/example_outlet_event_extra.py
[2024-12-18T15:49:46.111+0000] {logging_mixin.py:190} INFO - [2024-12-18T15:49:46.111+0000] {dag.py:3239} INFO - Sync 3 DAGs
[2024-12-18T15:49:46.135+0000] {logging_mixin.py:190} INFO - [2024-12-18T15:49:46.135+0000] {dag.py:4180} INFO - Setting next_dagrun for dataset_with_extra_by_context to 2024-12-17 00:00:00+00:00, run_after=2024-12-18 00:00:00+00:00
[2024-12-18T15:49:46.141+0000] {logging_mixin.py:190} INFO - [2024-12-18T15:49:46.140+0000] {dag.py:4180} INFO - Setting next_dagrun for dataset_with_extra_by_yield to 2024-12-17 00:00:00+00:00, run_after=2024-12-18 00:00:00+00:00
[2024-12-18T15:49:46.143+0000] {logging_mixin.py:190} INFO - [2024-12-18T15:49:46.143+0000] {dag.py:4180} INFO - Setting next_dagrun for dataset_with_extra_from_classic_operator to 2024-12-17 00:00:00+00:00, run_after=2024-12-18 00:00:00+00:00
[2024-12-18T15:49:46.167+0000] {processor.py:208} INFO - Processing /home/ubuntu/demo8/lib/python3.12/site-packages/airflow/example_dags/example_outlet_event_extra.py took 0.104 seconds
[2024-12-18T15:50:42.927+0000] {processor.py:186} INFO - Started process (PID=4477) to work on /home/ubuntu/demo8/lib/python3.12/site-packages/airflow/example_dags/example_outlet_event_extra.py
[2024-12-18T15:50:42.928+0000] {processor.py:914} INFO - Processing file /home/ubuntu/demo8/lib/python3.12/site-packages/airflow/example_dags/example_outlet_event_extra.py for tasks to queue
[2024-12-18T15:50:42.931+0000] {logging_mixin.py:190} INFO - [2024-12-18T15:50:42.930+0000] {dagbag.py:588} INFO - Filling up the DagBag from /home/ubuntu/demo8/lib/python3.12/site-packages/airflow/example_dags/example_outlet_event_extra.py
[2024-12-18T15:50:42.947+0000] {processor.py:925} INFO - DAG(s) 'dataset_with_extra_by_yield', 'dataset_with_extra_from_classic_operator', 'dataset_with_extra_by_context' retrieved from /home/ubuntu/demo8/lib/python3.12/site-packages/airflow/example_dags/example_outlet_event_extra.py
[2024-12-18T15:50:42.969+0000] {logging_mixin.py:190} INFO - [2024-12-18T15:50:42.968+0000] {dag.py:3239} INFO - Sync 3 DAGs
[2024-12-18T15:50:42.994+0000] {logging_mixin.py:190} INFO - [2024-12-18T15:50:42.993+0000] {dag.py:4180} INFO - Setting next_dagrun for dataset_with_extra_by_context to 2024-12-17 00:00:00+00:00, run_after=2024-12-18 00:00:00+00:00
[2024-12-18T15:50:42.999+0000] {logging_mixin.py:190} INFO - [2024-12-18T15:50:42.998+0000] {dag.py:4180} INFO - Setting next_dagrun for dataset_with_extra_by_yield to 2024-12-17 00:00:00+00:00, run_after=2024-12-18 00:00:00+00:00
[2024-12-18T15:50:43.001+0000] {logging_mixin.py:190} INFO - [2024-12-18T15:50:43.001+0000] {dag.py:4180} INFO - Setting next_dagrun for dataset_with_extra_from_classic_operator to 2024-12-17 00:00:00+00:00, run_after=2024-12-18 00:00:00+00:00
[2024-12-18T15:50:43.032+0000] {processor.py:208} INFO - Processing /home/ubuntu/demo8/lib/python3.12/site-packages/airflow/example_dags/example_outlet_event_extra.py took 0.112 seconds
[2024-12-18T15:51:37.658+0000] {processor.py:186} INFO - Started process (PID=4539) to work on /home/ubuntu/demo8/lib/python3.12/site-packages/airflow/example_dags/example_outlet_event_extra.py
[2024-12-18T15:51:37.660+0000] {processor.py:914} INFO - Processing file /home/ubuntu/demo8/lib/python3.12/site-packages/airflow/example_dags/example_outlet_event_extra.py for tasks to queue
[2024-12-18T15:51:37.662+0000] {logging_mixin.py:190} INFO - [2024-12-18T15:51:37.661+0000] {dagbag.py:588} INFO - Filling up the DagBag from /home/ubuntu/demo8/lib/python3.12/site-packages/airflow/example_dags/example_outlet_event_extra.py
[2024-12-18T15:51:37.677+0000] {processor.py:925} INFO - DAG(s) 'dataset_with_extra_by_yield', 'dataset_with_extra_by_context', 'dataset_with_extra_from_classic_operator' retrieved from /home/ubuntu/demo8/lib/python3.12/site-packages/airflow/example_dags/example_outlet_event_extra.py
[2024-12-18T15:51:37.699+0000] {logging_mixin.py:190} INFO - [2024-12-18T15:51:37.699+0000] {dag.py:3239} INFO - Sync 3 DAGs
[2024-12-18T15:51:37.724+0000] {logging_mixin.py:190} INFO - [2024-12-18T15:51:37.723+0000] {dag.py:4180} INFO - Setting next_dagrun for dataset_with_extra_by_context to 2024-12-17 00:00:00+00:00, run_after=2024-12-18 00:00:00+00:00
[2024-12-18T15:51:37.728+0000] {logging_mixin.py:190} INFO - [2024-12-18T15:51:37.728+0000] {dag.py:4180} INFO - Setting next_dagrun for dataset_with_extra_by_yield to 2024-12-17 00:00:00+00:00, run_after=2024-12-18 00:00:00+00:00
[2024-12-18T15:51:37.731+0000] {logging_mixin.py:190} INFO - [2024-12-18T15:51:37.731+0000] {dag.py:4180} INFO - Setting next_dagrun for dataset_with_extra_from_classic_operator to 2024-12-17 00:00:00+00:00, run_after=2024-12-18 00:00:00+00:00
[2024-12-18T15:51:37.755+0000] {processor.py:208} INFO - Processing /home/ubuntu/demo8/lib/python3.12/site-packages/airflow/example_dags/example_outlet_event_extra.py took 0.103 seconds
[2024-12-18T15:52:32.543+0000] {processor.py:186} INFO - Started process (PID=4596) to work on /home/ubuntu/demo8/lib/python3.12/site-packages/airflow/example_dags/example_outlet_event_extra.py
[2024-12-18T15:52:32.545+0000] {processor.py:914} INFO - Processing file /home/ubuntu/demo8/lib/python3.12/site-packages/airflow/example_dags/example_outlet_event_extra.py for tasks to queue
[2024-12-18T15:52:32.547+0000] {logging_mixin.py:190} INFO - [2024-12-18T15:52:32.547+0000] {dagbag.py:588} INFO - Filling up the DagBag from /home/ubuntu/demo8/lib/python3.12/site-packages/airflow/example_dags/example_outlet_event_extra.py
[2024-12-18T15:52:32.564+0000] {processor.py:925} INFO - DAG(s) 'dataset_with_extra_from_classic_operator', 'dataset_with_extra_by_context', 'dataset_with_extra_by_yield' retrieved from /home/ubuntu/demo8/lib/python3.12/site-packages/airflow/example_dags/example_outlet_event_extra.py
[2024-12-18T15:52:32.586+0000] {logging_mixin.py:190} INFO - [2024-12-18T15:52:32.585+0000] {dag.py:3239} INFO - Sync 3 DAGs
[2024-12-18T15:52:32.613+0000] {logging_mixin.py:190} INFO - [2024-12-18T15:52:32.612+0000] {dag.py:4180} INFO - Setting next_dagrun for dataset_with_extra_by_context to 2024-12-17 00:00:00+00:00, run_after=2024-12-18 00:00:00+00:00
[2024-12-18T15:52:32.618+0000] {logging_mixin.py:190} INFO - [2024-12-18T15:52:32.617+0000] {dag.py:4180} INFO - Setting next_dagrun for dataset_with_extra_by_yield to 2024-12-17 00:00:00+00:00, run_after=2024-12-18 00:00:00+00:00
[2024-12-18T15:52:32.620+0000] {logging_mixin.py:190} INFO - [2024-12-18T15:52:32.620+0000] {dag.py:4180} INFO - Setting next_dagrun for dataset_with_extra_from_classic_operator to 2024-12-17 00:00:00+00:00, run_after=2024-12-18 00:00:00+00:00
[2024-12-18T15:52:32.644+0000] {processor.py:208} INFO - Processing /home/ubuntu/demo8/lib/python3.12/site-packages/airflow/example_dags/example_outlet_event_extra.py took 0.107 seconds
[2024-12-18T15:53:27.439+0000] {processor.py:186} INFO - Started process (PID=4652) to work on /home/ubuntu/demo8/lib/python3.12/site-packages/airflow/example_dags/example_outlet_event_extra.py
[2024-12-18T15:53:27.441+0000] {processor.py:914} INFO - Processing file /home/ubuntu/demo8/lib/python3.12/site-packages/airflow/example_dags/example_outlet_event_extra.py for tasks to queue
[2024-12-18T15:53:27.444+0000] {logging_mixin.py:190} INFO - [2024-12-18T15:53:27.443+0000] {dagbag.py:588} INFO - Filling up the DagBag from /home/ubuntu/demo8/lib/python3.12/site-packages/airflow/example_dags/example_outlet_event_extra.py
[2024-12-18T15:53:27.460+0000] {processor.py:925} INFO - DAG(s) 'dataset_with_extra_from_classic_operator', 'dataset_with_extra_by_yield', 'dataset_with_extra_by_context' retrieved from /home/ubuntu/demo8/lib/python3.12/site-packages/airflow/example_dags/example_outlet_event_extra.py
[2024-12-18T15:53:27.495+0000] {logging_mixin.py:190} INFO - [2024-12-18T15:53:27.495+0000] {dag.py:3239} INFO - Sync 3 DAGs
[2024-12-18T15:53:27.520+0000] {logging_mixin.py:190} INFO - [2024-12-18T15:53:27.519+0000] {dag.py:4180} INFO - Setting next_dagrun for dataset_with_extra_by_context to 2024-12-17 00:00:00+00:00, run_after=2024-12-18 00:00:00+00:00
[2024-12-18T15:53:27.525+0000] {logging_mixin.py:190} INFO - [2024-12-18T15:53:27.524+0000] {dag.py:4180} INFO - Setting next_dagrun for dataset_with_extra_by_yield to 2024-12-17 00:00:00+00:00, run_after=2024-12-18 00:00:00+00:00
[2024-12-18T15:53:27.528+0000] {logging_mixin.py:190} INFO - [2024-12-18T15:53:27.528+0000] {dag.py:4180} INFO - Setting next_dagrun for dataset_with_extra_from_classic_operator to 2024-12-17 00:00:00+00:00, run_after=2024-12-18 00:00:00+00:00
[2024-12-18T15:53:27.552+0000] {processor.py:208} INFO - Processing /home/ubuntu/demo8/lib/python3.12/site-packages/airflow/example_dags/example_outlet_event_extra.py took 0.119 seconds
[2024-12-18T15:54:52.655+0000] {processor.py:186} INFO - Started process (PID=4766) to work on /home/ubuntu/demo8/lib/python3.12/site-packages/airflow/example_dags/example_outlet_event_extra.py
[2024-12-18T15:54:52.657+0000] {processor.py:914} INFO - Processing file /home/ubuntu/demo8/lib/python3.12/site-packages/airflow/example_dags/example_outlet_event_extra.py for tasks to queue
[2024-12-18T15:54:52.659+0000] {logging_mixin.py:190} INFO - [2024-12-18T15:54:52.659+0000] {dagbag.py:588} INFO - Filling up the DagBag from /home/ubuntu/demo8/lib/python3.12/site-packages/airflow/example_dags/example_outlet_event_extra.py
[2024-12-18T15:54:52.676+0000] {processor.py:925} INFO - DAG(s) 'dataset_with_extra_by_yield', 'dataset_with_extra_from_classic_operator', 'dataset_with_extra_by_context' retrieved from /home/ubuntu/demo8/lib/python3.12/site-packages/airflow/example_dags/example_outlet_event_extra.py
[2024-12-18T15:54:52.701+0000] {logging_mixin.py:190} INFO - [2024-12-18T15:54:52.701+0000] {dag.py:3239} INFO - Sync 3 DAGs
[2024-12-18T15:54:52.726+0000] {logging_mixin.py:190} INFO - [2024-12-18T15:54:52.726+0000] {dag.py:4180} INFO - Setting next_dagrun for dataset_with_extra_by_context to 2024-12-17 00:00:00+00:00, run_after=2024-12-18 00:00:00+00:00
[2024-12-18T15:54:52.731+0000] {logging_mixin.py:190} INFO - [2024-12-18T15:54:52.731+0000] {dag.py:4180} INFO - Setting next_dagrun for dataset_with_extra_by_yield to 2024-12-17 00:00:00+00:00, run_after=2024-12-18 00:00:00+00:00
[2024-12-18T15:54:52.733+0000] {logging_mixin.py:190} INFO - [2024-12-18T15:54:52.733+0000] {dag.py:4180} INFO - Setting next_dagrun for dataset_with_extra_from_classic_operator to 2024-12-17 00:00:00+00:00, run_after=2024-12-18 00:00:00+00:00
[2024-12-18T15:54:52.759+0000] {processor.py:208} INFO - Processing /home/ubuntu/demo8/lib/python3.12/site-packages/airflow/example_dags/example_outlet_event_extra.py took 0.109 seconds
[2024-12-18T15:55:50.783+0000] {processor.py:186} INFO - Started process (PID=4829) to work on /home/ubuntu/demo8/lib/python3.12/site-packages/airflow/example_dags/example_outlet_event_extra.py
[2024-12-18T15:55:50.786+0000] {processor.py:914} INFO - Processing file /home/ubuntu/demo8/lib/python3.12/site-packages/airflow/example_dags/example_outlet_event_extra.py for tasks to queue
[2024-12-18T15:55:50.790+0000] {logging_mixin.py:190} INFO - [2024-12-18T15:55:50.789+0000] {dagbag.py:588} INFO - Filling up the DagBag from /home/ubuntu/demo8/lib/python3.12/site-packages/airflow/example_dags/example_outlet_event_extra.py
[2024-12-18T15:55:50.806+0000] {processor.py:925} INFO - DAG(s) 'dataset_with_extra_from_classic_operator', 'dataset_with_extra_by_context', 'dataset_with_extra_by_yield' retrieved from /home/ubuntu/demo8/lib/python3.12/site-packages/airflow/example_dags/example_outlet_event_extra.py
[2024-12-18T15:55:50.829+0000] {logging_mixin.py:190} INFO - [2024-12-18T15:55:50.828+0000] {dag.py:3239} INFO - Sync 3 DAGs
[2024-12-18T15:55:50.854+0000] {logging_mixin.py:190} INFO - [2024-12-18T15:55:50.853+0000] {dag.py:4180} INFO - Setting next_dagrun for dataset_with_extra_by_context to 2024-12-17 00:00:00+00:00, run_after=2024-12-18 00:00:00+00:00
[2024-12-18T15:55:50.859+0000] {logging_mixin.py:190} INFO - [2024-12-18T15:55:50.858+0000] {dag.py:4180} INFO - Setting next_dagrun for dataset_with_extra_by_yield to 2024-12-17 00:00:00+00:00, run_after=2024-12-18 00:00:00+00:00
[2024-12-18T15:55:50.861+0000] {logging_mixin.py:190} INFO - [2024-12-18T15:55:50.861+0000] {dag.py:4180} INFO - Setting next_dagrun for dataset_with_extra_from_classic_operator to 2024-12-17 00:00:00+00:00, run_after=2024-12-18 00:00:00+00:00
[2024-12-18T15:55:50.886+0000] {processor.py:208} INFO - Processing /home/ubuntu/demo8/lib/python3.12/site-packages/airflow/example_dags/example_outlet_event_extra.py took 0.114 seconds
[2024-12-18T15:57:20.175+0000] {processor.py:186} INFO - Started process (PID=4916) to work on /home/ubuntu/demo8/lib/python3.12/site-packages/airflow/example_dags/example_outlet_event_extra.py
[2024-12-18T15:57:20.177+0000] {processor.py:914} INFO - Processing file /home/ubuntu/demo8/lib/python3.12/site-packages/airflow/example_dags/example_outlet_event_extra.py for tasks to queue
[2024-12-18T15:57:20.179+0000] {logging_mixin.py:190} INFO - [2024-12-18T15:57:20.178+0000] {dagbag.py:588} INFO - Filling up the DagBag from /home/ubuntu/demo8/lib/python3.12/site-packages/airflow/example_dags/example_outlet_event_extra.py
[2024-12-18T15:57:20.195+0000] {processor.py:925} INFO - DAG(s) 'dataset_with_extra_by_context', 'dataset_with_extra_from_classic_operator', 'dataset_with_extra_by_yield' retrieved from /home/ubuntu/demo8/lib/python3.12/site-packages/airflow/example_dags/example_outlet_event_extra.py
[2024-12-18T15:57:20.219+0000] {logging_mixin.py:190} INFO - [2024-12-18T15:57:20.218+0000] {dag.py:3239} INFO - Sync 3 DAGs
[2024-12-18T15:57:20.244+0000] {logging_mixin.py:190} INFO - [2024-12-18T15:57:20.244+0000] {dag.py:4180} INFO - Setting next_dagrun for dataset_with_extra_by_context to 2024-12-17 00:00:00+00:00, run_after=2024-12-18 00:00:00+00:00
[2024-12-18T15:57:20.249+0000] {logging_mixin.py:190} INFO - [2024-12-18T15:57:20.249+0000] {dag.py:4180} INFO - Setting next_dagrun for dataset_with_extra_by_yield to 2024-12-17 00:00:00+00:00, run_after=2024-12-18 00:00:00+00:00
[2024-12-18T15:57:20.251+0000] {logging_mixin.py:190} INFO - [2024-12-18T15:57:20.251+0000] {dag.py:4180} INFO - Setting next_dagrun for dataset_with_extra_from_classic_operator to 2024-12-17 00:00:00+00:00, run_after=2024-12-18 00:00:00+00:00
[2024-12-18T15:57:20.275+0000] {processor.py:208} INFO - Processing /home/ubuntu/demo8/lib/python3.12/site-packages/airflow/example_dags/example_outlet_event_extra.py took 0.106 seconds
[2024-12-18T15:58:18.275+0000] {processor.py:186} INFO - Started process (PID=4974) to work on /home/ubuntu/demo8/lib/python3.12/site-packages/airflow/example_dags/example_outlet_event_extra.py
[2024-12-18T15:58:18.276+0000] {processor.py:914} INFO - Processing file /home/ubuntu/demo8/lib/python3.12/site-packages/airflow/example_dags/example_outlet_event_extra.py for tasks to queue
[2024-12-18T15:58:18.278+0000] {logging_mixin.py:190} INFO - [2024-12-18T15:58:18.278+0000] {dagbag.py:588} INFO - Filling up the DagBag from /home/ubuntu/demo8/lib/python3.12/site-packages/airflow/example_dags/example_outlet_event_extra.py
[2024-12-18T15:58:18.294+0000] {processor.py:925} INFO - DAG(s) 'dataset_with_extra_from_classic_operator', 'dataset_with_extra_by_yield', 'dataset_with_extra_by_context' retrieved from /home/ubuntu/demo8/lib/python3.12/site-packages/airflow/example_dags/example_outlet_event_extra.py
[2024-12-18T15:58:18.316+0000] {logging_mixin.py:190} INFO - [2024-12-18T15:58:18.315+0000] {dag.py:3239} INFO - Sync 3 DAGs
[2024-12-18T15:58:18.340+0000] {logging_mixin.py:190} INFO - [2024-12-18T15:58:18.339+0000] {dag.py:4180} INFO - Setting next_dagrun for dataset_with_extra_by_context to 2024-12-17 00:00:00+00:00, run_after=2024-12-18 00:00:00+00:00
[2024-12-18T15:58:18.345+0000] {logging_mixin.py:190} INFO - [2024-12-18T15:58:18.344+0000] {dag.py:4180} INFO - Setting next_dagrun for dataset_with_extra_by_yield to 2024-12-17 00:00:00+00:00, run_after=2024-12-18 00:00:00+00:00
[2024-12-18T15:58:18.347+0000] {logging_mixin.py:190} INFO - [2024-12-18T15:58:18.347+0000] {dag.py:4180} INFO - Setting next_dagrun for dataset_with_extra_from_classic_operator to 2024-12-17 00:00:00+00:00, run_after=2024-12-18 00:00:00+00:00
[2024-12-18T15:58:18.371+0000] {processor.py:208} INFO - Processing /home/ubuntu/demo8/lib/python3.12/site-packages/airflow/example_dags/example_outlet_event_extra.py took 0.102 seconds
[2024-12-18T15:59:14.964+0000] {processor.py:186} INFO - Started process (PID=5032) to work on /home/ubuntu/demo8/lib/python3.12/site-packages/airflow/example_dags/example_outlet_event_extra.py
[2024-12-18T15:59:14.965+0000] {processor.py:914} INFO - Processing file /home/ubuntu/demo8/lib/python3.12/site-packages/airflow/example_dags/example_outlet_event_extra.py for tasks to queue
[2024-12-18T15:59:14.967+0000] {logging_mixin.py:190} INFO - [2024-12-18T15:59:14.967+0000] {dagbag.py:588} INFO - Filling up the DagBag from /home/ubuntu/demo8/lib/python3.12/site-packages/airflow/example_dags/example_outlet_event_extra.py
[2024-12-18T15:59:14.983+0000] {processor.py:925} INFO - DAG(s) 'dataset_with_extra_by_context', 'dataset_with_extra_by_yield', 'dataset_with_extra_from_classic_operator' retrieved from /home/ubuntu/demo8/lib/python3.12/site-packages/airflow/example_dags/example_outlet_event_extra.py
[2024-12-18T15:59:15.004+0000] {logging_mixin.py:190} INFO - [2024-12-18T15:59:15.004+0000] {dag.py:3239} INFO - Sync 3 DAGs
[2024-12-18T15:59:15.029+0000] {logging_mixin.py:190} INFO - [2024-12-18T15:59:15.028+0000] {dag.py:4180} INFO - Setting next_dagrun for dataset_with_extra_by_context to 2024-12-17 00:00:00+00:00, run_after=2024-12-18 00:00:00+00:00
[2024-12-18T15:59:15.034+0000] {logging_mixin.py:190} INFO - [2024-12-18T15:59:15.034+0000] {dag.py:4180} INFO - Setting next_dagrun for dataset_with_extra_by_yield to 2024-12-17 00:00:00+00:00, run_after=2024-12-18 00:00:00+00:00
[2024-12-18T15:59:15.036+0000] {logging_mixin.py:190} INFO - [2024-12-18T15:59:15.036+0000] {dag.py:4180} INFO - Setting next_dagrun for dataset_with_extra_from_classic_operator to 2024-12-17 00:00:00+00:00, run_after=2024-12-18 00:00:00+00:00
[2024-12-18T15:59:15.061+0000] {processor.py:208} INFO - Processing /home/ubuntu/demo8/lib/python3.12/site-packages/airflow/example_dags/example_outlet_event_extra.py took 0.103 seconds
[2024-12-18T16:00:18.991+0000] {processor.py:186} INFO - Started process (PID=5100) to work on /home/ubuntu/demo8/lib/python3.12/site-packages/airflow/example_dags/example_outlet_event_extra.py
[2024-12-18T16:00:18.992+0000] {processor.py:914} INFO - Processing file /home/ubuntu/demo8/lib/python3.12/site-packages/airflow/example_dags/example_outlet_event_extra.py for tasks to queue
[2024-12-18T16:00:18.995+0000] {logging_mixin.py:190} INFO - [2024-12-18T16:00:18.994+0000] {dagbag.py:588} INFO - Filling up the DagBag from /home/ubuntu/demo8/lib/python3.12/site-packages/airflow/example_dags/example_outlet_event_extra.py
[2024-12-18T16:00:19.010+0000] {processor.py:925} INFO - DAG(s) 'dataset_with_extra_from_classic_operator', 'dataset_with_extra_by_yield', 'dataset_with_extra_by_context' retrieved from /home/ubuntu/demo8/lib/python3.12/site-packages/airflow/example_dags/example_outlet_event_extra.py
[2024-12-18T16:00:19.033+0000] {logging_mixin.py:190} INFO - [2024-12-18T16:00:19.033+0000] {dag.py:3239} INFO - Sync 3 DAGs
[2024-12-18T16:00:19.058+0000] {logging_mixin.py:190} INFO - [2024-12-18T16:00:19.057+0000] {dag.py:4180} INFO - Setting next_dagrun for dataset_with_extra_by_context to 2024-12-17 00:00:00+00:00, run_after=2024-12-18 00:00:00+00:00
[2024-12-18T16:00:19.062+0000] {logging_mixin.py:190} INFO - [2024-12-18T16:00:19.062+0000] {dag.py:4180} INFO - Setting next_dagrun for dataset_with_extra_by_yield to 2024-12-17 00:00:00+00:00, run_after=2024-12-18 00:00:00+00:00
[2024-12-18T16:00:19.065+0000] {logging_mixin.py:190} INFO - [2024-12-18T16:00:19.065+0000] {dag.py:4180} INFO - Setting next_dagrun for dataset_with_extra_from_classic_operator to 2024-12-17 00:00:00+00:00, run_after=2024-12-18 00:00:00+00:00
[2024-12-18T16:00:19.088+0000] {processor.py:208} INFO - Processing /home/ubuntu/demo8/lib/python3.12/site-packages/airflow/example_dags/example_outlet_event_extra.py took 0.103 seconds
[2024-12-18T16:01:17.109+0000] {processor.py:186} INFO - Started process (PID=5159) to work on /home/ubuntu/demo8/lib/python3.12/site-packages/airflow/example_dags/example_outlet_event_extra.py
[2024-12-18T16:01:17.112+0000] {processor.py:914} INFO - Processing file /home/ubuntu/demo8/lib/python3.12/site-packages/airflow/example_dags/example_outlet_event_extra.py for tasks to queue
[2024-12-18T16:01:17.114+0000] {logging_mixin.py:190} INFO - [2024-12-18T16:01:17.114+0000] {dagbag.py:588} INFO - Filling up the DagBag from /home/ubuntu/demo8/lib/python3.12/site-packages/airflow/example_dags/example_outlet_event_extra.py
[2024-12-18T16:01:17.130+0000] {processor.py:925} INFO - DAG(s) 'dataset_with_extra_from_classic_operator', 'dataset_with_extra_by_yield', 'dataset_with_extra_by_context' retrieved from /home/ubuntu/demo8/lib/python3.12/site-packages/airflow/example_dags/example_outlet_event_extra.py
[2024-12-18T16:01:17.152+0000] {logging_mixin.py:190} INFO - [2024-12-18T16:01:17.152+0000] {dag.py:3239} INFO - Sync 3 DAGs
[2024-12-18T16:01:17.177+0000] {logging_mixin.py:190} INFO - [2024-12-18T16:01:17.177+0000] {dag.py:4180} INFO - Setting next_dagrun for dataset_with_extra_by_context to 2024-12-17 00:00:00+00:00, run_after=2024-12-18 00:00:00+00:00
[2024-12-18T16:01:17.182+0000] {logging_mixin.py:190} INFO - [2024-12-18T16:01:17.182+0000] {dag.py:4180} INFO - Setting next_dagrun for dataset_with_extra_by_yield to 2024-12-17 00:00:00+00:00, run_after=2024-12-18 00:00:00+00:00
[2024-12-18T16:01:17.185+0000] {logging_mixin.py:190} INFO - [2024-12-18T16:01:17.184+0000] {dag.py:4180} INFO - Setting next_dagrun for dataset_with_extra_from_classic_operator to 2024-12-17 00:00:00+00:00, run_after=2024-12-18 00:00:00+00:00
[2024-12-18T16:01:17.209+0000] {processor.py:208} INFO - Processing /home/ubuntu/demo8/lib/python3.12/site-packages/airflow/example_dags/example_outlet_event_extra.py took 0.115 seconds
[2024-12-18T16:02:12.605+0000] {processor.py:186} INFO - Started process (PID=5218) to work on /home/ubuntu/demo8/lib/python3.12/site-packages/airflow/example_dags/example_outlet_event_extra.py
[2024-12-18T16:02:12.606+0000] {processor.py:914} INFO - Processing file /home/ubuntu/demo8/lib/python3.12/site-packages/airflow/example_dags/example_outlet_event_extra.py for tasks to queue
[2024-12-18T16:02:12.609+0000] {logging_mixin.py:190} INFO - [2024-12-18T16:02:12.608+0000] {dagbag.py:588} INFO - Filling up the DagBag from /home/ubuntu/demo8/lib/python3.12/site-packages/airflow/example_dags/example_outlet_event_extra.py
[2024-12-18T16:02:12.625+0000] {processor.py:925} INFO - DAG(s) 'dataset_with_extra_from_classic_operator', 'dataset_with_extra_by_yield', 'dataset_with_extra_by_context' retrieved from /home/ubuntu/demo8/lib/python3.12/site-packages/airflow/example_dags/example_outlet_event_extra.py
[2024-12-18T16:02:12.647+0000] {logging_mixin.py:190} INFO - [2024-12-18T16:02:12.646+0000] {dag.py:3239} INFO - Sync 3 DAGs
[2024-12-18T16:02:12.671+0000] {logging_mixin.py:190} INFO - [2024-12-18T16:02:12.671+0000] {dag.py:4180} INFO - Setting next_dagrun for dataset_with_extra_by_context to 2024-12-17 00:00:00+00:00, run_after=2024-12-18 00:00:00+00:00
[2024-12-18T16:02:12.676+0000] {logging_mixin.py:190} INFO - [2024-12-18T16:02:12.676+0000] {dag.py:4180} INFO - Setting next_dagrun for dataset_with_extra_by_yield to 2024-12-17 00:00:00+00:00, run_after=2024-12-18 00:00:00+00:00
[2024-12-18T16:02:12.678+0000] {logging_mixin.py:190} INFO - [2024-12-18T16:02:12.678+0000] {dag.py:4180} INFO - Setting next_dagrun for dataset_with_extra_from_classic_operator to 2024-12-17 00:00:00+00:00, run_after=2024-12-18 00:00:00+00:00
[2024-12-18T16:02:12.702+0000] {processor.py:208} INFO - Processing /home/ubuntu/demo8/lib/python3.12/site-packages/airflow/example_dags/example_outlet_event_extra.py took 0.103 seconds
[2024-12-18T16:03:07.646+0000] {processor.py:186} INFO - Started process (PID=5273) to work on /home/ubuntu/demo8/lib/python3.12/site-packages/airflow/example_dags/example_outlet_event_extra.py
[2024-12-18T16:03:07.648+0000] {processor.py:914} INFO - Processing file /home/ubuntu/demo8/lib/python3.12/site-packages/airflow/example_dags/example_outlet_event_extra.py for tasks to queue
[2024-12-18T16:03:07.650+0000] {logging_mixin.py:190} INFO - [2024-12-18T16:03:07.650+0000] {dagbag.py:588} INFO - Filling up the DagBag from /home/ubuntu/demo8/lib/python3.12/site-packages/airflow/example_dags/example_outlet_event_extra.py
[2024-12-18T16:03:07.666+0000] {processor.py:925} INFO - DAG(s) 'dataset_with_extra_from_classic_operator', 'dataset_with_extra_by_yield', 'dataset_with_extra_by_context' retrieved from /home/ubuntu/demo8/lib/python3.12/site-packages/airflow/example_dags/example_outlet_event_extra.py
[2024-12-18T16:03:07.688+0000] {logging_mixin.py:190} INFO - [2024-12-18T16:03:07.687+0000] {dag.py:3239} INFO - Sync 3 DAGs
[2024-12-18T16:03:07.711+0000] {logging_mixin.py:190} INFO - [2024-12-18T16:03:07.711+0000] {dag.py:4180} INFO - Setting next_dagrun for dataset_with_extra_by_context to 2024-12-17 00:00:00+00:00, run_after=2024-12-18 00:00:00+00:00
[2024-12-18T16:03:07.716+0000] {logging_mixin.py:190} INFO - [2024-12-18T16:03:07.716+0000] {dag.py:4180} INFO - Setting next_dagrun for dataset_with_extra_by_yield to 2024-12-17 00:00:00+00:00, run_after=2024-12-18 00:00:00+00:00
[2024-12-18T16:03:07.719+0000] {logging_mixin.py:190} INFO - [2024-12-18T16:03:07.719+0000] {dag.py:4180} INFO - Setting next_dagrun for dataset_with_extra_from_classic_operator to 2024-12-17 00:00:00+00:00, run_after=2024-12-18 00:00:00+00:00
[2024-12-18T16:03:07.744+0000] {processor.py:208} INFO - Processing /home/ubuntu/demo8/lib/python3.12/site-packages/airflow/example_dags/example_outlet_event_extra.py took 0.104 seconds
[2024-12-18T20:29:47.156+0000] {processor.py:186} INFO - Started process (PID=2753) to work on /home/ubuntu/demo8/lib/python3.12/site-packages/airflow/example_dags/example_outlet_event_extra.py
[2024-12-18T20:29:47.158+0000] {processor.py:914} INFO - Processing file /home/ubuntu/demo8/lib/python3.12/site-packages/airflow/example_dags/example_outlet_event_extra.py for tasks to queue
[2024-12-18T20:29:47.161+0000] {logging_mixin.py:190} INFO - [2024-12-18T20:29:47.160+0000] {dagbag.py:588} INFO - Filling up the DagBag from /home/ubuntu/demo8/lib/python3.12/site-packages/airflow/example_dags/example_outlet_event_extra.py
[2024-12-18T20:29:47.178+0000] {processor.py:925} INFO - DAG(s) 'dataset_with_extra_by_yield', 'dataset_with_extra_from_classic_operator', 'dataset_with_extra_by_context' retrieved from /home/ubuntu/demo8/lib/python3.12/site-packages/airflow/example_dags/example_outlet_event_extra.py
[2024-12-18T20:29:47.201+0000] {logging_mixin.py:190} INFO - [2024-12-18T20:29:47.201+0000] {dag.py:3239} INFO - Sync 3 DAGs
[2024-12-18T20:29:47.226+0000] {logging_mixin.py:190} INFO - [2024-12-18T20:29:47.226+0000] {dag.py:4180} INFO - Setting next_dagrun for dataset_with_extra_by_context to 2024-12-17 00:00:00+00:00, run_after=2024-12-18 00:00:00+00:00
[2024-12-18T20:29:47.231+0000] {logging_mixin.py:190} INFO - [2024-12-18T20:29:47.231+0000] {dag.py:4180} INFO - Setting next_dagrun for dataset_with_extra_by_yield to 2024-12-17 00:00:00+00:00, run_after=2024-12-18 00:00:00+00:00
[2024-12-18T20:29:47.233+0000] {logging_mixin.py:190} INFO - [2024-12-18T20:29:47.233+0000] {dag.py:4180} INFO - Setting next_dagrun for dataset_with_extra_from_classic_operator to 2024-12-17 00:00:00+00:00, run_after=2024-12-18 00:00:00+00:00
[2024-12-18T20:29:47.260+0000] {processor.py:208} INFO - Processing /home/ubuntu/demo8/lib/python3.12/site-packages/airflow/example_dags/example_outlet_event_extra.py took 0.110 seconds
[2024-12-18T20:30:45.266+0000] {processor.py:186} INFO - Started process (PID=2936) to work on /home/ubuntu/demo8/lib/python3.12/site-packages/airflow/example_dags/example_outlet_event_extra.py
[2024-12-18T20:30:45.268+0000] {processor.py:914} INFO - Processing file /home/ubuntu/demo8/lib/python3.12/site-packages/airflow/example_dags/example_outlet_event_extra.py for tasks to queue
[2024-12-18T20:30:45.271+0000] {logging_mixin.py:190} INFO - [2024-12-18T20:30:45.270+0000] {dagbag.py:588} INFO - Filling up the DagBag from /home/ubuntu/demo8/lib/python3.12/site-packages/airflow/example_dags/example_outlet_event_extra.py
[2024-12-18T20:30:45.287+0000] {processor.py:925} INFO - DAG(s) 'dataset_with_extra_by_context', 'dataset_with_extra_by_yield', 'dataset_with_extra_from_classic_operator' retrieved from /home/ubuntu/demo8/lib/python3.12/site-packages/airflow/example_dags/example_outlet_event_extra.py
[2024-12-18T20:30:45.309+0000] {logging_mixin.py:190} INFO - [2024-12-18T20:30:45.309+0000] {dag.py:3239} INFO - Sync 3 DAGs
[2024-12-18T20:30:45.333+0000] {logging_mixin.py:190} INFO - [2024-12-18T20:30:45.333+0000] {dag.py:4180} INFO - Setting next_dagrun for dataset_with_extra_by_context to 2024-12-17 00:00:00+00:00, run_after=2024-12-18 00:00:00+00:00
[2024-12-18T20:30:45.339+0000] {logging_mixin.py:190} INFO - [2024-12-18T20:30:45.338+0000] {dag.py:4180} INFO - Setting next_dagrun for dataset_with_extra_by_yield to 2024-12-17 00:00:00+00:00, run_after=2024-12-18 00:00:00+00:00
[2024-12-18T20:30:45.341+0000] {logging_mixin.py:190} INFO - [2024-12-18T20:30:45.341+0000] {dag.py:4180} INFO - Setting next_dagrun for dataset_with_extra_from_classic_operator to 2024-12-17 00:00:00+00:00, run_after=2024-12-18 00:00:00+00:00
[2024-12-18T20:30:45.368+0000] {processor.py:208} INFO - Processing /home/ubuntu/demo8/lib/python3.12/site-packages/airflow/example_dags/example_outlet_event_extra.py took 0.108 seconds
[2024-12-18T20:31:41.959+0000] {processor.py:186} INFO - Started process (PID=3164) to work on /home/ubuntu/demo8/lib/python3.12/site-packages/airflow/example_dags/example_outlet_event_extra.py
[2024-12-18T20:31:41.961+0000] {processor.py:914} INFO - Processing file /home/ubuntu/demo8/lib/python3.12/site-packages/airflow/example_dags/example_outlet_event_extra.py for tasks to queue
[2024-12-18T20:31:41.963+0000] {logging_mixin.py:190} INFO - [2024-12-18T20:31:41.963+0000] {dagbag.py:588} INFO - Filling up the DagBag from /home/ubuntu/demo8/lib/python3.12/site-packages/airflow/example_dags/example_outlet_event_extra.py
[2024-12-18T20:31:41.979+0000] {processor.py:925} INFO - DAG(s) 'dataset_with_extra_by_yield', 'dataset_with_extra_from_classic_operator', 'dataset_with_extra_by_context' retrieved from /home/ubuntu/demo8/lib/python3.12/site-packages/airflow/example_dags/example_outlet_event_extra.py
[2024-12-18T20:31:42.001+0000] {logging_mixin.py:190} INFO - [2024-12-18T20:31:42.000+0000] {dag.py:3239} INFO - Sync 3 DAGs
[2024-12-18T20:31:42.025+0000] {logging_mixin.py:190} INFO - [2024-12-18T20:31:42.025+0000] {dag.py:4180} INFO - Setting next_dagrun for dataset_with_extra_by_context to 2024-12-17 00:00:00+00:00, run_after=2024-12-18 00:00:00+00:00
[2024-12-18T20:31:42.030+0000] {logging_mixin.py:190} INFO - [2024-12-18T20:31:42.030+0000] {dag.py:4180} INFO - Setting next_dagrun for dataset_with_extra_by_yield to 2024-12-17 00:00:00+00:00, run_after=2024-12-18 00:00:00+00:00
[2024-12-18T20:31:42.032+0000] {logging_mixin.py:190} INFO - [2024-12-18T20:31:42.032+0000] {dag.py:4180} INFO - Setting next_dagrun for dataset_with_extra_from_classic_operator to 2024-12-17 00:00:00+00:00, run_after=2024-12-18 00:00:00+00:00
[2024-12-18T20:31:42.057+0000] {processor.py:208} INFO - Processing /home/ubuntu/demo8/lib/python3.12/site-packages/airflow/example_dags/example_outlet_event_extra.py took 0.103 seconds
[2024-12-18T20:32:37.729+0000] {processor.py:186} INFO - Started process (PID=3389) to work on /home/ubuntu/demo8/lib/python3.12/site-packages/airflow/example_dags/example_outlet_event_extra.py
[2024-12-18T20:32:37.732+0000] {processor.py:914} INFO - Processing file /home/ubuntu/demo8/lib/python3.12/site-packages/airflow/example_dags/example_outlet_event_extra.py for tasks to queue
[2024-12-18T20:32:37.737+0000] {logging_mixin.py:190} INFO - [2024-12-18T20:32:37.736+0000] {dagbag.py:588} INFO - Filling up the DagBag from /home/ubuntu/demo8/lib/python3.12/site-packages/airflow/example_dags/example_outlet_event_extra.py
[2024-12-18T20:32:37.769+0000] {processor.py:925} INFO - DAG(s) 'dataset_with_extra_from_classic_operator', 'dataset_with_extra_by_context', 'dataset_with_extra_by_yield' retrieved from /home/ubuntu/demo8/lib/python3.12/site-packages/airflow/example_dags/example_outlet_event_extra.py
[2024-12-18T20:32:37.813+0000] {logging_mixin.py:190} INFO - [2024-12-18T20:32:37.813+0000] {dag.py:3239} INFO - Sync 3 DAGs
[2024-12-18T20:32:37.863+0000] {logging_mixin.py:190} INFO - [2024-12-18T20:32:37.863+0000] {dag.py:4180} INFO - Setting next_dagrun for dataset_with_extra_by_context to 2024-12-17 00:00:00+00:00, run_after=2024-12-18 00:00:00+00:00
[2024-12-18T20:32:37.873+0000] {logging_mixin.py:190} INFO - [2024-12-18T20:32:37.873+0000] {dag.py:4180} INFO - Setting next_dagrun for dataset_with_extra_by_yield to 2024-12-17 00:00:00+00:00, run_after=2024-12-18 00:00:00+00:00
[2024-12-18T20:32:37.881+0000] {logging_mixin.py:190} INFO - [2024-12-18T20:32:37.881+0000] {dag.py:4180} INFO - Setting next_dagrun for dataset_with_extra_from_classic_operator to 2024-12-17 00:00:00+00:00, run_after=2024-12-18 00:00:00+00:00
[2024-12-18T20:32:37.929+0000] {processor.py:208} INFO - Processing /home/ubuntu/demo8/lib/python3.12/site-packages/airflow/example_dags/example_outlet_event_extra.py took 0.210 seconds
[2024-12-18T20:33:32.109+0000] {processor.py:186} INFO - Started process (PID=3524) to work on /home/ubuntu/demo8/lib/python3.12/site-packages/airflow/example_dags/example_outlet_event_extra.py
[2024-12-18T20:33:32.110+0000] {processor.py:914} INFO - Processing file /home/ubuntu/demo8/lib/python3.12/site-packages/airflow/example_dags/example_outlet_event_extra.py for tasks to queue
[2024-12-18T20:33:32.113+0000] {logging_mixin.py:190} INFO - [2024-12-18T20:33:32.113+0000] {dagbag.py:588} INFO - Filling up the DagBag from /home/ubuntu/demo8/lib/python3.12/site-packages/airflow/example_dags/example_outlet_event_extra.py
[2024-12-18T20:33:32.129+0000] {processor.py:925} INFO - DAG(s) 'dataset_with_extra_from_classic_operator', 'dataset_with_extra_by_yield', 'dataset_with_extra_by_context' retrieved from /home/ubuntu/demo8/lib/python3.12/site-packages/airflow/example_dags/example_outlet_event_extra.py
[2024-12-18T20:33:32.151+0000] {logging_mixin.py:190} INFO - [2024-12-18T20:33:32.151+0000] {dag.py:3239} INFO - Sync 3 DAGs
[2024-12-18T20:33:32.175+0000] {logging_mixin.py:190} INFO - [2024-12-18T20:33:32.175+0000] {dag.py:4180} INFO - Setting next_dagrun for dataset_with_extra_by_context to 2024-12-17 00:00:00+00:00, run_after=2024-12-18 00:00:00+00:00
[2024-12-18T20:33:32.180+0000] {logging_mixin.py:190} INFO - [2024-12-18T20:33:32.180+0000] {dag.py:4180} INFO - Setting next_dagrun for dataset_with_extra_by_yield to 2024-12-17 00:00:00+00:00, run_after=2024-12-18 00:00:00+00:00
[2024-12-18T20:33:32.183+0000] {logging_mixin.py:190} INFO - [2024-12-18T20:33:32.183+0000] {dag.py:4180} INFO - Setting next_dagrun for dataset_with_extra_from_classic_operator to 2024-12-17 00:00:00+00:00, run_after=2024-12-18 00:00:00+00:00
[2024-12-18T20:33:32.210+0000] {processor.py:208} INFO - Processing /home/ubuntu/demo8/lib/python3.12/site-packages/airflow/example_dags/example_outlet_event_extra.py took 0.108 seconds
[2024-12-18T20:34:41.470+0000] {processor.py:186} INFO - Started process (PID=3709) to work on /home/ubuntu/demo8/lib/python3.12/site-packages/airflow/example_dags/example_outlet_event_extra.py
[2024-12-18T20:34:41.471+0000] {processor.py:914} INFO - Processing file /home/ubuntu/demo8/lib/python3.12/site-packages/airflow/example_dags/example_outlet_event_extra.py for tasks to queue
[2024-12-18T20:34:41.474+0000] {logging_mixin.py:190} INFO - [2024-12-18T20:34:41.473+0000] {dagbag.py:588} INFO - Filling up the DagBag from /home/ubuntu/demo8/lib/python3.12/site-packages/airflow/example_dags/example_outlet_event_extra.py
[2024-12-18T20:34:41.612+0000] {processor.py:925} INFO - DAG(s) 'dataset_with_extra_from_classic_operator', 'dataset_with_extra_by_context', 'dataset_with_extra_by_yield' retrieved from /home/ubuntu/demo8/lib/python3.12/site-packages/airflow/example_dags/example_outlet_event_extra.py
[2024-12-18T20:34:41.629+0000] {logging_mixin.py:190} INFO - [2024-12-18T20:34:41.629+0000] {dag.py:3239} INFO - Sync 3 DAGs
[2024-12-18T20:34:41.649+0000] {logging_mixin.py:190} INFO - [2024-12-18T20:34:41.648+0000] {dag.py:4180} INFO - Setting next_dagrun for dataset_with_extra_by_context to 2024-12-17 00:00:00+00:00, run_after=2024-12-18 00:00:00+00:00
[2024-12-18T20:34:41.653+0000] {logging_mixin.py:190} INFO - [2024-12-18T20:34:41.653+0000] {dag.py:4180} INFO - Setting next_dagrun for dataset_with_extra_by_yield to 2024-12-17 00:00:00+00:00, run_after=2024-12-18 00:00:00+00:00
[2024-12-18T20:34:41.656+0000] {logging_mixin.py:190} INFO - [2024-12-18T20:34:41.656+0000] {dag.py:4180} INFO - Setting next_dagrun for dataset_with_extra_from_classic_operator to 2024-12-17 00:00:00+00:00, run_after=2024-12-18 00:00:00+00:00
[2024-12-18T20:34:41.679+0000] {processor.py:208} INFO - Processing /home/ubuntu/demo8/lib/python3.12/site-packages/airflow/example_dags/example_outlet_event_extra.py took 0.216 seconds
[2024-12-18T20:35:39.472+0000] {processor.py:186} INFO - Started process (PID=3833) to work on /home/ubuntu/demo8/lib/python3.12/site-packages/airflow/example_dags/example_outlet_event_extra.py
[2024-12-18T20:35:39.474+0000] {processor.py:914} INFO - Processing file /home/ubuntu/demo8/lib/python3.12/site-packages/airflow/example_dags/example_outlet_event_extra.py for tasks to queue
[2024-12-18T20:35:39.476+0000] {logging_mixin.py:190} INFO - [2024-12-18T20:35:39.476+0000] {dagbag.py:588} INFO - Filling up the DagBag from /home/ubuntu/demo8/lib/python3.12/site-packages/airflow/example_dags/example_outlet_event_extra.py
[2024-12-18T20:35:39.493+0000] {processor.py:925} INFO - DAG(s) 'dataset_with_extra_from_classic_operator', 'dataset_with_extra_by_context', 'dataset_with_extra_by_yield' retrieved from /home/ubuntu/demo8/lib/python3.12/site-packages/airflow/example_dags/example_outlet_event_extra.py
[2024-12-18T20:35:39.514+0000] {logging_mixin.py:190} INFO - [2024-12-18T20:35:39.514+0000] {dag.py:3239} INFO - Sync 3 DAGs
[2024-12-18T20:35:39.538+0000] {logging_mixin.py:190} INFO - [2024-12-18T20:35:39.538+0000] {dag.py:4180} INFO - Setting next_dagrun for dataset_with_extra_by_context to 2024-12-17 00:00:00+00:00, run_after=2024-12-18 00:00:00+00:00
[2024-12-18T20:35:39.543+0000] {logging_mixin.py:190} INFO - [2024-12-18T20:35:39.543+0000] {dag.py:4180} INFO - Setting next_dagrun for dataset_with_extra_by_yield to 2024-12-17 00:00:00+00:00, run_after=2024-12-18 00:00:00+00:00
[2024-12-18T20:35:39.546+0000] {logging_mixin.py:190} INFO - [2024-12-18T20:35:39.546+0000] {dag.py:4180} INFO - Setting next_dagrun for dataset_with_extra_from_classic_operator to 2024-12-17 00:00:00+00:00, run_after=2024-12-18 00:00:00+00:00
[2024-12-18T20:35:39.572+0000] {processor.py:208} INFO - Processing /home/ubuntu/demo8/lib/python3.12/site-packages/airflow/example_dags/example_outlet_event_extra.py took 0.106 seconds
[2024-12-18T20:36:37.427+0000] {processor.py:186} INFO - Started process (PID=3953) to work on /home/ubuntu/demo8/lib/python3.12/site-packages/airflow/example_dags/example_outlet_event_extra.py
[2024-12-18T20:36:37.429+0000] {processor.py:914} INFO - Processing file /home/ubuntu/demo8/lib/python3.12/site-packages/airflow/example_dags/example_outlet_event_extra.py for tasks to queue
[2024-12-18T20:36:37.431+0000] {logging_mixin.py:190} INFO - [2024-12-18T20:36:37.431+0000] {dagbag.py:588} INFO - Filling up the DagBag from /home/ubuntu/demo8/lib/python3.12/site-packages/airflow/example_dags/example_outlet_event_extra.py
[2024-12-18T20:36:37.448+0000] {processor.py:925} INFO - DAG(s) 'dataset_with_extra_by_context', 'dataset_with_extra_by_yield', 'dataset_with_extra_from_classic_operator' retrieved from /home/ubuntu/demo8/lib/python3.12/site-packages/airflow/example_dags/example_outlet_event_extra.py
[2024-12-18T20:36:37.470+0000] {logging_mixin.py:190} INFO - [2024-12-18T20:36:37.470+0000] {dag.py:3239} INFO - Sync 3 DAGs
[2024-12-18T20:36:37.495+0000] {logging_mixin.py:190} INFO - [2024-12-18T20:36:37.494+0000] {dag.py:4180} INFO - Setting next_dagrun for dataset_with_extra_by_context to 2024-12-17 00:00:00+00:00, run_after=2024-12-18 00:00:00+00:00
[2024-12-18T20:36:37.500+0000] {logging_mixin.py:190} INFO - [2024-12-18T20:36:37.499+0000] {dag.py:4180} INFO - Setting next_dagrun for dataset_with_extra_by_yield to 2024-12-17 00:00:00+00:00, run_after=2024-12-18 00:00:00+00:00
[2024-12-18T20:36:37.502+0000] {logging_mixin.py:190} INFO - [2024-12-18T20:36:37.502+0000] {dag.py:4180} INFO - Setting next_dagrun for dataset_with_extra_from_classic_operator to 2024-12-17 00:00:00+00:00, run_after=2024-12-18 00:00:00+00:00
[2024-12-18T20:36:37.531+0000] {processor.py:208} INFO - Processing /home/ubuntu/demo8/lib/python3.12/site-packages/airflow/example_dags/example_outlet_event_extra.py took 0.110 seconds
[2024-12-18T20:37:32.670+0000] {processor.py:186} INFO - Started process (PID=4072) to work on /home/ubuntu/demo8/lib/python3.12/site-packages/airflow/example_dags/example_outlet_event_extra.py
[2024-12-18T20:37:32.671+0000] {processor.py:914} INFO - Processing file /home/ubuntu/demo8/lib/python3.12/site-packages/airflow/example_dags/example_outlet_event_extra.py for tasks to queue
[2024-12-18T20:37:32.674+0000] {logging_mixin.py:190} INFO - [2024-12-18T20:37:32.673+0000] {dagbag.py:588} INFO - Filling up the DagBag from /home/ubuntu/demo8/lib/python3.12/site-packages/airflow/example_dags/example_outlet_event_extra.py
[2024-12-18T20:37:32.690+0000] {processor.py:925} INFO - DAG(s) 'dataset_with_extra_from_classic_operator', 'dataset_with_extra_by_yield', 'dataset_with_extra_by_context' retrieved from /home/ubuntu/demo8/lib/python3.12/site-packages/airflow/example_dags/example_outlet_event_extra.py
[2024-12-18T20:37:32.712+0000] {logging_mixin.py:190} INFO - [2024-12-18T20:37:32.711+0000] {dag.py:3239} INFO - Sync 3 DAGs
[2024-12-18T20:37:32.736+0000] {logging_mixin.py:190} INFO - [2024-12-18T20:37:32.736+0000] {dag.py:4180} INFO - Setting next_dagrun for dataset_with_extra_by_context to 2024-12-17 00:00:00+00:00, run_after=2024-12-18 00:00:00+00:00
[2024-12-18T20:37:32.741+0000] {logging_mixin.py:190} INFO - [2024-12-18T20:37:32.741+0000] {dag.py:4180} INFO - Setting next_dagrun for dataset_with_extra_by_yield to 2024-12-17 00:00:00+00:00, run_after=2024-12-18 00:00:00+00:00
[2024-12-18T20:37:32.744+0000] {logging_mixin.py:190} INFO - [2024-12-18T20:37:32.743+0000] {dag.py:4180} INFO - Setting next_dagrun for dataset_with_extra_from_classic_operator to 2024-12-17 00:00:00+00:00, run_after=2024-12-18 00:00:00+00:00
[2024-12-18T20:37:32.770+0000] {processor.py:208} INFO - Processing /home/ubuntu/demo8/lib/python3.12/site-packages/airflow/example_dags/example_outlet_event_extra.py took 0.106 seconds
[2024-12-18T20:38:28.073+0000] {processor.py:186} INFO - Started process (PID=4187) to work on /home/ubuntu/demo8/lib/python3.12/site-packages/airflow/example_dags/example_outlet_event_extra.py
[2024-12-18T20:38:28.077+0000] {processor.py:914} INFO - Processing file /home/ubuntu/demo8/lib/python3.12/site-packages/airflow/example_dags/example_outlet_event_extra.py for tasks to queue
[2024-12-18T20:38:28.083+0000] {logging_mixin.py:190} INFO - [2024-12-18T20:38:28.080+0000] {dagbag.py:588} INFO - Filling up the DagBag from /home/ubuntu/demo8/lib/python3.12/site-packages/airflow/example_dags/example_outlet_event_extra.py
[2024-12-18T20:38:28.109+0000] {processor.py:925} INFO - DAG(s) 'dataset_with_extra_by_yield', 'dataset_with_extra_from_classic_operator', 'dataset_with_extra_by_context' retrieved from /home/ubuntu/demo8/lib/python3.12/site-packages/airflow/example_dags/example_outlet_event_extra.py
[2024-12-18T20:38:28.132+0000] {logging_mixin.py:190} INFO - [2024-12-18T20:38:28.132+0000] {dag.py:3239} INFO - Sync 3 DAGs
[2024-12-18T20:38:28.159+0000] {logging_mixin.py:190} INFO - [2024-12-18T20:38:28.158+0000] {dag.py:4180} INFO - Setting next_dagrun for dataset_with_extra_by_context to 2024-12-17 00:00:00+00:00, run_after=2024-12-18 00:00:00+00:00
[2024-12-18T20:38:28.164+0000] {logging_mixin.py:190} INFO - [2024-12-18T20:38:28.164+0000] {dag.py:4180} INFO - Setting next_dagrun for dataset_with_extra_by_yield to 2024-12-17 00:00:00+00:00, run_after=2024-12-18 00:00:00+00:00
[2024-12-18T20:38:28.166+0000] {logging_mixin.py:190} INFO - [2024-12-18T20:38:28.166+0000] {dag.py:4180} INFO - Setting next_dagrun for dataset_with_extra_from_classic_operator to 2024-12-17 00:00:00+00:00, run_after=2024-12-18 00:00:00+00:00
[2024-12-18T20:38:28.193+0000] {processor.py:208} INFO - Processing /home/ubuntu/demo8/lib/python3.12/site-packages/airflow/example_dags/example_outlet_event_extra.py took 0.132 seconds
[2024-12-18T20:39:23.440+0000] {processor.py:186} INFO - Started process (PID=4366) to work on /home/ubuntu/demo8/lib/python3.12/site-packages/airflow/example_dags/example_outlet_event_extra.py
[2024-12-18T20:39:23.442+0000] {processor.py:914} INFO - Processing file /home/ubuntu/demo8/lib/python3.12/site-packages/airflow/example_dags/example_outlet_event_extra.py for tasks to queue
[2024-12-18T20:39:23.444+0000] {logging_mixin.py:190} INFO - [2024-12-18T20:39:23.444+0000] {dagbag.py:588} INFO - Filling up the DagBag from /home/ubuntu/demo8/lib/python3.12/site-packages/airflow/example_dags/example_outlet_event_extra.py
[2024-12-18T20:39:23.460+0000] {processor.py:925} INFO - DAG(s) 'dataset_with_extra_by_yield', 'dataset_with_extra_by_context', 'dataset_with_extra_from_classic_operator' retrieved from /home/ubuntu/demo8/lib/python3.12/site-packages/airflow/example_dags/example_outlet_event_extra.py
[2024-12-18T20:39:23.483+0000] {logging_mixin.py:190} INFO - [2024-12-18T20:39:23.482+0000] {dag.py:3239} INFO - Sync 3 DAGs
[2024-12-18T20:39:23.507+0000] {logging_mixin.py:190} INFO - [2024-12-18T20:39:23.507+0000] {dag.py:4180} INFO - Setting next_dagrun for dataset_with_extra_by_context to 2024-12-17 00:00:00+00:00, run_after=2024-12-18 00:00:00+00:00
[2024-12-18T20:39:23.512+0000] {logging_mixin.py:190} INFO - [2024-12-18T20:39:23.512+0000] {dag.py:4180} INFO - Setting next_dagrun for dataset_with_extra_by_yield to 2024-12-17 00:00:00+00:00, run_after=2024-12-18 00:00:00+00:00
[2024-12-18T20:39:23.515+0000] {logging_mixin.py:190} INFO - [2024-12-18T20:39:23.515+0000] {dag.py:4180} INFO - Setting next_dagrun for dataset_with_extra_from_classic_operator to 2024-12-17 00:00:00+00:00, run_after=2024-12-18 00:00:00+00:00
[2024-12-18T20:39:23.541+0000] {processor.py:208} INFO - Processing /home/ubuntu/demo8/lib/python3.12/site-packages/airflow/example_dags/example_outlet_event_extra.py took 0.107 seconds
[2024-12-18T20:40:21.270+0000] {processor.py:186} INFO - Started process (PID=4502) to work on /home/ubuntu/demo8/lib/python3.12/site-packages/airflow/example_dags/example_outlet_event_extra.py
[2024-12-18T20:40:21.272+0000] {processor.py:914} INFO - Processing file /home/ubuntu/demo8/lib/python3.12/site-packages/airflow/example_dags/example_outlet_event_extra.py for tasks to queue
[2024-12-18T20:40:21.274+0000] {logging_mixin.py:190} INFO - [2024-12-18T20:40:21.274+0000] {dagbag.py:588} INFO - Filling up the DagBag from /home/ubuntu/demo8/lib/python3.12/site-packages/airflow/example_dags/example_outlet_event_extra.py
[2024-12-18T20:40:21.290+0000] {processor.py:925} INFO - DAG(s) 'dataset_with_extra_from_classic_operator', 'dataset_with_extra_by_context', 'dataset_with_extra_by_yield' retrieved from /home/ubuntu/demo8/lib/python3.12/site-packages/airflow/example_dags/example_outlet_event_extra.py
[2024-12-18T20:40:21.312+0000] {logging_mixin.py:190} INFO - [2024-12-18T20:40:21.311+0000] {dag.py:3239} INFO - Sync 3 DAGs
[2024-12-18T20:40:21.336+0000] {logging_mixin.py:190} INFO - [2024-12-18T20:40:21.336+0000] {dag.py:4180} INFO - Setting next_dagrun for dataset_with_extra_by_context to 2024-12-17 00:00:00+00:00, run_after=2024-12-18 00:00:00+00:00
[2024-12-18T20:40:21.341+0000] {logging_mixin.py:190} INFO - [2024-12-18T20:40:21.341+0000] {dag.py:4180} INFO - Setting next_dagrun for dataset_with_extra_by_yield to 2024-12-17 00:00:00+00:00, run_after=2024-12-18 00:00:00+00:00
[2024-12-18T20:40:21.344+0000] {logging_mixin.py:190} INFO - [2024-12-18T20:40:21.344+0000] {dag.py:4180} INFO - Setting next_dagrun for dataset_with_extra_from_classic_operator to 2024-12-17 00:00:00+00:00, run_after=2024-12-18 00:00:00+00:00
[2024-12-18T20:40:21.370+0000] {processor.py:208} INFO - Processing /home/ubuntu/demo8/lib/python3.12/site-packages/airflow/example_dags/example_outlet_event_extra.py took 0.106 seconds
[2024-12-18T20:41:16.048+0000] {processor.py:186} INFO - Started process (PID=4559) to work on /home/ubuntu/demo8/lib/python3.12/site-packages/airflow/example_dags/example_outlet_event_extra.py
[2024-12-18T20:41:16.050+0000] {processor.py:914} INFO - Processing file /home/ubuntu/demo8/lib/python3.12/site-packages/airflow/example_dags/example_outlet_event_extra.py for tasks to queue
[2024-12-18T20:41:16.052+0000] {logging_mixin.py:190} INFO - [2024-12-18T20:41:16.052+0000] {dagbag.py:588} INFO - Filling up the DagBag from /home/ubuntu/demo8/lib/python3.12/site-packages/airflow/example_dags/example_outlet_event_extra.py
[2024-12-18T20:41:16.069+0000] {processor.py:925} INFO - DAG(s) 'dataset_with_extra_by_yield', 'dataset_with_extra_from_classic_operator', 'dataset_with_extra_by_context' retrieved from /home/ubuntu/demo8/lib/python3.12/site-packages/airflow/example_dags/example_outlet_event_extra.py
[2024-12-18T20:41:16.091+0000] {logging_mixin.py:190} INFO - [2024-12-18T20:41:16.091+0000] {dag.py:3239} INFO - Sync 3 DAGs
[2024-12-18T20:41:16.115+0000] {logging_mixin.py:190} INFO - [2024-12-18T20:41:16.114+0000] {dag.py:4180} INFO - Setting next_dagrun for dataset_with_extra_by_context to 2024-12-17 00:00:00+00:00, run_after=2024-12-18 00:00:00+00:00
[2024-12-18T20:41:16.119+0000] {logging_mixin.py:190} INFO - [2024-12-18T20:41:16.119+0000] {dag.py:4180} INFO - Setting next_dagrun for dataset_with_extra_by_yield to 2024-12-17 00:00:00+00:00, run_after=2024-12-18 00:00:00+00:00
[2024-12-18T20:41:16.122+0000] {logging_mixin.py:190} INFO - [2024-12-18T20:41:16.122+0000] {dag.py:4180} INFO - Setting next_dagrun for dataset_with_extra_from_classic_operator to 2024-12-17 00:00:00+00:00, run_after=2024-12-18 00:00:00+00:00
[2024-12-18T20:41:16.147+0000] {processor.py:208} INFO - Processing /home/ubuntu/demo8/lib/python3.12/site-packages/airflow/example_dags/example_outlet_event_extra.py took 0.105 seconds
[2024-12-18T20:42:10.118+0000] {processor.py:186} INFO - Started process (PID=4678) to work on /home/ubuntu/demo8/lib/python3.12/site-packages/airflow/example_dags/example_outlet_event_extra.py
[2024-12-18T20:42:10.122+0000] {processor.py:914} INFO - Processing file /home/ubuntu/demo8/lib/python3.12/site-packages/airflow/example_dags/example_outlet_event_extra.py for tasks to queue
[2024-12-18T20:42:10.126+0000] {logging_mixin.py:190} INFO - [2024-12-18T20:42:10.125+0000] {dagbag.py:588} INFO - Filling up the DagBag from /home/ubuntu/demo8/lib/python3.12/site-packages/airflow/example_dags/example_outlet_event_extra.py
[2024-12-18T20:42:10.143+0000] {processor.py:925} INFO - DAG(s) 'dataset_with_extra_by_yield', 'dataset_with_extra_by_context', 'dataset_with_extra_from_classic_operator' retrieved from /home/ubuntu/demo8/lib/python3.12/site-packages/airflow/example_dags/example_outlet_event_extra.py
[2024-12-18T20:42:10.165+0000] {logging_mixin.py:190} INFO - [2024-12-18T20:42:10.165+0000] {dag.py:3239} INFO - Sync 3 DAGs
[2024-12-18T20:42:10.189+0000] {logging_mixin.py:190} INFO - [2024-12-18T20:42:10.189+0000] {dag.py:4180} INFO - Setting next_dagrun for dataset_with_extra_by_context to 2024-12-17 00:00:00+00:00, run_after=2024-12-18 00:00:00+00:00
[2024-12-18T20:42:10.194+0000] {logging_mixin.py:190} INFO - [2024-12-18T20:42:10.194+0000] {dag.py:4180} INFO - Setting next_dagrun for dataset_with_extra_by_yield to 2024-12-17 00:00:00+00:00, run_after=2024-12-18 00:00:00+00:00
[2024-12-18T20:42:10.196+0000] {logging_mixin.py:190} INFO - [2024-12-18T20:42:10.196+0000] {dag.py:4180} INFO - Setting next_dagrun for dataset_with_extra_from_classic_operator to 2024-12-17 00:00:00+00:00, run_after=2024-12-18 00:00:00+00:00
[2024-12-18T20:42:10.221+0000] {processor.py:208} INFO - Processing /home/ubuntu/demo8/lib/python3.12/site-packages/airflow/example_dags/example_outlet_event_extra.py took 0.115 seconds
[2024-12-18T20:43:06.338+0000] {processor.py:186} INFO - Started process (PID=4794) to work on /home/ubuntu/demo8/lib/python3.12/site-packages/airflow/example_dags/example_outlet_event_extra.py
[2024-12-18T20:43:06.339+0000] {processor.py:914} INFO - Processing file /home/ubuntu/demo8/lib/python3.12/site-packages/airflow/example_dags/example_outlet_event_extra.py for tasks to queue
[2024-12-18T20:43:06.342+0000] {logging_mixin.py:190} INFO - [2024-12-18T20:43:06.341+0000] {dagbag.py:588} INFO - Filling up the DagBag from /home/ubuntu/demo8/lib/python3.12/site-packages/airflow/example_dags/example_outlet_event_extra.py
[2024-12-18T20:43:06.367+0000] {processor.py:925} INFO - DAG(s) 'dataset_with_extra_from_classic_operator', 'dataset_with_extra_by_yield', 'dataset_with_extra_by_context' retrieved from /home/ubuntu/demo8/lib/python3.12/site-packages/airflow/example_dags/example_outlet_event_extra.py
[2024-12-18T20:43:06.390+0000] {logging_mixin.py:190} INFO - [2024-12-18T20:43:06.390+0000] {dag.py:3239} INFO - Sync 3 DAGs
[2024-12-18T20:43:06.415+0000] {logging_mixin.py:190} INFO - [2024-12-18T20:43:06.415+0000] {dag.py:4180} INFO - Setting next_dagrun for dataset_with_extra_by_context to 2024-12-17 00:00:00+00:00, run_after=2024-12-18 00:00:00+00:00
[2024-12-18T20:43:06.421+0000] {logging_mixin.py:190} INFO - [2024-12-18T20:43:06.420+0000] {dag.py:4180} INFO - Setting next_dagrun for dataset_with_extra_by_yield to 2024-12-17 00:00:00+00:00, run_after=2024-12-18 00:00:00+00:00
[2024-12-18T20:43:06.423+0000] {logging_mixin.py:190} INFO - [2024-12-18T20:43:06.423+0000] {dag.py:4180} INFO - Setting next_dagrun for dataset_with_extra_from_classic_operator to 2024-12-17 00:00:00+00:00, run_after=2024-12-18 00:00:00+00:00
[2024-12-18T20:43:06.448+0000] {processor.py:208} INFO - Processing /home/ubuntu/demo8/lib/python3.12/site-packages/airflow/example_dags/example_outlet_event_extra.py took 0.117 seconds
[2024-12-18T20:43:58.288+0000] {processor.py:186} INFO - Started process (PID=4909) to work on /home/ubuntu/demo8/lib/python3.12/site-packages/airflow/example_dags/example_outlet_event_extra.py
[2024-12-18T20:43:58.289+0000] {processor.py:914} INFO - Processing file /home/ubuntu/demo8/lib/python3.12/site-packages/airflow/example_dags/example_outlet_event_extra.py for tasks to queue
[2024-12-18T20:43:58.292+0000] {logging_mixin.py:190} INFO - [2024-12-18T20:43:58.292+0000] {dagbag.py:588} INFO - Filling up the DagBag from /home/ubuntu/demo8/lib/python3.12/site-packages/airflow/example_dags/example_outlet_event_extra.py
[2024-12-18T20:43:58.308+0000] {processor.py:925} INFO - DAG(s) 'dataset_with_extra_by_yield', 'dataset_with_extra_from_classic_operator', 'dataset_with_extra_by_context' retrieved from /home/ubuntu/demo8/lib/python3.12/site-packages/airflow/example_dags/example_outlet_event_extra.py
[2024-12-18T20:43:58.330+0000] {logging_mixin.py:190} INFO - [2024-12-18T20:43:58.330+0000] {dag.py:3239} INFO - Sync 3 DAGs
[2024-12-18T20:43:58.354+0000] {logging_mixin.py:190} INFO - [2024-12-18T20:43:58.354+0000] {dag.py:4180} INFO - Setting next_dagrun for dataset_with_extra_by_context to 2024-12-17 00:00:00+00:00, run_after=2024-12-18 00:00:00+00:00
[2024-12-18T20:43:58.359+0000] {logging_mixin.py:190} INFO - [2024-12-18T20:43:58.359+0000] {dag.py:4180} INFO - Setting next_dagrun for dataset_with_extra_by_yield to 2024-12-17 00:00:00+00:00, run_after=2024-12-18 00:00:00+00:00
[2024-12-18T20:43:58.361+0000] {logging_mixin.py:190} INFO - [2024-12-18T20:43:58.361+0000] {dag.py:4180} INFO - Setting next_dagrun for dataset_with_extra_from_classic_operator to 2024-12-17 00:00:00+00:00, run_after=2024-12-18 00:00:00+00:00
[2024-12-18T20:43:58.388+0000] {processor.py:208} INFO - Processing /home/ubuntu/demo8/lib/python3.12/site-packages/airflow/example_dags/example_outlet_event_extra.py took 0.107 seconds
[2024-12-18T20:44:52.085+0000] {processor.py:186} INFO - Started process (PID=5087) to work on /home/ubuntu/demo8/lib/python3.12/site-packages/airflow/example_dags/example_outlet_event_extra.py
[2024-12-18T20:44:52.087+0000] {processor.py:914} INFO - Processing file /home/ubuntu/demo8/lib/python3.12/site-packages/airflow/example_dags/example_outlet_event_extra.py for tasks to queue
[2024-12-18T20:44:52.089+0000] {logging_mixin.py:190} INFO - [2024-12-18T20:44:52.089+0000] {dagbag.py:588} INFO - Filling up the DagBag from /home/ubuntu/demo8/lib/python3.12/site-packages/airflow/example_dags/example_outlet_event_extra.py
[2024-12-18T20:44:52.106+0000] {processor.py:925} INFO - DAG(s) 'dataset_with_extra_by_yield', 'dataset_with_extra_by_context', 'dataset_with_extra_from_classic_operator' retrieved from /home/ubuntu/demo8/lib/python3.12/site-packages/airflow/example_dags/example_outlet_event_extra.py
[2024-12-18T20:44:52.128+0000] {logging_mixin.py:190} INFO - [2024-12-18T20:44:52.128+0000] {dag.py:3239} INFO - Sync 3 DAGs
[2024-12-18T20:44:52.152+0000] {logging_mixin.py:190} INFO - [2024-12-18T20:44:52.152+0000] {dag.py:4180} INFO - Setting next_dagrun for dataset_with_extra_by_context to 2024-12-17 00:00:00+00:00, run_after=2024-12-18 00:00:00+00:00
[2024-12-18T20:44:52.157+0000] {logging_mixin.py:190} INFO - [2024-12-18T20:44:52.157+0000] {dag.py:4180} INFO - Setting next_dagrun for dataset_with_extra_by_yield to 2024-12-17 00:00:00+00:00, run_after=2024-12-18 00:00:00+00:00
[2024-12-18T20:44:52.160+0000] {logging_mixin.py:190} INFO - [2024-12-18T20:44:52.160+0000] {dag.py:4180} INFO - Setting next_dagrun for dataset_with_extra_from_classic_operator to 2024-12-17 00:00:00+00:00, run_after=2024-12-18 00:00:00+00:00
[2024-12-18T20:44:52.186+0000] {processor.py:208} INFO - Processing /home/ubuntu/demo8/lib/python3.12/site-packages/airflow/example_dags/example_outlet_event_extra.py took 0.107 seconds
[2024-12-18T20:45:46.468+0000] {processor.py:186} INFO - Started process (PID=5209) to work on /home/ubuntu/demo8/lib/python3.12/site-packages/airflow/example_dags/example_outlet_event_extra.py
[2024-12-18T20:45:46.470+0000] {processor.py:914} INFO - Processing file /home/ubuntu/demo8/lib/python3.12/site-packages/airflow/example_dags/example_outlet_event_extra.py for tasks to queue
[2024-12-18T20:45:46.472+0000] {logging_mixin.py:190} INFO - [2024-12-18T20:45:46.471+0000] {dagbag.py:588} INFO - Filling up the DagBag from /home/ubuntu/demo8/lib/python3.12/site-packages/airflow/example_dags/example_outlet_event_extra.py
[2024-12-18T20:45:46.489+0000] {processor.py:925} INFO - DAG(s) 'dataset_with_extra_by_yield', 'dataset_with_extra_from_classic_operator', 'dataset_with_extra_by_context' retrieved from /home/ubuntu/demo8/lib/python3.12/site-packages/airflow/example_dags/example_outlet_event_extra.py
[2024-12-18T20:45:46.510+0000] {logging_mixin.py:190} INFO - [2024-12-18T20:45:46.510+0000] {dag.py:3239} INFO - Sync 3 DAGs
[2024-12-18T20:45:46.534+0000] {logging_mixin.py:190} INFO - [2024-12-18T20:45:46.534+0000] {dag.py:4180} INFO - Setting next_dagrun for dataset_with_extra_by_context to 2024-12-17 00:00:00+00:00, run_after=2024-12-18 00:00:00+00:00
[2024-12-18T20:45:46.539+0000] {logging_mixin.py:190} INFO - [2024-12-18T20:45:46.539+0000] {dag.py:4180} INFO - Setting next_dagrun for dataset_with_extra_by_yield to 2024-12-17 00:00:00+00:00, run_after=2024-12-18 00:00:00+00:00
[2024-12-18T20:45:46.542+0000] {logging_mixin.py:190} INFO - [2024-12-18T20:45:46.542+0000] {dag.py:4180} INFO - Setting next_dagrun for dataset_with_extra_from_classic_operator to 2024-12-17 00:00:00+00:00, run_after=2024-12-18 00:00:00+00:00
[2024-12-18T20:45:46.567+0000] {processor.py:208} INFO - Processing /home/ubuntu/demo8/lib/python3.12/site-packages/airflow/example_dags/example_outlet_event_extra.py took 0.105 seconds
[2024-12-18T20:47:25.840+0000] {processor.py:186} INFO - Started process (PID=5834) to work on /home/ubuntu/demo8/lib/python3.12/site-packages/airflow/example_dags/example_outlet_event_extra.py
[2024-12-18T20:47:25.843+0000] {processor.py:914} INFO - Processing file /home/ubuntu/demo8/lib/python3.12/site-packages/airflow/example_dags/example_outlet_event_extra.py for tasks to queue
[2024-12-18T20:47:25.847+0000] {logging_mixin.py:190} INFO - [2024-12-18T20:47:25.846+0000] {dagbag.py:588} INFO - Filling up the DagBag from /home/ubuntu/demo8/lib/python3.12/site-packages/airflow/example_dags/example_outlet_event_extra.py
[2024-12-18T20:47:25.864+0000] {processor.py:925} INFO - DAG(s) 'dataset_with_extra_from_classic_operator', 'dataset_with_extra_by_yield', 'dataset_with_extra_by_context' retrieved from /home/ubuntu/demo8/lib/python3.12/site-packages/airflow/example_dags/example_outlet_event_extra.py
[2024-12-18T20:47:25.890+0000] {logging_mixin.py:190} INFO - [2024-12-18T20:47:25.890+0000] {dag.py:3239} INFO - Sync 3 DAGs
[2024-12-18T20:47:25.915+0000] {logging_mixin.py:190} INFO - [2024-12-18T20:47:25.914+0000] {dag.py:4180} INFO - Setting next_dagrun for dataset_with_extra_by_context to 2024-12-17 00:00:00+00:00, run_after=2024-12-18 00:00:00+00:00
[2024-12-18T20:47:25.921+0000] {logging_mixin.py:190} INFO - [2024-12-18T20:47:25.921+0000] {dag.py:4180} INFO - Setting next_dagrun for dataset_with_extra_by_yield to 2024-12-17 00:00:00+00:00, run_after=2024-12-18 00:00:00+00:00
[2024-12-18T20:47:25.924+0000] {logging_mixin.py:190} INFO - [2024-12-18T20:47:25.923+0000] {dag.py:4180} INFO - Setting next_dagrun for dataset_with_extra_from_classic_operator to 2024-12-17 00:00:00+00:00, run_after=2024-12-18 00:00:00+00:00
[2024-12-18T20:47:25.949+0000] {processor.py:208} INFO - Processing /home/ubuntu/demo8/lib/python3.12/site-packages/airflow/example_dags/example_outlet_event_extra.py took 0.121 seconds
[2024-12-18T20:48:24.655+0000] {processor.py:186} INFO - Started process (PID=6017) to work on /home/ubuntu/demo8/lib/python3.12/site-packages/airflow/example_dags/example_outlet_event_extra.py
[2024-12-18T20:48:24.658+0000] {processor.py:914} INFO - Processing file /home/ubuntu/demo8/lib/python3.12/site-packages/airflow/example_dags/example_outlet_event_extra.py for tasks to queue
[2024-12-18T20:48:24.662+0000] {logging_mixin.py:190} INFO - [2024-12-18T20:48:24.662+0000] {dagbag.py:588} INFO - Filling up the DagBag from /home/ubuntu/demo8/lib/python3.12/site-packages/airflow/example_dags/example_outlet_event_extra.py
[2024-12-18T20:48:24.697+0000] {processor.py:925} INFO - DAG(s) 'dataset_with_extra_from_classic_operator', 'dataset_with_extra_by_yield', 'dataset_with_extra_by_context' retrieved from /home/ubuntu/demo8/lib/python3.12/site-packages/airflow/example_dags/example_outlet_event_extra.py
[2024-12-18T20:48:24.754+0000] {logging_mixin.py:190} INFO - [2024-12-18T20:48:24.754+0000] {dag.py:3239} INFO - Sync 3 DAGs
[2024-12-18T20:48:24.825+0000] {logging_mixin.py:190} INFO - [2024-12-18T20:48:24.823+0000] {dag.py:4180} INFO - Setting next_dagrun for dataset_with_extra_by_context to 2024-12-17 00:00:00+00:00, run_after=2024-12-18 00:00:00+00:00
[2024-12-18T20:48:24.843+0000] {logging_mixin.py:190} INFO - [2024-12-18T20:48:24.841+0000] {dag.py:4180} INFO - Setting next_dagrun for dataset_with_extra_by_yield to 2024-12-17 00:00:00+00:00, run_after=2024-12-18 00:00:00+00:00
[2024-12-18T20:48:24.847+0000] {logging_mixin.py:190} INFO - [2024-12-18T20:48:24.847+0000] {dag.py:4180} INFO - Setting next_dagrun for dataset_with_extra_from_classic_operator to 2024-12-17 00:00:00+00:00, run_after=2024-12-18 00:00:00+00:00
[2024-12-18T20:48:24.884+0000] {processor.py:208} INFO - Processing /home/ubuntu/demo8/lib/python3.12/site-packages/airflow/example_dags/example_outlet_event_extra.py took 0.239 seconds
[2024-12-18T20:49:21.195+0000] {processor.py:186} INFO - Started process (PID=6435) to work on /home/ubuntu/demo8/lib/python3.12/site-packages/airflow/example_dags/example_outlet_event_extra.py
[2024-12-18T20:49:21.197+0000] {processor.py:914} INFO - Processing file /home/ubuntu/demo8/lib/python3.12/site-packages/airflow/example_dags/example_outlet_event_extra.py for tasks to queue
[2024-12-18T20:49:21.199+0000] {logging_mixin.py:190} INFO - [2024-12-18T20:49:21.199+0000] {dagbag.py:588} INFO - Filling up the DagBag from /home/ubuntu/demo8/lib/python3.12/site-packages/airflow/example_dags/example_outlet_event_extra.py
[2024-12-18T20:49:21.215+0000] {processor.py:925} INFO - DAG(s) 'dataset_with_extra_by_yield', 'dataset_with_extra_by_context', 'dataset_with_extra_from_classic_operator' retrieved from /home/ubuntu/demo8/lib/python3.12/site-packages/airflow/example_dags/example_outlet_event_extra.py
[2024-12-18T20:49:21.237+0000] {logging_mixin.py:190} INFO - [2024-12-18T20:49:21.237+0000] {dag.py:3239} INFO - Sync 3 DAGs
[2024-12-18T20:49:21.261+0000] {logging_mixin.py:190} INFO - [2024-12-18T20:49:21.261+0000] {dag.py:4180} INFO - Setting next_dagrun for dataset_with_extra_by_context to 2024-12-17 00:00:00+00:00, run_after=2024-12-18 00:00:00+00:00
[2024-12-18T20:49:21.266+0000] {logging_mixin.py:190} INFO - [2024-12-18T20:49:21.266+0000] {dag.py:4180} INFO - Setting next_dagrun for dataset_with_extra_by_yield to 2024-12-17 00:00:00+00:00, run_after=2024-12-18 00:00:00+00:00
[2024-12-18T20:49:21.268+0000] {logging_mixin.py:190} INFO - [2024-12-18T20:49:21.268+0000] {dag.py:4180} INFO - Setting next_dagrun for dataset_with_extra_from_classic_operator to 2024-12-17 00:00:00+00:00, run_after=2024-12-18 00:00:00+00:00
[2024-12-18T20:49:21.295+0000] {processor.py:208} INFO - Processing /home/ubuntu/demo8/lib/python3.12/site-packages/airflow/example_dags/example_outlet_event_extra.py took 0.106 seconds
[2024-12-18T20:50:19.762+0000] {processor.py:186} INFO - Started process (PID=6737) to work on /home/ubuntu/demo8/lib/python3.12/site-packages/airflow/example_dags/example_outlet_event_extra.py
[2024-12-18T20:50:19.763+0000] {processor.py:914} INFO - Processing file /home/ubuntu/demo8/lib/python3.12/site-packages/airflow/example_dags/example_outlet_event_extra.py for tasks to queue
[2024-12-18T20:50:19.766+0000] {logging_mixin.py:190} INFO - [2024-12-18T20:50:19.766+0000] {dagbag.py:588} INFO - Filling up the DagBag from /home/ubuntu/demo8/lib/python3.12/site-packages/airflow/example_dags/example_outlet_event_extra.py
[2024-12-18T20:50:19.783+0000] {processor.py:925} INFO - DAG(s) 'dataset_with_extra_by_context', 'dataset_with_extra_by_yield', 'dataset_with_extra_from_classic_operator' retrieved from /home/ubuntu/demo8/lib/python3.12/site-packages/airflow/example_dags/example_outlet_event_extra.py
[2024-12-18T20:50:19.805+0000] {logging_mixin.py:190} INFO - [2024-12-18T20:50:19.805+0000] {dag.py:3239} INFO - Sync 3 DAGs
[2024-12-18T20:50:19.830+0000] {logging_mixin.py:190} INFO - [2024-12-18T20:50:19.829+0000] {dag.py:4180} INFO - Setting next_dagrun for dataset_with_extra_by_context to 2024-12-17 00:00:00+00:00, run_after=2024-12-18 00:00:00+00:00
[2024-12-18T20:50:19.835+0000] {logging_mixin.py:190} INFO - [2024-12-18T20:50:19.835+0000] {dag.py:4180} INFO - Setting next_dagrun for dataset_with_extra_by_yield to 2024-12-17 00:00:00+00:00, run_after=2024-12-18 00:00:00+00:00
[2024-12-18T20:50:19.838+0000] {logging_mixin.py:190} INFO - [2024-12-18T20:50:19.837+0000] {dag.py:4180} INFO - Setting next_dagrun for dataset_with_extra_from_classic_operator to 2024-12-17 00:00:00+00:00, run_after=2024-12-18 00:00:00+00:00
[2024-12-18T20:50:19.864+0000] {processor.py:208} INFO - Processing /home/ubuntu/demo8/lib/python3.12/site-packages/airflow/example_dags/example_outlet_event_extra.py took 0.108 seconds
[2024-12-18T20:51:14.675+0000] {processor.py:186} INFO - Started process (PID=6963) to work on /home/ubuntu/demo8/lib/python3.12/site-packages/airflow/example_dags/example_outlet_event_extra.py
[2024-12-18T20:51:14.676+0000] {processor.py:914} INFO - Processing file /home/ubuntu/demo8/lib/python3.12/site-packages/airflow/example_dags/example_outlet_event_extra.py for tasks to queue
[2024-12-18T20:51:14.679+0000] {logging_mixin.py:190} INFO - [2024-12-18T20:51:14.678+0000] {dagbag.py:588} INFO - Filling up the DagBag from /home/ubuntu/demo8/lib/python3.12/site-packages/airflow/example_dags/example_outlet_event_extra.py
[2024-12-18T20:51:14.695+0000] {processor.py:925} INFO - DAG(s) 'dataset_with_extra_from_classic_operator', 'dataset_with_extra_by_yield', 'dataset_with_extra_by_context' retrieved from /home/ubuntu/demo8/lib/python3.12/site-packages/airflow/example_dags/example_outlet_event_extra.py
[2024-12-18T20:51:14.717+0000] {logging_mixin.py:190} INFO - [2024-12-18T20:51:14.717+0000] {dag.py:3239} INFO - Sync 3 DAGs
[2024-12-18T20:51:14.742+0000] {logging_mixin.py:190} INFO - [2024-12-18T20:51:14.741+0000] {dag.py:4180} INFO - Setting next_dagrun for dataset_with_extra_by_context to 2024-12-17 00:00:00+00:00, run_after=2024-12-18 00:00:00+00:00
[2024-12-18T20:51:14.747+0000] {logging_mixin.py:190} INFO - [2024-12-18T20:51:14.747+0000] {dag.py:4180} INFO - Setting next_dagrun for dataset_with_extra_by_yield to 2024-12-17 00:00:00+00:00, run_after=2024-12-18 00:00:00+00:00
[2024-12-18T20:51:14.749+0000] {logging_mixin.py:190} INFO - [2024-12-18T20:51:14.749+0000] {dag.py:4180} INFO - Setting next_dagrun for dataset_with_extra_from_classic_operator to 2024-12-17 00:00:00+00:00, run_after=2024-12-18 00:00:00+00:00
[2024-12-18T20:51:14.775+0000] {processor.py:208} INFO - Processing /home/ubuntu/demo8/lib/python3.12/site-packages/airflow/example_dags/example_outlet_event_extra.py took 0.106 seconds
