[2024-12-18T15:44:42.927+0000] {processor.py:186} INFO - Started process (PID=3666) to work on /home/ubuntu/demo8/lib/python3.12/site-packages/airflow/example_dags/example_params_trigger_ui.py
[2024-12-18T15:44:42.928+0000] {processor.py:914} INFO - Processing file /home/ubuntu/demo8/lib/python3.12/site-packages/airflow/example_dags/example_params_trigger_ui.py for tasks to queue
[2024-12-18T15:44:42.930+0000] {logging_mixin.py:190} INFO - [2024-12-18T15:44:42.929+0000] {dagbag.py:588} INFO - Filling up the DagBag from /home/ubuntu/demo8/lib/python3.12/site-packages/airflow/example_dags/example_params_trigger_ui.py
[2024-12-18T15:44:42.943+0000] {processor.py:925} INFO - DAG(s) 'example_params_trigger_ui' retrieved from /home/ubuntu/demo8/lib/python3.12/site-packages/airflow/example_dags/example_params_trigger_ui.py
[2024-12-18T15:44:43.118+0000] {logging_mixin.py:190} INFO - [2024-12-18T15:44:43.117+0000] {override.py:1911} INFO - Created Permission View: can read on DAG:example_params_trigger_ui
[2024-12-18T15:44:43.132+0000] {logging_mixin.py:190} INFO - [2024-12-18T15:44:43.132+0000] {override.py:1911} INFO - Created Permission View: can delete on DAG:example_params_trigger_ui
[2024-12-18T15:44:43.143+0000] {logging_mixin.py:190} INFO - [2024-12-18T15:44:43.143+0000] {override.py:1911} INFO - Created Permission View: can edit on DAG:example_params_trigger_ui
[2024-12-18T15:44:43.157+0000] {logging_mixin.py:190} INFO - [2024-12-18T15:44:43.157+0000] {override.py:1911} INFO - Created Permission View: can create on DAG Run:example_params_trigger_ui
[2024-12-18T15:44:43.167+0000] {logging_mixin.py:190} INFO - [2024-12-18T15:44:43.166+0000] {override.py:1911} INFO - Created Permission View: can read on DAG Run:example_params_trigger_ui
[2024-12-18T15:44:43.176+0000] {logging_mixin.py:190} INFO - [2024-12-18T15:44:43.175+0000] {override.py:1911} INFO - Created Permission View: menu access on DAG Run:example_params_trigger_ui
[2024-12-18T15:44:43.185+0000] {logging_mixin.py:190} INFO - [2024-12-18T15:44:43.185+0000] {override.py:1911} INFO - Created Permission View: can delete on DAG Run:example_params_trigger_ui
[2024-12-18T15:44:43.185+0000] {logging_mixin.py:190} INFO - [2024-12-18T15:44:43.185+0000] {dag.py:3239} INFO - Sync 1 DAGs
[2024-12-18T15:44:43.198+0000] {logging_mixin.py:190} INFO - [2024-12-18T15:44:43.198+0000] {dag.py:3262} INFO - Creating ORM DAG for example_params_trigger_ui
[2024-12-18T15:44:43.199+0000] {logging_mixin.py:190} INFO - [2024-12-18T15:44:43.198+0000] {dag.py:4180} INFO - Setting next_dagrun for example_params_trigger_ui to None, run_after=None
[2024-12-18T15:44:43.219+0000] {processor.py:208} INFO - Processing /home/ubuntu/demo8/lib/python3.12/site-packages/airflow/example_dags/example_params_trigger_ui.py took 0.299 seconds
[2024-12-18T15:45:48.017+0000] {processor.py:186} INFO - Started process (PID=3764) to work on /home/ubuntu/demo8/lib/python3.12/site-packages/airflow/example_dags/example_params_trigger_ui.py
[2024-12-18T15:45:48.018+0000] {processor.py:914} INFO - Processing file /home/ubuntu/demo8/lib/python3.12/site-packages/airflow/example_dags/example_params_trigger_ui.py for tasks to queue
[2024-12-18T15:45:48.021+0000] {logging_mixin.py:190} INFO - [2024-12-18T15:45:48.020+0000] {dagbag.py:588} INFO - Filling up the DagBag from /home/ubuntu/demo8/lib/python3.12/site-packages/airflow/example_dags/example_params_trigger_ui.py
[2024-12-18T15:45:48.033+0000] {processor.py:925} INFO - DAG(s) 'example_params_trigger_ui' retrieved from /home/ubuntu/demo8/lib/python3.12/site-packages/airflow/example_dags/example_params_trigger_ui.py
[2024-12-18T15:45:48.077+0000] {logging_mixin.py:190} INFO - [2024-12-18T15:45:48.076+0000] {dag.py:3239} INFO - Sync 1 DAGs
[2024-12-18T15:45:48.091+0000] {logging_mixin.py:190} INFO - [2024-12-18T15:45:48.091+0000] {dag.py:4180} INFO - Setting next_dagrun for example_params_trigger_ui to None, run_after=None
[2024-12-18T15:45:48.114+0000] {processor.py:208} INFO - Processing /home/ubuntu/demo8/lib/python3.12/site-packages/airflow/example_dags/example_params_trigger_ui.py took 0.103 seconds
[2024-12-18T15:46:49.545+0000] {processor.py:186} INFO - Started process (PID=4092) to work on /home/ubuntu/demo8/lib/python3.12/site-packages/airflow/example_dags/example_params_trigger_ui.py
[2024-12-18T15:46:49.547+0000] {processor.py:914} INFO - Processing file /home/ubuntu/demo8/lib/python3.12/site-packages/airflow/example_dags/example_params_trigger_ui.py for tasks to queue
[2024-12-18T15:46:49.551+0000] {logging_mixin.py:190} INFO - [2024-12-18T15:46:49.551+0000] {dagbag.py:588} INFO - Filling up the DagBag from /home/ubuntu/demo8/lib/python3.12/site-packages/airflow/example_dags/example_params_trigger_ui.py
[2024-12-18T15:46:49.578+0000] {processor.py:925} INFO - DAG(s) 'example_params_trigger_ui' retrieved from /home/ubuntu/demo8/lib/python3.12/site-packages/airflow/example_dags/example_params_trigger_ui.py
[2024-12-18T15:46:49.672+0000] {logging_mixin.py:190} INFO - [2024-12-18T15:46:49.672+0000] {dag.py:3239} INFO - Sync 1 DAGs
[2024-12-18T15:46:49.704+0000] {logging_mixin.py:190} INFO - [2024-12-18T15:46:49.704+0000] {dag.py:4180} INFO - Setting next_dagrun for example_params_trigger_ui to None, run_after=None
[2024-12-18T15:46:49.747+0000] {processor.py:208} INFO - Processing /home/ubuntu/demo8/lib/python3.12/site-packages/airflow/example_dags/example_params_trigger_ui.py took 0.215 seconds
[2024-12-18T15:47:46.950+0000] {processor.py:186} INFO - Started process (PID=4294) to work on /home/ubuntu/demo8/lib/python3.12/site-packages/airflow/example_dags/example_params_trigger_ui.py
[2024-12-18T15:47:46.951+0000] {processor.py:914} INFO - Processing file /home/ubuntu/demo8/lib/python3.12/site-packages/airflow/example_dags/example_params_trigger_ui.py for tasks to queue
[2024-12-18T15:47:46.953+0000] {logging_mixin.py:190} INFO - [2024-12-18T15:47:46.953+0000] {dagbag.py:588} INFO - Filling up the DagBag from /home/ubuntu/demo8/lib/python3.12/site-packages/airflow/example_dags/example_params_trigger_ui.py
[2024-12-18T15:47:46.966+0000] {processor.py:925} INFO - DAG(s) 'example_params_trigger_ui' retrieved from /home/ubuntu/demo8/lib/python3.12/site-packages/airflow/example_dags/example_params_trigger_ui.py
[2024-12-18T15:47:47.011+0000] {logging_mixin.py:190} INFO - [2024-12-18T15:47:47.010+0000] {dag.py:3239} INFO - Sync 1 DAGs
[2024-12-18T15:47:47.025+0000] {logging_mixin.py:190} INFO - [2024-12-18T15:47:47.025+0000] {dag.py:4180} INFO - Setting next_dagrun for example_params_trigger_ui to None, run_after=None
[2024-12-18T15:47:47.049+0000] {processor.py:208} INFO - Processing /home/ubuntu/demo8/lib/python3.12/site-packages/airflow/example_dags/example_params_trigger_ui.py took 0.105 seconds
[2024-12-18T15:48:41.074+0000] {processor.py:186} INFO - Started process (PID=4350) to work on /home/ubuntu/demo8/lib/python3.12/site-packages/airflow/example_dags/example_params_trigger_ui.py
[2024-12-18T15:48:41.076+0000] {processor.py:914} INFO - Processing file /home/ubuntu/demo8/lib/python3.12/site-packages/airflow/example_dags/example_params_trigger_ui.py for tasks to queue
[2024-12-18T15:48:41.078+0000] {logging_mixin.py:190} INFO - [2024-12-18T15:48:41.078+0000] {dagbag.py:588} INFO - Filling up the DagBag from /home/ubuntu/demo8/lib/python3.12/site-packages/airflow/example_dags/example_params_trigger_ui.py
[2024-12-18T15:48:41.091+0000] {processor.py:925} INFO - DAG(s) 'example_params_trigger_ui' retrieved from /home/ubuntu/demo8/lib/python3.12/site-packages/airflow/example_dags/example_params_trigger_ui.py
[2024-12-18T15:48:41.133+0000] {logging_mixin.py:190} INFO - [2024-12-18T15:48:41.133+0000] {dag.py:3239} INFO - Sync 1 DAGs
[2024-12-18T15:48:41.147+0000] {logging_mixin.py:190} INFO - [2024-12-18T15:48:41.147+0000] {dag.py:4180} INFO - Setting next_dagrun for example_params_trigger_ui to None, run_after=None
[2024-12-18T15:48:41.170+0000] {processor.py:208} INFO - Processing /home/ubuntu/demo8/lib/python3.12/site-packages/airflow/example_dags/example_params_trigger_ui.py took 0.102 seconds
[2024-12-18T15:49:47.322+0000] {processor.py:186} INFO - Started process (PID=4411) to work on /home/ubuntu/demo8/lib/python3.12/site-packages/airflow/example_dags/example_params_trigger_ui.py
[2024-12-18T15:49:47.323+0000] {processor.py:914} INFO - Processing file /home/ubuntu/demo8/lib/python3.12/site-packages/airflow/example_dags/example_params_trigger_ui.py for tasks to queue
[2024-12-18T15:49:47.326+0000] {logging_mixin.py:190} INFO - [2024-12-18T15:49:47.325+0000] {dagbag.py:588} INFO - Filling up the DagBag from /home/ubuntu/demo8/lib/python3.12/site-packages/airflow/example_dags/example_params_trigger_ui.py
[2024-12-18T15:49:47.338+0000] {processor.py:925} INFO - DAG(s) 'example_params_trigger_ui' retrieved from /home/ubuntu/demo8/lib/python3.12/site-packages/airflow/example_dags/example_params_trigger_ui.py
[2024-12-18T15:49:47.382+0000] {logging_mixin.py:190} INFO - [2024-12-18T15:49:47.382+0000] {dag.py:3239} INFO - Sync 1 DAGs
[2024-12-18T15:49:47.397+0000] {logging_mixin.py:190} INFO - [2024-12-18T15:49:47.396+0000] {dag.py:4180} INFO - Setting next_dagrun for example_params_trigger_ui to None, run_after=None
[2024-12-18T15:49:47.420+0000] {processor.py:208} INFO - Processing /home/ubuntu/demo8/lib/python3.12/site-packages/airflow/example_dags/example_params_trigger_ui.py took 0.104 seconds
[2024-12-18T15:50:44.180+0000] {processor.py:186} INFO - Started process (PID=4478) to work on /home/ubuntu/demo8/lib/python3.12/site-packages/airflow/example_dags/example_params_trigger_ui.py
[2024-12-18T15:50:44.182+0000] {processor.py:914} INFO - Processing file /home/ubuntu/demo8/lib/python3.12/site-packages/airflow/example_dags/example_params_trigger_ui.py for tasks to queue
[2024-12-18T15:50:44.184+0000] {logging_mixin.py:190} INFO - [2024-12-18T15:50:44.184+0000] {dagbag.py:588} INFO - Filling up the DagBag from /home/ubuntu/demo8/lib/python3.12/site-packages/airflow/example_dags/example_params_trigger_ui.py
[2024-12-18T15:50:44.197+0000] {processor.py:925} INFO - DAG(s) 'example_params_trigger_ui' retrieved from /home/ubuntu/demo8/lib/python3.12/site-packages/airflow/example_dags/example_params_trigger_ui.py
[2024-12-18T15:50:44.251+0000] {logging_mixin.py:190} INFO - [2024-12-18T15:50:44.251+0000] {dag.py:3239} INFO - Sync 1 DAGs
[2024-12-18T15:50:44.266+0000] {logging_mixin.py:190} INFO - [2024-12-18T15:50:44.265+0000] {dag.py:4180} INFO - Setting next_dagrun for example_params_trigger_ui to None, run_after=None
[2024-12-18T15:50:44.289+0000] {processor.py:208} INFO - Processing /home/ubuntu/demo8/lib/python3.12/site-packages/airflow/example_dags/example_params_trigger_ui.py took 0.115 seconds
[2024-12-18T15:51:38.908+0000] {processor.py:186} INFO - Started process (PID=4540) to work on /home/ubuntu/demo8/lib/python3.12/site-packages/airflow/example_dags/example_params_trigger_ui.py
[2024-12-18T15:51:38.910+0000] {processor.py:914} INFO - Processing file /home/ubuntu/demo8/lib/python3.12/site-packages/airflow/example_dags/example_params_trigger_ui.py for tasks to queue
[2024-12-18T15:51:38.912+0000] {logging_mixin.py:190} INFO - [2024-12-18T15:51:38.912+0000] {dagbag.py:588} INFO - Filling up the DagBag from /home/ubuntu/demo8/lib/python3.12/site-packages/airflow/example_dags/example_params_trigger_ui.py
[2024-12-18T15:51:38.925+0000] {processor.py:925} INFO - DAG(s) 'example_params_trigger_ui' retrieved from /home/ubuntu/demo8/lib/python3.12/site-packages/airflow/example_dags/example_params_trigger_ui.py
[2024-12-18T15:51:38.971+0000] {logging_mixin.py:190} INFO - [2024-12-18T15:51:38.971+0000] {dag.py:3239} INFO - Sync 1 DAGs
[2024-12-18T15:51:39.008+0000] {logging_mixin.py:190} INFO - [2024-12-18T15:51:39.008+0000] {dag.py:4180} INFO - Setting next_dagrun for example_params_trigger_ui to None, run_after=None
[2024-12-18T15:51:39.031+0000] {processor.py:208} INFO - Processing /home/ubuntu/demo8/lib/python3.12/site-packages/airflow/example_dags/example_params_trigger_ui.py took 0.129 seconds
[2024-12-18T15:52:33.785+0000] {processor.py:186} INFO - Started process (PID=4597) to work on /home/ubuntu/demo8/lib/python3.12/site-packages/airflow/example_dags/example_params_trigger_ui.py
[2024-12-18T15:52:33.787+0000] {processor.py:914} INFO - Processing file /home/ubuntu/demo8/lib/python3.12/site-packages/airflow/example_dags/example_params_trigger_ui.py for tasks to queue
[2024-12-18T15:52:33.789+0000] {logging_mixin.py:190} INFO - [2024-12-18T15:52:33.789+0000] {dagbag.py:588} INFO - Filling up the DagBag from /home/ubuntu/demo8/lib/python3.12/site-packages/airflow/example_dags/example_params_trigger_ui.py
[2024-12-18T15:52:33.802+0000] {processor.py:925} INFO - DAG(s) 'example_params_trigger_ui' retrieved from /home/ubuntu/demo8/lib/python3.12/site-packages/airflow/example_dags/example_params_trigger_ui.py
[2024-12-18T15:52:33.847+0000] {logging_mixin.py:190} INFO - [2024-12-18T15:52:33.846+0000] {dag.py:3239} INFO - Sync 1 DAGs
[2024-12-18T15:52:33.863+0000] {logging_mixin.py:190} INFO - [2024-12-18T15:52:33.862+0000] {dag.py:4180} INFO - Setting next_dagrun for example_params_trigger_ui to None, run_after=None
[2024-12-18T15:52:33.885+0000] {processor.py:208} INFO - Processing /home/ubuntu/demo8/lib/python3.12/site-packages/airflow/example_dags/example_params_trigger_ui.py took 0.107 seconds
[2024-12-18T15:53:28.225+0000] {processor.py:186} INFO - Started process (PID=4653) to work on /home/ubuntu/demo8/lib/python3.12/site-packages/airflow/example_dags/example_params_trigger_ui.py
[2024-12-18T15:53:28.227+0000] {processor.py:914} INFO - Processing file /home/ubuntu/demo8/lib/python3.12/site-packages/airflow/example_dags/example_params_trigger_ui.py for tasks to queue
[2024-12-18T15:53:28.229+0000] {logging_mixin.py:190} INFO - [2024-12-18T15:53:28.229+0000] {dagbag.py:588} INFO - Filling up the DagBag from /home/ubuntu/demo8/lib/python3.12/site-packages/airflow/example_dags/example_params_trigger_ui.py
[2024-12-18T15:53:28.242+0000] {processor.py:925} INFO - DAG(s) 'example_params_trigger_ui' retrieved from /home/ubuntu/demo8/lib/python3.12/site-packages/airflow/example_dags/example_params_trigger_ui.py
[2024-12-18T15:53:28.285+0000] {logging_mixin.py:190} INFO - [2024-12-18T15:53:28.285+0000] {dag.py:3239} INFO - Sync 1 DAGs
[2024-12-18T15:53:28.300+0000] {logging_mixin.py:190} INFO - [2024-12-18T15:53:28.300+0000] {dag.py:4180} INFO - Setting next_dagrun for example_params_trigger_ui to None, run_after=None
[2024-12-18T15:53:28.324+0000] {processor.py:208} INFO - Processing /home/ubuntu/demo8/lib/python3.12/site-packages/airflow/example_dags/example_params_trigger_ui.py took 0.105 seconds
[2024-12-18T15:54:53.908+0000] {processor.py:186} INFO - Started process (PID=4767) to work on /home/ubuntu/demo8/lib/python3.12/site-packages/airflow/example_dags/example_params_trigger_ui.py
[2024-12-18T15:54:53.910+0000] {processor.py:914} INFO - Processing file /home/ubuntu/demo8/lib/python3.12/site-packages/airflow/example_dags/example_params_trigger_ui.py for tasks to queue
[2024-12-18T15:54:53.912+0000] {logging_mixin.py:190} INFO - [2024-12-18T15:54:53.911+0000] {dagbag.py:588} INFO - Filling up the DagBag from /home/ubuntu/demo8/lib/python3.12/site-packages/airflow/example_dags/example_params_trigger_ui.py
[2024-12-18T15:54:53.924+0000] {processor.py:925} INFO - DAG(s) 'example_params_trigger_ui' retrieved from /home/ubuntu/demo8/lib/python3.12/site-packages/airflow/example_dags/example_params_trigger_ui.py
[2024-12-18T15:54:53.972+0000] {logging_mixin.py:190} INFO - [2024-12-18T15:54:53.972+0000] {dag.py:3239} INFO - Sync 1 DAGs
[2024-12-18T15:54:53.986+0000] {logging_mixin.py:190} INFO - [2024-12-18T15:54:53.986+0000] {dag.py:4180} INFO - Setting next_dagrun for example_params_trigger_ui to None, run_after=None
[2024-12-18T15:54:54.009+0000] {processor.py:208} INFO - Processing /home/ubuntu/demo8/lib/python3.12/site-packages/airflow/example_dags/example_params_trigger_ui.py took 0.107 seconds
[2024-12-18T15:55:52.016+0000] {processor.py:186} INFO - Started process (PID=4830) to work on /home/ubuntu/demo8/lib/python3.12/site-packages/airflow/example_dags/example_params_trigger_ui.py
[2024-12-18T15:55:52.018+0000] {processor.py:914} INFO - Processing file /home/ubuntu/demo8/lib/python3.12/site-packages/airflow/example_dags/example_params_trigger_ui.py for tasks to queue
[2024-12-18T15:55:52.020+0000] {logging_mixin.py:190} INFO - [2024-12-18T15:55:52.020+0000] {dagbag.py:588} INFO - Filling up the DagBag from /home/ubuntu/demo8/lib/python3.12/site-packages/airflow/example_dags/example_params_trigger_ui.py
[2024-12-18T15:55:52.033+0000] {processor.py:925} INFO - DAG(s) 'example_params_trigger_ui' retrieved from /home/ubuntu/demo8/lib/python3.12/site-packages/airflow/example_dags/example_params_trigger_ui.py
[2024-12-18T15:55:52.078+0000] {logging_mixin.py:190} INFO - [2024-12-18T15:55:52.077+0000] {dag.py:3239} INFO - Sync 1 DAGs
[2024-12-18T15:55:52.091+0000] {logging_mixin.py:190} INFO - [2024-12-18T15:55:52.091+0000] {dag.py:4180} INFO - Setting next_dagrun for example_params_trigger_ui to None, run_after=None
[2024-12-18T15:55:52.115+0000] {processor.py:208} INFO - Processing /home/ubuntu/demo8/lib/python3.12/site-packages/airflow/example_dags/example_params_trigger_ui.py took 0.104 seconds
[2024-12-18T15:57:21.429+0000] {processor.py:186} INFO - Started process (PID=4917) to work on /home/ubuntu/demo8/lib/python3.12/site-packages/airflow/example_dags/example_params_trigger_ui.py
[2024-12-18T15:57:21.430+0000] {processor.py:914} INFO - Processing file /home/ubuntu/demo8/lib/python3.12/site-packages/airflow/example_dags/example_params_trigger_ui.py for tasks to queue
[2024-12-18T15:57:21.432+0000] {logging_mixin.py:190} INFO - [2024-12-18T15:57:21.432+0000] {dagbag.py:588} INFO - Filling up the DagBag from /home/ubuntu/demo8/lib/python3.12/site-packages/airflow/example_dags/example_params_trigger_ui.py
[2024-12-18T15:57:21.445+0000] {processor.py:925} INFO - DAG(s) 'example_params_trigger_ui' retrieved from /home/ubuntu/demo8/lib/python3.12/site-packages/airflow/example_dags/example_params_trigger_ui.py
[2024-12-18T15:57:21.492+0000] {logging_mixin.py:190} INFO - [2024-12-18T15:57:21.492+0000] {dag.py:3239} INFO - Sync 1 DAGs
[2024-12-18T15:57:21.506+0000] {logging_mixin.py:190} INFO - [2024-12-18T15:57:21.506+0000] {dag.py:4180} INFO - Setting next_dagrun for example_params_trigger_ui to None, run_after=None
[2024-12-18T15:57:21.530+0000] {processor.py:208} INFO - Processing /home/ubuntu/demo8/lib/python3.12/site-packages/airflow/example_dags/example_params_trigger_ui.py took 0.107 seconds
[2024-12-18T15:58:19.516+0000] {processor.py:186} INFO - Started process (PID=4975) to work on /home/ubuntu/demo8/lib/python3.12/site-packages/airflow/example_dags/example_params_trigger_ui.py
[2024-12-18T15:58:19.518+0000] {processor.py:914} INFO - Processing file /home/ubuntu/demo8/lib/python3.12/site-packages/airflow/example_dags/example_params_trigger_ui.py for tasks to queue
[2024-12-18T15:58:19.520+0000] {logging_mixin.py:190} INFO - [2024-12-18T15:58:19.520+0000] {dagbag.py:588} INFO - Filling up the DagBag from /home/ubuntu/demo8/lib/python3.12/site-packages/airflow/example_dags/example_params_trigger_ui.py
[2024-12-18T15:58:19.533+0000] {processor.py:925} INFO - DAG(s) 'example_params_trigger_ui' retrieved from /home/ubuntu/demo8/lib/python3.12/site-packages/airflow/example_dags/example_params_trigger_ui.py
[2024-12-18T15:58:19.577+0000] {logging_mixin.py:190} INFO - [2024-12-18T15:58:19.577+0000] {dag.py:3239} INFO - Sync 1 DAGs
[2024-12-18T15:58:19.591+0000] {logging_mixin.py:190} INFO - [2024-12-18T15:58:19.591+0000] {dag.py:4180} INFO - Setting next_dagrun for example_params_trigger_ui to None, run_after=None
[2024-12-18T15:58:19.614+0000] {processor.py:208} INFO - Processing /home/ubuntu/demo8/lib/python3.12/site-packages/airflow/example_dags/example_params_trigger_ui.py took 0.104 seconds
[2024-12-18T15:59:16.206+0000] {processor.py:186} INFO - Started process (PID=5033) to work on /home/ubuntu/demo8/lib/python3.12/site-packages/airflow/example_dags/example_params_trigger_ui.py
[2024-12-18T15:59:16.207+0000] {processor.py:914} INFO - Processing file /home/ubuntu/demo8/lib/python3.12/site-packages/airflow/example_dags/example_params_trigger_ui.py for tasks to queue
[2024-12-18T15:59:16.210+0000] {logging_mixin.py:190} INFO - [2024-12-18T15:59:16.209+0000] {dagbag.py:588} INFO - Filling up the DagBag from /home/ubuntu/demo8/lib/python3.12/site-packages/airflow/example_dags/example_params_trigger_ui.py
[2024-12-18T15:59:16.222+0000] {processor.py:925} INFO - DAG(s) 'example_params_trigger_ui' retrieved from /home/ubuntu/demo8/lib/python3.12/site-packages/airflow/example_dags/example_params_trigger_ui.py
[2024-12-18T15:59:16.265+0000] {logging_mixin.py:190} INFO - [2024-12-18T15:59:16.264+0000] {dag.py:3239} INFO - Sync 1 DAGs
[2024-12-18T15:59:16.279+0000] {logging_mixin.py:190} INFO - [2024-12-18T15:59:16.279+0000] {dag.py:4180} INFO - Setting next_dagrun for example_params_trigger_ui to None, run_after=None
[2024-12-18T15:59:16.301+0000] {processor.py:208} INFO - Processing /home/ubuntu/demo8/lib/python3.12/site-packages/airflow/example_dags/example_params_trigger_ui.py took 0.101 seconds
[2024-12-18T16:00:20.243+0000] {processor.py:186} INFO - Started process (PID=5101) to work on /home/ubuntu/demo8/lib/python3.12/site-packages/airflow/example_dags/example_params_trigger_ui.py
[2024-12-18T16:00:20.244+0000] {processor.py:914} INFO - Processing file /home/ubuntu/demo8/lib/python3.12/site-packages/airflow/example_dags/example_params_trigger_ui.py for tasks to queue
[2024-12-18T16:00:20.246+0000] {logging_mixin.py:190} INFO - [2024-12-18T16:00:20.246+0000] {dagbag.py:588} INFO - Filling up the DagBag from /home/ubuntu/demo8/lib/python3.12/site-packages/airflow/example_dags/example_params_trigger_ui.py
[2024-12-18T16:00:20.258+0000] {processor.py:925} INFO - DAG(s) 'example_params_trigger_ui' retrieved from /home/ubuntu/demo8/lib/python3.12/site-packages/airflow/example_dags/example_params_trigger_ui.py
[2024-12-18T16:00:20.306+0000] {logging_mixin.py:190} INFO - [2024-12-18T16:00:20.306+0000] {dag.py:3239} INFO - Sync 1 DAGs
[2024-12-18T16:00:20.329+0000] {logging_mixin.py:190} INFO - [2024-12-18T16:00:20.329+0000] {dag.py:4180} INFO - Setting next_dagrun for example_params_trigger_ui to None, run_after=None
[2024-12-18T16:00:20.351+0000] {processor.py:208} INFO - Processing /home/ubuntu/demo8/lib/python3.12/site-packages/airflow/example_dags/example_params_trigger_ui.py took 0.114 seconds
[2024-12-18T16:01:18.336+0000] {processor.py:186} INFO - Started process (PID=5160) to work on /home/ubuntu/demo8/lib/python3.12/site-packages/airflow/example_dags/example_params_trigger_ui.py
[2024-12-18T16:01:18.337+0000] {processor.py:914} INFO - Processing file /home/ubuntu/demo8/lib/python3.12/site-packages/airflow/example_dags/example_params_trigger_ui.py for tasks to queue
[2024-12-18T16:01:18.339+0000] {logging_mixin.py:190} INFO - [2024-12-18T16:01:18.339+0000] {dagbag.py:588} INFO - Filling up the DagBag from /home/ubuntu/demo8/lib/python3.12/site-packages/airflow/example_dags/example_params_trigger_ui.py
[2024-12-18T16:01:18.352+0000] {processor.py:925} INFO - DAG(s) 'example_params_trigger_ui' retrieved from /home/ubuntu/demo8/lib/python3.12/site-packages/airflow/example_dags/example_params_trigger_ui.py
[2024-12-18T16:01:18.396+0000] {logging_mixin.py:190} INFO - [2024-12-18T16:01:18.396+0000] {dag.py:3239} INFO - Sync 1 DAGs
[2024-12-18T16:01:18.409+0000] {logging_mixin.py:190} INFO - [2024-12-18T16:01:18.409+0000] {dag.py:4180} INFO - Setting next_dagrun for example_params_trigger_ui to None, run_after=None
[2024-12-18T16:01:18.442+0000] {processor.py:208} INFO - Processing /home/ubuntu/demo8/lib/python3.12/site-packages/airflow/example_dags/example_params_trigger_ui.py took 0.112 seconds
[2024-12-18T16:02:13.859+0000] {processor.py:186} INFO - Started process (PID=5219) to work on /home/ubuntu/demo8/lib/python3.12/site-packages/airflow/example_dags/example_params_trigger_ui.py
[2024-12-18T16:02:13.860+0000] {processor.py:914} INFO - Processing file /home/ubuntu/demo8/lib/python3.12/site-packages/airflow/example_dags/example_params_trigger_ui.py for tasks to queue
[2024-12-18T16:02:13.862+0000] {logging_mixin.py:190} INFO - [2024-12-18T16:02:13.862+0000] {dagbag.py:588} INFO - Filling up the DagBag from /home/ubuntu/demo8/lib/python3.12/site-packages/airflow/example_dags/example_params_trigger_ui.py
[2024-12-18T16:02:13.875+0000] {processor.py:925} INFO - DAG(s) 'example_params_trigger_ui' retrieved from /home/ubuntu/demo8/lib/python3.12/site-packages/airflow/example_dags/example_params_trigger_ui.py
[2024-12-18T16:02:13.931+0000] {logging_mixin.py:190} INFO - [2024-12-18T16:02:13.931+0000] {dag.py:3239} INFO - Sync 1 DAGs
[2024-12-18T16:02:13.946+0000] {logging_mixin.py:190} INFO - [2024-12-18T16:02:13.945+0000] {dag.py:4180} INFO - Setting next_dagrun for example_params_trigger_ui to None, run_after=None
[2024-12-18T16:02:13.969+0000] {processor.py:208} INFO - Processing /home/ubuntu/demo8/lib/python3.12/site-packages/airflow/example_dags/example_params_trigger_ui.py took 0.117 seconds
[2024-12-18T16:03:08.887+0000] {processor.py:186} INFO - Started process (PID=5274) to work on /home/ubuntu/demo8/lib/python3.12/site-packages/airflow/example_dags/example_params_trigger_ui.py
[2024-12-18T16:03:08.889+0000] {processor.py:914} INFO - Processing file /home/ubuntu/demo8/lib/python3.12/site-packages/airflow/example_dags/example_params_trigger_ui.py for tasks to queue
[2024-12-18T16:03:08.891+0000] {logging_mixin.py:190} INFO - [2024-12-18T16:03:08.891+0000] {dagbag.py:588} INFO - Filling up the DagBag from /home/ubuntu/demo8/lib/python3.12/site-packages/airflow/example_dags/example_params_trigger_ui.py
[2024-12-18T16:03:08.903+0000] {processor.py:925} INFO - DAG(s) 'example_params_trigger_ui' retrieved from /home/ubuntu/demo8/lib/python3.12/site-packages/airflow/example_dags/example_params_trigger_ui.py
[2024-12-18T16:03:08.947+0000] {logging_mixin.py:190} INFO - [2024-12-18T16:03:08.947+0000] {dag.py:3239} INFO - Sync 1 DAGs
[2024-12-18T16:03:08.961+0000] {logging_mixin.py:190} INFO - [2024-12-18T16:03:08.961+0000] {dag.py:4180} INFO - Setting next_dagrun for example_params_trigger_ui to None, run_after=None
[2024-12-18T16:03:08.985+0000] {processor.py:208} INFO - Processing /home/ubuntu/demo8/lib/python3.12/site-packages/airflow/example_dags/example_params_trigger_ui.py took 0.103 seconds
[2024-12-18T20:29:48.397+0000] {processor.py:186} INFO - Started process (PID=2754) to work on /home/ubuntu/demo8/lib/python3.12/site-packages/airflow/example_dags/example_params_trigger_ui.py
[2024-12-18T20:29:48.400+0000] {processor.py:914} INFO - Processing file /home/ubuntu/demo8/lib/python3.12/site-packages/airflow/example_dags/example_params_trigger_ui.py for tasks to queue
[2024-12-18T20:29:48.403+0000] {logging_mixin.py:190} INFO - [2024-12-18T20:29:48.402+0000] {dagbag.py:588} INFO - Filling up the DagBag from /home/ubuntu/demo8/lib/python3.12/site-packages/airflow/example_dags/example_params_trigger_ui.py
[2024-12-18T20:29:48.416+0000] {processor.py:925} INFO - DAG(s) 'example_params_trigger_ui' retrieved from /home/ubuntu/demo8/lib/python3.12/site-packages/airflow/example_dags/example_params_trigger_ui.py
[2024-12-18T20:29:48.463+0000] {logging_mixin.py:190} INFO - [2024-12-18T20:29:48.463+0000] {dag.py:3239} INFO - Sync 1 DAGs
[2024-12-18T20:29:48.477+0000] {logging_mixin.py:190} INFO - [2024-12-18T20:29:48.476+0000] {dag.py:4180} INFO - Setting next_dagrun for example_params_trigger_ui to None, run_after=None
[2024-12-18T20:29:48.501+0000] {processor.py:208} INFO - Processing /home/ubuntu/demo8/lib/python3.12/site-packages/airflow/example_dags/example_params_trigger_ui.py took 0.109 seconds
[2024-12-18T20:30:45.864+0000] {processor.py:186} INFO - Started process (PID=2937) to work on /home/ubuntu/demo8/lib/python3.12/site-packages/airflow/example_dags/example_params_trigger_ui.py
[2024-12-18T20:30:45.866+0000] {processor.py:914} INFO - Processing file /home/ubuntu/demo8/lib/python3.12/site-packages/airflow/example_dags/example_params_trigger_ui.py for tasks to queue
[2024-12-18T20:30:45.868+0000] {logging_mixin.py:190} INFO - [2024-12-18T20:30:45.868+0000] {dagbag.py:588} INFO - Filling up the DagBag from /home/ubuntu/demo8/lib/python3.12/site-packages/airflow/example_dags/example_params_trigger_ui.py
[2024-12-18T20:30:45.881+0000] {processor.py:925} INFO - DAG(s) 'example_params_trigger_ui' retrieved from /home/ubuntu/demo8/lib/python3.12/site-packages/airflow/example_dags/example_params_trigger_ui.py
[2024-12-18T20:30:45.926+0000] {logging_mixin.py:190} INFO - [2024-12-18T20:30:45.926+0000] {dag.py:3239} INFO - Sync 1 DAGs
[2024-12-18T20:30:45.941+0000] {logging_mixin.py:190} INFO - [2024-12-18T20:30:45.940+0000] {dag.py:4180} INFO - Setting next_dagrun for example_params_trigger_ui to None, run_after=None
[2024-12-18T20:30:45.966+0000] {processor.py:208} INFO - Processing /home/ubuntu/demo8/lib/python3.12/site-packages/airflow/example_dags/example_params_trigger_ui.py took 0.108 seconds
[2024-12-18T20:31:43.200+0000] {processor.py:186} INFO - Started process (PID=3165) to work on /home/ubuntu/demo8/lib/python3.12/site-packages/airflow/example_dags/example_params_trigger_ui.py
[2024-12-18T20:31:43.202+0000] {processor.py:914} INFO - Processing file /home/ubuntu/demo8/lib/python3.12/site-packages/airflow/example_dags/example_params_trigger_ui.py for tasks to queue
[2024-12-18T20:31:43.204+0000] {logging_mixin.py:190} INFO - [2024-12-18T20:31:43.204+0000] {dagbag.py:588} INFO - Filling up the DagBag from /home/ubuntu/demo8/lib/python3.12/site-packages/airflow/example_dags/example_params_trigger_ui.py
[2024-12-18T20:31:43.217+0000] {processor.py:925} INFO - DAG(s) 'example_params_trigger_ui' retrieved from /home/ubuntu/demo8/lib/python3.12/site-packages/airflow/example_dags/example_params_trigger_ui.py
[2024-12-18T20:31:43.261+0000] {logging_mixin.py:190} INFO - [2024-12-18T20:31:43.261+0000] {dag.py:3239} INFO - Sync 1 DAGs
[2024-12-18T20:31:43.276+0000] {logging_mixin.py:190} INFO - [2024-12-18T20:31:43.275+0000] {dag.py:4180} INFO - Setting next_dagrun for example_params_trigger_ui to None, run_after=None
[2024-12-18T20:31:43.300+0000] {processor.py:208} INFO - Processing /home/ubuntu/demo8/lib/python3.12/site-packages/airflow/example_dags/example_params_trigger_ui.py took 0.105 seconds
[2024-12-18T20:32:39.094+0000] {processor.py:186} INFO - Started process (PID=3396) to work on /home/ubuntu/demo8/lib/python3.12/site-packages/airflow/example_dags/example_params_trigger_ui.py
[2024-12-18T20:32:39.096+0000] {processor.py:914} INFO - Processing file /home/ubuntu/demo8/lib/python3.12/site-packages/airflow/example_dags/example_params_trigger_ui.py for tasks to queue
[2024-12-18T20:32:39.098+0000] {logging_mixin.py:190} INFO - [2024-12-18T20:32:39.098+0000] {dagbag.py:588} INFO - Filling up the DagBag from /home/ubuntu/demo8/lib/python3.12/site-packages/airflow/example_dags/example_params_trigger_ui.py
[2024-12-18T20:32:39.111+0000] {processor.py:925} INFO - DAG(s) 'example_params_trigger_ui' retrieved from /home/ubuntu/demo8/lib/python3.12/site-packages/airflow/example_dags/example_params_trigger_ui.py
[2024-12-18T20:32:39.155+0000] {logging_mixin.py:190} INFO - [2024-12-18T20:32:39.155+0000] {dag.py:3239} INFO - Sync 1 DAGs
[2024-12-18T20:32:39.169+0000] {logging_mixin.py:190} INFO - [2024-12-18T20:32:39.168+0000] {dag.py:4180} INFO - Setting next_dagrun for example_params_trigger_ui to None, run_after=None
[2024-12-18T20:32:39.193+0000] {processor.py:208} INFO - Processing /home/ubuntu/demo8/lib/python3.12/site-packages/airflow/example_dags/example_params_trigger_ui.py took 0.105 seconds
[2024-12-18T20:33:32.474+0000] {processor.py:186} INFO - Started process (PID=3525) to work on /home/ubuntu/demo8/lib/python3.12/site-packages/airflow/example_dags/example_params_trigger_ui.py
[2024-12-18T20:33:32.476+0000] {processor.py:914} INFO - Processing file /home/ubuntu/demo8/lib/python3.12/site-packages/airflow/example_dags/example_params_trigger_ui.py for tasks to queue
[2024-12-18T20:33:32.478+0000] {logging_mixin.py:190} INFO - [2024-12-18T20:33:32.478+0000] {dagbag.py:588} INFO - Filling up the DagBag from /home/ubuntu/demo8/lib/python3.12/site-packages/airflow/example_dags/example_params_trigger_ui.py
[2024-12-18T20:33:32.491+0000] {processor.py:925} INFO - DAG(s) 'example_params_trigger_ui' retrieved from /home/ubuntu/demo8/lib/python3.12/site-packages/airflow/example_dags/example_params_trigger_ui.py
[2024-12-18T20:33:32.534+0000] {logging_mixin.py:190} INFO - [2024-12-18T20:33:32.533+0000] {dag.py:3239} INFO - Sync 1 DAGs
[2024-12-18T20:33:32.547+0000] {logging_mixin.py:190} INFO - [2024-12-18T20:33:32.547+0000] {dag.py:4180} INFO - Setting next_dagrun for example_params_trigger_ui to None, run_after=None
[2024-12-18T20:33:32.570+0000] {processor.py:208} INFO - Processing /home/ubuntu/demo8/lib/python3.12/site-packages/airflow/example_dags/example_params_trigger_ui.py took 0.101 seconds
[2024-12-18T20:34:42.945+0000] {processor.py:186} INFO - Started process (PID=3710) to work on /home/ubuntu/demo8/lib/python3.12/site-packages/airflow/example_dags/example_params_trigger_ui.py
[2024-12-18T20:34:42.946+0000] {processor.py:914} INFO - Processing file /home/ubuntu/demo8/lib/python3.12/site-packages/airflow/example_dags/example_params_trigger_ui.py for tasks to queue
[2024-12-18T20:34:42.949+0000] {logging_mixin.py:190} INFO - [2024-12-18T20:34:42.948+0000] {dagbag.py:588} INFO - Filling up the DagBag from /home/ubuntu/demo8/lib/python3.12/site-packages/airflow/example_dags/example_params_trigger_ui.py
[2024-12-18T20:34:42.962+0000] {processor.py:925} INFO - DAG(s) 'example_params_trigger_ui' retrieved from /home/ubuntu/demo8/lib/python3.12/site-packages/airflow/example_dags/example_params_trigger_ui.py
[2024-12-18T20:34:43.006+0000] {logging_mixin.py:190} INFO - [2024-12-18T20:34:43.006+0000] {dag.py:3239} INFO - Sync 1 DAGs
[2024-12-18T20:34:43.021+0000] {logging_mixin.py:190} INFO - [2024-12-18T20:34:43.020+0000] {dag.py:4180} INFO - Setting next_dagrun for example_params_trigger_ui to None, run_after=None
[2024-12-18T20:34:43.050+0000] {processor.py:208} INFO - Processing /home/ubuntu/demo8/lib/python3.12/site-packages/airflow/example_dags/example_params_trigger_ui.py took 0.111 seconds
[2024-12-18T20:35:40.712+0000] {processor.py:186} INFO - Started process (PID=3834) to work on /home/ubuntu/demo8/lib/python3.12/site-packages/airflow/example_dags/example_params_trigger_ui.py
[2024-12-18T20:35:40.714+0000] {processor.py:914} INFO - Processing file /home/ubuntu/demo8/lib/python3.12/site-packages/airflow/example_dags/example_params_trigger_ui.py for tasks to queue
[2024-12-18T20:35:40.717+0000] {logging_mixin.py:190} INFO - [2024-12-18T20:35:40.716+0000] {dagbag.py:588} INFO - Filling up the DagBag from /home/ubuntu/demo8/lib/python3.12/site-packages/airflow/example_dags/example_params_trigger_ui.py
[2024-12-18T20:35:40.730+0000] {processor.py:925} INFO - DAG(s) 'example_params_trigger_ui' retrieved from /home/ubuntu/demo8/lib/python3.12/site-packages/airflow/example_dags/example_params_trigger_ui.py
[2024-12-18T20:35:40.776+0000] {logging_mixin.py:190} INFO - [2024-12-18T20:35:40.776+0000] {dag.py:3239} INFO - Sync 1 DAGs
[2024-12-18T20:35:40.800+0000] {logging_mixin.py:190} INFO - [2024-12-18T20:35:40.800+0000] {dag.py:4180} INFO - Setting next_dagrun for example_params_trigger_ui to None, run_after=None
[2024-12-18T20:35:40.825+0000] {processor.py:208} INFO - Processing /home/ubuntu/demo8/lib/python3.12/site-packages/airflow/example_dags/example_params_trigger_ui.py took 0.119 seconds
[2024-12-18T20:36:38.668+0000] {processor.py:186} INFO - Started process (PID=3954) to work on /home/ubuntu/demo8/lib/python3.12/site-packages/airflow/example_dags/example_params_trigger_ui.py
[2024-12-18T20:36:38.670+0000] {processor.py:914} INFO - Processing file /home/ubuntu/demo8/lib/python3.12/site-packages/airflow/example_dags/example_params_trigger_ui.py for tasks to queue
[2024-12-18T20:36:38.672+0000] {logging_mixin.py:190} INFO - [2024-12-18T20:36:38.672+0000] {dagbag.py:588} INFO - Filling up the DagBag from /home/ubuntu/demo8/lib/python3.12/site-packages/airflow/example_dags/example_params_trigger_ui.py
[2024-12-18T20:36:38.685+0000] {processor.py:925} INFO - DAG(s) 'example_params_trigger_ui' retrieved from /home/ubuntu/demo8/lib/python3.12/site-packages/airflow/example_dags/example_params_trigger_ui.py
[2024-12-18T20:36:38.730+0000] {logging_mixin.py:190} INFO - [2024-12-18T20:36:38.729+0000] {dag.py:3239} INFO - Sync 1 DAGs
[2024-12-18T20:36:38.744+0000] {logging_mixin.py:190} INFO - [2024-12-18T20:36:38.744+0000] {dag.py:4180} INFO - Setting next_dagrun for example_params_trigger_ui to None, run_after=None
[2024-12-18T20:36:38.768+0000] {processor.py:208} INFO - Processing /home/ubuntu/demo8/lib/python3.12/site-packages/airflow/example_dags/example_params_trigger_ui.py took 0.106 seconds
[2024-12-18T20:37:33.915+0000] {processor.py:186} INFO - Started process (PID=4073) to work on /home/ubuntu/demo8/lib/python3.12/site-packages/airflow/example_dags/example_params_trigger_ui.py
[2024-12-18T20:37:33.917+0000] {processor.py:914} INFO - Processing file /home/ubuntu/demo8/lib/python3.12/site-packages/airflow/example_dags/example_params_trigger_ui.py for tasks to queue
[2024-12-18T20:37:33.919+0000] {logging_mixin.py:190} INFO - [2024-12-18T20:37:33.919+0000] {dagbag.py:588} INFO - Filling up the DagBag from /home/ubuntu/demo8/lib/python3.12/site-packages/airflow/example_dags/example_params_trigger_ui.py
[2024-12-18T20:37:33.932+0000] {processor.py:925} INFO - DAG(s) 'example_params_trigger_ui' retrieved from /home/ubuntu/demo8/lib/python3.12/site-packages/airflow/example_dags/example_params_trigger_ui.py
[2024-12-18T20:37:33.974+0000] {logging_mixin.py:190} INFO - [2024-12-18T20:37:33.974+0000] {dag.py:3239} INFO - Sync 1 DAGs
[2024-12-18T20:37:33.989+0000] {logging_mixin.py:190} INFO - [2024-12-18T20:37:33.989+0000] {dag.py:4180} INFO - Setting next_dagrun for example_params_trigger_ui to None, run_after=None
[2024-12-18T20:37:34.014+0000] {processor.py:208} INFO - Processing /home/ubuntu/demo8/lib/python3.12/site-packages/airflow/example_dags/example_params_trigger_ui.py took 0.105 seconds
[2024-12-18T20:38:28.377+0000] {processor.py:186} INFO - Started process (PID=4188) to work on /home/ubuntu/demo8/lib/python3.12/site-packages/airflow/example_dags/example_params_trigger_ui.py
[2024-12-18T20:38:28.379+0000] {processor.py:914} INFO - Processing file /home/ubuntu/demo8/lib/python3.12/site-packages/airflow/example_dags/example_params_trigger_ui.py for tasks to queue
[2024-12-18T20:38:28.381+0000] {logging_mixin.py:190} INFO - [2024-12-18T20:38:28.381+0000] {dagbag.py:588} INFO - Filling up the DagBag from /home/ubuntu/demo8/lib/python3.12/site-packages/airflow/example_dags/example_params_trigger_ui.py
[2024-12-18T20:38:28.395+0000] {processor.py:925} INFO - DAG(s) 'example_params_trigger_ui' retrieved from /home/ubuntu/demo8/lib/python3.12/site-packages/airflow/example_dags/example_params_trigger_ui.py
[2024-12-18T20:38:28.440+0000] {logging_mixin.py:190} INFO - [2024-12-18T20:38:28.440+0000] {dag.py:3239} INFO - Sync 1 DAGs
[2024-12-18T20:38:28.455+0000] {logging_mixin.py:190} INFO - [2024-12-18T20:38:28.455+0000] {dag.py:4180} INFO - Setting next_dagrun for example_params_trigger_ui to None, run_after=None
[2024-12-18T20:38:28.480+0000] {processor.py:208} INFO - Processing /home/ubuntu/demo8/lib/python3.12/site-packages/airflow/example_dags/example_params_trigger_ui.py took 0.110 seconds
[2024-12-18T20:39:24.266+0000] {processor.py:186} INFO - Started process (PID=4367) to work on /home/ubuntu/demo8/lib/python3.12/site-packages/airflow/example_dags/example_params_trigger_ui.py
[2024-12-18T20:39:24.268+0000] {processor.py:914} INFO - Processing file /home/ubuntu/demo8/lib/python3.12/site-packages/airflow/example_dags/example_params_trigger_ui.py for tasks to queue
[2024-12-18T20:39:24.270+0000] {logging_mixin.py:190} INFO - [2024-12-18T20:39:24.270+0000] {dagbag.py:588} INFO - Filling up the DagBag from /home/ubuntu/demo8/lib/python3.12/site-packages/airflow/example_dags/example_params_trigger_ui.py
[2024-12-18T20:39:24.283+0000] {processor.py:925} INFO - DAG(s) 'example_params_trigger_ui' retrieved from /home/ubuntu/demo8/lib/python3.12/site-packages/airflow/example_dags/example_params_trigger_ui.py
[2024-12-18T20:39:24.326+0000] {logging_mixin.py:190} INFO - [2024-12-18T20:39:24.326+0000] {dag.py:3239} INFO - Sync 1 DAGs
[2024-12-18T20:39:24.340+0000] {logging_mixin.py:190} INFO - [2024-12-18T20:39:24.340+0000] {dag.py:4180} INFO - Setting next_dagrun for example_params_trigger_ui to None, run_after=None
[2024-12-18T20:39:24.364+0000] {processor.py:208} INFO - Processing /home/ubuntu/demo8/lib/python3.12/site-packages/airflow/example_dags/example_params_trigger_ui.py took 0.105 seconds
[2024-12-18T20:40:21.668+0000] {processor.py:186} INFO - Started process (PID=4503) to work on /home/ubuntu/demo8/lib/python3.12/site-packages/airflow/example_dags/example_params_trigger_ui.py
[2024-12-18T20:40:21.670+0000] {processor.py:914} INFO - Processing file /home/ubuntu/demo8/lib/python3.12/site-packages/airflow/example_dags/example_params_trigger_ui.py for tasks to queue
[2024-12-18T20:40:21.672+0000] {logging_mixin.py:190} INFO - [2024-12-18T20:40:21.671+0000] {dagbag.py:588} INFO - Filling up the DagBag from /home/ubuntu/demo8/lib/python3.12/site-packages/airflow/example_dags/example_params_trigger_ui.py
[2024-12-18T20:40:21.685+0000] {processor.py:925} INFO - DAG(s) 'example_params_trigger_ui' retrieved from /home/ubuntu/demo8/lib/python3.12/site-packages/airflow/example_dags/example_params_trigger_ui.py
[2024-12-18T20:40:21.729+0000] {logging_mixin.py:190} INFO - [2024-12-18T20:40:21.729+0000] {dag.py:3239} INFO - Sync 1 DAGs
[2024-12-18T20:40:21.744+0000] {logging_mixin.py:190} INFO - [2024-12-18T20:40:21.744+0000] {dag.py:4180} INFO - Setting next_dagrun for example_params_trigger_ui to None, run_after=None
[2024-12-18T20:40:21.773+0000] {processor.py:208} INFO - Processing /home/ubuntu/demo8/lib/python3.12/site-packages/airflow/example_dags/example_params_trigger_ui.py took 0.111 seconds
[2024-12-18T20:41:16.841+0000] {processor.py:186} INFO - Started process (PID=4586) to work on /home/ubuntu/demo8/lib/python3.12/site-packages/airflow/example_dags/example_params_trigger_ui.py
[2024-12-18T20:41:16.843+0000] {processor.py:914} INFO - Processing file /home/ubuntu/demo8/lib/python3.12/site-packages/airflow/example_dags/example_params_trigger_ui.py for tasks to queue
[2024-12-18T20:41:16.845+0000] {logging_mixin.py:190} INFO - [2024-12-18T20:41:16.845+0000] {dagbag.py:588} INFO - Filling up the DagBag from /home/ubuntu/demo8/lib/python3.12/site-packages/airflow/example_dags/example_params_trigger_ui.py
[2024-12-18T20:41:16.858+0000] {processor.py:925} INFO - DAG(s) 'example_params_trigger_ui' retrieved from /home/ubuntu/demo8/lib/python3.12/site-packages/airflow/example_dags/example_params_trigger_ui.py
[2024-12-18T20:41:16.901+0000] {logging_mixin.py:190} INFO - [2024-12-18T20:41:16.901+0000] {dag.py:3239} INFO - Sync 1 DAGs
[2024-12-18T20:41:16.915+0000] {logging_mixin.py:190} INFO - [2024-12-18T20:41:16.915+0000] {dag.py:4180} INFO - Setting next_dagrun for example_params_trigger_ui to None, run_after=None
[2024-12-18T20:41:16.940+0000] {processor.py:208} INFO - Processing /home/ubuntu/demo8/lib/python3.12/site-packages/airflow/example_dags/example_params_trigger_ui.py took 0.105 seconds
[2024-12-18T20:42:11.361+0000] {processor.py:186} INFO - Started process (PID=4679) to work on /home/ubuntu/demo8/lib/python3.12/site-packages/airflow/example_dags/example_params_trigger_ui.py
[2024-12-18T20:42:11.362+0000] {processor.py:914} INFO - Processing file /home/ubuntu/demo8/lib/python3.12/site-packages/airflow/example_dags/example_params_trigger_ui.py for tasks to queue
[2024-12-18T20:42:11.365+0000] {logging_mixin.py:190} INFO - [2024-12-18T20:42:11.364+0000] {dagbag.py:588} INFO - Filling up the DagBag from /home/ubuntu/demo8/lib/python3.12/site-packages/airflow/example_dags/example_params_trigger_ui.py
[2024-12-18T20:42:11.378+0000] {processor.py:925} INFO - DAG(s) 'example_params_trigger_ui' retrieved from /home/ubuntu/demo8/lib/python3.12/site-packages/airflow/example_dags/example_params_trigger_ui.py
[2024-12-18T20:42:11.423+0000] {logging_mixin.py:190} INFO - [2024-12-18T20:42:11.422+0000] {dag.py:3239} INFO - Sync 1 DAGs
[2024-12-18T20:42:11.437+0000] {logging_mixin.py:190} INFO - [2024-12-18T20:42:11.436+0000] {dag.py:4180} INFO - Setting next_dagrun for example_params_trigger_ui to None, run_after=None
[2024-12-18T20:42:11.460+0000] {processor.py:208} INFO - Processing /home/ubuntu/demo8/lib/python3.12/site-packages/airflow/example_dags/example_params_trigger_ui.py took 0.105 seconds
[2024-12-18T20:43:06.816+0000] {processor.py:186} INFO - Started process (PID=4795) to work on /home/ubuntu/demo8/lib/python3.12/site-packages/airflow/example_dags/example_params_trigger_ui.py
[2024-12-18T20:43:06.817+0000] {processor.py:914} INFO - Processing file /home/ubuntu/demo8/lib/python3.12/site-packages/airflow/example_dags/example_params_trigger_ui.py for tasks to queue
[2024-12-18T20:43:06.820+0000] {logging_mixin.py:190} INFO - [2024-12-18T20:43:06.819+0000] {dagbag.py:588} INFO - Filling up the DagBag from /home/ubuntu/demo8/lib/python3.12/site-packages/airflow/example_dags/example_params_trigger_ui.py
[2024-12-18T20:43:06.833+0000] {processor.py:925} INFO - DAG(s) 'example_params_trigger_ui' retrieved from /home/ubuntu/demo8/lib/python3.12/site-packages/airflow/example_dags/example_params_trigger_ui.py
[2024-12-18T20:43:06.876+0000] {logging_mixin.py:190} INFO - [2024-12-18T20:43:06.876+0000] {dag.py:3239} INFO - Sync 1 DAGs
[2024-12-18T20:43:06.891+0000] {logging_mixin.py:190} INFO - [2024-12-18T20:43:06.890+0000] {dag.py:4180} INFO - Setting next_dagrun for example_params_trigger_ui to None, run_after=None
[2024-12-18T20:43:06.930+0000] {processor.py:208} INFO - Processing /home/ubuntu/demo8/lib/python3.12/site-packages/airflow/example_dags/example_params_trigger_ui.py took 0.121 seconds
[2024-12-18T20:43:58.754+0000] {processor.py:186} INFO - Started process (PID=4910) to work on /home/ubuntu/demo8/lib/python3.12/site-packages/airflow/example_dags/example_params_trigger_ui.py
[2024-12-18T20:43:58.756+0000] {processor.py:914} INFO - Processing file /home/ubuntu/demo8/lib/python3.12/site-packages/airflow/example_dags/example_params_trigger_ui.py for tasks to queue
[2024-12-18T20:43:58.758+0000] {logging_mixin.py:190} INFO - [2024-12-18T20:43:58.757+0000] {dagbag.py:588} INFO - Filling up the DagBag from /home/ubuntu/demo8/lib/python3.12/site-packages/airflow/example_dags/example_params_trigger_ui.py
[2024-12-18T20:43:58.771+0000] {processor.py:925} INFO - DAG(s) 'example_params_trigger_ui' retrieved from /home/ubuntu/demo8/lib/python3.12/site-packages/airflow/example_dags/example_params_trigger_ui.py
[2024-12-18T20:43:58.816+0000] {logging_mixin.py:190} INFO - [2024-12-18T20:43:58.816+0000] {dag.py:3239} INFO - Sync 1 DAGs
[2024-12-18T20:43:58.830+0000] {logging_mixin.py:190} INFO - [2024-12-18T20:43:58.829+0000] {dag.py:4180} INFO - Setting next_dagrun for example_params_trigger_ui to None, run_after=None
[2024-12-18T20:43:58.862+0000] {processor.py:208} INFO - Processing /home/ubuntu/demo8/lib/python3.12/site-packages/airflow/example_dags/example_params_trigger_ui.py took 0.114 seconds
[2024-12-18T20:44:53.350+0000] {processor.py:186} INFO - Started process (PID=5088) to work on /home/ubuntu/demo8/lib/python3.12/site-packages/airflow/example_dags/example_params_trigger_ui.py
[2024-12-18T20:44:53.352+0000] {processor.py:914} INFO - Processing file /home/ubuntu/demo8/lib/python3.12/site-packages/airflow/example_dags/example_params_trigger_ui.py for tasks to queue
[2024-12-18T20:44:53.355+0000] {logging_mixin.py:190} INFO - [2024-12-18T20:44:53.354+0000] {dagbag.py:588} INFO - Filling up the DagBag from /home/ubuntu/demo8/lib/python3.12/site-packages/airflow/example_dags/example_params_trigger_ui.py
[2024-12-18T20:44:53.368+0000] {processor.py:925} INFO - DAG(s) 'example_params_trigger_ui' retrieved from /home/ubuntu/demo8/lib/python3.12/site-packages/airflow/example_dags/example_params_trigger_ui.py
[2024-12-18T20:44:53.412+0000] {logging_mixin.py:190} INFO - [2024-12-18T20:44:53.412+0000] {dag.py:3239} INFO - Sync 1 DAGs
[2024-12-18T20:44:53.427+0000] {logging_mixin.py:190} INFO - [2024-12-18T20:44:53.427+0000] {dag.py:4180} INFO - Setting next_dagrun for example_params_trigger_ui to None, run_after=None
[2024-12-18T20:44:53.452+0000] {processor.py:208} INFO - Processing /home/ubuntu/demo8/lib/python3.12/site-packages/airflow/example_dags/example_params_trigger_ui.py took 0.108 seconds
[2024-12-18T20:45:47.721+0000] {processor.py:186} INFO - Started process (PID=5210) to work on /home/ubuntu/demo8/lib/python3.12/site-packages/airflow/example_dags/example_params_trigger_ui.py
[2024-12-18T20:45:47.722+0000] {processor.py:914} INFO - Processing file /home/ubuntu/demo8/lib/python3.12/site-packages/airflow/example_dags/example_params_trigger_ui.py for tasks to queue
[2024-12-18T20:45:47.725+0000] {logging_mixin.py:190} INFO - [2024-12-18T20:45:47.724+0000] {dagbag.py:588} INFO - Filling up the DagBag from /home/ubuntu/demo8/lib/python3.12/site-packages/airflow/example_dags/example_params_trigger_ui.py
[2024-12-18T20:45:47.738+0000] {processor.py:925} INFO - DAG(s) 'example_params_trigger_ui' retrieved from /home/ubuntu/demo8/lib/python3.12/site-packages/airflow/example_dags/example_params_trigger_ui.py
[2024-12-18T20:45:47.782+0000] {logging_mixin.py:190} INFO - [2024-12-18T20:45:47.782+0000] {dag.py:3239} INFO - Sync 1 DAGs
[2024-12-18T20:45:47.797+0000] {logging_mixin.py:190} INFO - [2024-12-18T20:45:47.797+0000] {dag.py:4180} INFO - Setting next_dagrun for example_params_trigger_ui to None, run_after=None
[2024-12-18T20:45:47.822+0000] {processor.py:208} INFO - Processing /home/ubuntu/demo8/lib/python3.12/site-packages/airflow/example_dags/example_params_trigger_ui.py took 0.107 seconds
[2024-12-18T20:47:27.074+0000] {processor.py:186} INFO - Started process (PID=5835) to work on /home/ubuntu/demo8/lib/python3.12/site-packages/airflow/example_dags/example_params_trigger_ui.py
[2024-12-18T20:47:27.075+0000] {processor.py:914} INFO - Processing file /home/ubuntu/demo8/lib/python3.12/site-packages/airflow/example_dags/example_params_trigger_ui.py for tasks to queue
[2024-12-18T20:47:27.078+0000] {logging_mixin.py:190} INFO - [2024-12-18T20:47:27.077+0000] {dagbag.py:588} INFO - Filling up the DagBag from /home/ubuntu/demo8/lib/python3.12/site-packages/airflow/example_dags/example_params_trigger_ui.py
[2024-12-18T20:47:27.091+0000] {processor.py:925} INFO - DAG(s) 'example_params_trigger_ui' retrieved from /home/ubuntu/demo8/lib/python3.12/site-packages/airflow/example_dags/example_params_trigger_ui.py
[2024-12-18T20:47:27.138+0000] {logging_mixin.py:190} INFO - [2024-12-18T20:47:27.138+0000] {dag.py:3239} INFO - Sync 1 DAGs
[2024-12-18T20:47:27.153+0000] {logging_mixin.py:190} INFO - [2024-12-18T20:47:27.152+0000] {dag.py:4180} INFO - Setting next_dagrun for example_params_trigger_ui to None, run_after=None
[2024-12-18T20:47:27.177+0000] {processor.py:208} INFO - Processing /home/ubuntu/demo8/lib/python3.12/site-packages/airflow/example_dags/example_params_trigger_ui.py took 0.110 seconds
[2024-12-18T20:48:26.032+0000] {processor.py:186} INFO - Started process (PID=6027) to work on /home/ubuntu/demo8/lib/python3.12/site-packages/airflow/example_dags/example_params_trigger_ui.py
[2024-12-18T20:48:26.034+0000] {processor.py:914} INFO - Processing file /home/ubuntu/demo8/lib/python3.12/site-packages/airflow/example_dags/example_params_trigger_ui.py for tasks to queue
[2024-12-18T20:48:26.039+0000] {logging_mixin.py:190} INFO - [2024-12-18T20:48:26.037+0000] {dagbag.py:588} INFO - Filling up the DagBag from /home/ubuntu/demo8/lib/python3.12/site-packages/airflow/example_dags/example_params_trigger_ui.py
[2024-12-18T20:48:26.064+0000] {processor.py:925} INFO - DAG(s) 'example_params_trigger_ui' retrieved from /home/ubuntu/demo8/lib/python3.12/site-packages/airflow/example_dags/example_params_trigger_ui.py
[2024-12-18T20:48:26.107+0000] {logging_mixin.py:190} INFO - [2024-12-18T20:48:26.107+0000] {dag.py:3239} INFO - Sync 1 DAGs
[2024-12-18T20:48:26.122+0000] {logging_mixin.py:190} INFO - [2024-12-18T20:48:26.122+0000] {dag.py:4180} INFO - Setting next_dagrun for example_params_trigger_ui to None, run_after=None
[2024-12-18T20:48:26.147+0000] {processor.py:208} INFO - Processing /home/ubuntu/demo8/lib/python3.12/site-packages/airflow/example_dags/example_params_trigger_ui.py took 0.128 seconds
[2024-12-18T20:49:21.769+0000] {processor.py:186} INFO - Started process (PID=6436) to work on /home/ubuntu/demo8/lib/python3.12/site-packages/airflow/example_dags/example_params_trigger_ui.py
[2024-12-18T20:49:21.771+0000] {processor.py:914} INFO - Processing file /home/ubuntu/demo8/lib/python3.12/site-packages/airflow/example_dags/example_params_trigger_ui.py for tasks to queue
[2024-12-18T20:49:21.773+0000] {logging_mixin.py:190} INFO - [2024-12-18T20:49:21.773+0000] {dagbag.py:588} INFO - Filling up the DagBag from /home/ubuntu/demo8/lib/python3.12/site-packages/airflow/example_dags/example_params_trigger_ui.py
[2024-12-18T20:49:21.787+0000] {processor.py:925} INFO - DAG(s) 'example_params_trigger_ui' retrieved from /home/ubuntu/demo8/lib/python3.12/site-packages/airflow/example_dags/example_params_trigger_ui.py
[2024-12-18T20:49:21.832+0000] {logging_mixin.py:190} INFO - [2024-12-18T20:49:21.832+0000] {dag.py:3239} INFO - Sync 1 DAGs
[2024-12-18T20:49:21.847+0000] {logging_mixin.py:190} INFO - [2024-12-18T20:49:21.846+0000] {dag.py:4180} INFO - Setting next_dagrun for example_params_trigger_ui to None, run_after=None
[2024-12-18T20:49:21.870+0000] {processor.py:208} INFO - Processing /home/ubuntu/demo8/lib/python3.12/site-packages/airflow/example_dags/example_params_trigger_ui.py took 0.108 seconds
[2024-12-18T20:50:21.004+0000] {processor.py:186} INFO - Started process (PID=6738) to work on /home/ubuntu/demo8/lib/python3.12/site-packages/airflow/example_dags/example_params_trigger_ui.py
[2024-12-18T20:50:21.006+0000] {processor.py:914} INFO - Processing file /home/ubuntu/demo8/lib/python3.12/site-packages/airflow/example_dags/example_params_trigger_ui.py for tasks to queue
[2024-12-18T20:50:21.008+0000] {logging_mixin.py:190} INFO - [2024-12-18T20:50:21.008+0000] {dagbag.py:588} INFO - Filling up the DagBag from /home/ubuntu/demo8/lib/python3.12/site-packages/airflow/example_dags/example_params_trigger_ui.py
[2024-12-18T20:50:21.021+0000] {processor.py:925} INFO - DAG(s) 'example_params_trigger_ui' retrieved from /home/ubuntu/demo8/lib/python3.12/site-packages/airflow/example_dags/example_params_trigger_ui.py
[2024-12-18T20:50:21.064+0000] {logging_mixin.py:190} INFO - [2024-12-18T20:50:21.063+0000] {dag.py:3239} INFO - Sync 1 DAGs
[2024-12-18T20:50:21.078+0000] {logging_mixin.py:190} INFO - [2024-12-18T20:50:21.078+0000] {dag.py:4180} INFO - Setting next_dagrun for example_params_trigger_ui to None, run_after=None
[2024-12-18T20:50:21.101+0000] {processor.py:208} INFO - Processing /home/ubuntu/demo8/lib/python3.12/site-packages/airflow/example_dags/example_params_trigger_ui.py took 0.103 seconds
[2024-12-18T20:51:15.248+0000] {processor.py:186} INFO - Started process (PID=6964) to work on /home/ubuntu/demo8/lib/python3.12/site-packages/airflow/example_dags/example_params_trigger_ui.py
[2024-12-18T20:51:15.249+0000] {processor.py:914} INFO - Processing file /home/ubuntu/demo8/lib/python3.12/site-packages/airflow/example_dags/example_params_trigger_ui.py for tasks to queue
[2024-12-18T20:51:15.252+0000] {logging_mixin.py:190} INFO - [2024-12-18T20:51:15.251+0000] {dagbag.py:588} INFO - Filling up the DagBag from /home/ubuntu/demo8/lib/python3.12/site-packages/airflow/example_dags/example_params_trigger_ui.py
[2024-12-18T20:51:15.264+0000] {processor.py:925} INFO - DAG(s) 'example_params_trigger_ui' retrieved from /home/ubuntu/demo8/lib/python3.12/site-packages/airflow/example_dags/example_params_trigger_ui.py
[2024-12-18T20:51:15.306+0000] {logging_mixin.py:190} INFO - [2024-12-18T20:51:15.306+0000] {dag.py:3239} INFO - Sync 1 DAGs
[2024-12-18T20:51:15.321+0000] {logging_mixin.py:190} INFO - [2024-12-18T20:51:15.320+0000] {dag.py:4180} INFO - Setting next_dagrun for example_params_trigger_ui to None, run_after=None
[2024-12-18T20:51:15.344+0000] {processor.py:208} INFO - Processing /home/ubuntu/demo8/lib/python3.12/site-packages/airflow/example_dags/example_params_trigger_ui.py took 0.103 seconds
