[2024-12-18T15:44:30.680+0000] {processor.py:186} INFO - Started process (PID=3655) to work on /home/ubuntu/demo8/lib/python3.12/site-packages/airflow/example_dags/example_skip_dag.py
[2024-12-18T15:44:30.681+0000] {processor.py:914} INFO - Processing file /home/ubuntu/demo8/lib/python3.12/site-packages/airflow/example_dags/example_skip_dag.py for tasks to queue
[2024-12-18T15:44:30.683+0000] {logging_mixin.py:190} INFO - [2024-12-18T15:44:30.682+0000] {dagbag.py:588} INFO - Filling up the DagBag from /home/ubuntu/demo8/lib/python3.12/site-packages/airflow/example_dags/example_skip_dag.py
[2024-12-18T15:44:30.692+0000] {processor.py:925} INFO - DAG(s) 'example_skip_dag' retrieved from /home/ubuntu/demo8/lib/python3.12/site-packages/airflow/example_dags/example_skip_dag.py
[2024-12-18T15:44:30.823+0000] {logging_mixin.py:190} INFO - [2024-12-18T15:44:30.822+0000] {override.py:1911} INFO - Created Permission View: can read on DAG:example_skip_dag
[2024-12-18T15:44:30.842+0000] {logging_mixin.py:190} INFO - [2024-12-18T15:44:30.841+0000] {override.py:1911} INFO - Created Permission View: can delete on DAG:example_skip_dag
[2024-12-18T15:44:30.851+0000] {logging_mixin.py:190} INFO - [2024-12-18T15:44:30.851+0000] {override.py:1911} INFO - Created Permission View: can edit on DAG:example_skip_dag
[2024-12-18T15:44:30.866+0000] {logging_mixin.py:190} INFO - [2024-12-18T15:44:30.865+0000] {override.py:1911} INFO - Created Permission View: can create on DAG Run:example_skip_dag
[2024-12-18T15:44:30.875+0000] {logging_mixin.py:190} INFO - [2024-12-18T15:44:30.875+0000] {override.py:1911} INFO - Created Permission View: can read on DAG Run:example_skip_dag
[2024-12-18T15:44:30.885+0000] {logging_mixin.py:190} INFO - [2024-12-18T15:44:30.885+0000] {override.py:1911} INFO - Created Permission View: menu access on DAG Run:example_skip_dag
[2024-12-18T15:44:30.894+0000] {logging_mixin.py:190} INFO - [2024-12-18T15:44:30.894+0000] {override.py:1911} INFO - Created Permission View: can delete on DAG Run:example_skip_dag
[2024-12-18T15:44:30.895+0000] {logging_mixin.py:190} INFO - [2024-12-18T15:44:30.895+0000] {dag.py:3239} INFO - Sync 1 DAGs
[2024-12-18T15:44:30.909+0000] {logging_mixin.py:190} INFO - [2024-12-18T15:44:30.909+0000] {dag.py:3262} INFO - Creating ORM DAG for example_skip_dag
[2024-12-18T15:44:30.918+0000] {logging_mixin.py:190} INFO - [2024-12-18T15:44:30.918+0000] {dag.py:4180} INFO - Setting next_dagrun for example_skip_dag to 2024-12-17 00:00:00+00:00, run_after=2024-12-18 00:00:00+00:00
[2024-12-18T15:44:30.939+0000] {processor.py:208} INFO - Processing /home/ubuntu/demo8/lib/python3.12/site-packages/airflow/example_dags/example_skip_dag.py took 0.266 seconds
[2024-12-18T15:45:36.765+0000] {processor.py:186} INFO - Started process (PID=3753) to work on /home/ubuntu/demo8/lib/python3.12/site-packages/airflow/example_dags/example_skip_dag.py
[2024-12-18T15:45:36.769+0000] {processor.py:914} INFO - Processing file /home/ubuntu/demo8/lib/python3.12/site-packages/airflow/example_dags/example_skip_dag.py for tasks to queue
[2024-12-18T15:45:36.771+0000] {logging_mixin.py:190} INFO - [2024-12-18T15:45:36.771+0000] {dagbag.py:588} INFO - Filling up the DagBag from /home/ubuntu/demo8/lib/python3.12/site-packages/airflow/example_dags/example_skip_dag.py
[2024-12-18T15:45:36.782+0000] {processor.py:925} INFO - DAG(s) 'example_skip_dag' retrieved from /home/ubuntu/demo8/lib/python3.12/site-packages/airflow/example_dags/example_skip_dag.py
[2024-12-18T15:45:36.802+0000] {logging_mixin.py:190} INFO - [2024-12-18T15:45:36.802+0000] {dag.py:3239} INFO - Sync 1 DAGs
[2024-12-18T15:45:36.825+0000] {logging_mixin.py:190} INFO - [2024-12-18T15:45:36.825+0000] {dag.py:4180} INFO - Setting next_dagrun for example_skip_dag to 2024-12-17 00:00:00+00:00, run_after=2024-12-18 00:00:00+00:00
[2024-12-18T15:45:36.848+0000] {processor.py:208} INFO - Processing /home/ubuntu/demo8/lib/python3.12/site-packages/airflow/example_dags/example_skip_dag.py took 0.092 seconds
[2024-12-18T15:46:34.277+0000] {processor.py:186} INFO - Started process (PID=3813) to work on /home/ubuntu/demo8/lib/python3.12/site-packages/airflow/example_dags/example_skip_dag.py
[2024-12-18T15:46:34.279+0000] {processor.py:914} INFO - Processing file /home/ubuntu/demo8/lib/python3.12/site-packages/airflow/example_dags/example_skip_dag.py for tasks to queue
[2024-12-18T15:46:34.281+0000] {logging_mixin.py:190} INFO - [2024-12-18T15:46:34.281+0000] {dagbag.py:588} INFO - Filling up the DagBag from /home/ubuntu/demo8/lib/python3.12/site-packages/airflow/example_dags/example_skip_dag.py
[2024-12-18T15:46:34.290+0000] {processor.py:925} INFO - DAG(s) 'example_skip_dag' retrieved from /home/ubuntu/demo8/lib/python3.12/site-packages/airflow/example_dags/example_skip_dag.py
[2024-12-18T15:46:34.310+0000] {logging_mixin.py:190} INFO - [2024-12-18T15:46:34.309+0000] {dag.py:3239} INFO - Sync 1 DAGs
[2024-12-18T15:46:34.331+0000] {logging_mixin.py:190} INFO - [2024-12-18T15:46:34.331+0000] {dag.py:4180} INFO - Setting next_dagrun for example_skip_dag to 2024-12-17 00:00:00+00:00, run_after=2024-12-18 00:00:00+00:00
[2024-12-18T15:46:34.369+0000] {processor.py:208} INFO - Processing /home/ubuntu/demo8/lib/python3.12/site-packages/airflow/example_dags/example_skip_dag.py took 0.098 seconds
[2024-12-18T15:47:29.772+0000] {processor.py:186} INFO - Started process (PID=4276) to work on /home/ubuntu/demo8/lib/python3.12/site-packages/airflow/example_dags/example_skip_dag.py
[2024-12-18T15:47:29.774+0000] {processor.py:914} INFO - Processing file /home/ubuntu/demo8/lib/python3.12/site-packages/airflow/example_dags/example_skip_dag.py for tasks to queue
[2024-12-18T15:47:29.776+0000] {logging_mixin.py:190} INFO - [2024-12-18T15:47:29.775+0000] {dagbag.py:588} INFO - Filling up the DagBag from /home/ubuntu/demo8/lib/python3.12/site-packages/airflow/example_dags/example_skip_dag.py
[2024-12-18T15:47:29.785+0000] {processor.py:925} INFO - DAG(s) 'example_skip_dag' retrieved from /home/ubuntu/demo8/lib/python3.12/site-packages/airflow/example_dags/example_skip_dag.py
[2024-12-18T15:47:29.804+0000] {logging_mixin.py:190} INFO - [2024-12-18T15:47:29.804+0000] {dag.py:3239} INFO - Sync 1 DAGs
[2024-12-18T15:47:29.827+0000] {logging_mixin.py:190} INFO - [2024-12-18T15:47:29.826+0000] {dag.py:4180} INFO - Setting next_dagrun for example_skip_dag to 2024-12-17 00:00:00+00:00, run_after=2024-12-18 00:00:00+00:00
[2024-12-18T15:47:29.863+0000] {processor.py:208} INFO - Processing /home/ubuntu/demo8/lib/python3.12/site-packages/airflow/example_dags/example_skip_dag.py took 0.097 seconds
[2024-12-18T15:48:23.108+0000] {processor.py:186} INFO - Started process (PID=4332) to work on /home/ubuntu/demo8/lib/python3.12/site-packages/airflow/example_dags/example_skip_dag.py
[2024-12-18T15:48:23.110+0000] {processor.py:914} INFO - Processing file /home/ubuntu/demo8/lib/python3.12/site-packages/airflow/example_dags/example_skip_dag.py for tasks to queue
[2024-12-18T15:48:23.112+0000] {logging_mixin.py:190} INFO - [2024-12-18T15:48:23.111+0000] {dagbag.py:588} INFO - Filling up the DagBag from /home/ubuntu/demo8/lib/python3.12/site-packages/airflow/example_dags/example_skip_dag.py
[2024-12-18T15:48:23.121+0000] {processor.py:925} INFO - DAG(s) 'example_skip_dag' retrieved from /home/ubuntu/demo8/lib/python3.12/site-packages/airflow/example_dags/example_skip_dag.py
[2024-12-18T15:48:23.139+0000] {logging_mixin.py:190} INFO - [2024-12-18T15:48:23.139+0000] {dag.py:3239} INFO - Sync 1 DAGs
[2024-12-18T15:48:23.161+0000] {logging_mixin.py:190} INFO - [2024-12-18T15:48:23.161+0000] {dag.py:4180} INFO - Setting next_dagrun for example_skip_dag to 2024-12-17 00:00:00+00:00, run_after=2024-12-18 00:00:00+00:00
[2024-12-18T15:48:23.182+0000] {processor.py:208} INFO - Processing /home/ubuntu/demo8/lib/python3.12/site-packages/airflow/example_dags/example_skip_dag.py took 0.080 seconds
[2024-12-18T15:49:20.230+0000] {processor.py:186} INFO - Started process (PID=4386) to work on /home/ubuntu/demo8/lib/python3.12/site-packages/airflow/example_dags/example_skip_dag.py
[2024-12-18T15:49:20.231+0000] {processor.py:914} INFO - Processing file /home/ubuntu/demo8/lib/python3.12/site-packages/airflow/example_dags/example_skip_dag.py for tasks to queue
[2024-12-18T15:49:20.233+0000] {logging_mixin.py:190} INFO - [2024-12-18T15:49:20.233+0000] {dagbag.py:588} INFO - Filling up the DagBag from /home/ubuntu/demo8/lib/python3.12/site-packages/airflow/example_dags/example_skip_dag.py
[2024-12-18T15:49:20.242+0000] {processor.py:925} INFO - DAG(s) 'example_skip_dag' retrieved from /home/ubuntu/demo8/lib/python3.12/site-packages/airflow/example_dags/example_skip_dag.py
[2024-12-18T15:49:20.261+0000] {logging_mixin.py:190} INFO - [2024-12-18T15:49:20.261+0000] {dag.py:3239} INFO - Sync 1 DAGs
[2024-12-18T15:49:20.407+0000] {logging_mixin.py:190} INFO - [2024-12-18T15:49:20.407+0000] {dag.py:4180} INFO - Setting next_dagrun for example_skip_dag to 2024-12-17 00:00:00+00:00, run_after=2024-12-18 00:00:00+00:00
[2024-12-18T15:49:20.430+0000] {processor.py:208} INFO - Processing /home/ubuntu/demo8/lib/python3.12/site-packages/airflow/example_dags/example_skip_dag.py took 0.207 seconds
[2024-12-18T15:50:22.226+0000] {processor.py:186} INFO - Started process (PID=4448) to work on /home/ubuntu/demo8/lib/python3.12/site-packages/airflow/example_dags/example_skip_dag.py
[2024-12-18T15:50:22.228+0000] {processor.py:914} INFO - Processing file /home/ubuntu/demo8/lib/python3.12/site-packages/airflow/example_dags/example_skip_dag.py for tasks to queue
[2024-12-18T15:50:22.230+0000] {logging_mixin.py:190} INFO - [2024-12-18T15:50:22.230+0000] {dagbag.py:588} INFO - Filling up the DagBag from /home/ubuntu/demo8/lib/python3.12/site-packages/airflow/example_dags/example_skip_dag.py
[2024-12-18T15:50:22.239+0000] {processor.py:925} INFO - DAG(s) 'example_skip_dag' retrieved from /home/ubuntu/demo8/lib/python3.12/site-packages/airflow/example_dags/example_skip_dag.py
[2024-12-18T15:50:22.257+0000] {logging_mixin.py:190} INFO - [2024-12-18T15:50:22.257+0000] {dag.py:3239} INFO - Sync 1 DAGs
[2024-12-18T15:50:22.280+0000] {logging_mixin.py:190} INFO - [2024-12-18T15:50:22.280+0000] {dag.py:4180} INFO - Setting next_dagrun for example_skip_dag to 2024-12-17 00:00:00+00:00, run_after=2024-12-18 00:00:00+00:00
[2024-12-18T15:50:22.302+0000] {processor.py:208} INFO - Processing /home/ubuntu/demo8/lib/python3.12/site-packages/airflow/example_dags/example_skip_dag.py took 0.083 seconds
[2024-12-18T15:51:18.618+0000] {processor.py:186} INFO - Started process (PID=4518) to work on /home/ubuntu/demo8/lib/python3.12/site-packages/airflow/example_dags/example_skip_dag.py
[2024-12-18T15:51:18.620+0000] {processor.py:914} INFO - Processing file /home/ubuntu/demo8/lib/python3.12/site-packages/airflow/example_dags/example_skip_dag.py for tasks to queue
[2024-12-18T15:51:18.622+0000] {logging_mixin.py:190} INFO - [2024-12-18T15:51:18.621+0000] {dagbag.py:588} INFO - Filling up the DagBag from /home/ubuntu/demo8/lib/python3.12/site-packages/airflow/example_dags/example_skip_dag.py
[2024-12-18T15:51:18.631+0000] {processor.py:925} INFO - DAG(s) 'example_skip_dag' retrieved from /home/ubuntu/demo8/lib/python3.12/site-packages/airflow/example_dags/example_skip_dag.py
[2024-12-18T15:51:18.651+0000] {logging_mixin.py:190} INFO - [2024-12-18T15:51:18.651+0000] {dag.py:3239} INFO - Sync 1 DAGs
[2024-12-18T15:51:18.675+0000] {logging_mixin.py:190} INFO - [2024-12-18T15:51:18.675+0000] {dag.py:4180} INFO - Setting next_dagrun for example_skip_dag to 2024-12-17 00:00:00+00:00, run_after=2024-12-18 00:00:00+00:00
[2024-12-18T15:51:18.712+0000] {processor.py:208} INFO - Processing /home/ubuntu/demo8/lib/python3.12/site-packages/airflow/example_dags/example_skip_dag.py took 0.100 seconds
[2024-12-18T15:52:09.293+0000] {processor.py:186} INFO - Started process (PID=4571) to work on /home/ubuntu/demo8/lib/python3.12/site-packages/airflow/example_dags/example_skip_dag.py
[2024-12-18T15:52:09.294+0000] {processor.py:914} INFO - Processing file /home/ubuntu/demo8/lib/python3.12/site-packages/airflow/example_dags/example_skip_dag.py for tasks to queue
[2024-12-18T15:52:09.297+0000] {logging_mixin.py:190} INFO - [2024-12-18T15:52:09.296+0000] {dagbag.py:588} INFO - Filling up the DagBag from /home/ubuntu/demo8/lib/python3.12/site-packages/airflow/example_dags/example_skip_dag.py
[2024-12-18T15:52:09.306+0000] {processor.py:925} INFO - DAG(s) 'example_skip_dag' retrieved from /home/ubuntu/demo8/lib/python3.12/site-packages/airflow/example_dags/example_skip_dag.py
[2024-12-18T15:52:09.325+0000] {logging_mixin.py:190} INFO - [2024-12-18T15:52:09.325+0000] {dag.py:3239} INFO - Sync 1 DAGs
[2024-12-18T15:52:09.347+0000] {logging_mixin.py:190} INFO - [2024-12-18T15:52:09.347+0000] {dag.py:4180} INFO - Setting next_dagrun for example_skip_dag to 2024-12-17 00:00:00+00:00, run_after=2024-12-18 00:00:00+00:00
[2024-12-18T15:52:09.370+0000] {processor.py:208} INFO - Processing /home/ubuntu/demo8/lib/python3.12/site-packages/airflow/example_dags/example_skip_dag.py took 0.084 seconds
[2024-12-18T15:53:04.722+0000] {processor.py:186} INFO - Started process (PID=4629) to work on /home/ubuntu/demo8/lib/python3.12/site-packages/airflow/example_dags/example_skip_dag.py
[2024-12-18T15:53:04.723+0000] {processor.py:914} INFO - Processing file /home/ubuntu/demo8/lib/python3.12/site-packages/airflow/example_dags/example_skip_dag.py for tasks to queue
[2024-12-18T15:53:04.726+0000] {logging_mixin.py:190} INFO - [2024-12-18T15:53:04.725+0000] {dagbag.py:588} INFO - Filling up the DagBag from /home/ubuntu/demo8/lib/python3.12/site-packages/airflow/example_dags/example_skip_dag.py
[2024-12-18T15:53:04.735+0000] {processor.py:925} INFO - DAG(s) 'example_skip_dag' retrieved from /home/ubuntu/demo8/lib/python3.12/site-packages/airflow/example_dags/example_skip_dag.py
[2024-12-18T15:53:04.755+0000] {logging_mixin.py:190} INFO - [2024-12-18T15:53:04.755+0000] {dag.py:3239} INFO - Sync 1 DAGs
[2024-12-18T15:53:04.779+0000] {logging_mixin.py:190} INFO - [2024-12-18T15:53:04.778+0000] {dag.py:4180} INFO - Setting next_dagrun for example_skip_dag to 2024-12-17 00:00:00+00:00, run_after=2024-12-18 00:00:00+00:00
[2024-12-18T15:53:04.801+0000] {processor.py:208} INFO - Processing /home/ubuntu/demo8/lib/python3.12/site-packages/airflow/example_dags/example_skip_dag.py took 0.085 seconds
[2024-12-18T15:53:59.373+0000] {processor.py:186} INFO - Started process (PID=4698) to work on /home/ubuntu/demo8/lib/python3.12/site-packages/airflow/example_dags/example_skip_dag.py
[2024-12-18T15:53:59.374+0000] {processor.py:914} INFO - Processing file /home/ubuntu/demo8/lib/python3.12/site-packages/airflow/example_dags/example_skip_dag.py for tasks to queue
[2024-12-18T15:53:59.376+0000] {logging_mixin.py:190} INFO - [2024-12-18T15:53:59.376+0000] {dagbag.py:588} INFO - Filling up the DagBag from /home/ubuntu/demo8/lib/python3.12/site-packages/airflow/example_dags/example_skip_dag.py
[2024-12-18T15:53:59.386+0000] {processor.py:925} INFO - DAG(s) 'example_skip_dag' retrieved from /home/ubuntu/demo8/lib/python3.12/site-packages/airflow/example_dags/example_skip_dag.py
[2024-12-18T15:53:59.405+0000] {logging_mixin.py:190} INFO - [2024-12-18T15:53:59.405+0000] {dag.py:3239} INFO - Sync 1 DAGs
[2024-12-18T15:53:59.428+0000] {logging_mixin.py:190} INFO - [2024-12-18T15:53:59.428+0000] {dag.py:4180} INFO - Setting next_dagrun for example_skip_dag to 2024-12-17 00:00:00+00:00, run_after=2024-12-18 00:00:00+00:00
[2024-12-18T15:53:59.450+0000] {processor.py:208} INFO - Processing /home/ubuntu/demo8/lib/python3.12/site-packages/airflow/example_dags/example_skip_dag.py took 0.083 seconds
[2024-12-18T15:54:43.501+0000] {processor.py:186} INFO - Started process (PID=4756) to work on /home/ubuntu/demo8/lib/python3.12/site-packages/airflow/example_dags/example_skip_dag.py
[2024-12-18T15:54:43.502+0000] {processor.py:914} INFO - Processing file /home/ubuntu/demo8/lib/python3.12/site-packages/airflow/example_dags/example_skip_dag.py for tasks to queue
[2024-12-18T15:54:43.505+0000] {logging_mixin.py:190} INFO - [2024-12-18T15:54:43.504+0000] {dagbag.py:588} INFO - Filling up the DagBag from /home/ubuntu/demo8/lib/python3.12/site-packages/airflow/example_dags/example_skip_dag.py
[2024-12-18T15:54:43.514+0000] {processor.py:925} INFO - DAG(s) 'example_skip_dag' retrieved from /home/ubuntu/demo8/lib/python3.12/site-packages/airflow/example_dags/example_skip_dag.py
[2024-12-18T15:54:43.535+0000] {logging_mixin.py:190} INFO - [2024-12-18T15:54:43.534+0000] {dag.py:3239} INFO - Sync 1 DAGs
[2024-12-18T15:54:43.558+0000] {logging_mixin.py:190} INFO - [2024-12-18T15:54:43.558+0000] {dag.py:4180} INFO - Setting next_dagrun for example_skip_dag to 2024-12-17 00:00:00+00:00, run_after=2024-12-18 00:00:00+00:00
[2024-12-18T15:54:43.579+0000] {processor.py:208} INFO - Processing /home/ubuntu/demo8/lib/python3.12/site-packages/airflow/example_dags/example_skip_dag.py took 0.084 seconds
[2024-12-18T15:55:41.602+0000] {processor.py:186} INFO - Started process (PID=4819) to work on /home/ubuntu/demo8/lib/python3.12/site-packages/airflow/example_dags/example_skip_dag.py
[2024-12-18T15:55:41.603+0000] {processor.py:914} INFO - Processing file /home/ubuntu/demo8/lib/python3.12/site-packages/airflow/example_dags/example_skip_dag.py for tasks to queue
[2024-12-18T15:55:41.605+0000] {logging_mixin.py:190} INFO - [2024-12-18T15:55:41.605+0000] {dagbag.py:588} INFO - Filling up the DagBag from /home/ubuntu/demo8/lib/python3.12/site-packages/airflow/example_dags/example_skip_dag.py
[2024-12-18T15:55:41.615+0000] {processor.py:925} INFO - DAG(s) 'example_skip_dag' retrieved from /home/ubuntu/demo8/lib/python3.12/site-packages/airflow/example_dags/example_skip_dag.py
[2024-12-18T15:55:41.646+0000] {logging_mixin.py:190} INFO - [2024-12-18T15:55:41.646+0000] {dag.py:3239} INFO - Sync 1 DAGs
[2024-12-18T15:55:41.670+0000] {logging_mixin.py:190} INFO - [2024-12-18T15:55:41.670+0000] {dag.py:4180} INFO - Setting next_dagrun for example_skip_dag to 2024-12-17 00:00:00+00:00, run_after=2024-12-18 00:00:00+00:00
[2024-12-18T15:55:41.694+0000] {processor.py:208} INFO - Processing /home/ubuntu/demo8/lib/python3.12/site-packages/airflow/example_dags/example_skip_dag.py took 0.099 seconds
[2024-12-18T15:56:33.869+0000] {processor.py:186} INFO - Started process (PID=4874) to work on /home/ubuntu/demo8/lib/python3.12/site-packages/airflow/example_dags/example_skip_dag.py
[2024-12-18T15:56:33.871+0000] {processor.py:914} INFO - Processing file /home/ubuntu/demo8/lib/python3.12/site-packages/airflow/example_dags/example_skip_dag.py for tasks to queue
[2024-12-18T15:56:33.873+0000] {logging_mixin.py:190} INFO - [2024-12-18T15:56:33.872+0000] {dagbag.py:588} INFO - Filling up the DagBag from /home/ubuntu/demo8/lib/python3.12/site-packages/airflow/example_dags/example_skip_dag.py
[2024-12-18T15:56:33.882+0000] {processor.py:925} INFO - DAG(s) 'example_skip_dag' retrieved from /home/ubuntu/demo8/lib/python3.12/site-packages/airflow/example_dags/example_skip_dag.py
[2024-12-18T15:56:33.902+0000] {logging_mixin.py:190} INFO - [2024-12-18T15:56:33.901+0000] {dag.py:3239} INFO - Sync 1 DAGs
[2024-12-18T15:56:33.924+0000] {logging_mixin.py:190} INFO - [2024-12-18T15:56:33.923+0000] {dag.py:4180} INFO - Setting next_dagrun for example_skip_dag to 2024-12-17 00:00:00+00:00, run_after=2024-12-18 00:00:00+00:00
[2024-12-18T15:56:33.947+0000] {processor.py:208} INFO - Processing /home/ubuntu/demo8/lib/python3.12/site-packages/airflow/example_dags/example_skip_dag.py took 0.084 seconds
[2024-12-18T15:57:11.025+0000] {processor.py:186} INFO - Started process (PID=4906) to work on /home/ubuntu/demo8/lib/python3.12/site-packages/airflow/example_dags/example_skip_dag.py
[2024-12-18T15:57:11.027+0000] {processor.py:914} INFO - Processing file /home/ubuntu/demo8/lib/python3.12/site-packages/airflow/example_dags/example_skip_dag.py for tasks to queue
[2024-12-18T15:57:11.029+0000] {logging_mixin.py:190} INFO - [2024-12-18T15:57:11.029+0000] {dagbag.py:588} INFO - Filling up the DagBag from /home/ubuntu/demo8/lib/python3.12/site-packages/airflow/example_dags/example_skip_dag.py
[2024-12-18T15:57:11.038+0000] {processor.py:925} INFO - DAG(s) 'example_skip_dag' retrieved from /home/ubuntu/demo8/lib/python3.12/site-packages/airflow/example_dags/example_skip_dag.py
[2024-12-18T15:57:11.059+0000] {logging_mixin.py:190} INFO - [2024-12-18T15:57:11.058+0000] {dag.py:3239} INFO - Sync 1 DAGs
[2024-12-18T15:57:11.082+0000] {logging_mixin.py:190} INFO - [2024-12-18T15:57:11.082+0000] {dag.py:4180} INFO - Setting next_dagrun for example_skip_dag to 2024-12-17 00:00:00+00:00, run_after=2024-12-18 00:00:00+00:00
[2024-12-18T15:57:11.104+0000] {processor.py:208} INFO - Processing /home/ubuntu/demo8/lib/python3.12/site-packages/airflow/example_dags/example_skip_dag.py took 0.085 seconds
[2024-12-18T15:58:09.116+0000] {processor.py:186} INFO - Started process (PID=4964) to work on /home/ubuntu/demo8/lib/python3.12/site-packages/airflow/example_dags/example_skip_dag.py
[2024-12-18T15:58:09.119+0000] {processor.py:914} INFO - Processing file /home/ubuntu/demo8/lib/python3.12/site-packages/airflow/example_dags/example_skip_dag.py for tasks to queue
[2024-12-18T15:58:09.121+0000] {logging_mixin.py:190} INFO - [2024-12-18T15:58:09.121+0000] {dagbag.py:588} INFO - Filling up the DagBag from /home/ubuntu/demo8/lib/python3.12/site-packages/airflow/example_dags/example_skip_dag.py
[2024-12-18T15:58:09.130+0000] {processor.py:925} INFO - DAG(s) 'example_skip_dag' retrieved from /home/ubuntu/demo8/lib/python3.12/site-packages/airflow/example_dags/example_skip_dag.py
[2024-12-18T15:58:09.149+0000] {logging_mixin.py:190} INFO - [2024-12-18T15:58:09.149+0000] {dag.py:3239} INFO - Sync 1 DAGs
[2024-12-18T15:58:09.171+0000] {logging_mixin.py:190} INFO - [2024-12-18T15:58:09.171+0000] {dag.py:4180} INFO - Setting next_dagrun for example_skip_dag to 2024-12-17 00:00:00+00:00, run_after=2024-12-18 00:00:00+00:00
[2024-12-18T15:58:09.193+0000] {processor.py:208} INFO - Processing /home/ubuntu/demo8/lib/python3.12/site-packages/airflow/example_dags/example_skip_dag.py took 0.083 seconds
[2024-12-18T15:59:01.386+0000] {processor.py:186} INFO - Started process (PID=5019) to work on /home/ubuntu/demo8/lib/python3.12/site-packages/airflow/example_dags/example_skip_dag.py
[2024-12-18T15:59:01.388+0000] {processor.py:914} INFO - Processing file /home/ubuntu/demo8/lib/python3.12/site-packages/airflow/example_dags/example_skip_dag.py for tasks to queue
[2024-12-18T15:59:01.390+0000] {logging_mixin.py:190} INFO - [2024-12-18T15:59:01.390+0000] {dagbag.py:588} INFO - Filling up the DagBag from /home/ubuntu/demo8/lib/python3.12/site-packages/airflow/example_dags/example_skip_dag.py
[2024-12-18T15:59:01.399+0000] {processor.py:925} INFO - DAG(s) 'example_skip_dag' retrieved from /home/ubuntu/demo8/lib/python3.12/site-packages/airflow/example_dags/example_skip_dag.py
[2024-12-18T15:59:01.418+0000] {logging_mixin.py:190} INFO - [2024-12-18T15:59:01.417+0000] {dag.py:3239} INFO - Sync 1 DAGs
[2024-12-18T15:59:01.439+0000] {logging_mixin.py:190} INFO - [2024-12-18T15:59:01.439+0000] {dag.py:4180} INFO - Setting next_dagrun for example_skip_dag to 2024-12-17 00:00:00+00:00, run_after=2024-12-18 00:00:00+00:00
[2024-12-18T15:59:01.462+0000] {processor.py:208} INFO - Processing /home/ubuntu/demo8/lib/python3.12/site-packages/airflow/example_dags/example_skip_dag.py took 0.082 seconds
[2024-12-18T16:00:09.840+0000] {processor.py:186} INFO - Started process (PID=5087) to work on /home/ubuntu/demo8/lib/python3.12/site-packages/airflow/example_dags/example_skip_dag.py
[2024-12-18T16:00:09.841+0000] {processor.py:914} INFO - Processing file /home/ubuntu/demo8/lib/python3.12/site-packages/airflow/example_dags/example_skip_dag.py for tasks to queue
[2024-12-18T16:00:09.844+0000] {logging_mixin.py:190} INFO - [2024-12-18T16:00:09.843+0000] {dagbag.py:588} INFO - Filling up the DagBag from /home/ubuntu/demo8/lib/python3.12/site-packages/airflow/example_dags/example_skip_dag.py
[2024-12-18T16:00:09.853+0000] {processor.py:925} INFO - DAG(s) 'example_skip_dag' retrieved from /home/ubuntu/demo8/lib/python3.12/site-packages/airflow/example_dags/example_skip_dag.py
[2024-12-18T16:00:09.873+0000] {logging_mixin.py:190} INFO - [2024-12-18T16:00:09.873+0000] {dag.py:3239} INFO - Sync 1 DAGs
[2024-12-18T16:00:09.897+0000] {logging_mixin.py:190} INFO - [2024-12-18T16:00:09.897+0000] {dag.py:4180} INFO - Setting next_dagrun for example_skip_dag to 2024-12-17 00:00:00+00:00, run_after=2024-12-18 00:00:00+00:00
[2024-12-18T16:00:09.918+0000] {processor.py:208} INFO - Processing /home/ubuntu/demo8/lib/python3.12/site-packages/airflow/example_dags/example_skip_dag.py took 0.084 seconds
[2024-12-18T16:01:07.925+0000] {processor.py:186} INFO - Started process (PID=5149) to work on /home/ubuntu/demo8/lib/python3.12/site-packages/airflow/example_dags/example_skip_dag.py
[2024-12-18T16:01:07.927+0000] {processor.py:914} INFO - Processing file /home/ubuntu/demo8/lib/python3.12/site-packages/airflow/example_dags/example_skip_dag.py for tasks to queue
[2024-12-18T16:01:07.929+0000] {logging_mixin.py:190} INFO - [2024-12-18T16:01:07.928+0000] {dagbag.py:588} INFO - Filling up the DagBag from /home/ubuntu/demo8/lib/python3.12/site-packages/airflow/example_dags/example_skip_dag.py
[2024-12-18T16:01:07.938+0000] {processor.py:925} INFO - DAG(s) 'example_skip_dag' retrieved from /home/ubuntu/demo8/lib/python3.12/site-packages/airflow/example_dags/example_skip_dag.py
[2024-12-18T16:01:07.969+0000] {logging_mixin.py:190} INFO - [2024-12-18T16:01:07.969+0000] {dag.py:3239} INFO - Sync 1 DAGs
[2024-12-18T16:01:07.993+0000] {logging_mixin.py:190} INFO - [2024-12-18T16:01:07.993+0000] {dag.py:4180} INFO - Setting next_dagrun for example_skip_dag to 2024-12-17 00:00:00+00:00, run_after=2024-12-18 00:00:00+00:00
[2024-12-18T16:01:08.022+0000] {processor.py:208} INFO - Processing /home/ubuntu/demo8/lib/python3.12/site-packages/airflow/example_dags/example_skip_dag.py took 0.103 seconds
[2024-12-18T16:02:00.197+0000] {processor.py:186} INFO - Started process (PID=5205) to work on /home/ubuntu/demo8/lib/python3.12/site-packages/airflow/example_dags/example_skip_dag.py
[2024-12-18T16:02:00.198+0000] {processor.py:914} INFO - Processing file /home/ubuntu/demo8/lib/python3.12/site-packages/airflow/example_dags/example_skip_dag.py for tasks to queue
[2024-12-18T16:02:00.200+0000] {logging_mixin.py:190} INFO - [2024-12-18T16:02:00.200+0000] {dagbag.py:588} INFO - Filling up the DagBag from /home/ubuntu/demo8/lib/python3.12/site-packages/airflow/example_dags/example_skip_dag.py
[2024-12-18T16:02:00.210+0000] {processor.py:925} INFO - DAG(s) 'example_skip_dag' retrieved from /home/ubuntu/demo8/lib/python3.12/site-packages/airflow/example_dags/example_skip_dag.py
[2024-12-18T16:02:00.229+0000] {logging_mixin.py:190} INFO - [2024-12-18T16:02:00.229+0000] {dag.py:3239} INFO - Sync 1 DAGs
[2024-12-18T16:02:00.251+0000] {logging_mixin.py:190} INFO - [2024-12-18T16:02:00.251+0000] {dag.py:4180} INFO - Setting next_dagrun for example_skip_dag to 2024-12-17 00:00:00+00:00, run_after=2024-12-18 00:00:00+00:00
[2024-12-18T16:02:00.274+0000] {processor.py:208} INFO - Processing /home/ubuntu/demo8/lib/python3.12/site-packages/airflow/example_dags/example_skip_dag.py took 0.083 seconds
[2024-12-18T16:02:53.826+0000] {processor.py:186} INFO - Started process (PID=5260) to work on /home/ubuntu/demo8/lib/python3.12/site-packages/airflow/example_dags/example_skip_dag.py
[2024-12-18T16:02:53.827+0000] {processor.py:914} INFO - Processing file /home/ubuntu/demo8/lib/python3.12/site-packages/airflow/example_dags/example_skip_dag.py for tasks to queue
[2024-12-18T16:02:53.829+0000] {logging_mixin.py:190} INFO - [2024-12-18T16:02:53.829+0000] {dagbag.py:588} INFO - Filling up the DagBag from /home/ubuntu/demo8/lib/python3.12/site-packages/airflow/example_dags/example_skip_dag.py
[2024-12-18T16:02:53.839+0000] {processor.py:925} INFO - DAG(s) 'example_skip_dag' retrieved from /home/ubuntu/demo8/lib/python3.12/site-packages/airflow/example_dags/example_skip_dag.py
[2024-12-18T16:02:53.858+0000] {logging_mixin.py:190} INFO - [2024-12-18T16:02:53.858+0000] {dag.py:3239} INFO - Sync 1 DAGs
[2024-12-18T16:02:53.881+0000] {logging_mixin.py:190} INFO - [2024-12-18T16:02:53.880+0000] {dag.py:4180} INFO - Setting next_dagrun for example_skip_dag to 2024-12-17 00:00:00+00:00, run_after=2024-12-18 00:00:00+00:00
[2024-12-18T16:02:53.908+0000] {processor.py:208} INFO - Processing /home/ubuntu/demo8/lib/python3.12/site-packages/airflow/example_dags/example_skip_dag.py took 0.088 seconds
[2024-12-18T16:03:48.526+0000] {processor.py:186} INFO - Started process (PID=5315) to work on /home/ubuntu/demo8/lib/python3.12/site-packages/airflow/example_dags/example_skip_dag.py
[2024-12-18T16:03:48.528+0000] {processor.py:914} INFO - Processing file /home/ubuntu/demo8/lib/python3.12/site-packages/airflow/example_dags/example_skip_dag.py for tasks to queue
[2024-12-18T16:03:48.530+0000] {logging_mixin.py:190} INFO - [2024-12-18T16:03:48.529+0000] {dagbag.py:588} INFO - Filling up the DagBag from /home/ubuntu/demo8/lib/python3.12/site-packages/airflow/example_dags/example_skip_dag.py
[2024-12-18T16:03:48.539+0000] {processor.py:925} INFO - DAG(s) 'example_skip_dag' retrieved from /home/ubuntu/demo8/lib/python3.12/site-packages/airflow/example_dags/example_skip_dag.py
[2024-12-18T16:03:48.558+0000] {logging_mixin.py:190} INFO - [2024-12-18T16:03:48.558+0000] {dag.py:3239} INFO - Sync 1 DAGs
[2024-12-18T16:03:48.579+0000] {logging_mixin.py:190} INFO - [2024-12-18T16:03:48.579+0000] {dag.py:4180} INFO - Setting next_dagrun for example_skip_dag to 2024-12-17 00:00:00+00:00, run_after=2024-12-18 00:00:00+00:00
[2024-12-18T16:03:48.601+0000] {processor.py:208} INFO - Processing /home/ubuntu/demo8/lib/python3.12/site-packages/airflow/example_dags/example_skip_dag.py took 0.081 seconds
[2024-12-18T20:29:36.844+0000] {processor.py:186} INFO - Started process (PID=2743) to work on /home/ubuntu/demo8/lib/python3.12/site-packages/airflow/example_dags/example_skip_dag.py
[2024-12-18T20:29:36.847+0000] {processor.py:914} INFO - Processing file /home/ubuntu/demo8/lib/python3.12/site-packages/airflow/example_dags/example_skip_dag.py for tasks to queue
[2024-12-18T20:29:36.849+0000] {logging_mixin.py:190} INFO - [2024-12-18T20:29:36.849+0000] {dagbag.py:588} INFO - Filling up the DagBag from /home/ubuntu/demo8/lib/python3.12/site-packages/airflow/example_dags/example_skip_dag.py
[2024-12-18T20:29:36.858+0000] {processor.py:925} INFO - DAG(s) 'example_skip_dag' retrieved from /home/ubuntu/demo8/lib/python3.12/site-packages/airflow/example_dags/example_skip_dag.py
[2024-12-18T20:29:36.889+0000] {logging_mixin.py:190} INFO - [2024-12-18T20:29:36.889+0000] {dag.py:3239} INFO - Sync 1 DAGs
[2024-12-18T20:29:36.912+0000] {logging_mixin.py:190} INFO - [2024-12-18T20:29:36.912+0000] {dag.py:4180} INFO - Setting next_dagrun for example_skip_dag to 2024-12-17 00:00:00+00:00, run_after=2024-12-18 00:00:00+00:00
[2024-12-18T20:29:36.934+0000] {processor.py:208} INFO - Processing /home/ubuntu/demo8/lib/python3.12/site-packages/airflow/example_dags/example_skip_dag.py took 0.096 seconds
[2024-12-18T20:30:34.962+0000] {processor.py:186} INFO - Started process (PID=2926) to work on /home/ubuntu/demo8/lib/python3.12/site-packages/airflow/example_dags/example_skip_dag.py
[2024-12-18T20:30:34.964+0000] {processor.py:914} INFO - Processing file /home/ubuntu/demo8/lib/python3.12/site-packages/airflow/example_dags/example_skip_dag.py for tasks to queue
[2024-12-18T20:30:34.966+0000] {logging_mixin.py:190} INFO - [2024-12-18T20:30:34.966+0000] {dagbag.py:588} INFO - Filling up the DagBag from /home/ubuntu/demo8/lib/python3.12/site-packages/airflow/example_dags/example_skip_dag.py
[2024-12-18T20:30:34.975+0000] {processor.py:925} INFO - DAG(s) 'example_skip_dag' retrieved from /home/ubuntu/demo8/lib/python3.12/site-packages/airflow/example_dags/example_skip_dag.py
[2024-12-18T20:30:34.994+0000] {logging_mixin.py:190} INFO - [2024-12-18T20:30:34.994+0000] {dag.py:3239} INFO - Sync 1 DAGs
[2024-12-18T20:30:35.017+0000] {logging_mixin.py:190} INFO - [2024-12-18T20:30:35.017+0000] {dag.py:4180} INFO - Setting next_dagrun for example_skip_dag to 2024-12-17 00:00:00+00:00, run_after=2024-12-18 00:00:00+00:00
[2024-12-18T20:30:35.044+0000] {processor.py:208} INFO - Processing /home/ubuntu/demo8/lib/python3.12/site-packages/airflow/example_dags/example_skip_dag.py took 0.087 seconds
[2024-12-18T20:31:30.494+0000] {processor.py:186} INFO - Started process (PID=3141) to work on /home/ubuntu/demo8/lib/python3.12/site-packages/airflow/example_dags/example_skip_dag.py
[2024-12-18T20:31:30.496+0000] {processor.py:914} INFO - Processing file /home/ubuntu/demo8/lib/python3.12/site-packages/airflow/example_dags/example_skip_dag.py for tasks to queue
[2024-12-18T20:31:30.498+0000] {logging_mixin.py:190} INFO - [2024-12-18T20:31:30.498+0000] {dagbag.py:588} INFO - Filling up the DagBag from /home/ubuntu/demo8/lib/python3.12/site-packages/airflow/example_dags/example_skip_dag.py
[2024-12-18T20:31:30.507+0000] {processor.py:925} INFO - DAG(s) 'example_skip_dag' retrieved from /home/ubuntu/demo8/lib/python3.12/site-packages/airflow/example_dags/example_skip_dag.py
[2024-12-18T20:31:30.526+0000] {logging_mixin.py:190} INFO - [2024-12-18T20:31:30.526+0000] {dag.py:3239} INFO - Sync 1 DAGs
[2024-12-18T20:31:30.547+0000] {logging_mixin.py:190} INFO - [2024-12-18T20:31:30.547+0000] {dag.py:4180} INFO - Setting next_dagrun for example_skip_dag to 2024-12-17 00:00:00+00:00, run_after=2024-12-18 00:00:00+00:00
[2024-12-18T20:31:30.570+0000] {processor.py:208} INFO - Processing /home/ubuntu/demo8/lib/python3.12/site-packages/airflow/example_dags/example_skip_dag.py took 0.082 seconds
[2024-12-18T20:32:25.758+0000] {processor.py:186} INFO - Started process (PID=3346) to work on /home/ubuntu/demo8/lib/python3.12/site-packages/airflow/example_dags/example_skip_dag.py
[2024-12-18T20:32:25.760+0000] {processor.py:914} INFO - Processing file /home/ubuntu/demo8/lib/python3.12/site-packages/airflow/example_dags/example_skip_dag.py for tasks to queue
[2024-12-18T20:32:25.763+0000] {logging_mixin.py:190} INFO - [2024-12-18T20:32:25.763+0000] {dagbag.py:588} INFO - Filling up the DagBag from /home/ubuntu/demo8/lib/python3.12/site-packages/airflow/example_dags/example_skip_dag.py
[2024-12-18T20:32:25.783+0000] {processor.py:925} INFO - DAG(s) 'example_skip_dag' retrieved from /home/ubuntu/demo8/lib/python3.12/site-packages/airflow/example_dags/example_skip_dag.py
[2024-12-18T20:32:25.822+0000] {logging_mixin.py:190} INFO - [2024-12-18T20:32:25.822+0000] {dag.py:3239} INFO - Sync 1 DAGs
[2024-12-18T20:32:25.870+0000] {logging_mixin.py:190} INFO - [2024-12-18T20:32:25.870+0000] {dag.py:4180} INFO - Setting next_dagrun for example_skip_dag to 2024-12-17 00:00:00+00:00, run_after=2024-12-18 00:00:00+00:00
[2024-12-18T20:32:25.914+0000] {processor.py:208} INFO - Processing /home/ubuntu/demo8/lib/python3.12/site-packages/airflow/example_dags/example_skip_dag.py took 0.170 seconds
[2024-12-18T20:33:20.807+0000] {processor.py:186} INFO - Started process (PID=3512) to work on /home/ubuntu/demo8/lib/python3.12/site-packages/airflow/example_dags/example_skip_dag.py
[2024-12-18T20:33:20.809+0000] {processor.py:914} INFO - Processing file /home/ubuntu/demo8/lib/python3.12/site-packages/airflow/example_dags/example_skip_dag.py for tasks to queue
[2024-12-18T20:33:20.811+0000] {logging_mixin.py:190} INFO - [2024-12-18T20:33:20.811+0000] {dagbag.py:588} INFO - Filling up the DagBag from /home/ubuntu/demo8/lib/python3.12/site-packages/airflow/example_dags/example_skip_dag.py
[2024-12-18T20:33:20.820+0000] {processor.py:925} INFO - DAG(s) 'example_skip_dag' retrieved from /home/ubuntu/demo8/lib/python3.12/site-packages/airflow/example_dags/example_skip_dag.py
[2024-12-18T20:33:20.839+0000] {logging_mixin.py:190} INFO - [2024-12-18T20:33:20.839+0000] {dag.py:3239} INFO - Sync 1 DAGs
[2024-12-18T20:33:20.861+0000] {logging_mixin.py:190} INFO - [2024-12-18T20:33:20.861+0000] {dag.py:4180} INFO - Setting next_dagrun for example_skip_dag to 2024-12-17 00:00:00+00:00, run_after=2024-12-18 00:00:00+00:00
[2024-12-18T20:33:20.884+0000] {processor.py:208} INFO - Processing /home/ubuntu/demo8/lib/python3.12/site-packages/airflow/example_dags/example_skip_dag.py took 0.082 seconds
[2024-12-18T20:34:20.619+0000] {processor.py:186} INFO - Started process (PID=3629) to work on /home/ubuntu/demo8/lib/python3.12/site-packages/airflow/example_dags/example_skip_dag.py
[2024-12-18T20:34:20.620+0000] {processor.py:914} INFO - Processing file /home/ubuntu/demo8/lib/python3.12/site-packages/airflow/example_dags/example_skip_dag.py for tasks to queue
[2024-12-18T20:34:20.623+0000] {logging_mixin.py:190} INFO - [2024-12-18T20:34:20.623+0000] {dagbag.py:588} INFO - Filling up the DagBag from /home/ubuntu/demo8/lib/python3.12/site-packages/airflow/example_dags/example_skip_dag.py
[2024-12-18T20:34:20.632+0000] {processor.py:925} INFO - DAG(s) 'example_skip_dag' retrieved from /home/ubuntu/demo8/lib/python3.12/site-packages/airflow/example_dags/example_skip_dag.py
[2024-12-18T20:34:20.786+0000] {logging_mixin.py:190} INFO - [2024-12-18T20:34:20.786+0000] {dag.py:3239} INFO - Sync 1 DAGs
[2024-12-18T20:34:20.805+0000] {logging_mixin.py:190} INFO - [2024-12-18T20:34:20.804+0000] {dag.py:4180} INFO - Setting next_dagrun for example_skip_dag to 2024-12-17 00:00:00+00:00, run_after=2024-12-18 00:00:00+00:00
[2024-12-18T20:34:20.825+0000] {processor.py:208} INFO - Processing /home/ubuntu/demo8/lib/python3.12/site-packages/airflow/example_dags/example_skip_dag.py took 0.212 seconds
[2024-12-18T20:35:25.201+0000] {processor.py:186} INFO - Started process (PID=3818) to work on /home/ubuntu/demo8/lib/python3.12/site-packages/airflow/example_dags/example_skip_dag.py
[2024-12-18T20:35:25.203+0000] {processor.py:914} INFO - Processing file /home/ubuntu/demo8/lib/python3.12/site-packages/airflow/example_dags/example_skip_dag.py for tasks to queue
[2024-12-18T20:35:25.206+0000] {logging_mixin.py:190} INFO - [2024-12-18T20:35:25.205+0000] {dagbag.py:588} INFO - Filling up the DagBag from /home/ubuntu/demo8/lib/python3.12/site-packages/airflow/example_dags/example_skip_dag.py
[2024-12-18T20:35:25.215+0000] {processor.py:925} INFO - DAG(s) 'example_skip_dag' retrieved from /home/ubuntu/demo8/lib/python3.12/site-packages/airflow/example_dags/example_skip_dag.py
[2024-12-18T20:35:25.234+0000] {logging_mixin.py:190} INFO - [2024-12-18T20:35:25.234+0000] {dag.py:3239} INFO - Sync 1 DAGs
[2024-12-18T20:35:25.257+0000] {logging_mixin.py:190} INFO - [2024-12-18T20:35:25.257+0000] {dag.py:4180} INFO - Setting next_dagrun for example_skip_dag to 2024-12-17 00:00:00+00:00, run_after=2024-12-18 00:00:00+00:00
[2024-12-18T20:35:25.283+0000] {processor.py:208} INFO - Processing /home/ubuntu/demo8/lib/python3.12/site-packages/airflow/example_dags/example_skip_dag.py took 0.088 seconds
[2024-12-18T20:36:22.820+0000] {processor.py:186} INFO - Started process (PID=3938) to work on /home/ubuntu/demo8/lib/python3.12/site-packages/airflow/example_dags/example_skip_dag.py
[2024-12-18T20:36:22.822+0000] {processor.py:914} INFO - Processing file /home/ubuntu/demo8/lib/python3.12/site-packages/airflow/example_dags/example_skip_dag.py for tasks to queue
[2024-12-18T20:36:22.825+0000] {logging_mixin.py:190} INFO - [2024-12-18T20:36:22.824+0000] {dagbag.py:588} INFO - Filling up the DagBag from /home/ubuntu/demo8/lib/python3.12/site-packages/airflow/example_dags/example_skip_dag.py
[2024-12-18T20:36:22.835+0000] {processor.py:925} INFO - DAG(s) 'example_skip_dag' retrieved from /home/ubuntu/demo8/lib/python3.12/site-packages/airflow/example_dags/example_skip_dag.py
[2024-12-18T20:36:22.854+0000] {logging_mixin.py:190} INFO - [2024-12-18T20:36:22.854+0000] {dag.py:3239} INFO - Sync 1 DAGs
[2024-12-18T20:36:22.878+0000] {logging_mixin.py:190} INFO - [2024-12-18T20:36:22.878+0000] {dag.py:4180} INFO - Setting next_dagrun for example_skip_dag to 2024-12-17 00:00:00+00:00, run_after=2024-12-18 00:00:00+00:00
[2024-12-18T20:36:22.902+0000] {processor.py:208} INFO - Processing /home/ubuntu/demo8/lib/python3.12/site-packages/airflow/example_dags/example_skip_dag.py took 0.088 seconds
[2024-12-18T20:37:19.660+0000] {processor.py:186} INFO - Started process (PID=4058) to work on /home/ubuntu/demo8/lib/python3.12/site-packages/airflow/example_dags/example_skip_dag.py
[2024-12-18T20:37:19.661+0000] {processor.py:914} INFO - Processing file /home/ubuntu/demo8/lib/python3.12/site-packages/airflow/example_dags/example_skip_dag.py for tasks to queue
[2024-12-18T20:37:19.664+0000] {logging_mixin.py:190} INFO - [2024-12-18T20:37:19.663+0000] {dagbag.py:588} INFO - Filling up the DagBag from /home/ubuntu/demo8/lib/python3.12/site-packages/airflow/example_dags/example_skip_dag.py
[2024-12-18T20:37:19.673+0000] {processor.py:925} INFO - DAG(s) 'example_skip_dag' retrieved from /home/ubuntu/demo8/lib/python3.12/site-packages/airflow/example_dags/example_skip_dag.py
[2024-12-18T20:37:19.692+0000] {logging_mixin.py:190} INFO - [2024-12-18T20:37:19.692+0000] {dag.py:3239} INFO - Sync 1 DAGs
[2024-12-18T20:37:19.715+0000] {logging_mixin.py:190} INFO - [2024-12-18T20:37:19.715+0000] {dag.py:4180} INFO - Setting next_dagrun for example_skip_dag to 2024-12-17 00:00:00+00:00, run_after=2024-12-18 00:00:00+00:00
[2024-12-18T20:37:19.738+0000] {processor.py:208} INFO - Processing /home/ubuntu/demo8/lib/python3.12/site-packages/airflow/example_dags/example_skip_dag.py took 0.084 seconds
[2024-12-18T20:38:14.486+0000] {processor.py:186} INFO - Started process (PID=4113) to work on /home/ubuntu/demo8/lib/python3.12/site-packages/airflow/example_dags/example_skip_dag.py
[2024-12-18T20:38:14.487+0000] {processor.py:914} INFO - Processing file /home/ubuntu/demo8/lib/python3.12/site-packages/airflow/example_dags/example_skip_dag.py for tasks to queue
[2024-12-18T20:38:14.490+0000] {logging_mixin.py:190} INFO - [2024-12-18T20:38:14.489+0000] {dagbag.py:588} INFO - Filling up the DagBag from /home/ubuntu/demo8/lib/python3.12/site-packages/airflow/example_dags/example_skip_dag.py
[2024-12-18T20:38:14.499+0000] {processor.py:925} INFO - DAG(s) 'example_skip_dag' retrieved from /home/ubuntu/demo8/lib/python3.12/site-packages/airflow/example_dags/example_skip_dag.py
[2024-12-18T20:38:14.527+0000] {logging_mixin.py:190} INFO - [2024-12-18T20:38:14.527+0000] {dag.py:3239} INFO - Sync 1 DAGs
[2024-12-18T20:38:14.550+0000] {logging_mixin.py:190} INFO - [2024-12-18T20:38:14.550+0000] {dag.py:4180} INFO - Setting next_dagrun for example_skip_dag to 2024-12-17 00:00:00+00:00, run_after=2024-12-18 00:00:00+00:00
[2024-12-18T20:38:14.574+0000] {processor.py:208} INFO - Processing /home/ubuntu/demo8/lib/python3.12/site-packages/airflow/example_dags/example_skip_dag.py took 0.095 seconds
[2024-12-18T20:39:10.958+0000] {processor.py:186} INFO - Started process (PID=4232) to work on /home/ubuntu/demo8/lib/python3.12/site-packages/airflow/example_dags/example_skip_dag.py
[2024-12-18T20:39:10.959+0000] {processor.py:914} INFO - Processing file /home/ubuntu/demo8/lib/python3.12/site-packages/airflow/example_dags/example_skip_dag.py for tasks to queue
[2024-12-18T20:39:10.962+0000] {logging_mixin.py:190} INFO - [2024-12-18T20:39:10.962+0000] {dagbag.py:588} INFO - Filling up the DagBag from /home/ubuntu/demo8/lib/python3.12/site-packages/airflow/example_dags/example_skip_dag.py
[2024-12-18T20:39:10.972+0000] {processor.py:925} INFO - DAG(s) 'example_skip_dag' retrieved from /home/ubuntu/demo8/lib/python3.12/site-packages/airflow/example_dags/example_skip_dag.py
[2024-12-18T20:39:10.991+0000] {logging_mixin.py:190} INFO - [2024-12-18T20:39:10.990+0000] {dag.py:3239} INFO - Sync 1 DAGs
[2024-12-18T20:39:11.013+0000] {logging_mixin.py:190} INFO - [2024-12-18T20:39:11.013+0000] {dag.py:4180} INFO - Setting next_dagrun for example_skip_dag to 2024-12-17 00:00:00+00:00, run_after=2024-12-18 00:00:00+00:00
[2024-12-18T20:39:11.036+0000] {processor.py:208} INFO - Processing /home/ubuntu/demo8/lib/python3.12/site-packages/airflow/example_dags/example_skip_dag.py took 0.085 seconds
[2024-12-18T20:40:06.084+0000] {processor.py:186} INFO - Started process (PID=4409) to work on /home/ubuntu/demo8/lib/python3.12/site-packages/airflow/example_dags/example_skip_dag.py
[2024-12-18T20:40:06.085+0000] {processor.py:914} INFO - Processing file /home/ubuntu/demo8/lib/python3.12/site-packages/airflow/example_dags/example_skip_dag.py for tasks to queue
[2024-12-18T20:40:06.088+0000] {logging_mixin.py:190} INFO - [2024-12-18T20:40:06.087+0000] {dagbag.py:588} INFO - Filling up the DagBag from /home/ubuntu/demo8/lib/python3.12/site-packages/airflow/example_dags/example_skip_dag.py
[2024-12-18T20:40:06.097+0000] {processor.py:925} INFO - DAG(s) 'example_skip_dag' retrieved from /home/ubuntu/demo8/lib/python3.12/site-packages/airflow/example_dags/example_skip_dag.py
[2024-12-18T20:40:06.116+0000] {logging_mixin.py:190} INFO - [2024-12-18T20:40:06.116+0000] {dag.py:3239} INFO - Sync 1 DAGs
[2024-12-18T20:40:06.138+0000] {logging_mixin.py:190} INFO - [2024-12-18T20:40:06.138+0000] {dag.py:4180} INFO - Setting next_dagrun for example_skip_dag to 2024-12-17 00:00:00+00:00, run_after=2024-12-18 00:00:00+00:00
[2024-12-18T20:40:06.161+0000] {processor.py:208} INFO - Processing /home/ubuntu/demo8/lib/python3.12/site-packages/airflow/example_dags/example_skip_dag.py took 0.083 seconds
[2024-12-18T20:41:04.168+0000] {processor.py:186} INFO - Started process (PID=4546) to work on /home/ubuntu/demo8/lib/python3.12/site-packages/airflow/example_dags/example_skip_dag.py
[2024-12-18T20:41:04.169+0000] {processor.py:914} INFO - Processing file /home/ubuntu/demo8/lib/python3.12/site-packages/airflow/example_dags/example_skip_dag.py for tasks to queue
[2024-12-18T20:41:04.172+0000] {logging_mixin.py:190} INFO - [2024-12-18T20:41:04.171+0000] {dagbag.py:588} INFO - Filling up the DagBag from /home/ubuntu/demo8/lib/python3.12/site-packages/airflow/example_dags/example_skip_dag.py
[2024-12-18T20:41:04.181+0000] {processor.py:925} INFO - DAG(s) 'example_skip_dag' retrieved from /home/ubuntu/demo8/lib/python3.12/site-packages/airflow/example_dags/example_skip_dag.py
[2024-12-18T20:41:04.201+0000] {logging_mixin.py:190} INFO - [2024-12-18T20:41:04.200+0000] {dag.py:3239} INFO - Sync 1 DAGs
[2024-12-18T20:41:04.222+0000] {logging_mixin.py:190} INFO - [2024-12-18T20:41:04.222+0000] {dag.py:4180} INFO - Setting next_dagrun for example_skip_dag to 2024-12-17 00:00:00+00:00, run_after=2024-12-18 00:00:00+00:00
[2024-12-18T20:41:04.246+0000] {processor.py:208} INFO - Processing /home/ubuntu/demo8/lib/python3.12/site-packages/airflow/example_dags/example_skip_dag.py took 0.087 seconds
[2024-12-18T20:41:56.832+0000] {processor.py:186} INFO - Started process (PID=4665) to work on /home/ubuntu/demo8/lib/python3.12/site-packages/airflow/example_dags/example_skip_dag.py
[2024-12-18T20:41:56.834+0000] {processor.py:914} INFO - Processing file /home/ubuntu/demo8/lib/python3.12/site-packages/airflow/example_dags/example_skip_dag.py for tasks to queue
[2024-12-18T20:41:56.836+0000] {logging_mixin.py:190} INFO - [2024-12-18T20:41:56.836+0000] {dagbag.py:588} INFO - Filling up the DagBag from /home/ubuntu/demo8/lib/python3.12/site-packages/airflow/example_dags/example_skip_dag.py
[2024-12-18T20:41:56.846+0000] {processor.py:925} INFO - DAG(s) 'example_skip_dag' retrieved from /home/ubuntu/demo8/lib/python3.12/site-packages/airflow/example_dags/example_skip_dag.py
[2024-12-18T20:41:56.865+0000] {logging_mixin.py:190} INFO - [2024-12-18T20:41:56.865+0000] {dag.py:3239} INFO - Sync 1 DAGs
[2024-12-18T20:41:56.889+0000] {logging_mixin.py:190} INFO - [2024-12-18T20:41:56.888+0000] {dag.py:4180} INFO - Setting next_dagrun for example_skip_dag to 2024-12-17 00:00:00+00:00, run_after=2024-12-18 00:00:00+00:00
[2024-12-18T20:41:56.919+0000] {processor.py:208} INFO - Processing /home/ubuntu/demo8/lib/python3.12/site-packages/airflow/example_dags/example_skip_dag.py took 0.093 seconds
[2024-12-18T20:42:49.908+0000] {processor.py:186} INFO - Started process (PID=4778) to work on /home/ubuntu/demo8/lib/python3.12/site-packages/airflow/example_dags/example_skip_dag.py
[2024-12-18T20:42:49.909+0000] {processor.py:914} INFO - Processing file /home/ubuntu/demo8/lib/python3.12/site-packages/airflow/example_dags/example_skip_dag.py for tasks to queue
[2024-12-18T20:42:49.912+0000] {logging_mixin.py:190} INFO - [2024-12-18T20:42:49.911+0000] {dagbag.py:588} INFO - Filling up the DagBag from /home/ubuntu/demo8/lib/python3.12/site-packages/airflow/example_dags/example_skip_dag.py
[2024-12-18T20:42:49.921+0000] {processor.py:925} INFO - DAG(s) 'example_skip_dag' retrieved from /home/ubuntu/demo8/lib/python3.12/site-packages/airflow/example_dags/example_skip_dag.py
[2024-12-18T20:42:49.941+0000] {logging_mixin.py:190} INFO - [2024-12-18T20:42:49.941+0000] {dag.py:3239} INFO - Sync 1 DAGs
[2024-12-18T20:42:49.963+0000] {logging_mixin.py:190} INFO - [2024-12-18T20:42:49.962+0000] {dag.py:4180} INFO - Setting next_dagrun for example_skip_dag to 2024-12-17 00:00:00+00:00, run_after=2024-12-18 00:00:00+00:00
[2024-12-18T20:42:49.988+0000] {processor.py:208} INFO - Processing /home/ubuntu/demo8/lib/python3.12/site-packages/airflow/example_dags/example_skip_dag.py took 0.087 seconds
[2024-12-18T20:43:43.981+0000] {processor.py:186} INFO - Started process (PID=4895) to work on /home/ubuntu/demo8/lib/python3.12/site-packages/airflow/example_dags/example_skip_dag.py
[2024-12-18T20:43:43.982+0000] {processor.py:914} INFO - Processing file /home/ubuntu/demo8/lib/python3.12/site-packages/airflow/example_dags/example_skip_dag.py for tasks to queue
[2024-12-18T20:43:43.985+0000] {logging_mixin.py:190} INFO - [2024-12-18T20:43:43.984+0000] {dagbag.py:588} INFO - Filling up the DagBag from /home/ubuntu/demo8/lib/python3.12/site-packages/airflow/example_dags/example_skip_dag.py
[2024-12-18T20:43:43.994+0000] {processor.py:925} INFO - DAG(s) 'example_skip_dag' retrieved from /home/ubuntu/demo8/lib/python3.12/site-packages/airflow/example_dags/example_skip_dag.py
[2024-12-18T20:43:44.013+0000] {logging_mixin.py:190} INFO - [2024-12-18T20:43:44.013+0000] {dag.py:3239} INFO - Sync 1 DAGs
[2024-12-18T20:43:44.035+0000] {logging_mixin.py:190} INFO - [2024-12-18T20:43:44.035+0000] {dag.py:4180} INFO - Setting next_dagrun for example_skip_dag to 2024-12-17 00:00:00+00:00, run_after=2024-12-18 00:00:00+00:00
[2024-12-18T20:43:44.058+0000] {processor.py:208} INFO - Processing /home/ubuntu/demo8/lib/python3.12/site-packages/airflow/example_dags/example_skip_dag.py took 0.084 seconds
[2024-12-18T20:44:38.911+0000] {processor.py:186} INFO - Started process (PID=5072) to work on /home/ubuntu/demo8/lib/python3.12/site-packages/airflow/example_dags/example_skip_dag.py
[2024-12-18T20:44:38.913+0000] {processor.py:914} INFO - Processing file /home/ubuntu/demo8/lib/python3.12/site-packages/airflow/example_dags/example_skip_dag.py for tasks to queue
[2024-12-18T20:44:38.916+0000] {logging_mixin.py:190} INFO - [2024-12-18T20:44:38.915+0000] {dagbag.py:588} INFO - Filling up the DagBag from /home/ubuntu/demo8/lib/python3.12/site-packages/airflow/example_dags/example_skip_dag.py
[2024-12-18T20:44:38.926+0000] {processor.py:925} INFO - DAG(s) 'example_skip_dag' retrieved from /home/ubuntu/demo8/lib/python3.12/site-packages/airflow/example_dags/example_skip_dag.py
[2024-12-18T20:44:38.945+0000] {logging_mixin.py:190} INFO - [2024-12-18T20:44:38.945+0000] {dag.py:3239} INFO - Sync 1 DAGs
[2024-12-18T20:44:38.967+0000] {logging_mixin.py:190} INFO - [2024-12-18T20:44:38.967+0000] {dag.py:4180} INFO - Setting next_dagrun for example_skip_dag to 2024-12-17 00:00:00+00:00, run_after=2024-12-18 00:00:00+00:00
[2024-12-18T20:44:38.989+0000] {processor.py:208} INFO - Processing /home/ubuntu/demo8/lib/python3.12/site-packages/airflow/example_dags/example_skip_dag.py took 0.085 seconds
[2024-12-18T20:45:32.163+0000] {processor.py:186} INFO - Started process (PID=5193) to work on /home/ubuntu/demo8/lib/python3.12/site-packages/airflow/example_dags/example_skip_dag.py
[2024-12-18T20:45:32.165+0000] {processor.py:914} INFO - Processing file /home/ubuntu/demo8/lib/python3.12/site-packages/airflow/example_dags/example_skip_dag.py for tasks to queue
[2024-12-18T20:45:32.168+0000] {logging_mixin.py:190} INFO - [2024-12-18T20:45:32.167+0000] {dagbag.py:588} INFO - Filling up the DagBag from /home/ubuntu/demo8/lib/python3.12/site-packages/airflow/example_dags/example_skip_dag.py
[2024-12-18T20:45:32.177+0000] {processor.py:925} INFO - DAG(s) 'example_skip_dag' retrieved from /home/ubuntu/demo8/lib/python3.12/site-packages/airflow/example_dags/example_skip_dag.py
[2024-12-18T20:45:32.197+0000] {logging_mixin.py:190} INFO - [2024-12-18T20:45:32.197+0000] {dag.py:3239} INFO - Sync 1 DAGs
[2024-12-18T20:45:32.219+0000] {logging_mixin.py:190} INFO - [2024-12-18T20:45:32.219+0000] {dag.py:4180} INFO - Setting next_dagrun for example_skip_dag to 2024-12-17 00:00:00+00:00, run_after=2024-12-18 00:00:00+00:00
[2024-12-18T20:45:32.243+0000] {processor.py:208} INFO - Processing /home/ubuntu/demo8/lib/python3.12/site-packages/airflow/example_dags/example_skip_dag.py took 0.086 seconds
[2024-12-18T20:47:15.504+0000] {processor.py:186} INFO - Started process (PID=5824) to work on /home/ubuntu/demo8/lib/python3.12/site-packages/airflow/example_dags/example_skip_dag.py
[2024-12-18T20:47:15.505+0000] {processor.py:914} INFO - Processing file /home/ubuntu/demo8/lib/python3.12/site-packages/airflow/example_dags/example_skip_dag.py for tasks to queue
[2024-12-18T20:47:15.508+0000] {logging_mixin.py:190} INFO - [2024-12-18T20:47:15.508+0000] {dagbag.py:588} INFO - Filling up the DagBag from /home/ubuntu/demo8/lib/python3.12/site-packages/airflow/example_dags/example_skip_dag.py
[2024-12-18T20:47:15.517+0000] {processor.py:925} INFO - DAG(s) 'example_skip_dag' retrieved from /home/ubuntu/demo8/lib/python3.12/site-packages/airflow/example_dags/example_skip_dag.py
[2024-12-18T20:47:15.538+0000] {logging_mixin.py:190} INFO - [2024-12-18T20:47:15.538+0000] {dag.py:3239} INFO - Sync 1 DAGs
[2024-12-18T20:47:15.562+0000] {logging_mixin.py:190} INFO - [2024-12-18T20:47:15.561+0000] {dag.py:4180} INFO - Setting next_dagrun for example_skip_dag to 2024-12-17 00:00:00+00:00, run_after=2024-12-18 00:00:00+00:00
[2024-12-18T20:47:15.586+0000] {processor.py:208} INFO - Processing /home/ubuntu/demo8/lib/python3.12/site-packages/airflow/example_dags/example_skip_dag.py took 0.088 seconds
[2024-12-18T20:48:14.396+0000] {processor.py:186} INFO - Started process (PID=5944) to work on /home/ubuntu/demo8/lib/python3.12/site-packages/airflow/example_dags/example_skip_dag.py
[2024-12-18T20:48:14.398+0000] {processor.py:914} INFO - Processing file /home/ubuntu/demo8/lib/python3.12/site-packages/airflow/example_dags/example_skip_dag.py for tasks to queue
[2024-12-18T20:48:14.400+0000] {logging_mixin.py:190} INFO - [2024-12-18T20:48:14.400+0000] {dagbag.py:588} INFO - Filling up the DagBag from /home/ubuntu/demo8/lib/python3.12/site-packages/airflow/example_dags/example_skip_dag.py
[2024-12-18T20:48:14.410+0000] {processor.py:925} INFO - DAG(s) 'example_skip_dag' retrieved from /home/ubuntu/demo8/lib/python3.12/site-packages/airflow/example_dags/example_skip_dag.py
[2024-12-18T20:48:14.429+0000] {logging_mixin.py:190} INFO - [2024-12-18T20:48:14.429+0000] {dag.py:3239} INFO - Sync 1 DAGs
[2024-12-18T20:48:14.451+0000] {logging_mixin.py:190} INFO - [2024-12-18T20:48:14.451+0000] {dag.py:4180} INFO - Setting next_dagrun for example_skip_dag to 2024-12-17 00:00:00+00:00, run_after=2024-12-18 00:00:00+00:00
[2024-12-18T20:48:14.476+0000] {processor.py:208} INFO - Processing /home/ubuntu/demo8/lib/python3.12/site-packages/airflow/example_dags/example_skip_dag.py took 0.086 seconds
[2024-12-18T20:49:11.461+0000] {processor.py:186} INFO - Started process (PID=6425) to work on /home/ubuntu/demo8/lib/python3.12/site-packages/airflow/example_dags/example_skip_dag.py
[2024-12-18T20:49:11.463+0000] {processor.py:914} INFO - Processing file /home/ubuntu/demo8/lib/python3.12/site-packages/airflow/example_dags/example_skip_dag.py for tasks to queue
[2024-12-18T20:49:11.465+0000] {logging_mixin.py:190} INFO - [2024-12-18T20:49:11.465+0000] {dagbag.py:588} INFO - Filling up the DagBag from /home/ubuntu/demo8/lib/python3.12/site-packages/airflow/example_dags/example_skip_dag.py
[2024-12-18T20:49:11.475+0000] {processor.py:925} INFO - DAG(s) 'example_skip_dag' retrieved from /home/ubuntu/demo8/lib/python3.12/site-packages/airflow/example_dags/example_skip_dag.py
[2024-12-18T20:49:11.494+0000] {logging_mixin.py:190} INFO - [2024-12-18T20:49:11.494+0000] {dag.py:3239} INFO - Sync 1 DAGs
[2024-12-18T20:49:11.518+0000] {logging_mixin.py:190} INFO - [2024-12-18T20:49:11.518+0000] {dag.py:4180} INFO - Setting next_dagrun for example_skip_dag to 2024-12-17 00:00:00+00:00, run_after=2024-12-18 00:00:00+00:00
[2024-12-18T20:49:11.543+0000] {processor.py:208} INFO - Processing /home/ubuntu/demo8/lib/python3.12/site-packages/airflow/example_dags/example_skip_dag.py took 0.088 seconds
[2024-12-18T20:50:04.891+0000] {processor.py:186} INFO - Started process (PID=6660) to work on /home/ubuntu/demo8/lib/python3.12/site-packages/airflow/example_dags/example_skip_dag.py
[2024-12-18T20:50:04.892+0000] {processor.py:914} INFO - Processing file /home/ubuntu/demo8/lib/python3.12/site-packages/airflow/example_dags/example_skip_dag.py for tasks to queue
[2024-12-18T20:50:04.895+0000] {logging_mixin.py:190} INFO - [2024-12-18T20:50:04.895+0000] {dagbag.py:588} INFO - Filling up the DagBag from /home/ubuntu/demo8/lib/python3.12/site-packages/airflow/example_dags/example_skip_dag.py
[2024-12-18T20:50:04.904+0000] {processor.py:925} INFO - DAG(s) 'example_skip_dag' retrieved from /home/ubuntu/demo8/lib/python3.12/site-packages/airflow/example_dags/example_skip_dag.py
[2024-12-18T20:50:04.923+0000] {logging_mixin.py:190} INFO - [2024-12-18T20:50:04.923+0000] {dag.py:3239} INFO - Sync 1 DAGs
[2024-12-18T20:50:04.945+0000] {logging_mixin.py:190} INFO - [2024-12-18T20:50:04.944+0000] {dag.py:4180} INFO - Setting next_dagrun for example_skip_dag to 2024-12-17 00:00:00+00:00, run_after=2024-12-18 00:00:00+00:00
[2024-12-18T20:50:04.968+0000] {processor.py:208} INFO - Processing /home/ubuntu/demo8/lib/python3.12/site-packages/airflow/example_dags/example_skip_dag.py took 0.082 seconds
[2024-12-18T20:51:02.081+0000] {processor.py:186} INFO - Started process (PID=6933) to work on /home/ubuntu/demo8/lib/python3.12/site-packages/airflow/example_dags/example_skip_dag.py
[2024-12-18T20:51:02.082+0000] {processor.py:914} INFO - Processing file /home/ubuntu/demo8/lib/python3.12/site-packages/airflow/example_dags/example_skip_dag.py for tasks to queue
[2024-12-18T20:51:02.085+0000] {logging_mixin.py:190} INFO - [2024-12-18T20:51:02.085+0000] {dagbag.py:588} INFO - Filling up the DagBag from /home/ubuntu/demo8/lib/python3.12/site-packages/airflow/example_dags/example_skip_dag.py
[2024-12-18T20:51:02.094+0000] {processor.py:925} INFO - DAG(s) 'example_skip_dag' retrieved from /home/ubuntu/demo8/lib/python3.12/site-packages/airflow/example_dags/example_skip_dag.py
[2024-12-18T20:51:02.115+0000] {logging_mixin.py:190} INFO - [2024-12-18T20:51:02.115+0000] {dag.py:3239} INFO - Sync 1 DAGs
[2024-12-18T20:51:02.137+0000] {logging_mixin.py:190} INFO - [2024-12-18T20:51:02.137+0000] {dag.py:4180} INFO - Setting next_dagrun for example_skip_dag to 2024-12-17 00:00:00+00:00, run_after=2024-12-18 00:00:00+00:00
[2024-12-18T20:51:02.166+0000] {processor.py:208} INFO - Processing /home/ubuntu/demo8/lib/python3.12/site-packages/airflow/example_dags/example_skip_dag.py took 0.091 seconds
