[2024-12-18T15:45:09.391+0000] {processor.py:186} INFO - Started process (PID=3691) to work on /home/ubuntu/demo8/lib/python3.12/site-packages/airflow/example_dags/example_bash_operator.py
[2024-12-18T15:45:09.392+0000] {processor.py:914} INFO - Processing file /home/ubuntu/demo8/lib/python3.12/site-packages/airflow/example_dags/example_bash_operator.py for tasks to queue
[2024-12-18T15:45:09.394+0000] {logging_mixin.py:190} INFO - [2024-12-18T15:45:09.394+0000] {dagbag.py:588} INFO - Filling up the DagBag from /home/ubuntu/demo8/lib/python3.12/site-packages/airflow/example_dags/example_bash_operator.py
[2024-12-18T15:45:09.409+0000] {processor.py:925} INFO - DAG(s) 'example_bash_operator' retrieved from /home/ubuntu/demo8/lib/python3.12/site-packages/airflow/example_dags/example_bash_operator.py
[2024-12-18T15:45:09.529+0000] {logging_mixin.py:190} INFO - [2024-12-18T15:45:09.529+0000] {override.py:1911} INFO - Created Permission View: can read on DAG:example_bash_operator
[2024-12-18T15:45:09.542+0000] {logging_mixin.py:190} INFO - [2024-12-18T15:45:09.542+0000] {override.py:1911} INFO - Created Permission View: can delete on DAG:example_bash_operator
[2024-12-18T15:45:09.551+0000] {logging_mixin.py:190} INFO - [2024-12-18T15:45:09.551+0000] {override.py:1911} INFO - Created Permission View: can edit on DAG:example_bash_operator
[2024-12-18T15:45:09.566+0000] {logging_mixin.py:190} INFO - [2024-12-18T15:45:09.566+0000] {override.py:1911} INFO - Created Permission View: can create on DAG Run:example_bash_operator
[2024-12-18T15:45:09.576+0000] {logging_mixin.py:190} INFO - [2024-12-18T15:45:09.576+0000] {override.py:1911} INFO - Created Permission View: can read on DAG Run:example_bash_operator
[2024-12-18T15:45:09.585+0000] {logging_mixin.py:190} INFO - [2024-12-18T15:45:09.585+0000] {override.py:1911} INFO - Created Permission View: menu access on DAG Run:example_bash_operator
[2024-12-18T15:45:09.595+0000] {logging_mixin.py:190} INFO - [2024-12-18T15:45:09.594+0000] {override.py:1911} INFO - Created Permission View: can delete on DAG Run:example_bash_operator
[2024-12-18T15:45:09.595+0000] {logging_mixin.py:190} INFO - [2024-12-18T15:45:09.595+0000] {dag.py:3239} INFO - Sync 1 DAGs
[2024-12-18T15:45:09.607+0000] {logging_mixin.py:190} INFO - [2024-12-18T15:45:09.607+0000] {dag.py:3262} INFO - Creating ORM DAG for example_bash_operator
[2024-12-18T15:45:09.617+0000] {logging_mixin.py:190} INFO - [2024-12-18T15:45:09.617+0000] {dag.py:4180} INFO - Setting next_dagrun for example_bash_operator to 2024-12-17 00:00:00+00:00, run_after=2024-12-18 00:00:00+00:00
[2024-12-18T15:45:09.647+0000] {processor.py:208} INFO - Processing /home/ubuntu/demo8/lib/python3.12/site-packages/airflow/example_dags/example_bash_operator.py took 0.261 seconds
[2024-12-18T15:46:13.500+0000] {processor.py:186} INFO - Started process (PID=3790) to work on /home/ubuntu/demo8/lib/python3.12/site-packages/airflow/example_dags/example_bash_operator.py
[2024-12-18T15:46:13.501+0000] {processor.py:914} INFO - Processing file /home/ubuntu/demo8/lib/python3.12/site-packages/airflow/example_dags/example_bash_operator.py for tasks to queue
[2024-12-18T15:46:13.503+0000] {logging_mixin.py:190} INFO - [2024-12-18T15:46:13.503+0000] {dagbag.py:588} INFO - Filling up the DagBag from /home/ubuntu/demo8/lib/python3.12/site-packages/airflow/example_dags/example_bash_operator.py
[2024-12-18T15:46:13.518+0000] {processor.py:925} INFO - DAG(s) 'example_bash_operator' retrieved from /home/ubuntu/demo8/lib/python3.12/site-packages/airflow/example_dags/example_bash_operator.py
[2024-12-18T15:46:13.543+0000] {logging_mixin.py:190} INFO - [2024-12-18T15:46:13.543+0000] {dag.py:3239} INFO - Sync 1 DAGs
[2024-12-18T15:46:13.565+0000] {logging_mixin.py:190} INFO - [2024-12-18T15:46:13.565+0000] {dag.py:4180} INFO - Setting next_dagrun for example_bash_operator to 2024-12-17 00:00:00+00:00, run_after=2024-12-18 00:00:00+00:00
[2024-12-18T15:46:13.587+0000] {processor.py:208} INFO - Processing /home/ubuntu/demo8/lib/python3.12/site-packages/airflow/example_dags/example_bash_operator.py took 0.093 seconds
[2024-12-18T15:47:10.551+0000] {processor.py:186} INFO - Started process (PID=4257) to work on /home/ubuntu/demo8/lib/python3.12/site-packages/airflow/example_dags/example_bash_operator.py
[2024-12-18T15:47:10.552+0000] {processor.py:914} INFO - Processing file /home/ubuntu/demo8/lib/python3.12/site-packages/airflow/example_dags/example_bash_operator.py for tasks to queue
[2024-12-18T15:47:10.555+0000] {logging_mixin.py:190} INFO - [2024-12-18T15:47:10.554+0000] {dagbag.py:588} INFO - Filling up the DagBag from /home/ubuntu/demo8/lib/python3.12/site-packages/airflow/example_dags/example_bash_operator.py
[2024-12-18T15:47:10.570+0000] {processor.py:925} INFO - DAG(s) 'example_bash_operator' retrieved from /home/ubuntu/demo8/lib/python3.12/site-packages/airflow/example_dags/example_bash_operator.py
[2024-12-18T15:47:10.594+0000] {logging_mixin.py:190} INFO - [2024-12-18T15:47:10.594+0000] {dag.py:3239} INFO - Sync 1 DAGs
[2024-12-18T15:47:10.616+0000] {logging_mixin.py:190} INFO - [2024-12-18T15:47:10.616+0000] {dag.py:4180} INFO - Setting next_dagrun for example_bash_operator to 2024-12-17 00:00:00+00:00, run_after=2024-12-18 00:00:00+00:00
[2024-12-18T15:47:10.655+0000] {processor.py:208} INFO - Processing /home/ubuntu/demo8/lib/python3.12/site-packages/airflow/example_dags/example_bash_operator.py took 0.109 seconds
[2024-12-18T15:48:31.711+0000] {processor.py:186} INFO - Started process (PID=4341) to work on /home/ubuntu/demo8/lib/python3.12/site-packages/airflow/example_dags/example_bash_operator.py
[2024-12-18T15:48:31.712+0000] {processor.py:914} INFO - Processing file /home/ubuntu/demo8/lib/python3.12/site-packages/airflow/example_dags/example_bash_operator.py for tasks to queue
[2024-12-18T15:48:31.714+0000] {logging_mixin.py:190} INFO - [2024-12-18T15:48:31.714+0000] {dagbag.py:588} INFO - Filling up the DagBag from /home/ubuntu/demo8/lib/python3.12/site-packages/airflow/example_dags/example_bash_operator.py
[2024-12-18T15:48:31.729+0000] {processor.py:925} INFO - DAG(s) 'example_bash_operator' retrieved from /home/ubuntu/demo8/lib/python3.12/site-packages/airflow/example_dags/example_bash_operator.py
[2024-12-18T15:48:31.754+0000] {logging_mixin.py:190} INFO - [2024-12-18T15:48:31.754+0000] {dag.py:3239} INFO - Sync 1 DAGs
[2024-12-18T15:48:31.778+0000] {logging_mixin.py:190} INFO - [2024-12-18T15:48:31.777+0000] {dag.py:4180} INFO - Setting next_dagrun for example_bash_operator to 2024-12-17 00:00:00+00:00, run_after=2024-12-18 00:00:00+00:00
[2024-12-18T15:48:31.800+0000] {processor.py:208} INFO - Processing /home/ubuntu/demo8/lib/python3.12/site-packages/airflow/example_dags/example_bash_operator.py took 0.096 seconds
[2024-12-18T15:50:03.136+0000] {processor.py:186} INFO - Started process (PID=4429) to work on /home/ubuntu/demo8/lib/python3.12/site-packages/airflow/example_dags/example_bash_operator.py
[2024-12-18T15:50:03.138+0000] {processor.py:914} INFO - Processing file /home/ubuntu/demo8/lib/python3.12/site-packages/airflow/example_dags/example_bash_operator.py for tasks to queue
[2024-12-18T15:50:03.140+0000] {logging_mixin.py:190} INFO - [2024-12-18T15:50:03.140+0000] {dagbag.py:588} INFO - Filling up the DagBag from /home/ubuntu/demo8/lib/python3.12/site-packages/airflow/example_dags/example_bash_operator.py
[2024-12-18T15:50:03.155+0000] {processor.py:925} INFO - DAG(s) 'example_bash_operator' retrieved from /home/ubuntu/demo8/lib/python3.12/site-packages/airflow/example_dags/example_bash_operator.py
[2024-12-18T15:50:03.180+0000] {logging_mixin.py:190} INFO - [2024-12-18T15:50:03.180+0000] {dag.py:3239} INFO - Sync 1 DAGs
[2024-12-18T15:50:03.204+0000] {logging_mixin.py:190} INFO - [2024-12-18T15:50:03.204+0000] {dag.py:4180} INFO - Setting next_dagrun for example_bash_operator to 2024-12-17 00:00:00+00:00, run_after=2024-12-18 00:00:00+00:00
[2024-12-18T15:50:03.226+0000] {processor.py:208} INFO - Processing /home/ubuntu/demo8/lib/python3.12/site-packages/airflow/example_dags/example_bash_operator.py took 0.095 seconds
[2024-12-18T15:51:01.770+0000] {processor.py:186} INFO - Started process (PID=4499) to work on /home/ubuntu/demo8/lib/python3.12/site-packages/airflow/example_dags/example_bash_operator.py
[2024-12-18T15:51:01.771+0000] {processor.py:914} INFO - Processing file /home/ubuntu/demo8/lib/python3.12/site-packages/airflow/example_dags/example_bash_operator.py for tasks to queue
[2024-12-18T15:51:01.774+0000] {logging_mixin.py:190} INFO - [2024-12-18T15:51:01.773+0000] {dagbag.py:588} INFO - Filling up the DagBag from /home/ubuntu/demo8/lib/python3.12/site-packages/airflow/example_dags/example_bash_operator.py
[2024-12-18T15:51:01.790+0000] {processor.py:925} INFO - DAG(s) 'example_bash_operator' retrieved from /home/ubuntu/demo8/lib/python3.12/site-packages/airflow/example_dags/example_bash_operator.py
[2024-12-18T15:51:01.815+0000] {logging_mixin.py:190} INFO - [2024-12-18T15:51:01.815+0000] {dag.py:3239} INFO - Sync 1 DAGs
[2024-12-18T15:51:01.839+0000] {logging_mixin.py:190} INFO - [2024-12-18T15:51:01.838+0000] {dag.py:4180} INFO - Setting next_dagrun for example_bash_operator to 2024-12-17 00:00:00+00:00, run_after=2024-12-18 00:00:00+00:00
[2024-12-18T15:51:01.862+0000] {processor.py:208} INFO - Processing /home/ubuntu/demo8/lib/python3.12/site-packages/airflow/example_dags/example_bash_operator.py took 0.099 seconds
[2024-12-18T15:52:20.509+0000] {processor.py:186} INFO - Started process (PID=4582) to work on /home/ubuntu/demo8/lib/python3.12/site-packages/airflow/example_dags/example_bash_operator.py
[2024-12-18T15:52:20.511+0000] {processor.py:914} INFO - Processing file /home/ubuntu/demo8/lib/python3.12/site-packages/airflow/example_dags/example_bash_operator.py for tasks to queue
[2024-12-18T15:52:20.513+0000] {logging_mixin.py:190} INFO - [2024-12-18T15:52:20.512+0000] {dagbag.py:588} INFO - Filling up the DagBag from /home/ubuntu/demo8/lib/python3.12/site-packages/airflow/example_dags/example_bash_operator.py
[2024-12-18T15:52:20.528+0000] {processor.py:925} INFO - DAG(s) 'example_bash_operator' retrieved from /home/ubuntu/demo8/lib/python3.12/site-packages/airflow/example_dags/example_bash_operator.py
[2024-12-18T15:52:20.564+0000] {logging_mixin.py:190} INFO - [2024-12-18T15:52:20.564+0000] {dag.py:3239} INFO - Sync 1 DAGs
[2024-12-18T15:52:20.587+0000] {logging_mixin.py:190} INFO - [2024-12-18T15:52:20.587+0000] {dag.py:4180} INFO - Setting next_dagrun for example_bash_operator to 2024-12-17 00:00:00+00:00, run_after=2024-12-18 00:00:00+00:00
[2024-12-18T15:52:20.611+0000] {processor.py:208} INFO - Processing /home/ubuntu/demo8/lib/python3.12/site-packages/airflow/example_dags/example_bash_operator.py took 0.108 seconds
[2024-12-18T15:53:17.821+0000] {processor.py:186} INFO - Started process (PID=4642) to work on /home/ubuntu/demo8/lib/python3.12/site-packages/airflow/example_dags/example_bash_operator.py
[2024-12-18T15:53:17.822+0000] {processor.py:914} INFO - Processing file /home/ubuntu/demo8/lib/python3.12/site-packages/airflow/example_dags/example_bash_operator.py for tasks to queue
[2024-12-18T15:53:17.825+0000] {logging_mixin.py:190} INFO - [2024-12-18T15:53:17.824+0000] {dagbag.py:588} INFO - Filling up the DagBag from /home/ubuntu/demo8/lib/python3.12/site-packages/airflow/example_dags/example_bash_operator.py
[2024-12-18T15:53:17.840+0000] {processor.py:925} INFO - DAG(s) 'example_bash_operator' retrieved from /home/ubuntu/demo8/lib/python3.12/site-packages/airflow/example_dags/example_bash_operator.py
[2024-12-18T15:53:17.866+0000] {logging_mixin.py:190} INFO - [2024-12-18T15:53:17.866+0000] {dag.py:3239} INFO - Sync 1 DAGs
[2024-12-18T15:53:17.890+0000] {logging_mixin.py:190} INFO - [2024-12-18T15:53:17.890+0000] {dag.py:4180} INFO - Setting next_dagrun for example_bash_operator to 2024-12-17 00:00:00+00:00, run_after=2024-12-18 00:00:00+00:00
[2024-12-18T15:53:17.914+0000] {processor.py:208} INFO - Processing /home/ubuntu/demo8/lib/python3.12/site-packages/airflow/example_dags/example_bash_operator.py took 0.099 seconds
[2024-12-18T15:55:15.760+0000] {processor.py:186} INFO - Started process (PID=4791) to work on /home/ubuntu/demo8/lib/python3.12/site-packages/airflow/example_dags/example_bash_operator.py
[2024-12-18T15:55:15.761+0000] {processor.py:914} INFO - Processing file /home/ubuntu/demo8/lib/python3.12/site-packages/airflow/example_dags/example_bash_operator.py for tasks to queue
[2024-12-18T15:55:15.763+0000] {logging_mixin.py:190} INFO - [2024-12-18T15:55:15.763+0000] {dagbag.py:588} INFO - Filling up the DagBag from /home/ubuntu/demo8/lib/python3.12/site-packages/airflow/example_dags/example_bash_operator.py
[2024-12-18T15:55:15.778+0000] {processor.py:925} INFO - DAG(s) 'example_bash_operator' retrieved from /home/ubuntu/demo8/lib/python3.12/site-packages/airflow/example_dags/example_bash_operator.py
[2024-12-18T15:55:15.803+0000] {logging_mixin.py:190} INFO - [2024-12-18T15:55:15.803+0000] {dag.py:3239} INFO - Sync 1 DAGs
[2024-12-18T15:55:15.825+0000] {logging_mixin.py:190} INFO - [2024-12-18T15:55:15.825+0000] {dag.py:4180} INFO - Setting next_dagrun for example_bash_operator to 2024-12-17 00:00:00+00:00, run_after=2024-12-18 00:00:00+00:00
[2024-12-18T15:55:15.849+0000] {processor.py:208} INFO - Processing /home/ubuntu/demo8/lib/python3.12/site-packages/airflow/example_dags/example_bash_operator.py took 0.095 seconds
[2024-12-18T15:56:12.612+0000] {processor.py:186} INFO - Started process (PID=4851) to work on /home/ubuntu/demo8/lib/python3.12/site-packages/airflow/example_dags/example_bash_operator.py
[2024-12-18T15:56:12.613+0000] {processor.py:914} INFO - Processing file /home/ubuntu/demo8/lib/python3.12/site-packages/airflow/example_dags/example_bash_operator.py for tasks to queue
[2024-12-18T15:56:12.615+0000] {logging_mixin.py:190} INFO - [2024-12-18T15:56:12.615+0000] {dagbag.py:588} INFO - Filling up the DagBag from /home/ubuntu/demo8/lib/python3.12/site-packages/airflow/example_dags/example_bash_operator.py
[2024-12-18T15:56:12.631+0000] {processor.py:925} INFO - DAG(s) 'example_bash_operator' retrieved from /home/ubuntu/demo8/lib/python3.12/site-packages/airflow/example_dags/example_bash_operator.py
[2024-12-18T15:56:12.656+0000] {logging_mixin.py:190} INFO - [2024-12-18T15:56:12.656+0000] {dag.py:3239} INFO - Sync 1 DAGs
[2024-12-18T15:56:12.679+0000] {logging_mixin.py:190} INFO - [2024-12-18T15:56:12.679+0000] {dag.py:4180} INFO - Setting next_dagrun for example_bash_operator to 2024-12-17 00:00:00+00:00, run_after=2024-12-18 00:00:00+00:00
[2024-12-18T15:56:12.701+0000] {processor.py:208} INFO - Processing /home/ubuntu/demo8/lib/python3.12/site-packages/airflow/example_dags/example_bash_operator.py took 0.096 seconds
[2024-12-18T15:57:43.276+0000] {processor.py:186} INFO - Started process (PID=4938) to work on /home/ubuntu/demo8/lib/python3.12/site-packages/airflow/example_dags/example_bash_operator.py
[2024-12-18T15:57:43.277+0000] {processor.py:914} INFO - Processing file /home/ubuntu/demo8/lib/python3.12/site-packages/airflow/example_dags/example_bash_operator.py for tasks to queue
[2024-12-18T15:57:43.279+0000] {logging_mixin.py:190} INFO - [2024-12-18T15:57:43.279+0000] {dagbag.py:588} INFO - Filling up the DagBag from /home/ubuntu/demo8/lib/python3.12/site-packages/airflow/example_dags/example_bash_operator.py
[2024-12-18T15:57:43.294+0000] {processor.py:925} INFO - DAG(s) 'example_bash_operator' retrieved from /home/ubuntu/demo8/lib/python3.12/site-packages/airflow/example_dags/example_bash_operator.py
[2024-12-18T15:57:43.319+0000] {logging_mixin.py:190} INFO - [2024-12-18T15:57:43.319+0000] {dag.py:3239} INFO - Sync 1 DAGs
[2024-12-18T15:57:43.342+0000] {logging_mixin.py:190} INFO - [2024-12-18T15:57:43.342+0000] {dag.py:4180} INFO - Setting next_dagrun for example_bash_operator to 2024-12-17 00:00:00+00:00, run_after=2024-12-18 00:00:00+00:00
[2024-12-18T15:57:43.366+0000] {processor.py:208} INFO - Processing /home/ubuntu/demo8/lib/python3.12/site-packages/airflow/example_dags/example_bash_operator.py took 0.096 seconds
[2024-12-18T15:58:40.120+0000] {processor.py:186} INFO - Started process (PID=4996) to work on /home/ubuntu/demo8/lib/python3.12/site-packages/airflow/example_dags/example_bash_operator.py
[2024-12-18T15:58:40.121+0000] {processor.py:914} INFO - Processing file /home/ubuntu/demo8/lib/python3.12/site-packages/airflow/example_dags/example_bash_operator.py for tasks to queue
[2024-12-18T15:58:40.124+0000] {logging_mixin.py:190} INFO - [2024-12-18T15:58:40.123+0000] {dagbag.py:588} INFO - Filling up the DagBag from /home/ubuntu/demo8/lib/python3.12/site-packages/airflow/example_dags/example_bash_operator.py
[2024-12-18T15:58:40.139+0000] {processor.py:925} INFO - DAG(s) 'example_bash_operator' retrieved from /home/ubuntu/demo8/lib/python3.12/site-packages/airflow/example_dags/example_bash_operator.py
[2024-12-18T15:58:40.165+0000] {logging_mixin.py:190} INFO - [2024-12-18T15:58:40.165+0000] {dag.py:3239} INFO - Sync 1 DAGs
[2024-12-18T15:58:40.188+0000] {logging_mixin.py:190} INFO - [2024-12-18T15:58:40.188+0000] {dag.py:4180} INFO - Setting next_dagrun for example_bash_operator to 2024-12-17 00:00:00+00:00, run_after=2024-12-18 00:00:00+00:00
[2024-12-18T15:58:40.212+0000] {processor.py:208} INFO - Processing /home/ubuntu/demo8/lib/python3.12/site-packages/airflow/example_dags/example_bash_operator.py took 0.098 seconds
[2024-12-18T16:00:42.097+0000] {processor.py:186} INFO - Started process (PID=5122) to work on /home/ubuntu/demo8/lib/python3.12/site-packages/airflow/example_dags/example_bash_operator.py
[2024-12-18T16:00:42.098+0000] {processor.py:914} INFO - Processing file /home/ubuntu/demo8/lib/python3.12/site-packages/airflow/example_dags/example_bash_operator.py for tasks to queue
[2024-12-18T16:00:42.101+0000] {logging_mixin.py:190} INFO - [2024-12-18T16:00:42.100+0000] {dagbag.py:588} INFO - Filling up the DagBag from /home/ubuntu/demo8/lib/python3.12/site-packages/airflow/example_dags/example_bash_operator.py
[2024-12-18T16:00:42.116+0000] {processor.py:925} INFO - DAG(s) 'example_bash_operator' retrieved from /home/ubuntu/demo8/lib/python3.12/site-packages/airflow/example_dags/example_bash_operator.py
[2024-12-18T16:00:42.141+0000] {logging_mixin.py:190} INFO - [2024-12-18T16:00:42.141+0000] {dag.py:3239} INFO - Sync 1 DAGs
[2024-12-18T16:00:42.164+0000] {logging_mixin.py:190} INFO - [2024-12-18T16:00:42.164+0000] {dag.py:4180} INFO - Setting next_dagrun for example_bash_operator to 2024-12-17 00:00:00+00:00, run_after=2024-12-18 00:00:00+00:00
[2024-12-18T16:00:42.188+0000] {processor.py:208} INFO - Processing /home/ubuntu/demo8/lib/python3.12/site-packages/airflow/example_dags/example_bash_operator.py took 0.097 seconds
[2024-12-18T16:01:38.833+0000] {processor.py:186} INFO - Started process (PID=5182) to work on /home/ubuntu/demo8/lib/python3.12/site-packages/airflow/example_dags/example_bash_operator.py
[2024-12-18T16:01:38.834+0000] {processor.py:914} INFO - Processing file /home/ubuntu/demo8/lib/python3.12/site-packages/airflow/example_dags/example_bash_operator.py for tasks to queue
[2024-12-18T16:01:38.836+0000] {logging_mixin.py:190} INFO - [2024-12-18T16:01:38.836+0000] {dagbag.py:588} INFO - Filling up the DagBag from /home/ubuntu/demo8/lib/python3.12/site-packages/airflow/example_dags/example_bash_operator.py
[2024-12-18T16:01:38.851+0000] {processor.py:925} INFO - DAG(s) 'example_bash_operator' retrieved from /home/ubuntu/demo8/lib/python3.12/site-packages/airflow/example_dags/example_bash_operator.py
[2024-12-18T16:01:38.876+0000] {logging_mixin.py:190} INFO - [2024-12-18T16:01:38.875+0000] {dag.py:3239} INFO - Sync 1 DAGs
[2024-12-18T16:01:38.898+0000] {logging_mixin.py:190} INFO - [2024-12-18T16:01:38.898+0000] {dag.py:4180} INFO - Setting next_dagrun for example_bash_operator to 2024-12-17 00:00:00+00:00, run_after=2024-12-18 00:00:00+00:00
[2024-12-18T16:01:38.920+0000] {processor.py:208} INFO - Processing /home/ubuntu/demo8/lib/python3.12/site-packages/airflow/example_dags/example_bash_operator.py took 0.093 seconds
[2024-12-18T16:02:58.977+0000] {processor.py:186} INFO - Started process (PID=5265) to work on /home/ubuntu/demo8/lib/python3.12/site-packages/airflow/example_dags/example_bash_operator.py
[2024-12-18T16:02:58.979+0000] {processor.py:914} INFO - Processing file /home/ubuntu/demo8/lib/python3.12/site-packages/airflow/example_dags/example_bash_operator.py for tasks to queue
[2024-12-18T16:02:58.981+0000] {logging_mixin.py:190} INFO - [2024-12-18T16:02:58.981+0000] {dagbag.py:588} INFO - Filling up the DagBag from /home/ubuntu/demo8/lib/python3.12/site-packages/airflow/example_dags/example_bash_operator.py
[2024-12-18T16:02:58.997+0000] {processor.py:925} INFO - DAG(s) 'example_bash_operator' retrieved from /home/ubuntu/demo8/lib/python3.12/site-packages/airflow/example_dags/example_bash_operator.py
[2024-12-18T16:02:59.023+0000] {logging_mixin.py:190} INFO - [2024-12-18T16:02:59.023+0000] {dag.py:3239} INFO - Sync 1 DAGs
[2024-12-18T16:02:59.046+0000] {logging_mixin.py:190} INFO - [2024-12-18T16:02:59.046+0000] {dag.py:4180} INFO - Setting next_dagrun for example_bash_operator to 2024-12-17 00:00:00+00:00, run_after=2024-12-18 00:00:00+00:00
[2024-12-18T16:02:59.070+0000] {processor.py:208} INFO - Processing /home/ubuntu/demo8/lib/python3.12/site-packages/airflow/example_dags/example_bash_operator.py took 0.098 seconds
[2024-12-18T20:30:10.243+0000] {processor.py:186} INFO - Started process (PID=2778) to work on /home/ubuntu/demo8/lib/python3.12/site-packages/airflow/example_dags/example_bash_operator.py
[2024-12-18T20:30:10.244+0000] {processor.py:914} INFO - Processing file /home/ubuntu/demo8/lib/python3.12/site-packages/airflow/example_dags/example_bash_operator.py for tasks to queue
[2024-12-18T20:30:10.247+0000] {logging_mixin.py:190} INFO - [2024-12-18T20:30:10.247+0000] {dagbag.py:588} INFO - Filling up the DagBag from /home/ubuntu/demo8/lib/python3.12/site-packages/airflow/example_dags/example_bash_operator.py
[2024-12-18T20:30:10.262+0000] {processor.py:925} INFO - DAG(s) 'example_bash_operator' retrieved from /home/ubuntu/demo8/lib/python3.12/site-packages/airflow/example_dags/example_bash_operator.py
[2024-12-18T20:30:10.287+0000] {logging_mixin.py:190} INFO - [2024-12-18T20:30:10.287+0000] {dag.py:3239} INFO - Sync 1 DAGs
[2024-12-18T20:30:10.315+0000] {logging_mixin.py:190} INFO - [2024-12-18T20:30:10.314+0000] {dag.py:4180} INFO - Setting next_dagrun for example_bash_operator to 2024-12-17 00:00:00+00:00, run_after=2024-12-18 00:00:00+00:00
[2024-12-18T20:30:10.357+0000] {processor.py:208} INFO - Processing /home/ubuntu/demo8/lib/python3.12/site-packages/airflow/example_dags/example_bash_operator.py took 0.120 seconds
[2024-12-18T20:31:06.252+0000] {processor.py:186} INFO - Started process (PID=3044) to work on /home/ubuntu/demo8/lib/python3.12/site-packages/airflow/example_dags/example_bash_operator.py
[2024-12-18T20:31:06.253+0000] {processor.py:914} INFO - Processing file /home/ubuntu/demo8/lib/python3.12/site-packages/airflow/example_dags/example_bash_operator.py for tasks to queue
[2024-12-18T20:31:06.256+0000] {logging_mixin.py:190} INFO - [2024-12-18T20:31:06.255+0000] {dagbag.py:588} INFO - Filling up the DagBag from /home/ubuntu/demo8/lib/python3.12/site-packages/airflow/example_dags/example_bash_operator.py
[2024-12-18T20:31:06.272+0000] {processor.py:925} INFO - DAG(s) 'example_bash_operator' retrieved from /home/ubuntu/demo8/lib/python3.12/site-packages/airflow/example_dags/example_bash_operator.py
[2024-12-18T20:31:06.297+0000] {logging_mixin.py:190} INFO - [2024-12-18T20:31:06.297+0000] {dag.py:3239} INFO - Sync 1 DAGs
[2024-12-18T20:31:06.320+0000] {logging_mixin.py:190} INFO - [2024-12-18T20:31:06.320+0000] {dag.py:4180} INFO - Setting next_dagrun for example_bash_operator to 2024-12-17 00:00:00+00:00, run_after=2024-12-18 00:00:00+00:00
[2024-12-18T20:31:06.346+0000] {processor.py:208} INFO - Processing /home/ubuntu/demo8/lib/python3.12/site-packages/airflow/example_dags/example_bash_operator.py took 0.100 seconds
[2024-12-18T20:32:04.105+0000] {processor.py:186} INFO - Started process (PID=3249) to work on /home/ubuntu/demo8/lib/python3.12/site-packages/airflow/example_dags/example_bash_operator.py
[2024-12-18T20:32:04.106+0000] {processor.py:914} INFO - Processing file /home/ubuntu/demo8/lib/python3.12/site-packages/airflow/example_dags/example_bash_operator.py for tasks to queue
[2024-12-18T20:32:04.109+0000] {logging_mixin.py:190} INFO - [2024-12-18T20:32:04.108+0000] {dagbag.py:588} INFO - Filling up the DagBag from /home/ubuntu/demo8/lib/python3.12/site-packages/airflow/example_dags/example_bash_operator.py
[2024-12-18T20:32:04.124+0000] {processor.py:925} INFO - DAG(s) 'example_bash_operator' retrieved from /home/ubuntu/demo8/lib/python3.12/site-packages/airflow/example_dags/example_bash_operator.py
[2024-12-18T20:32:04.148+0000] {logging_mixin.py:190} INFO - [2024-12-18T20:32:04.148+0000] {dag.py:3239} INFO - Sync 1 DAGs
[2024-12-18T20:32:04.171+0000] {logging_mixin.py:190} INFO - [2024-12-18T20:32:04.170+0000] {dag.py:4180} INFO - Setting next_dagrun for example_bash_operator to 2024-12-17 00:00:00+00:00, run_after=2024-12-18 00:00:00+00:00
[2024-12-18T20:32:04.194+0000] {processor.py:208} INFO - Processing /home/ubuntu/demo8/lib/python3.12/site-packages/airflow/example_dags/example_bash_operator.py took 0.095 seconds
[2024-12-18T20:33:26.674+0000] {processor.py:186} INFO - Started process (PID=3518) to work on /home/ubuntu/demo8/lib/python3.12/site-packages/airflow/example_dags/example_bash_operator.py
[2024-12-18T20:33:26.676+0000] {processor.py:914} INFO - Processing file /home/ubuntu/demo8/lib/python3.12/site-packages/airflow/example_dags/example_bash_operator.py for tasks to queue
[2024-12-18T20:33:26.678+0000] {logging_mixin.py:190} INFO - [2024-12-18T20:33:26.678+0000] {dagbag.py:588} INFO - Filling up the DagBag from /home/ubuntu/demo8/lib/python3.12/site-packages/airflow/example_dags/example_bash_operator.py
[2024-12-18T20:33:26.694+0000] {processor.py:925} INFO - DAG(s) 'example_bash_operator' retrieved from /home/ubuntu/demo8/lib/python3.12/site-packages/airflow/example_dags/example_bash_operator.py
[2024-12-18T20:33:26.719+0000] {logging_mixin.py:190} INFO - [2024-12-18T20:33:26.719+0000] {dag.py:3239} INFO - Sync 1 DAGs
[2024-12-18T20:33:26.743+0000] {logging_mixin.py:190} INFO - [2024-12-18T20:33:26.743+0000] {dag.py:4180} INFO - Setting next_dagrun for example_bash_operator to 2024-12-17 00:00:00+00:00, run_after=2024-12-18 00:00:00+00:00
[2024-12-18T20:33:26.774+0000] {processor.py:208} INFO - Processing /home/ubuntu/demo8/lib/python3.12/site-packages/airflow/example_dags/example_bash_operator.py took 0.106 seconds
[2024-12-18T20:35:01.596+0000] {processor.py:186} INFO - Started process (PID=3733) to work on /home/ubuntu/demo8/lib/python3.12/site-packages/airflow/example_dags/example_bash_operator.py
[2024-12-18T20:35:01.597+0000] {processor.py:914} INFO - Processing file /home/ubuntu/demo8/lib/python3.12/site-packages/airflow/example_dags/example_bash_operator.py for tasks to queue
[2024-12-18T20:35:01.600+0000] {logging_mixin.py:190} INFO - [2024-12-18T20:35:01.599+0000] {dagbag.py:588} INFO - Filling up the DagBag from /home/ubuntu/demo8/lib/python3.12/site-packages/airflow/example_dags/example_bash_operator.py
[2024-12-18T20:35:01.616+0000] {processor.py:925} INFO - DAG(s) 'example_bash_operator' retrieved from /home/ubuntu/demo8/lib/python3.12/site-packages/airflow/example_dags/example_bash_operator.py
[2024-12-18T20:35:01.642+0000] {logging_mixin.py:190} INFO - [2024-12-18T20:35:01.642+0000] {dag.py:3239} INFO - Sync 1 DAGs
[2024-12-18T20:35:01.668+0000] {logging_mixin.py:190} INFO - [2024-12-18T20:35:01.667+0000] {dag.py:4180} INFO - Setting next_dagrun for example_bash_operator to 2024-12-17 00:00:00+00:00, run_after=2024-12-18 00:00:00+00:00
[2024-12-18T20:35:01.693+0000] {processor.py:208} INFO - Processing /home/ubuntu/demo8/lib/python3.12/site-packages/airflow/example_dags/example_bash_operator.py took 0.103 seconds
[2024-12-18T20:36:00.150+0000] {processor.py:186} INFO - Started process (PID=3855) to work on /home/ubuntu/demo8/lib/python3.12/site-packages/airflow/example_dags/example_bash_operator.py
[2024-12-18T20:36:00.151+0000] {processor.py:914} INFO - Processing file /home/ubuntu/demo8/lib/python3.12/site-packages/airflow/example_dags/example_bash_operator.py for tasks to queue
[2024-12-18T20:36:00.154+0000] {logging_mixin.py:190} INFO - [2024-12-18T20:36:00.153+0000] {dagbag.py:588} INFO - Filling up the DagBag from /home/ubuntu/demo8/lib/python3.12/site-packages/airflow/example_dags/example_bash_operator.py
[2024-12-18T20:36:00.170+0000] {processor.py:925} INFO - DAG(s) 'example_bash_operator' retrieved from /home/ubuntu/demo8/lib/python3.12/site-packages/airflow/example_dags/example_bash_operator.py
[2024-12-18T20:36:00.195+0000] {logging_mixin.py:190} INFO - [2024-12-18T20:36:00.195+0000] {dag.py:3239} INFO - Sync 1 DAGs
[2024-12-18T20:36:00.218+0000] {logging_mixin.py:190} INFO - [2024-12-18T20:36:00.218+0000] {dag.py:4180} INFO - Setting next_dagrun for example_bash_operator to 2024-12-17 00:00:00+00:00, run_after=2024-12-18 00:00:00+00:00
[2024-12-18T20:36:00.242+0000] {processor.py:208} INFO - Processing /home/ubuntu/demo8/lib/python3.12/site-packages/airflow/example_dags/example_bash_operator.py took 0.098 seconds
[2024-12-18T20:36:58.033+0000] {processor.py:186} INFO - Started process (PID=3974) to work on /home/ubuntu/demo8/lib/python3.12/site-packages/airflow/example_dags/example_bash_operator.py
[2024-12-18T20:36:58.035+0000] {processor.py:914} INFO - Processing file /home/ubuntu/demo8/lib/python3.12/site-packages/airflow/example_dags/example_bash_operator.py for tasks to queue
[2024-12-18T20:36:58.038+0000] {logging_mixin.py:190} INFO - [2024-12-18T20:36:58.037+0000] {dagbag.py:588} INFO - Filling up the DagBag from /home/ubuntu/demo8/lib/python3.12/site-packages/airflow/example_dags/example_bash_operator.py
[2024-12-18T20:36:58.054+0000] {processor.py:925} INFO - DAG(s) 'example_bash_operator' retrieved from /home/ubuntu/demo8/lib/python3.12/site-packages/airflow/example_dags/example_bash_operator.py
[2024-12-18T20:36:58.080+0000] {logging_mixin.py:190} INFO - [2024-12-18T20:36:58.079+0000] {dag.py:3239} INFO - Sync 1 DAGs
[2024-12-18T20:36:58.104+0000] {logging_mixin.py:190} INFO - [2024-12-18T20:36:58.104+0000] {dag.py:4180} INFO - Setting next_dagrun for example_bash_operator to 2024-12-17 00:00:00+00:00, run_after=2024-12-18 00:00:00+00:00
[2024-12-18T20:36:58.129+0000] {processor.py:208} INFO - Processing /home/ubuntu/demo8/lib/python3.12/site-packages/airflow/example_dags/example_bash_operator.py took 0.102 seconds
[2024-12-18T20:38:20.470+0000] {processor.py:186} INFO - Started process (PID=4179) to work on /home/ubuntu/demo8/lib/python3.12/site-packages/airflow/example_dags/example_bash_operator.py
[2024-12-18T20:38:20.472+0000] {processor.py:914} INFO - Processing file /home/ubuntu/demo8/lib/python3.12/site-packages/airflow/example_dags/example_bash_operator.py for tasks to queue
[2024-12-18T20:38:20.474+0000] {logging_mixin.py:190} INFO - [2024-12-18T20:38:20.474+0000] {dagbag.py:588} INFO - Filling up the DagBag from /home/ubuntu/demo8/lib/python3.12/site-packages/airflow/example_dags/example_bash_operator.py
[2024-12-18T20:38:20.490+0000] {processor.py:925} INFO - DAG(s) 'example_bash_operator' retrieved from /home/ubuntu/demo8/lib/python3.12/site-packages/airflow/example_dags/example_bash_operator.py
[2024-12-18T20:38:20.516+0000] {logging_mixin.py:190} INFO - [2024-12-18T20:38:20.516+0000] {dag.py:3239} INFO - Sync 1 DAGs
[2024-12-18T20:38:20.540+0000] {logging_mixin.py:190} INFO - [2024-12-18T20:38:20.539+0000] {dag.py:4180} INFO - Setting next_dagrun for example_bash_operator to 2024-12-17 00:00:00+00:00, run_after=2024-12-18 00:00:00+00:00
[2024-12-18T20:38:20.564+0000] {processor.py:208} INFO - Processing /home/ubuntu/demo8/lib/python3.12/site-packages/airflow/example_dags/example_bash_operator.py took 0.100 seconds
[2024-12-18T20:39:44.326+0000] {processor.py:186} INFO - Started process (PID=4386) to work on /home/ubuntu/demo8/lib/python3.12/site-packages/airflow/example_dags/example_bash_operator.py
[2024-12-18T20:39:44.328+0000] {processor.py:914} INFO - Processing file /home/ubuntu/demo8/lib/python3.12/site-packages/airflow/example_dags/example_bash_operator.py for tasks to queue
[2024-12-18T20:39:44.330+0000] {logging_mixin.py:190} INFO - [2024-12-18T20:39:44.330+0000] {dagbag.py:588} INFO - Filling up the DagBag from /home/ubuntu/demo8/lib/python3.12/site-packages/airflow/example_dags/example_bash_operator.py
[2024-12-18T20:39:44.346+0000] {processor.py:925} INFO - DAG(s) 'example_bash_operator' retrieved from /home/ubuntu/demo8/lib/python3.12/site-packages/airflow/example_dags/example_bash_operator.py
[2024-12-18T20:39:44.372+0000] {logging_mixin.py:190} INFO - [2024-12-18T20:39:44.372+0000] {dag.py:3239} INFO - Sync 1 DAGs
[2024-12-18T20:39:44.407+0000] {logging_mixin.py:190} INFO - [2024-12-18T20:39:44.407+0000] {dag.py:4180} INFO - Setting next_dagrun for example_bash_operator to 2024-12-17 00:00:00+00:00, run_after=2024-12-18 00:00:00+00:00
[2024-12-18T20:39:44.431+0000] {processor.py:208} INFO - Processing /home/ubuntu/demo8/lib/python3.12/site-packages/airflow/example_dags/example_bash_operator.py took 0.112 seconds
[2024-12-18T20:40:40.662+0000] {processor.py:186} INFO - Started process (PID=4522) to work on /home/ubuntu/demo8/lib/python3.12/site-packages/airflow/example_dags/example_bash_operator.py
[2024-12-18T20:40:40.663+0000] {processor.py:914} INFO - Processing file /home/ubuntu/demo8/lib/python3.12/site-packages/airflow/example_dags/example_bash_operator.py for tasks to queue
[2024-12-18T20:40:40.666+0000] {logging_mixin.py:190} INFO - [2024-12-18T20:40:40.665+0000] {dagbag.py:588} INFO - Filling up the DagBag from /home/ubuntu/demo8/lib/python3.12/site-packages/airflow/example_dags/example_bash_operator.py
[2024-12-18T20:40:40.681+0000] {processor.py:925} INFO - DAG(s) 'example_bash_operator' retrieved from /home/ubuntu/demo8/lib/python3.12/site-packages/airflow/example_dags/example_bash_operator.py
[2024-12-18T20:40:40.707+0000] {logging_mixin.py:190} INFO - [2024-12-18T20:40:40.706+0000] {dag.py:3239} INFO - Sync 1 DAGs
[2024-12-18T20:40:40.731+0000] {logging_mixin.py:190} INFO - [2024-12-18T20:40:40.731+0000] {dag.py:4180} INFO - Setting next_dagrun for example_bash_operator to 2024-12-17 00:00:00+00:00, run_after=2024-12-18 00:00:00+00:00
[2024-12-18T20:40:40.754+0000] {processor.py:208} INFO - Processing /home/ubuntu/demo8/lib/python3.12/site-packages/airflow/example_dags/example_bash_operator.py took 0.098 seconds
[2024-12-18T20:41:59.698+0000] {processor.py:186} INFO - Started process (PID=4668) to work on /home/ubuntu/demo8/lib/python3.12/site-packages/airflow/example_dags/example_bash_operator.py
[2024-12-18T20:41:59.700+0000] {processor.py:914} INFO - Processing file /home/ubuntu/demo8/lib/python3.12/site-packages/airflow/example_dags/example_bash_operator.py for tasks to queue
[2024-12-18T20:41:59.702+0000] {logging_mixin.py:190} INFO - [2024-12-18T20:41:59.701+0000] {dagbag.py:588} INFO - Filling up the DagBag from /home/ubuntu/demo8/lib/python3.12/site-packages/airflow/example_dags/example_bash_operator.py
[2024-12-18T20:41:59.718+0000] {processor.py:925} INFO - DAG(s) 'example_bash_operator' retrieved from /home/ubuntu/demo8/lib/python3.12/site-packages/airflow/example_dags/example_bash_operator.py
[2024-12-18T20:41:59.753+0000] {logging_mixin.py:190} INFO - [2024-12-18T20:41:59.753+0000] {dag.py:3239} INFO - Sync 1 DAGs
[2024-12-18T20:41:59.778+0000] {logging_mixin.py:190} INFO - [2024-12-18T20:41:59.778+0000] {dag.py:4180} INFO - Setting next_dagrun for example_bash_operator to 2024-12-17 00:00:00+00:00, run_after=2024-12-18 00:00:00+00:00
[2024-12-18T20:41:59.802+0000] {processor.py:208} INFO - Processing /home/ubuntu/demo8/lib/python3.12/site-packages/airflow/example_dags/example_bash_operator.py took 0.111 seconds
[2024-12-18T20:43:22.220+0000] {processor.py:186} INFO - Started process (PID=4872) to work on /home/ubuntu/demo8/lib/python3.12/site-packages/airflow/example_dags/example_bash_operator.py
[2024-12-18T20:43:22.222+0000] {processor.py:914} INFO - Processing file /home/ubuntu/demo8/lib/python3.12/site-packages/airflow/example_dags/example_bash_operator.py for tasks to queue
[2024-12-18T20:43:22.224+0000] {logging_mixin.py:190} INFO - [2024-12-18T20:43:22.224+0000] {dagbag.py:588} INFO - Filling up the DagBag from /home/ubuntu/demo8/lib/python3.12/site-packages/airflow/example_dags/example_bash_operator.py
[2024-12-18T20:43:22.240+0000] {processor.py:925} INFO - DAG(s) 'example_bash_operator' retrieved from /home/ubuntu/demo8/lib/python3.12/site-packages/airflow/example_dags/example_bash_operator.py
[2024-12-18T20:43:22.265+0000] {logging_mixin.py:190} INFO - [2024-12-18T20:43:22.265+0000] {dag.py:3239} INFO - Sync 1 DAGs
[2024-12-18T20:43:22.288+0000] {logging_mixin.py:190} INFO - [2024-12-18T20:43:22.287+0000] {dag.py:4180} INFO - Setting next_dagrun for example_bash_operator to 2024-12-17 00:00:00+00:00, run_after=2024-12-18 00:00:00+00:00
[2024-12-18T20:43:22.310+0000] {processor.py:208} INFO - Processing /home/ubuntu/demo8/lib/python3.12/site-packages/airflow/example_dags/example_bash_operator.py took 0.095 seconds
[2024-12-18T20:44:43.023+0000] {processor.py:186} INFO - Started process (PID=5077) to work on /home/ubuntu/demo8/lib/python3.12/site-packages/airflow/example_dags/example_bash_operator.py
[2024-12-18T20:44:43.024+0000] {processor.py:914} INFO - Processing file /home/ubuntu/demo8/lib/python3.12/site-packages/airflow/example_dags/example_bash_operator.py for tasks to queue
[2024-12-18T20:44:43.027+0000] {logging_mixin.py:190} INFO - [2024-12-18T20:44:43.027+0000] {dagbag.py:588} INFO - Filling up the DagBag from /home/ubuntu/demo8/lib/python3.12/site-packages/airflow/example_dags/example_bash_operator.py
[2024-12-18T20:44:43.043+0000] {processor.py:925} INFO - DAG(s) 'example_bash_operator' retrieved from /home/ubuntu/demo8/lib/python3.12/site-packages/airflow/example_dags/example_bash_operator.py
[2024-12-18T20:44:43.068+0000] {logging_mixin.py:190} INFO - [2024-12-18T20:44:43.068+0000] {dag.py:3239} INFO - Sync 1 DAGs
[2024-12-18T20:44:43.091+0000] {logging_mixin.py:190} INFO - [2024-12-18T20:44:43.090+0000] {dag.py:4180} INFO - Setting next_dagrun for example_bash_operator to 2024-12-17 00:00:00+00:00, run_after=2024-12-18 00:00:00+00:00
[2024-12-18T20:44:43.113+0000] {processor.py:208} INFO - Processing /home/ubuntu/demo8/lib/python3.12/site-packages/airflow/example_dags/example_bash_operator.py took 0.096 seconds
[2024-12-18T20:47:48.335+0000] {processor.py:186} INFO - Started process (PID=5857) to work on /home/ubuntu/demo8/lib/python3.12/site-packages/airflow/example_dags/example_bash_operator.py
[2024-12-18T20:47:48.337+0000] {processor.py:914} INFO - Processing file /home/ubuntu/demo8/lib/python3.12/site-packages/airflow/example_dags/example_bash_operator.py for tasks to queue
[2024-12-18T20:47:48.339+0000] {logging_mixin.py:190} INFO - [2024-12-18T20:47:48.339+0000] {dagbag.py:588} INFO - Filling up the DagBag from /home/ubuntu/demo8/lib/python3.12/site-packages/airflow/example_dags/example_bash_operator.py
[2024-12-18T20:47:48.355+0000] {processor.py:925} INFO - DAG(s) 'example_bash_operator' retrieved from /home/ubuntu/demo8/lib/python3.12/site-packages/airflow/example_dags/example_bash_operator.py
[2024-12-18T20:47:48.381+0000] {logging_mixin.py:190} INFO - [2024-12-18T20:47:48.381+0000] {dag.py:3239} INFO - Sync 1 DAGs
[2024-12-18T20:47:48.404+0000] {logging_mixin.py:190} INFO - [2024-12-18T20:47:48.404+0000] {dag.py:4180} INFO - Setting next_dagrun for example_bash_operator to 2024-12-17 00:00:00+00:00, run_after=2024-12-18 00:00:00+00:00
[2024-12-18T20:47:48.428+0000] {processor.py:208} INFO - Processing /home/ubuntu/demo8/lib/python3.12/site-packages/airflow/example_dags/example_bash_operator.py took 0.099 seconds
[2024-12-18T20:48:46.615+0000] {processor.py:186} INFO - Started process (PID=6279) to work on /home/ubuntu/demo8/lib/python3.12/site-packages/airflow/example_dags/example_bash_operator.py
[2024-12-18T20:48:46.617+0000] {processor.py:914} INFO - Processing file /home/ubuntu/demo8/lib/python3.12/site-packages/airflow/example_dags/example_bash_operator.py for tasks to queue
[2024-12-18T20:48:46.619+0000] {logging_mixin.py:190} INFO - [2024-12-18T20:48:46.619+0000] {dagbag.py:588} INFO - Filling up the DagBag from /home/ubuntu/demo8/lib/python3.12/site-packages/airflow/example_dags/example_bash_operator.py
[2024-12-18T20:48:46.636+0000] {processor.py:925} INFO - DAG(s) 'example_bash_operator' retrieved from /home/ubuntu/demo8/lib/python3.12/site-packages/airflow/example_dags/example_bash_operator.py
[2024-12-18T20:48:46.662+0000] {logging_mixin.py:190} INFO - [2024-12-18T20:48:46.662+0000] {dag.py:3239} INFO - Sync 1 DAGs
[2024-12-18T20:48:46.686+0000] {logging_mixin.py:190} INFO - [2024-12-18T20:48:46.686+0000] {dag.py:4180} INFO - Setting next_dagrun for example_bash_operator to 2024-12-17 00:00:00+00:00, run_after=2024-12-18 00:00:00+00:00
[2024-12-18T20:48:46.713+0000] {processor.py:208} INFO - Processing /home/ubuntu/demo8/lib/python3.12/site-packages/airflow/example_dags/example_bash_operator.py took 0.104 seconds
[2024-12-18T20:50:08.267+0000] {processor.py:186} INFO - Started process (PID=6666) to work on /home/ubuntu/demo8/lib/python3.12/site-packages/airflow/example_dags/example_bash_operator.py
[2024-12-18T20:50:08.269+0000] {processor.py:914} INFO - Processing file /home/ubuntu/demo8/lib/python3.12/site-packages/airflow/example_dags/example_bash_operator.py for tasks to queue
[2024-12-18T20:50:08.271+0000] {logging_mixin.py:190} INFO - [2024-12-18T20:50:08.271+0000] {dagbag.py:588} INFO - Filling up the DagBag from /home/ubuntu/demo8/lib/python3.12/site-packages/airflow/example_dags/example_bash_operator.py
[2024-12-18T20:50:08.286+0000] {processor.py:925} INFO - DAG(s) 'example_bash_operator' retrieved from /home/ubuntu/demo8/lib/python3.12/site-packages/airflow/example_dags/example_bash_operator.py
[2024-12-18T20:50:08.312+0000] {logging_mixin.py:190} INFO - [2024-12-18T20:50:08.311+0000] {dag.py:3239} INFO - Sync 1 DAGs
[2024-12-18T20:50:08.335+0000] {logging_mixin.py:190} INFO - [2024-12-18T20:50:08.335+0000] {dag.py:4180} INFO - Setting next_dagrun for example_bash_operator to 2024-12-17 00:00:00+00:00, run_after=2024-12-18 00:00:00+00:00
[2024-12-18T20:50:08.359+0000] {processor.py:208} INFO - Processing /home/ubuntu/demo8/lib/python3.12/site-packages/airflow/example_dags/example_bash_operator.py took 0.098 seconds
[2024-12-18T20:51:04.621+0000] {processor.py:186} INFO - Started process (PID=6941) to work on /home/ubuntu/demo8/lib/python3.12/site-packages/airflow/example_dags/example_bash_operator.py
[2024-12-18T20:51:04.622+0000] {processor.py:914} INFO - Processing file /home/ubuntu/demo8/lib/python3.12/site-packages/airflow/example_dags/example_bash_operator.py for tasks to queue
[2024-12-18T20:51:04.625+0000] {logging_mixin.py:190} INFO - [2024-12-18T20:51:04.624+0000] {dagbag.py:588} INFO - Filling up the DagBag from /home/ubuntu/demo8/lib/python3.12/site-packages/airflow/example_dags/example_bash_operator.py
[2024-12-18T20:51:04.641+0000] {processor.py:925} INFO - DAG(s) 'example_bash_operator' retrieved from /home/ubuntu/demo8/lib/python3.12/site-packages/airflow/example_dags/example_bash_operator.py
[2024-12-18T20:51:04.666+0000] {logging_mixin.py:190} INFO - [2024-12-18T20:51:04.666+0000] {dag.py:3239} INFO - Sync 1 DAGs
[2024-12-18T20:51:04.690+0000] {logging_mixin.py:190} INFO - [2024-12-18T20:51:04.690+0000] {dag.py:4180} INFO - Setting next_dagrun for example_bash_operator to 2024-12-17 00:00:00+00:00, run_after=2024-12-18 00:00:00+00:00
[2024-12-18T20:51:04.718+0000] {processor.py:208} INFO - Processing /home/ubuntu/demo8/lib/python3.12/site-packages/airflow/example_dags/example_bash_operator.py took 0.103 seconds
