[2024-12-18T15:44:47.874+0000] {processor.py:186} INFO - Started process (PID=3670) to work on /home/ubuntu/demo8/lib/python3.12/site-packages/airflow/example_dags/example_latest_only_with_trigger.py
[2024-12-18T15:44:47.875+0000] {processor.py:914} INFO - Processing file /home/ubuntu/demo8/lib/python3.12/site-packages/airflow/example_dags/example_latest_only_with_trigger.py for tasks to queue
[2024-12-18T15:44:47.877+0000] {logging_mixin.py:190} INFO - [2024-12-18T15:44:47.877+0000] {dagbag.py:588} INFO - Filling up the DagBag from /home/ubuntu/demo8/lib/python3.12/site-packages/airflow/example_dags/example_latest_only_with_trigger.py
[2024-12-18T15:44:47.886+0000] {processor.py:925} INFO - DAG(s) 'latest_only_with_trigger' retrieved from /home/ubuntu/demo8/lib/python3.12/site-packages/airflow/example_dags/example_latest_only_with_trigger.py
[2024-12-18T15:44:48.014+0000] {logging_mixin.py:190} INFO - [2024-12-18T15:44:48.013+0000] {override.py:1911} INFO - Created Permission View: can read on DAG:latest_only_with_trigger
[2024-12-18T15:44:48.027+0000] {logging_mixin.py:190} INFO - [2024-12-18T15:44:48.026+0000] {override.py:1911} INFO - Created Permission View: can delete on DAG:latest_only_with_trigger
[2024-12-18T15:44:48.036+0000] {logging_mixin.py:190} INFO - [2024-12-18T15:44:48.036+0000] {override.py:1911} INFO - Created Permission View: can edit on DAG:latest_only_with_trigger
[2024-12-18T15:44:48.051+0000] {logging_mixin.py:190} INFO - [2024-12-18T15:44:48.051+0000] {override.py:1911} INFO - Created Permission View: can create on DAG Run:latest_only_with_trigger
[2024-12-18T15:44:48.060+0000] {logging_mixin.py:190} INFO - [2024-12-18T15:44:48.060+0000] {override.py:1911} INFO - Created Permission View: can read on DAG Run:latest_only_with_trigger
[2024-12-18T15:44:48.070+0000] {logging_mixin.py:190} INFO - [2024-12-18T15:44:48.069+0000] {override.py:1911} INFO - Created Permission View: menu access on DAG Run:latest_only_with_trigger
[2024-12-18T15:44:48.079+0000] {logging_mixin.py:190} INFO - [2024-12-18T15:44:48.079+0000] {override.py:1911} INFO - Created Permission View: can delete on DAG Run:latest_only_with_trigger
[2024-12-18T15:44:48.079+0000] {logging_mixin.py:190} INFO - [2024-12-18T15:44:48.079+0000] {dag.py:3239} INFO - Sync 1 DAGs
[2024-12-18T15:44:48.105+0000] {logging_mixin.py:190} INFO - [2024-12-18T15:44:48.105+0000] {dag.py:3262} INFO - Creating ORM DAG for latest_only_with_trigger
[2024-12-18T15:44:48.117+0000] {logging_mixin.py:190} INFO - [2024-12-18T15:44:48.117+0000] {dag.py:4180} INFO - Setting next_dagrun for latest_only_with_trigger to 2024-12-18 08:00:00+00:00, run_after=2024-12-18 12:00:00+00:00
[2024-12-18T15:44:48.139+0000] {processor.py:208} INFO - Processing /home/ubuntu/demo8/lib/python3.12/site-packages/airflow/example_dags/example_latest_only_with_trigger.py took 0.271 seconds
[2024-12-18T15:45:57.946+0000] {processor.py:186} INFO - Started process (PID=3773) to work on /home/ubuntu/demo8/lib/python3.12/site-packages/airflow/example_dags/example_latest_only_with_trigger.py
[2024-12-18T15:45:57.948+0000] {processor.py:914} INFO - Processing file /home/ubuntu/demo8/lib/python3.12/site-packages/airflow/example_dags/example_latest_only_with_trigger.py for tasks to queue
[2024-12-18T15:45:57.950+0000] {logging_mixin.py:190} INFO - [2024-12-18T15:45:57.950+0000] {dagbag.py:588} INFO - Filling up the DagBag from /home/ubuntu/demo8/lib/python3.12/site-packages/airflow/example_dags/example_latest_only_with_trigger.py
[2024-12-18T15:45:57.959+0000] {processor.py:925} INFO - DAG(s) 'latest_only_with_trigger' retrieved from /home/ubuntu/demo8/lib/python3.12/site-packages/airflow/example_dags/example_latest_only_with_trigger.py
[2024-12-18T15:45:57.977+0000] {logging_mixin.py:190} INFO - [2024-12-18T15:45:57.977+0000] {dag.py:3239} INFO - Sync 1 DAGs
[2024-12-18T15:45:58.000+0000] {logging_mixin.py:190} INFO - [2024-12-18T15:45:58.000+0000] {dag.py:4180} INFO - Setting next_dagrun for latest_only_with_trigger to 2024-12-18 08:00:00+00:00, run_after=2024-12-18 12:00:00+00:00
[2024-12-18T15:45:58.022+0000] {processor.py:208} INFO - Processing /home/ubuntu/demo8/lib/python3.12/site-packages/airflow/example_dags/example_latest_only_with_trigger.py took 0.082 seconds
[2024-12-18T15:46:53.889+0000] {processor.py:186} INFO - Started process (PID=4240) to work on /home/ubuntu/demo8/lib/python3.12/site-packages/airflow/example_dags/example_latest_only_with_trigger.py
[2024-12-18T15:46:53.891+0000] {processor.py:914} INFO - Processing file /home/ubuntu/demo8/lib/python3.12/site-packages/airflow/example_dags/example_latest_only_with_trigger.py for tasks to queue
[2024-12-18T15:46:53.893+0000] {logging_mixin.py:190} INFO - [2024-12-18T15:46:53.892+0000] {dagbag.py:588} INFO - Filling up the DagBag from /home/ubuntu/demo8/lib/python3.12/site-packages/airflow/example_dags/example_latest_only_with_trigger.py
[2024-12-18T15:46:53.901+0000] {processor.py:925} INFO - DAG(s) 'latest_only_with_trigger' retrieved from /home/ubuntu/demo8/lib/python3.12/site-packages/airflow/example_dags/example_latest_only_with_trigger.py
[2024-12-18T15:46:53.919+0000] {logging_mixin.py:190} INFO - [2024-12-18T15:46:53.919+0000] {dag.py:3239} INFO - Sync 1 DAGs
[2024-12-18T15:46:53.941+0000] {logging_mixin.py:190} INFO - [2024-12-18T15:46:53.941+0000] {dag.py:4180} INFO - Setting next_dagrun for latest_only_with_trigger to 2024-12-18 08:00:00+00:00, run_after=2024-12-18 12:00:00+00:00
[2024-12-18T15:46:53.963+0000] {processor.py:208} INFO - Processing /home/ubuntu/demo8/lib/python3.12/site-packages/airflow/example_dags/example_latest_only_with_trigger.py took 0.080 seconds
[2024-12-18T15:47:51.479+0000] {processor.py:186} INFO - Started process (PID=4298) to work on /home/ubuntu/demo8/lib/python3.12/site-packages/airflow/example_dags/example_latest_only_with_trigger.py
[2024-12-18T15:47:51.481+0000] {processor.py:914} INFO - Processing file /home/ubuntu/demo8/lib/python3.12/site-packages/airflow/example_dags/example_latest_only_with_trigger.py for tasks to queue
[2024-12-18T15:47:51.483+0000] {logging_mixin.py:190} INFO - [2024-12-18T15:47:51.482+0000] {dagbag.py:588} INFO - Filling up the DagBag from /home/ubuntu/demo8/lib/python3.12/site-packages/airflow/example_dags/example_latest_only_with_trigger.py
[2024-12-18T15:47:51.491+0000] {processor.py:925} INFO - DAG(s) 'latest_only_with_trigger' retrieved from /home/ubuntu/demo8/lib/python3.12/site-packages/airflow/example_dags/example_latest_only_with_trigger.py
[2024-12-18T15:47:51.511+0000] {logging_mixin.py:190} INFO - [2024-12-18T15:47:51.511+0000] {dag.py:3239} INFO - Sync 1 DAGs
[2024-12-18T15:47:51.538+0000] {logging_mixin.py:190} INFO - [2024-12-18T15:47:51.537+0000] {dag.py:4180} INFO - Setting next_dagrun for latest_only_with_trigger to 2024-12-18 08:00:00+00:00, run_after=2024-12-18 12:00:00+00:00
[2024-12-18T15:47:51.559+0000] {processor.py:208} INFO - Processing /home/ubuntu/demo8/lib/python3.12/site-packages/airflow/example_dags/example_latest_only_with_trigger.py took 0.086 seconds
[2024-12-18T15:48:45.953+0000] {processor.py:186} INFO - Started process (PID=4354) to work on /home/ubuntu/demo8/lib/python3.12/site-packages/airflow/example_dags/example_latest_only_with_trigger.py
[2024-12-18T15:48:45.954+0000] {processor.py:914} INFO - Processing file /home/ubuntu/demo8/lib/python3.12/site-packages/airflow/example_dags/example_latest_only_with_trigger.py for tasks to queue
[2024-12-18T15:48:45.956+0000] {logging_mixin.py:190} INFO - [2024-12-18T15:48:45.956+0000] {dagbag.py:588} INFO - Filling up the DagBag from /home/ubuntu/demo8/lib/python3.12/site-packages/airflow/example_dags/example_latest_only_with_trigger.py
[2024-12-18T15:48:45.965+0000] {processor.py:925} INFO - DAG(s) 'latest_only_with_trigger' retrieved from /home/ubuntu/demo8/lib/python3.12/site-packages/airflow/example_dags/example_latest_only_with_trigger.py
[2024-12-18T15:48:45.990+0000] {logging_mixin.py:190} INFO - [2024-12-18T15:48:45.990+0000] {dag.py:3239} INFO - Sync 1 DAGs
[2024-12-18T15:48:46.013+0000] {logging_mixin.py:190} INFO - [2024-12-18T15:48:46.013+0000] {dag.py:4180} INFO - Setting next_dagrun for latest_only_with_trigger to 2024-12-18 08:00:00+00:00, run_after=2024-12-18 12:00:00+00:00
[2024-12-18T15:48:46.147+0000] {processor.py:208} INFO - Processing /home/ubuntu/demo8/lib/python3.12/site-packages/airflow/example_dags/example_latest_only_with_trigger.py took 0.201 seconds
[2024-12-18T15:49:51.321+0000] {processor.py:186} INFO - Started process (PID=4415) to work on /home/ubuntu/demo8/lib/python3.12/site-packages/airflow/example_dags/example_latest_only_with_trigger.py
[2024-12-18T15:49:51.323+0000] {processor.py:914} INFO - Processing file /home/ubuntu/demo8/lib/python3.12/site-packages/airflow/example_dags/example_latest_only_with_trigger.py for tasks to queue
[2024-12-18T15:49:51.325+0000] {logging_mixin.py:190} INFO - [2024-12-18T15:49:51.325+0000] {dagbag.py:588} INFO - Filling up the DagBag from /home/ubuntu/demo8/lib/python3.12/site-packages/airflow/example_dags/example_latest_only_with_trigger.py
[2024-12-18T15:49:51.334+0000] {processor.py:925} INFO - DAG(s) 'latest_only_with_trigger' retrieved from /home/ubuntu/demo8/lib/python3.12/site-packages/airflow/example_dags/example_latest_only_with_trigger.py
[2024-12-18T15:49:51.352+0000] {logging_mixin.py:190} INFO - [2024-12-18T15:49:51.352+0000] {dag.py:3239} INFO - Sync 1 DAGs
[2024-12-18T15:49:51.375+0000] {logging_mixin.py:190} INFO - [2024-12-18T15:49:51.374+0000] {dag.py:4180} INFO - Setting next_dagrun for latest_only_with_trigger to 2024-12-18 08:00:00+00:00, run_after=2024-12-18 12:00:00+00:00
[2024-12-18T15:49:51.399+0000] {processor.py:208} INFO - Processing /home/ubuntu/demo8/lib/python3.12/site-packages/airflow/example_dags/example_latest_only_with_trigger.py took 0.084 seconds
[2024-12-18T15:50:48.178+0000] {processor.py:186} INFO - Started process (PID=4485) to work on /home/ubuntu/demo8/lib/python3.12/site-packages/airflow/example_dags/example_latest_only_with_trigger.py
[2024-12-18T15:50:48.179+0000] {processor.py:914} INFO - Processing file /home/ubuntu/demo8/lib/python3.12/site-packages/airflow/example_dags/example_latest_only_with_trigger.py for tasks to queue
[2024-12-18T15:50:48.181+0000] {logging_mixin.py:190} INFO - [2024-12-18T15:50:48.181+0000] {dagbag.py:588} INFO - Filling up the DagBag from /home/ubuntu/demo8/lib/python3.12/site-packages/airflow/example_dags/example_latest_only_with_trigger.py
[2024-12-18T15:50:48.190+0000] {processor.py:925} INFO - DAG(s) 'latest_only_with_trigger' retrieved from /home/ubuntu/demo8/lib/python3.12/site-packages/airflow/example_dags/example_latest_only_with_trigger.py
[2024-12-18T15:50:48.208+0000] {logging_mixin.py:190} INFO - [2024-12-18T15:50:48.208+0000] {dag.py:3239} INFO - Sync 1 DAGs
[2024-12-18T15:50:48.231+0000] {logging_mixin.py:190} INFO - [2024-12-18T15:50:48.231+0000] {dag.py:4180} INFO - Setting next_dagrun for latest_only_with_trigger to 2024-12-18 08:00:00+00:00, run_after=2024-12-18 12:00:00+00:00
[2024-12-18T15:50:48.254+0000] {processor.py:208} INFO - Processing /home/ubuntu/demo8/lib/python3.12/site-packages/airflow/example_dags/example_latest_only_with_trigger.py took 0.082 seconds
[2024-12-18T15:51:43.358+0000] {processor.py:186} INFO - Started process (PID=4544) to work on /home/ubuntu/demo8/lib/python3.12/site-packages/airflow/example_dags/example_latest_only_with_trigger.py
[2024-12-18T15:51:43.360+0000] {processor.py:914} INFO - Processing file /home/ubuntu/demo8/lib/python3.12/site-packages/airflow/example_dags/example_latest_only_with_trigger.py for tasks to queue
[2024-12-18T15:51:43.362+0000] {logging_mixin.py:190} INFO - [2024-12-18T15:51:43.362+0000] {dagbag.py:588} INFO - Filling up the DagBag from /home/ubuntu/demo8/lib/python3.12/site-packages/airflow/example_dags/example_latest_only_with_trigger.py
[2024-12-18T15:51:43.371+0000] {processor.py:925} INFO - DAG(s) 'latest_only_with_trigger' retrieved from /home/ubuntu/demo8/lib/python3.12/site-packages/airflow/example_dags/example_latest_only_with_trigger.py
[2024-12-18T15:51:43.389+0000] {logging_mixin.py:190} INFO - [2024-12-18T15:51:43.388+0000] {dag.py:3239} INFO - Sync 1 DAGs
[2024-12-18T15:51:43.412+0000] {logging_mixin.py:190} INFO - [2024-12-18T15:51:43.412+0000] {dag.py:4180} INFO - Setting next_dagrun for latest_only_with_trigger to 2024-12-18 08:00:00+00:00, run_after=2024-12-18 12:00:00+00:00
[2024-12-18T15:51:43.435+0000] {processor.py:208} INFO - Processing /home/ubuntu/demo8/lib/python3.12/site-packages/airflow/example_dags/example_latest_only_with_trigger.py took 0.083 seconds
[2024-12-18T15:52:37.696+0000] {processor.py:186} INFO - Started process (PID=4601) to work on /home/ubuntu/demo8/lib/python3.12/site-packages/airflow/example_dags/example_latest_only_with_trigger.py
[2024-12-18T15:52:37.698+0000] {processor.py:914} INFO - Processing file /home/ubuntu/demo8/lib/python3.12/site-packages/airflow/example_dags/example_latest_only_with_trigger.py for tasks to queue
[2024-12-18T15:52:37.700+0000] {logging_mixin.py:190} INFO - [2024-12-18T15:52:37.699+0000] {dagbag.py:588} INFO - Filling up the DagBag from /home/ubuntu/demo8/lib/python3.12/site-packages/airflow/example_dags/example_latest_only_with_trigger.py
[2024-12-18T15:52:37.709+0000] {processor.py:925} INFO - DAG(s) 'latest_only_with_trigger' retrieved from /home/ubuntu/demo8/lib/python3.12/site-packages/airflow/example_dags/example_latest_only_with_trigger.py
[2024-12-18T15:52:37.727+0000] {logging_mixin.py:190} INFO - [2024-12-18T15:52:37.727+0000] {dag.py:3239} INFO - Sync 1 DAGs
[2024-12-18T15:52:37.750+0000] {logging_mixin.py:190} INFO - [2024-12-18T15:52:37.750+0000] {dag.py:4180} INFO - Setting next_dagrun for latest_only_with_trigger to 2024-12-18 08:00:00+00:00, run_after=2024-12-18 12:00:00+00:00
[2024-12-18T15:52:37.773+0000] {processor.py:208} INFO - Processing /home/ubuntu/demo8/lib/python3.12/site-packages/airflow/example_dags/example_latest_only_with_trigger.py took 0.083 seconds
[2024-12-18T15:53:32.957+0000] {processor.py:186} INFO - Started process (PID=4657) to work on /home/ubuntu/demo8/lib/python3.12/site-packages/airflow/example_dags/example_latest_only_with_trigger.py
[2024-12-18T15:53:32.959+0000] {processor.py:914} INFO - Processing file /home/ubuntu/demo8/lib/python3.12/site-packages/airflow/example_dags/example_latest_only_with_trigger.py for tasks to queue
[2024-12-18T15:53:32.962+0000] {logging_mixin.py:190} INFO - [2024-12-18T15:53:32.961+0000] {dagbag.py:588} INFO - Filling up the DagBag from /home/ubuntu/demo8/lib/python3.12/site-packages/airflow/example_dags/example_latest_only_with_trigger.py
[2024-12-18T15:53:32.970+0000] {processor.py:925} INFO - DAG(s) 'latest_only_with_trigger' retrieved from /home/ubuntu/demo8/lib/python3.12/site-packages/airflow/example_dags/example_latest_only_with_trigger.py
[2024-12-18T15:53:32.989+0000] {logging_mixin.py:190} INFO - [2024-12-18T15:53:32.988+0000] {dag.py:3239} INFO - Sync 1 DAGs
[2024-12-18T15:53:33.012+0000] {logging_mixin.py:190} INFO - [2024-12-18T15:53:33.012+0000] {dag.py:4180} INFO - Setting next_dagrun for latest_only_with_trigger to 2024-12-18 08:00:00+00:00, run_after=2024-12-18 12:00:00+00:00
[2024-12-18T15:53:33.035+0000] {processor.py:208} INFO - Processing /home/ubuntu/demo8/lib/python3.12/site-packages/airflow/example_dags/example_latest_only_with_trigger.py took 0.084 seconds
[2024-12-18T15:54:57.908+0000] {processor.py:186} INFO - Started process (PID=4771) to work on /home/ubuntu/demo8/lib/python3.12/site-packages/airflow/example_dags/example_latest_only_with_trigger.py
[2024-12-18T15:54:57.910+0000] {processor.py:914} INFO - Processing file /home/ubuntu/demo8/lib/python3.12/site-packages/airflow/example_dags/example_latest_only_with_trigger.py for tasks to queue
[2024-12-18T15:54:57.912+0000] {logging_mixin.py:190} INFO - [2024-12-18T15:54:57.912+0000] {dagbag.py:588} INFO - Filling up the DagBag from /home/ubuntu/demo8/lib/python3.12/site-packages/airflow/example_dags/example_latest_only_with_trigger.py
[2024-12-18T15:54:57.921+0000] {processor.py:925} INFO - DAG(s) 'latest_only_with_trigger' retrieved from /home/ubuntu/demo8/lib/python3.12/site-packages/airflow/example_dags/example_latest_only_with_trigger.py
[2024-12-18T15:54:57.942+0000] {logging_mixin.py:190} INFO - [2024-12-18T15:54:57.942+0000] {dag.py:3239} INFO - Sync 1 DAGs
[2024-12-18T15:54:57.964+0000] {logging_mixin.py:190} INFO - [2024-12-18T15:54:57.964+0000] {dag.py:4180} INFO - Setting next_dagrun for latest_only_with_trigger to 2024-12-18 08:00:00+00:00, run_after=2024-12-18 12:00:00+00:00
[2024-12-18T15:54:57.985+0000] {processor.py:208} INFO - Processing /home/ubuntu/demo8/lib/python3.12/site-packages/airflow/example_dags/example_latest_only_with_trigger.py took 0.083 seconds
[2024-12-18T15:55:54.766+0000] {processor.py:186} INFO - Started process (PID=4834) to work on /home/ubuntu/demo8/lib/python3.12/site-packages/airflow/example_dags/example_latest_only_with_trigger.py
[2024-12-18T15:55:54.768+0000] {processor.py:914} INFO - Processing file /home/ubuntu/demo8/lib/python3.12/site-packages/airflow/example_dags/example_latest_only_with_trigger.py for tasks to queue
[2024-12-18T15:55:54.770+0000] {logging_mixin.py:190} INFO - [2024-12-18T15:55:54.770+0000] {dagbag.py:588} INFO - Filling up the DagBag from /home/ubuntu/demo8/lib/python3.12/site-packages/airflow/example_dags/example_latest_only_with_trigger.py
[2024-12-18T15:55:54.779+0000] {processor.py:925} INFO - DAG(s) 'latest_only_with_trigger' retrieved from /home/ubuntu/demo8/lib/python3.12/site-packages/airflow/example_dags/example_latest_only_with_trigger.py
[2024-12-18T15:55:54.798+0000] {logging_mixin.py:190} INFO - [2024-12-18T15:55:54.798+0000] {dag.py:3239} INFO - Sync 1 DAGs
[2024-12-18T15:55:54.822+0000] {logging_mixin.py:190} INFO - [2024-12-18T15:55:54.820+0000] {dag.py:4180} INFO - Setting next_dagrun for latest_only_with_trigger to 2024-12-18 08:00:00+00:00, run_after=2024-12-18 12:00:00+00:00
[2024-12-18T15:55:54.864+0000] {processor.py:208} INFO - Processing /home/ubuntu/demo8/lib/python3.12/site-packages/airflow/example_dags/example_latest_only_with_trigger.py took 0.104 seconds
[2024-12-18T15:57:25.428+0000] {processor.py:186} INFO - Started process (PID=4921) to work on /home/ubuntu/demo8/lib/python3.12/site-packages/airflow/example_dags/example_latest_only_with_trigger.py
[2024-12-18T15:57:25.429+0000] {processor.py:914} INFO - Processing file /home/ubuntu/demo8/lib/python3.12/site-packages/airflow/example_dags/example_latest_only_with_trigger.py for tasks to queue
[2024-12-18T15:57:25.431+0000] {logging_mixin.py:190} INFO - [2024-12-18T15:57:25.431+0000] {dagbag.py:588} INFO - Filling up the DagBag from /home/ubuntu/demo8/lib/python3.12/site-packages/airflow/example_dags/example_latest_only_with_trigger.py
[2024-12-18T15:57:25.440+0000] {processor.py:925} INFO - DAG(s) 'latest_only_with_trigger' retrieved from /home/ubuntu/demo8/lib/python3.12/site-packages/airflow/example_dags/example_latest_only_with_trigger.py
[2024-12-18T15:57:25.461+0000] {logging_mixin.py:190} INFO - [2024-12-18T15:57:25.461+0000] {dag.py:3239} INFO - Sync 1 DAGs
[2024-12-18T15:57:25.483+0000] {logging_mixin.py:190} INFO - [2024-12-18T15:57:25.483+0000] {dag.py:4180} INFO - Setting next_dagrun for latest_only_with_trigger to 2024-12-18 08:00:00+00:00, run_after=2024-12-18 12:00:00+00:00
[2024-12-18T15:57:25.507+0000] {processor.py:208} INFO - Processing /home/ubuntu/demo8/lib/python3.12/site-packages/airflow/example_dags/example_latest_only_with_trigger.py took 0.085 seconds
[2024-12-18T15:58:22.275+0000] {processor.py:186} INFO - Started process (PID=4979) to work on /home/ubuntu/demo8/lib/python3.12/site-packages/airflow/example_dags/example_latest_only_with_trigger.py
[2024-12-18T15:58:22.276+0000] {processor.py:914} INFO - Processing file /home/ubuntu/demo8/lib/python3.12/site-packages/airflow/example_dags/example_latest_only_with_trigger.py for tasks to queue
[2024-12-18T15:58:22.278+0000] {logging_mixin.py:190} INFO - [2024-12-18T15:58:22.278+0000] {dagbag.py:588} INFO - Filling up the DagBag from /home/ubuntu/demo8/lib/python3.12/site-packages/airflow/example_dags/example_latest_only_with_trigger.py
[2024-12-18T15:58:22.287+0000] {processor.py:925} INFO - DAG(s) 'latest_only_with_trigger' retrieved from /home/ubuntu/demo8/lib/python3.12/site-packages/airflow/example_dags/example_latest_only_with_trigger.py
[2024-12-18T15:58:22.305+0000] {logging_mixin.py:190} INFO - [2024-12-18T15:58:22.305+0000] {dag.py:3239} INFO - Sync 1 DAGs
[2024-12-18T15:58:22.327+0000] {logging_mixin.py:190} INFO - [2024-12-18T15:58:22.326+0000] {dag.py:4180} INFO - Setting next_dagrun for latest_only_with_trigger to 2024-12-18 08:00:00+00:00, run_after=2024-12-18 12:00:00+00:00
[2024-12-18T15:58:22.349+0000] {processor.py:208} INFO - Processing /home/ubuntu/demo8/lib/python3.12/site-packages/airflow/example_dags/example_latest_only_with_trigger.py took 0.080 seconds
[2024-12-18T16:00:24.242+0000] {processor.py:186} INFO - Started process (PID=5105) to work on /home/ubuntu/demo8/lib/python3.12/site-packages/airflow/example_dags/example_latest_only_with_trigger.py
[2024-12-18T16:00:24.243+0000] {processor.py:914} INFO - Processing file /home/ubuntu/demo8/lib/python3.12/site-packages/airflow/example_dags/example_latest_only_with_trigger.py for tasks to queue
[2024-12-18T16:00:24.245+0000] {logging_mixin.py:190} INFO - [2024-12-18T16:00:24.245+0000] {dagbag.py:588} INFO - Filling up the DagBag from /home/ubuntu/demo8/lib/python3.12/site-packages/airflow/example_dags/example_latest_only_with_trigger.py
[2024-12-18T16:00:24.254+0000] {processor.py:925} INFO - DAG(s) 'latest_only_with_trigger' retrieved from /home/ubuntu/demo8/lib/python3.12/site-packages/airflow/example_dags/example_latest_only_with_trigger.py
[2024-12-18T16:00:24.274+0000] {logging_mixin.py:190} INFO - [2024-12-18T16:00:24.274+0000] {dag.py:3239} INFO - Sync 1 DAGs
[2024-12-18T16:00:24.295+0000] {logging_mixin.py:190} INFO - [2024-12-18T16:00:24.295+0000] {dag.py:4180} INFO - Setting next_dagrun for latest_only_with_trigger to 2024-12-18 12:00:00+00:00, run_after=2024-12-18 16:00:00+00:00
[2024-12-18T16:00:24.317+0000] {processor.py:208} INFO - Processing /home/ubuntu/demo8/lib/python3.12/site-packages/airflow/example_dags/example_latest_only_with_trigger.py took 0.081 seconds
[2024-12-18T16:01:21.089+0000] {processor.py:186} INFO - Started process (PID=5164) to work on /home/ubuntu/demo8/lib/python3.12/site-packages/airflow/example_dags/example_latest_only_with_trigger.py
[2024-12-18T16:01:21.091+0000] {processor.py:914} INFO - Processing file /home/ubuntu/demo8/lib/python3.12/site-packages/airflow/example_dags/example_latest_only_with_trigger.py for tasks to queue
[2024-12-18T16:01:21.093+0000] {logging_mixin.py:190} INFO - [2024-12-18T16:01:21.092+0000] {dagbag.py:588} INFO - Filling up the DagBag from /home/ubuntu/demo8/lib/python3.12/site-packages/airflow/example_dags/example_latest_only_with_trigger.py
[2024-12-18T16:01:21.101+0000] {processor.py:925} INFO - DAG(s) 'latest_only_with_trigger' retrieved from /home/ubuntu/demo8/lib/python3.12/site-packages/airflow/example_dags/example_latest_only_with_trigger.py
[2024-12-18T16:01:21.119+0000] {logging_mixin.py:190} INFO - [2024-12-18T16:01:21.119+0000] {dag.py:3239} INFO - Sync 1 DAGs
[2024-12-18T16:01:21.141+0000] {logging_mixin.py:190} INFO - [2024-12-18T16:01:21.141+0000] {dag.py:4180} INFO - Setting next_dagrun for latest_only_with_trigger to 2024-12-18 12:00:00+00:00, run_after=2024-12-18 16:00:00+00:00
[2024-12-18T16:01:21.171+0000] {processor.py:208} INFO - Processing /home/ubuntu/demo8/lib/python3.12/site-packages/airflow/example_dags/example_latest_only_with_trigger.py took 0.087 seconds
[2024-12-18T16:02:17.857+0000] {processor.py:186} INFO - Started process (PID=5223) to work on /home/ubuntu/demo8/lib/python3.12/site-packages/airflow/example_dags/example_latest_only_with_trigger.py
[2024-12-18T16:02:17.858+0000] {processor.py:914} INFO - Processing file /home/ubuntu/demo8/lib/python3.12/site-packages/airflow/example_dags/example_latest_only_with_trigger.py for tasks to queue
[2024-12-18T16:02:17.860+0000] {logging_mixin.py:190} INFO - [2024-12-18T16:02:17.860+0000] {dagbag.py:588} INFO - Filling up the DagBag from /home/ubuntu/demo8/lib/python3.12/site-packages/airflow/example_dags/example_latest_only_with_trigger.py
[2024-12-18T16:02:17.869+0000] {processor.py:925} INFO - DAG(s) 'latest_only_with_trigger' retrieved from /home/ubuntu/demo8/lib/python3.12/site-packages/airflow/example_dags/example_latest_only_with_trigger.py
[2024-12-18T16:02:17.887+0000] {logging_mixin.py:190} INFO - [2024-12-18T16:02:17.886+0000] {dag.py:3239} INFO - Sync 1 DAGs
[2024-12-18T16:02:17.908+0000] {logging_mixin.py:190} INFO - [2024-12-18T16:02:17.908+0000] {dag.py:4180} INFO - Setting next_dagrun for latest_only_with_trigger to 2024-12-18 12:00:00+00:00, run_after=2024-12-18 16:00:00+00:00
[2024-12-18T16:02:17.930+0000] {processor.py:208} INFO - Processing /home/ubuntu/demo8/lib/python3.12/site-packages/airflow/example_dags/example_latest_only_with_trigger.py took 0.080 seconds
[2024-12-18T16:03:12.369+0000] {processor.py:186} INFO - Started process (PID=5278) to work on /home/ubuntu/demo8/lib/python3.12/site-packages/airflow/example_dags/example_latest_only_with_trigger.py
[2024-12-18T16:03:12.371+0000] {processor.py:914} INFO - Processing file /home/ubuntu/demo8/lib/python3.12/site-packages/airflow/example_dags/example_latest_only_with_trigger.py for tasks to queue
[2024-12-18T16:03:12.373+0000] {logging_mixin.py:190} INFO - [2024-12-18T16:03:12.373+0000] {dagbag.py:588} INFO - Filling up the DagBag from /home/ubuntu/demo8/lib/python3.12/site-packages/airflow/example_dags/example_latest_only_with_trigger.py
[2024-12-18T16:03:12.382+0000] {processor.py:925} INFO - DAG(s) 'latest_only_with_trigger' retrieved from /home/ubuntu/demo8/lib/python3.12/site-packages/airflow/example_dags/example_latest_only_with_trigger.py
[2024-12-18T16:03:12.399+0000] {logging_mixin.py:190} INFO - [2024-12-18T16:03:12.399+0000] {dag.py:3239} INFO - Sync 1 DAGs
[2024-12-18T16:03:12.422+0000] {logging_mixin.py:190} INFO - [2024-12-18T16:03:12.422+0000] {dag.py:4180} INFO - Setting next_dagrun for latest_only_with_trigger to 2024-12-18 12:00:00+00:00, run_after=2024-12-18 16:00:00+00:00
[2024-12-18T16:03:12.454+0000] {processor.py:208} INFO - Processing /home/ubuntu/demo8/lib/python3.12/site-packages/airflow/example_dags/example_latest_only_with_trigger.py took 0.090 seconds
[2024-12-18T20:29:52.307+0000] {processor.py:186} INFO - Started process (PID=2758) to work on /home/ubuntu/demo8/lib/python3.12/site-packages/airflow/example_dags/example_latest_only_with_trigger.py
[2024-12-18T20:29:52.310+0000] {processor.py:914} INFO - Processing file /home/ubuntu/demo8/lib/python3.12/site-packages/airflow/example_dags/example_latest_only_with_trigger.py for tasks to queue
[2024-12-18T20:29:52.312+0000] {logging_mixin.py:190} INFO - [2024-12-18T20:29:52.312+0000] {dagbag.py:588} INFO - Filling up the DagBag from /home/ubuntu/demo8/lib/python3.12/site-packages/airflow/example_dags/example_latest_only_with_trigger.py
[2024-12-18T20:29:52.321+0000] {processor.py:925} INFO - DAG(s) 'latest_only_with_trigger' retrieved from /home/ubuntu/demo8/lib/python3.12/site-packages/airflow/example_dags/example_latest_only_with_trigger.py
[2024-12-18T20:29:52.342+0000] {logging_mixin.py:190} INFO - [2024-12-18T20:29:52.342+0000] {dag.py:3239} INFO - Sync 1 DAGs
[2024-12-18T20:29:52.364+0000] {logging_mixin.py:190} INFO - [2024-12-18T20:29:52.363+0000] {dag.py:4180} INFO - Setting next_dagrun for latest_only_with_trigger to 2024-12-18 16:00:00+00:00, run_after=2024-12-18 20:00:00+00:00
[2024-12-18T20:29:52.387+0000] {processor.py:208} INFO - Processing /home/ubuntu/demo8/lib/python3.12/site-packages/airflow/example_dags/example_latest_only_with_trigger.py took 0.085 seconds
[2024-12-18T20:30:50.426+0000] {processor.py:186} INFO - Started process (PID=2941) to work on /home/ubuntu/demo8/lib/python3.12/site-packages/airflow/example_dags/example_latest_only_with_trigger.py
[2024-12-18T20:30:50.428+0000] {processor.py:914} INFO - Processing file /home/ubuntu/demo8/lib/python3.12/site-packages/airflow/example_dags/example_latest_only_with_trigger.py for tasks to queue
[2024-12-18T20:30:50.431+0000] {logging_mixin.py:190} INFO - [2024-12-18T20:30:50.430+0000] {dagbag.py:588} INFO - Filling up the DagBag from /home/ubuntu/demo8/lib/python3.12/site-packages/airflow/example_dags/example_latest_only_with_trigger.py
[2024-12-18T20:30:50.440+0000] {processor.py:925} INFO - DAG(s) 'latest_only_with_trigger' retrieved from /home/ubuntu/demo8/lib/python3.12/site-packages/airflow/example_dags/example_latest_only_with_trigger.py
[2024-12-18T20:30:50.458+0000] {logging_mixin.py:190} INFO - [2024-12-18T20:30:50.458+0000] {dag.py:3239} INFO - Sync 1 DAGs
[2024-12-18T20:30:50.481+0000] {logging_mixin.py:190} INFO - [2024-12-18T20:30:50.481+0000] {dag.py:4180} INFO - Setting next_dagrun for latest_only_with_trigger to 2024-12-18 16:00:00+00:00, run_after=2024-12-18 20:00:00+00:00
[2024-12-18T20:30:50.505+0000] {processor.py:208} INFO - Processing /home/ubuntu/demo8/lib/python3.12/site-packages/airflow/example_dags/example_latest_only_with_trigger.py took 0.085 seconds
[2024-12-18T20:31:46.536+0000] {processor.py:186} INFO - Started process (PID=3169) to work on /home/ubuntu/demo8/lib/python3.12/site-packages/airflow/example_dags/example_latest_only_with_trigger.py
[2024-12-18T20:31:46.537+0000] {processor.py:914} INFO - Processing file /home/ubuntu/demo8/lib/python3.12/site-packages/airflow/example_dags/example_latest_only_with_trigger.py for tasks to queue
[2024-12-18T20:31:46.540+0000] {logging_mixin.py:190} INFO - [2024-12-18T20:31:46.540+0000] {dagbag.py:588} INFO - Filling up the DagBag from /home/ubuntu/demo8/lib/python3.12/site-packages/airflow/example_dags/example_latest_only_with_trigger.py
[2024-12-18T20:31:46.549+0000] {processor.py:925} INFO - DAG(s) 'latest_only_with_trigger' retrieved from /home/ubuntu/demo8/lib/python3.12/site-packages/airflow/example_dags/example_latest_only_with_trigger.py
[2024-12-18T20:31:46.567+0000] {logging_mixin.py:190} INFO - [2024-12-18T20:31:46.567+0000] {dag.py:3239} INFO - Sync 1 DAGs
[2024-12-18T20:31:46.602+0000] {logging_mixin.py:190} INFO - [2024-12-18T20:31:46.601+0000] {dag.py:4180} INFO - Setting next_dagrun for latest_only_with_trigger to 2024-12-18 16:00:00+00:00, run_after=2024-12-18 20:00:00+00:00
[2024-12-18T20:31:46.636+0000] {processor.py:208} INFO - Processing /home/ubuntu/demo8/lib/python3.12/site-packages/airflow/example_dags/example_latest_only_with_trigger.py took 0.106 seconds
[2024-12-18T20:32:43.044+0000] {processor.py:186} INFO - Started process (PID=3412) to work on /home/ubuntu/demo8/lib/python3.12/site-packages/airflow/example_dags/example_latest_only_with_trigger.py
[2024-12-18T20:32:43.048+0000] {processor.py:914} INFO - Processing file /home/ubuntu/demo8/lib/python3.12/site-packages/airflow/example_dags/example_latest_only_with_trigger.py for tasks to queue
[2024-12-18T20:32:43.051+0000] {logging_mixin.py:190} INFO - [2024-12-18T20:32:43.051+0000] {dagbag.py:588} INFO - Filling up the DagBag from /home/ubuntu/demo8/lib/python3.12/site-packages/airflow/example_dags/example_latest_only_with_trigger.py
[2024-12-18T20:32:43.061+0000] {processor.py:925} INFO - DAG(s) 'latest_only_with_trigger' retrieved from /home/ubuntu/demo8/lib/python3.12/site-packages/airflow/example_dags/example_latest_only_with_trigger.py
[2024-12-18T20:32:43.082+0000] {logging_mixin.py:190} INFO - [2024-12-18T20:32:43.082+0000] {dag.py:3239} INFO - Sync 1 DAGs
[2024-12-18T20:32:43.103+0000] {logging_mixin.py:190} INFO - [2024-12-18T20:32:43.103+0000] {dag.py:4180} INFO - Setting next_dagrun for latest_only_with_trigger to 2024-12-18 16:00:00+00:00, run_after=2024-12-18 20:00:00+00:00
[2024-12-18T20:32:43.127+0000] {processor.py:208} INFO - Processing /home/ubuntu/demo8/lib/python3.12/site-packages/airflow/example_dags/example_latest_only_with_trigger.py took 0.097 seconds
[2024-12-18T20:33:37.083+0000] {processor.py:186} INFO - Started process (PID=3529) to work on /home/ubuntu/demo8/lib/python3.12/site-packages/airflow/example_dags/example_latest_only_with_trigger.py
[2024-12-18T20:33:37.085+0000] {processor.py:914} INFO - Processing file /home/ubuntu/demo8/lib/python3.12/site-packages/airflow/example_dags/example_latest_only_with_trigger.py for tasks to queue
[2024-12-18T20:33:37.087+0000] {logging_mixin.py:190} INFO - [2024-12-18T20:33:37.087+0000] {dagbag.py:588} INFO - Filling up the DagBag from /home/ubuntu/demo8/lib/python3.12/site-packages/airflow/example_dags/example_latest_only_with_trigger.py
[2024-12-18T20:33:37.096+0000] {processor.py:925} INFO - DAG(s) 'latest_only_with_trigger' retrieved from /home/ubuntu/demo8/lib/python3.12/site-packages/airflow/example_dags/example_latest_only_with_trigger.py
[2024-12-18T20:33:37.114+0000] {logging_mixin.py:190} INFO - [2024-12-18T20:33:37.114+0000] {dag.py:3239} INFO - Sync 1 DAGs
[2024-12-18T20:33:37.136+0000] {logging_mixin.py:190} INFO - [2024-12-18T20:33:37.136+0000] {dag.py:4180} INFO - Setting next_dagrun for latest_only_with_trigger to 2024-12-18 16:00:00+00:00, run_after=2024-12-18 20:00:00+00:00
[2024-12-18T20:33:37.166+0000] {processor.py:208} INFO - Processing /home/ubuntu/demo8/lib/python3.12/site-packages/airflow/example_dags/example_latest_only_with_trigger.py took 0.088 seconds
[2024-12-18T20:34:46.832+0000] {processor.py:186} INFO - Started process (PID=3715) to work on /home/ubuntu/demo8/lib/python3.12/site-packages/airflow/example_dags/example_latest_only_with_trigger.py
[2024-12-18T20:34:46.834+0000] {processor.py:914} INFO - Processing file /home/ubuntu/demo8/lib/python3.12/site-packages/airflow/example_dags/example_latest_only_with_trigger.py for tasks to queue
[2024-12-18T20:34:46.836+0000] {logging_mixin.py:190} INFO - [2024-12-18T20:34:46.836+0000] {dagbag.py:588} INFO - Filling up the DagBag from /home/ubuntu/demo8/lib/python3.12/site-packages/airflow/example_dags/example_latest_only_with_trigger.py
[2024-12-18T20:34:46.846+0000] {processor.py:925} INFO - DAG(s) 'latest_only_with_trigger' retrieved from /home/ubuntu/demo8/lib/python3.12/site-packages/airflow/example_dags/example_latest_only_with_trigger.py
[2024-12-18T20:34:46.864+0000] {logging_mixin.py:190} INFO - [2024-12-18T20:34:46.863+0000] {dag.py:3239} INFO - Sync 1 DAGs
[2024-12-18T20:34:46.887+0000] {logging_mixin.py:190} INFO - [2024-12-18T20:34:46.886+0000] {dag.py:4180} INFO - Setting next_dagrun for latest_only_with_trigger to 2024-12-18 16:00:00+00:00, run_after=2024-12-18 20:00:00+00:00
[2024-12-18T20:34:46.910+0000] {processor.py:208} INFO - Processing /home/ubuntu/demo8/lib/python3.12/site-packages/airflow/example_dags/example_latest_only_with_trigger.py took 0.085 seconds
[2024-12-18T20:35:44.557+0000] {processor.py:186} INFO - Started process (PID=3839) to work on /home/ubuntu/demo8/lib/python3.12/site-packages/airflow/example_dags/example_latest_only_with_trigger.py
[2024-12-18T20:35:44.559+0000] {processor.py:914} INFO - Processing file /home/ubuntu/demo8/lib/python3.12/site-packages/airflow/example_dags/example_latest_only_with_trigger.py for tasks to queue
[2024-12-18T20:35:44.562+0000] {logging_mixin.py:190} INFO - [2024-12-18T20:35:44.561+0000] {dagbag.py:588} INFO - Filling up the DagBag from /home/ubuntu/demo8/lib/python3.12/site-packages/airflow/example_dags/example_latest_only_with_trigger.py
[2024-12-18T20:35:44.571+0000] {processor.py:925} INFO - DAG(s) 'latest_only_with_trigger' retrieved from /home/ubuntu/demo8/lib/python3.12/site-packages/airflow/example_dags/example_latest_only_with_trigger.py
[2024-12-18T20:35:44.589+0000] {logging_mixin.py:190} INFO - [2024-12-18T20:35:44.588+0000] {dag.py:3239} INFO - Sync 1 DAGs
[2024-12-18T20:35:44.611+0000] {logging_mixin.py:190} INFO - [2024-12-18T20:35:44.611+0000] {dag.py:4180} INFO - Setting next_dagrun for latest_only_with_trigger to 2024-12-18 16:00:00+00:00, run_after=2024-12-18 20:00:00+00:00
[2024-12-18T20:35:44.635+0000] {processor.py:208} INFO - Processing /home/ubuntu/demo8/lib/python3.12/site-packages/airflow/example_dags/example_latest_only_with_trigger.py took 0.084 seconds
[2024-12-18T20:36:41.965+0000] {processor.py:186} INFO - Started process (PID=3958) to work on /home/ubuntu/demo8/lib/python3.12/site-packages/airflow/example_dags/example_latest_only_with_trigger.py
[2024-12-18T20:36:41.966+0000] {processor.py:914} INFO - Processing file /home/ubuntu/demo8/lib/python3.12/site-packages/airflow/example_dags/example_latest_only_with_trigger.py for tasks to queue
[2024-12-18T20:36:41.969+0000] {logging_mixin.py:190} INFO - [2024-12-18T20:36:41.968+0000] {dagbag.py:588} INFO - Filling up the DagBag from /home/ubuntu/demo8/lib/python3.12/site-packages/airflow/example_dags/example_latest_only_with_trigger.py
[2024-12-18T20:36:41.978+0000] {processor.py:925} INFO - DAG(s) 'latest_only_with_trigger' retrieved from /home/ubuntu/demo8/lib/python3.12/site-packages/airflow/example_dags/example_latest_only_with_trigger.py
[2024-12-18T20:36:41.996+0000] {logging_mixin.py:190} INFO - [2024-12-18T20:36:41.996+0000] {dag.py:3239} INFO - Sync 1 DAGs
[2024-12-18T20:36:42.020+0000] {logging_mixin.py:190} INFO - [2024-12-18T20:36:42.019+0000] {dag.py:4180} INFO - Setting next_dagrun for latest_only_with_trigger to 2024-12-18 16:00:00+00:00, run_after=2024-12-18 20:00:00+00:00
[2024-12-18T20:36:42.043+0000] {processor.py:208} INFO - Processing /home/ubuntu/demo8/lib/python3.12/site-packages/airflow/example_dags/example_latest_only_with_trigger.py took 0.085 seconds
[2024-12-18T20:37:37.982+0000] {processor.py:186} INFO - Started process (PID=4077) to work on /home/ubuntu/demo8/lib/python3.12/site-packages/airflow/example_dags/example_latest_only_with_trigger.py
[2024-12-18T20:37:37.984+0000] {processor.py:914} INFO - Processing file /home/ubuntu/demo8/lib/python3.12/site-packages/airflow/example_dags/example_latest_only_with_trigger.py for tasks to queue
[2024-12-18T20:37:37.987+0000] {logging_mixin.py:190} INFO - [2024-12-18T20:37:37.986+0000] {dagbag.py:588} INFO - Filling up the DagBag from /home/ubuntu/demo8/lib/python3.12/site-packages/airflow/example_dags/example_latest_only_with_trigger.py
[2024-12-18T20:37:37.996+0000] {processor.py:925} INFO - DAG(s) 'latest_only_with_trigger' retrieved from /home/ubuntu/demo8/lib/python3.12/site-packages/airflow/example_dags/example_latest_only_with_trigger.py
[2024-12-18T20:37:38.015+0000] {logging_mixin.py:190} INFO - [2024-12-18T20:37:38.014+0000] {dag.py:3239} INFO - Sync 1 DAGs
[2024-12-18T20:37:38.037+0000] {logging_mixin.py:190} INFO - [2024-12-18T20:37:38.037+0000] {dag.py:4180} INFO - Setting next_dagrun for latest_only_with_trigger to 2024-12-18 16:00:00+00:00, run_after=2024-12-18 20:00:00+00:00
[2024-12-18T20:37:38.061+0000] {processor.py:208} INFO - Processing /home/ubuntu/demo8/lib/python3.12/site-packages/airflow/example_dags/example_latest_only_with_trigger.py took 0.084 seconds
[2024-12-18T20:38:33.184+0000] {processor.py:186} INFO - Started process (PID=4192) to work on /home/ubuntu/demo8/lib/python3.12/site-packages/airflow/example_dags/example_latest_only_with_trigger.py
[2024-12-18T20:38:33.186+0000] {processor.py:914} INFO - Processing file /home/ubuntu/demo8/lib/python3.12/site-packages/airflow/example_dags/example_latest_only_with_trigger.py for tasks to queue
[2024-12-18T20:38:33.189+0000] {logging_mixin.py:190} INFO - [2024-12-18T20:38:33.188+0000] {dagbag.py:588} INFO - Filling up the DagBag from /home/ubuntu/demo8/lib/python3.12/site-packages/airflow/example_dags/example_latest_only_with_trigger.py
[2024-12-18T20:38:33.198+0000] {processor.py:925} INFO - DAG(s) 'latest_only_with_trigger' retrieved from /home/ubuntu/demo8/lib/python3.12/site-packages/airflow/example_dags/example_latest_only_with_trigger.py
[2024-12-18T20:38:33.216+0000] {logging_mixin.py:190} INFO - [2024-12-18T20:38:33.216+0000] {dag.py:3239} INFO - Sync 1 DAGs
[2024-12-18T20:38:33.239+0000] {logging_mixin.py:190} INFO - [2024-12-18T20:38:33.239+0000] {dag.py:4180} INFO - Setting next_dagrun for latest_only_with_trigger to 2024-12-18 16:00:00+00:00, run_after=2024-12-18 20:00:00+00:00
[2024-12-18T20:38:33.261+0000] {processor.py:208} INFO - Processing /home/ubuntu/demo8/lib/python3.12/site-packages/airflow/example_dags/example_latest_only_with_trigger.py took 0.082 seconds
[2024-12-18T20:39:28.671+0000] {processor.py:186} INFO - Started process (PID=4371) to work on /home/ubuntu/demo8/lib/python3.12/site-packages/airflow/example_dags/example_latest_only_with_trigger.py
[2024-12-18T20:39:28.672+0000] {processor.py:914} INFO - Processing file /home/ubuntu/demo8/lib/python3.12/site-packages/airflow/example_dags/example_latest_only_with_trigger.py for tasks to queue
[2024-12-18T20:39:28.675+0000] {logging_mixin.py:190} INFO - [2024-12-18T20:39:28.675+0000] {dagbag.py:588} INFO - Filling up the DagBag from /home/ubuntu/demo8/lib/python3.12/site-packages/airflow/example_dags/example_latest_only_with_trigger.py
[2024-12-18T20:39:28.684+0000] {processor.py:925} INFO - DAG(s) 'latest_only_with_trigger' retrieved from /home/ubuntu/demo8/lib/python3.12/site-packages/airflow/example_dags/example_latest_only_with_trigger.py
[2024-12-18T20:39:28.704+0000] {logging_mixin.py:190} INFO - [2024-12-18T20:39:28.703+0000] {dag.py:3239} INFO - Sync 1 DAGs
[2024-12-18T20:39:28.727+0000] {logging_mixin.py:190} INFO - [2024-12-18T20:39:28.726+0000] {dag.py:4180} INFO - Setting next_dagrun for latest_only_with_trigger to 2024-12-18 16:00:00+00:00, run_after=2024-12-18 20:00:00+00:00
[2024-12-18T20:39:28.753+0000] {processor.py:208} INFO - Processing /home/ubuntu/demo8/lib/python3.12/site-packages/airflow/example_dags/example_latest_only_with_trigger.py took 0.089 seconds
[2024-12-18T20:40:26.374+0000] {processor.py:186} INFO - Started process (PID=4507) to work on /home/ubuntu/demo8/lib/python3.12/site-packages/airflow/example_dags/example_latest_only_with_trigger.py
[2024-12-18T20:40:26.376+0000] {processor.py:914} INFO - Processing file /home/ubuntu/demo8/lib/python3.12/site-packages/airflow/example_dags/example_latest_only_with_trigger.py for tasks to queue
[2024-12-18T20:40:26.378+0000] {logging_mixin.py:190} INFO - [2024-12-18T20:40:26.378+0000] {dagbag.py:588} INFO - Filling up the DagBag from /home/ubuntu/demo8/lib/python3.12/site-packages/airflow/example_dags/example_latest_only_with_trigger.py
[2024-12-18T20:40:26.387+0000] {processor.py:925} INFO - DAG(s) 'latest_only_with_trigger' retrieved from /home/ubuntu/demo8/lib/python3.12/site-packages/airflow/example_dags/example_latest_only_with_trigger.py
[2024-12-18T20:40:26.405+0000] {logging_mixin.py:190} INFO - [2024-12-18T20:40:26.405+0000] {dag.py:3239} INFO - Sync 1 DAGs
[2024-12-18T20:40:26.427+0000] {logging_mixin.py:190} INFO - [2024-12-18T20:40:26.427+0000] {dag.py:4180} INFO - Setting next_dagrun for latest_only_with_trigger to 2024-12-18 16:00:00+00:00, run_after=2024-12-18 20:00:00+00:00
[2024-12-18T20:40:26.450+0000] {processor.py:208} INFO - Processing /home/ubuntu/demo8/lib/python3.12/site-packages/airflow/example_dags/example_latest_only_with_trigger.py took 0.082 seconds
[2024-12-18T20:41:20.839+0000] {processor.py:186} INFO - Started process (PID=4626) to work on /home/ubuntu/demo8/lib/python3.12/site-packages/airflow/example_dags/example_latest_only_with_trigger.py
[2024-12-18T20:41:20.841+0000] {processor.py:914} INFO - Processing file /home/ubuntu/demo8/lib/python3.12/site-packages/airflow/example_dags/example_latest_only_with_trigger.py for tasks to queue
[2024-12-18T20:41:20.843+0000] {logging_mixin.py:190} INFO - [2024-12-18T20:41:20.843+0000] {dagbag.py:588} INFO - Filling up the DagBag from /home/ubuntu/demo8/lib/python3.12/site-packages/airflow/example_dags/example_latest_only_with_trigger.py
[2024-12-18T20:41:20.852+0000] {processor.py:925} INFO - DAG(s) 'latest_only_with_trigger' retrieved from /home/ubuntu/demo8/lib/python3.12/site-packages/airflow/example_dags/example_latest_only_with_trigger.py
[2024-12-18T20:41:20.870+0000] {logging_mixin.py:190} INFO - [2024-12-18T20:41:20.870+0000] {dag.py:3239} INFO - Sync 1 DAGs
[2024-12-18T20:41:20.891+0000] {logging_mixin.py:190} INFO - [2024-12-18T20:41:20.891+0000] {dag.py:4180} INFO - Setting next_dagrun for latest_only_with_trigger to 2024-12-18 16:00:00+00:00, run_after=2024-12-18 20:00:00+00:00
[2024-12-18T20:41:20.914+0000] {processor.py:208} INFO - Processing /home/ubuntu/demo8/lib/python3.12/site-packages/airflow/example_dags/example_latest_only_with_trigger.py took 0.081 seconds
[2024-12-18T20:42:15.361+0000] {processor.py:186} INFO - Started process (PID=4683) to work on /home/ubuntu/demo8/lib/python3.12/site-packages/airflow/example_dags/example_latest_only_with_trigger.py
[2024-12-18T20:42:15.362+0000] {processor.py:914} INFO - Processing file /home/ubuntu/demo8/lib/python3.12/site-packages/airflow/example_dags/example_latest_only_with_trigger.py for tasks to queue
[2024-12-18T20:42:15.365+0000] {logging_mixin.py:190} INFO - [2024-12-18T20:42:15.364+0000] {dagbag.py:588} INFO - Filling up the DagBag from /home/ubuntu/demo8/lib/python3.12/site-packages/airflow/example_dags/example_latest_only_with_trigger.py
[2024-12-18T20:42:15.374+0000] {processor.py:925} INFO - DAG(s) 'latest_only_with_trigger' retrieved from /home/ubuntu/demo8/lib/python3.12/site-packages/airflow/example_dags/example_latest_only_with_trigger.py
[2024-12-18T20:42:15.391+0000] {logging_mixin.py:190} INFO - [2024-12-18T20:42:15.391+0000] {dag.py:3239} INFO - Sync 1 DAGs
[2024-12-18T20:42:15.413+0000] {logging_mixin.py:190} INFO - [2024-12-18T20:42:15.413+0000] {dag.py:4180} INFO - Setting next_dagrun for latest_only_with_trigger to 2024-12-18 16:00:00+00:00, run_after=2024-12-18 20:00:00+00:00
[2024-12-18T20:42:15.436+0000] {processor.py:208} INFO - Processing /home/ubuntu/demo8/lib/python3.12/site-packages/airflow/example_dags/example_latest_only_with_trigger.py took 0.082 seconds
[2024-12-18T20:43:10.717+0000] {processor.py:186} INFO - Started process (PID=4799) to work on /home/ubuntu/demo8/lib/python3.12/site-packages/airflow/example_dags/example_latest_only_with_trigger.py
[2024-12-18T20:43:10.719+0000] {processor.py:914} INFO - Processing file /home/ubuntu/demo8/lib/python3.12/site-packages/airflow/example_dags/example_latest_only_with_trigger.py for tasks to queue
[2024-12-18T20:43:10.721+0000] {logging_mixin.py:190} INFO - [2024-12-18T20:43:10.721+0000] {dagbag.py:588} INFO - Filling up the DagBag from /home/ubuntu/demo8/lib/python3.12/site-packages/airflow/example_dags/example_latest_only_with_trigger.py
[2024-12-18T20:43:10.730+0000] {processor.py:925} INFO - DAG(s) 'latest_only_with_trigger' retrieved from /home/ubuntu/demo8/lib/python3.12/site-packages/airflow/example_dags/example_latest_only_with_trigger.py
[2024-12-18T20:43:10.749+0000] {logging_mixin.py:190} INFO - [2024-12-18T20:43:10.749+0000] {dag.py:3239} INFO - Sync 1 DAGs
[2024-12-18T20:43:10.771+0000] {logging_mixin.py:190} INFO - [2024-12-18T20:43:10.771+0000] {dag.py:4180} INFO - Setting next_dagrun for latest_only_with_trigger to 2024-12-18 16:00:00+00:00, run_after=2024-12-18 20:00:00+00:00
[2024-12-18T20:43:10.793+0000] {processor.py:208} INFO - Processing /home/ubuntu/demo8/lib/python3.12/site-packages/airflow/example_dags/example_latest_only_with_trigger.py took 0.083 seconds
[2024-12-18T20:44:03.523+0000] {processor.py:186} INFO - Started process (PID=4914) to work on /home/ubuntu/demo8/lib/python3.12/site-packages/airflow/example_dags/example_latest_only_with_trigger.py
[2024-12-18T20:44:03.524+0000] {processor.py:914} INFO - Processing file /home/ubuntu/demo8/lib/python3.12/site-packages/airflow/example_dags/example_latest_only_with_trigger.py for tasks to queue
[2024-12-18T20:44:03.527+0000] {logging_mixin.py:190} INFO - [2024-12-18T20:44:03.526+0000] {dagbag.py:588} INFO - Filling up the DagBag from /home/ubuntu/demo8/lib/python3.12/site-packages/airflow/example_dags/example_latest_only_with_trigger.py
[2024-12-18T20:44:03.536+0000] {processor.py:925} INFO - DAG(s) 'latest_only_with_trigger' retrieved from /home/ubuntu/demo8/lib/python3.12/site-packages/airflow/example_dags/example_latest_only_with_trigger.py
[2024-12-18T20:44:03.554+0000] {logging_mixin.py:190} INFO - [2024-12-18T20:44:03.553+0000] {dag.py:3239} INFO - Sync 1 DAGs
[2024-12-18T20:44:03.576+0000] {logging_mixin.py:190} INFO - [2024-12-18T20:44:03.575+0000] {dag.py:4180} INFO - Setting next_dagrun for latest_only_with_trigger to 2024-12-18 16:00:00+00:00, run_after=2024-12-18 20:00:00+00:00
[2024-12-18T20:44:03.598+0000] {processor.py:208} INFO - Processing /home/ubuntu/demo8/lib/python3.12/site-packages/airflow/example_dags/example_latest_only_with_trigger.py took 0.082 seconds
[2024-12-18T20:44:57.241+0000] {processor.py:186} INFO - Started process (PID=5092) to work on /home/ubuntu/demo8/lib/python3.12/site-packages/airflow/example_dags/example_latest_only_with_trigger.py
[2024-12-18T20:44:57.243+0000] {processor.py:914} INFO - Processing file /home/ubuntu/demo8/lib/python3.12/site-packages/airflow/example_dags/example_latest_only_with_trigger.py for tasks to queue
[2024-12-18T20:44:57.246+0000] {logging_mixin.py:190} INFO - [2024-12-18T20:44:57.245+0000] {dagbag.py:588} INFO - Filling up the DagBag from /home/ubuntu/demo8/lib/python3.12/site-packages/airflow/example_dags/example_latest_only_with_trigger.py
[2024-12-18T20:44:57.255+0000] {processor.py:925} INFO - DAG(s) 'latest_only_with_trigger' retrieved from /home/ubuntu/demo8/lib/python3.12/site-packages/airflow/example_dags/example_latest_only_with_trigger.py
[2024-12-18T20:44:57.274+0000] {logging_mixin.py:190} INFO - [2024-12-18T20:44:57.273+0000] {dag.py:3239} INFO - Sync 1 DAGs
[2024-12-18T20:44:57.295+0000] {logging_mixin.py:190} INFO - [2024-12-18T20:44:57.295+0000] {dag.py:4180} INFO - Setting next_dagrun for latest_only_with_trigger to 2024-12-18 16:00:00+00:00, run_after=2024-12-18 20:00:00+00:00
[2024-12-18T20:44:57.319+0000] {processor.py:208} INFO - Processing /home/ubuntu/demo8/lib/python3.12/site-packages/airflow/example_dags/example_latest_only_with_trigger.py took 0.085 seconds
[2024-12-18T20:45:51.720+0000] {processor.py:186} INFO - Started process (PID=5214) to work on /home/ubuntu/demo8/lib/python3.12/site-packages/airflow/example_dags/example_latest_only_with_trigger.py
[2024-12-18T20:45:51.721+0000] {processor.py:914} INFO - Processing file /home/ubuntu/demo8/lib/python3.12/site-packages/airflow/example_dags/example_latest_only_with_trigger.py for tasks to queue
[2024-12-18T20:45:51.724+0000] {logging_mixin.py:190} INFO - [2024-12-18T20:45:51.723+0000] {dagbag.py:588} INFO - Filling up the DagBag from /home/ubuntu/demo8/lib/python3.12/site-packages/airflow/example_dags/example_latest_only_with_trigger.py
[2024-12-18T20:45:51.733+0000] {processor.py:925} INFO - DAG(s) 'latest_only_with_trigger' retrieved from /home/ubuntu/demo8/lib/python3.12/site-packages/airflow/example_dags/example_latest_only_with_trigger.py
[2024-12-18T20:45:51.751+0000] {logging_mixin.py:190} INFO - [2024-12-18T20:45:51.751+0000] {dag.py:3239} INFO - Sync 1 DAGs
[2024-12-18T20:45:51.773+0000] {logging_mixin.py:190} INFO - [2024-12-18T20:45:51.773+0000] {dag.py:4180} INFO - Setting next_dagrun for latest_only_with_trigger to 2024-12-18 16:00:00+00:00, run_after=2024-12-18 20:00:00+00:00
[2024-12-18T20:45:51.797+0000] {processor.py:208} INFO - Processing /home/ubuntu/demo8/lib/python3.12/site-packages/airflow/example_dags/example_latest_only_with_trigger.py took 0.083 seconds
[2024-12-18T20:47:31.075+0000] {processor.py:186} INFO - Started process (PID=5839) to work on /home/ubuntu/demo8/lib/python3.12/site-packages/airflow/example_dags/example_latest_only_with_trigger.py
[2024-12-18T20:47:31.077+0000] {processor.py:914} INFO - Processing file /home/ubuntu/demo8/lib/python3.12/site-packages/airflow/example_dags/example_latest_only_with_trigger.py for tasks to queue
[2024-12-18T20:47:31.079+0000] {logging_mixin.py:190} INFO - [2024-12-18T20:47:31.079+0000] {dagbag.py:588} INFO - Filling up the DagBag from /home/ubuntu/demo8/lib/python3.12/site-packages/airflow/example_dags/example_latest_only_with_trigger.py
[2024-12-18T20:47:31.088+0000] {processor.py:925} INFO - DAG(s) 'latest_only_with_trigger' retrieved from /home/ubuntu/demo8/lib/python3.12/site-packages/airflow/example_dags/example_latest_only_with_trigger.py
[2024-12-18T20:47:31.108+0000] {logging_mixin.py:190} INFO - [2024-12-18T20:47:31.108+0000] {dag.py:3239} INFO - Sync 1 DAGs
[2024-12-18T20:47:31.130+0000] {logging_mixin.py:190} INFO - [2024-12-18T20:47:31.129+0000] {dag.py:4180} INFO - Setting next_dagrun for latest_only_with_trigger to 2024-12-18 16:00:00+00:00, run_after=2024-12-18 20:00:00+00:00
[2024-12-18T20:47:31.155+0000] {processor.py:208} INFO - Processing /home/ubuntu/demo8/lib/python3.12/site-packages/airflow/example_dags/example_latest_only_with_trigger.py took 0.086 seconds
[2024-12-18T20:48:30.004+0000] {processor.py:186} INFO - Started process (PID=6082) to work on /home/ubuntu/demo8/lib/python3.12/site-packages/airflow/example_dags/example_latest_only_with_trigger.py
[2024-12-18T20:48:30.006+0000] {processor.py:914} INFO - Processing file /home/ubuntu/demo8/lib/python3.12/site-packages/airflow/example_dags/example_latest_only_with_trigger.py for tasks to queue
[2024-12-18T20:48:30.008+0000] {logging_mixin.py:190} INFO - [2024-12-18T20:48:30.008+0000] {dagbag.py:588} INFO - Filling up the DagBag from /home/ubuntu/demo8/lib/python3.12/site-packages/airflow/example_dags/example_latest_only_with_trigger.py
[2024-12-18T20:48:30.017+0000] {processor.py:925} INFO - DAG(s) 'latest_only_with_trigger' retrieved from /home/ubuntu/demo8/lib/python3.12/site-packages/airflow/example_dags/example_latest_only_with_trigger.py
[2024-12-18T20:48:30.035+0000] {logging_mixin.py:190} INFO - [2024-12-18T20:48:30.035+0000] {dag.py:3239} INFO - Sync 1 DAGs
[2024-12-18T20:48:30.056+0000] {logging_mixin.py:190} INFO - [2024-12-18T20:48:30.056+0000] {dag.py:4180} INFO - Setting next_dagrun for latest_only_with_trigger to 2024-12-18 16:00:00+00:00, run_after=2024-12-18 20:00:00+00:00
[2024-12-18T20:48:30.080+0000] {processor.py:208} INFO - Processing /home/ubuntu/demo8/lib/python3.12/site-packages/airflow/example_dags/example_latest_only_with_trigger.py took 0.082 seconds
[2024-12-18T20:49:26.477+0000] {processor.py:186} INFO - Started process (PID=6440) to work on /home/ubuntu/demo8/lib/python3.12/site-packages/airflow/example_dags/example_latest_only_with_trigger.py
[2024-12-18T20:49:26.479+0000] {processor.py:914} INFO - Processing file /home/ubuntu/demo8/lib/python3.12/site-packages/airflow/example_dags/example_latest_only_with_trigger.py for tasks to queue
[2024-12-18T20:49:26.481+0000] {logging_mixin.py:190} INFO - [2024-12-18T20:49:26.481+0000] {dagbag.py:588} INFO - Filling up the DagBag from /home/ubuntu/demo8/lib/python3.12/site-packages/airflow/example_dags/example_latest_only_with_trigger.py
[2024-12-18T20:49:26.490+0000] {processor.py:925} INFO - DAG(s) 'latest_only_with_trigger' retrieved from /home/ubuntu/demo8/lib/python3.12/site-packages/airflow/example_dags/example_latest_only_with_trigger.py
[2024-12-18T20:49:26.509+0000] {logging_mixin.py:190} INFO - [2024-12-18T20:49:26.509+0000] {dag.py:3239} INFO - Sync 1 DAGs
[2024-12-18T20:49:26.532+0000] {logging_mixin.py:190} INFO - [2024-12-18T20:49:26.532+0000] {dag.py:4180} INFO - Setting next_dagrun for latest_only_with_trigger to 2024-12-18 16:00:00+00:00, run_after=2024-12-18 20:00:00+00:00
[2024-12-18T20:49:26.556+0000] {processor.py:208} INFO - Processing /home/ubuntu/demo8/lib/python3.12/site-packages/airflow/example_dags/example_latest_only_with_trigger.py took 0.085 seconds
[2024-12-18T20:50:24.035+0000] {processor.py:186} INFO - Started process (PID=6802) to work on /home/ubuntu/demo8/lib/python3.12/site-packages/airflow/example_dags/example_latest_only_with_trigger.py
[2024-12-18T20:50:24.037+0000] {processor.py:914} INFO - Processing file /home/ubuntu/demo8/lib/python3.12/site-packages/airflow/example_dags/example_latest_only_with_trigger.py for tasks to queue
[2024-12-18T20:50:24.039+0000] {logging_mixin.py:190} INFO - [2024-12-18T20:50:24.039+0000] {dagbag.py:588} INFO - Filling up the DagBag from /home/ubuntu/demo8/lib/python3.12/site-packages/airflow/example_dags/example_latest_only_with_trigger.py
[2024-12-18T20:50:24.048+0000] {processor.py:925} INFO - DAG(s) 'latest_only_with_trigger' retrieved from /home/ubuntu/demo8/lib/python3.12/site-packages/airflow/example_dags/example_latest_only_with_trigger.py
[2024-12-18T20:50:24.067+0000] {logging_mixin.py:190} INFO - [2024-12-18T20:50:24.067+0000] {dag.py:3239} INFO - Sync 1 DAGs
[2024-12-18T20:50:24.089+0000] {logging_mixin.py:190} INFO - [2024-12-18T20:50:24.089+0000] {dag.py:4180} INFO - Setting next_dagrun for latest_only_with_trigger to 2024-12-18 16:00:00+00:00, run_after=2024-12-18 20:00:00+00:00
[2024-12-18T20:50:24.113+0000] {processor.py:208} INFO - Processing /home/ubuntu/demo8/lib/python3.12/site-packages/airflow/example_dags/example_latest_only_with_trigger.py took 0.084 seconds
[2024-12-18T20:51:20.027+0000] {processor.py:186} INFO - Started process (PID=6968) to work on /home/ubuntu/demo8/lib/python3.12/site-packages/airflow/example_dags/example_latest_only_with_trigger.py
[2024-12-18T20:51:20.029+0000] {processor.py:914} INFO - Processing file /home/ubuntu/demo8/lib/python3.12/site-packages/airflow/example_dags/example_latest_only_with_trigger.py for tasks to queue
[2024-12-18T20:51:20.031+0000] {logging_mixin.py:190} INFO - [2024-12-18T20:51:20.031+0000] {dagbag.py:588} INFO - Filling up the DagBag from /home/ubuntu/demo8/lib/python3.12/site-packages/airflow/example_dags/example_latest_only_with_trigger.py
[2024-12-18T20:51:20.041+0000] {processor.py:925} INFO - DAG(s) 'latest_only_with_trigger' retrieved from /home/ubuntu/demo8/lib/python3.12/site-packages/airflow/example_dags/example_latest_only_with_trigger.py
[2024-12-18T20:51:20.068+0000] {logging_mixin.py:190} INFO - [2024-12-18T20:51:20.068+0000] {dag.py:3239} INFO - Sync 1 DAGs
[2024-12-18T20:51:20.110+0000] {logging_mixin.py:190} INFO - [2024-12-18T20:51:20.110+0000] {dag.py:4180} INFO - Setting next_dagrun for latest_only_with_trigger to 2024-12-18 16:00:00+00:00, run_after=2024-12-18 20:00:00+00:00
[2024-12-18T20:51:20.134+0000] {processor.py:208} INFO - Processing /home/ubuntu/demo8/lib/python3.12/site-packages/airflow/example_dags/example_latest_only_with_trigger.py took 0.113 seconds
