[2024-12-18T15:44:49.218+0000] {processor.py:186} INFO - Started process (PID=3671) to work on /home/ubuntu/demo8/lib/python3.12/site-packages/airflow/example_dags/example_latest_only.py
[2024-12-18T15:44:49.219+0000] {processor.py:914} INFO - Processing file /home/ubuntu/demo8/lib/python3.12/site-packages/airflow/example_dags/example_latest_only.py for tasks to queue
[2024-12-18T15:44:49.221+0000] {logging_mixin.py:190} INFO - [2024-12-18T15:44:49.221+0000] {dagbag.py:588} INFO - Filling up the DagBag from /home/ubuntu/demo8/lib/python3.12/site-packages/airflow/example_dags/example_latest_only.py
[2024-12-18T15:44:49.230+0000] {processor.py:925} INFO - DAG(s) 'latest_only' retrieved from /home/ubuntu/demo8/lib/python3.12/site-packages/airflow/example_dags/example_latest_only.py
[2024-12-18T15:44:49.352+0000] {logging_mixin.py:190} INFO - [2024-12-18T15:44:49.352+0000] {override.py:1911} INFO - Created Permission View: can read on DAG:latest_only
[2024-12-18T15:44:49.365+0000] {logging_mixin.py:190} INFO - [2024-12-18T15:44:49.365+0000] {override.py:1911} INFO - Created Permission View: can delete on DAG:latest_only
[2024-12-18T15:44:49.375+0000] {logging_mixin.py:190} INFO - [2024-12-18T15:44:49.375+0000] {override.py:1911} INFO - Created Permission View: can edit on DAG:latest_only
[2024-12-18T15:44:49.389+0000] {logging_mixin.py:190} INFO - [2024-12-18T15:44:49.389+0000] {override.py:1911} INFO - Created Permission View: can create on DAG Run:latest_only
[2024-12-18T15:44:49.399+0000] {logging_mixin.py:190} INFO - [2024-12-18T15:44:49.399+0000] {override.py:1911} INFO - Created Permission View: can read on DAG Run:latest_only
[2024-12-18T15:44:49.409+0000] {logging_mixin.py:190} INFO - [2024-12-18T15:44:49.409+0000] {override.py:1911} INFO - Created Permission View: menu access on DAG Run:latest_only
[2024-12-18T15:44:49.419+0000] {logging_mixin.py:190} INFO - [2024-12-18T15:44:49.418+0000] {override.py:1911} INFO - Created Permission View: can delete on DAG Run:latest_only
[2024-12-18T15:44:49.419+0000] {logging_mixin.py:190} INFO - [2024-12-18T15:44:49.419+0000] {dag.py:3239} INFO - Sync 1 DAGs
[2024-12-18T15:44:49.432+0000] {logging_mixin.py:190} INFO - [2024-12-18T15:44:49.432+0000] {dag.py:3262} INFO - Creating ORM DAG for latest_only
[2024-12-18T15:44:49.442+0000] {logging_mixin.py:190} INFO - [2024-12-18T15:44:49.442+0000] {dag.py:4180} INFO - Setting next_dagrun for latest_only to 2024-12-18 08:00:00+00:00, run_after=2024-12-18 12:00:00+00:00
[2024-12-18T15:44:49.462+0000] {processor.py:208} INFO - Processing /home/ubuntu/demo8/lib/python3.12/site-packages/airflow/example_dags/example_latest_only.py took 0.250 seconds
[2024-12-18T15:45:58.417+0000] {processor.py:186} INFO - Started process (PID=3774) to work on /home/ubuntu/demo8/lib/python3.12/site-packages/airflow/example_dags/example_latest_only.py
[2024-12-18T15:45:58.419+0000] {processor.py:914} INFO - Processing file /home/ubuntu/demo8/lib/python3.12/site-packages/airflow/example_dags/example_latest_only.py for tasks to queue
[2024-12-18T15:45:58.421+0000] {logging_mixin.py:190} INFO - [2024-12-18T15:45:58.420+0000] {dagbag.py:588} INFO - Filling up the DagBag from /home/ubuntu/demo8/lib/python3.12/site-packages/airflow/example_dags/example_latest_only.py
[2024-12-18T15:45:58.429+0000] {processor.py:925} INFO - DAG(s) 'latest_only' retrieved from /home/ubuntu/demo8/lib/python3.12/site-packages/airflow/example_dags/example_latest_only.py
[2024-12-18T15:45:58.446+0000] {logging_mixin.py:190} INFO - [2024-12-18T15:45:58.445+0000] {dag.py:3239} INFO - Sync 1 DAGs
[2024-12-18T15:45:58.467+0000] {logging_mixin.py:190} INFO - [2024-12-18T15:45:58.467+0000] {dag.py:4180} INFO - Setting next_dagrun for latest_only to 2024-12-18 08:00:00+00:00, run_after=2024-12-18 12:00:00+00:00
[2024-12-18T15:45:58.489+0000] {processor.py:208} INFO - Processing /home/ubuntu/demo8/lib/python3.12/site-packages/airflow/example_dags/example_latest_only.py took 0.078 seconds
[2024-12-18T15:46:55.028+0000] {processor.py:186} INFO - Started process (PID=4241) to work on /home/ubuntu/demo8/lib/python3.12/site-packages/airflow/example_dags/example_latest_only.py
[2024-12-18T15:46:55.029+0000] {processor.py:914} INFO - Processing file /home/ubuntu/demo8/lib/python3.12/site-packages/airflow/example_dags/example_latest_only.py for tasks to queue
[2024-12-18T15:46:55.031+0000] {logging_mixin.py:190} INFO - [2024-12-18T15:46:55.031+0000] {dagbag.py:588} INFO - Filling up the DagBag from /home/ubuntu/demo8/lib/python3.12/site-packages/airflow/example_dags/example_latest_only.py
[2024-12-18T15:46:55.039+0000] {processor.py:925} INFO - DAG(s) 'latest_only' retrieved from /home/ubuntu/demo8/lib/python3.12/site-packages/airflow/example_dags/example_latest_only.py
[2024-12-18T15:46:55.056+0000] {logging_mixin.py:190} INFO - [2024-12-18T15:46:55.056+0000] {dag.py:3239} INFO - Sync 1 DAGs
[2024-12-18T15:46:55.086+0000] {logging_mixin.py:190} INFO - [2024-12-18T15:46:55.086+0000] {dag.py:4180} INFO - Setting next_dagrun for latest_only to 2024-12-18 08:00:00+00:00, run_after=2024-12-18 12:00:00+00:00
[2024-12-18T15:46:55.130+0000] {processor.py:208} INFO - Processing /home/ubuntu/demo8/lib/python3.12/site-packages/airflow/example_dags/example_latest_only.py took 0.108 seconds
[2024-12-18T15:47:52.202+0000] {processor.py:186} INFO - Started process (PID=4299) to work on /home/ubuntu/demo8/lib/python3.12/site-packages/airflow/example_dags/example_latest_only.py
[2024-12-18T15:47:52.203+0000] {processor.py:914} INFO - Processing file /home/ubuntu/demo8/lib/python3.12/site-packages/airflow/example_dags/example_latest_only.py for tasks to queue
[2024-12-18T15:47:52.205+0000] {logging_mixin.py:190} INFO - [2024-12-18T15:47:52.205+0000] {dagbag.py:588} INFO - Filling up the DagBag from /home/ubuntu/demo8/lib/python3.12/site-packages/airflow/example_dags/example_latest_only.py
[2024-12-18T15:47:52.213+0000] {processor.py:925} INFO - DAG(s) 'latest_only' retrieved from /home/ubuntu/demo8/lib/python3.12/site-packages/airflow/example_dags/example_latest_only.py
[2024-12-18T15:47:52.230+0000] {logging_mixin.py:190} INFO - [2024-12-18T15:47:52.230+0000] {dag.py:3239} INFO - Sync 1 DAGs
[2024-12-18T15:47:52.252+0000] {logging_mixin.py:190} INFO - [2024-12-18T15:47:52.252+0000] {dag.py:4180} INFO - Setting next_dagrun for latest_only to 2024-12-18 08:00:00+00:00, run_after=2024-12-18 12:00:00+00:00
[2024-12-18T15:47:52.274+0000] {processor.py:208} INFO - Processing /home/ubuntu/demo8/lib/python3.12/site-packages/airflow/example_dags/example_latest_only.py took 0.078 seconds
[2024-12-18T15:48:47.016+0000] {processor.py:186} INFO - Started process (PID=4355) to work on /home/ubuntu/demo8/lib/python3.12/site-packages/airflow/example_dags/example_latest_only.py
[2024-12-18T15:48:47.018+0000] {processor.py:914} INFO - Processing file /home/ubuntu/demo8/lib/python3.12/site-packages/airflow/example_dags/example_latest_only.py for tasks to queue
[2024-12-18T15:48:47.020+0000] {logging_mixin.py:190} INFO - [2024-12-18T15:48:47.020+0000] {dagbag.py:588} INFO - Filling up the DagBag from /home/ubuntu/demo8/lib/python3.12/site-packages/airflow/example_dags/example_latest_only.py
[2024-12-18T15:48:47.028+0000] {processor.py:925} INFO - DAG(s) 'latest_only' retrieved from /home/ubuntu/demo8/lib/python3.12/site-packages/airflow/example_dags/example_latest_only.py
[2024-12-18T15:48:47.045+0000] {logging_mixin.py:190} INFO - [2024-12-18T15:48:47.045+0000] {dag.py:3239} INFO - Sync 1 DAGs
[2024-12-18T15:48:47.068+0000] {logging_mixin.py:190} INFO - [2024-12-18T15:48:47.068+0000] {dag.py:4180} INFO - Setting next_dagrun for latest_only to 2024-12-18 08:00:00+00:00, run_after=2024-12-18 12:00:00+00:00
[2024-12-18T15:48:47.204+0000] {processor.py:208} INFO - Processing /home/ubuntu/demo8/lib/python3.12/site-packages/airflow/example_dags/example_latest_only.py took 0.194 seconds
[2024-12-18T15:49:51.564+0000] {processor.py:186} INFO - Started process (PID=4416) to work on /home/ubuntu/demo8/lib/python3.12/site-packages/airflow/example_dags/example_latest_only.py
[2024-12-18T15:49:51.566+0000] {processor.py:914} INFO - Processing file /home/ubuntu/demo8/lib/python3.12/site-packages/airflow/example_dags/example_latest_only.py for tasks to queue
[2024-12-18T15:49:51.570+0000] {logging_mixin.py:190} INFO - [2024-12-18T15:49:51.569+0000] {dagbag.py:588} INFO - Filling up the DagBag from /home/ubuntu/demo8/lib/python3.12/site-packages/airflow/example_dags/example_latest_only.py
[2024-12-18T15:49:51.581+0000] {processor.py:925} INFO - DAG(s) 'latest_only' retrieved from /home/ubuntu/demo8/lib/python3.12/site-packages/airflow/example_dags/example_latest_only.py
[2024-12-18T15:49:51.598+0000] {logging_mixin.py:190} INFO - [2024-12-18T15:49:51.598+0000] {dag.py:3239} INFO - Sync 1 DAGs
[2024-12-18T15:49:51.621+0000] {logging_mixin.py:190} INFO - [2024-12-18T15:49:51.620+0000] {dag.py:4180} INFO - Setting next_dagrun for latest_only to 2024-12-18 08:00:00+00:00, run_after=2024-12-18 12:00:00+00:00
[2024-12-18T15:49:51.644+0000] {processor.py:208} INFO - Processing /home/ubuntu/demo8/lib/python3.12/site-packages/airflow/example_dags/example_latest_only.py took 0.088 seconds
[2024-12-18T15:50:49.341+0000] {processor.py:186} INFO - Started process (PID=4486) to work on /home/ubuntu/demo8/lib/python3.12/site-packages/airflow/example_dags/example_latest_only.py
[2024-12-18T15:50:49.342+0000] {processor.py:914} INFO - Processing file /home/ubuntu/demo8/lib/python3.12/site-packages/airflow/example_dags/example_latest_only.py for tasks to queue
[2024-12-18T15:50:49.345+0000] {logging_mixin.py:190} INFO - [2024-12-18T15:50:49.344+0000] {dagbag.py:588} INFO - Filling up the DagBag from /home/ubuntu/demo8/lib/python3.12/site-packages/airflow/example_dags/example_latest_only.py
[2024-12-18T15:50:49.353+0000] {processor.py:925} INFO - DAG(s) 'latest_only' retrieved from /home/ubuntu/demo8/lib/python3.12/site-packages/airflow/example_dags/example_latest_only.py
[2024-12-18T15:50:49.370+0000] {logging_mixin.py:190} INFO - [2024-12-18T15:50:49.369+0000] {dag.py:3239} INFO - Sync 1 DAGs
[2024-12-18T15:50:49.392+0000] {logging_mixin.py:190} INFO - [2024-12-18T15:50:49.391+0000] {dag.py:4180} INFO - Setting next_dagrun for latest_only to 2024-12-18 08:00:00+00:00, run_after=2024-12-18 12:00:00+00:00
[2024-12-18T15:50:49.413+0000] {processor.py:208} INFO - Processing /home/ubuntu/demo8/lib/python3.12/site-packages/airflow/example_dags/example_latest_only.py took 0.079 seconds
[2024-12-18T15:51:44.499+0000] {processor.py:186} INFO - Started process (PID=4545) to work on /home/ubuntu/demo8/lib/python3.12/site-packages/airflow/example_dags/example_latest_only.py
[2024-12-18T15:51:44.501+0000] {processor.py:914} INFO - Processing file /home/ubuntu/demo8/lib/python3.12/site-packages/airflow/example_dags/example_latest_only.py for tasks to queue
[2024-12-18T15:51:44.503+0000] {logging_mixin.py:190} INFO - [2024-12-18T15:51:44.503+0000] {dagbag.py:588} INFO - Filling up the DagBag from /home/ubuntu/demo8/lib/python3.12/site-packages/airflow/example_dags/example_latest_only.py
[2024-12-18T15:51:44.511+0000] {processor.py:925} INFO - DAG(s) 'latest_only' retrieved from /home/ubuntu/demo8/lib/python3.12/site-packages/airflow/example_dags/example_latest_only.py
[2024-12-18T15:51:44.535+0000] {logging_mixin.py:190} INFO - [2024-12-18T15:51:44.535+0000] {dag.py:3239} INFO - Sync 1 DAGs
[2024-12-18T15:51:44.558+0000] {logging_mixin.py:190} INFO - [2024-12-18T15:51:44.558+0000] {dag.py:4180} INFO - Setting next_dagrun for latest_only to 2024-12-18 08:00:00+00:00, run_after=2024-12-18 12:00:00+00:00
[2024-12-18T15:51:44.580+0000] {processor.py:208} INFO - Processing /home/ubuntu/demo8/lib/python3.12/site-packages/airflow/example_dags/example_latest_only.py took 0.087 seconds
[2024-12-18T15:52:38.437+0000] {processor.py:186} INFO - Started process (PID=4602) to work on /home/ubuntu/demo8/lib/python3.12/site-packages/airflow/example_dags/example_latest_only.py
[2024-12-18T15:52:38.439+0000] {processor.py:914} INFO - Processing file /home/ubuntu/demo8/lib/python3.12/site-packages/airflow/example_dags/example_latest_only.py for tasks to queue
[2024-12-18T15:52:38.441+0000] {logging_mixin.py:190} INFO - [2024-12-18T15:52:38.441+0000] {dagbag.py:588} INFO - Filling up the DagBag from /home/ubuntu/demo8/lib/python3.12/site-packages/airflow/example_dags/example_latest_only.py
[2024-12-18T15:52:38.450+0000] {processor.py:925} INFO - DAG(s) 'latest_only' retrieved from /home/ubuntu/demo8/lib/python3.12/site-packages/airflow/example_dags/example_latest_only.py
[2024-12-18T15:52:38.468+0000] {logging_mixin.py:190} INFO - [2024-12-18T15:52:38.467+0000] {dag.py:3239} INFO - Sync 1 DAGs
[2024-12-18T15:52:38.491+0000] {logging_mixin.py:190} INFO - [2024-12-18T15:52:38.491+0000] {dag.py:4180} INFO - Setting next_dagrun for latest_only to 2024-12-18 08:00:00+00:00, run_after=2024-12-18 12:00:00+00:00
[2024-12-18T15:52:38.514+0000] {processor.py:208} INFO - Processing /home/ubuntu/demo8/lib/python3.12/site-packages/airflow/example_dags/example_latest_only.py took 0.083 seconds
[2024-12-18T15:53:33.477+0000] {processor.py:186} INFO - Started process (PID=4658) to work on /home/ubuntu/demo8/lib/python3.12/site-packages/airflow/example_dags/example_latest_only.py
[2024-12-18T15:53:33.479+0000] {processor.py:914} INFO - Processing file /home/ubuntu/demo8/lib/python3.12/site-packages/airflow/example_dags/example_latest_only.py for tasks to queue
[2024-12-18T15:53:33.481+0000] {logging_mixin.py:190} INFO - [2024-12-18T15:53:33.480+0000] {dagbag.py:588} INFO - Filling up the DagBag from /home/ubuntu/demo8/lib/python3.12/site-packages/airflow/example_dags/example_latest_only.py
[2024-12-18T15:53:33.489+0000] {processor.py:925} INFO - DAG(s) 'latest_only' retrieved from /home/ubuntu/demo8/lib/python3.12/site-packages/airflow/example_dags/example_latest_only.py
[2024-12-18T15:53:33.506+0000] {logging_mixin.py:190} INFO - [2024-12-18T15:53:33.506+0000] {dag.py:3239} INFO - Sync 1 DAGs
[2024-12-18T15:53:33.529+0000] {logging_mixin.py:190} INFO - [2024-12-18T15:53:33.529+0000] {dag.py:4180} INFO - Setting next_dagrun for latest_only to 2024-12-18 08:00:00+00:00, run_after=2024-12-18 12:00:00+00:00
[2024-12-18T15:53:33.552+0000] {processor.py:208} INFO - Processing /home/ubuntu/demo8/lib/python3.12/site-packages/airflow/example_dags/example_latest_only.py took 0.081 seconds
[2024-12-18T15:54:59.058+0000] {processor.py:186} INFO - Started process (PID=4772) to work on /home/ubuntu/demo8/lib/python3.12/site-packages/airflow/example_dags/example_latest_only.py
[2024-12-18T15:54:59.059+0000] {processor.py:914} INFO - Processing file /home/ubuntu/demo8/lib/python3.12/site-packages/airflow/example_dags/example_latest_only.py for tasks to queue
[2024-12-18T15:54:59.061+0000] {logging_mixin.py:190} INFO - [2024-12-18T15:54:59.061+0000] {dagbag.py:588} INFO - Filling up the DagBag from /home/ubuntu/demo8/lib/python3.12/site-packages/airflow/example_dags/example_latest_only.py
[2024-12-18T15:54:59.069+0000] {processor.py:925} INFO - DAG(s) 'latest_only' retrieved from /home/ubuntu/demo8/lib/python3.12/site-packages/airflow/example_dags/example_latest_only.py
[2024-12-18T15:54:59.102+0000] {logging_mixin.py:190} INFO - [2024-12-18T15:54:59.102+0000] {dag.py:3239} INFO - Sync 1 DAGs
[2024-12-18T15:54:59.124+0000] {logging_mixin.py:190} INFO - [2024-12-18T15:54:59.124+0000] {dag.py:4180} INFO - Setting next_dagrun for latest_only to 2024-12-18 08:00:00+00:00, run_after=2024-12-18 12:00:00+00:00
[2024-12-18T15:54:59.146+0000] {processor.py:208} INFO - Processing /home/ubuntu/demo8/lib/python3.12/site-packages/airflow/example_dags/example_latest_only.py took 0.094 seconds
[2024-12-18T15:55:56.019+0000] {processor.py:186} INFO - Started process (PID=4835) to work on /home/ubuntu/demo8/lib/python3.12/site-packages/airflow/example_dags/example_latest_only.py
[2024-12-18T15:55:56.021+0000] {processor.py:914} INFO - Processing file /home/ubuntu/demo8/lib/python3.12/site-packages/airflow/example_dags/example_latest_only.py for tasks to queue
[2024-12-18T15:55:56.023+0000] {logging_mixin.py:190} INFO - [2024-12-18T15:55:56.022+0000] {dagbag.py:588} INFO - Filling up the DagBag from /home/ubuntu/demo8/lib/python3.12/site-packages/airflow/example_dags/example_latest_only.py
[2024-12-18T15:55:56.031+0000] {processor.py:925} INFO - DAG(s) 'latest_only' retrieved from /home/ubuntu/demo8/lib/python3.12/site-packages/airflow/example_dags/example_latest_only.py
[2024-12-18T15:55:56.049+0000] {logging_mixin.py:190} INFO - [2024-12-18T15:55:56.048+0000] {dag.py:3239} INFO - Sync 1 DAGs
[2024-12-18T15:55:56.071+0000] {logging_mixin.py:190} INFO - [2024-12-18T15:55:56.071+0000] {dag.py:4180} INFO - Setting next_dagrun for latest_only to 2024-12-18 08:00:00+00:00, run_after=2024-12-18 12:00:00+00:00
[2024-12-18T15:55:56.094+0000] {processor.py:208} INFO - Processing /home/ubuntu/demo8/lib/python3.12/site-packages/airflow/example_dags/example_latest_only.py took 0.081 seconds
[2024-12-18T15:57:26.580+0000] {processor.py:186} INFO - Started process (PID=4922) to work on /home/ubuntu/demo8/lib/python3.12/site-packages/airflow/example_dags/example_latest_only.py
[2024-12-18T15:57:26.581+0000] {processor.py:914} INFO - Processing file /home/ubuntu/demo8/lib/python3.12/site-packages/airflow/example_dags/example_latest_only.py for tasks to queue
[2024-12-18T15:57:26.583+0000] {logging_mixin.py:190} INFO - [2024-12-18T15:57:26.583+0000] {dagbag.py:588} INFO - Filling up the DagBag from /home/ubuntu/demo8/lib/python3.12/site-packages/airflow/example_dags/example_latest_only.py
[2024-12-18T15:57:26.592+0000] {processor.py:925} INFO - DAG(s) 'latest_only' retrieved from /home/ubuntu/demo8/lib/python3.12/site-packages/airflow/example_dags/example_latest_only.py
[2024-12-18T15:57:26.612+0000] {logging_mixin.py:190} INFO - [2024-12-18T15:57:26.612+0000] {dag.py:3239} INFO - Sync 1 DAGs
[2024-12-18T15:57:26.634+0000] {logging_mixin.py:190} INFO - [2024-12-18T15:57:26.634+0000] {dag.py:4180} INFO - Setting next_dagrun for latest_only to 2024-12-18 08:00:00+00:00, run_after=2024-12-18 12:00:00+00:00
[2024-12-18T15:57:26.657+0000] {processor.py:208} INFO - Processing /home/ubuntu/demo8/lib/python3.12/site-packages/airflow/example_dags/example_latest_only.py took 0.084 seconds
[2024-12-18T15:58:23.425+0000] {processor.py:186} INFO - Started process (PID=4980) to work on /home/ubuntu/demo8/lib/python3.12/site-packages/airflow/example_dags/example_latest_only.py
[2024-12-18T15:58:23.426+0000] {processor.py:914} INFO - Processing file /home/ubuntu/demo8/lib/python3.12/site-packages/airflow/example_dags/example_latest_only.py for tasks to queue
[2024-12-18T15:58:23.429+0000] {logging_mixin.py:190} INFO - [2024-12-18T15:58:23.428+0000] {dagbag.py:588} INFO - Filling up the DagBag from /home/ubuntu/demo8/lib/python3.12/site-packages/airflow/example_dags/example_latest_only.py
[2024-12-18T15:58:23.437+0000] {processor.py:925} INFO - DAG(s) 'latest_only' retrieved from /home/ubuntu/demo8/lib/python3.12/site-packages/airflow/example_dags/example_latest_only.py
[2024-12-18T15:58:23.454+0000] {logging_mixin.py:190} INFO - [2024-12-18T15:58:23.454+0000] {dag.py:3239} INFO - Sync 1 DAGs
[2024-12-18T15:58:23.476+0000] {logging_mixin.py:190} INFO - [2024-12-18T15:58:23.475+0000] {dag.py:4180} INFO - Setting next_dagrun for latest_only to 2024-12-18 08:00:00+00:00, run_after=2024-12-18 12:00:00+00:00
[2024-12-18T15:58:23.498+0000] {processor.py:208} INFO - Processing /home/ubuntu/demo8/lib/python3.12/site-packages/airflow/example_dags/example_latest_only.py took 0.079 seconds
[2024-12-18T16:00:25.403+0000] {processor.py:186} INFO - Started process (PID=5106) to work on /home/ubuntu/demo8/lib/python3.12/site-packages/airflow/example_dags/example_latest_only.py
[2024-12-18T16:00:25.404+0000] {processor.py:914} INFO - Processing file /home/ubuntu/demo8/lib/python3.12/site-packages/airflow/example_dags/example_latest_only.py for tasks to queue
[2024-12-18T16:00:25.406+0000] {logging_mixin.py:190} INFO - [2024-12-18T16:00:25.406+0000] {dagbag.py:588} INFO - Filling up the DagBag from /home/ubuntu/demo8/lib/python3.12/site-packages/airflow/example_dags/example_latest_only.py
[2024-12-18T16:00:25.414+0000] {processor.py:925} INFO - DAG(s) 'latest_only' retrieved from /home/ubuntu/demo8/lib/python3.12/site-packages/airflow/example_dags/example_latest_only.py
[2024-12-18T16:00:25.434+0000] {logging_mixin.py:190} INFO - [2024-12-18T16:00:25.434+0000] {dag.py:3239} INFO - Sync 1 DAGs
[2024-12-18T16:00:25.456+0000] {logging_mixin.py:190} INFO - [2024-12-18T16:00:25.456+0000] {dag.py:4180} INFO - Setting next_dagrun for latest_only to 2024-12-18 12:00:00+00:00, run_after=2024-12-18 16:00:00+00:00
[2024-12-18T16:00:25.479+0000] {processor.py:208} INFO - Processing /home/ubuntu/demo8/lib/python3.12/site-packages/airflow/example_dags/example_latest_only.py took 0.089 seconds
[2024-12-18T16:01:22.242+0000] {processor.py:186} INFO - Started process (PID=5165) to work on /home/ubuntu/demo8/lib/python3.12/site-packages/airflow/example_dags/example_latest_only.py
[2024-12-18T16:01:22.244+0000] {processor.py:914} INFO - Processing file /home/ubuntu/demo8/lib/python3.12/site-packages/airflow/example_dags/example_latest_only.py for tasks to queue
[2024-12-18T16:01:22.246+0000] {logging_mixin.py:190} INFO - [2024-12-18T16:01:22.246+0000] {dagbag.py:588} INFO - Filling up the DagBag from /home/ubuntu/demo8/lib/python3.12/site-packages/airflow/example_dags/example_latest_only.py
[2024-12-18T16:01:22.254+0000] {processor.py:925} INFO - DAG(s) 'latest_only' retrieved from /home/ubuntu/demo8/lib/python3.12/site-packages/airflow/example_dags/example_latest_only.py
[2024-12-18T16:01:22.271+0000] {logging_mixin.py:190} INFO - [2024-12-18T16:01:22.271+0000] {dag.py:3239} INFO - Sync 1 DAGs
[2024-12-18T16:01:22.292+0000] {logging_mixin.py:190} INFO - [2024-12-18T16:01:22.292+0000] {dag.py:4180} INFO - Setting next_dagrun for latest_only to 2024-12-18 12:00:00+00:00, run_after=2024-12-18 16:00:00+00:00
[2024-12-18T16:01:22.314+0000] {processor.py:208} INFO - Processing /home/ubuntu/demo8/lib/python3.12/site-packages/airflow/example_dags/example_latest_only.py took 0.077 seconds
[2024-12-18T16:02:19.017+0000] {processor.py:186} INFO - Started process (PID=5224) to work on /home/ubuntu/demo8/lib/python3.12/site-packages/airflow/example_dags/example_latest_only.py
[2024-12-18T16:02:19.018+0000] {processor.py:914} INFO - Processing file /home/ubuntu/demo8/lib/python3.12/site-packages/airflow/example_dags/example_latest_only.py for tasks to queue
[2024-12-18T16:02:19.021+0000] {logging_mixin.py:190} INFO - [2024-12-18T16:02:19.020+0000] {dagbag.py:588} INFO - Filling up the DagBag from /home/ubuntu/demo8/lib/python3.12/site-packages/airflow/example_dags/example_latest_only.py
[2024-12-18T16:02:19.029+0000] {processor.py:925} INFO - DAG(s) 'latest_only' retrieved from /home/ubuntu/demo8/lib/python3.12/site-packages/airflow/example_dags/example_latest_only.py
[2024-12-18T16:02:19.046+0000] {logging_mixin.py:190} INFO - [2024-12-18T16:02:19.046+0000] {dag.py:3239} INFO - Sync 1 DAGs
[2024-12-18T16:02:19.068+0000] {logging_mixin.py:190} INFO - [2024-12-18T16:02:19.067+0000] {dag.py:4180} INFO - Setting next_dagrun for latest_only to 2024-12-18 12:00:00+00:00, run_after=2024-12-18 16:00:00+00:00
[2024-12-18T16:02:19.090+0000] {processor.py:208} INFO - Processing /home/ubuntu/demo8/lib/python3.12/site-packages/airflow/example_dags/example_latest_only.py took 0.079 seconds
[2024-12-18T16:03:13.510+0000] {processor.py:186} INFO - Started process (PID=5279) to work on /home/ubuntu/demo8/lib/python3.12/site-packages/airflow/example_dags/example_latest_only.py
[2024-12-18T16:03:13.511+0000] {processor.py:914} INFO - Processing file /home/ubuntu/demo8/lib/python3.12/site-packages/airflow/example_dags/example_latest_only.py for tasks to queue
[2024-12-18T16:03:13.513+0000] {logging_mixin.py:190} INFO - [2024-12-18T16:03:13.513+0000] {dagbag.py:588} INFO - Filling up the DagBag from /home/ubuntu/demo8/lib/python3.12/site-packages/airflow/example_dags/example_latest_only.py
[2024-12-18T16:03:13.521+0000] {processor.py:925} INFO - DAG(s) 'latest_only' retrieved from /home/ubuntu/demo8/lib/python3.12/site-packages/airflow/example_dags/example_latest_only.py
[2024-12-18T16:03:13.538+0000] {logging_mixin.py:190} INFO - [2024-12-18T16:03:13.538+0000] {dag.py:3239} INFO - Sync 1 DAGs
[2024-12-18T16:03:13.561+0000] {logging_mixin.py:190} INFO - [2024-12-18T16:03:13.561+0000] {dag.py:4180} INFO - Setting next_dagrun for latest_only to 2024-12-18 12:00:00+00:00, run_after=2024-12-18 16:00:00+00:00
[2024-12-18T16:03:13.585+0000] {processor.py:208} INFO - Processing /home/ubuntu/demo8/lib/python3.12/site-packages/airflow/example_dags/example_latest_only.py took 0.081 seconds
[2024-12-18T20:29:53.447+0000] {processor.py:186} INFO - Started process (PID=2759) to work on /home/ubuntu/demo8/lib/python3.12/site-packages/airflow/example_dags/example_latest_only.py
[2024-12-18T20:29:53.449+0000] {processor.py:914} INFO - Processing file /home/ubuntu/demo8/lib/python3.12/site-packages/airflow/example_dags/example_latest_only.py for tasks to queue
[2024-12-18T20:29:53.452+0000] {logging_mixin.py:190} INFO - [2024-12-18T20:29:53.452+0000] {dagbag.py:588} INFO - Filling up the DagBag from /home/ubuntu/demo8/lib/python3.12/site-packages/airflow/example_dags/example_latest_only.py
[2024-12-18T20:29:53.461+0000] {processor.py:925} INFO - DAG(s) 'latest_only' retrieved from /home/ubuntu/demo8/lib/python3.12/site-packages/airflow/example_dags/example_latest_only.py
[2024-12-18T20:29:53.481+0000] {logging_mixin.py:190} INFO - [2024-12-18T20:29:53.481+0000] {dag.py:3239} INFO - Sync 1 DAGs
[2024-12-18T20:29:53.503+0000] {logging_mixin.py:190} INFO - [2024-12-18T20:29:53.503+0000] {dag.py:4180} INFO - Setting next_dagrun for latest_only to 2024-12-18 16:00:00+00:00, run_after=2024-12-18 20:00:00+00:00
[2024-12-18T20:29:53.527+0000] {processor.py:208} INFO - Processing /home/ubuntu/demo8/lib/python3.12/site-packages/airflow/example_dags/example_latest_only.py took 0.086 seconds
[2024-12-18T20:30:51.567+0000] {processor.py:186} INFO - Started process (PID=2942) to work on /home/ubuntu/demo8/lib/python3.12/site-packages/airflow/example_dags/example_latest_only.py
[2024-12-18T20:30:51.569+0000] {processor.py:914} INFO - Processing file /home/ubuntu/demo8/lib/python3.12/site-packages/airflow/example_dags/example_latest_only.py for tasks to queue
[2024-12-18T20:30:51.571+0000] {logging_mixin.py:190} INFO - [2024-12-18T20:30:51.571+0000] {dagbag.py:588} INFO - Filling up the DagBag from /home/ubuntu/demo8/lib/python3.12/site-packages/airflow/example_dags/example_latest_only.py
[2024-12-18T20:30:51.580+0000] {processor.py:925} INFO - DAG(s) 'latest_only' retrieved from /home/ubuntu/demo8/lib/python3.12/site-packages/airflow/example_dags/example_latest_only.py
[2024-12-18T20:30:51.597+0000] {logging_mixin.py:190} INFO - [2024-12-18T20:30:51.597+0000] {dag.py:3239} INFO - Sync 1 DAGs
[2024-12-18T20:30:51.619+0000] {logging_mixin.py:190} INFO - [2024-12-18T20:30:51.619+0000] {dag.py:4180} INFO - Setting next_dagrun for latest_only to 2024-12-18 16:00:00+00:00, run_after=2024-12-18 20:00:00+00:00
[2024-12-18T20:30:51.642+0000] {processor.py:208} INFO - Processing /home/ubuntu/demo8/lib/python3.12/site-packages/airflow/example_dags/example_latest_only.py took 0.081 seconds
[2024-12-18T20:31:46.871+0000] {processor.py:186} INFO - Started process (PID=3170) to work on /home/ubuntu/demo8/lib/python3.12/site-packages/airflow/example_dags/example_latest_only.py
[2024-12-18T20:31:46.873+0000] {processor.py:914} INFO - Processing file /home/ubuntu/demo8/lib/python3.12/site-packages/airflow/example_dags/example_latest_only.py for tasks to queue
[2024-12-18T20:31:46.875+0000] {logging_mixin.py:190} INFO - [2024-12-18T20:31:46.874+0000] {dagbag.py:588} INFO - Filling up the DagBag from /home/ubuntu/demo8/lib/python3.12/site-packages/airflow/example_dags/example_latest_only.py
[2024-12-18T20:31:46.882+0000] {processor.py:925} INFO - DAG(s) 'latest_only' retrieved from /home/ubuntu/demo8/lib/python3.12/site-packages/airflow/example_dags/example_latest_only.py
[2024-12-18T20:31:46.899+0000] {logging_mixin.py:190} INFO - [2024-12-18T20:31:46.899+0000] {dag.py:3239} INFO - Sync 1 DAGs
[2024-12-18T20:31:46.920+0000] {logging_mixin.py:190} INFO - [2024-12-18T20:31:46.920+0000] {dag.py:4180} INFO - Setting next_dagrun for latest_only to 2024-12-18 16:00:00+00:00, run_after=2024-12-18 20:00:00+00:00
[2024-12-18T20:31:46.942+0000] {processor.py:208} INFO - Processing /home/ubuntu/demo8/lib/python3.12/site-packages/airflow/example_dags/example_latest_only.py took 0.077 seconds
[2024-12-18T20:32:44.277+0000] {processor.py:186} INFO - Started process (PID=3413) to work on /home/ubuntu/demo8/lib/python3.12/site-packages/airflow/example_dags/example_latest_only.py
[2024-12-18T20:32:44.279+0000] {processor.py:914} INFO - Processing file /home/ubuntu/demo8/lib/python3.12/site-packages/airflow/example_dags/example_latest_only.py for tasks to queue
[2024-12-18T20:32:44.281+0000] {logging_mixin.py:190} INFO - [2024-12-18T20:32:44.281+0000] {dagbag.py:588} INFO - Filling up the DagBag from /home/ubuntu/demo8/lib/python3.12/site-packages/airflow/example_dags/example_latest_only.py
[2024-12-18T20:32:44.289+0000] {processor.py:925} INFO - DAG(s) 'latest_only' retrieved from /home/ubuntu/demo8/lib/python3.12/site-packages/airflow/example_dags/example_latest_only.py
[2024-12-18T20:32:44.305+0000] {logging_mixin.py:190} INFO - [2024-12-18T20:32:44.305+0000] {dag.py:3239} INFO - Sync 1 DAGs
[2024-12-18T20:32:44.327+0000] {logging_mixin.py:190} INFO - [2024-12-18T20:32:44.326+0000] {dag.py:4180} INFO - Setting next_dagrun for latest_only to 2024-12-18 16:00:00+00:00, run_after=2024-12-18 20:00:00+00:00
[2024-12-18T20:32:44.354+0000] {processor.py:208} INFO - Processing /home/ubuntu/demo8/lib/python3.12/site-packages/airflow/example_dags/example_latest_only.py took 0.083 seconds
[2024-12-18T20:33:38.224+0000] {processor.py:186} INFO - Started process (PID=3530) to work on /home/ubuntu/demo8/lib/python3.12/site-packages/airflow/example_dags/example_latest_only.py
[2024-12-18T20:33:38.226+0000] {processor.py:914} INFO - Processing file /home/ubuntu/demo8/lib/python3.12/site-packages/airflow/example_dags/example_latest_only.py for tasks to queue
[2024-12-18T20:33:38.228+0000] {logging_mixin.py:190} INFO - [2024-12-18T20:33:38.228+0000] {dagbag.py:588} INFO - Filling up the DagBag from /home/ubuntu/demo8/lib/python3.12/site-packages/airflow/example_dags/example_latest_only.py
[2024-12-18T20:33:38.236+0000] {processor.py:925} INFO - DAG(s) 'latest_only' retrieved from /home/ubuntu/demo8/lib/python3.12/site-packages/airflow/example_dags/example_latest_only.py
[2024-12-18T20:33:38.253+0000] {logging_mixin.py:190} INFO - [2024-12-18T20:33:38.253+0000] {dag.py:3239} INFO - Sync 1 DAGs
[2024-12-18T20:33:38.277+0000] {logging_mixin.py:190} INFO - [2024-12-18T20:33:38.276+0000] {dag.py:4180} INFO - Setting next_dagrun for latest_only to 2024-12-18 16:00:00+00:00, run_after=2024-12-18 20:00:00+00:00
[2024-12-18T20:33:38.300+0000] {processor.py:208} INFO - Processing /home/ubuntu/demo8/lib/python3.12/site-packages/airflow/example_dags/example_latest_only.py took 0.082 seconds
[2024-12-18T20:34:47.984+0000] {processor.py:186} INFO - Started process (PID=3716) to work on /home/ubuntu/demo8/lib/python3.12/site-packages/airflow/example_dags/example_latest_only.py
[2024-12-18T20:34:47.986+0000] {processor.py:914} INFO - Processing file /home/ubuntu/demo8/lib/python3.12/site-packages/airflow/example_dags/example_latest_only.py for tasks to queue
[2024-12-18T20:34:47.989+0000] {logging_mixin.py:190} INFO - [2024-12-18T20:34:47.988+0000] {dagbag.py:588} INFO - Filling up the DagBag from /home/ubuntu/demo8/lib/python3.12/site-packages/airflow/example_dags/example_latest_only.py
[2024-12-18T20:34:47.997+0000] {processor.py:925} INFO - DAG(s) 'latest_only' retrieved from /home/ubuntu/demo8/lib/python3.12/site-packages/airflow/example_dags/example_latest_only.py
[2024-12-18T20:34:48.014+0000] {logging_mixin.py:190} INFO - [2024-12-18T20:34:48.014+0000] {dag.py:3239} INFO - Sync 1 DAGs
[2024-12-18T20:34:48.037+0000] {logging_mixin.py:190} INFO - [2024-12-18T20:34:48.036+0000] {dag.py:4180} INFO - Setting next_dagrun for latest_only to 2024-12-18 16:00:00+00:00, run_after=2024-12-18 20:00:00+00:00
[2024-12-18T20:34:48.060+0000] {processor.py:208} INFO - Processing /home/ubuntu/demo8/lib/python3.12/site-packages/airflow/example_dags/example_latest_only.py took 0.083 seconds
[2024-12-18T20:35:45.697+0000] {processor.py:186} INFO - Started process (PID=3840) to work on /home/ubuntu/demo8/lib/python3.12/site-packages/airflow/example_dags/example_latest_only.py
[2024-12-18T20:35:45.699+0000] {processor.py:914} INFO - Processing file /home/ubuntu/demo8/lib/python3.12/site-packages/airflow/example_dags/example_latest_only.py for tasks to queue
[2024-12-18T20:35:45.702+0000] {logging_mixin.py:190} INFO - [2024-12-18T20:35:45.701+0000] {dagbag.py:588} INFO - Filling up the DagBag from /home/ubuntu/demo8/lib/python3.12/site-packages/airflow/example_dags/example_latest_only.py
[2024-12-18T20:35:45.710+0000] {processor.py:925} INFO - DAG(s) 'latest_only' retrieved from /home/ubuntu/demo8/lib/python3.12/site-packages/airflow/example_dags/example_latest_only.py
[2024-12-18T20:35:45.727+0000] {logging_mixin.py:190} INFO - [2024-12-18T20:35:45.727+0000] {dag.py:3239} INFO - Sync 1 DAGs
[2024-12-18T20:35:45.750+0000] {logging_mixin.py:190} INFO - [2024-12-18T20:35:45.750+0000] {dag.py:4180} INFO - Setting next_dagrun for latest_only to 2024-12-18 16:00:00+00:00, run_after=2024-12-18 20:00:00+00:00
[2024-12-18T20:35:45.773+0000] {processor.py:208} INFO - Processing /home/ubuntu/demo8/lib/python3.12/site-packages/airflow/example_dags/example_latest_only.py took 0.083 seconds
[2024-12-18T20:36:43.108+0000] {processor.py:186} INFO - Started process (PID=3959) to work on /home/ubuntu/demo8/lib/python3.12/site-packages/airflow/example_dags/example_latest_only.py
[2024-12-18T20:36:43.110+0000] {processor.py:914} INFO - Processing file /home/ubuntu/demo8/lib/python3.12/site-packages/airflow/example_dags/example_latest_only.py for tasks to queue
[2024-12-18T20:36:43.112+0000] {logging_mixin.py:190} INFO - [2024-12-18T20:36:43.112+0000] {dagbag.py:588} INFO - Filling up the DagBag from /home/ubuntu/demo8/lib/python3.12/site-packages/airflow/example_dags/example_latest_only.py
[2024-12-18T20:36:43.121+0000] {processor.py:925} INFO - DAG(s) 'latest_only' retrieved from /home/ubuntu/demo8/lib/python3.12/site-packages/airflow/example_dags/example_latest_only.py
[2024-12-18T20:36:43.138+0000] {logging_mixin.py:190} INFO - [2024-12-18T20:36:43.138+0000] {dag.py:3239} INFO - Sync 1 DAGs
[2024-12-18T20:36:43.160+0000] {logging_mixin.py:190} INFO - [2024-12-18T20:36:43.159+0000] {dag.py:4180} INFO - Setting next_dagrun for latest_only to 2024-12-18 16:00:00+00:00, run_after=2024-12-18 20:00:00+00:00
[2024-12-18T20:36:43.183+0000] {processor.py:208} INFO - Processing /home/ubuntu/demo8/lib/python3.12/site-packages/airflow/example_dags/example_latest_only.py took 0.081 seconds
[2024-12-18T20:37:39.122+0000] {processor.py:186} INFO - Started process (PID=4078) to work on /home/ubuntu/demo8/lib/python3.12/site-packages/airflow/example_dags/example_latest_only.py
[2024-12-18T20:37:39.124+0000] {processor.py:914} INFO - Processing file /home/ubuntu/demo8/lib/python3.12/site-packages/airflow/example_dags/example_latest_only.py for tasks to queue
[2024-12-18T20:37:39.127+0000] {logging_mixin.py:190} INFO - [2024-12-18T20:37:39.126+0000] {dagbag.py:588} INFO - Filling up the DagBag from /home/ubuntu/demo8/lib/python3.12/site-packages/airflow/example_dags/example_latest_only.py
[2024-12-18T20:37:39.135+0000] {processor.py:925} INFO - DAG(s) 'latest_only' retrieved from /home/ubuntu/demo8/lib/python3.12/site-packages/airflow/example_dags/example_latest_only.py
[2024-12-18T20:37:39.152+0000] {logging_mixin.py:190} INFO - [2024-12-18T20:37:39.152+0000] {dag.py:3239} INFO - Sync 1 DAGs
[2024-12-18T20:37:39.178+0000] {logging_mixin.py:190} INFO - [2024-12-18T20:37:39.178+0000] {dag.py:4180} INFO - Setting next_dagrun for latest_only to 2024-12-18 16:00:00+00:00, run_after=2024-12-18 20:00:00+00:00
[2024-12-18T20:37:39.207+0000] {processor.py:208} INFO - Processing /home/ubuntu/demo8/lib/python3.12/site-packages/airflow/example_dags/example_latest_only.py took 0.091 seconds
[2024-12-18T20:38:33.629+0000] {processor.py:186} INFO - Started process (PID=4193) to work on /home/ubuntu/demo8/lib/python3.12/site-packages/airflow/example_dags/example_latest_only.py
[2024-12-18T20:38:33.630+0000] {processor.py:914} INFO - Processing file /home/ubuntu/demo8/lib/python3.12/site-packages/airflow/example_dags/example_latest_only.py for tasks to queue
[2024-12-18T20:38:33.633+0000] {logging_mixin.py:190} INFO - [2024-12-18T20:38:33.632+0000] {dagbag.py:588} INFO - Filling up the DagBag from /home/ubuntu/demo8/lib/python3.12/site-packages/airflow/example_dags/example_latest_only.py
[2024-12-18T20:38:33.641+0000] {processor.py:925} INFO - DAG(s) 'latest_only' retrieved from /home/ubuntu/demo8/lib/python3.12/site-packages/airflow/example_dags/example_latest_only.py
[2024-12-18T20:38:33.658+0000] {logging_mixin.py:190} INFO - [2024-12-18T20:38:33.658+0000] {dag.py:3239} INFO - Sync 1 DAGs
[2024-12-18T20:38:33.682+0000] {logging_mixin.py:190} INFO - [2024-12-18T20:38:33.681+0000] {dag.py:4180} INFO - Setting next_dagrun for latest_only to 2024-12-18 16:00:00+00:00, run_after=2024-12-18 20:00:00+00:00
[2024-12-18T20:38:33.708+0000] {processor.py:208} INFO - Processing /home/ubuntu/demo8/lib/python3.12/site-packages/airflow/example_dags/example_latest_only.py took 0.085 seconds
[2024-12-18T20:39:29.810+0000] {processor.py:186} INFO - Started process (PID=4372) to work on /home/ubuntu/demo8/lib/python3.12/site-packages/airflow/example_dags/example_latest_only.py
[2024-12-18T20:39:29.812+0000] {processor.py:914} INFO - Processing file /home/ubuntu/demo8/lib/python3.12/site-packages/airflow/example_dags/example_latest_only.py for tasks to queue
[2024-12-18T20:39:29.814+0000] {logging_mixin.py:190} INFO - [2024-12-18T20:39:29.814+0000] {dagbag.py:588} INFO - Filling up the DagBag from /home/ubuntu/demo8/lib/python3.12/site-packages/airflow/example_dags/example_latest_only.py
[2024-12-18T20:39:29.823+0000] {processor.py:925} INFO - DAG(s) 'latest_only' retrieved from /home/ubuntu/demo8/lib/python3.12/site-packages/airflow/example_dags/example_latest_only.py
[2024-12-18T20:39:29.840+0000] {logging_mixin.py:190} INFO - [2024-12-18T20:39:29.840+0000] {dag.py:3239} INFO - Sync 1 DAGs
[2024-12-18T20:39:29.862+0000] {logging_mixin.py:190} INFO - [2024-12-18T20:39:29.862+0000] {dag.py:4180} INFO - Setting next_dagrun for latest_only to 2024-12-18 16:00:00+00:00, run_after=2024-12-18 20:00:00+00:00
[2024-12-18T20:39:29.886+0000] {processor.py:208} INFO - Processing /home/ubuntu/demo8/lib/python3.12/site-packages/airflow/example_dags/example_latest_only.py took 0.082 seconds
[2024-12-18T20:40:26.920+0000] {processor.py:186} INFO - Started process (PID=4508) to work on /home/ubuntu/demo8/lib/python3.12/site-packages/airflow/example_dags/example_latest_only.py
[2024-12-18T20:40:26.922+0000] {processor.py:914} INFO - Processing file /home/ubuntu/demo8/lib/python3.12/site-packages/airflow/example_dags/example_latest_only.py for tasks to queue
[2024-12-18T20:40:26.924+0000] {logging_mixin.py:190} INFO - [2024-12-18T20:40:26.924+0000] {dagbag.py:588} INFO - Filling up the DagBag from /home/ubuntu/demo8/lib/python3.12/site-packages/airflow/example_dags/example_latest_only.py
[2024-12-18T20:40:26.933+0000] {processor.py:925} INFO - DAG(s) 'latest_only' retrieved from /home/ubuntu/demo8/lib/python3.12/site-packages/airflow/example_dags/example_latest_only.py
[2024-12-18T20:40:26.950+0000] {logging_mixin.py:190} INFO - [2024-12-18T20:40:26.949+0000] {dag.py:3239} INFO - Sync 1 DAGs
[2024-12-18T20:40:26.972+0000] {logging_mixin.py:190} INFO - [2024-12-18T20:40:26.972+0000] {dag.py:4180} INFO - Setting next_dagrun for latest_only to 2024-12-18 16:00:00+00:00, run_after=2024-12-18 20:00:00+00:00
[2024-12-18T20:40:26.996+0000] {processor.py:208} INFO - Processing /home/ubuntu/demo8/lib/python3.12/site-packages/airflow/example_dags/example_latest_only.py took 0.082 seconds
[2024-12-18T20:41:21.982+0000] {processor.py:186} INFO - Started process (PID=4627) to work on /home/ubuntu/demo8/lib/python3.12/site-packages/airflow/example_dags/example_latest_only.py
[2024-12-18T20:41:21.984+0000] {processor.py:914} INFO - Processing file /home/ubuntu/demo8/lib/python3.12/site-packages/airflow/example_dags/example_latest_only.py for tasks to queue
[2024-12-18T20:41:21.987+0000] {logging_mixin.py:190} INFO - [2024-12-18T20:41:21.986+0000] {dagbag.py:588} INFO - Filling up the DagBag from /home/ubuntu/demo8/lib/python3.12/site-packages/airflow/example_dags/example_latest_only.py
[2024-12-18T20:41:21.996+0000] {processor.py:925} INFO - DAG(s) 'latest_only' retrieved from /home/ubuntu/demo8/lib/python3.12/site-packages/airflow/example_dags/example_latest_only.py
[2024-12-18T20:41:22.014+0000] {logging_mixin.py:190} INFO - [2024-12-18T20:41:22.013+0000] {dag.py:3239} INFO - Sync 1 DAGs
[2024-12-18T20:41:22.036+0000] {logging_mixin.py:190} INFO - [2024-12-18T20:41:22.036+0000] {dag.py:4180} INFO - Setting next_dagrun for latest_only to 2024-12-18 16:00:00+00:00, run_after=2024-12-18 20:00:00+00:00
[2024-12-18T20:41:22.059+0000] {processor.py:208} INFO - Processing /home/ubuntu/demo8/lib/python3.12/site-packages/airflow/example_dags/example_latest_only.py took 0.083 seconds
[2024-12-18T20:42:16.511+0000] {processor.py:186} INFO - Started process (PID=4709) to work on /home/ubuntu/demo8/lib/python3.12/site-packages/airflow/example_dags/example_latest_only.py
[2024-12-18T20:42:16.512+0000] {processor.py:914} INFO - Processing file /home/ubuntu/demo8/lib/python3.12/site-packages/airflow/example_dags/example_latest_only.py for tasks to queue
[2024-12-18T20:42:16.515+0000] {logging_mixin.py:190} INFO - [2024-12-18T20:42:16.514+0000] {dagbag.py:588} INFO - Filling up the DagBag from /home/ubuntu/demo8/lib/python3.12/site-packages/airflow/example_dags/example_latest_only.py
[2024-12-18T20:42:16.523+0000] {processor.py:925} INFO - DAG(s) 'latest_only' retrieved from /home/ubuntu/demo8/lib/python3.12/site-packages/airflow/example_dags/example_latest_only.py
[2024-12-18T20:42:16.541+0000] {logging_mixin.py:190} INFO - [2024-12-18T20:42:16.541+0000] {dag.py:3239} INFO - Sync 1 DAGs
[2024-12-18T20:42:16.563+0000] {logging_mixin.py:190} INFO - [2024-12-18T20:42:16.563+0000] {dag.py:4180} INFO - Setting next_dagrun for latest_only to 2024-12-18 16:00:00+00:00, run_after=2024-12-18 20:00:00+00:00
[2024-12-18T20:42:16.587+0000] {processor.py:208} INFO - Processing /home/ubuntu/demo8/lib/python3.12/site-packages/airflow/example_dags/example_latest_only.py took 0.083 seconds
[2024-12-18T20:43:11.857+0000] {processor.py:186} INFO - Started process (PID=4800) to work on /home/ubuntu/demo8/lib/python3.12/site-packages/airflow/example_dags/example_latest_only.py
[2024-12-18T20:43:11.858+0000] {processor.py:914} INFO - Processing file /home/ubuntu/demo8/lib/python3.12/site-packages/airflow/example_dags/example_latest_only.py for tasks to queue
[2024-12-18T20:43:11.861+0000] {logging_mixin.py:190} INFO - [2024-12-18T20:43:11.861+0000] {dagbag.py:588} INFO - Filling up the DagBag from /home/ubuntu/demo8/lib/python3.12/site-packages/airflow/example_dags/example_latest_only.py
[2024-12-18T20:43:11.869+0000] {processor.py:925} INFO - DAG(s) 'latest_only' retrieved from /home/ubuntu/demo8/lib/python3.12/site-packages/airflow/example_dags/example_latest_only.py
[2024-12-18T20:43:11.887+0000] {logging_mixin.py:190} INFO - [2024-12-18T20:43:11.886+0000] {dag.py:3239} INFO - Sync 1 DAGs
[2024-12-18T20:43:11.908+0000] {logging_mixin.py:190} INFO - [2024-12-18T20:43:11.908+0000] {dag.py:4180} INFO - Setting next_dagrun for latest_only to 2024-12-18 16:00:00+00:00, run_after=2024-12-18 20:00:00+00:00
[2024-12-18T20:43:11.930+0000] {processor.py:208} INFO - Processing /home/ubuntu/demo8/lib/python3.12/site-packages/airflow/example_dags/example_latest_only.py took 0.079 seconds
[2024-12-18T20:44:04.678+0000] {processor.py:186} INFO - Started process (PID=4915) to work on /home/ubuntu/demo8/lib/python3.12/site-packages/airflow/example_dags/example_latest_only.py
[2024-12-18T20:44:04.679+0000] {processor.py:914} INFO - Processing file /home/ubuntu/demo8/lib/python3.12/site-packages/airflow/example_dags/example_latest_only.py for tasks to queue
[2024-12-18T20:44:04.682+0000] {logging_mixin.py:190} INFO - [2024-12-18T20:44:04.681+0000] {dagbag.py:588} INFO - Filling up the DagBag from /home/ubuntu/demo8/lib/python3.12/site-packages/airflow/example_dags/example_latest_only.py
[2024-12-18T20:44:04.690+0000] {processor.py:925} INFO - DAG(s) 'latest_only' retrieved from /home/ubuntu/demo8/lib/python3.12/site-packages/airflow/example_dags/example_latest_only.py
[2024-12-18T20:44:04.707+0000] {logging_mixin.py:190} INFO - [2024-12-18T20:44:04.707+0000] {dag.py:3239} INFO - Sync 1 DAGs
[2024-12-18T20:44:04.729+0000] {logging_mixin.py:190} INFO - [2024-12-18T20:44:04.729+0000] {dag.py:4180} INFO - Setting next_dagrun for latest_only to 2024-12-18 16:00:00+00:00, run_after=2024-12-18 20:00:00+00:00
[2024-12-18T20:44:04.751+0000] {processor.py:208} INFO - Processing /home/ubuntu/demo8/lib/python3.12/site-packages/airflow/example_dags/example_latest_only.py took 0.079 seconds
[2024-12-18T20:44:58.414+0000] {processor.py:186} INFO - Started process (PID=5093) to work on /home/ubuntu/demo8/lib/python3.12/site-packages/airflow/example_dags/example_latest_only.py
[2024-12-18T20:44:58.416+0000] {processor.py:914} INFO - Processing file /home/ubuntu/demo8/lib/python3.12/site-packages/airflow/example_dags/example_latest_only.py for tasks to queue
[2024-12-18T20:44:58.418+0000] {logging_mixin.py:190} INFO - [2024-12-18T20:44:58.418+0000] {dagbag.py:588} INFO - Filling up the DagBag from /home/ubuntu/demo8/lib/python3.12/site-packages/airflow/example_dags/example_latest_only.py
[2024-12-18T20:44:58.427+0000] {processor.py:925} INFO - DAG(s) 'latest_only' retrieved from /home/ubuntu/demo8/lib/python3.12/site-packages/airflow/example_dags/example_latest_only.py
[2024-12-18T20:44:58.444+0000] {logging_mixin.py:190} INFO - [2024-12-18T20:44:58.444+0000] {dag.py:3239} INFO - Sync 1 DAGs
[2024-12-18T20:44:58.467+0000] {logging_mixin.py:190} INFO - [2024-12-18T20:44:58.467+0000] {dag.py:4180} INFO - Setting next_dagrun for latest_only to 2024-12-18 16:00:00+00:00, run_after=2024-12-18 20:00:00+00:00
[2024-12-18T20:44:58.494+0000] {processor.py:208} INFO - Processing /home/ubuntu/demo8/lib/python3.12/site-packages/airflow/example_dags/example_latest_only.py took 0.087 seconds
[2024-12-18T20:45:52.877+0000] {processor.py:186} INFO - Started process (PID=5215) to work on /home/ubuntu/demo8/lib/python3.12/site-packages/airflow/example_dags/example_latest_only.py
[2024-12-18T20:45:52.879+0000] {processor.py:914} INFO - Processing file /home/ubuntu/demo8/lib/python3.12/site-packages/airflow/example_dags/example_latest_only.py for tasks to queue
[2024-12-18T20:45:52.882+0000] {logging_mixin.py:190} INFO - [2024-12-18T20:45:52.881+0000] {dagbag.py:588} INFO - Filling up the DagBag from /home/ubuntu/demo8/lib/python3.12/site-packages/airflow/example_dags/example_latest_only.py
[2024-12-18T20:45:52.890+0000] {processor.py:925} INFO - DAG(s) 'latest_only' retrieved from /home/ubuntu/demo8/lib/python3.12/site-packages/airflow/example_dags/example_latest_only.py
[2024-12-18T20:45:52.907+0000] {logging_mixin.py:190} INFO - [2024-12-18T20:45:52.907+0000] {dag.py:3239} INFO - Sync 1 DAGs
[2024-12-18T20:45:52.933+0000] {logging_mixin.py:190} INFO - [2024-12-18T20:45:52.933+0000] {dag.py:4180} INFO - Setting next_dagrun for latest_only to 2024-12-18 16:00:00+00:00, run_after=2024-12-18 20:00:00+00:00
[2024-12-18T20:45:52.961+0000] {processor.py:208} INFO - Processing /home/ubuntu/demo8/lib/python3.12/site-packages/airflow/example_dags/example_latest_only.py took 0.090 seconds
[2024-12-18T20:47:31.919+0000] {processor.py:186} INFO - Started process (PID=5840) to work on /home/ubuntu/demo8/lib/python3.12/site-packages/airflow/example_dags/example_latest_only.py
[2024-12-18T20:47:31.920+0000] {processor.py:914} INFO - Processing file /home/ubuntu/demo8/lib/python3.12/site-packages/airflow/example_dags/example_latest_only.py for tasks to queue
[2024-12-18T20:47:31.923+0000] {logging_mixin.py:190} INFO - [2024-12-18T20:47:31.922+0000] {dagbag.py:588} INFO - Filling up the DagBag from /home/ubuntu/demo8/lib/python3.12/site-packages/airflow/example_dags/example_latest_only.py
[2024-12-18T20:47:31.941+0000] {processor.py:925} INFO - DAG(s) 'latest_only' retrieved from /home/ubuntu/demo8/lib/python3.12/site-packages/airflow/example_dags/example_latest_only.py
[2024-12-18T20:47:31.963+0000] {logging_mixin.py:190} INFO - [2024-12-18T20:47:31.963+0000] {dag.py:3239} INFO - Sync 1 DAGs
[2024-12-18T20:47:31.985+0000] {logging_mixin.py:190} INFO - [2024-12-18T20:47:31.984+0000] {dag.py:4180} INFO - Setting next_dagrun for latest_only to 2024-12-18 16:00:00+00:00, run_after=2024-12-18 20:00:00+00:00
[2024-12-18T20:47:32.009+0000] {processor.py:208} INFO - Processing /home/ubuntu/demo8/lib/python3.12/site-packages/airflow/example_dags/example_latest_only.py took 0.096 seconds
[2024-12-18T20:48:31.156+0000] {processor.py:186} INFO - Started process (PID=6108) to work on /home/ubuntu/demo8/lib/python3.12/site-packages/airflow/example_dags/example_latest_only.py
[2024-12-18T20:48:31.157+0000] {processor.py:914} INFO - Processing file /home/ubuntu/demo8/lib/python3.12/site-packages/airflow/example_dags/example_latest_only.py for tasks to queue
[2024-12-18T20:48:31.160+0000] {logging_mixin.py:190} INFO - [2024-12-18T20:48:31.160+0000] {dagbag.py:588} INFO - Filling up the DagBag from /home/ubuntu/demo8/lib/python3.12/site-packages/airflow/example_dags/example_latest_only.py
[2024-12-18T20:48:31.169+0000] {processor.py:925} INFO - DAG(s) 'latest_only' retrieved from /home/ubuntu/demo8/lib/python3.12/site-packages/airflow/example_dags/example_latest_only.py
[2024-12-18T20:48:31.186+0000] {logging_mixin.py:190} INFO - [2024-12-18T20:48:31.186+0000] {dag.py:3239} INFO - Sync 1 DAGs
[2024-12-18T20:48:31.208+0000] {logging_mixin.py:190} INFO - [2024-12-18T20:48:31.208+0000] {dag.py:4180} INFO - Setting next_dagrun for latest_only to 2024-12-18 16:00:00+00:00, run_after=2024-12-18 20:00:00+00:00
[2024-12-18T20:48:31.236+0000] {processor.py:208} INFO - Processing /home/ubuntu/demo8/lib/python3.12/site-packages/airflow/example_dags/example_latest_only.py took 0.086 seconds
[2024-12-18T20:49:27.020+0000] {processor.py:186} INFO - Started process (PID=6441) to work on /home/ubuntu/demo8/lib/python3.12/site-packages/airflow/example_dags/example_latest_only.py
[2024-12-18T20:49:27.022+0000] {processor.py:914} INFO - Processing file /home/ubuntu/demo8/lib/python3.12/site-packages/airflow/example_dags/example_latest_only.py for tasks to queue
[2024-12-18T20:49:27.024+0000] {logging_mixin.py:190} INFO - [2024-12-18T20:49:27.024+0000] {dagbag.py:588} INFO - Filling up the DagBag from /home/ubuntu/demo8/lib/python3.12/site-packages/airflow/example_dags/example_latest_only.py
[2024-12-18T20:49:27.033+0000] {processor.py:925} INFO - DAG(s) 'latest_only' retrieved from /home/ubuntu/demo8/lib/python3.12/site-packages/airflow/example_dags/example_latest_only.py
[2024-12-18T20:49:27.050+0000] {logging_mixin.py:190} INFO - [2024-12-18T20:49:27.050+0000] {dag.py:3239} INFO - Sync 1 DAGs
[2024-12-18T20:49:27.072+0000] {logging_mixin.py:190} INFO - [2024-12-18T20:49:27.072+0000] {dag.py:4180} INFO - Setting next_dagrun for latest_only to 2024-12-18 16:00:00+00:00, run_after=2024-12-18 20:00:00+00:00
[2024-12-18T20:49:27.096+0000] {processor.py:208} INFO - Processing /home/ubuntu/demo8/lib/python3.12/site-packages/airflow/example_dags/example_latest_only.py took 0.082 seconds
[2024-12-18T20:50:25.178+0000] {processor.py:186} INFO - Started process (PID=6803) to work on /home/ubuntu/demo8/lib/python3.12/site-packages/airflow/example_dags/example_latest_only.py
[2024-12-18T20:50:25.180+0000] {processor.py:914} INFO - Processing file /home/ubuntu/demo8/lib/python3.12/site-packages/airflow/example_dags/example_latest_only.py for tasks to queue
[2024-12-18T20:50:25.182+0000] {logging_mixin.py:190} INFO - [2024-12-18T20:50:25.182+0000] {dagbag.py:588} INFO - Filling up the DagBag from /home/ubuntu/demo8/lib/python3.12/site-packages/airflow/example_dags/example_latest_only.py
[2024-12-18T20:50:25.191+0000] {processor.py:925} INFO - DAG(s) 'latest_only' retrieved from /home/ubuntu/demo8/lib/python3.12/site-packages/airflow/example_dags/example_latest_only.py
[2024-12-18T20:50:25.208+0000] {logging_mixin.py:190} INFO - [2024-12-18T20:50:25.208+0000] {dag.py:3239} INFO - Sync 1 DAGs
[2024-12-18T20:50:25.231+0000] {logging_mixin.py:190} INFO - [2024-12-18T20:50:25.231+0000] {dag.py:4180} INFO - Setting next_dagrun for latest_only to 2024-12-18 16:00:00+00:00, run_after=2024-12-18 20:00:00+00:00
[2024-12-18T20:50:25.256+0000] {processor.py:208} INFO - Processing /home/ubuntu/demo8/lib/python3.12/site-packages/airflow/example_dags/example_latest_only.py took 0.083 seconds
[2024-12-18T20:51:20.502+0000] {processor.py:186} INFO - Started process (PID=6978) to work on /home/ubuntu/demo8/lib/python3.12/site-packages/airflow/example_dags/example_latest_only.py
[2024-12-18T20:51:20.503+0000] {processor.py:914} INFO - Processing file /home/ubuntu/demo8/lib/python3.12/site-packages/airflow/example_dags/example_latest_only.py for tasks to queue
[2024-12-18T20:51:20.506+0000] {logging_mixin.py:190} INFO - [2024-12-18T20:51:20.505+0000] {dagbag.py:588} INFO - Filling up the DagBag from /home/ubuntu/demo8/lib/python3.12/site-packages/airflow/example_dags/example_latest_only.py
[2024-12-18T20:51:20.514+0000] {processor.py:925} INFO - DAG(s) 'latest_only' retrieved from /home/ubuntu/demo8/lib/python3.12/site-packages/airflow/example_dags/example_latest_only.py
[2024-12-18T20:51:20.532+0000] {logging_mixin.py:190} INFO - [2024-12-18T20:51:20.532+0000] {dag.py:3239} INFO - Sync 1 DAGs
[2024-12-18T20:51:20.555+0000] {logging_mixin.py:190} INFO - [2024-12-18T20:51:20.555+0000] {dag.py:4180} INFO - Setting next_dagrun for latest_only to 2024-12-18 16:00:00+00:00, run_after=2024-12-18 20:00:00+00:00
[2024-12-18T20:51:20.580+0000] {processor.py:208} INFO - Processing /home/ubuntu/demo8/lib/python3.12/site-packages/airflow/example_dags/example_latest_only.py took 0.085 seconds
