[2024-12-18T15:44:17.286+0000] {processor.py:186} INFO - Started process (PID=3645) to work on /home/ubuntu/demo8/lib/python3.12/site-packages/airflow/example_dags/example_workday_timetable.py
[2024-12-18T15:44:17.287+0000] {processor.py:914} INFO - Processing file /home/ubuntu/demo8/lib/python3.12/site-packages/airflow/example_dags/example_workday_timetable.py for tasks to queue
[2024-12-18T15:44:17.289+0000] {logging_mixin.py:190} INFO - [2024-12-18T15:44:17.289+0000] {dagbag.py:588} INFO - Filling up the DagBag from /home/ubuntu/demo8/lib/python3.12/site-packages/airflow/example_dags/example_workday_timetable.py
[2024-12-18T15:44:17.296+0000] {processor.py:925} INFO - DAG(s) 'example_workday_timetable' retrieved from /home/ubuntu/demo8/lib/python3.12/site-packages/airflow/example_dags/example_workday_timetable.py
[2024-12-18T15:44:17.418+0000] {logging_mixin.py:190} INFO - [2024-12-18T15:44:17.418+0000] {override.py:1911} INFO - Created Permission View: can read on DAG:example_workday_timetable
[2024-12-18T15:44:17.438+0000] {logging_mixin.py:190} INFO - [2024-12-18T15:44:17.438+0000] {override.py:1911} INFO - Created Permission View: can delete on DAG:example_workday_timetable
[2024-12-18T15:44:17.450+0000] {logging_mixin.py:190} INFO - [2024-12-18T15:44:17.450+0000] {override.py:1911} INFO - Created Permission View: can edit on DAG:example_workday_timetable
[2024-12-18T15:44:17.465+0000] {logging_mixin.py:190} INFO - [2024-12-18T15:44:17.464+0000] {override.py:1911} INFO - Created Permission View: can create on DAG Run:example_workday_timetable
[2024-12-18T15:44:17.474+0000] {logging_mixin.py:190} INFO - [2024-12-18T15:44:17.474+0000] {override.py:1911} INFO - Created Permission View: can read on DAG Run:example_workday_timetable
[2024-12-18T15:44:17.483+0000] {logging_mixin.py:190} INFO - [2024-12-18T15:44:17.483+0000] {override.py:1911} INFO - Created Permission View: menu access on DAG Run:example_workday_timetable
[2024-12-18T15:44:17.492+0000] {logging_mixin.py:190} INFO - [2024-12-18T15:44:17.491+0000] {override.py:1911} INFO - Created Permission View: can delete on DAG Run:example_workday_timetable
[2024-12-18T15:44:17.492+0000] {logging_mixin.py:190} INFO - [2024-12-18T15:44:17.492+0000] {dag.py:3239} INFO - Sync 1 DAGs
[2024-12-18T15:44:17.511+0000] {logging_mixin.py:190} INFO - [2024-12-18T15:44:17.511+0000] {dag.py:3262} INFO - Creating ORM DAG for example_workday_timetable
[2024-12-18T15:44:17.523+0000] {logging_mixin.py:190} INFO - [2024-12-18T15:44:17.523+0000] {dag.py:4180} INFO - Setting next_dagrun for example_workday_timetable to 2021-01-01 00:00:00+00:00, run_after=2021-01-02 00:00:00+00:00
[2024-12-18T15:44:17.542+0000] {processor.py:208} INFO - Processing /home/ubuntu/demo8/lib/python3.12/site-packages/airflow/example_dags/example_workday_timetable.py took 0.262 seconds
[2024-12-18T15:45:26.489+0000] {processor.py:186} INFO - Started process (PID=3742) to work on /home/ubuntu/demo8/lib/python3.12/site-packages/airflow/example_dags/example_workday_timetable.py
[2024-12-18T15:45:26.491+0000] {processor.py:914} INFO - Processing file /home/ubuntu/demo8/lib/python3.12/site-packages/airflow/example_dags/example_workday_timetable.py for tasks to queue
[2024-12-18T15:45:26.493+0000] {logging_mixin.py:190} INFO - [2024-12-18T15:45:26.493+0000] {dagbag.py:588} INFO - Filling up the DagBag from /home/ubuntu/demo8/lib/python3.12/site-packages/airflow/example_dags/example_workday_timetable.py
[2024-12-18T15:45:26.500+0000] {processor.py:925} INFO - DAG(s) 'example_workday_timetable' retrieved from /home/ubuntu/demo8/lib/python3.12/site-packages/airflow/example_dags/example_workday_timetable.py
[2024-12-18T15:45:26.515+0000] {logging_mixin.py:190} INFO - [2024-12-18T15:45:26.515+0000] {dag.py:3239} INFO - Sync 1 DAGs
[2024-12-18T15:45:26.537+0000] {logging_mixin.py:190} INFO - [2024-12-18T15:45:26.537+0000] {dag.py:4180} INFO - Setting next_dagrun for example_workday_timetable to 2021-01-01 00:00:00+00:00, run_after=2021-01-02 00:00:00+00:00
[2024-12-18T15:45:26.560+0000] {processor.py:208} INFO - Processing /home/ubuntu/demo8/lib/python3.12/site-packages/airflow/example_dags/example_workday_timetable.py took 0.076 seconds
[2024-12-18T15:46:24.274+0000] {processor.py:186} INFO - Started process (PID=3801) to work on /home/ubuntu/demo8/lib/python3.12/site-packages/airflow/example_dags/example_workday_timetable.py
[2024-12-18T15:46:24.276+0000] {processor.py:914} INFO - Processing file /home/ubuntu/demo8/lib/python3.12/site-packages/airflow/example_dags/example_workday_timetable.py for tasks to queue
[2024-12-18T15:46:24.278+0000] {logging_mixin.py:190} INFO - [2024-12-18T15:46:24.278+0000] {dagbag.py:588} INFO - Filling up the DagBag from /home/ubuntu/demo8/lib/python3.12/site-packages/airflow/example_dags/example_workday_timetable.py
[2024-12-18T15:46:24.285+0000] {processor.py:925} INFO - DAG(s) 'example_workday_timetable' retrieved from /home/ubuntu/demo8/lib/python3.12/site-packages/airflow/example_dags/example_workday_timetable.py
[2024-12-18T15:46:24.301+0000] {logging_mixin.py:190} INFO - [2024-12-18T15:46:24.301+0000] {dag.py:3239} INFO - Sync 1 DAGs
[2024-12-18T15:46:24.323+0000] {logging_mixin.py:190} INFO - [2024-12-18T15:46:24.323+0000] {dag.py:4180} INFO - Setting next_dagrun for example_workday_timetable to 2021-01-01 00:00:00+00:00, run_after=2021-01-02 00:00:00+00:00
[2024-12-18T15:46:24.345+0000] {processor.py:208} INFO - Processing /home/ubuntu/demo8/lib/python3.12/site-packages/airflow/example_dags/example_workday_timetable.py took 0.077 seconds
[2024-12-18T15:47:19.614+0000] {processor.py:186} INFO - Started process (PID=4266) to work on /home/ubuntu/demo8/lib/python3.12/site-packages/airflow/example_dags/example_workday_timetable.py
[2024-12-18T15:47:19.615+0000] {processor.py:914} INFO - Processing file /home/ubuntu/demo8/lib/python3.12/site-packages/airflow/example_dags/example_workday_timetable.py for tasks to queue
[2024-12-18T15:47:19.617+0000] {logging_mixin.py:190} INFO - [2024-12-18T15:47:19.617+0000] {dagbag.py:588} INFO - Filling up the DagBag from /home/ubuntu/demo8/lib/python3.12/site-packages/airflow/example_dags/example_workday_timetable.py
[2024-12-18T15:47:19.625+0000] {processor.py:925} INFO - DAG(s) 'example_workday_timetable' retrieved from /home/ubuntu/demo8/lib/python3.12/site-packages/airflow/example_dags/example_workday_timetable.py
[2024-12-18T15:47:19.641+0000] {logging_mixin.py:190} INFO - [2024-12-18T15:47:19.640+0000] {dag.py:3239} INFO - Sync 1 DAGs
[2024-12-18T15:47:19.663+0000] {logging_mixin.py:190} INFO - [2024-12-18T15:47:19.663+0000] {dag.py:4180} INFO - Setting next_dagrun for example_workday_timetable to 2021-01-01 00:00:00+00:00, run_after=2021-01-02 00:00:00+00:00
[2024-12-18T15:47:19.686+0000] {processor.py:208} INFO - Processing /home/ubuntu/demo8/lib/python3.12/site-packages/airflow/example_dags/example_workday_timetable.py took 0.078 seconds
[2024-12-18T15:48:15.099+0000] {processor.py:186} INFO - Started process (PID=4322) to work on /home/ubuntu/demo8/lib/python3.12/site-packages/airflow/example_dags/example_workday_timetable.py
[2024-12-18T15:48:15.100+0000] {processor.py:914} INFO - Processing file /home/ubuntu/demo8/lib/python3.12/site-packages/airflow/example_dags/example_workday_timetable.py for tasks to queue
[2024-12-18T15:48:15.102+0000] {logging_mixin.py:190} INFO - [2024-12-18T15:48:15.102+0000] {dagbag.py:588} INFO - Filling up the DagBag from /home/ubuntu/demo8/lib/python3.12/site-packages/airflow/example_dags/example_workday_timetable.py
[2024-12-18T15:48:15.109+0000] {processor.py:925} INFO - DAG(s) 'example_workday_timetable' retrieved from /home/ubuntu/demo8/lib/python3.12/site-packages/airflow/example_dags/example_workday_timetable.py
[2024-12-18T15:48:15.125+0000] {logging_mixin.py:190} INFO - [2024-12-18T15:48:15.125+0000] {dag.py:3239} INFO - Sync 1 DAGs
[2024-12-18T15:48:15.147+0000] {logging_mixin.py:190} INFO - [2024-12-18T15:48:15.146+0000] {dag.py:4180} INFO - Setting next_dagrun for example_workday_timetable to 2021-01-01 00:00:00+00:00, run_after=2021-01-02 00:00:00+00:00
[2024-12-18T15:48:15.168+0000] {processor.py:208} INFO - Processing /home/ubuntu/demo8/lib/python3.12/site-packages/airflow/example_dags/example_workday_timetable.py took 0.075 seconds
[2024-12-18T15:49:07.404+0000] {processor.py:186} INFO - Started process (PID=4376) to work on /home/ubuntu/demo8/lib/python3.12/site-packages/airflow/example_dags/example_workday_timetable.py
[2024-12-18T15:49:07.407+0000] {processor.py:914} INFO - Processing file /home/ubuntu/demo8/lib/python3.12/site-packages/airflow/example_dags/example_workday_timetable.py for tasks to queue
[2024-12-18T15:49:07.409+0000] {logging_mixin.py:190} INFO - [2024-12-18T15:49:07.409+0000] {dagbag.py:588} INFO - Filling up the DagBag from /home/ubuntu/demo8/lib/python3.12/site-packages/airflow/example_dags/example_workday_timetable.py
[2024-12-18T15:49:07.416+0000] {processor.py:925} INFO - DAG(s) 'example_workday_timetable' retrieved from /home/ubuntu/demo8/lib/python3.12/site-packages/airflow/example_dags/example_workday_timetable.py
[2024-12-18T15:49:07.432+0000] {logging_mixin.py:190} INFO - [2024-12-18T15:49:07.431+0000] {dag.py:3239} INFO - Sync 1 DAGs
[2024-12-18T15:49:07.569+0000] {logging_mixin.py:190} INFO - [2024-12-18T15:49:07.568+0000] {dag.py:4180} INFO - Setting next_dagrun for example_workday_timetable to 2021-01-01 00:00:00+00:00, run_after=2021-01-02 00:00:00+00:00
[2024-12-18T15:49:07.589+0000] {processor.py:208} INFO - Processing /home/ubuntu/demo8/lib/python3.12/site-packages/airflow/example_dags/example_workday_timetable.py took 0.191 seconds
[2024-12-18T15:50:13.076+0000] {processor.py:186} INFO - Started process (PID=4438) to work on /home/ubuntu/demo8/lib/python3.12/site-packages/airflow/example_dags/example_workday_timetable.py
[2024-12-18T15:50:13.077+0000] {processor.py:914} INFO - Processing file /home/ubuntu/demo8/lib/python3.12/site-packages/airflow/example_dags/example_workday_timetable.py for tasks to queue
[2024-12-18T15:50:13.079+0000] {logging_mixin.py:190} INFO - [2024-12-18T15:50:13.079+0000] {dagbag.py:588} INFO - Filling up the DagBag from /home/ubuntu/demo8/lib/python3.12/site-packages/airflow/example_dags/example_workday_timetable.py
[2024-12-18T15:50:13.087+0000] {processor.py:925} INFO - DAG(s) 'example_workday_timetable' retrieved from /home/ubuntu/demo8/lib/python3.12/site-packages/airflow/example_dags/example_workday_timetable.py
[2024-12-18T15:50:13.103+0000] {logging_mixin.py:190} INFO - [2024-12-18T15:50:13.103+0000] {dag.py:3239} INFO - Sync 1 DAGs
[2024-12-18T15:50:13.127+0000] {logging_mixin.py:190} INFO - [2024-12-18T15:50:13.126+0000] {dag.py:4180} INFO - Setting next_dagrun for example_workday_timetable to 2021-01-01 00:00:00+00:00, run_after=2021-01-02 00:00:00+00:00
[2024-12-18T15:50:13.149+0000] {processor.py:208} INFO - Processing /home/ubuntu/demo8/lib/python3.12/site-packages/airflow/example_dags/example_workday_timetable.py took 0.080 seconds
[2024-12-18T15:51:08.514+0000] {processor.py:186} INFO - Started process (PID=4507) to work on /home/ubuntu/demo8/lib/python3.12/site-packages/airflow/example_dags/example_workday_timetable.py
[2024-12-18T15:51:08.516+0000] {processor.py:914} INFO - Processing file /home/ubuntu/demo8/lib/python3.12/site-packages/airflow/example_dags/example_workday_timetable.py for tasks to queue
[2024-12-18T15:51:08.518+0000] {logging_mixin.py:190} INFO - [2024-12-18T15:51:08.518+0000] {dagbag.py:588} INFO - Filling up the DagBag from /home/ubuntu/demo8/lib/python3.12/site-packages/airflow/example_dags/example_workday_timetable.py
[2024-12-18T15:51:08.526+0000] {processor.py:925} INFO - DAG(s) 'example_workday_timetable' retrieved from /home/ubuntu/demo8/lib/python3.12/site-packages/airflow/example_dags/example_workday_timetable.py
[2024-12-18T15:51:08.542+0000] {logging_mixin.py:190} INFO - [2024-12-18T15:51:08.542+0000] {dag.py:3239} INFO - Sync 1 DAGs
[2024-12-18T15:51:08.579+0000] {logging_mixin.py:190} INFO - [2024-12-18T15:51:08.577+0000] {dag.py:4180} INFO - Setting next_dagrun for example_workday_timetable to 2021-01-01 00:00:00+00:00, run_after=2021-01-02 00:00:00+00:00
[2024-12-18T15:51:08.611+0000] {processor.py:208} INFO - Processing /home/ubuntu/demo8/lib/python3.12/site-packages/airflow/example_dags/example_workday_timetable.py took 0.103 seconds
[2024-12-18T15:52:00.326+0000] {processor.py:186} INFO - Started process (PID=4561) to work on /home/ubuntu/demo8/lib/python3.12/site-packages/airflow/example_dags/example_workday_timetable.py
[2024-12-18T15:52:00.328+0000] {processor.py:914} INFO - Processing file /home/ubuntu/demo8/lib/python3.12/site-packages/airflow/example_dags/example_workday_timetable.py for tasks to queue
[2024-12-18T15:52:00.330+0000] {logging_mixin.py:190} INFO - [2024-12-18T15:52:00.329+0000] {dagbag.py:588} INFO - Filling up the DagBag from /home/ubuntu/demo8/lib/python3.12/site-packages/airflow/example_dags/example_workday_timetable.py
[2024-12-18T15:52:00.337+0000] {processor.py:925} INFO - DAG(s) 'example_workday_timetable' retrieved from /home/ubuntu/demo8/lib/python3.12/site-packages/airflow/example_dags/example_workday_timetable.py
[2024-12-18T15:52:00.354+0000] {logging_mixin.py:190} INFO - [2024-12-18T15:52:00.353+0000] {dag.py:3239} INFO - Sync 1 DAGs
[2024-12-18T15:52:00.376+0000] {logging_mixin.py:190} INFO - [2024-12-18T15:52:00.376+0000] {dag.py:4180} INFO - Setting next_dagrun for example_workday_timetable to 2021-01-01 00:00:00+00:00, run_after=2021-01-02 00:00:00+00:00
[2024-12-18T15:52:00.399+0000] {processor.py:208} INFO - Processing /home/ubuntu/demo8/lib/python3.12/site-packages/airflow/example_dags/example_workday_timetable.py took 0.079 seconds
[2024-12-18T15:52:54.726+0000] {processor.py:186} INFO - Started process (PID=4619) to work on /home/ubuntu/demo8/lib/python3.12/site-packages/airflow/example_dags/example_workday_timetable.py
[2024-12-18T15:52:54.728+0000] {processor.py:914} INFO - Processing file /home/ubuntu/demo8/lib/python3.12/site-packages/airflow/example_dags/example_workday_timetable.py for tasks to queue
[2024-12-18T15:52:54.730+0000] {logging_mixin.py:190} INFO - [2024-12-18T15:52:54.730+0000] {dagbag.py:588} INFO - Filling up the DagBag from /home/ubuntu/demo8/lib/python3.12/site-packages/airflow/example_dags/example_workday_timetable.py
[2024-12-18T15:52:54.738+0000] {processor.py:925} INFO - DAG(s) 'example_workday_timetable' retrieved from /home/ubuntu/demo8/lib/python3.12/site-packages/airflow/example_dags/example_workday_timetable.py
[2024-12-18T15:52:54.755+0000] {logging_mixin.py:190} INFO - [2024-12-18T15:52:54.755+0000] {dag.py:3239} INFO - Sync 1 DAGs
[2024-12-18T15:52:54.778+0000] {logging_mixin.py:190} INFO - [2024-12-18T15:52:54.778+0000] {dag.py:4180} INFO - Setting next_dagrun for example_workday_timetable to 2021-01-01 00:00:00+00:00, run_after=2021-01-02 00:00:00+00:00
[2024-12-18T15:52:54.801+0000] {processor.py:208} INFO - Processing /home/ubuntu/demo8/lib/python3.12/site-packages/airflow/example_dags/example_workday_timetable.py took 0.081 seconds
[2024-12-18T15:53:50.243+0000] {processor.py:186} INFO - Started process (PID=4677) to work on /home/ubuntu/demo8/lib/python3.12/site-packages/airflow/example_dags/example_workday_timetable.py
[2024-12-18T15:53:50.244+0000] {processor.py:914} INFO - Processing file /home/ubuntu/demo8/lib/python3.12/site-packages/airflow/example_dags/example_workday_timetable.py for tasks to queue
[2024-12-18T15:53:50.249+0000] {logging_mixin.py:190} INFO - [2024-12-18T15:53:50.248+0000] {dagbag.py:588} INFO - Filling up the DagBag from /home/ubuntu/demo8/lib/python3.12/site-packages/airflow/example_dags/example_workday_timetable.py
[2024-12-18T15:53:50.270+0000] {processor.py:925} INFO - DAG(s) 'example_workday_timetable' retrieved from /home/ubuntu/demo8/lib/python3.12/site-packages/airflow/example_dags/example_workday_timetable.py
[2024-12-18T15:53:50.326+0000] {logging_mixin.py:190} INFO - [2024-12-18T15:53:50.326+0000] {dag.py:3239} INFO - Sync 1 DAGs
[2024-12-18T15:53:50.374+0000] {logging_mixin.py:190} INFO - [2024-12-18T15:53:50.372+0000] {dag.py:4180} INFO - Setting next_dagrun for example_workday_timetable to 2021-01-01 00:00:00+00:00, run_after=2021-01-02 00:00:00+00:00
[2024-12-18T15:53:50.424+0000] {processor.py:208} INFO - Processing /home/ubuntu/demo8/lib/python3.12/site-packages/airflow/example_dags/example_workday_timetable.py took 0.193 seconds
[2024-12-18T15:54:35.485+0000] {processor.py:186} INFO - Started process (PID=4746) to work on /home/ubuntu/demo8/lib/python3.12/site-packages/airflow/example_dags/example_workday_timetable.py
[2024-12-18T15:54:35.486+0000] {processor.py:914} INFO - Processing file /home/ubuntu/demo8/lib/python3.12/site-packages/airflow/example_dags/example_workday_timetable.py for tasks to queue
[2024-12-18T15:54:35.489+0000] {logging_mixin.py:190} INFO - [2024-12-18T15:54:35.489+0000] {dagbag.py:588} INFO - Filling up the DagBag from /home/ubuntu/demo8/lib/python3.12/site-packages/airflow/example_dags/example_workday_timetable.py
[2024-12-18T15:54:35.497+0000] {processor.py:925} INFO - DAG(s) 'example_workday_timetable' retrieved from /home/ubuntu/demo8/lib/python3.12/site-packages/airflow/example_dags/example_workday_timetable.py
[2024-12-18T15:54:35.521+0000] {logging_mixin.py:190} INFO - [2024-12-18T15:54:35.521+0000] {dag.py:3239} INFO - Sync 1 DAGs
[2024-12-18T15:54:35.544+0000] {logging_mixin.py:190} INFO - [2024-12-18T15:54:35.544+0000] {dag.py:4180} INFO - Setting next_dagrun for example_workday_timetable to 2021-01-01 00:00:00+00:00, run_after=2021-01-02 00:00:00+00:00
[2024-12-18T15:54:35.569+0000] {processor.py:208} INFO - Processing /home/ubuntu/demo8/lib/python3.12/site-packages/airflow/example_dags/example_workday_timetable.py took 0.090 seconds
[2024-12-18T15:55:31.316+0000] {processor.py:186} INFO - Started process (PID=4807) to work on /home/ubuntu/demo8/lib/python3.12/site-packages/airflow/example_dags/example_workday_timetable.py
[2024-12-18T15:55:31.317+0000] {processor.py:914} INFO - Processing file /home/ubuntu/demo8/lib/python3.12/site-packages/airflow/example_dags/example_workday_timetable.py for tasks to queue
[2024-12-18T15:55:31.320+0000] {logging_mixin.py:190} INFO - [2024-12-18T15:55:31.319+0000] {dagbag.py:588} INFO - Filling up the DagBag from /home/ubuntu/demo8/lib/python3.12/site-packages/airflow/example_dags/example_workday_timetable.py
[2024-12-18T15:55:31.326+0000] {processor.py:925} INFO - DAG(s) 'example_workday_timetable' retrieved from /home/ubuntu/demo8/lib/python3.12/site-packages/airflow/example_dags/example_workday_timetable.py
[2024-12-18T15:55:31.342+0000] {logging_mixin.py:190} INFO - [2024-12-18T15:55:31.342+0000] {dag.py:3239} INFO - Sync 1 DAGs
[2024-12-18T15:55:31.363+0000] {logging_mixin.py:190} INFO - [2024-12-18T15:55:31.363+0000] {dag.py:4180} INFO - Setting next_dagrun for example_workday_timetable to 2021-01-01 00:00:00+00:00, run_after=2021-01-02 00:00:00+00:00
[2024-12-18T15:55:31.386+0000] {processor.py:208} INFO - Processing /home/ubuntu/demo8/lib/python3.12/site-packages/airflow/example_dags/example_workday_timetable.py took 0.077 seconds
[2024-12-18T15:56:23.726+0000] {processor.py:186} INFO - Started process (PID=4864) to work on /home/ubuntu/demo8/lib/python3.12/site-packages/airflow/example_dags/example_workday_timetable.py
[2024-12-18T15:56:23.727+0000] {processor.py:914} INFO - Processing file /home/ubuntu/demo8/lib/python3.12/site-packages/airflow/example_dags/example_workday_timetable.py for tasks to queue
[2024-12-18T15:56:23.729+0000] {logging_mixin.py:190} INFO - [2024-12-18T15:56:23.729+0000] {dagbag.py:588} INFO - Filling up the DagBag from /home/ubuntu/demo8/lib/python3.12/site-packages/airflow/example_dags/example_workday_timetable.py
[2024-12-18T15:56:23.737+0000] {processor.py:925} INFO - DAG(s) 'example_workday_timetable' retrieved from /home/ubuntu/demo8/lib/python3.12/site-packages/airflow/example_dags/example_workday_timetable.py
[2024-12-18T15:56:23.753+0000] {logging_mixin.py:190} INFO - [2024-12-18T15:56:23.753+0000] {dag.py:3239} INFO - Sync 1 DAGs
[2024-12-18T15:56:23.776+0000] {logging_mixin.py:190} INFO - [2024-12-18T15:56:23.775+0000] {dag.py:4180} INFO - Setting next_dagrun for example_workday_timetable to 2021-01-01 00:00:00+00:00, run_after=2021-01-02 00:00:00+00:00
[2024-12-18T15:56:23.798+0000] {processor.py:208} INFO - Processing /home/ubuntu/demo8/lib/python3.12/site-packages/airflow/example_dags/example_workday_timetable.py took 0.078 seconds
[2024-12-18T15:57:03.005+0000] {processor.py:186} INFO - Started process (PID=4896) to work on /home/ubuntu/demo8/lib/python3.12/site-packages/airflow/example_dags/example_workday_timetable.py
[2024-12-18T15:57:03.006+0000] {processor.py:914} INFO - Processing file /home/ubuntu/demo8/lib/python3.12/site-packages/airflow/example_dags/example_workday_timetable.py for tasks to queue
[2024-12-18T15:57:03.009+0000] {logging_mixin.py:190} INFO - [2024-12-18T15:57:03.008+0000] {dagbag.py:588} INFO - Filling up the DagBag from /home/ubuntu/demo8/lib/python3.12/site-packages/airflow/example_dags/example_workday_timetable.py
[2024-12-18T15:57:03.016+0000] {processor.py:925} INFO - DAG(s) 'example_workday_timetable' retrieved from /home/ubuntu/demo8/lib/python3.12/site-packages/airflow/example_dags/example_workday_timetable.py
[2024-12-18T15:57:03.039+0000] {logging_mixin.py:190} INFO - [2024-12-18T15:57:03.038+0000] {dag.py:3239} INFO - Sync 1 DAGs
[2024-12-18T15:57:03.060+0000] {logging_mixin.py:190} INFO - [2024-12-18T15:57:03.060+0000] {dag.py:4180} INFO - Setting next_dagrun for example_workday_timetable to 2021-01-01 00:00:00+00:00, run_after=2021-01-02 00:00:00+00:00
[2024-12-18T15:57:03.089+0000] {processor.py:208} INFO - Processing /home/ubuntu/demo8/lib/python3.12/site-packages/airflow/example_dags/example_workday_timetable.py took 0.090 seconds
[2024-12-18T15:57:58.831+0000] {processor.py:186} INFO - Started process (PID=4954) to work on /home/ubuntu/demo8/lib/python3.12/site-packages/airflow/example_dags/example_workday_timetable.py
[2024-12-18T15:57:58.832+0000] {processor.py:914} INFO - Processing file /home/ubuntu/demo8/lib/python3.12/site-packages/airflow/example_dags/example_workday_timetable.py for tasks to queue
[2024-12-18T15:57:58.835+0000] {logging_mixin.py:190} INFO - [2024-12-18T15:57:58.834+0000] {dagbag.py:588} INFO - Filling up the DagBag from /home/ubuntu/demo8/lib/python3.12/site-packages/airflow/example_dags/example_workday_timetable.py
[2024-12-18T15:57:58.841+0000] {processor.py:925} INFO - DAG(s) 'example_workday_timetable' retrieved from /home/ubuntu/demo8/lib/python3.12/site-packages/airflow/example_dags/example_workday_timetable.py
[2024-12-18T15:57:58.857+0000] {logging_mixin.py:190} INFO - [2024-12-18T15:57:58.857+0000] {dag.py:3239} INFO - Sync 1 DAGs
[2024-12-18T15:57:58.879+0000] {logging_mixin.py:190} INFO - [2024-12-18T15:57:58.879+0000] {dag.py:4180} INFO - Setting next_dagrun for example_workday_timetable to 2021-01-01 00:00:00+00:00, run_after=2021-01-02 00:00:00+00:00
[2024-12-18T15:57:58.902+0000] {processor.py:208} INFO - Processing /home/ubuntu/demo8/lib/python3.12/site-packages/airflow/example_dags/example_workday_timetable.py took 0.077 seconds
[2024-12-18T15:58:51.244+0000] {processor.py:186} INFO - Started process (PID=5009) to work on /home/ubuntu/demo8/lib/python3.12/site-packages/airflow/example_dags/example_workday_timetable.py
[2024-12-18T15:58:51.245+0000] {processor.py:914} INFO - Processing file /home/ubuntu/demo8/lib/python3.12/site-packages/airflow/example_dags/example_workday_timetable.py for tasks to queue
[2024-12-18T15:58:51.247+0000] {logging_mixin.py:190} INFO - [2024-12-18T15:58:51.247+0000] {dagbag.py:588} INFO - Filling up the DagBag from /home/ubuntu/demo8/lib/python3.12/site-packages/airflow/example_dags/example_workday_timetable.py
[2024-12-18T15:58:51.254+0000] {processor.py:925} INFO - DAG(s) 'example_workday_timetable' retrieved from /home/ubuntu/demo8/lib/python3.12/site-packages/airflow/example_dags/example_workday_timetable.py
[2024-12-18T15:58:51.270+0000] {logging_mixin.py:190} INFO - [2024-12-18T15:58:51.270+0000] {dag.py:3239} INFO - Sync 1 DAGs
[2024-12-18T15:58:51.292+0000] {logging_mixin.py:190} INFO - [2024-12-18T15:58:51.291+0000] {dag.py:4180} INFO - Setting next_dagrun for example_workday_timetable to 2021-01-01 00:00:00+00:00, run_after=2021-01-02 00:00:00+00:00
[2024-12-18T15:58:51.314+0000] {processor.py:208} INFO - Processing /home/ubuntu/demo8/lib/python3.12/site-packages/airflow/example_dags/example_workday_timetable.py took 0.076 seconds
[2024-12-18T16:00:01.819+0000] {processor.py:186} INFO - Started process (PID=5077) to work on /home/ubuntu/demo8/lib/python3.12/site-packages/airflow/example_dags/example_workday_timetable.py
[2024-12-18T16:00:01.820+0000] {processor.py:914} INFO - Processing file /home/ubuntu/demo8/lib/python3.12/site-packages/airflow/example_dags/example_workday_timetable.py for tasks to queue
[2024-12-18T16:00:01.823+0000] {logging_mixin.py:190} INFO - [2024-12-18T16:00:01.823+0000] {dagbag.py:588} INFO - Filling up the DagBag from /home/ubuntu/demo8/lib/python3.12/site-packages/airflow/example_dags/example_workday_timetable.py
[2024-12-18T16:00:01.830+0000] {processor.py:925} INFO - DAG(s) 'example_workday_timetable' retrieved from /home/ubuntu/demo8/lib/python3.12/site-packages/airflow/example_dags/example_workday_timetable.py
[2024-12-18T16:00:01.854+0000] {logging_mixin.py:190} INFO - [2024-12-18T16:00:01.854+0000] {dag.py:3239} INFO - Sync 1 DAGs
[2024-12-18T16:00:01.875+0000] {logging_mixin.py:190} INFO - [2024-12-18T16:00:01.875+0000] {dag.py:4180} INFO - Setting next_dagrun for example_workday_timetable to 2021-01-01 00:00:00+00:00, run_after=2021-01-02 00:00:00+00:00
[2024-12-18T16:00:01.899+0000] {processor.py:208} INFO - Processing /home/ubuntu/demo8/lib/python3.12/site-packages/airflow/example_dags/example_workday_timetable.py took 0.086 seconds
[2024-12-18T16:00:57.650+0000] {processor.py:186} INFO - Started process (PID=5139) to work on /home/ubuntu/demo8/lib/python3.12/site-packages/airflow/example_dags/example_workday_timetable.py
[2024-12-18T16:00:57.651+0000] {processor.py:914} INFO - Processing file /home/ubuntu/demo8/lib/python3.12/site-packages/airflow/example_dags/example_workday_timetable.py for tasks to queue
[2024-12-18T16:00:57.653+0000] {logging_mixin.py:190} INFO - [2024-12-18T16:00:57.653+0000] {dagbag.py:588} INFO - Filling up the DagBag from /home/ubuntu/demo8/lib/python3.12/site-packages/airflow/example_dags/example_workday_timetable.py
[2024-12-18T16:00:57.660+0000] {processor.py:925} INFO - DAG(s) 'example_workday_timetable' retrieved from /home/ubuntu/demo8/lib/python3.12/site-packages/airflow/example_dags/example_workday_timetable.py
[2024-12-18T16:00:57.676+0000] {logging_mixin.py:190} INFO - [2024-12-18T16:00:57.676+0000] {dag.py:3239} INFO - Sync 1 DAGs
[2024-12-18T16:00:57.698+0000] {logging_mixin.py:190} INFO - [2024-12-18T16:00:57.697+0000] {dag.py:4180} INFO - Setting next_dagrun for example_workday_timetable to 2021-01-01 00:00:00+00:00, run_after=2021-01-02 00:00:00+00:00
[2024-12-18T16:00:57.720+0000] {processor.py:208} INFO - Processing /home/ubuntu/demo8/lib/python3.12/site-packages/airflow/example_dags/example_workday_timetable.py took 0.076 seconds
[2024-12-18T16:01:50.054+0000] {processor.py:186} INFO - Started process (PID=5195) to work on /home/ubuntu/demo8/lib/python3.12/site-packages/airflow/example_dags/example_workday_timetable.py
[2024-12-18T16:01:50.055+0000] {processor.py:914} INFO - Processing file /home/ubuntu/demo8/lib/python3.12/site-packages/airflow/example_dags/example_workday_timetable.py for tasks to queue
[2024-12-18T16:01:50.057+0000] {logging_mixin.py:190} INFO - [2024-12-18T16:01:50.057+0000] {dagbag.py:588} INFO - Filling up the DagBag from /home/ubuntu/demo8/lib/python3.12/site-packages/airflow/example_dags/example_workday_timetable.py
[2024-12-18T16:01:50.065+0000] {processor.py:925} INFO - DAG(s) 'example_workday_timetable' retrieved from /home/ubuntu/demo8/lib/python3.12/site-packages/airflow/example_dags/example_workday_timetable.py
[2024-12-18T16:01:50.081+0000] {logging_mixin.py:190} INFO - [2024-12-18T16:01:50.081+0000] {dag.py:3239} INFO - Sync 1 DAGs
[2024-12-18T16:01:50.103+0000] {logging_mixin.py:190} INFO - [2024-12-18T16:01:50.103+0000] {dag.py:4180} INFO - Setting next_dagrun for example_workday_timetable to 2021-01-01 00:00:00+00:00, run_after=2021-01-02 00:00:00+00:00
[2024-12-18T16:01:50.126+0000] {processor.py:208} INFO - Processing /home/ubuntu/demo8/lib/python3.12/site-packages/airflow/example_dags/example_workday_timetable.py took 0.078 seconds
[2024-12-18T16:02:44.803+0000] {processor.py:186} INFO - Started process (PID=5250) to work on /home/ubuntu/demo8/lib/python3.12/site-packages/airflow/example_dags/example_workday_timetable.py
[2024-12-18T16:02:44.805+0000] {processor.py:914} INFO - Processing file /home/ubuntu/demo8/lib/python3.12/site-packages/airflow/example_dags/example_workday_timetable.py for tasks to queue
[2024-12-18T16:02:44.807+0000] {logging_mixin.py:190} INFO - [2024-12-18T16:02:44.806+0000] {dagbag.py:588} INFO - Filling up the DagBag from /home/ubuntu/demo8/lib/python3.12/site-packages/airflow/example_dags/example_workday_timetable.py
[2024-12-18T16:02:44.814+0000] {processor.py:925} INFO - DAG(s) 'example_workday_timetable' retrieved from /home/ubuntu/demo8/lib/python3.12/site-packages/airflow/example_dags/example_workday_timetable.py
[2024-12-18T16:02:44.839+0000] {logging_mixin.py:190} INFO - [2024-12-18T16:02:44.838+0000] {dag.py:3239} INFO - Sync 1 DAGs
[2024-12-18T16:02:44.862+0000] {logging_mixin.py:190} INFO - [2024-12-18T16:02:44.862+0000] {dag.py:4180} INFO - Setting next_dagrun for example_workday_timetable to 2021-01-01 00:00:00+00:00, run_after=2021-01-02 00:00:00+00:00
[2024-12-18T16:02:44.885+0000] {processor.py:208} INFO - Processing /home/ubuntu/demo8/lib/python3.12/site-packages/airflow/example_dags/example_workday_timetable.py took 0.088 seconds
[2024-12-18T16:03:39.075+0000] {processor.py:186} INFO - Started process (PID=5305) to work on /home/ubuntu/demo8/lib/python3.12/site-packages/airflow/example_dags/example_workday_timetable.py
[2024-12-18T16:03:39.077+0000] {processor.py:914} INFO - Processing file /home/ubuntu/demo8/lib/python3.12/site-packages/airflow/example_dags/example_workday_timetable.py for tasks to queue
[2024-12-18T16:03:39.079+0000] {logging_mixin.py:190} INFO - [2024-12-18T16:03:39.078+0000] {dagbag.py:588} INFO - Filling up the DagBag from /home/ubuntu/demo8/lib/python3.12/site-packages/airflow/example_dags/example_workday_timetable.py
[2024-12-18T16:03:39.086+0000] {processor.py:925} INFO - DAG(s) 'example_workday_timetable' retrieved from /home/ubuntu/demo8/lib/python3.12/site-packages/airflow/example_dags/example_workday_timetable.py
[2024-12-18T16:03:39.103+0000] {logging_mixin.py:190} INFO - [2024-12-18T16:03:39.103+0000] {dag.py:3239} INFO - Sync 1 DAGs
[2024-12-18T16:03:39.125+0000] {logging_mixin.py:190} INFO - [2024-12-18T16:03:39.125+0000] {dag.py:4180} INFO - Setting next_dagrun for example_workday_timetable to 2021-01-01 00:00:00+00:00, run_after=2021-01-02 00:00:00+00:00
[2024-12-18T16:03:39.146+0000] {processor.py:208} INFO - Processing /home/ubuntu/demo8/lib/python3.12/site-packages/airflow/example_dags/example_workday_timetable.py took 0.077 seconds
[2024-12-18T20:29:27.588+0000] {processor.py:186} INFO - Started process (PID=2732) to work on /home/ubuntu/demo8/lib/python3.12/site-packages/airflow/example_dags/example_workday_timetable.py
[2024-12-18T20:29:27.590+0000] {processor.py:914} INFO - Processing file /home/ubuntu/demo8/lib/python3.12/site-packages/airflow/example_dags/example_workday_timetable.py for tasks to queue
[2024-12-18T20:29:27.593+0000] {logging_mixin.py:190} INFO - [2024-12-18T20:29:27.593+0000] {dagbag.py:588} INFO - Filling up the DagBag from /home/ubuntu/demo8/lib/python3.12/site-packages/airflow/example_dags/example_workday_timetable.py
[2024-12-18T20:29:27.601+0000] {processor.py:925} INFO - DAG(s) 'example_workday_timetable' retrieved from /home/ubuntu/demo8/lib/python3.12/site-packages/airflow/example_dags/example_workday_timetable.py
[2024-12-18T20:29:27.625+0000] {logging_mixin.py:190} INFO - [2024-12-18T20:29:27.625+0000] {dag.py:3239} INFO - Sync 1 DAGs
[2024-12-18T20:29:27.646+0000] {logging_mixin.py:190} INFO - [2024-12-18T20:29:27.646+0000] {dag.py:4180} INFO - Setting next_dagrun for example_workday_timetable to 2021-01-01 00:00:00+00:00, run_after=2021-01-02 00:00:00+00:00
[2024-12-18T20:29:27.672+0000] {processor.py:208} INFO - Processing /home/ubuntu/demo8/lib/python3.12/site-packages/airflow/example_dags/example_workday_timetable.py took 0.090 seconds
[2024-12-18T20:30:24.668+0000] {processor.py:186} INFO - Started process (PID=2916) to work on /home/ubuntu/demo8/lib/python3.12/site-packages/airflow/example_dags/example_workday_timetable.py
[2024-12-18T20:30:24.669+0000] {processor.py:914} INFO - Processing file /home/ubuntu/demo8/lib/python3.12/site-packages/airflow/example_dags/example_workday_timetable.py for tasks to queue
[2024-12-18T20:30:24.672+0000] {logging_mixin.py:190} INFO - [2024-12-18T20:30:24.672+0000] {dagbag.py:588} INFO - Filling up the DagBag from /home/ubuntu/demo8/lib/python3.12/site-packages/airflow/example_dags/example_workday_timetable.py
[2024-12-18T20:30:24.679+0000] {processor.py:925} INFO - DAG(s) 'example_workday_timetable' retrieved from /home/ubuntu/demo8/lib/python3.12/site-packages/airflow/example_dags/example_workday_timetable.py
[2024-12-18T20:30:24.694+0000] {logging_mixin.py:190} INFO - [2024-12-18T20:30:24.694+0000] {dag.py:3239} INFO - Sync 1 DAGs
[2024-12-18T20:30:24.715+0000] {logging_mixin.py:190} INFO - [2024-12-18T20:30:24.715+0000] {dag.py:4180} INFO - Setting next_dagrun for example_workday_timetable to 2021-01-01 00:00:00+00:00, run_after=2021-01-02 00:00:00+00:00
[2024-12-18T20:30:24.739+0000] {processor.py:208} INFO - Processing /home/ubuntu/demo8/lib/python3.12/site-packages/airflow/example_dags/example_workday_timetable.py took 0.077 seconds
[2024-12-18T20:31:20.189+0000] {processor.py:186} INFO - Started process (PID=3131) to work on /home/ubuntu/demo8/lib/python3.12/site-packages/airflow/example_dags/example_workday_timetable.py
[2024-12-18T20:31:20.190+0000] {processor.py:914} INFO - Processing file /home/ubuntu/demo8/lib/python3.12/site-packages/airflow/example_dags/example_workday_timetable.py for tasks to queue
[2024-12-18T20:31:20.193+0000] {logging_mixin.py:190} INFO - [2024-12-18T20:31:20.193+0000] {dagbag.py:588} INFO - Filling up the DagBag from /home/ubuntu/demo8/lib/python3.12/site-packages/airflow/example_dags/example_workday_timetable.py
[2024-12-18T20:31:20.200+0000] {processor.py:925} INFO - DAG(s) 'example_workday_timetable' retrieved from /home/ubuntu/demo8/lib/python3.12/site-packages/airflow/example_dags/example_workday_timetable.py
[2024-12-18T20:31:20.217+0000] {logging_mixin.py:190} INFO - [2024-12-18T20:31:20.217+0000] {dag.py:3239} INFO - Sync 1 DAGs
[2024-12-18T20:31:20.242+0000] {logging_mixin.py:190} INFO - [2024-12-18T20:31:20.242+0000] {dag.py:4180} INFO - Setting next_dagrun for example_workday_timetable to 2021-01-01 00:00:00+00:00, run_after=2021-01-02 00:00:00+00:00
[2024-12-18T20:31:20.273+0000] {processor.py:208} INFO - Processing /home/ubuntu/demo8/lib/python3.12/site-packages/airflow/example_dags/example_workday_timetable.py took 0.090 seconds
[2024-12-18T20:32:16.020+0000] {processor.py:186} INFO - Started process (PID=3287) to work on /home/ubuntu/demo8/lib/python3.12/site-packages/airflow/example_dags/example_workday_timetable.py
[2024-12-18T20:32:16.022+0000] {processor.py:914} INFO - Processing file /home/ubuntu/demo8/lib/python3.12/site-packages/airflow/example_dags/example_workday_timetable.py for tasks to queue
[2024-12-18T20:32:16.024+0000] {logging_mixin.py:190} INFO - [2024-12-18T20:32:16.024+0000] {dagbag.py:588} INFO - Filling up the DagBag from /home/ubuntu/demo8/lib/python3.12/site-packages/airflow/example_dags/example_workday_timetable.py
[2024-12-18T20:32:16.031+0000] {processor.py:925} INFO - DAG(s) 'example_workday_timetable' retrieved from /home/ubuntu/demo8/lib/python3.12/site-packages/airflow/example_dags/example_workday_timetable.py
[2024-12-18T20:32:16.047+0000] {logging_mixin.py:190} INFO - [2024-12-18T20:32:16.047+0000] {dag.py:3239} INFO - Sync 1 DAGs
[2024-12-18T20:32:16.070+0000] {logging_mixin.py:190} INFO - [2024-12-18T20:32:16.069+0000] {dag.py:4180} INFO - Setting next_dagrun for example_workday_timetable to 2021-01-01 00:00:00+00:00, run_after=2021-01-02 00:00:00+00:00
[2024-12-18T20:32:16.092+0000] {processor.py:208} INFO - Processing /home/ubuntu/demo8/lib/python3.12/site-packages/airflow/example_dags/example_workday_timetable.py took 0.083 seconds
[2024-12-18T20:33:11.802+0000] {processor.py:186} INFO - Started process (PID=3442) to work on /home/ubuntu/demo8/lib/python3.12/site-packages/airflow/example_dags/example_workday_timetable.py
[2024-12-18T20:33:11.803+0000] {processor.py:914} INFO - Processing file /home/ubuntu/demo8/lib/python3.12/site-packages/airflow/example_dags/example_workday_timetable.py for tasks to queue
[2024-12-18T20:33:11.806+0000] {logging_mixin.py:190} INFO - [2024-12-18T20:33:11.806+0000] {dagbag.py:588} INFO - Filling up the DagBag from /home/ubuntu/demo8/lib/python3.12/site-packages/airflow/example_dags/example_workday_timetable.py
[2024-12-18T20:33:11.814+0000] {processor.py:925} INFO - DAG(s) 'example_workday_timetable' retrieved from /home/ubuntu/demo8/lib/python3.12/site-packages/airflow/example_dags/example_workday_timetable.py
[2024-12-18T20:33:11.841+0000] {logging_mixin.py:190} INFO - [2024-12-18T20:33:11.839+0000] {dag.py:3239} INFO - Sync 1 DAGs
[2024-12-18T20:33:11.863+0000] {logging_mixin.py:190} INFO - [2024-12-18T20:33:11.863+0000] {dag.py:4180} INFO - Setting next_dagrun for example_workday_timetable to 2021-01-01 00:00:00+00:00, run_after=2021-01-02 00:00:00+00:00
[2024-12-18T20:33:11.887+0000] {processor.py:208} INFO - Processing /home/ubuntu/demo8/lib/python3.12/site-packages/airflow/example_dags/example_workday_timetable.py took 0.091 seconds
[2024-12-18T20:34:09.027+0000] {processor.py:186} INFO - Started process (PID=3558) to work on /home/ubuntu/demo8/lib/python3.12/site-packages/airflow/example_dags/example_workday_timetable.py
[2024-12-18T20:34:09.028+0000] {processor.py:914} INFO - Processing file /home/ubuntu/demo8/lib/python3.12/site-packages/airflow/example_dags/example_workday_timetable.py for tasks to queue
[2024-12-18T20:34:09.030+0000] {logging_mixin.py:190} INFO - [2024-12-18T20:34:09.030+0000] {dagbag.py:588} INFO - Filling up the DagBag from /home/ubuntu/demo8/lib/python3.12/site-packages/airflow/example_dags/example_workday_timetable.py
[2024-12-18T20:34:09.038+0000] {processor.py:925} INFO - DAG(s) 'example_workday_timetable' retrieved from /home/ubuntu/demo8/lib/python3.12/site-packages/airflow/example_dags/example_workday_timetable.py
[2024-12-18T20:34:09.054+0000] {logging_mixin.py:190} INFO - [2024-12-18T20:34:09.054+0000] {dag.py:3239} INFO - Sync 1 DAGs
[2024-12-18T20:34:09.189+0000] {logging_mixin.py:190} INFO - [2024-12-18T20:34:09.189+0000] {dag.py:4180} INFO - Setting next_dagrun for example_workday_timetable to 2021-01-01 00:00:00+00:00, run_after=2021-01-02 00:00:00+00:00
[2024-12-18T20:34:09.217+0000] {processor.py:208} INFO - Processing /home/ubuntu/demo8/lib/python3.12/site-packages/airflow/example_dags/example_workday_timetable.py took 0.196 seconds
[2024-12-18T20:35:15.325+0000] {processor.py:186} INFO - Started process (PID=3748) to work on /home/ubuntu/demo8/lib/python3.12/site-packages/airflow/example_dags/example_workday_timetable.py
[2024-12-18T20:35:15.327+0000] {processor.py:914} INFO - Processing file /home/ubuntu/demo8/lib/python3.12/site-packages/airflow/example_dags/example_workday_timetable.py for tasks to queue
[2024-12-18T20:35:15.329+0000] {logging_mixin.py:190} INFO - [2024-12-18T20:35:15.329+0000] {dagbag.py:588} INFO - Filling up the DagBag from /home/ubuntu/demo8/lib/python3.12/site-packages/airflow/example_dags/example_workday_timetable.py
[2024-12-18T20:35:15.336+0000] {processor.py:925} INFO - DAG(s) 'example_workday_timetable' retrieved from /home/ubuntu/demo8/lib/python3.12/site-packages/airflow/example_dags/example_workday_timetable.py
[2024-12-18T20:35:15.352+0000] {logging_mixin.py:190} INFO - [2024-12-18T20:35:15.352+0000] {dag.py:3239} INFO - Sync 1 DAGs
[2024-12-18T20:35:15.374+0000] {logging_mixin.py:190} INFO - [2024-12-18T20:35:15.374+0000] {dag.py:4180} INFO - Setting next_dagrun for example_workday_timetable to 2021-01-01 00:00:00+00:00, run_after=2021-01-02 00:00:00+00:00
[2024-12-18T20:35:15.398+0000] {processor.py:208} INFO - Processing /home/ubuntu/demo8/lib/python3.12/site-packages/airflow/example_dags/example_workday_timetable.py took 0.079 seconds
[2024-12-18T20:36:13.818+0000] {processor.py:186} INFO - Started process (PID=3868) to work on /home/ubuntu/demo8/lib/python3.12/site-packages/airflow/example_dags/example_workday_timetable.py
[2024-12-18T20:36:13.819+0000] {processor.py:914} INFO - Processing file /home/ubuntu/demo8/lib/python3.12/site-packages/airflow/example_dags/example_workday_timetable.py for tasks to queue
[2024-12-18T20:36:13.822+0000] {logging_mixin.py:190} INFO - [2024-12-18T20:36:13.822+0000] {dagbag.py:588} INFO - Filling up the DagBag from /home/ubuntu/demo8/lib/python3.12/site-packages/airflow/example_dags/example_workday_timetable.py
[2024-12-18T20:36:13.830+0000] {processor.py:925} INFO - DAG(s) 'example_workday_timetable' retrieved from /home/ubuntu/demo8/lib/python3.12/site-packages/airflow/example_dags/example_workday_timetable.py
[2024-12-18T20:36:13.846+0000] {logging_mixin.py:190} INFO - [2024-12-18T20:36:13.846+0000] {dag.py:3239} INFO - Sync 1 DAGs
[2024-12-18T20:36:13.869+0000] {logging_mixin.py:190} INFO - [2024-12-18T20:36:13.869+0000] {dag.py:4180} INFO - Setting next_dagrun for example_workday_timetable to 2021-01-01 00:00:00+00:00, run_after=2021-01-02 00:00:00+00:00
[2024-12-18T20:36:13.891+0000] {processor.py:208} INFO - Processing /home/ubuntu/demo8/lib/python3.12/site-packages/airflow/example_dags/example_workday_timetable.py took 0.079 seconds
[2024-12-18T20:37:10.520+0000] {processor.py:186} INFO - Started process (PID=3988) to work on /home/ubuntu/demo8/lib/python3.12/site-packages/airflow/example_dags/example_workday_timetable.py
[2024-12-18T20:37:10.522+0000] {processor.py:914} INFO - Processing file /home/ubuntu/demo8/lib/python3.12/site-packages/airflow/example_dags/example_workday_timetable.py for tasks to queue
[2024-12-18T20:37:10.524+0000] {logging_mixin.py:190} INFO - [2024-12-18T20:37:10.524+0000] {dagbag.py:588} INFO - Filling up the DagBag from /home/ubuntu/demo8/lib/python3.12/site-packages/airflow/example_dags/example_workday_timetable.py
[2024-12-18T20:37:10.532+0000] {processor.py:925} INFO - DAG(s) 'example_workday_timetable' retrieved from /home/ubuntu/demo8/lib/python3.12/site-packages/airflow/example_dags/example_workday_timetable.py
[2024-12-18T20:37:10.548+0000] {logging_mixin.py:190} INFO - [2024-12-18T20:37:10.548+0000] {dag.py:3239} INFO - Sync 1 DAGs
[2024-12-18T20:37:10.571+0000] {logging_mixin.py:190} INFO - [2024-12-18T20:37:10.570+0000] {dag.py:4180} INFO - Setting next_dagrun for example_workday_timetable to 2021-01-01 00:00:00+00:00, run_after=2021-01-02 00:00:00+00:00
[2024-12-18T20:37:10.594+0000] {processor.py:208} INFO - Processing /home/ubuntu/demo8/lib/python3.12/site-packages/airflow/example_dags/example_workday_timetable.py took 0.080 seconds
[2024-12-18T20:38:04.342+0000] {processor.py:186} INFO - Started process (PID=4103) to work on /home/ubuntu/demo8/lib/python3.12/site-packages/airflow/example_dags/example_workday_timetable.py
[2024-12-18T20:38:04.343+0000] {processor.py:914} INFO - Processing file /home/ubuntu/demo8/lib/python3.12/site-packages/airflow/example_dags/example_workday_timetable.py for tasks to queue
[2024-12-18T20:38:04.346+0000] {logging_mixin.py:190} INFO - [2024-12-18T20:38:04.346+0000] {dagbag.py:588} INFO - Filling up the DagBag from /home/ubuntu/demo8/lib/python3.12/site-packages/airflow/example_dags/example_workday_timetable.py
[2024-12-18T20:38:04.354+0000] {processor.py:925} INFO - DAG(s) 'example_workday_timetable' retrieved from /home/ubuntu/demo8/lib/python3.12/site-packages/airflow/example_dags/example_workday_timetable.py
[2024-12-18T20:38:04.370+0000] {logging_mixin.py:190} INFO - [2024-12-18T20:38:04.370+0000] {dag.py:3239} INFO - Sync 1 DAGs
[2024-12-18T20:38:04.392+0000] {logging_mixin.py:190} INFO - [2024-12-18T20:38:04.392+0000] {dag.py:4180} INFO - Setting next_dagrun for example_workday_timetable to 2021-01-01 00:00:00+00:00, run_after=2021-01-02 00:00:00+00:00
[2024-12-18T20:38:04.417+0000] {processor.py:208} INFO - Processing /home/ubuntu/demo8/lib/python3.12/site-packages/airflow/example_dags/example_workday_timetable.py took 0.081 seconds
[2024-12-18T20:39:00.555+0000] {processor.py:186} INFO - Started process (PID=4222) to work on /home/ubuntu/demo8/lib/python3.12/site-packages/airflow/example_dags/example_workday_timetable.py
[2024-12-18T20:39:00.556+0000] {processor.py:914} INFO - Processing file /home/ubuntu/demo8/lib/python3.12/site-packages/airflow/example_dags/example_workday_timetable.py for tasks to queue
[2024-12-18T20:39:00.559+0000] {logging_mixin.py:190} INFO - [2024-12-18T20:39:00.558+0000] {dagbag.py:588} INFO - Filling up the DagBag from /home/ubuntu/demo8/lib/python3.12/site-packages/airflow/example_dags/example_workday_timetable.py
[2024-12-18T20:39:00.567+0000] {processor.py:925} INFO - DAG(s) 'example_workday_timetable' retrieved from /home/ubuntu/demo8/lib/python3.12/site-packages/airflow/example_dags/example_workday_timetable.py
[2024-12-18T20:39:00.583+0000] {logging_mixin.py:190} INFO - [2024-12-18T20:39:00.583+0000] {dag.py:3239} INFO - Sync 1 DAGs
[2024-12-18T20:39:00.607+0000] {logging_mixin.py:190} INFO - [2024-12-18T20:39:00.607+0000] {dag.py:4180} INFO - Setting next_dagrun for example_workday_timetable to 2021-01-01 00:00:00+00:00, run_after=2021-01-02 00:00:00+00:00
[2024-12-18T20:39:00.630+0000] {processor.py:208} INFO - Processing /home/ubuntu/demo8/lib/python3.12/site-packages/airflow/example_dags/example_workday_timetable.py took 0.082 seconds
[2024-12-18T20:39:56.101+0000] {processor.py:186} INFO - Started process (PID=4399) to work on /home/ubuntu/demo8/lib/python3.12/site-packages/airflow/example_dags/example_workday_timetable.py
[2024-12-18T20:39:56.103+0000] {processor.py:914} INFO - Processing file /home/ubuntu/demo8/lib/python3.12/site-packages/airflow/example_dags/example_workday_timetable.py for tasks to queue
[2024-12-18T20:39:56.105+0000] {logging_mixin.py:190} INFO - [2024-12-18T20:39:56.105+0000] {dagbag.py:588} INFO - Filling up the DagBag from /home/ubuntu/demo8/lib/python3.12/site-packages/airflow/example_dags/example_workday_timetable.py
[2024-12-18T20:39:56.113+0000] {processor.py:925} INFO - DAG(s) 'example_workday_timetable' retrieved from /home/ubuntu/demo8/lib/python3.12/site-packages/airflow/example_dags/example_workday_timetable.py
[2024-12-18T20:39:56.130+0000] {logging_mixin.py:190} INFO - [2024-12-18T20:39:56.130+0000] {dag.py:3239} INFO - Sync 1 DAGs
[2024-12-18T20:39:56.154+0000] {logging_mixin.py:190} INFO - [2024-12-18T20:39:56.154+0000] {dag.py:4180} INFO - Setting next_dagrun for example_workday_timetable to 2021-01-01 00:00:00+00:00, run_after=2021-01-02 00:00:00+00:00
[2024-12-18T20:39:56.178+0000] {processor.py:208} INFO - Processing /home/ubuntu/demo8/lib/python3.12/site-packages/airflow/example_dags/example_workday_timetable.py took 0.083 seconds
[2024-12-18T20:40:53.836+0000] {processor.py:186} INFO - Started process (PID=4536) to work on /home/ubuntu/demo8/lib/python3.12/site-packages/airflow/example_dags/example_workday_timetable.py
[2024-12-18T20:40:53.837+0000] {processor.py:914} INFO - Processing file /home/ubuntu/demo8/lib/python3.12/site-packages/airflow/example_dags/example_workday_timetable.py for tasks to queue
[2024-12-18T20:40:53.840+0000] {logging_mixin.py:190} INFO - [2024-12-18T20:40:53.840+0000] {dagbag.py:588} INFO - Filling up the DagBag from /home/ubuntu/demo8/lib/python3.12/site-packages/airflow/example_dags/example_workday_timetable.py
[2024-12-18T20:40:53.848+0000] {processor.py:925} INFO - DAG(s) 'example_workday_timetable' retrieved from /home/ubuntu/demo8/lib/python3.12/site-packages/airflow/example_dags/example_workday_timetable.py
[2024-12-18T20:40:53.865+0000] {logging_mixin.py:190} INFO - [2024-12-18T20:40:53.864+0000] {dag.py:3239} INFO - Sync 1 DAGs
[2024-12-18T20:40:53.888+0000] {logging_mixin.py:190} INFO - [2024-12-18T20:40:53.888+0000] {dag.py:4180} INFO - Setting next_dagrun for example_workday_timetable to 2021-01-01 00:00:00+00:00, run_after=2021-01-02 00:00:00+00:00
[2024-12-18T20:40:53.912+0000] {processor.py:208} INFO - Processing /home/ubuntu/demo8/lib/python3.12/site-packages/airflow/example_dags/example_workday_timetable.py took 0.083 seconds
[2024-12-18T20:41:46.686+0000] {processor.py:186} INFO - Started process (PID=4655) to work on /home/ubuntu/demo8/lib/python3.12/site-packages/airflow/example_dags/example_workday_timetable.py
[2024-12-18T20:41:46.688+0000] {processor.py:914} INFO - Processing file /home/ubuntu/demo8/lib/python3.12/site-packages/airflow/example_dags/example_workday_timetable.py for tasks to queue
[2024-12-18T20:41:46.690+0000] {logging_mixin.py:190} INFO - [2024-12-18T20:41:46.690+0000] {dagbag.py:588} INFO - Filling up the DagBag from /home/ubuntu/demo8/lib/python3.12/site-packages/airflow/example_dags/example_workday_timetable.py
[2024-12-18T20:41:46.698+0000] {processor.py:925} INFO - DAG(s) 'example_workday_timetable' retrieved from /home/ubuntu/demo8/lib/python3.12/site-packages/airflow/example_dags/example_workday_timetable.py
[2024-12-18T20:41:46.715+0000] {logging_mixin.py:190} INFO - [2024-12-18T20:41:46.715+0000] {dag.py:3239} INFO - Sync 1 DAGs
[2024-12-18T20:41:46.743+0000] {logging_mixin.py:190} INFO - [2024-12-18T20:41:46.743+0000] {dag.py:4180} INFO - Setting next_dagrun for example_workday_timetable to 2021-01-01 00:00:00+00:00, run_after=2021-01-02 00:00:00+00:00
[2024-12-18T20:41:46.775+0000] {processor.py:208} INFO - Processing /home/ubuntu/demo8/lib/python3.12/site-packages/airflow/example_dags/example_workday_timetable.py took 0.095 seconds
[2024-12-18T20:42:40.330+0000] {processor.py:186} INFO - Started process (PID=4768) to work on /home/ubuntu/demo8/lib/python3.12/site-packages/airflow/example_dags/example_workday_timetable.py
[2024-12-18T20:42:40.331+0000] {processor.py:914} INFO - Processing file /home/ubuntu/demo8/lib/python3.12/site-packages/airflow/example_dags/example_workday_timetable.py for tasks to queue
[2024-12-18T20:42:40.334+0000] {logging_mixin.py:190} INFO - [2024-12-18T20:42:40.334+0000] {dagbag.py:588} INFO - Filling up the DagBag from /home/ubuntu/demo8/lib/python3.12/site-packages/airflow/example_dags/example_workday_timetable.py
[2024-12-18T20:42:40.342+0000] {processor.py:925} INFO - DAG(s) 'example_workday_timetable' retrieved from /home/ubuntu/demo8/lib/python3.12/site-packages/airflow/example_dags/example_workday_timetable.py
[2024-12-18T20:42:40.359+0000] {logging_mixin.py:190} INFO - [2024-12-18T20:42:40.359+0000] {dag.py:3239} INFO - Sync 1 DAGs
[2024-12-18T20:42:40.382+0000] {logging_mixin.py:190} INFO - [2024-12-18T20:42:40.382+0000] {dag.py:4180} INFO - Setting next_dagrun for example_workday_timetable to 2021-01-01 00:00:00+00:00, run_after=2021-01-02 00:00:00+00:00
[2024-12-18T20:42:40.406+0000] {processor.py:208} INFO - Processing /home/ubuntu/demo8/lib/python3.12/site-packages/airflow/example_dags/example_workday_timetable.py took 0.083 seconds
[2024-12-18T20:43:34.817+0000] {processor.py:186} INFO - Started process (PID=4885) to work on /home/ubuntu/demo8/lib/python3.12/site-packages/airflow/example_dags/example_workday_timetable.py
[2024-12-18T20:43:34.819+0000] {processor.py:914} INFO - Processing file /home/ubuntu/demo8/lib/python3.12/site-packages/airflow/example_dags/example_workday_timetable.py for tasks to queue
[2024-12-18T20:43:34.821+0000] {logging_mixin.py:190} INFO - [2024-12-18T20:43:34.821+0000] {dagbag.py:588} INFO - Filling up the DagBag from /home/ubuntu/demo8/lib/python3.12/site-packages/airflow/example_dags/example_workday_timetable.py
[2024-12-18T20:43:34.829+0000] {processor.py:925} INFO - DAG(s) 'example_workday_timetable' retrieved from /home/ubuntu/demo8/lib/python3.12/site-packages/airflow/example_dags/example_workday_timetable.py
[2024-12-18T20:43:34.846+0000] {logging_mixin.py:190} INFO - [2024-12-18T20:43:34.846+0000] {dag.py:3239} INFO - Sync 1 DAGs
[2024-12-18T20:43:34.870+0000] {logging_mixin.py:190} INFO - [2024-12-18T20:43:34.869+0000] {dag.py:4180} INFO - Setting next_dagrun for example_workday_timetable to 2021-01-01 00:00:00+00:00, run_after=2021-01-02 00:00:00+00:00
[2024-12-18T20:43:34.894+0000] {processor.py:208} INFO - Processing /home/ubuntu/demo8/lib/python3.12/site-packages/airflow/example_dags/example_workday_timetable.py took 0.083 seconds
[2024-12-18T20:44:28.721+0000] {processor.py:186} INFO - Started process (PID=5061) to work on /home/ubuntu/demo8/lib/python3.12/site-packages/airflow/example_dags/example_workday_timetable.py
[2024-12-18T20:44:28.723+0000] {processor.py:914} INFO - Processing file /home/ubuntu/demo8/lib/python3.12/site-packages/airflow/example_dags/example_workday_timetable.py for tasks to queue
[2024-12-18T20:44:28.725+0000] {logging_mixin.py:190} INFO - [2024-12-18T20:44:28.725+0000] {dagbag.py:588} INFO - Filling up the DagBag from /home/ubuntu/demo8/lib/python3.12/site-packages/airflow/example_dags/example_workday_timetable.py
[2024-12-18T20:44:28.733+0000] {processor.py:925} INFO - DAG(s) 'example_workday_timetable' retrieved from /home/ubuntu/demo8/lib/python3.12/site-packages/airflow/example_dags/example_workday_timetable.py
[2024-12-18T20:44:28.750+0000] {logging_mixin.py:190} INFO - [2024-12-18T20:44:28.750+0000] {dag.py:3239} INFO - Sync 1 DAGs
[2024-12-18T20:44:28.772+0000] {logging_mixin.py:190} INFO - [2024-12-18T20:44:28.772+0000] {dag.py:4180} INFO - Setting next_dagrun for example_workday_timetable to 2021-01-01 00:00:00+00:00, run_after=2021-01-02 00:00:00+00:00
[2024-12-18T20:44:28.795+0000] {processor.py:208} INFO - Processing /home/ubuntu/demo8/lib/python3.12/site-packages/airflow/example_dags/example_workday_timetable.py took 0.080 seconds
[2024-12-18T20:45:21.855+0000] {processor.py:186} INFO - Started process (PID=5183) to work on /home/ubuntu/demo8/lib/python3.12/site-packages/airflow/example_dags/example_workday_timetable.py
[2024-12-18T20:45:21.856+0000] {processor.py:914} INFO - Processing file /home/ubuntu/demo8/lib/python3.12/site-packages/airflow/example_dags/example_workday_timetable.py for tasks to queue
[2024-12-18T20:45:21.859+0000] {logging_mixin.py:190} INFO - [2024-12-18T20:45:21.858+0000] {dagbag.py:588} INFO - Filling up the DagBag from /home/ubuntu/demo8/lib/python3.12/site-packages/airflow/example_dags/example_workday_timetable.py
[2024-12-18T20:45:21.866+0000] {processor.py:925} INFO - DAG(s) 'example_workday_timetable' retrieved from /home/ubuntu/demo8/lib/python3.12/site-packages/airflow/example_dags/example_workday_timetable.py
[2024-12-18T20:45:21.882+0000] {logging_mixin.py:190} INFO - [2024-12-18T20:45:21.882+0000] {dag.py:3239} INFO - Sync 1 DAGs
[2024-12-18T20:45:21.904+0000] {logging_mixin.py:190} INFO - [2024-12-18T20:45:21.904+0000] {dag.py:4180} INFO - Setting next_dagrun for example_workday_timetable to 2021-01-01 00:00:00+00:00, run_after=2021-01-02 00:00:00+00:00
[2024-12-18T20:45:21.928+0000] {processor.py:208} INFO - Processing /home/ubuntu/demo8/lib/python3.12/site-packages/airflow/example_dags/example_workday_timetable.py took 0.080 seconds
[2024-12-18T20:47:05.325+0000] {processor.py:186} INFO - Started process (PID=5754) to work on /home/ubuntu/demo8/lib/python3.12/site-packages/airflow/example_dags/example_workday_timetable.py
[2024-12-18T20:47:05.327+0000] {processor.py:914} INFO - Processing file /home/ubuntu/demo8/lib/python3.12/site-packages/airflow/example_dags/example_workday_timetable.py for tasks to queue
[2024-12-18T20:47:05.330+0000] {logging_mixin.py:190} INFO - [2024-12-18T20:47:05.329+0000] {dagbag.py:588} INFO - Filling up the DagBag from /home/ubuntu/demo8/lib/python3.12/site-packages/airflow/example_dags/example_workday_timetable.py
[2024-12-18T20:47:05.337+0000] {processor.py:925} INFO - DAG(s) 'example_workday_timetable' retrieved from /home/ubuntu/demo8/lib/python3.12/site-packages/airflow/example_dags/example_workday_timetable.py
[2024-12-18T20:47:05.373+0000] {logging_mixin.py:190} INFO - [2024-12-18T20:47:05.373+0000] {dag.py:3239} INFO - Sync 1 DAGs
[2024-12-18T20:47:05.459+0000] {logging_mixin.py:190} INFO - [2024-12-18T20:47:05.458+0000] {dag.py:4180} INFO - Setting next_dagrun for example_workday_timetable to 2021-01-04 00:00:00+00:00, run_after=2021-01-05 00:00:00+00:00
[2024-12-18T20:47:05.484+0000] {processor.py:208} INFO - Processing /home/ubuntu/demo8/lib/python3.12/site-packages/airflow/example_dags/example_workday_timetable.py took 0.164 seconds
[2024-12-18T20:48:03.891+0000] {processor.py:186} INFO - Started process (PID=5933) to work on /home/ubuntu/demo8/lib/python3.12/site-packages/airflow/example_dags/example_workday_timetable.py
[2024-12-18T20:48:03.893+0000] {processor.py:914} INFO - Processing file /home/ubuntu/demo8/lib/python3.12/site-packages/airflow/example_dags/example_workday_timetable.py for tasks to queue
[2024-12-18T20:48:03.896+0000] {logging_mixin.py:190} INFO - [2024-12-18T20:48:03.895+0000] {dagbag.py:588} INFO - Filling up the DagBag from /home/ubuntu/demo8/lib/python3.12/site-packages/airflow/example_dags/example_workday_timetable.py
[2024-12-18T20:48:03.902+0000] {processor.py:925} INFO - DAG(s) 'example_workday_timetable' retrieved from /home/ubuntu/demo8/lib/python3.12/site-packages/airflow/example_dags/example_workday_timetable.py
[2024-12-18T20:48:03.919+0000] {logging_mixin.py:190} INFO - [2024-12-18T20:48:03.919+0000] {dag.py:3239} INFO - Sync 1 DAGs
[2024-12-18T20:48:03.984+0000] {logging_mixin.py:190} INFO - [2024-12-18T20:48:03.984+0000] {dag.py:4180} INFO - Setting next_dagrun for example_workday_timetable to 2021-01-04 00:00:00+00:00, run_after=2021-01-05 00:00:00+00:00
[2024-12-18T20:48:04.008+0000] {processor.py:208} INFO - Processing /home/ubuntu/demo8/lib/python3.12/site-packages/airflow/example_dags/example_workday_timetable.py took 0.122 seconds
[2024-12-18T20:49:02.207+0000] {processor.py:186} INFO - Started process (PID=6415) to work on /home/ubuntu/demo8/lib/python3.12/site-packages/airflow/example_dags/example_workday_timetable.py
[2024-12-18T20:49:02.208+0000] {processor.py:914} INFO - Processing file /home/ubuntu/demo8/lib/python3.12/site-packages/airflow/example_dags/example_workday_timetable.py for tasks to queue
[2024-12-18T20:49:02.211+0000] {logging_mixin.py:190} INFO - [2024-12-18T20:49:02.211+0000] {dagbag.py:588} INFO - Filling up the DagBag from /home/ubuntu/demo8/lib/python3.12/site-packages/airflow/example_dags/example_workday_timetable.py
[2024-12-18T20:49:02.218+0000] {processor.py:925} INFO - DAG(s) 'example_workday_timetable' retrieved from /home/ubuntu/demo8/lib/python3.12/site-packages/airflow/example_dags/example_workday_timetable.py
[2024-12-18T20:49:02.235+0000] {logging_mixin.py:190} INFO - [2024-12-18T20:49:02.234+0000] {dag.py:3239} INFO - Sync 1 DAGs
[2024-12-18T20:49:02.316+0000] {logging_mixin.py:190} INFO - [2024-12-18T20:49:02.316+0000] {dag.py:4180} INFO - Setting next_dagrun for example_workday_timetable to 2021-01-04 00:00:00+00:00, run_after=2021-01-05 00:00:00+00:00
[2024-12-18T20:49:02.341+0000] {processor.py:208} INFO - Processing /home/ubuntu/demo8/lib/python3.12/site-packages/airflow/example_dags/example_workday_timetable.py took 0.140 seconds
[2024-12-18T20:49:54.749+0000] {processor.py:186} INFO - Started process (PID=6529) to work on /home/ubuntu/demo8/lib/python3.12/site-packages/airflow/example_dags/example_workday_timetable.py
[2024-12-18T20:49:54.750+0000] {processor.py:914} INFO - Processing file /home/ubuntu/demo8/lib/python3.12/site-packages/airflow/example_dags/example_workday_timetable.py for tasks to queue
[2024-12-18T20:49:54.753+0000] {logging_mixin.py:190} INFO - [2024-12-18T20:49:54.752+0000] {dagbag.py:588} INFO - Filling up the DagBag from /home/ubuntu/demo8/lib/python3.12/site-packages/airflow/example_dags/example_workday_timetable.py
[2024-12-18T20:49:54.760+0000] {processor.py:925} INFO - DAG(s) 'example_workday_timetable' retrieved from /home/ubuntu/demo8/lib/python3.12/site-packages/airflow/example_dags/example_workday_timetable.py
[2024-12-18T20:49:54.777+0000] {logging_mixin.py:190} INFO - [2024-12-18T20:49:54.776+0000] {dag.py:3239} INFO - Sync 1 DAGs
[2024-12-18T20:49:54.844+0000] {logging_mixin.py:190} INFO - [2024-12-18T20:49:54.844+0000] {dag.py:4180} INFO - Setting next_dagrun for example_workday_timetable to 2021-01-04 00:00:00+00:00, run_after=2021-01-05 00:00:00+00:00
[2024-12-18T20:49:54.870+0000] {processor.py:208} INFO - Processing /home/ubuntu/demo8/lib/python3.12/site-packages/airflow/example_dags/example_workday_timetable.py took 0.127 seconds
[2024-12-18T20:50:53.322+0000] {processor.py:186} INFO - Started process (PID=6858) to work on /home/ubuntu/demo8/lib/python3.12/site-packages/airflow/example_dags/example_workday_timetable.py
[2024-12-18T20:50:53.323+0000] {processor.py:914} INFO - Processing file /home/ubuntu/demo8/lib/python3.12/site-packages/airflow/example_dags/example_workday_timetable.py for tasks to queue
[2024-12-18T20:50:53.326+0000] {logging_mixin.py:190} INFO - [2024-12-18T20:50:53.325+0000] {dagbag.py:588} INFO - Filling up the DagBag from /home/ubuntu/demo8/lib/python3.12/site-packages/airflow/example_dags/example_workday_timetable.py
[2024-12-18T20:50:53.333+0000] {processor.py:925} INFO - DAG(s) 'example_workday_timetable' retrieved from /home/ubuntu/demo8/lib/python3.12/site-packages/airflow/example_dags/example_workday_timetable.py
[2024-12-18T20:50:53.350+0000] {logging_mixin.py:190} INFO - [2024-12-18T20:50:53.350+0000] {dag.py:3239} INFO - Sync 1 DAGs
[2024-12-18T20:50:53.421+0000] {logging_mixin.py:190} INFO - [2024-12-18T20:50:53.421+0000] {dag.py:4180} INFO - Setting next_dagrun for example_workday_timetable to 2021-01-04 00:00:00+00:00, run_after=2021-01-05 00:00:00+00:00
[2024-12-18T20:50:53.468+0000] {processor.py:208} INFO - Processing /home/ubuntu/demo8/lib/python3.12/site-packages/airflow/example_dags/example_workday_timetable.py took 0.153 seconds
