[2024-12-18T15:44:25.334+0000] {processor.py:186} INFO - Started process (PID=3651) to work on /home/ubuntu/demo8/lib/python3.12/site-packages/airflow/example_dags/example_trigger_controller_dag.py
[2024-12-18T15:44:25.335+0000] {processor.py:914} INFO - Processing file /home/ubuntu/demo8/lib/python3.12/site-packages/airflow/example_dags/example_trigger_controller_dag.py for tasks to queue
[2024-12-18T15:44:25.337+0000] {logging_mixin.py:190} INFO - [2024-12-18T15:44:25.337+0000] {dagbag.py:588} INFO - Filling up the DagBag from /home/ubuntu/demo8/lib/python3.12/site-packages/airflow/example_dags/example_trigger_controller_dag.py
[2024-12-18T15:44:25.345+0000] {processor.py:925} INFO - DAG(s) 'example_trigger_controller_dag' retrieved from /home/ubuntu/demo8/lib/python3.12/site-packages/airflow/example_dags/example_trigger_controller_dag.py
[2024-12-18T15:44:25.465+0000] {logging_mixin.py:190} INFO - [2024-12-18T15:44:25.464+0000] {override.py:1911} INFO - Created Permission View: can read on DAG:example_trigger_controller_dag
[2024-12-18T15:44:25.478+0000] {logging_mixin.py:190} INFO - [2024-12-18T15:44:25.477+0000] {override.py:1911} INFO - Created Permission View: can delete on DAG:example_trigger_controller_dag
[2024-12-18T15:44:25.487+0000] {logging_mixin.py:190} INFO - [2024-12-18T15:44:25.487+0000] {override.py:1911} INFO - Created Permission View: can edit on DAG:example_trigger_controller_dag
[2024-12-18T15:44:25.502+0000] {logging_mixin.py:190} INFO - [2024-12-18T15:44:25.501+0000] {override.py:1911} INFO - Created Permission View: can create on DAG Run:example_trigger_controller_dag
[2024-12-18T15:44:25.511+0000] {logging_mixin.py:190} INFO - [2024-12-18T15:44:25.511+0000] {override.py:1911} INFO - Created Permission View: can read on DAG Run:example_trigger_controller_dag
[2024-12-18T15:44:25.521+0000] {logging_mixin.py:190} INFO - [2024-12-18T15:44:25.521+0000] {override.py:1911} INFO - Created Permission View: menu access on DAG Run:example_trigger_controller_dag
[2024-12-18T15:44:25.530+0000] {logging_mixin.py:190} INFO - [2024-12-18T15:44:25.530+0000] {override.py:1911} INFO - Created Permission View: can delete on DAG Run:example_trigger_controller_dag
[2024-12-18T15:44:25.531+0000] {logging_mixin.py:190} INFO - [2024-12-18T15:44:25.530+0000] {dag.py:3239} INFO - Sync 1 DAGs
[2024-12-18T15:44:25.545+0000] {logging_mixin.py:190} INFO - [2024-12-18T15:44:25.545+0000] {dag.py:3262} INFO - Creating ORM DAG for example_trigger_controller_dag
[2024-12-18T15:44:25.554+0000] {logging_mixin.py:190} INFO - [2024-12-18T15:44:25.554+0000] {dag.py:4180} INFO - Setting next_dagrun for example_trigger_controller_dag to 2021-01-01 00:00:00+00:00, run_after=2021-01-01 00:00:00+00:00
[2024-12-18T15:44:25.576+0000] {processor.py:208} INFO - Processing /home/ubuntu/demo8/lib/python3.12/site-packages/airflow/example_dags/example_trigger_controller_dag.py took 0.247 seconds
[2024-12-18T15:45:32.780+0000] {processor.py:186} INFO - Started process (PID=3748) to work on /home/ubuntu/demo8/lib/python3.12/site-packages/airflow/example_dags/example_trigger_controller_dag.py
[2024-12-18T15:45:32.782+0000] {processor.py:914} INFO - Processing file /home/ubuntu/demo8/lib/python3.12/site-packages/airflow/example_dags/example_trigger_controller_dag.py for tasks to queue
[2024-12-18T15:45:32.784+0000] {logging_mixin.py:190} INFO - [2024-12-18T15:45:32.783+0000] {dagbag.py:588} INFO - Filling up the DagBag from /home/ubuntu/demo8/lib/python3.12/site-packages/airflow/example_dags/example_trigger_controller_dag.py
[2024-12-18T15:45:32.791+0000] {processor.py:925} INFO - DAG(s) 'example_trigger_controller_dag' retrieved from /home/ubuntu/demo8/lib/python3.12/site-packages/airflow/example_dags/example_trigger_controller_dag.py
[2024-12-18T15:45:32.807+0000] {logging_mixin.py:190} INFO - [2024-12-18T15:45:32.807+0000] {dag.py:3239} INFO - Sync 1 DAGs
[2024-12-18T15:45:32.828+0000] {logging_mixin.py:190} INFO - [2024-12-18T15:45:32.828+0000] {dag.py:4180} INFO - Setting next_dagrun for example_trigger_controller_dag to 2021-01-01 00:00:00+00:00, run_after=2021-01-01 00:00:00+00:00
[2024-12-18T15:45:32.863+0000] {processor.py:208} INFO - Processing /home/ubuntu/demo8/lib/python3.12/site-packages/airflow/example_dags/example_trigger_controller_dag.py took 0.089 seconds
[2024-12-18T15:46:30.675+0000] {processor.py:186} INFO - Started process (PID=3809) to work on /home/ubuntu/demo8/lib/python3.12/site-packages/airflow/example_dags/example_trigger_controller_dag.py
[2024-12-18T15:46:30.677+0000] {processor.py:914} INFO - Processing file /home/ubuntu/demo8/lib/python3.12/site-packages/airflow/example_dags/example_trigger_controller_dag.py for tasks to queue
[2024-12-18T15:46:30.682+0000] {logging_mixin.py:190} INFO - [2024-12-18T15:46:30.681+0000] {dagbag.py:588} INFO - Filling up the DagBag from /home/ubuntu/demo8/lib/python3.12/site-packages/airflow/example_dags/example_trigger_controller_dag.py
[2024-12-18T15:46:30.698+0000] {processor.py:925} INFO - DAG(s) 'example_trigger_controller_dag' retrieved from /home/ubuntu/demo8/lib/python3.12/site-packages/airflow/example_dags/example_trigger_controller_dag.py
[2024-12-18T15:46:30.713+0000] {logging_mixin.py:190} INFO - [2024-12-18T15:46:30.713+0000] {dag.py:3239} INFO - Sync 1 DAGs
[2024-12-18T15:46:30.734+0000] {logging_mixin.py:190} INFO - [2024-12-18T15:46:30.734+0000] {dag.py:4180} INFO - Setting next_dagrun for example_trigger_controller_dag to 2021-01-01 00:00:00+00:00, run_after=2021-01-01 00:00:00+00:00
[2024-12-18T15:46:30.756+0000] {processor.py:208} INFO - Processing /home/ubuntu/demo8/lib/python3.12/site-packages/airflow/example_dags/example_trigger_controller_dag.py took 0.087 seconds
[2024-12-18T15:47:25.845+0000] {processor.py:186} INFO - Started process (PID=4272) to work on /home/ubuntu/demo8/lib/python3.12/site-packages/airflow/example_dags/example_trigger_controller_dag.py
[2024-12-18T15:47:25.846+0000] {processor.py:914} INFO - Processing file /home/ubuntu/demo8/lib/python3.12/site-packages/airflow/example_dags/example_trigger_controller_dag.py for tasks to queue
[2024-12-18T15:47:25.849+0000] {logging_mixin.py:190} INFO - [2024-12-18T15:47:25.848+0000] {dagbag.py:588} INFO - Filling up the DagBag from /home/ubuntu/demo8/lib/python3.12/site-packages/airflow/example_dags/example_trigger_controller_dag.py
[2024-12-18T15:47:25.857+0000] {processor.py:925} INFO - DAG(s) 'example_trigger_controller_dag' retrieved from /home/ubuntu/demo8/lib/python3.12/site-packages/airflow/example_dags/example_trigger_controller_dag.py
[2024-12-18T15:47:25.873+0000] {logging_mixin.py:190} INFO - [2024-12-18T15:47:25.872+0000] {dag.py:3239} INFO - Sync 1 DAGs
[2024-12-18T15:47:25.894+0000] {logging_mixin.py:190} INFO - [2024-12-18T15:47:25.894+0000] {dag.py:4180} INFO - Setting next_dagrun for example_trigger_controller_dag to 2021-01-01 00:00:00+00:00, run_after=2021-01-01 00:00:00+00:00
[2024-12-18T15:47:25.918+0000] {processor.py:208} INFO - Processing /home/ubuntu/demo8/lib/python3.12/site-packages/airflow/example_dags/example_trigger_controller_dag.py took 0.079 seconds
[2024-12-18T15:48:20.348+0000] {processor.py:186} INFO - Started process (PID=4328) to work on /home/ubuntu/demo8/lib/python3.12/site-packages/airflow/example_dags/example_trigger_controller_dag.py
[2024-12-18T15:48:20.349+0000] {processor.py:914} INFO - Processing file /home/ubuntu/demo8/lib/python3.12/site-packages/airflow/example_dags/example_trigger_controller_dag.py for tasks to queue
[2024-12-18T15:48:20.352+0000] {logging_mixin.py:190} INFO - [2024-12-18T15:48:20.351+0000] {dagbag.py:588} INFO - Filling up the DagBag from /home/ubuntu/demo8/lib/python3.12/site-packages/airflow/example_dags/example_trigger_controller_dag.py
[2024-12-18T15:48:20.359+0000] {processor.py:925} INFO - DAG(s) 'example_trigger_controller_dag' retrieved from /home/ubuntu/demo8/lib/python3.12/site-packages/airflow/example_dags/example_trigger_controller_dag.py
[2024-12-18T15:48:20.375+0000] {logging_mixin.py:190} INFO - [2024-12-18T15:48:20.375+0000] {dag.py:3239} INFO - Sync 1 DAGs
[2024-12-18T15:48:20.397+0000] {logging_mixin.py:190} INFO - [2024-12-18T15:48:20.397+0000] {dag.py:4180} INFO - Setting next_dagrun for example_trigger_controller_dag to 2021-01-01 00:00:00+00:00, run_after=2021-01-01 00:00:00+00:00
[2024-12-18T15:48:20.419+0000] {processor.py:208} INFO - Processing /home/ubuntu/demo8/lib/python3.12/site-packages/airflow/example_dags/example_trigger_controller_dag.py took 0.077 seconds
[2024-12-18T15:49:15.074+0000] {processor.py:186} INFO - Started process (PID=4382) to work on /home/ubuntu/demo8/lib/python3.12/site-packages/airflow/example_dags/example_trigger_controller_dag.py
[2024-12-18T15:49:15.076+0000] {processor.py:914} INFO - Processing file /home/ubuntu/demo8/lib/python3.12/site-packages/airflow/example_dags/example_trigger_controller_dag.py for tasks to queue
[2024-12-18T15:49:15.078+0000] {logging_mixin.py:190} INFO - [2024-12-18T15:49:15.078+0000] {dagbag.py:588} INFO - Filling up the DagBag from /home/ubuntu/demo8/lib/python3.12/site-packages/airflow/example_dags/example_trigger_controller_dag.py
[2024-12-18T15:49:15.086+0000] {processor.py:925} INFO - DAG(s) 'example_trigger_controller_dag' retrieved from /home/ubuntu/demo8/lib/python3.12/site-packages/airflow/example_dags/example_trigger_controller_dag.py
[2024-12-18T15:49:15.102+0000] {logging_mixin.py:190} INFO - [2024-12-18T15:49:15.102+0000] {dag.py:3239} INFO - Sync 1 DAGs
[2024-12-18T15:49:15.243+0000] {logging_mixin.py:190} INFO - [2024-12-18T15:49:15.242+0000] {dag.py:4180} INFO - Setting next_dagrun for example_trigger_controller_dag to 2021-01-01 00:00:00+00:00, run_after=2021-01-01 00:00:00+00:00
[2024-12-18T15:49:15.269+0000] {processor.py:208} INFO - Processing /home/ubuntu/demo8/lib/python3.12/site-packages/airflow/example_dags/example_trigger_controller_dag.py took 0.201 seconds
[2024-12-18T15:50:18.944+0000] {processor.py:186} INFO - Started process (PID=4444) to work on /home/ubuntu/demo8/lib/python3.12/site-packages/airflow/example_dags/example_trigger_controller_dag.py
[2024-12-18T15:50:18.945+0000] {processor.py:914} INFO - Processing file /home/ubuntu/demo8/lib/python3.12/site-packages/airflow/example_dags/example_trigger_controller_dag.py for tasks to queue
[2024-12-18T15:50:18.948+0000] {logging_mixin.py:190} INFO - [2024-12-18T15:50:18.948+0000] {dagbag.py:588} INFO - Filling up the DagBag from /home/ubuntu/demo8/lib/python3.12/site-packages/airflow/example_dags/example_trigger_controller_dag.py
[2024-12-18T15:50:18.956+0000] {processor.py:925} INFO - DAG(s) 'example_trigger_controller_dag' retrieved from /home/ubuntu/demo8/lib/python3.12/site-packages/airflow/example_dags/example_trigger_controller_dag.py
[2024-12-18T15:50:18.972+0000] {logging_mixin.py:190} INFO - [2024-12-18T15:50:18.971+0000] {dag.py:3239} INFO - Sync 1 DAGs
[2024-12-18T15:50:18.993+0000] {logging_mixin.py:190} INFO - [2024-12-18T15:50:18.993+0000] {dag.py:4180} INFO - Setting next_dagrun for example_trigger_controller_dag to 2021-01-01 00:00:00+00:00, run_after=2021-01-01 00:00:00+00:00
[2024-12-18T15:50:19.015+0000] {processor.py:208} INFO - Processing /home/ubuntu/demo8/lib/python3.12/site-packages/airflow/example_dags/example_trigger_controller_dag.py took 0.077 seconds
[2024-12-18T15:51:14.044+0000] {processor.py:186} INFO - Started process (PID=4513) to work on /home/ubuntu/demo8/lib/python3.12/site-packages/airflow/example_dags/example_trigger_controller_dag.py
[2024-12-18T15:51:14.045+0000] {processor.py:914} INFO - Processing file /home/ubuntu/demo8/lib/python3.12/site-packages/airflow/example_dags/example_trigger_controller_dag.py for tasks to queue
[2024-12-18T15:51:14.048+0000] {logging_mixin.py:190} INFO - [2024-12-18T15:51:14.047+0000] {dagbag.py:588} INFO - Filling up the DagBag from /home/ubuntu/demo8/lib/python3.12/site-packages/airflow/example_dags/example_trigger_controller_dag.py
[2024-12-18T15:51:14.055+0000] {processor.py:925} INFO - DAG(s) 'example_trigger_controller_dag' retrieved from /home/ubuntu/demo8/lib/python3.12/site-packages/airflow/example_dags/example_trigger_controller_dag.py
[2024-12-18T15:51:14.071+0000] {logging_mixin.py:190} INFO - [2024-12-18T15:51:14.071+0000] {dag.py:3239} INFO - Sync 1 DAGs
[2024-12-18T15:51:14.094+0000] {logging_mixin.py:190} INFO - [2024-12-18T15:51:14.093+0000] {dag.py:4180} INFO - Setting next_dagrun for example_trigger_controller_dag to 2021-01-01 00:00:00+00:00, run_after=2021-01-01 00:00:00+00:00
[2024-12-18T15:51:14.115+0000] {processor.py:208} INFO - Processing /home/ubuntu/demo8/lib/python3.12/site-packages/airflow/example_dags/example_trigger_controller_dag.py took 0.078 seconds
[2024-12-18T15:52:05.632+0000] {processor.py:186} INFO - Started process (PID=4567) to work on /home/ubuntu/demo8/lib/python3.12/site-packages/airflow/example_dags/example_trigger_controller_dag.py
[2024-12-18T15:52:05.634+0000] {processor.py:914} INFO - Processing file /home/ubuntu/demo8/lib/python3.12/site-packages/airflow/example_dags/example_trigger_controller_dag.py for tasks to queue
[2024-12-18T15:52:05.637+0000] {logging_mixin.py:190} INFO - [2024-12-18T15:52:05.636+0000] {dagbag.py:588} INFO - Filling up the DagBag from /home/ubuntu/demo8/lib/python3.12/site-packages/airflow/example_dags/example_trigger_controller_dag.py
[2024-12-18T15:52:05.645+0000] {processor.py:925} INFO - DAG(s) 'example_trigger_controller_dag' retrieved from /home/ubuntu/demo8/lib/python3.12/site-packages/airflow/example_dags/example_trigger_controller_dag.py
[2024-12-18T15:52:05.663+0000] {logging_mixin.py:190} INFO - [2024-12-18T15:52:05.663+0000] {dag.py:3239} INFO - Sync 1 DAGs
[2024-12-18T15:52:05.685+0000] {logging_mixin.py:190} INFO - [2024-12-18T15:52:05.685+0000] {dag.py:4180} INFO - Setting next_dagrun for example_trigger_controller_dag to 2021-01-01 00:00:00+00:00, run_after=2021-01-01 00:00:00+00:00
[2024-12-18T15:52:05.707+0000] {processor.py:208} INFO - Processing /home/ubuntu/demo8/lib/python3.12/site-packages/airflow/example_dags/example_trigger_controller_dag.py took 0.081 seconds
[2024-12-18T15:53:00.886+0000] {processor.py:186} INFO - Started process (PID=4625) to work on /home/ubuntu/demo8/lib/python3.12/site-packages/airflow/example_dags/example_trigger_controller_dag.py
[2024-12-18T15:53:00.887+0000] {processor.py:914} INFO - Processing file /home/ubuntu/demo8/lib/python3.12/site-packages/airflow/example_dags/example_trigger_controller_dag.py for tasks to queue
[2024-12-18T15:53:00.890+0000] {logging_mixin.py:190} INFO - [2024-12-18T15:53:00.889+0000] {dagbag.py:588} INFO - Filling up the DagBag from /home/ubuntu/demo8/lib/python3.12/site-packages/airflow/example_dags/example_trigger_controller_dag.py
[2024-12-18T15:53:00.897+0000] {processor.py:925} INFO - DAG(s) 'example_trigger_controller_dag' retrieved from /home/ubuntu/demo8/lib/python3.12/site-packages/airflow/example_dags/example_trigger_controller_dag.py
[2024-12-18T15:53:00.913+0000] {logging_mixin.py:190} INFO - [2024-12-18T15:53:00.913+0000] {dag.py:3239} INFO - Sync 1 DAGs
[2024-12-18T15:53:00.935+0000] {logging_mixin.py:190} INFO - [2024-12-18T15:53:00.935+0000] {dag.py:4180} INFO - Setting next_dagrun for example_trigger_controller_dag to 2021-01-01 00:00:00+00:00, run_after=2021-01-01 00:00:00+00:00
[2024-12-18T15:53:00.957+0000] {processor.py:208} INFO - Processing /home/ubuntu/demo8/lib/python3.12/site-packages/airflow/example_dags/example_trigger_controller_dag.py took 0.077 seconds
[2024-12-18T15:53:55.656+0000] {processor.py:186} INFO - Started process (PID=4691) to work on /home/ubuntu/demo8/lib/python3.12/site-packages/airflow/example_dags/example_trigger_controller_dag.py
[2024-12-18T15:53:55.658+0000] {processor.py:914} INFO - Processing file /home/ubuntu/demo8/lib/python3.12/site-packages/airflow/example_dags/example_trigger_controller_dag.py for tasks to queue
[2024-12-18T15:53:55.661+0000] {logging_mixin.py:190} INFO - [2024-12-18T15:53:55.660+0000] {dagbag.py:588} INFO - Filling up the DagBag from /home/ubuntu/demo8/lib/python3.12/site-packages/airflow/example_dags/example_trigger_controller_dag.py
[2024-12-18T15:53:55.669+0000] {processor.py:925} INFO - DAG(s) 'example_trigger_controller_dag' retrieved from /home/ubuntu/demo8/lib/python3.12/site-packages/airflow/example_dags/example_trigger_controller_dag.py
[2024-12-18T15:53:55.685+0000] {logging_mixin.py:190} INFO - [2024-12-18T15:53:55.684+0000] {dag.py:3239} INFO - Sync 1 DAGs
[2024-12-18T15:53:55.707+0000] {logging_mixin.py:190} INFO - [2024-12-18T15:53:55.707+0000] {dag.py:4180} INFO - Setting next_dagrun for example_trigger_controller_dag to 2021-01-01 00:00:00+00:00, run_after=2021-01-01 00:00:00+00:00
[2024-12-18T15:53:55.757+0000] {processor.py:208} INFO - Processing /home/ubuntu/demo8/lib/python3.12/site-packages/airflow/example_dags/example_trigger_controller_dag.py took 0.107 seconds
[2024-12-18T15:54:40.743+0000] {processor.py:186} INFO - Started process (PID=4752) to work on /home/ubuntu/demo8/lib/python3.12/site-packages/airflow/example_dags/example_trigger_controller_dag.py
[2024-12-18T15:54:40.744+0000] {processor.py:914} INFO - Processing file /home/ubuntu/demo8/lib/python3.12/site-packages/airflow/example_dags/example_trigger_controller_dag.py for tasks to queue
[2024-12-18T15:54:40.746+0000] {logging_mixin.py:190} INFO - [2024-12-18T15:54:40.746+0000] {dagbag.py:588} INFO - Filling up the DagBag from /home/ubuntu/demo8/lib/python3.12/site-packages/airflow/example_dags/example_trigger_controller_dag.py
[2024-12-18T15:54:40.754+0000] {processor.py:925} INFO - DAG(s) 'example_trigger_controller_dag' retrieved from /home/ubuntu/demo8/lib/python3.12/site-packages/airflow/example_dags/example_trigger_controller_dag.py
[2024-12-18T15:54:40.772+0000] {logging_mixin.py:190} INFO - [2024-12-18T15:54:40.771+0000] {dag.py:3239} INFO - Sync 1 DAGs
[2024-12-18T15:54:40.794+0000] {logging_mixin.py:190} INFO - [2024-12-18T15:54:40.794+0000] {dag.py:4180} INFO - Setting next_dagrun for example_trigger_controller_dag to 2021-01-01 00:00:00+00:00, run_after=2021-01-01 00:00:00+00:00
[2024-12-18T15:54:40.823+0000] {processor.py:208} INFO - Processing /home/ubuntu/demo8/lib/python3.12/site-packages/airflow/example_dags/example_trigger_controller_dag.py took 0.086 seconds
[2024-12-18T15:55:37.698+0000] {processor.py:186} INFO - Started process (PID=4815) to work on /home/ubuntu/demo8/lib/python3.12/site-packages/airflow/example_dags/example_trigger_controller_dag.py
[2024-12-18T15:55:37.699+0000] {processor.py:914} INFO - Processing file /home/ubuntu/demo8/lib/python3.12/site-packages/airflow/example_dags/example_trigger_controller_dag.py for tasks to queue
[2024-12-18T15:55:37.702+0000] {logging_mixin.py:190} INFO - [2024-12-18T15:55:37.701+0000] {dagbag.py:588} INFO - Filling up the DagBag from /home/ubuntu/demo8/lib/python3.12/site-packages/airflow/example_dags/example_trigger_controller_dag.py
[2024-12-18T15:55:37.710+0000] {processor.py:925} INFO - DAG(s) 'example_trigger_controller_dag' retrieved from /home/ubuntu/demo8/lib/python3.12/site-packages/airflow/example_dags/example_trigger_controller_dag.py
[2024-12-18T15:55:37.727+0000] {logging_mixin.py:190} INFO - [2024-12-18T15:55:37.726+0000] {dag.py:3239} INFO - Sync 1 DAGs
[2024-12-18T15:55:37.750+0000] {logging_mixin.py:190} INFO - [2024-12-18T15:55:37.750+0000] {dag.py:4180} INFO - Setting next_dagrun for example_trigger_controller_dag to 2021-01-01 00:00:00+00:00, run_after=2021-01-01 00:00:00+00:00
[2024-12-18T15:55:37.774+0000] {processor.py:208} INFO - Processing /home/ubuntu/demo8/lib/python3.12/site-packages/airflow/example_dags/example_trigger_controller_dag.py took 0.083 seconds
[2024-12-18T15:56:30.444+0000] {processor.py:186} INFO - Started process (PID=4870) to work on /home/ubuntu/demo8/lib/python3.12/site-packages/airflow/example_dags/example_trigger_controller_dag.py
[2024-12-18T15:56:30.445+0000] {processor.py:914} INFO - Processing file /home/ubuntu/demo8/lib/python3.12/site-packages/airflow/example_dags/example_trigger_controller_dag.py for tasks to queue
[2024-12-18T15:56:30.448+0000] {logging_mixin.py:190} INFO - [2024-12-18T15:56:30.448+0000] {dagbag.py:588} INFO - Filling up the DagBag from /home/ubuntu/demo8/lib/python3.12/site-packages/airflow/example_dags/example_trigger_controller_dag.py
[2024-12-18T15:56:30.456+0000] {processor.py:925} INFO - DAG(s) 'example_trigger_controller_dag' retrieved from /home/ubuntu/demo8/lib/python3.12/site-packages/airflow/example_dags/example_trigger_controller_dag.py
[2024-12-18T15:56:30.471+0000] {logging_mixin.py:190} INFO - [2024-12-18T15:56:30.471+0000] {dag.py:3239} INFO - Sync 1 DAGs
[2024-12-18T15:56:30.492+0000] {logging_mixin.py:190} INFO - [2024-12-18T15:56:30.491+0000] {dag.py:4180} INFO - Setting next_dagrun for example_trigger_controller_dag to 2021-01-01 00:00:00+00:00, run_after=2021-01-01 00:00:00+00:00
[2024-12-18T15:56:30.515+0000] {processor.py:208} INFO - Processing /home/ubuntu/demo8/lib/python3.12/site-packages/airflow/example_dags/example_trigger_controller_dag.py took 0.076 seconds
[2024-12-18T15:57:08.361+0000] {processor.py:186} INFO - Started process (PID=4902) to work on /home/ubuntu/demo8/lib/python3.12/site-packages/airflow/example_dags/example_trigger_controller_dag.py
[2024-12-18T15:57:08.362+0000] {processor.py:914} INFO - Processing file /home/ubuntu/demo8/lib/python3.12/site-packages/airflow/example_dags/example_trigger_controller_dag.py for tasks to queue
[2024-12-18T15:57:08.364+0000] {logging_mixin.py:190} INFO - [2024-12-18T15:57:08.364+0000] {dagbag.py:588} INFO - Filling up the DagBag from /home/ubuntu/demo8/lib/python3.12/site-packages/airflow/example_dags/example_trigger_controller_dag.py
[2024-12-18T15:57:08.372+0000] {processor.py:925} INFO - DAG(s) 'example_trigger_controller_dag' retrieved from /home/ubuntu/demo8/lib/python3.12/site-packages/airflow/example_dags/example_trigger_controller_dag.py
[2024-12-18T15:57:08.390+0000] {logging_mixin.py:190} INFO - [2024-12-18T15:57:08.390+0000] {dag.py:3239} INFO - Sync 1 DAGs
[2024-12-18T15:57:08.413+0000] {logging_mixin.py:190} INFO - [2024-12-18T15:57:08.413+0000] {dag.py:4180} INFO - Setting next_dagrun for example_trigger_controller_dag to 2021-01-01 00:00:00+00:00, run_after=2021-01-01 00:00:00+00:00
[2024-12-18T15:57:08.436+0000] {processor.py:208} INFO - Processing /home/ubuntu/demo8/lib/python3.12/site-packages/airflow/example_dags/example_trigger_controller_dag.py took 0.080 seconds
[2024-12-18T15:58:05.143+0000] {processor.py:186} INFO - Started process (PID=4960) to work on /home/ubuntu/demo8/lib/python3.12/site-packages/airflow/example_dags/example_trigger_controller_dag.py
[2024-12-18T15:58:05.144+0000] {processor.py:914} INFO - Processing file /home/ubuntu/demo8/lib/python3.12/site-packages/airflow/example_dags/example_trigger_controller_dag.py for tasks to queue
[2024-12-18T15:58:05.146+0000] {logging_mixin.py:190} INFO - [2024-12-18T15:58:05.146+0000] {dagbag.py:588} INFO - Filling up the DagBag from /home/ubuntu/demo8/lib/python3.12/site-packages/airflow/example_dags/example_trigger_controller_dag.py
[2024-12-18T15:58:05.154+0000] {processor.py:925} INFO - DAG(s) 'example_trigger_controller_dag' retrieved from /home/ubuntu/demo8/lib/python3.12/site-packages/airflow/example_dags/example_trigger_controller_dag.py
[2024-12-18T15:58:05.169+0000] {logging_mixin.py:190} INFO - [2024-12-18T15:58:05.169+0000] {dag.py:3239} INFO - Sync 1 DAGs
[2024-12-18T15:58:05.191+0000] {logging_mixin.py:190} INFO - [2024-12-18T15:58:05.191+0000] {dag.py:4180} INFO - Setting next_dagrun for example_trigger_controller_dag to 2021-01-01 00:00:00+00:00, run_after=2021-01-01 00:00:00+00:00
[2024-12-18T15:58:05.212+0000] {processor.py:208} INFO - Processing /home/ubuntu/demo8/lib/python3.12/site-packages/airflow/example_dags/example_trigger_controller_dag.py took 0.076 seconds
[2024-12-18T15:58:57.954+0000] {processor.py:186} INFO - Started process (PID=5015) to work on /home/ubuntu/demo8/lib/python3.12/site-packages/airflow/example_dags/example_trigger_controller_dag.py
[2024-12-18T15:58:57.956+0000] {processor.py:914} INFO - Processing file /home/ubuntu/demo8/lib/python3.12/site-packages/airflow/example_dags/example_trigger_controller_dag.py for tasks to queue
[2024-12-18T15:58:57.958+0000] {logging_mixin.py:190} INFO - [2024-12-18T15:58:57.958+0000] {dagbag.py:588} INFO - Filling up the DagBag from /home/ubuntu/demo8/lib/python3.12/site-packages/airflow/example_dags/example_trigger_controller_dag.py
[2024-12-18T15:58:57.966+0000] {processor.py:925} INFO - DAG(s) 'example_trigger_controller_dag' retrieved from /home/ubuntu/demo8/lib/python3.12/site-packages/airflow/example_dags/example_trigger_controller_dag.py
[2024-12-18T15:58:57.982+0000] {logging_mixin.py:190} INFO - [2024-12-18T15:58:57.981+0000] {dag.py:3239} INFO - Sync 1 DAGs
[2024-12-18T15:58:58.003+0000] {logging_mixin.py:190} INFO - [2024-12-18T15:58:58.003+0000] {dag.py:4180} INFO - Setting next_dagrun for example_trigger_controller_dag to 2021-01-01 00:00:00+00:00, run_after=2021-01-01 00:00:00+00:00
[2024-12-18T15:58:58.026+0000] {processor.py:208} INFO - Processing /home/ubuntu/demo8/lib/python3.12/site-packages/airflow/example_dags/example_trigger_controller_dag.py took 0.078 seconds
[2024-12-18T16:00:07.175+0000] {processor.py:186} INFO - Started process (PID=5083) to work on /home/ubuntu/demo8/lib/python3.12/site-packages/airflow/example_dags/example_trigger_controller_dag.py
[2024-12-18T16:00:07.176+0000] {processor.py:914} INFO - Processing file /home/ubuntu/demo8/lib/python3.12/site-packages/airflow/example_dags/example_trigger_controller_dag.py for tasks to queue
[2024-12-18T16:00:07.178+0000] {logging_mixin.py:190} INFO - [2024-12-18T16:00:07.178+0000] {dagbag.py:588} INFO - Filling up the DagBag from /home/ubuntu/demo8/lib/python3.12/site-packages/airflow/example_dags/example_trigger_controller_dag.py
[2024-12-18T16:00:07.186+0000] {processor.py:925} INFO - DAG(s) 'example_trigger_controller_dag' retrieved from /home/ubuntu/demo8/lib/python3.12/site-packages/airflow/example_dags/example_trigger_controller_dag.py
[2024-12-18T16:00:07.204+0000] {logging_mixin.py:190} INFO - [2024-12-18T16:00:07.203+0000] {dag.py:3239} INFO - Sync 1 DAGs
[2024-12-18T16:00:07.226+0000] {logging_mixin.py:190} INFO - [2024-12-18T16:00:07.226+0000] {dag.py:4180} INFO - Setting next_dagrun for example_trigger_controller_dag to 2021-01-01 00:00:00+00:00, run_after=2021-01-01 00:00:00+00:00
[2024-12-18T16:00:07.248+0000] {processor.py:208} INFO - Processing /home/ubuntu/demo8/lib/python3.12/site-packages/airflow/example_dags/example_trigger_controller_dag.py took 0.079 seconds
[2024-12-18T16:01:03.977+0000] {processor.py:186} INFO - Started process (PID=5145) to work on /home/ubuntu/demo8/lib/python3.12/site-packages/airflow/example_dags/example_trigger_controller_dag.py
[2024-12-18T16:01:03.980+0000] {processor.py:914} INFO - Processing file /home/ubuntu/demo8/lib/python3.12/site-packages/airflow/example_dags/example_trigger_controller_dag.py for tasks to queue
[2024-12-18T16:01:03.982+0000] {logging_mixin.py:190} INFO - [2024-12-18T16:01:03.981+0000] {dagbag.py:588} INFO - Filling up the DagBag from /home/ubuntu/demo8/lib/python3.12/site-packages/airflow/example_dags/example_trigger_controller_dag.py
[2024-12-18T16:01:03.989+0000] {processor.py:925} INFO - DAG(s) 'example_trigger_controller_dag' retrieved from /home/ubuntu/demo8/lib/python3.12/site-packages/airflow/example_dags/example_trigger_controller_dag.py
[2024-12-18T16:01:04.005+0000] {logging_mixin.py:190} INFO - [2024-12-18T16:01:04.005+0000] {dag.py:3239} INFO - Sync 1 DAGs
[2024-12-18T16:01:04.027+0000] {logging_mixin.py:190} INFO - [2024-12-18T16:01:04.026+0000] {dag.py:4180} INFO - Setting next_dagrun for example_trigger_controller_dag to 2021-01-01 00:00:00+00:00, run_after=2021-01-01 00:00:00+00:00
[2024-12-18T16:01:04.049+0000] {processor.py:208} INFO - Processing /home/ubuntu/demo8/lib/python3.12/site-packages/airflow/example_dags/example_trigger_controller_dag.py took 0.078 seconds
[2024-12-18T16:01:56.686+0000] {processor.py:186} INFO - Started process (PID=5201) to work on /home/ubuntu/demo8/lib/python3.12/site-packages/airflow/example_dags/example_trigger_controller_dag.py
[2024-12-18T16:01:56.688+0000] {processor.py:914} INFO - Processing file /home/ubuntu/demo8/lib/python3.12/site-packages/airflow/example_dags/example_trigger_controller_dag.py for tasks to queue
[2024-12-18T16:01:56.690+0000] {logging_mixin.py:190} INFO - [2024-12-18T16:01:56.690+0000] {dagbag.py:588} INFO - Filling up the DagBag from /home/ubuntu/demo8/lib/python3.12/site-packages/airflow/example_dags/example_trigger_controller_dag.py
[2024-12-18T16:01:56.698+0000] {processor.py:925} INFO - DAG(s) 'example_trigger_controller_dag' retrieved from /home/ubuntu/demo8/lib/python3.12/site-packages/airflow/example_dags/example_trigger_controller_dag.py
[2024-12-18T16:01:56.714+0000] {logging_mixin.py:190} INFO - [2024-12-18T16:01:56.714+0000] {dag.py:3239} INFO - Sync 1 DAGs
[2024-12-18T16:01:56.737+0000] {logging_mixin.py:190} INFO - [2024-12-18T16:01:56.736+0000] {dag.py:4180} INFO - Setting next_dagrun for example_trigger_controller_dag to 2021-01-01 00:00:00+00:00, run_after=2021-01-01 00:00:00+00:00
[2024-12-18T16:01:56.762+0000] {processor.py:208} INFO - Processing /home/ubuntu/demo8/lib/python3.12/site-packages/airflow/example_dags/example_trigger_controller_dag.py took 0.082 seconds
[2024-12-18T16:02:50.216+0000] {processor.py:186} INFO - Started process (PID=5256) to work on /home/ubuntu/demo8/lib/python3.12/site-packages/airflow/example_dags/example_trigger_controller_dag.py
[2024-12-18T16:02:50.218+0000] {processor.py:914} INFO - Processing file /home/ubuntu/demo8/lib/python3.12/site-packages/airflow/example_dags/example_trigger_controller_dag.py for tasks to queue
[2024-12-18T16:02:50.220+0000] {logging_mixin.py:190} INFO - [2024-12-18T16:02:50.220+0000] {dagbag.py:588} INFO - Filling up the DagBag from /home/ubuntu/demo8/lib/python3.12/site-packages/airflow/example_dags/example_trigger_controller_dag.py
[2024-12-18T16:02:50.228+0000] {processor.py:925} INFO - DAG(s) 'example_trigger_controller_dag' retrieved from /home/ubuntu/demo8/lib/python3.12/site-packages/airflow/example_dags/example_trigger_controller_dag.py
[2024-12-18T16:02:50.244+0000] {logging_mixin.py:190} INFO - [2024-12-18T16:02:50.244+0000] {dag.py:3239} INFO - Sync 1 DAGs
[2024-12-18T16:02:50.266+0000] {logging_mixin.py:190} INFO - [2024-12-18T16:02:50.266+0000] {dag.py:4180} INFO - Setting next_dagrun for example_trigger_controller_dag to 2021-01-01 00:00:00+00:00, run_after=2021-01-01 00:00:00+00:00
[2024-12-18T16:02:50.289+0000] {processor.py:208} INFO - Processing /home/ubuntu/demo8/lib/python3.12/site-packages/airflow/example_dags/example_trigger_controller_dag.py took 0.079 seconds
[2024-12-18T16:03:45.159+0000] {processor.py:186} INFO - Started process (PID=5311) to work on /home/ubuntu/demo8/lib/python3.12/site-packages/airflow/example_dags/example_trigger_controller_dag.py
[2024-12-18T16:03:45.161+0000] {processor.py:914} INFO - Processing file /home/ubuntu/demo8/lib/python3.12/site-packages/airflow/example_dags/example_trigger_controller_dag.py for tasks to queue
[2024-12-18T16:03:45.163+0000] {logging_mixin.py:190} INFO - [2024-12-18T16:03:45.163+0000] {dagbag.py:588} INFO - Filling up the DagBag from /home/ubuntu/demo8/lib/python3.12/site-packages/airflow/example_dags/example_trigger_controller_dag.py
[2024-12-18T16:03:45.171+0000] {processor.py:925} INFO - DAG(s) 'example_trigger_controller_dag' retrieved from /home/ubuntu/demo8/lib/python3.12/site-packages/airflow/example_dags/example_trigger_controller_dag.py
[2024-12-18T16:03:45.187+0000] {logging_mixin.py:190} INFO - [2024-12-18T16:03:45.187+0000] {dag.py:3239} INFO - Sync 1 DAGs
[2024-12-18T16:03:45.209+0000] {logging_mixin.py:190} INFO - [2024-12-18T16:03:45.209+0000] {dag.py:4180} INFO - Setting next_dagrun for example_trigger_controller_dag to 2021-01-01 00:00:00+00:00, run_after=2021-01-01 00:00:00+00:00
[2024-12-18T16:03:45.231+0000] {processor.py:208} INFO - Processing /home/ubuntu/demo8/lib/python3.12/site-packages/airflow/example_dags/example_trigger_controller_dag.py took 0.078 seconds
[2024-12-18T20:29:32.941+0000] {processor.py:186} INFO - Started process (PID=2738) to work on /home/ubuntu/demo8/lib/python3.12/site-packages/airflow/example_dags/example_trigger_controller_dag.py
[2024-12-18T20:29:32.943+0000] {processor.py:914} INFO - Processing file /home/ubuntu/demo8/lib/python3.12/site-packages/airflow/example_dags/example_trigger_controller_dag.py for tasks to queue
[2024-12-18T20:29:32.946+0000] {logging_mixin.py:190} INFO - [2024-12-18T20:29:32.945+0000] {dagbag.py:588} INFO - Filling up the DagBag from /home/ubuntu/demo8/lib/python3.12/site-packages/airflow/example_dags/example_trigger_controller_dag.py
[2024-12-18T20:29:32.954+0000] {processor.py:925} INFO - DAG(s) 'example_trigger_controller_dag' retrieved from /home/ubuntu/demo8/lib/python3.12/site-packages/airflow/example_dags/example_trigger_controller_dag.py
[2024-12-18T20:29:32.973+0000] {logging_mixin.py:190} INFO - [2024-12-18T20:29:32.973+0000] {dag.py:3239} INFO - Sync 1 DAGs
[2024-12-18T20:29:32.997+0000] {logging_mixin.py:190} INFO - [2024-12-18T20:29:32.996+0000] {dag.py:4180} INFO - Setting next_dagrun for example_trigger_controller_dag to 2021-01-01 00:00:00+00:00, run_after=2021-01-01 00:00:00+00:00
[2024-12-18T20:29:33.021+0000] {processor.py:208} INFO - Processing /home/ubuntu/demo8/lib/python3.12/site-packages/airflow/example_dags/example_trigger_controller_dag.py took 0.086 seconds
[2024-12-18T20:30:30.723+0000] {processor.py:186} INFO - Started process (PID=2922) to work on /home/ubuntu/demo8/lib/python3.12/site-packages/airflow/example_dags/example_trigger_controller_dag.py
[2024-12-18T20:30:30.725+0000] {processor.py:914} INFO - Processing file /home/ubuntu/demo8/lib/python3.12/site-packages/airflow/example_dags/example_trigger_controller_dag.py for tasks to queue
[2024-12-18T20:30:30.727+0000] {logging_mixin.py:190} INFO - [2024-12-18T20:30:30.727+0000] {dagbag.py:588} INFO - Filling up the DagBag from /home/ubuntu/demo8/lib/python3.12/site-packages/airflow/example_dags/example_trigger_controller_dag.py
[2024-12-18T20:30:30.737+0000] {processor.py:925} INFO - DAG(s) 'example_trigger_controller_dag' retrieved from /home/ubuntu/demo8/lib/python3.12/site-packages/airflow/example_dags/example_trigger_controller_dag.py
[2024-12-18T20:30:30.754+0000] {logging_mixin.py:190} INFO - [2024-12-18T20:30:30.753+0000] {dag.py:3239} INFO - Sync 1 DAGs
[2024-12-18T20:30:30.777+0000] {logging_mixin.py:190} INFO - [2024-12-18T20:30:30.777+0000] {dag.py:4180} INFO - Setting next_dagrun for example_trigger_controller_dag to 2021-01-01 00:00:00+00:00, run_after=2021-01-01 00:00:00+00:00
[2024-12-18T20:30:30.800+0000] {processor.py:208} INFO - Processing /home/ubuntu/demo8/lib/python3.12/site-packages/airflow/example_dags/example_trigger_controller_dag.py took 0.084 seconds
[2024-12-18T20:31:26.587+0000] {processor.py:186} INFO - Started process (PID=3137) to work on /home/ubuntu/demo8/lib/python3.12/site-packages/airflow/example_dags/example_trigger_controller_dag.py
[2024-12-18T20:31:26.589+0000] {processor.py:914} INFO - Processing file /home/ubuntu/demo8/lib/python3.12/site-packages/airflow/example_dags/example_trigger_controller_dag.py for tasks to queue
[2024-12-18T20:31:26.593+0000] {logging_mixin.py:190} INFO - [2024-12-18T20:31:26.592+0000] {dagbag.py:588} INFO - Filling up the DagBag from /home/ubuntu/demo8/lib/python3.12/site-packages/airflow/example_dags/example_trigger_controller_dag.py
[2024-12-18T20:31:26.600+0000] {processor.py:925} INFO - DAG(s) 'example_trigger_controller_dag' retrieved from /home/ubuntu/demo8/lib/python3.12/site-packages/airflow/example_dags/example_trigger_controller_dag.py
[2024-12-18T20:31:26.616+0000] {logging_mixin.py:190} INFO - [2024-12-18T20:31:26.616+0000] {dag.py:3239} INFO - Sync 1 DAGs
[2024-12-18T20:31:26.638+0000] {logging_mixin.py:190} INFO - [2024-12-18T20:31:26.638+0000] {dag.py:4180} INFO - Setting next_dagrun for example_trigger_controller_dag to 2021-01-01 00:00:00+00:00, run_after=2021-01-01 00:00:00+00:00
[2024-12-18T20:31:26.662+0000] {processor.py:208} INFO - Processing /home/ubuntu/demo8/lib/python3.12/site-packages/airflow/example_dags/example_trigger_controller_dag.py took 0.081 seconds
[2024-12-18T20:32:21.162+0000] {processor.py:186} INFO - Started process (PID=3328) to work on /home/ubuntu/demo8/lib/python3.12/site-packages/airflow/example_dags/example_trigger_controller_dag.py
[2024-12-18T20:32:21.164+0000] {processor.py:914} INFO - Processing file /home/ubuntu/demo8/lib/python3.12/site-packages/airflow/example_dags/example_trigger_controller_dag.py for tasks to queue
[2024-12-18T20:32:21.167+0000] {logging_mixin.py:190} INFO - [2024-12-18T20:32:21.166+0000] {dagbag.py:588} INFO - Filling up the DagBag from /home/ubuntu/demo8/lib/python3.12/site-packages/airflow/example_dags/example_trigger_controller_dag.py
[2024-12-18T20:32:21.175+0000] {processor.py:925} INFO - DAG(s) 'example_trigger_controller_dag' retrieved from /home/ubuntu/demo8/lib/python3.12/site-packages/airflow/example_dags/example_trigger_controller_dag.py
[2024-12-18T20:32:21.191+0000] {logging_mixin.py:190} INFO - [2024-12-18T20:32:21.191+0000] {dag.py:3239} INFO - Sync 1 DAGs
[2024-12-18T20:32:21.213+0000] {logging_mixin.py:190} INFO - [2024-12-18T20:32:21.212+0000] {dag.py:4180} INFO - Setting next_dagrun for example_trigger_controller_dag to 2021-01-01 00:00:00+00:00, run_after=2021-01-01 00:00:00+00:00
[2024-12-18T20:32:21.236+0000] {processor.py:208} INFO - Processing /home/ubuntu/demo8/lib/python3.12/site-packages/airflow/example_dags/example_trigger_controller_dag.py took 0.080 seconds
[2024-12-18T20:33:17.332+0000] {processor.py:186} INFO - Started process (PID=3508) to work on /home/ubuntu/demo8/lib/python3.12/site-packages/airflow/example_dags/example_trigger_controller_dag.py
[2024-12-18T20:33:17.334+0000] {processor.py:914} INFO - Processing file /home/ubuntu/demo8/lib/python3.12/site-packages/airflow/example_dags/example_trigger_controller_dag.py for tasks to queue
[2024-12-18T20:33:17.336+0000] {logging_mixin.py:190} INFO - [2024-12-18T20:33:17.336+0000] {dagbag.py:588} INFO - Filling up the DagBag from /home/ubuntu/demo8/lib/python3.12/site-packages/airflow/example_dags/example_trigger_controller_dag.py
[2024-12-18T20:33:17.344+0000] {processor.py:925} INFO - DAG(s) 'example_trigger_controller_dag' retrieved from /home/ubuntu/demo8/lib/python3.12/site-packages/airflow/example_dags/example_trigger_controller_dag.py
[2024-12-18T20:33:17.360+0000] {logging_mixin.py:190} INFO - [2024-12-18T20:33:17.360+0000] {dag.py:3239} INFO - Sync 1 DAGs
[2024-12-18T20:33:17.381+0000] {logging_mixin.py:190} INFO - [2024-12-18T20:33:17.381+0000] {dag.py:4180} INFO - Setting next_dagrun for example_trigger_controller_dag to 2021-01-01 00:00:00+00:00, run_after=2021-01-01 00:00:00+00:00
[2024-12-18T20:33:17.404+0000] {processor.py:208} INFO - Processing /home/ubuntu/demo8/lib/python3.12/site-packages/airflow/example_dags/example_trigger_controller_dag.py took 0.078 seconds
[2024-12-18T20:34:15.560+0000] {processor.py:186} INFO - Started process (PID=3564) to work on /home/ubuntu/demo8/lib/python3.12/site-packages/airflow/example_dags/example_trigger_controller_dag.py
[2024-12-18T20:34:15.562+0000] {processor.py:914} INFO - Processing file /home/ubuntu/demo8/lib/python3.12/site-packages/airflow/example_dags/example_trigger_controller_dag.py for tasks to queue
[2024-12-18T20:34:15.564+0000] {logging_mixin.py:190} INFO - [2024-12-18T20:34:15.564+0000] {dagbag.py:588} INFO - Filling up the DagBag from /home/ubuntu/demo8/lib/python3.12/site-packages/airflow/example_dags/example_trigger_controller_dag.py
[2024-12-18T20:34:15.572+0000] {processor.py:925} INFO - DAG(s) 'example_trigger_controller_dag' retrieved from /home/ubuntu/demo8/lib/python3.12/site-packages/airflow/example_dags/example_trigger_controller_dag.py
[2024-12-18T20:34:15.588+0000] {logging_mixin.py:190} INFO - [2024-12-18T20:34:15.588+0000] {dag.py:3239} INFO - Sync 1 DAGs
[2024-12-18T20:34:15.736+0000] {logging_mixin.py:190} INFO - [2024-12-18T20:34:15.735+0000] {dag.py:4180} INFO - Setting next_dagrun for example_trigger_controller_dag to 2021-01-01 00:00:00+00:00, run_after=2021-01-01 00:00:00+00:00
[2024-12-18T20:34:15.758+0000] {processor.py:208} INFO - Processing /home/ubuntu/demo8/lib/python3.12/site-packages/airflow/example_dags/example_trigger_controller_dag.py took 0.203 seconds
[2024-12-18T20:35:20.737+0000] {processor.py:186} INFO - Started process (PID=3814) to work on /home/ubuntu/demo8/lib/python3.12/site-packages/airflow/example_dags/example_trigger_controller_dag.py
[2024-12-18T20:35:20.739+0000] {processor.py:914} INFO - Processing file /home/ubuntu/demo8/lib/python3.12/site-packages/airflow/example_dags/example_trigger_controller_dag.py for tasks to queue
[2024-12-18T20:35:20.741+0000] {logging_mixin.py:190} INFO - [2024-12-18T20:35:20.741+0000] {dagbag.py:588} INFO - Filling up the DagBag from /home/ubuntu/demo8/lib/python3.12/site-packages/airflow/example_dags/example_trigger_controller_dag.py
[2024-12-18T20:35:20.749+0000] {processor.py:925} INFO - DAG(s) 'example_trigger_controller_dag' retrieved from /home/ubuntu/demo8/lib/python3.12/site-packages/airflow/example_dags/example_trigger_controller_dag.py
[2024-12-18T20:35:20.765+0000] {logging_mixin.py:190} INFO - [2024-12-18T20:35:20.765+0000] {dag.py:3239} INFO - Sync 1 DAGs
[2024-12-18T20:35:20.786+0000] {logging_mixin.py:190} INFO - [2024-12-18T20:35:20.786+0000] {dag.py:4180} INFO - Setting next_dagrun for example_trigger_controller_dag to 2021-01-01 00:00:00+00:00, run_after=2021-01-01 00:00:00+00:00
[2024-12-18T20:35:20.810+0000] {processor.py:208} INFO - Processing /home/ubuntu/demo8/lib/python3.12/site-packages/airflow/example_dags/example_trigger_controller_dag.py took 0.080 seconds
[2024-12-18T20:36:19.282+0000] {processor.py:186} INFO - Started process (PID=3934) to work on /home/ubuntu/demo8/lib/python3.12/site-packages/airflow/example_dags/example_trigger_controller_dag.py
[2024-12-18T20:36:19.285+0000] {processor.py:914} INFO - Processing file /home/ubuntu/demo8/lib/python3.12/site-packages/airflow/example_dags/example_trigger_controller_dag.py for tasks to queue
[2024-12-18T20:36:19.292+0000] {logging_mixin.py:190} INFO - [2024-12-18T20:36:19.290+0000] {dagbag.py:588} INFO - Filling up the DagBag from /home/ubuntu/demo8/lib/python3.12/site-packages/airflow/example_dags/example_trigger_controller_dag.py
[2024-12-18T20:36:19.300+0000] {processor.py:925} INFO - DAG(s) 'example_trigger_controller_dag' retrieved from /home/ubuntu/demo8/lib/python3.12/site-packages/airflow/example_dags/example_trigger_controller_dag.py
[2024-12-18T20:36:19.316+0000] {logging_mixin.py:190} INFO - [2024-12-18T20:36:19.316+0000] {dag.py:3239} INFO - Sync 1 DAGs
[2024-12-18T20:36:19.339+0000] {logging_mixin.py:190} INFO - [2024-12-18T20:36:19.338+0000] {dag.py:4180} INFO - Setting next_dagrun for example_trigger_controller_dag to 2021-01-01 00:00:00+00:00, run_after=2021-01-01 00:00:00+00:00
[2024-12-18T20:36:19.361+0000] {processor.py:208} INFO - Processing /home/ubuntu/demo8/lib/python3.12/site-packages/airflow/example_dags/example_trigger_controller_dag.py took 0.090 seconds
[2024-12-18T20:37:15.467+0000] {processor.py:186} INFO - Started process (PID=3994) to work on /home/ubuntu/demo8/lib/python3.12/site-packages/airflow/example_dags/example_trigger_controller_dag.py
[2024-12-18T20:37:15.468+0000] {processor.py:914} INFO - Processing file /home/ubuntu/demo8/lib/python3.12/site-packages/airflow/example_dags/example_trigger_controller_dag.py for tasks to queue
[2024-12-18T20:37:15.472+0000] {logging_mixin.py:190} INFO - [2024-12-18T20:37:15.471+0000] {dagbag.py:588} INFO - Filling up the DagBag from /home/ubuntu/demo8/lib/python3.12/site-packages/airflow/example_dags/example_trigger_controller_dag.py
[2024-12-18T20:37:15.480+0000] {processor.py:925} INFO - DAG(s) 'example_trigger_controller_dag' retrieved from /home/ubuntu/demo8/lib/python3.12/site-packages/airflow/example_dags/example_trigger_controller_dag.py
[2024-12-18T20:37:15.496+0000] {logging_mixin.py:190} INFO - [2024-12-18T20:37:15.496+0000] {dag.py:3239} INFO - Sync 1 DAGs
[2024-12-18T20:37:15.518+0000] {logging_mixin.py:190} INFO - [2024-12-18T20:37:15.518+0000] {dag.py:4180} INFO - Setting next_dagrun for example_trigger_controller_dag to 2021-01-01 00:00:00+00:00, run_after=2021-01-01 00:00:00+00:00
[2024-12-18T20:37:15.543+0000] {processor.py:208} INFO - Processing /home/ubuntu/demo8/lib/python3.12/site-packages/airflow/example_dags/example_trigger_controller_dag.py took 0.082 seconds
[2024-12-18T20:38:11.302+0000] {processor.py:186} INFO - Started process (PID=4109) to work on /home/ubuntu/demo8/lib/python3.12/site-packages/airflow/example_dags/example_trigger_controller_dag.py
[2024-12-18T20:38:11.304+0000] {processor.py:914} INFO - Processing file /home/ubuntu/demo8/lib/python3.12/site-packages/airflow/example_dags/example_trigger_controller_dag.py for tasks to queue
[2024-12-18T20:38:11.307+0000] {logging_mixin.py:190} INFO - [2024-12-18T20:38:11.307+0000] {dagbag.py:588} INFO - Filling up the DagBag from /home/ubuntu/demo8/lib/python3.12/site-packages/airflow/example_dags/example_trigger_controller_dag.py
[2024-12-18T20:38:11.315+0000] {processor.py:925} INFO - DAG(s) 'example_trigger_controller_dag' retrieved from /home/ubuntu/demo8/lib/python3.12/site-packages/airflow/example_dags/example_trigger_controller_dag.py
[2024-12-18T20:38:11.331+0000] {logging_mixin.py:190} INFO - [2024-12-18T20:38:11.331+0000] {dag.py:3239} INFO - Sync 1 DAGs
[2024-12-18T20:38:11.353+0000] {logging_mixin.py:190} INFO - [2024-12-18T20:38:11.353+0000] {dag.py:4180} INFO - Setting next_dagrun for example_trigger_controller_dag to 2021-01-01 00:00:00+00:00, run_after=2021-01-01 00:00:00+00:00
[2024-12-18T20:38:11.376+0000] {processor.py:208} INFO - Processing /home/ubuntu/demo8/lib/python3.12/site-packages/airflow/example_dags/example_trigger_controller_dag.py took 0.080 seconds
[2024-12-18T20:39:07.052+0000] {processor.py:186} INFO - Started process (PID=4228) to work on /home/ubuntu/demo8/lib/python3.12/site-packages/airflow/example_dags/example_trigger_controller_dag.py
[2024-12-18T20:39:07.054+0000] {processor.py:914} INFO - Processing file /home/ubuntu/demo8/lib/python3.12/site-packages/airflow/example_dags/example_trigger_controller_dag.py for tasks to queue
[2024-12-18T20:39:07.057+0000] {logging_mixin.py:190} INFO - [2024-12-18T20:39:07.057+0000] {dagbag.py:588} INFO - Filling up the DagBag from /home/ubuntu/demo8/lib/python3.12/site-packages/airflow/example_dags/example_trigger_controller_dag.py
[2024-12-18T20:39:07.065+0000] {processor.py:925} INFO - DAG(s) 'example_trigger_controller_dag' retrieved from /home/ubuntu/demo8/lib/python3.12/site-packages/airflow/example_dags/example_trigger_controller_dag.py
[2024-12-18T20:39:07.081+0000] {logging_mixin.py:190} INFO - [2024-12-18T20:39:07.081+0000] {dag.py:3239} INFO - Sync 1 DAGs
[2024-12-18T20:39:07.103+0000] {logging_mixin.py:190} INFO - [2024-12-18T20:39:07.103+0000] {dag.py:4180} INFO - Setting next_dagrun for example_trigger_controller_dag to 2021-01-01 00:00:00+00:00, run_after=2021-01-01 00:00:00+00:00
[2024-12-18T20:39:07.128+0000] {processor.py:208} INFO - Processing /home/ubuntu/demo8/lib/python3.12/site-packages/airflow/example_dags/example_trigger_controller_dag.py took 0.082 seconds
[2024-12-18T20:40:02.506+0000] {processor.py:186} INFO - Started process (PID=4405) to work on /home/ubuntu/demo8/lib/python3.12/site-packages/airflow/example_dags/example_trigger_controller_dag.py
[2024-12-18T20:40:02.508+0000] {processor.py:914} INFO - Processing file /home/ubuntu/demo8/lib/python3.12/site-packages/airflow/example_dags/example_trigger_controller_dag.py for tasks to queue
[2024-12-18T20:40:02.511+0000] {logging_mixin.py:190} INFO - [2024-12-18T20:40:02.511+0000] {dagbag.py:588} INFO - Filling up the DagBag from /home/ubuntu/demo8/lib/python3.12/site-packages/airflow/example_dags/example_trigger_controller_dag.py
[2024-12-18T20:40:02.519+0000] {processor.py:925} INFO - DAG(s) 'example_trigger_controller_dag' retrieved from /home/ubuntu/demo8/lib/python3.12/site-packages/airflow/example_dags/example_trigger_controller_dag.py
[2024-12-18T20:40:02.536+0000] {logging_mixin.py:190} INFO - [2024-12-18T20:40:02.536+0000] {dag.py:3239} INFO - Sync 1 DAGs
[2024-12-18T20:40:02.559+0000] {logging_mixin.py:190} INFO - [2024-12-18T20:40:02.559+0000] {dag.py:4180} INFO - Setting next_dagrun for example_trigger_controller_dag to 2021-01-01 00:00:00+00:00, run_after=2021-01-01 00:00:00+00:00
[2024-12-18T20:40:02.591+0000] {processor.py:208} INFO - Processing /home/ubuntu/demo8/lib/python3.12/site-packages/airflow/example_dags/example_trigger_controller_dag.py took 0.091 seconds
[2024-12-18T20:41:00.229+0000] {processor.py:186} INFO - Started process (PID=4542) to work on /home/ubuntu/demo8/lib/python3.12/site-packages/airflow/example_dags/example_trigger_controller_dag.py
[2024-12-18T20:41:00.231+0000] {processor.py:914} INFO - Processing file /home/ubuntu/demo8/lib/python3.12/site-packages/airflow/example_dags/example_trigger_controller_dag.py for tasks to queue
[2024-12-18T20:41:00.234+0000] {logging_mixin.py:190} INFO - [2024-12-18T20:41:00.234+0000] {dagbag.py:588} INFO - Filling up the DagBag from /home/ubuntu/demo8/lib/python3.12/site-packages/airflow/example_dags/example_trigger_controller_dag.py
[2024-12-18T20:41:00.243+0000] {processor.py:925} INFO - DAG(s) 'example_trigger_controller_dag' retrieved from /home/ubuntu/demo8/lib/python3.12/site-packages/airflow/example_dags/example_trigger_controller_dag.py
[2024-12-18T20:41:00.260+0000] {logging_mixin.py:190} INFO - [2024-12-18T20:41:00.259+0000] {dag.py:3239} INFO - Sync 1 DAGs
[2024-12-18T20:41:00.282+0000] {logging_mixin.py:190} INFO - [2024-12-18T20:41:00.282+0000] {dag.py:4180} INFO - Setting next_dagrun for example_trigger_controller_dag to 2021-01-01 00:00:00+00:00, run_after=2021-01-01 00:00:00+00:00
[2024-12-18T20:41:00.304+0000] {processor.py:208} INFO - Processing /home/ubuntu/demo8/lib/python3.12/site-packages/airflow/example_dags/example_trigger_controller_dag.py took 0.082 seconds
[2024-12-18T20:41:52.682+0000] {processor.py:186} INFO - Started process (PID=4661) to work on /home/ubuntu/demo8/lib/python3.12/site-packages/airflow/example_dags/example_trigger_controller_dag.py
[2024-12-18T20:41:52.684+0000] {processor.py:914} INFO - Processing file /home/ubuntu/demo8/lib/python3.12/site-packages/airflow/example_dags/example_trigger_controller_dag.py for tasks to queue
[2024-12-18T20:41:52.687+0000] {logging_mixin.py:190} INFO - [2024-12-18T20:41:52.687+0000] {dagbag.py:588} INFO - Filling up the DagBag from /home/ubuntu/demo8/lib/python3.12/site-packages/airflow/example_dags/example_trigger_controller_dag.py
[2024-12-18T20:41:52.695+0000] {processor.py:925} INFO - DAG(s) 'example_trigger_controller_dag' retrieved from /home/ubuntu/demo8/lib/python3.12/site-packages/airflow/example_dags/example_trigger_controller_dag.py
[2024-12-18T20:41:52.713+0000] {logging_mixin.py:190} INFO - [2024-12-18T20:41:52.712+0000] {dag.py:3239} INFO - Sync 1 DAGs
[2024-12-18T20:41:52.737+0000] {logging_mixin.py:190} INFO - [2024-12-18T20:41:52.736+0000] {dag.py:4180} INFO - Setting next_dagrun for example_trigger_controller_dag to 2021-01-01 00:00:00+00:00, run_after=2021-01-01 00:00:00+00:00
[2024-12-18T20:41:52.762+0000] {processor.py:208} INFO - Processing /home/ubuntu/demo8/lib/python3.12/site-packages/airflow/example_dags/example_trigger_controller_dag.py took 0.087 seconds
[2024-12-18T20:42:46.211+0000] {processor.py:186} INFO - Started process (PID=4774) to work on /home/ubuntu/demo8/lib/python3.12/site-packages/airflow/example_dags/example_trigger_controller_dag.py
[2024-12-18T20:42:46.212+0000] {processor.py:914} INFO - Processing file /home/ubuntu/demo8/lib/python3.12/site-packages/airflow/example_dags/example_trigger_controller_dag.py for tasks to queue
[2024-12-18T20:42:46.216+0000] {logging_mixin.py:190} INFO - [2024-12-18T20:42:46.215+0000] {dagbag.py:588} INFO - Filling up the DagBag from /home/ubuntu/demo8/lib/python3.12/site-packages/airflow/example_dags/example_trigger_controller_dag.py
[2024-12-18T20:42:46.223+0000] {processor.py:925} INFO - DAG(s) 'example_trigger_controller_dag' retrieved from /home/ubuntu/demo8/lib/python3.12/site-packages/airflow/example_dags/example_trigger_controller_dag.py
[2024-12-18T20:42:46.240+0000] {logging_mixin.py:190} INFO - [2024-12-18T20:42:46.240+0000] {dag.py:3239} INFO - Sync 1 DAGs
[2024-12-18T20:42:46.262+0000] {logging_mixin.py:190} INFO - [2024-12-18T20:42:46.262+0000] {dag.py:4180} INFO - Setting next_dagrun for example_trigger_controller_dag to 2021-01-01 00:00:00+00:00, run_after=2021-01-01 00:00:00+00:00
[2024-12-18T20:42:46.284+0000] {processor.py:208} INFO - Processing /home/ubuntu/demo8/lib/python3.12/site-packages/airflow/example_dags/example_trigger_controller_dag.py took 0.079 seconds
[2024-12-18T20:43:39.961+0000] {processor.py:186} INFO - Started process (PID=4891) to work on /home/ubuntu/demo8/lib/python3.12/site-packages/airflow/example_dags/example_trigger_controller_dag.py
[2024-12-18T20:43:39.962+0000] {processor.py:914} INFO - Processing file /home/ubuntu/demo8/lib/python3.12/site-packages/airflow/example_dags/example_trigger_controller_dag.py for tasks to queue
[2024-12-18T20:43:39.966+0000] {logging_mixin.py:190} INFO - [2024-12-18T20:43:39.965+0000] {dagbag.py:588} INFO - Filling up the DagBag from /home/ubuntu/demo8/lib/python3.12/site-packages/airflow/example_dags/example_trigger_controller_dag.py
[2024-12-18T20:43:39.974+0000] {processor.py:925} INFO - DAG(s) 'example_trigger_controller_dag' retrieved from /home/ubuntu/demo8/lib/python3.12/site-packages/airflow/example_dags/example_trigger_controller_dag.py
[2024-12-18T20:43:39.989+0000] {logging_mixin.py:190} INFO - [2024-12-18T20:43:39.989+0000] {dag.py:3239} INFO - Sync 1 DAGs
[2024-12-18T20:43:40.012+0000] {logging_mixin.py:190} INFO - [2024-12-18T20:43:40.012+0000] {dag.py:4180} INFO - Setting next_dagrun for example_trigger_controller_dag to 2021-01-01 00:00:00+00:00, run_after=2021-01-01 00:00:00+00:00
[2024-12-18T20:43:40.035+0000] {processor.py:208} INFO - Processing /home/ubuntu/demo8/lib/python3.12/site-packages/airflow/example_dags/example_trigger_controller_dag.py took 0.080 seconds
[2024-12-18T20:44:34.337+0000] {processor.py:186} INFO - Started process (PID=5067) to work on /home/ubuntu/demo8/lib/python3.12/site-packages/airflow/example_dags/example_trigger_controller_dag.py
[2024-12-18T20:44:34.339+0000] {processor.py:914} INFO - Processing file /home/ubuntu/demo8/lib/python3.12/site-packages/airflow/example_dags/example_trigger_controller_dag.py for tasks to queue
[2024-12-18T20:44:34.342+0000] {logging_mixin.py:190} INFO - [2024-12-18T20:44:34.342+0000] {dagbag.py:588} INFO - Filling up the DagBag from /home/ubuntu/demo8/lib/python3.12/site-packages/airflow/example_dags/example_trigger_controller_dag.py
[2024-12-18T20:44:34.350+0000] {processor.py:925} INFO - DAG(s) 'example_trigger_controller_dag' retrieved from /home/ubuntu/demo8/lib/python3.12/site-packages/airflow/example_dags/example_trigger_controller_dag.py
[2024-12-18T20:44:34.366+0000] {logging_mixin.py:190} INFO - [2024-12-18T20:44:34.365+0000] {dag.py:3239} INFO - Sync 1 DAGs
[2024-12-18T20:44:34.387+0000] {logging_mixin.py:190} INFO - [2024-12-18T20:44:34.386+0000] {dag.py:4180} INFO - Setting next_dagrun for example_trigger_controller_dag to 2021-01-01 00:00:00+00:00, run_after=2021-01-01 00:00:00+00:00
[2024-12-18T20:44:34.410+0000] {processor.py:208} INFO - Processing /home/ubuntu/demo8/lib/python3.12/site-packages/airflow/example_dags/example_trigger_controller_dag.py took 0.079 seconds
[2024-12-18T20:45:28.253+0000] {processor.py:186} INFO - Started process (PID=5189) to work on /home/ubuntu/demo8/lib/python3.12/site-packages/airflow/example_dags/example_trigger_controller_dag.py
[2024-12-18T20:45:28.254+0000] {processor.py:914} INFO - Processing file /home/ubuntu/demo8/lib/python3.12/site-packages/airflow/example_dags/example_trigger_controller_dag.py for tasks to queue
[2024-12-18T20:45:28.258+0000] {logging_mixin.py:190} INFO - [2024-12-18T20:45:28.257+0000] {dagbag.py:588} INFO - Filling up the DagBag from /home/ubuntu/demo8/lib/python3.12/site-packages/airflow/example_dags/example_trigger_controller_dag.py
[2024-12-18T20:45:28.266+0000] {processor.py:925} INFO - DAG(s) 'example_trigger_controller_dag' retrieved from /home/ubuntu/demo8/lib/python3.12/site-packages/airflow/example_dags/example_trigger_controller_dag.py
[2024-12-18T20:45:28.283+0000] {logging_mixin.py:190} INFO - [2024-12-18T20:45:28.282+0000] {dag.py:3239} INFO - Sync 1 DAGs
[2024-12-18T20:45:28.306+0000] {logging_mixin.py:190} INFO - [2024-12-18T20:45:28.306+0000] {dag.py:4180} INFO - Setting next_dagrun for example_trigger_controller_dag to 2021-01-01 00:00:00+00:00, run_after=2021-01-01 00:00:00+00:00
[2024-12-18T20:45:28.329+0000] {processor.py:208} INFO - Processing /home/ubuntu/demo8/lib/python3.12/site-packages/airflow/example_dags/example_trigger_controller_dag.py took 0.083 seconds
[2024-12-18T20:47:11.701+0000] {processor.py:186} INFO - Started process (PID=5820) to work on /home/ubuntu/demo8/lib/python3.12/site-packages/airflow/example_dags/example_trigger_controller_dag.py
[2024-12-18T20:47:11.703+0000] {processor.py:914} INFO - Processing file /home/ubuntu/demo8/lib/python3.12/site-packages/airflow/example_dags/example_trigger_controller_dag.py for tasks to queue
[2024-12-18T20:47:11.705+0000] {logging_mixin.py:190} INFO - [2024-12-18T20:47:11.705+0000] {dagbag.py:588} INFO - Filling up the DagBag from /home/ubuntu/demo8/lib/python3.12/site-packages/airflow/example_dags/example_trigger_controller_dag.py
[2024-12-18T20:47:11.713+0000] {processor.py:925} INFO - DAG(s) 'example_trigger_controller_dag' retrieved from /home/ubuntu/demo8/lib/python3.12/site-packages/airflow/example_dags/example_trigger_controller_dag.py
[2024-12-18T20:47:11.731+0000] {logging_mixin.py:190} INFO - [2024-12-18T20:47:11.731+0000] {dag.py:3239} INFO - Sync 1 DAGs
[2024-12-18T20:47:11.754+0000] {logging_mixin.py:190} INFO - [2024-12-18T20:47:11.754+0000] {dag.py:4180} INFO - Setting next_dagrun for example_trigger_controller_dag to 2021-01-01 00:00:00+00:00, run_after=2021-01-01 00:00:00+00:00
[2024-12-18T20:47:11.777+0000] {processor.py:208} INFO - Processing /home/ubuntu/demo8/lib/python3.12/site-packages/airflow/example_dags/example_trigger_controller_dag.py took 0.082 seconds
[2024-12-18T20:48:10.397+0000] {processor.py:186} INFO - Started process (PID=5940) to work on /home/ubuntu/demo8/lib/python3.12/site-packages/airflow/example_dags/example_trigger_controller_dag.py
[2024-12-18T20:48:10.398+0000] {processor.py:914} INFO - Processing file /home/ubuntu/demo8/lib/python3.12/site-packages/airflow/example_dags/example_trigger_controller_dag.py for tasks to queue
[2024-12-18T20:48:10.401+0000] {logging_mixin.py:190} INFO - [2024-12-18T20:48:10.400+0000] {dagbag.py:588} INFO - Filling up the DagBag from /home/ubuntu/demo8/lib/python3.12/site-packages/airflow/example_dags/example_trigger_controller_dag.py
[2024-12-18T20:48:10.409+0000] {processor.py:925} INFO - DAG(s) 'example_trigger_controller_dag' retrieved from /home/ubuntu/demo8/lib/python3.12/site-packages/airflow/example_dags/example_trigger_controller_dag.py
[2024-12-18T20:48:10.425+0000] {logging_mixin.py:190} INFO - [2024-12-18T20:48:10.425+0000] {dag.py:3239} INFO - Sync 1 DAGs
[2024-12-18T20:48:10.447+0000] {logging_mixin.py:190} INFO - [2024-12-18T20:48:10.447+0000] {dag.py:4180} INFO - Setting next_dagrun for example_trigger_controller_dag to 2021-01-01 00:00:00+00:00, run_after=2021-01-01 00:00:00+00:00
[2024-12-18T20:48:10.474+0000] {processor.py:208} INFO - Processing /home/ubuntu/demo8/lib/python3.12/site-packages/airflow/example_dags/example_trigger_controller_dag.py took 0.084 seconds
[2024-12-18T20:49:07.794+0000] {processor.py:186} INFO - Started process (PID=6421) to work on /home/ubuntu/demo8/lib/python3.12/site-packages/airflow/example_dags/example_trigger_controller_dag.py
[2024-12-18T20:49:07.796+0000] {processor.py:914} INFO - Processing file /home/ubuntu/demo8/lib/python3.12/site-packages/airflow/example_dags/example_trigger_controller_dag.py for tasks to queue
[2024-12-18T20:49:07.799+0000] {logging_mixin.py:190} INFO - [2024-12-18T20:49:07.798+0000] {dagbag.py:588} INFO - Filling up the DagBag from /home/ubuntu/demo8/lib/python3.12/site-packages/airflow/example_dags/example_trigger_controller_dag.py
[2024-12-18T20:49:07.806+0000] {processor.py:925} INFO - DAG(s) 'example_trigger_controller_dag' retrieved from /home/ubuntu/demo8/lib/python3.12/site-packages/airflow/example_dags/example_trigger_controller_dag.py
[2024-12-18T20:49:07.824+0000] {logging_mixin.py:190} INFO - [2024-12-18T20:49:07.824+0000] {dag.py:3239} INFO - Sync 1 DAGs
[2024-12-18T20:49:07.848+0000] {logging_mixin.py:190} INFO - [2024-12-18T20:49:07.847+0000] {dag.py:4180} INFO - Setting next_dagrun for example_trigger_controller_dag to 2021-01-01 00:00:00+00:00, run_after=2021-01-01 00:00:00+00:00
[2024-12-18T20:49:07.871+0000] {processor.py:208} INFO - Processing /home/ubuntu/demo8/lib/python3.12/site-packages/airflow/example_dags/example_trigger_controller_dag.py took 0.084 seconds
[2024-12-18T20:50:01.491+0000] {processor.py:186} INFO - Started process (PID=6596) to work on /home/ubuntu/demo8/lib/python3.12/site-packages/airflow/example_dags/example_trigger_controller_dag.py
[2024-12-18T20:50:01.493+0000] {processor.py:914} INFO - Processing file /home/ubuntu/demo8/lib/python3.12/site-packages/airflow/example_dags/example_trigger_controller_dag.py for tasks to queue
[2024-12-18T20:50:01.496+0000] {logging_mixin.py:190} INFO - [2024-12-18T20:50:01.495+0000] {dagbag.py:588} INFO - Filling up the DagBag from /home/ubuntu/demo8/lib/python3.12/site-packages/airflow/example_dags/example_trigger_controller_dag.py
[2024-12-18T20:50:01.504+0000] {processor.py:925} INFO - DAG(s) 'example_trigger_controller_dag' retrieved from /home/ubuntu/demo8/lib/python3.12/site-packages/airflow/example_dags/example_trigger_controller_dag.py
[2024-12-18T20:50:01.521+0000] {logging_mixin.py:190} INFO - [2024-12-18T20:50:01.521+0000] {dag.py:3239} INFO - Sync 1 DAGs
[2024-12-18T20:50:01.543+0000] {logging_mixin.py:190} INFO - [2024-12-18T20:50:01.543+0000] {dag.py:4180} INFO - Setting next_dagrun for example_trigger_controller_dag to 2021-01-01 00:00:00+00:00, run_after=2021-01-01 00:00:00+00:00
[2024-12-18T20:50:01.568+0000] {processor.py:208} INFO - Processing /home/ubuntu/demo8/lib/python3.12/site-packages/airflow/example_dags/example_trigger_controller_dag.py took 0.083 seconds
[2024-12-18T20:50:58.187+0000] {processor.py:186} INFO - Started process (PID=6899) to work on /home/ubuntu/demo8/lib/python3.12/site-packages/airflow/example_dags/example_trigger_controller_dag.py
[2024-12-18T20:50:58.189+0000] {processor.py:914} INFO - Processing file /home/ubuntu/demo8/lib/python3.12/site-packages/airflow/example_dags/example_trigger_controller_dag.py for tasks to queue
[2024-12-18T20:50:58.192+0000] {logging_mixin.py:190} INFO - [2024-12-18T20:50:58.192+0000] {dagbag.py:588} INFO - Filling up the DagBag from /home/ubuntu/demo8/lib/python3.12/site-packages/airflow/example_dags/example_trigger_controller_dag.py
[2024-12-18T20:50:58.200+0000] {processor.py:925} INFO - DAG(s) 'example_trigger_controller_dag' retrieved from /home/ubuntu/demo8/lib/python3.12/site-packages/airflow/example_dags/example_trigger_controller_dag.py
[2024-12-18T20:50:58.218+0000] {logging_mixin.py:190} INFO - [2024-12-18T20:50:58.217+0000] {dag.py:3239} INFO - Sync 1 DAGs
[2024-12-18T20:50:58.240+0000] {logging_mixin.py:190} INFO - [2024-12-18T20:50:58.239+0000] {dag.py:4180} INFO - Setting next_dagrun for example_trigger_controller_dag to 2021-01-01 00:00:00+00:00, run_after=2021-01-01 00:00:00+00:00
[2024-12-18T20:50:58.274+0000] {processor.py:208} INFO - Processing /home/ubuntu/demo8/lib/python3.12/site-packages/airflow/example_dags/example_trigger_controller_dag.py took 0.093 seconds
