[2024-12-18T15:44:53.372+0000] {processor.py:186} INFO - Started process (PID=3675) to work on /home/ubuntu/demo8/lib/python3.12/site-packages/airflow/example_dags/example_display_name.py
[2024-12-18T15:44:53.372+0000] {processor.py:914} INFO - Processing file /home/ubuntu/demo8/lib/python3.12/site-packages/airflow/example_dags/example_display_name.py for tasks to queue
[2024-12-18T15:44:53.375+0000] {logging_mixin.py:190} INFO - [2024-12-18T15:44:53.374+0000] {dagbag.py:588} INFO - Filling up the DagBag from /home/ubuntu/demo8/lib/python3.12/site-packages/airflow/example_dags/example_display_name.py
[2024-12-18T15:44:53.383+0000] {processor.py:925} INFO - DAG(s) 'example_display_name' retrieved from /home/ubuntu/demo8/lib/python3.12/site-packages/airflow/example_dags/example_display_name.py
[2024-12-18T15:44:53.501+0000] {logging_mixin.py:190} INFO - [2024-12-18T15:44:53.501+0000] {override.py:1911} INFO - Created Permission View: can read on DAG:example_display_name
[2024-12-18T15:44:53.514+0000] {logging_mixin.py:190} INFO - [2024-12-18T15:44:53.513+0000] {override.py:1911} INFO - Created Permission View: can delete on DAG:example_display_name
[2024-12-18T15:44:53.523+0000] {logging_mixin.py:190} INFO - [2024-12-18T15:44:53.523+0000] {override.py:1911} INFO - Created Permission View: can edit on DAG:example_display_name
[2024-12-18T15:44:53.538+0000] {logging_mixin.py:190} INFO - [2024-12-18T15:44:53.538+0000] {override.py:1911} INFO - Created Permission View: can create on DAG Run:example_display_name
[2024-12-18T15:44:53.548+0000] {logging_mixin.py:190} INFO - [2024-12-18T15:44:53.547+0000] {override.py:1911} INFO - Created Permission View: can read on DAG Run:example_display_name
[2024-12-18T15:44:53.557+0000] {logging_mixin.py:190} INFO - [2024-12-18T15:44:53.556+0000] {override.py:1911} INFO - Created Permission View: menu access on DAG Run:example_display_name
[2024-12-18T15:44:53.566+0000] {logging_mixin.py:190} INFO - [2024-12-18T15:44:53.566+0000] {override.py:1911} INFO - Created Permission View: can delete on DAG Run:example_display_name
[2024-12-18T15:44:53.566+0000] {logging_mixin.py:190} INFO - [2024-12-18T15:44:53.566+0000] {dag.py:3239} INFO - Sync 1 DAGs
[2024-12-18T15:44:53.579+0000] {logging_mixin.py:190} INFO - [2024-12-18T15:44:53.579+0000] {dag.py:3262} INFO - Creating ORM DAG for example_display_name
[2024-12-18T15:44:53.579+0000] {logging_mixin.py:190} INFO - [2024-12-18T15:44:53.579+0000] {dag.py:4180} INFO - Setting next_dagrun for example_display_name to None, run_after=None
[2024-12-18T15:44:53.599+0000] {processor.py:208} INFO - Processing /home/ubuntu/demo8/lib/python3.12/site-packages/airflow/example_dags/example_display_name.py took 0.234 seconds
[2024-12-18T15:46:02.286+0000] {processor.py:186} INFO - Started process (PID=3778) to work on /home/ubuntu/demo8/lib/python3.12/site-packages/airflow/example_dags/example_display_name.py
[2024-12-18T15:46:02.287+0000] {processor.py:914} INFO - Processing file /home/ubuntu/demo8/lib/python3.12/site-packages/airflow/example_dags/example_display_name.py for tasks to queue
[2024-12-18T15:46:02.290+0000] {logging_mixin.py:190} INFO - [2024-12-18T15:46:02.289+0000] {dagbag.py:588} INFO - Filling up the DagBag from /home/ubuntu/demo8/lib/python3.12/site-packages/airflow/example_dags/example_display_name.py
[2024-12-18T15:46:02.298+0000] {processor.py:925} INFO - DAG(s) 'example_display_name' retrieved from /home/ubuntu/demo8/lib/python3.12/site-packages/airflow/example_dags/example_display_name.py
[2024-12-18T15:46:02.325+0000] {logging_mixin.py:190} INFO - [2024-12-18T15:46:02.325+0000] {dag.py:3239} INFO - Sync 1 DAGs
[2024-12-18T15:46:02.338+0000] {logging_mixin.py:190} INFO - [2024-12-18T15:46:02.338+0000] {dag.py:4180} INFO - Setting next_dagrun for example_display_name to None, run_after=None
[2024-12-18T15:46:02.361+0000] {processor.py:208} INFO - Processing /home/ubuntu/demo8/lib/python3.12/site-packages/airflow/example_dags/example_display_name.py took 0.081 seconds
[2024-12-18T15:46:58.912+0000] {processor.py:186} INFO - Started process (PID=4245) to work on /home/ubuntu/demo8/lib/python3.12/site-packages/airflow/example_dags/example_display_name.py
[2024-12-18T15:46:58.914+0000] {processor.py:914} INFO - Processing file /home/ubuntu/demo8/lib/python3.12/site-packages/airflow/example_dags/example_display_name.py for tasks to queue
[2024-12-18T15:46:58.916+0000] {logging_mixin.py:190} INFO - [2024-12-18T15:46:58.916+0000] {dagbag.py:588} INFO - Filling up the DagBag from /home/ubuntu/demo8/lib/python3.12/site-packages/airflow/example_dags/example_display_name.py
[2024-12-18T15:46:58.926+0000] {processor.py:925} INFO - DAG(s) 'example_display_name' retrieved from /home/ubuntu/demo8/lib/python3.12/site-packages/airflow/example_dags/example_display_name.py
[2024-12-18T15:46:58.942+0000] {logging_mixin.py:190} INFO - [2024-12-18T15:46:58.942+0000] {dag.py:3239} INFO - Sync 1 DAGs
[2024-12-18T15:46:58.957+0000] {logging_mixin.py:190} INFO - [2024-12-18T15:46:58.956+0000] {dag.py:4180} INFO - Setting next_dagrun for example_display_name to None, run_after=None
[2024-12-18T15:46:58.979+0000] {processor.py:208} INFO - Processing /home/ubuntu/demo8/lib/python3.12/site-packages/airflow/example_dags/example_display_name.py took 0.073 seconds
[2024-12-18T15:47:56.372+0000] {processor.py:186} INFO - Started process (PID=4303) to work on /home/ubuntu/demo8/lib/python3.12/site-packages/airflow/example_dags/example_display_name.py
[2024-12-18T15:47:56.374+0000] {processor.py:914} INFO - Processing file /home/ubuntu/demo8/lib/python3.12/site-packages/airflow/example_dags/example_display_name.py for tasks to queue
[2024-12-18T15:47:56.376+0000] {logging_mixin.py:190} INFO - [2024-12-18T15:47:56.375+0000] {dagbag.py:588} INFO - Filling up the DagBag from /home/ubuntu/demo8/lib/python3.12/site-packages/airflow/example_dags/example_display_name.py
[2024-12-18T15:47:56.385+0000] {processor.py:925} INFO - DAG(s) 'example_display_name' retrieved from /home/ubuntu/demo8/lib/python3.12/site-packages/airflow/example_dags/example_display_name.py
[2024-12-18T15:47:56.401+0000] {logging_mixin.py:190} INFO - [2024-12-18T15:47:56.400+0000] {dag.py:3239} INFO - Sync 1 DAGs
[2024-12-18T15:47:56.415+0000] {logging_mixin.py:190} INFO - [2024-12-18T15:47:56.415+0000] {dag.py:4180} INFO - Setting next_dagrun for example_display_name to None, run_after=None
[2024-12-18T15:47:56.437+0000] {processor.py:208} INFO - Processing /home/ubuntu/demo8/lib/python3.12/site-packages/airflow/example_dags/example_display_name.py took 0.071 seconds
[2024-12-18T15:48:50.868+0000] {processor.py:186} INFO - Started process (PID=4359) to work on /home/ubuntu/demo8/lib/python3.12/site-packages/airflow/example_dags/example_display_name.py
[2024-12-18T15:48:50.870+0000] {processor.py:914} INFO - Processing file /home/ubuntu/demo8/lib/python3.12/site-packages/airflow/example_dags/example_display_name.py for tasks to queue
[2024-12-18T15:48:50.872+0000] {logging_mixin.py:190} INFO - [2024-12-18T15:48:50.872+0000] {dagbag.py:588} INFO - Filling up the DagBag from /home/ubuntu/demo8/lib/python3.12/site-packages/airflow/example_dags/example_display_name.py
[2024-12-18T15:48:50.881+0000] {processor.py:925} INFO - DAG(s) 'example_display_name' retrieved from /home/ubuntu/demo8/lib/python3.12/site-packages/airflow/example_dags/example_display_name.py
[2024-12-18T15:48:50.898+0000] {logging_mixin.py:190} INFO - [2024-12-18T15:48:50.898+0000] {dag.py:3239} INFO - Sync 1 DAGs
[2024-12-18T15:48:50.913+0000] {logging_mixin.py:190} INFO - [2024-12-18T15:48:50.913+0000] {dag.py:4180} INFO - Setting next_dagrun for example_display_name to None, run_after=None
[2024-12-18T15:48:50.937+0000] {processor.py:208} INFO - Processing /home/ubuntu/demo8/lib/python3.12/site-packages/airflow/example_dags/example_display_name.py took 0.075 seconds
[2024-12-18T15:49:56.131+0000] {processor.py:186} INFO - Started process (PID=4420) to work on /home/ubuntu/demo8/lib/python3.12/site-packages/airflow/example_dags/example_display_name.py
[2024-12-18T15:49:56.132+0000] {processor.py:914} INFO - Processing file /home/ubuntu/demo8/lib/python3.12/site-packages/airflow/example_dags/example_display_name.py for tasks to queue
[2024-12-18T15:49:56.135+0000] {logging_mixin.py:190} INFO - [2024-12-18T15:49:56.135+0000] {dagbag.py:588} INFO - Filling up the DagBag from /home/ubuntu/demo8/lib/python3.12/site-packages/airflow/example_dags/example_display_name.py
[2024-12-18T15:49:56.144+0000] {processor.py:925} INFO - DAG(s) 'example_display_name' retrieved from /home/ubuntu/demo8/lib/python3.12/site-packages/airflow/example_dags/example_display_name.py
[2024-12-18T15:49:56.162+0000] {logging_mixin.py:190} INFO - [2024-12-18T15:49:56.161+0000] {dag.py:3239} INFO - Sync 1 DAGs
[2024-12-18T15:49:56.177+0000] {logging_mixin.py:190} INFO - [2024-12-18T15:49:56.176+0000] {dag.py:4180} INFO - Setting next_dagrun for example_display_name to None, run_after=None
[2024-12-18T15:49:56.201+0000] {processor.py:208} INFO - Processing /home/ubuntu/demo8/lib/python3.12/site-packages/airflow/example_dags/example_display_name.py took 0.077 seconds
[2024-12-18T15:50:53.349+0000] {processor.py:186} INFO - Started process (PID=4490) to work on /home/ubuntu/demo8/lib/python3.12/site-packages/airflow/example_dags/example_display_name.py
[2024-12-18T15:50:53.353+0000] {processor.py:914} INFO - Processing file /home/ubuntu/demo8/lib/python3.12/site-packages/airflow/example_dags/example_display_name.py for tasks to queue
[2024-12-18T15:50:53.356+0000] {logging_mixin.py:190} INFO - [2024-12-18T15:50:53.356+0000] {dagbag.py:588} INFO - Filling up the DagBag from /home/ubuntu/demo8/lib/python3.12/site-packages/airflow/example_dags/example_display_name.py
[2024-12-18T15:50:53.369+0000] {processor.py:925} INFO - DAG(s) 'example_display_name' retrieved from /home/ubuntu/demo8/lib/python3.12/site-packages/airflow/example_dags/example_display_name.py
[2024-12-18T15:50:53.386+0000] {logging_mixin.py:190} INFO - [2024-12-18T15:50:53.386+0000] {dag.py:3239} INFO - Sync 1 DAGs
[2024-12-18T15:50:53.400+0000] {logging_mixin.py:190} INFO - [2024-12-18T15:50:53.400+0000] {dag.py:4180} INFO - Setting next_dagrun for example_display_name to None, run_after=None
[2024-12-18T15:50:53.422+0000] {processor.py:208} INFO - Processing /home/ubuntu/demo8/lib/python3.12/site-packages/airflow/example_dags/example_display_name.py took 0.085 seconds
[2024-12-18T15:51:48.507+0000] {processor.py:186} INFO - Started process (PID=4549) to work on /home/ubuntu/demo8/lib/python3.12/site-packages/airflow/example_dags/example_display_name.py
[2024-12-18T15:51:48.508+0000] {processor.py:914} INFO - Processing file /home/ubuntu/demo8/lib/python3.12/site-packages/airflow/example_dags/example_display_name.py for tasks to queue
[2024-12-18T15:51:48.511+0000] {logging_mixin.py:190} INFO - [2024-12-18T15:51:48.510+0000] {dagbag.py:588} INFO - Filling up the DagBag from /home/ubuntu/demo8/lib/python3.12/site-packages/airflow/example_dags/example_display_name.py
[2024-12-18T15:51:48.520+0000] {processor.py:925} INFO - DAG(s) 'example_display_name' retrieved from /home/ubuntu/demo8/lib/python3.12/site-packages/airflow/example_dags/example_display_name.py
[2024-12-18T15:51:48.536+0000] {logging_mixin.py:190} INFO - [2024-12-18T15:51:48.535+0000] {dag.py:3239} INFO - Sync 1 DAGs
[2024-12-18T15:51:48.550+0000] {logging_mixin.py:190} INFO - [2024-12-18T15:51:48.550+0000] {dag.py:4180} INFO - Setting next_dagrun for example_display_name to None, run_after=None
[2024-12-18T15:51:48.576+0000] {processor.py:208} INFO - Processing /home/ubuntu/demo8/lib/python3.12/site-packages/airflow/example_dags/example_display_name.py took 0.076 seconds
[2024-12-18T15:52:41.696+0000] {processor.py:186} INFO - Started process (PID=4606) to work on /home/ubuntu/demo8/lib/python3.12/site-packages/airflow/example_dags/example_display_name.py
[2024-12-18T15:52:41.698+0000] {processor.py:914} INFO - Processing file /home/ubuntu/demo8/lib/python3.12/site-packages/airflow/example_dags/example_display_name.py for tasks to queue
[2024-12-18T15:52:41.700+0000] {logging_mixin.py:190} INFO - [2024-12-18T15:52:41.700+0000] {dagbag.py:588} INFO - Filling up the DagBag from /home/ubuntu/demo8/lib/python3.12/site-packages/airflow/example_dags/example_display_name.py
[2024-12-18T15:52:41.710+0000] {processor.py:925} INFO - DAG(s) 'example_display_name' retrieved from /home/ubuntu/demo8/lib/python3.12/site-packages/airflow/example_dags/example_display_name.py
[2024-12-18T15:52:41.728+0000] {logging_mixin.py:190} INFO - [2024-12-18T15:52:41.727+0000] {dag.py:3239} INFO - Sync 1 DAGs
[2024-12-18T15:52:41.742+0000] {logging_mixin.py:190} INFO - [2024-12-18T15:52:41.742+0000] {dag.py:4180} INFO - Setting next_dagrun for example_display_name to None, run_after=None
[2024-12-18T15:52:41.766+0000] {processor.py:208} INFO - Processing /home/ubuntu/demo8/lib/python3.12/site-packages/airflow/example_dags/example_display_name.py took 0.076 seconds
[2024-12-18T15:53:38.053+0000] {processor.py:186} INFO - Started process (PID=4662) to work on /home/ubuntu/demo8/lib/python3.12/site-packages/airflow/example_dags/example_display_name.py
[2024-12-18T15:53:38.055+0000] {processor.py:914} INFO - Processing file /home/ubuntu/demo8/lib/python3.12/site-packages/airflow/example_dags/example_display_name.py for tasks to queue
[2024-12-18T15:53:38.057+0000] {logging_mixin.py:190} INFO - [2024-12-18T15:53:38.057+0000] {dagbag.py:588} INFO - Filling up the DagBag from /home/ubuntu/demo8/lib/python3.12/site-packages/airflow/example_dags/example_display_name.py
[2024-12-18T15:53:38.067+0000] {processor.py:925} INFO - DAG(s) 'example_display_name' retrieved from /home/ubuntu/demo8/lib/python3.12/site-packages/airflow/example_dags/example_display_name.py
[2024-12-18T15:53:38.084+0000] {logging_mixin.py:190} INFO - [2024-12-18T15:53:38.084+0000] {dag.py:3239} INFO - Sync 1 DAGs
[2024-12-18T15:53:38.098+0000] {logging_mixin.py:190} INFO - [2024-12-18T15:53:38.098+0000] {dag.py:4180} INFO - Setting next_dagrun for example_display_name to None, run_after=None
[2024-12-18T15:53:38.122+0000] {processor.py:208} INFO - Processing /home/ubuntu/demo8/lib/python3.12/site-packages/airflow/example_dags/example_display_name.py took 0.075 seconds
[2024-12-18T15:55:03.059+0000] {processor.py:186} INFO - Started process (PID=4779) to work on /home/ubuntu/demo8/lib/python3.12/site-packages/airflow/example_dags/example_display_name.py
[2024-12-18T15:55:03.062+0000] {processor.py:914} INFO - Processing file /home/ubuntu/demo8/lib/python3.12/site-packages/airflow/example_dags/example_display_name.py for tasks to queue
[2024-12-18T15:55:03.064+0000] {logging_mixin.py:190} INFO - [2024-12-18T15:55:03.064+0000] {dagbag.py:588} INFO - Filling up the DagBag from /home/ubuntu/demo8/lib/python3.12/site-packages/airflow/example_dags/example_display_name.py
[2024-12-18T15:55:03.073+0000] {processor.py:925} INFO - DAG(s) 'example_display_name' retrieved from /home/ubuntu/demo8/lib/python3.12/site-packages/airflow/example_dags/example_display_name.py
[2024-12-18T15:55:03.090+0000] {logging_mixin.py:190} INFO - [2024-12-18T15:55:03.090+0000] {dag.py:3239} INFO - Sync 1 DAGs
[2024-12-18T15:55:03.104+0000] {logging_mixin.py:190} INFO - [2024-12-18T15:55:03.104+0000] {dag.py:4180} INFO - Setting next_dagrun for example_display_name to None, run_after=None
[2024-12-18T15:55:03.127+0000] {processor.py:208} INFO - Processing /home/ubuntu/demo8/lib/python3.12/site-packages/airflow/example_dags/example_display_name.py took 0.075 seconds
[2024-12-18T15:56:00.019+0000] {processor.py:186} INFO - Started process (PID=4839) to work on /home/ubuntu/demo8/lib/python3.12/site-packages/airflow/example_dags/example_display_name.py
[2024-12-18T15:56:00.020+0000] {processor.py:914} INFO - Processing file /home/ubuntu/demo8/lib/python3.12/site-packages/airflow/example_dags/example_display_name.py for tasks to queue
[2024-12-18T15:56:00.022+0000] {logging_mixin.py:190} INFO - [2024-12-18T15:56:00.022+0000] {dagbag.py:588} INFO - Filling up the DagBag from /home/ubuntu/demo8/lib/python3.12/site-packages/airflow/example_dags/example_display_name.py
[2024-12-18T15:56:00.032+0000] {processor.py:925} INFO - DAG(s) 'example_display_name' retrieved from /home/ubuntu/demo8/lib/python3.12/site-packages/airflow/example_dags/example_display_name.py
[2024-12-18T15:56:00.048+0000] {logging_mixin.py:190} INFO - [2024-12-18T15:56:00.048+0000] {dag.py:3239} INFO - Sync 1 DAGs
[2024-12-18T15:56:00.062+0000] {logging_mixin.py:190} INFO - [2024-12-18T15:56:00.062+0000] {dag.py:4180} INFO - Setting next_dagrun for example_display_name to None, run_after=None
[2024-12-18T15:56:00.084+0000] {processor.py:208} INFO - Processing /home/ubuntu/demo8/lib/python3.12/site-packages/airflow/example_dags/example_display_name.py took 0.072 seconds
[2024-12-18T15:57:30.579+0000] {processor.py:186} INFO - Started process (PID=4926) to work on /home/ubuntu/demo8/lib/python3.12/site-packages/airflow/example_dags/example_display_name.py
[2024-12-18T15:57:30.580+0000] {processor.py:914} INFO - Processing file /home/ubuntu/demo8/lib/python3.12/site-packages/airflow/example_dags/example_display_name.py for tasks to queue
[2024-12-18T15:57:30.583+0000] {logging_mixin.py:190} INFO - [2024-12-18T15:57:30.582+0000] {dagbag.py:588} INFO - Filling up the DagBag from /home/ubuntu/demo8/lib/python3.12/site-packages/airflow/example_dags/example_display_name.py
[2024-12-18T15:57:30.591+0000] {processor.py:925} INFO - DAG(s) 'example_display_name' retrieved from /home/ubuntu/demo8/lib/python3.12/site-packages/airflow/example_dags/example_display_name.py
[2024-12-18T15:57:30.608+0000] {logging_mixin.py:190} INFO - [2024-12-18T15:57:30.608+0000] {dag.py:3239} INFO - Sync 1 DAGs
[2024-12-18T15:57:30.622+0000] {logging_mixin.py:190} INFO - [2024-12-18T15:57:30.622+0000] {dag.py:4180} INFO - Setting next_dagrun for example_display_name to None, run_after=None
[2024-12-18T15:57:30.645+0000] {processor.py:208} INFO - Processing /home/ubuntu/demo8/lib/python3.12/site-packages/airflow/example_dags/example_display_name.py took 0.072 seconds
[2024-12-18T15:58:27.425+0000] {processor.py:186} INFO - Started process (PID=4984) to work on /home/ubuntu/demo8/lib/python3.12/site-packages/airflow/example_dags/example_display_name.py
[2024-12-18T15:58:27.427+0000] {processor.py:914} INFO - Processing file /home/ubuntu/demo8/lib/python3.12/site-packages/airflow/example_dags/example_display_name.py for tasks to queue
[2024-12-18T15:58:27.429+0000] {logging_mixin.py:190} INFO - [2024-12-18T15:58:27.429+0000] {dagbag.py:588} INFO - Filling up the DagBag from /home/ubuntu/demo8/lib/python3.12/site-packages/airflow/example_dags/example_display_name.py
[2024-12-18T15:58:27.438+0000] {processor.py:925} INFO - DAG(s) 'example_display_name' retrieved from /home/ubuntu/demo8/lib/python3.12/site-packages/airflow/example_dags/example_display_name.py
[2024-12-18T15:58:27.456+0000] {logging_mixin.py:190} INFO - [2024-12-18T15:58:27.455+0000] {dag.py:3239} INFO - Sync 1 DAGs
[2024-12-18T15:58:27.470+0000] {logging_mixin.py:190} INFO - [2024-12-18T15:58:27.470+0000] {dag.py:4180} INFO - Setting next_dagrun for example_display_name to None, run_after=None
[2024-12-18T15:58:27.494+0000] {processor.py:208} INFO - Processing /home/ubuntu/demo8/lib/python3.12/site-packages/airflow/example_dags/example_display_name.py took 0.075 seconds
[2024-12-18T16:00:29.393+0000] {processor.py:186} INFO - Started process (PID=5110) to work on /home/ubuntu/demo8/lib/python3.12/site-packages/airflow/example_dags/example_display_name.py
[2024-12-18T16:00:29.394+0000] {processor.py:914} INFO - Processing file /home/ubuntu/demo8/lib/python3.12/site-packages/airflow/example_dags/example_display_name.py for tasks to queue
[2024-12-18T16:00:29.396+0000] {logging_mixin.py:190} INFO - [2024-12-18T16:00:29.396+0000] {dagbag.py:588} INFO - Filling up the DagBag from /home/ubuntu/demo8/lib/python3.12/site-packages/airflow/example_dags/example_display_name.py
[2024-12-18T16:00:29.404+0000] {processor.py:925} INFO - DAG(s) 'example_display_name' retrieved from /home/ubuntu/demo8/lib/python3.12/site-packages/airflow/example_dags/example_display_name.py
[2024-12-18T16:00:29.422+0000] {logging_mixin.py:190} INFO - [2024-12-18T16:00:29.422+0000] {dag.py:3239} INFO - Sync 1 DAGs
[2024-12-18T16:00:29.435+0000] {logging_mixin.py:190} INFO - [2024-12-18T16:00:29.435+0000] {dag.py:4180} INFO - Setting next_dagrun for example_display_name to None, run_after=None
[2024-12-18T16:00:29.469+0000] {processor.py:208} INFO - Processing /home/ubuntu/demo8/lib/python3.12/site-packages/airflow/example_dags/example_display_name.py took 0.081 seconds
[2024-12-18T16:01:26.249+0000] {processor.py:186} INFO - Started process (PID=5170) to work on /home/ubuntu/demo8/lib/python3.12/site-packages/airflow/example_dags/example_display_name.py
[2024-12-18T16:01:26.251+0000] {processor.py:914} INFO - Processing file /home/ubuntu/demo8/lib/python3.12/site-packages/airflow/example_dags/example_display_name.py for tasks to queue
[2024-12-18T16:01:26.255+0000] {logging_mixin.py:190} INFO - [2024-12-18T16:01:26.255+0000] {dagbag.py:588} INFO - Filling up the DagBag from /home/ubuntu/demo8/lib/python3.12/site-packages/airflow/example_dags/example_display_name.py
[2024-12-18T16:01:26.266+0000] {processor.py:925} INFO - DAG(s) 'example_display_name' retrieved from /home/ubuntu/demo8/lib/python3.12/site-packages/airflow/example_dags/example_display_name.py
[2024-12-18T16:01:26.283+0000] {logging_mixin.py:190} INFO - [2024-12-18T16:01:26.283+0000] {dag.py:3239} INFO - Sync 1 DAGs
[2024-12-18T16:01:26.297+0000] {logging_mixin.py:190} INFO - [2024-12-18T16:01:26.297+0000] {dag.py:4180} INFO - Setting next_dagrun for example_display_name to None, run_after=None
[2024-12-18T16:01:26.319+0000] {processor.py:208} INFO - Processing /home/ubuntu/demo8/lib/python3.12/site-packages/airflow/example_dags/example_display_name.py took 0.083 seconds
[2024-12-18T16:02:22.985+0000] {processor.py:186} INFO - Started process (PID=5228) to work on /home/ubuntu/demo8/lib/python3.12/site-packages/airflow/example_dags/example_display_name.py
[2024-12-18T16:02:22.986+0000] {processor.py:914} INFO - Processing file /home/ubuntu/demo8/lib/python3.12/site-packages/airflow/example_dags/example_display_name.py for tasks to queue
[2024-12-18T16:02:22.989+0000] {logging_mixin.py:190} INFO - [2024-12-18T16:02:22.988+0000] {dagbag.py:588} INFO - Filling up the DagBag from /home/ubuntu/demo8/lib/python3.12/site-packages/airflow/example_dags/example_display_name.py
[2024-12-18T16:02:22.998+0000] {processor.py:925} INFO - DAG(s) 'example_display_name' retrieved from /home/ubuntu/demo8/lib/python3.12/site-packages/airflow/example_dags/example_display_name.py
[2024-12-18T16:02:23.015+0000] {logging_mixin.py:190} INFO - [2024-12-18T16:02:23.015+0000] {dag.py:3239} INFO - Sync 1 DAGs
[2024-12-18T16:02:23.040+0000] {logging_mixin.py:190} INFO - [2024-12-18T16:02:23.040+0000] {dag.py:4180} INFO - Setting next_dagrun for example_display_name to None, run_after=None
[2024-12-18T16:02:23.064+0000] {processor.py:208} INFO - Processing /home/ubuntu/demo8/lib/python3.12/site-packages/airflow/example_dags/example_display_name.py took 0.085 seconds
[2024-12-18T16:03:18.063+0000] {processor.py:186} INFO - Started process (PID=5283) to work on /home/ubuntu/demo8/lib/python3.12/site-packages/airflow/example_dags/example_display_name.py
[2024-12-18T16:03:18.065+0000] {processor.py:914} INFO - Processing file /home/ubuntu/demo8/lib/python3.12/site-packages/airflow/example_dags/example_display_name.py for tasks to queue
[2024-12-18T16:03:18.067+0000] {logging_mixin.py:190} INFO - [2024-12-18T16:03:18.066+0000] {dagbag.py:588} INFO - Filling up the DagBag from /home/ubuntu/demo8/lib/python3.12/site-packages/airflow/example_dags/example_display_name.py
[2024-12-18T16:03:18.076+0000] {processor.py:925} INFO - DAG(s) 'example_display_name' retrieved from /home/ubuntu/demo8/lib/python3.12/site-packages/airflow/example_dags/example_display_name.py
[2024-12-18T16:03:18.100+0000] {logging_mixin.py:190} INFO - [2024-12-18T16:03:18.100+0000] {dag.py:3239} INFO - Sync 1 DAGs
[2024-12-18T16:03:18.115+0000] {logging_mixin.py:190} INFO - [2024-12-18T16:03:18.115+0000] {dag.py:4180} INFO - Setting next_dagrun for example_display_name to None, run_after=None
[2024-12-18T16:03:18.178+0000] {processor.py:208} INFO - Processing /home/ubuntu/demo8/lib/python3.12/site-packages/airflow/example_dags/example_display_name.py took 0.122 seconds
[2024-12-18T20:29:57.461+0000] {processor.py:186} INFO - Started process (PID=2763) to work on /home/ubuntu/demo8/lib/python3.12/site-packages/airflow/example_dags/example_display_name.py
[2024-12-18T20:29:57.463+0000] {processor.py:914} INFO - Processing file /home/ubuntu/demo8/lib/python3.12/site-packages/airflow/example_dags/example_display_name.py for tasks to queue
[2024-12-18T20:29:57.465+0000] {logging_mixin.py:190} INFO - [2024-12-18T20:29:57.465+0000] {dagbag.py:588} INFO - Filling up the DagBag from /home/ubuntu/demo8/lib/python3.12/site-packages/airflow/example_dags/example_display_name.py
[2024-12-18T20:29:57.474+0000] {processor.py:925} INFO - DAG(s) 'example_display_name' retrieved from /home/ubuntu/demo8/lib/python3.12/site-packages/airflow/example_dags/example_display_name.py
[2024-12-18T20:29:57.491+0000] {logging_mixin.py:190} INFO - [2024-12-18T20:29:57.491+0000] {dag.py:3239} INFO - Sync 1 DAGs
[2024-12-18T20:29:57.505+0000] {logging_mixin.py:190} INFO - [2024-12-18T20:29:57.505+0000] {dag.py:4180} INFO - Setting next_dagrun for example_display_name to None, run_after=None
[2024-12-18T20:29:57.530+0000] {processor.py:208} INFO - Processing /home/ubuntu/demo8/lib/python3.12/site-packages/airflow/example_dags/example_display_name.py took 0.076 seconds
[2024-12-18T20:30:55.581+0000] {processor.py:186} INFO - Started process (PID=2946) to work on /home/ubuntu/demo8/lib/python3.12/site-packages/airflow/example_dags/example_display_name.py
[2024-12-18T20:30:55.583+0000] {processor.py:914} INFO - Processing file /home/ubuntu/demo8/lib/python3.12/site-packages/airflow/example_dags/example_display_name.py for tasks to queue
[2024-12-18T20:30:55.585+0000] {logging_mixin.py:190} INFO - [2024-12-18T20:30:55.585+0000] {dagbag.py:588} INFO - Filling up the DagBag from /home/ubuntu/demo8/lib/python3.12/site-packages/airflow/example_dags/example_display_name.py
[2024-12-18T20:30:55.595+0000] {processor.py:925} INFO - DAG(s) 'example_display_name' retrieved from /home/ubuntu/demo8/lib/python3.12/site-packages/airflow/example_dags/example_display_name.py
[2024-12-18T20:30:55.611+0000] {logging_mixin.py:190} INFO - [2024-12-18T20:30:55.610+0000] {dag.py:3239} INFO - Sync 1 DAGs
[2024-12-18T20:30:55.624+0000] {logging_mixin.py:190} INFO - [2024-12-18T20:30:55.624+0000] {dag.py:4180} INFO - Setting next_dagrun for example_display_name to None, run_after=None
[2024-12-18T20:30:55.648+0000] {processor.py:208} INFO - Processing /home/ubuntu/demo8/lib/python3.12/site-packages/airflow/example_dags/example_display_name.py took 0.073 seconds
[2024-12-18T20:31:51.200+0000] {processor.py:186} INFO - Started process (PID=3187) to work on /home/ubuntu/demo8/lib/python3.12/site-packages/airflow/example_dags/example_display_name.py
[2024-12-18T20:31:51.201+0000] {processor.py:914} INFO - Processing file /home/ubuntu/demo8/lib/python3.12/site-packages/airflow/example_dags/example_display_name.py for tasks to queue
[2024-12-18T20:31:51.204+0000] {logging_mixin.py:190} INFO - [2024-12-18T20:31:51.203+0000] {dagbag.py:588} INFO - Filling up the DagBag from /home/ubuntu/demo8/lib/python3.12/site-packages/airflow/example_dags/example_display_name.py
[2024-12-18T20:31:51.213+0000] {processor.py:925} INFO - DAG(s) 'example_display_name' retrieved from /home/ubuntu/demo8/lib/python3.12/site-packages/airflow/example_dags/example_display_name.py
[2024-12-18T20:31:51.229+0000] {logging_mixin.py:190} INFO - [2024-12-18T20:31:51.229+0000] {dag.py:3239} INFO - Sync 1 DAGs
[2024-12-18T20:31:51.244+0000] {logging_mixin.py:190} INFO - [2024-12-18T20:31:51.243+0000] {dag.py:4180} INFO - Setting next_dagrun for example_display_name to None, run_after=None
[2024-12-18T20:31:51.267+0000] {processor.py:208} INFO - Processing /home/ubuntu/demo8/lib/python3.12/site-packages/airflow/example_dags/example_display_name.py took 0.074 seconds
[2024-12-18T20:32:48.094+0000] {processor.py:186} INFO - Started process (PID=3417) to work on /home/ubuntu/demo8/lib/python3.12/site-packages/airflow/example_dags/example_display_name.py
[2024-12-18T20:32:48.096+0000] {processor.py:914} INFO - Processing file /home/ubuntu/demo8/lib/python3.12/site-packages/airflow/example_dags/example_display_name.py for tasks to queue
[2024-12-18T20:32:48.098+0000] {logging_mixin.py:190} INFO - [2024-12-18T20:32:48.098+0000] {dagbag.py:588} INFO - Filling up the DagBag from /home/ubuntu/demo8/lib/python3.12/site-packages/airflow/example_dags/example_display_name.py
[2024-12-18T20:32:48.107+0000] {processor.py:925} INFO - DAG(s) 'example_display_name' retrieved from /home/ubuntu/demo8/lib/python3.12/site-packages/airflow/example_dags/example_display_name.py
[2024-12-18T20:32:48.123+0000] {logging_mixin.py:190} INFO - [2024-12-18T20:32:48.123+0000] {dag.py:3239} INFO - Sync 1 DAGs
[2024-12-18T20:32:48.136+0000] {logging_mixin.py:190} INFO - [2024-12-18T20:32:48.136+0000] {dag.py:4180} INFO - Setting next_dagrun for example_display_name to None, run_after=None
[2024-12-18T20:32:48.160+0000] {processor.py:208} INFO - Processing /home/ubuntu/demo8/lib/python3.12/site-packages/airflow/example_dags/example_display_name.py took 0.072 seconds
[2024-12-18T20:33:42.436+0000] {processor.py:186} INFO - Started process (PID=3534) to work on /home/ubuntu/demo8/lib/python3.12/site-packages/airflow/example_dags/example_display_name.py
[2024-12-18T20:33:42.438+0000] {processor.py:914} INFO - Processing file /home/ubuntu/demo8/lib/python3.12/site-packages/airflow/example_dags/example_display_name.py for tasks to queue
[2024-12-18T20:33:42.440+0000] {logging_mixin.py:190} INFO - [2024-12-18T20:33:42.440+0000] {dagbag.py:588} INFO - Filling up the DagBag from /home/ubuntu/demo8/lib/python3.12/site-packages/airflow/example_dags/example_display_name.py
[2024-12-18T20:33:42.450+0000] {processor.py:925} INFO - DAG(s) 'example_display_name' retrieved from /home/ubuntu/demo8/lib/python3.12/site-packages/airflow/example_dags/example_display_name.py
[2024-12-18T20:33:42.466+0000] {logging_mixin.py:190} INFO - [2024-12-18T20:33:42.466+0000] {dag.py:3239} INFO - Sync 1 DAGs
[2024-12-18T20:33:42.481+0000] {logging_mixin.py:190} INFO - [2024-12-18T20:33:42.480+0000] {dag.py:4180} INFO - Setting next_dagrun for example_display_name to None, run_after=None
[2024-12-18T20:33:42.503+0000] {processor.py:208} INFO - Processing /home/ubuntu/demo8/lib/python3.12/site-packages/airflow/example_dags/example_display_name.py took 0.073 seconds
[2024-12-18T20:34:51.350+0000] {processor.py:186} INFO - Started process (PID=3720) to work on /home/ubuntu/demo8/lib/python3.12/site-packages/airflow/example_dags/example_display_name.py
[2024-12-18T20:34:51.351+0000] {processor.py:914} INFO - Processing file /home/ubuntu/demo8/lib/python3.12/site-packages/airflow/example_dags/example_display_name.py for tasks to queue
[2024-12-18T20:34:51.354+0000] {logging_mixin.py:190} INFO - [2024-12-18T20:34:51.354+0000] {dagbag.py:588} INFO - Filling up the DagBag from /home/ubuntu/demo8/lib/python3.12/site-packages/airflow/example_dags/example_display_name.py
[2024-12-18T20:34:51.363+0000] {processor.py:925} INFO - DAG(s) 'example_display_name' retrieved from /home/ubuntu/demo8/lib/python3.12/site-packages/airflow/example_dags/example_display_name.py
[2024-12-18T20:34:51.379+0000] {logging_mixin.py:190} INFO - [2024-12-18T20:34:51.379+0000] {dag.py:3239} INFO - Sync 1 DAGs
[2024-12-18T20:34:51.393+0000] {logging_mixin.py:190} INFO - [2024-12-18T20:34:51.393+0000] {dag.py:4180} INFO - Setting next_dagrun for example_display_name to None, run_after=None
[2024-12-18T20:34:51.415+0000] {processor.py:208} INFO - Processing /home/ubuntu/demo8/lib/python3.12/site-packages/airflow/example_dags/example_display_name.py took 0.071 seconds
[2024-12-18T20:35:48.980+0000] {processor.py:186} INFO - Started process (PID=3845) to work on /home/ubuntu/demo8/lib/python3.12/site-packages/airflow/example_dags/example_display_name.py
[2024-12-18T20:35:48.982+0000] {processor.py:914} INFO - Processing file /home/ubuntu/demo8/lib/python3.12/site-packages/airflow/example_dags/example_display_name.py for tasks to queue
[2024-12-18T20:35:48.984+0000] {logging_mixin.py:190} INFO - [2024-12-18T20:35:48.984+0000] {dagbag.py:588} INFO - Filling up the DagBag from /home/ubuntu/demo8/lib/python3.12/site-packages/airflow/example_dags/example_display_name.py
[2024-12-18T20:35:48.993+0000] {processor.py:925} INFO - DAG(s) 'example_display_name' retrieved from /home/ubuntu/demo8/lib/python3.12/site-packages/airflow/example_dags/example_display_name.py
[2024-12-18T20:35:49.010+0000] {logging_mixin.py:190} INFO - [2024-12-18T20:35:49.009+0000] {dag.py:3239} INFO - Sync 1 DAGs
[2024-12-18T20:35:49.024+0000] {logging_mixin.py:190} INFO - [2024-12-18T20:35:49.024+0000] {dag.py:4180} INFO - Setting next_dagrun for example_display_name to None, run_after=None
[2024-12-18T20:35:49.048+0000] {processor.py:208} INFO - Processing /home/ubuntu/demo8/lib/python3.12/site-packages/airflow/example_dags/example_display_name.py took 0.074 seconds
[2024-12-18T20:36:47.713+0000] {processor.py:186} INFO - Started process (PID=3963) to work on /home/ubuntu/demo8/lib/python3.12/site-packages/airflow/example_dags/example_display_name.py
[2024-12-18T20:36:47.715+0000] {processor.py:914} INFO - Processing file /home/ubuntu/demo8/lib/python3.12/site-packages/airflow/example_dags/example_display_name.py for tasks to queue
[2024-12-18T20:36:47.717+0000] {logging_mixin.py:190} INFO - [2024-12-18T20:36:47.717+0000] {dagbag.py:588} INFO - Filling up the DagBag from /home/ubuntu/demo8/lib/python3.12/site-packages/airflow/example_dags/example_display_name.py
[2024-12-18T20:36:47.727+0000] {processor.py:925} INFO - DAG(s) 'example_display_name' retrieved from /home/ubuntu/demo8/lib/python3.12/site-packages/airflow/example_dags/example_display_name.py
[2024-12-18T20:36:47.744+0000] {logging_mixin.py:190} INFO - [2024-12-18T20:36:47.744+0000] {dag.py:3239} INFO - Sync 1 DAGs
[2024-12-18T20:36:47.759+0000] {logging_mixin.py:190} INFO - [2024-12-18T20:36:47.758+0000] {dag.py:4180} INFO - Setting next_dagrun for example_display_name to None, run_after=None
[2024-12-18T20:36:47.782+0000] {processor.py:208} INFO - Processing /home/ubuntu/demo8/lib/python3.12/site-packages/airflow/example_dags/example_display_name.py took 0.075 seconds
[2024-12-18T20:37:42.914+0000] {processor.py:186} INFO - Started process (PID=4082) to work on /home/ubuntu/demo8/lib/python3.12/site-packages/airflow/example_dags/example_display_name.py
[2024-12-18T20:37:42.915+0000] {processor.py:914} INFO - Processing file /home/ubuntu/demo8/lib/python3.12/site-packages/airflow/example_dags/example_display_name.py for tasks to queue
[2024-12-18T20:37:42.918+0000] {logging_mixin.py:190} INFO - [2024-12-18T20:37:42.917+0000] {dagbag.py:588} INFO - Filling up the DagBag from /home/ubuntu/demo8/lib/python3.12/site-packages/airflow/example_dags/example_display_name.py
[2024-12-18T20:37:42.927+0000] {processor.py:925} INFO - DAG(s) 'example_display_name' retrieved from /home/ubuntu/demo8/lib/python3.12/site-packages/airflow/example_dags/example_display_name.py
[2024-12-18T20:37:42.943+0000] {logging_mixin.py:190} INFO - [2024-12-18T20:37:42.943+0000] {dag.py:3239} INFO - Sync 1 DAGs
[2024-12-18T20:37:42.958+0000] {logging_mixin.py:190} INFO - [2024-12-18T20:37:42.957+0000] {dag.py:4180} INFO - Setting next_dagrun for example_display_name to None, run_after=None
[2024-12-18T20:37:42.981+0000] {processor.py:208} INFO - Processing /home/ubuntu/demo8/lib/python3.12/site-packages/airflow/example_dags/example_display_name.py took 0.073 seconds
[2024-12-18T20:38:37.998+0000] {processor.py:186} INFO - Started process (PID=4198) to work on /home/ubuntu/demo8/lib/python3.12/site-packages/airflow/example_dags/example_display_name.py
[2024-12-18T20:38:37.999+0000] {processor.py:914} INFO - Processing file /home/ubuntu/demo8/lib/python3.12/site-packages/airflow/example_dags/example_display_name.py for tasks to queue
[2024-12-18T20:38:38.002+0000] {logging_mixin.py:190} INFO - [2024-12-18T20:38:38.001+0000] {dagbag.py:588} INFO - Filling up the DagBag from /home/ubuntu/demo8/lib/python3.12/site-packages/airflow/example_dags/example_display_name.py
[2024-12-18T20:38:38.011+0000] {processor.py:925} INFO - DAG(s) 'example_display_name' retrieved from /home/ubuntu/demo8/lib/python3.12/site-packages/airflow/example_dags/example_display_name.py
[2024-12-18T20:38:38.028+0000] {logging_mixin.py:190} INFO - [2024-12-18T20:38:38.028+0000] {dag.py:3239} INFO - Sync 1 DAGs
[2024-12-18T20:38:38.042+0000] {logging_mixin.py:190} INFO - [2024-12-18T20:38:38.042+0000] {dag.py:4180} INFO - Setting next_dagrun for example_display_name to None, run_after=None
[2024-12-18T20:38:38.066+0000] {processor.py:208} INFO - Processing /home/ubuntu/demo8/lib/python3.12/site-packages/airflow/example_dags/example_display_name.py took 0.075 seconds
[2024-12-18T20:39:33.821+0000] {processor.py:186} INFO - Started process (PID=4376) to work on /home/ubuntu/demo8/lib/python3.12/site-packages/airflow/example_dags/example_display_name.py
[2024-12-18T20:39:33.823+0000] {processor.py:914} INFO - Processing file /home/ubuntu/demo8/lib/python3.12/site-packages/airflow/example_dags/example_display_name.py for tasks to queue
[2024-12-18T20:39:33.825+0000] {logging_mixin.py:190} INFO - [2024-12-18T20:39:33.825+0000] {dagbag.py:588} INFO - Filling up the DagBag from /home/ubuntu/demo8/lib/python3.12/site-packages/airflow/example_dags/example_display_name.py
[2024-12-18T20:39:33.835+0000] {processor.py:925} INFO - DAG(s) 'example_display_name' retrieved from /home/ubuntu/demo8/lib/python3.12/site-packages/airflow/example_dags/example_display_name.py
[2024-12-18T20:39:33.851+0000] {logging_mixin.py:190} INFO - [2024-12-18T20:39:33.851+0000] {dag.py:3239} INFO - Sync 1 DAGs
[2024-12-18T20:39:33.865+0000] {logging_mixin.py:190} INFO - [2024-12-18T20:39:33.865+0000] {dag.py:4180} INFO - Setting next_dagrun for example_display_name to None, run_after=None
[2024-12-18T20:39:33.889+0000] {processor.py:208} INFO - Processing /home/ubuntu/demo8/lib/python3.12/site-packages/airflow/example_dags/example_display_name.py took 0.074 seconds
[2024-12-18T20:40:31.501+0000] {processor.py:186} INFO - Started process (PID=4512) to work on /home/ubuntu/demo8/lib/python3.12/site-packages/airflow/example_dags/example_display_name.py
[2024-12-18T20:40:31.502+0000] {processor.py:914} INFO - Processing file /home/ubuntu/demo8/lib/python3.12/site-packages/airflow/example_dags/example_display_name.py for tasks to queue
[2024-12-18T20:40:31.504+0000] {logging_mixin.py:190} INFO - [2024-12-18T20:40:31.504+0000] {dagbag.py:588} INFO - Filling up the DagBag from /home/ubuntu/demo8/lib/python3.12/site-packages/airflow/example_dags/example_display_name.py
[2024-12-18T20:40:31.513+0000] {processor.py:925} INFO - DAG(s) 'example_display_name' retrieved from /home/ubuntu/demo8/lib/python3.12/site-packages/airflow/example_dags/example_display_name.py
[2024-12-18T20:40:31.531+0000] {logging_mixin.py:190} INFO - [2024-12-18T20:40:31.530+0000] {dag.py:3239} INFO - Sync 1 DAGs
[2024-12-18T20:40:31.545+0000] {logging_mixin.py:190} INFO - [2024-12-18T20:40:31.544+0000] {dag.py:4180} INFO - Setting next_dagrun for example_display_name to None, run_after=None
[2024-12-18T20:40:31.567+0000] {processor.py:208} INFO - Processing /home/ubuntu/demo8/lib/python3.12/site-packages/airflow/example_dags/example_display_name.py took 0.073 seconds
[2024-12-18T20:41:24.854+0000] {processor.py:186} INFO - Started process (PID=4631) to work on /home/ubuntu/demo8/lib/python3.12/site-packages/airflow/example_dags/example_display_name.py
[2024-12-18T20:41:24.856+0000] {processor.py:914} INFO - Processing file /home/ubuntu/demo8/lib/python3.12/site-packages/airflow/example_dags/example_display_name.py for tasks to queue
[2024-12-18T20:41:24.858+0000] {logging_mixin.py:190} INFO - [2024-12-18T20:41:24.858+0000] {dagbag.py:588} INFO - Filling up the DagBag from /home/ubuntu/demo8/lib/python3.12/site-packages/airflow/example_dags/example_display_name.py
[2024-12-18T20:41:24.868+0000] {processor.py:925} INFO - DAG(s) 'example_display_name' retrieved from /home/ubuntu/demo8/lib/python3.12/site-packages/airflow/example_dags/example_display_name.py
[2024-12-18T20:41:24.885+0000] {logging_mixin.py:190} INFO - [2024-12-18T20:41:24.884+0000] {dag.py:3239} INFO - Sync 1 DAGs
[2024-12-18T20:41:24.899+0000] {logging_mixin.py:190} INFO - [2024-12-18T20:41:24.899+0000] {dag.py:4180} INFO - Setting next_dagrun for example_display_name to None, run_after=None
[2024-12-18T20:41:24.924+0000] {processor.py:208} INFO - Processing /home/ubuntu/demo8/lib/python3.12/site-packages/airflow/example_dags/example_display_name.py took 0.076 seconds
[2024-12-18T20:42:20.511+0000] {processor.py:186} INFO - Started process (PID=4748) to work on /home/ubuntu/demo8/lib/python3.12/site-packages/airflow/example_dags/example_display_name.py
[2024-12-18T20:42:20.512+0000] {processor.py:914} INFO - Processing file /home/ubuntu/demo8/lib/python3.12/site-packages/airflow/example_dags/example_display_name.py for tasks to queue
[2024-12-18T20:42:20.515+0000] {logging_mixin.py:190} INFO - [2024-12-18T20:42:20.514+0000] {dagbag.py:588} INFO - Filling up the DagBag from /home/ubuntu/demo8/lib/python3.12/site-packages/airflow/example_dags/example_display_name.py
[2024-12-18T20:42:20.524+0000] {processor.py:925} INFO - DAG(s) 'example_display_name' retrieved from /home/ubuntu/demo8/lib/python3.12/site-packages/airflow/example_dags/example_display_name.py
[2024-12-18T20:42:20.541+0000] {logging_mixin.py:190} INFO - [2024-12-18T20:42:20.540+0000] {dag.py:3239} INFO - Sync 1 DAGs
[2024-12-18T20:42:20.555+0000] {logging_mixin.py:190} INFO - [2024-12-18T20:42:20.554+0000] {dag.py:4180} INFO - Setting next_dagrun for example_display_name to None, run_after=None
[2024-12-18T20:42:20.576+0000] {processor.py:208} INFO - Processing /home/ubuntu/demo8/lib/python3.12/site-packages/airflow/example_dags/example_display_name.py took 0.072 seconds
[2024-12-18T20:43:15.599+0000] {processor.py:186} INFO - Started process (PID=4804) to work on /home/ubuntu/demo8/lib/python3.12/site-packages/airflow/example_dags/example_display_name.py
[2024-12-18T20:43:15.601+0000] {processor.py:914} INFO - Processing file /home/ubuntu/demo8/lib/python3.12/site-packages/airflow/example_dags/example_display_name.py for tasks to queue
[2024-12-18T20:43:15.603+0000] {logging_mixin.py:190} INFO - [2024-12-18T20:43:15.603+0000] {dagbag.py:588} INFO - Filling up the DagBag from /home/ubuntu/demo8/lib/python3.12/site-packages/airflow/example_dags/example_display_name.py
[2024-12-18T20:43:15.612+0000] {processor.py:925} INFO - DAG(s) 'example_display_name' retrieved from /home/ubuntu/demo8/lib/python3.12/site-packages/airflow/example_dags/example_display_name.py
[2024-12-18T20:43:15.629+0000] {logging_mixin.py:190} INFO - [2024-12-18T20:43:15.629+0000] {dag.py:3239} INFO - Sync 1 DAGs
[2024-12-18T20:43:15.643+0000] {logging_mixin.py:190} INFO - [2024-12-18T20:43:15.643+0000] {dag.py:4180} INFO - Setting next_dagrun for example_display_name to None, run_after=None
[2024-12-18T20:43:15.665+0000] {processor.py:208} INFO - Processing /home/ubuntu/demo8/lib/python3.12/site-packages/airflow/example_dags/example_display_name.py took 0.072 seconds
[2024-12-18T20:44:08.678+0000] {processor.py:186} INFO - Started process (PID=4919) to work on /home/ubuntu/demo8/lib/python3.12/site-packages/airflow/example_dags/example_display_name.py
[2024-12-18T20:44:08.680+0000] {processor.py:914} INFO - Processing file /home/ubuntu/demo8/lib/python3.12/site-packages/airflow/example_dags/example_display_name.py for tasks to queue
[2024-12-18T20:44:08.682+0000] {logging_mixin.py:190} INFO - [2024-12-18T20:44:08.682+0000] {dagbag.py:588} INFO - Filling up the DagBag from /home/ubuntu/demo8/lib/python3.12/site-packages/airflow/example_dags/example_display_name.py
[2024-12-18T20:44:08.694+0000] {processor.py:925} INFO - DAG(s) 'example_display_name' retrieved from /home/ubuntu/demo8/lib/python3.12/site-packages/airflow/example_dags/example_display_name.py
[2024-12-18T20:44:08.719+0000] {logging_mixin.py:190} INFO - [2024-12-18T20:44:08.719+0000] {dag.py:3239} INFO - Sync 1 DAGs
[2024-12-18T20:44:08.734+0000] {logging_mixin.py:190} INFO - [2024-12-18T20:44:08.734+0000] {dag.py:4180} INFO - Setting next_dagrun for example_display_name to None, run_after=None
[2024-12-18T20:44:08.757+0000] {processor.py:208} INFO - Processing /home/ubuntu/demo8/lib/python3.12/site-packages/airflow/example_dags/example_display_name.py took 0.085 seconds
[2024-12-18T20:45:02.391+0000] {processor.py:186} INFO - Started process (PID=5100) to work on /home/ubuntu/demo8/lib/python3.12/site-packages/airflow/example_dags/example_display_name.py
[2024-12-18T20:45:02.392+0000] {processor.py:914} INFO - Processing file /home/ubuntu/demo8/lib/python3.12/site-packages/airflow/example_dags/example_display_name.py for tasks to queue
[2024-12-18T20:45:02.395+0000] {logging_mixin.py:190} INFO - [2024-12-18T20:45:02.394+0000] {dagbag.py:588} INFO - Filling up the DagBag from /home/ubuntu/demo8/lib/python3.12/site-packages/airflow/example_dags/example_display_name.py
[2024-12-18T20:45:02.405+0000] {processor.py:925} INFO - DAG(s) 'example_display_name' retrieved from /home/ubuntu/demo8/lib/python3.12/site-packages/airflow/example_dags/example_display_name.py
[2024-12-18T20:45:02.421+0000] {logging_mixin.py:190} INFO - [2024-12-18T20:45:02.421+0000] {dag.py:3239} INFO - Sync 1 DAGs
[2024-12-18T20:45:02.435+0000] {logging_mixin.py:190} INFO - [2024-12-18T20:45:02.435+0000] {dag.py:4180} INFO - Setting next_dagrun for example_display_name to None, run_after=None
[2024-12-18T20:45:02.474+0000] {processor.py:208} INFO - Processing /home/ubuntu/demo8/lib/python3.12/site-packages/airflow/example_dags/example_display_name.py took 0.090 seconds
[2024-12-18T20:47:36.218+0000] {processor.py:186} INFO - Started process (PID=5845) to work on /home/ubuntu/demo8/lib/python3.12/site-packages/airflow/example_dags/example_display_name.py
[2024-12-18T20:47:36.219+0000] {processor.py:914} INFO - Processing file /home/ubuntu/demo8/lib/python3.12/site-packages/airflow/example_dags/example_display_name.py for tasks to queue
[2024-12-18T20:47:36.221+0000] {logging_mixin.py:190} INFO - [2024-12-18T20:47:36.221+0000] {dagbag.py:588} INFO - Filling up the DagBag from /home/ubuntu/demo8/lib/python3.12/site-packages/airflow/example_dags/example_display_name.py
[2024-12-18T20:47:36.230+0000] {processor.py:925} INFO - DAG(s) 'example_display_name' retrieved from /home/ubuntu/demo8/lib/python3.12/site-packages/airflow/example_dags/example_display_name.py
[2024-12-18T20:47:36.247+0000] {logging_mixin.py:190} INFO - [2024-12-18T20:47:36.247+0000] {dag.py:3239} INFO - Sync 1 DAGs
[2024-12-18T20:47:36.261+0000] {logging_mixin.py:190} INFO - [2024-12-18T20:47:36.260+0000] {dag.py:4180} INFO - Setting next_dagrun for example_display_name to None, run_after=None
[2024-12-18T20:47:36.284+0000] {processor.py:208} INFO - Processing /home/ubuntu/demo8/lib/python3.12/site-packages/airflow/example_dags/example_display_name.py took 0.073 seconds
[2024-12-18T20:48:34.931+0000] {processor.py:186} INFO - Started process (PID=6147) to work on /home/ubuntu/demo8/lib/python3.12/site-packages/airflow/example_dags/example_display_name.py
[2024-12-18T20:48:34.933+0000] {processor.py:914} INFO - Processing file /home/ubuntu/demo8/lib/python3.12/site-packages/airflow/example_dags/example_display_name.py for tasks to queue
[2024-12-18T20:48:34.936+0000] {logging_mixin.py:190} INFO - [2024-12-18T20:48:34.935+0000] {dagbag.py:588} INFO - Filling up the DagBag from /home/ubuntu/demo8/lib/python3.12/site-packages/airflow/example_dags/example_display_name.py
[2024-12-18T20:48:34.945+0000] {processor.py:925} INFO - DAG(s) 'example_display_name' retrieved from /home/ubuntu/demo8/lib/python3.12/site-packages/airflow/example_dags/example_display_name.py
[2024-12-18T20:48:34.962+0000] {logging_mixin.py:190} INFO - [2024-12-18T20:48:34.962+0000] {dag.py:3239} INFO - Sync 1 DAGs
[2024-12-18T20:48:34.977+0000] {logging_mixin.py:190} INFO - [2024-12-18T20:48:34.977+0000] {dag.py:4180} INFO - Setting next_dagrun for example_display_name to None, run_after=None
[2024-12-18T20:48:35.001+0000] {processor.py:208} INFO - Processing /home/ubuntu/demo8/lib/python3.12/site-packages/airflow/example_dags/example_display_name.py took 0.076 seconds
[2024-12-18T20:49:31.610+0000] {processor.py:186} INFO - Started process (PID=6445) to work on /home/ubuntu/demo8/lib/python3.12/site-packages/airflow/example_dags/example_display_name.py
[2024-12-18T20:49:31.612+0000] {processor.py:914} INFO - Processing file /home/ubuntu/demo8/lib/python3.12/site-packages/airflow/example_dags/example_display_name.py for tasks to queue
[2024-12-18T20:49:31.614+0000] {logging_mixin.py:190} INFO - [2024-12-18T20:49:31.614+0000] {dagbag.py:588} INFO - Filling up the DagBag from /home/ubuntu/demo8/lib/python3.12/site-packages/airflow/example_dags/example_display_name.py
[2024-12-18T20:49:31.624+0000] {processor.py:925} INFO - DAG(s) 'example_display_name' retrieved from /home/ubuntu/demo8/lib/python3.12/site-packages/airflow/example_dags/example_display_name.py
[2024-12-18T20:49:31.640+0000] {logging_mixin.py:190} INFO - [2024-12-18T20:49:31.640+0000] {dag.py:3239} INFO - Sync 1 DAGs
[2024-12-18T20:49:31.654+0000] {logging_mixin.py:190} INFO - [2024-12-18T20:49:31.654+0000] {dag.py:4180} INFO - Setting next_dagrun for example_display_name to None, run_after=None
[2024-12-18T20:49:31.696+0000] {processor.py:208} INFO - Processing /home/ubuntu/demo8/lib/python3.12/site-packages/airflow/example_dags/example_display_name.py took 0.091 seconds
[2024-12-18T20:50:28.914+0000] {processor.py:186} INFO - Started process (PID=6808) to work on /home/ubuntu/demo8/lib/python3.12/site-packages/airflow/example_dags/example_display_name.py
[2024-12-18T20:50:28.916+0000] {processor.py:914} INFO - Processing file /home/ubuntu/demo8/lib/python3.12/site-packages/airflow/example_dags/example_display_name.py for tasks to queue
[2024-12-18T20:50:28.918+0000] {logging_mixin.py:190} INFO - [2024-12-18T20:50:28.918+0000] {dagbag.py:588} INFO - Filling up the DagBag from /home/ubuntu/demo8/lib/python3.12/site-packages/airflow/example_dags/example_display_name.py
[2024-12-18T20:50:28.928+0000] {processor.py:925} INFO - DAG(s) 'example_display_name' retrieved from /home/ubuntu/demo8/lib/python3.12/site-packages/airflow/example_dags/example_display_name.py
[2024-12-18T20:50:28.945+0000] {logging_mixin.py:190} INFO - [2024-12-18T20:50:28.945+0000] {dag.py:3239} INFO - Sync 1 DAGs
[2024-12-18T20:50:28.959+0000] {logging_mixin.py:190} INFO - [2024-12-18T20:50:28.959+0000] {dag.py:4180} INFO - Setting next_dagrun for example_display_name to None, run_after=None
[2024-12-18T20:50:28.983+0000] {processor.py:208} INFO - Processing /home/ubuntu/demo8/lib/python3.12/site-packages/airflow/example_dags/example_display_name.py took 0.076 seconds
[2024-12-18T20:51:24.173+0000] {processor.py:186} INFO - Started process (PID=6985) to work on /home/ubuntu/demo8/lib/python3.12/site-packages/airflow/example_dags/example_display_name.py
[2024-12-18T20:51:24.175+0000] {processor.py:914} INFO - Processing file /home/ubuntu/demo8/lib/python3.12/site-packages/airflow/example_dags/example_display_name.py for tasks to queue
[2024-12-18T20:51:24.177+0000] {logging_mixin.py:190} INFO - [2024-12-18T20:51:24.177+0000] {dagbag.py:588} INFO - Filling up the DagBag from /home/ubuntu/demo8/lib/python3.12/site-packages/airflow/example_dags/example_display_name.py
[2024-12-18T20:51:24.187+0000] {processor.py:925} INFO - DAG(s) 'example_display_name' retrieved from /home/ubuntu/demo8/lib/python3.12/site-packages/airflow/example_dags/example_display_name.py
[2024-12-18T20:51:24.205+0000] {logging_mixin.py:190} INFO - [2024-12-18T20:51:24.205+0000] {dag.py:3239} INFO - Sync 1 DAGs
[2024-12-18T20:51:24.220+0000] {logging_mixin.py:190} INFO - [2024-12-18T20:51:24.219+0000] {dag.py:4180} INFO - Setting next_dagrun for example_display_name to None, run_after=None
[2024-12-18T20:51:24.244+0000] {processor.py:208} INFO - Processing /home/ubuntu/demo8/lib/python3.12/site-packages/airflow/example_dags/example_display_name.py took 0.077 seconds
