[2024-12-18T15:44:32.019+0000] {processor.py:186} INFO - Started process (PID=3656) to work on /home/ubuntu/demo8/lib/python3.12/site-packages/airflow/example_dags/example_setup_teardown.py
[2024-12-18T15:44:32.020+0000] {processor.py:914} INFO - Processing file /home/ubuntu/demo8/lib/python3.12/site-packages/airflow/example_dags/example_setup_teardown.py for tasks to queue
[2024-12-18T15:44:32.022+0000] {logging_mixin.py:190} INFO - [2024-12-18T15:44:32.022+0000] {dagbag.py:588} INFO - Filling up the DagBag from /home/ubuntu/demo8/lib/python3.12/site-packages/airflow/example_dags/example_setup_teardown.py
[2024-12-18T15:44:32.032+0000] {processor.py:925} INFO - DAG(s) 'example_setup_teardown' retrieved from /home/ubuntu/demo8/lib/python3.12/site-packages/airflow/example_dags/example_setup_teardown.py
[2024-12-18T15:44:32.151+0000] {logging_mixin.py:190} INFO - [2024-12-18T15:44:32.151+0000] {override.py:1911} INFO - Created Permission View: can read on DAG:example_setup_teardown
[2024-12-18T15:44:32.165+0000] {logging_mixin.py:190} INFO - [2024-12-18T15:44:32.165+0000] {override.py:1911} INFO - Created Permission View: can delete on DAG:example_setup_teardown
[2024-12-18T15:44:32.175+0000] {logging_mixin.py:190} INFO - [2024-12-18T15:44:32.174+0000] {override.py:1911} INFO - Created Permission View: can edit on DAG:example_setup_teardown
[2024-12-18T15:44:32.189+0000] {logging_mixin.py:190} INFO - [2024-12-18T15:44:32.189+0000] {override.py:1911} INFO - Created Permission View: can create on DAG Run:example_setup_teardown
[2024-12-18T15:44:32.199+0000] {logging_mixin.py:190} INFO - [2024-12-18T15:44:32.198+0000] {override.py:1911} INFO - Created Permission View: can read on DAG Run:example_setup_teardown
[2024-12-18T15:44:32.209+0000] {logging_mixin.py:190} INFO - [2024-12-18T15:44:32.209+0000] {override.py:1911} INFO - Created Permission View: menu access on DAG Run:example_setup_teardown
[2024-12-18T15:44:32.218+0000] {logging_mixin.py:190} INFO - [2024-12-18T15:44:32.217+0000] {override.py:1911} INFO - Created Permission View: can delete on DAG Run:example_setup_teardown
[2024-12-18T15:44:32.218+0000] {logging_mixin.py:190} INFO - [2024-12-18T15:44:32.218+0000] {dag.py:3239} INFO - Sync 1 DAGs
[2024-12-18T15:44:32.232+0000] {logging_mixin.py:190} INFO - [2024-12-18T15:44:32.232+0000] {dag.py:3262} INFO - Creating ORM DAG for example_setup_teardown
[2024-12-18T15:44:32.233+0000] {logging_mixin.py:190} INFO - [2024-12-18T15:44:32.233+0000] {dag.py:4180} INFO - Setting next_dagrun for example_setup_teardown to None, run_after=None
[2024-12-18T15:44:32.253+0000] {processor.py:208} INFO - Processing /home/ubuntu/demo8/lib/python3.12/site-packages/airflow/example_dags/example_setup_teardown.py took 0.241 seconds
[2024-12-18T15:45:37.929+0000] {processor.py:186} INFO - Started process (PID=3754) to work on /home/ubuntu/demo8/lib/python3.12/site-packages/airflow/example_dags/example_setup_teardown.py
[2024-12-18T15:45:37.930+0000] {processor.py:914} INFO - Processing file /home/ubuntu/demo8/lib/python3.12/site-packages/airflow/example_dags/example_setup_teardown.py for tasks to queue
[2024-12-18T15:45:37.932+0000] {logging_mixin.py:190} INFO - [2024-12-18T15:45:37.932+0000] {dagbag.py:588} INFO - Filling up the DagBag from /home/ubuntu/demo8/lib/python3.12/site-packages/airflow/example_dags/example_setup_teardown.py
[2024-12-18T15:45:37.941+0000] {processor.py:925} INFO - DAG(s) 'example_setup_teardown' retrieved from /home/ubuntu/demo8/lib/python3.12/site-packages/airflow/example_dags/example_setup_teardown.py
[2024-12-18T15:45:37.959+0000] {logging_mixin.py:190} INFO - [2024-12-18T15:45:37.959+0000] {dag.py:3239} INFO - Sync 1 DAGs
[2024-12-18T15:45:37.972+0000] {logging_mixin.py:190} INFO - [2024-12-18T15:45:37.972+0000] {dag.py:4180} INFO - Setting next_dagrun for example_setup_teardown to None, run_after=None
[2024-12-18T15:45:38.006+0000] {processor.py:208} INFO - Processing /home/ubuntu/demo8/lib/python3.12/site-packages/airflow/example_dags/example_setup_teardown.py took 0.083 seconds
[2024-12-18T15:46:34.675+0000] {processor.py:186} INFO - Started process (PID=3814) to work on /home/ubuntu/demo8/lib/python3.12/site-packages/airflow/example_dags/example_setup_teardown.py
[2024-12-18T15:46:34.677+0000] {processor.py:914} INFO - Processing file /home/ubuntu/demo8/lib/python3.12/site-packages/airflow/example_dags/example_setup_teardown.py for tasks to queue
[2024-12-18T15:46:34.679+0000] {logging_mixin.py:190} INFO - [2024-12-18T15:46:34.678+0000] {dagbag.py:588} INFO - Filling up the DagBag from /home/ubuntu/demo8/lib/python3.12/site-packages/airflow/example_dags/example_setup_teardown.py
[2024-12-18T15:46:34.688+0000] {processor.py:925} INFO - DAG(s) 'example_setup_teardown' retrieved from /home/ubuntu/demo8/lib/python3.12/site-packages/airflow/example_dags/example_setup_teardown.py
[2024-12-18T15:46:34.706+0000] {logging_mixin.py:190} INFO - [2024-12-18T15:46:34.706+0000] {dag.py:3239} INFO - Sync 1 DAGs
[2024-12-18T15:46:34.719+0000] {logging_mixin.py:190} INFO - [2024-12-18T15:46:34.719+0000] {dag.py:4180} INFO - Setting next_dagrun for example_setup_teardown to None, run_after=None
[2024-12-18T15:46:34.748+0000] {processor.py:208} INFO - Processing /home/ubuntu/demo8/lib/python3.12/site-packages/airflow/example_dags/example_setup_teardown.py took 0.079 seconds
[2024-12-18T15:47:30.917+0000] {processor.py:186} INFO - Started process (PID=4277) to work on /home/ubuntu/demo8/lib/python3.12/site-packages/airflow/example_dags/example_setup_teardown.py
[2024-12-18T15:47:30.918+0000] {processor.py:914} INFO - Processing file /home/ubuntu/demo8/lib/python3.12/site-packages/airflow/example_dags/example_setup_teardown.py for tasks to queue
[2024-12-18T15:47:30.920+0000] {logging_mixin.py:190} INFO - [2024-12-18T15:47:30.920+0000] {dagbag.py:588} INFO - Filling up the DagBag from /home/ubuntu/demo8/lib/python3.12/site-packages/airflow/example_dags/example_setup_teardown.py
[2024-12-18T15:47:30.930+0000] {processor.py:925} INFO - DAG(s) 'example_setup_teardown' retrieved from /home/ubuntu/demo8/lib/python3.12/site-packages/airflow/example_dags/example_setup_teardown.py
[2024-12-18T15:47:30.948+0000] {logging_mixin.py:190} INFO - [2024-12-18T15:47:30.948+0000] {dag.py:3239} INFO - Sync 1 DAGs
[2024-12-18T15:47:30.961+0000] {logging_mixin.py:190} INFO - [2024-12-18T15:47:30.961+0000] {dag.py:4180} INFO - Setting next_dagrun for example_setup_teardown to None, run_after=None
[2024-12-18T15:47:30.983+0000] {processor.py:208} INFO - Processing /home/ubuntu/demo8/lib/python3.12/site-packages/airflow/example_dags/example_setup_teardown.py took 0.073 seconds
[2024-12-18T15:48:24.259+0000] {processor.py:186} INFO - Started process (PID=4333) to work on /home/ubuntu/demo8/lib/python3.12/site-packages/airflow/example_dags/example_setup_teardown.py
[2024-12-18T15:48:24.260+0000] {processor.py:914} INFO - Processing file /home/ubuntu/demo8/lib/python3.12/site-packages/airflow/example_dags/example_setup_teardown.py for tasks to queue
[2024-12-18T15:48:24.262+0000] {logging_mixin.py:190} INFO - [2024-12-18T15:48:24.262+0000] {dagbag.py:588} INFO - Filling up the DagBag from /home/ubuntu/demo8/lib/python3.12/site-packages/airflow/example_dags/example_setup_teardown.py
[2024-12-18T15:48:24.272+0000] {processor.py:925} INFO - DAG(s) 'example_setup_teardown' retrieved from /home/ubuntu/demo8/lib/python3.12/site-packages/airflow/example_dags/example_setup_teardown.py
[2024-12-18T15:48:24.290+0000] {logging_mixin.py:190} INFO - [2024-12-18T15:48:24.289+0000] {dag.py:3239} INFO - Sync 1 DAGs
[2024-12-18T15:48:24.303+0000] {logging_mixin.py:190} INFO - [2024-12-18T15:48:24.303+0000] {dag.py:4180} INFO - Setting next_dagrun for example_setup_teardown to None, run_after=None
[2024-12-18T15:48:24.327+0000] {processor.py:208} INFO - Processing /home/ubuntu/demo8/lib/python3.12/site-packages/airflow/example_dags/example_setup_teardown.py took 0.075 seconds
[2024-12-18T15:49:21.072+0000] {processor.py:186} INFO - Started process (PID=4387) to work on /home/ubuntu/demo8/lib/python3.12/site-packages/airflow/example_dags/example_setup_teardown.py
[2024-12-18T15:49:21.074+0000] {processor.py:914} INFO - Processing file /home/ubuntu/demo8/lib/python3.12/site-packages/airflow/example_dags/example_setup_teardown.py for tasks to queue
[2024-12-18T15:49:21.076+0000] {logging_mixin.py:190} INFO - [2024-12-18T15:49:21.076+0000] {dagbag.py:588} INFO - Filling up the DagBag from /home/ubuntu/demo8/lib/python3.12/site-packages/airflow/example_dags/example_setup_teardown.py
[2024-12-18T15:49:21.086+0000] {processor.py:925} INFO - DAG(s) 'example_setup_teardown' retrieved from /home/ubuntu/demo8/lib/python3.12/site-packages/airflow/example_dags/example_setup_teardown.py
[2024-12-18T15:49:21.115+0000] {logging_mixin.py:190} INFO - [2024-12-18T15:49:21.115+0000] {dag.py:3239} INFO - Sync 1 DAGs
[2024-12-18T15:49:21.257+0000] {logging_mixin.py:190} INFO - [2024-12-18T15:49:21.257+0000] {dag.py:4180} INFO - Setting next_dagrun for example_setup_teardown to None, run_after=None
[2024-12-18T15:49:21.277+0000] {processor.py:208} INFO - Processing /home/ubuntu/demo8/lib/python3.12/site-packages/airflow/example_dags/example_setup_teardown.py took 0.211 seconds
[2024-12-18T15:50:23.377+0000] {processor.py:186} INFO - Started process (PID=4449) to work on /home/ubuntu/demo8/lib/python3.12/site-packages/airflow/example_dags/example_setup_teardown.py
[2024-12-18T15:50:23.379+0000] {processor.py:914} INFO - Processing file /home/ubuntu/demo8/lib/python3.12/site-packages/airflow/example_dags/example_setup_teardown.py for tasks to queue
[2024-12-18T15:50:23.381+0000] {logging_mixin.py:190} INFO - [2024-12-18T15:50:23.380+0000] {dagbag.py:588} INFO - Filling up the DagBag from /home/ubuntu/demo8/lib/python3.12/site-packages/airflow/example_dags/example_setup_teardown.py
[2024-12-18T15:50:23.390+0000] {processor.py:925} INFO - DAG(s) 'example_setup_teardown' retrieved from /home/ubuntu/demo8/lib/python3.12/site-packages/airflow/example_dags/example_setup_teardown.py
[2024-12-18T15:50:23.407+0000] {logging_mixin.py:190} INFO - [2024-12-18T15:50:23.407+0000] {dag.py:3239} INFO - Sync 1 DAGs
[2024-12-18T15:50:23.422+0000] {logging_mixin.py:190} INFO - [2024-12-18T15:50:23.422+0000] {dag.py:4180} INFO - Setting next_dagrun for example_setup_teardown to None, run_after=None
[2024-12-18T15:50:23.444+0000] {processor.py:208} INFO - Processing /home/ubuntu/demo8/lib/python3.12/site-packages/airflow/example_dags/example_setup_teardown.py took 0.074 seconds
[2024-12-18T15:51:19.195+0000] {processor.py:186} INFO - Started process (PID=4519) to work on /home/ubuntu/demo8/lib/python3.12/site-packages/airflow/example_dags/example_setup_teardown.py
[2024-12-18T15:51:19.197+0000] {processor.py:914} INFO - Processing file /home/ubuntu/demo8/lib/python3.12/site-packages/airflow/example_dags/example_setup_teardown.py for tasks to queue
[2024-12-18T15:51:19.199+0000] {logging_mixin.py:190} INFO - [2024-12-18T15:51:19.199+0000] {dagbag.py:588} INFO - Filling up the DagBag from /home/ubuntu/demo8/lib/python3.12/site-packages/airflow/example_dags/example_setup_teardown.py
[2024-12-18T15:51:19.210+0000] {processor.py:925} INFO - DAG(s) 'example_setup_teardown' retrieved from /home/ubuntu/demo8/lib/python3.12/site-packages/airflow/example_dags/example_setup_teardown.py
[2024-12-18T15:51:19.228+0000] {logging_mixin.py:190} INFO - [2024-12-18T15:51:19.228+0000] {dag.py:3239} INFO - Sync 1 DAGs
[2024-12-18T15:51:19.244+0000] {logging_mixin.py:190} INFO - [2024-12-18T15:51:19.244+0000] {dag.py:4180} INFO - Setting next_dagrun for example_setup_teardown to None, run_after=None
[2024-12-18T15:51:19.268+0000] {processor.py:208} INFO - Processing /home/ubuntu/demo8/lib/python3.12/site-packages/airflow/example_dags/example_setup_teardown.py took 0.079 seconds
[2024-12-18T15:52:10.451+0000] {processor.py:186} INFO - Started process (PID=4572) to work on /home/ubuntu/demo8/lib/python3.12/site-packages/airflow/example_dags/example_setup_teardown.py
[2024-12-18T15:52:10.453+0000] {processor.py:914} INFO - Processing file /home/ubuntu/demo8/lib/python3.12/site-packages/airflow/example_dags/example_setup_teardown.py for tasks to queue
[2024-12-18T15:52:10.455+0000] {logging_mixin.py:190} INFO - [2024-12-18T15:52:10.455+0000] {dagbag.py:588} INFO - Filling up the DagBag from /home/ubuntu/demo8/lib/python3.12/site-packages/airflow/example_dags/example_setup_teardown.py
[2024-12-18T15:52:10.465+0000] {processor.py:925} INFO - DAG(s) 'example_setup_teardown' retrieved from /home/ubuntu/demo8/lib/python3.12/site-packages/airflow/example_dags/example_setup_teardown.py
[2024-12-18T15:52:10.483+0000] {logging_mixin.py:190} INFO - [2024-12-18T15:52:10.482+0000] {dag.py:3239} INFO - Sync 1 DAGs
[2024-12-18T15:52:10.497+0000] {logging_mixin.py:190} INFO - [2024-12-18T15:52:10.496+0000] {dag.py:4180} INFO - Setting next_dagrun for example_setup_teardown to None, run_after=None
[2024-12-18T15:52:10.519+0000] {processor.py:208} INFO - Processing /home/ubuntu/demo8/lib/python3.12/site-packages/airflow/example_dags/example_setup_teardown.py took 0.074 seconds
[2024-12-18T15:53:05.866+0000] {processor.py:186} INFO - Started process (PID=4630) to work on /home/ubuntu/demo8/lib/python3.12/site-packages/airflow/example_dags/example_setup_teardown.py
[2024-12-18T15:53:05.867+0000] {processor.py:914} INFO - Processing file /home/ubuntu/demo8/lib/python3.12/site-packages/airflow/example_dags/example_setup_teardown.py for tasks to queue
[2024-12-18T15:53:05.869+0000] {logging_mixin.py:190} INFO - [2024-12-18T15:53:05.869+0000] {dagbag.py:588} INFO - Filling up the DagBag from /home/ubuntu/demo8/lib/python3.12/site-packages/airflow/example_dags/example_setup_teardown.py
[2024-12-18T15:53:05.879+0000] {processor.py:925} INFO - DAG(s) 'example_setup_teardown' retrieved from /home/ubuntu/demo8/lib/python3.12/site-packages/airflow/example_dags/example_setup_teardown.py
[2024-12-18T15:53:05.907+0000] {logging_mixin.py:190} INFO - [2024-12-18T15:53:05.907+0000] {dag.py:3239} INFO - Sync 1 DAGs
[2024-12-18T15:53:05.937+0000] {logging_mixin.py:190} INFO - [2024-12-18T15:53:05.937+0000] {dag.py:4180} INFO - Setting next_dagrun for example_setup_teardown to None, run_after=None
[2024-12-18T15:53:05.980+0000] {processor.py:208} INFO - Processing /home/ubuntu/demo8/lib/python3.12/site-packages/airflow/example_dags/example_setup_teardown.py took 0.120 seconds
[2024-12-18T15:54:00.523+0000] {processor.py:186} INFO - Started process (PID=4699) to work on /home/ubuntu/demo8/lib/python3.12/site-packages/airflow/example_dags/example_setup_teardown.py
[2024-12-18T15:54:00.525+0000] {processor.py:914} INFO - Processing file /home/ubuntu/demo8/lib/python3.12/site-packages/airflow/example_dags/example_setup_teardown.py for tasks to queue
[2024-12-18T15:54:00.527+0000] {logging_mixin.py:190} INFO - [2024-12-18T15:54:00.526+0000] {dagbag.py:588} INFO - Filling up the DagBag from /home/ubuntu/demo8/lib/python3.12/site-packages/airflow/example_dags/example_setup_teardown.py
[2024-12-18T15:54:00.537+0000] {processor.py:925} INFO - DAG(s) 'example_setup_teardown' retrieved from /home/ubuntu/demo8/lib/python3.12/site-packages/airflow/example_dags/example_setup_teardown.py
[2024-12-18T15:54:00.555+0000] {logging_mixin.py:190} INFO - [2024-12-18T15:54:00.555+0000] {dag.py:3239} INFO - Sync 1 DAGs
[2024-12-18T15:54:00.569+0000] {logging_mixin.py:190} INFO - [2024-12-18T15:54:00.569+0000] {dag.py:4180} INFO - Setting next_dagrun for example_setup_teardown to None, run_after=None
[2024-12-18T15:54:00.591+0000] {processor.py:208} INFO - Processing /home/ubuntu/demo8/lib/python3.12/site-packages/airflow/example_dags/example_setup_teardown.py took 0.074 seconds
[2024-12-18T15:54:44.641+0000] {processor.py:186} INFO - Started process (PID=4757) to work on /home/ubuntu/demo8/lib/python3.12/site-packages/airflow/example_dags/example_setup_teardown.py
[2024-12-18T15:54:44.642+0000] {processor.py:914} INFO - Processing file /home/ubuntu/demo8/lib/python3.12/site-packages/airflow/example_dags/example_setup_teardown.py for tasks to queue
[2024-12-18T15:54:44.645+0000] {logging_mixin.py:190} INFO - [2024-12-18T15:54:44.644+0000] {dagbag.py:588} INFO - Filling up the DagBag from /home/ubuntu/demo8/lib/python3.12/site-packages/airflow/example_dags/example_setup_teardown.py
[2024-12-18T15:54:44.654+0000] {processor.py:925} INFO - DAG(s) 'example_setup_teardown' retrieved from /home/ubuntu/demo8/lib/python3.12/site-packages/airflow/example_dags/example_setup_teardown.py
[2024-12-18T15:54:44.673+0000] {logging_mixin.py:190} INFO - [2024-12-18T15:54:44.672+0000] {dag.py:3239} INFO - Sync 1 DAGs
[2024-12-18T15:54:44.686+0000] {logging_mixin.py:190} INFO - [2024-12-18T15:54:44.685+0000] {dag.py:4180} INFO - Setting next_dagrun for example_setup_teardown to None, run_after=None
[2024-12-18T15:54:44.709+0000] {processor.py:208} INFO - Processing /home/ubuntu/demo8/lib/python3.12/site-packages/airflow/example_dags/example_setup_teardown.py took 0.074 seconds
[2024-12-18T15:55:42.842+0000] {processor.py:186} INFO - Started process (PID=4820) to work on /home/ubuntu/demo8/lib/python3.12/site-packages/airflow/example_dags/example_setup_teardown.py
[2024-12-18T15:55:42.843+0000] {processor.py:914} INFO - Processing file /home/ubuntu/demo8/lib/python3.12/site-packages/airflow/example_dags/example_setup_teardown.py for tasks to queue
[2024-12-18T15:55:42.845+0000] {logging_mixin.py:190} INFO - [2024-12-18T15:55:42.845+0000] {dagbag.py:588} INFO - Filling up the DagBag from /home/ubuntu/demo8/lib/python3.12/site-packages/airflow/example_dags/example_setup_teardown.py
[2024-12-18T15:55:42.855+0000] {processor.py:925} INFO - DAG(s) 'example_setup_teardown' retrieved from /home/ubuntu/demo8/lib/python3.12/site-packages/airflow/example_dags/example_setup_teardown.py
[2024-12-18T15:55:42.873+0000] {logging_mixin.py:190} INFO - [2024-12-18T15:55:42.873+0000] {dag.py:3239} INFO - Sync 1 DAGs
[2024-12-18T15:55:42.886+0000] {logging_mixin.py:190} INFO - [2024-12-18T15:55:42.886+0000] {dag.py:4180} INFO - Setting next_dagrun for example_setup_teardown to None, run_after=None
[2024-12-18T15:55:42.910+0000] {processor.py:208} INFO - Processing /home/ubuntu/demo8/lib/python3.12/site-packages/airflow/example_dags/example_setup_teardown.py took 0.074 seconds
[2024-12-18T15:56:35.013+0000] {processor.py:186} INFO - Started process (PID=4875) to work on /home/ubuntu/demo8/lib/python3.12/site-packages/airflow/example_dags/example_setup_teardown.py
[2024-12-18T15:56:35.014+0000] {processor.py:914} INFO - Processing file /home/ubuntu/demo8/lib/python3.12/site-packages/airflow/example_dags/example_setup_teardown.py for tasks to queue
[2024-12-18T15:56:35.016+0000] {logging_mixin.py:190} INFO - [2024-12-18T15:56:35.016+0000] {dagbag.py:588} INFO - Filling up the DagBag from /home/ubuntu/demo8/lib/python3.12/site-packages/airflow/example_dags/example_setup_teardown.py
[2024-12-18T15:56:35.026+0000] {processor.py:925} INFO - DAG(s) 'example_setup_teardown' retrieved from /home/ubuntu/demo8/lib/python3.12/site-packages/airflow/example_dags/example_setup_teardown.py
[2024-12-18T15:56:35.044+0000] {logging_mixin.py:190} INFO - [2024-12-18T15:56:35.044+0000] {dag.py:3239} INFO - Sync 1 DAGs
[2024-12-18T15:56:35.057+0000] {logging_mixin.py:190} INFO - [2024-12-18T15:56:35.057+0000] {dag.py:4180} INFO - Setting next_dagrun for example_setup_teardown to None, run_after=None
[2024-12-18T15:56:35.080+0000] {processor.py:208} INFO - Processing /home/ubuntu/demo8/lib/python3.12/site-packages/airflow/example_dags/example_setup_teardown.py took 0.073 seconds
[2024-12-18T15:57:12.164+0000] {processor.py:186} INFO - Started process (PID=4907) to work on /home/ubuntu/demo8/lib/python3.12/site-packages/airflow/example_dags/example_setup_teardown.py
[2024-12-18T15:57:12.165+0000] {processor.py:914} INFO - Processing file /home/ubuntu/demo8/lib/python3.12/site-packages/airflow/example_dags/example_setup_teardown.py for tasks to queue
[2024-12-18T15:57:12.168+0000] {logging_mixin.py:190} INFO - [2024-12-18T15:57:12.167+0000] {dagbag.py:588} INFO - Filling up the DagBag from /home/ubuntu/demo8/lib/python3.12/site-packages/airflow/example_dags/example_setup_teardown.py
[2024-12-18T15:57:12.177+0000] {processor.py:925} INFO - DAG(s) 'example_setup_teardown' retrieved from /home/ubuntu/demo8/lib/python3.12/site-packages/airflow/example_dags/example_setup_teardown.py
[2024-12-18T15:57:12.197+0000] {logging_mixin.py:190} INFO - [2024-12-18T15:57:12.196+0000] {dag.py:3239} INFO - Sync 1 DAGs
[2024-12-18T15:57:12.210+0000] {logging_mixin.py:190} INFO - [2024-12-18T15:57:12.210+0000] {dag.py:4180} INFO - Setting next_dagrun for example_setup_teardown to None, run_after=None
[2024-12-18T15:57:12.233+0000] {processor.py:208} INFO - Processing /home/ubuntu/demo8/lib/python3.12/site-packages/airflow/example_dags/example_setup_teardown.py took 0.075 seconds
[2024-12-18T15:58:10.255+0000] {processor.py:186} INFO - Started process (PID=4965) to work on /home/ubuntu/demo8/lib/python3.12/site-packages/airflow/example_dags/example_setup_teardown.py
[2024-12-18T15:58:10.257+0000] {processor.py:914} INFO - Processing file /home/ubuntu/demo8/lib/python3.12/site-packages/airflow/example_dags/example_setup_teardown.py for tasks to queue
[2024-12-18T15:58:10.259+0000] {logging_mixin.py:190} INFO - [2024-12-18T15:58:10.258+0000] {dagbag.py:588} INFO - Filling up the DagBag from /home/ubuntu/demo8/lib/python3.12/site-packages/airflow/example_dags/example_setup_teardown.py
[2024-12-18T15:58:10.269+0000] {processor.py:925} INFO - DAG(s) 'example_setup_teardown' retrieved from /home/ubuntu/demo8/lib/python3.12/site-packages/airflow/example_dags/example_setup_teardown.py
[2024-12-18T15:58:10.286+0000] {logging_mixin.py:190} INFO - [2024-12-18T15:58:10.286+0000] {dag.py:3239} INFO - Sync 1 DAGs
[2024-12-18T15:58:10.300+0000] {logging_mixin.py:190} INFO - [2024-12-18T15:58:10.300+0000] {dag.py:4180} INFO - Setting next_dagrun for example_setup_teardown to None, run_after=None
[2024-12-18T15:58:10.322+0000] {processor.py:208} INFO - Processing /home/ubuntu/demo8/lib/python3.12/site-packages/airflow/example_dags/example_setup_teardown.py took 0.073 seconds
[2024-12-18T15:59:02.528+0000] {processor.py:186} INFO - Started process (PID=5020) to work on /home/ubuntu/demo8/lib/python3.12/site-packages/airflow/example_dags/example_setup_teardown.py
[2024-12-18T15:59:02.530+0000] {processor.py:914} INFO - Processing file /home/ubuntu/demo8/lib/python3.12/site-packages/airflow/example_dags/example_setup_teardown.py for tasks to queue
[2024-12-18T15:59:02.532+0000] {logging_mixin.py:190} INFO - [2024-12-18T15:59:02.532+0000] {dagbag.py:588} INFO - Filling up the DagBag from /home/ubuntu/demo8/lib/python3.12/site-packages/airflow/example_dags/example_setup_teardown.py
[2024-12-18T15:59:02.541+0000] {processor.py:925} INFO - DAG(s) 'example_setup_teardown' retrieved from /home/ubuntu/demo8/lib/python3.12/site-packages/airflow/example_dags/example_setup_teardown.py
[2024-12-18T15:59:02.559+0000] {logging_mixin.py:190} INFO - [2024-12-18T15:59:02.559+0000] {dag.py:3239} INFO - Sync 1 DAGs
[2024-12-18T15:59:02.572+0000] {logging_mixin.py:190} INFO - [2024-12-18T15:59:02.572+0000] {dag.py:4180} INFO - Setting next_dagrun for example_setup_teardown to None, run_after=None
[2024-12-18T15:59:02.594+0000] {processor.py:208} INFO - Processing /home/ubuntu/demo8/lib/python3.12/site-packages/airflow/example_dags/example_setup_teardown.py took 0.072 seconds
[2024-12-18T16:00:10.979+0000] {processor.py:186} INFO - Started process (PID=5088) to work on /home/ubuntu/demo8/lib/python3.12/site-packages/airflow/example_dags/example_setup_teardown.py
[2024-12-18T16:00:10.980+0000] {processor.py:914} INFO - Processing file /home/ubuntu/demo8/lib/python3.12/site-packages/airflow/example_dags/example_setup_teardown.py for tasks to queue
[2024-12-18T16:00:10.983+0000] {logging_mixin.py:190} INFO - [2024-12-18T16:00:10.982+0000] {dagbag.py:588} INFO - Filling up the DagBag from /home/ubuntu/demo8/lib/python3.12/site-packages/airflow/example_dags/example_setup_teardown.py
[2024-12-18T16:00:10.993+0000] {processor.py:925} INFO - DAG(s) 'example_setup_teardown' retrieved from /home/ubuntu/demo8/lib/python3.12/site-packages/airflow/example_dags/example_setup_teardown.py
[2024-12-18T16:00:11.013+0000] {logging_mixin.py:190} INFO - [2024-12-18T16:00:11.013+0000] {dag.py:3239} INFO - Sync 1 DAGs
[2024-12-18T16:00:11.027+0000] {logging_mixin.py:190} INFO - [2024-12-18T16:00:11.027+0000] {dag.py:4180} INFO - Setting next_dagrun for example_setup_teardown to None, run_after=None
[2024-12-18T16:00:11.051+0000] {processor.py:208} INFO - Processing /home/ubuntu/demo8/lib/python3.12/site-packages/airflow/example_dags/example_setup_teardown.py took 0.078 seconds
[2024-12-18T16:01:09.166+0000] {processor.py:186} INFO - Started process (PID=5150) to work on /home/ubuntu/demo8/lib/python3.12/site-packages/airflow/example_dags/example_setup_teardown.py
[2024-12-18T16:01:09.168+0000] {processor.py:914} INFO - Processing file /home/ubuntu/demo8/lib/python3.12/site-packages/airflow/example_dags/example_setup_teardown.py for tasks to queue
[2024-12-18T16:01:09.170+0000] {logging_mixin.py:190} INFO - [2024-12-18T16:01:09.170+0000] {dagbag.py:588} INFO - Filling up the DagBag from /home/ubuntu/demo8/lib/python3.12/site-packages/airflow/example_dags/example_setup_teardown.py
[2024-12-18T16:01:09.180+0000] {processor.py:925} INFO - DAG(s) 'example_setup_teardown' retrieved from /home/ubuntu/demo8/lib/python3.12/site-packages/airflow/example_dags/example_setup_teardown.py
[2024-12-18T16:01:09.198+0000] {logging_mixin.py:190} INFO - [2024-12-18T16:01:09.198+0000] {dag.py:3239} INFO - Sync 1 DAGs
[2024-12-18T16:01:09.211+0000] {logging_mixin.py:190} INFO - [2024-12-18T16:01:09.211+0000] {dag.py:4180} INFO - Setting next_dagrun for example_setup_teardown to None, run_after=None
[2024-12-18T16:01:09.234+0000] {processor.py:208} INFO - Processing /home/ubuntu/demo8/lib/python3.12/site-packages/airflow/example_dags/example_setup_teardown.py took 0.073 seconds
[2024-12-18T16:02:01.340+0000] {processor.py:186} INFO - Started process (PID=5206) to work on /home/ubuntu/demo8/lib/python3.12/site-packages/airflow/example_dags/example_setup_teardown.py
[2024-12-18T16:02:01.341+0000] {processor.py:914} INFO - Processing file /home/ubuntu/demo8/lib/python3.12/site-packages/airflow/example_dags/example_setup_teardown.py for tasks to queue
[2024-12-18T16:02:01.343+0000] {logging_mixin.py:190} INFO - [2024-12-18T16:02:01.343+0000] {dagbag.py:588} INFO - Filling up the DagBag from /home/ubuntu/demo8/lib/python3.12/site-packages/airflow/example_dags/example_setup_teardown.py
[2024-12-18T16:02:01.353+0000] {processor.py:925} INFO - DAG(s) 'example_setup_teardown' retrieved from /home/ubuntu/demo8/lib/python3.12/site-packages/airflow/example_dags/example_setup_teardown.py
[2024-12-18T16:02:01.371+0000] {logging_mixin.py:190} INFO - [2024-12-18T16:02:01.371+0000] {dag.py:3239} INFO - Sync 1 DAGs
[2024-12-18T16:02:01.385+0000] {logging_mixin.py:190} INFO - [2024-12-18T16:02:01.385+0000] {dag.py:4180} INFO - Setting next_dagrun for example_setup_teardown to None, run_after=None
[2024-12-18T16:02:01.412+0000] {processor.py:208} INFO - Processing /home/ubuntu/demo8/lib/python3.12/site-packages/airflow/example_dags/example_setup_teardown.py took 0.078 seconds
[2024-12-18T16:02:54.978+0000] {processor.py:186} INFO - Started process (PID=5261) to work on /home/ubuntu/demo8/lib/python3.12/site-packages/airflow/example_dags/example_setup_teardown.py
[2024-12-18T16:02:54.979+0000] {processor.py:914} INFO - Processing file /home/ubuntu/demo8/lib/python3.12/site-packages/airflow/example_dags/example_setup_teardown.py for tasks to queue
[2024-12-18T16:02:54.982+0000] {logging_mixin.py:190} INFO - [2024-12-18T16:02:54.981+0000] {dagbag.py:588} INFO - Filling up the DagBag from /home/ubuntu/demo8/lib/python3.12/site-packages/airflow/example_dags/example_setup_teardown.py
[2024-12-18T16:02:54.991+0000] {processor.py:925} INFO - DAG(s) 'example_setup_teardown' retrieved from /home/ubuntu/demo8/lib/python3.12/site-packages/airflow/example_dags/example_setup_teardown.py
[2024-12-18T16:02:55.010+0000] {logging_mixin.py:190} INFO - [2024-12-18T16:02:55.010+0000] {dag.py:3239} INFO - Sync 1 DAGs
[2024-12-18T16:02:55.024+0000] {logging_mixin.py:190} INFO - [2024-12-18T16:02:55.024+0000] {dag.py:4180} INFO - Setting next_dagrun for example_setup_teardown to None, run_after=None
[2024-12-18T16:02:55.048+0000] {processor.py:208} INFO - Processing /home/ubuntu/demo8/lib/python3.12/site-packages/airflow/example_dags/example_setup_teardown.py took 0.077 seconds
[2024-12-18T20:29:37.986+0000] {processor.py:186} INFO - Started process (PID=2744) to work on /home/ubuntu/demo8/lib/python3.12/site-packages/airflow/example_dags/example_setup_teardown.py
[2024-12-18T20:29:37.988+0000] {processor.py:914} INFO - Processing file /home/ubuntu/demo8/lib/python3.12/site-packages/airflow/example_dags/example_setup_teardown.py for tasks to queue
[2024-12-18T20:29:37.991+0000] {logging_mixin.py:190} INFO - [2024-12-18T20:29:37.991+0000] {dagbag.py:588} INFO - Filling up the DagBag from /home/ubuntu/demo8/lib/python3.12/site-packages/airflow/example_dags/example_setup_teardown.py
[2024-12-18T20:29:38.001+0000] {processor.py:925} INFO - DAG(s) 'example_setup_teardown' retrieved from /home/ubuntu/demo8/lib/python3.12/site-packages/airflow/example_dags/example_setup_teardown.py
[2024-12-18T20:29:38.021+0000] {logging_mixin.py:190} INFO - [2024-12-18T20:29:38.020+0000] {dag.py:3239} INFO - Sync 1 DAGs
[2024-12-18T20:29:38.034+0000] {logging_mixin.py:190} INFO - [2024-12-18T20:29:38.034+0000] {dag.py:4180} INFO - Setting next_dagrun for example_setup_teardown to None, run_after=None
[2024-12-18T20:29:38.059+0000] {processor.py:208} INFO - Processing /home/ubuntu/demo8/lib/python3.12/site-packages/airflow/example_dags/example_setup_teardown.py took 0.078 seconds
[2024-12-18T20:30:35.947+0000] {processor.py:186} INFO - Started process (PID=2927) to work on /home/ubuntu/demo8/lib/python3.12/site-packages/airflow/example_dags/example_setup_teardown.py
[2024-12-18T20:30:35.949+0000] {processor.py:914} INFO - Processing file /home/ubuntu/demo8/lib/python3.12/site-packages/airflow/example_dags/example_setup_teardown.py for tasks to queue
[2024-12-18T20:30:35.952+0000] {logging_mixin.py:190} INFO - [2024-12-18T20:30:35.951+0000] {dagbag.py:588} INFO - Filling up the DagBag from /home/ubuntu/demo8/lib/python3.12/site-packages/airflow/example_dags/example_setup_teardown.py
[2024-12-18T20:30:35.961+0000] {processor.py:925} INFO - DAG(s) 'example_setup_teardown' retrieved from /home/ubuntu/demo8/lib/python3.12/site-packages/airflow/example_dags/example_setup_teardown.py
[2024-12-18T20:30:35.979+0000] {logging_mixin.py:190} INFO - [2024-12-18T20:30:35.978+0000] {dag.py:3239} INFO - Sync 1 DAGs
[2024-12-18T20:30:35.992+0000] {logging_mixin.py:190} INFO - [2024-12-18T20:30:35.992+0000] {dag.py:4180} INFO - Setting next_dagrun for example_setup_teardown to None, run_after=None
[2024-12-18T20:30:36.015+0000] {processor.py:208} INFO - Processing /home/ubuntu/demo8/lib/python3.12/site-packages/airflow/example_dags/example_setup_teardown.py took 0.074 seconds
[2024-12-18T20:31:31.403+0000] {processor.py:186} INFO - Started process (PID=3142) to work on /home/ubuntu/demo8/lib/python3.12/site-packages/airflow/example_dags/example_setup_teardown.py
[2024-12-18T20:31:31.405+0000] {processor.py:914} INFO - Processing file /home/ubuntu/demo8/lib/python3.12/site-packages/airflow/example_dags/example_setup_teardown.py for tasks to queue
[2024-12-18T20:31:31.409+0000] {logging_mixin.py:190} INFO - [2024-12-18T20:31:31.409+0000] {dagbag.py:588} INFO - Filling up the DagBag from /home/ubuntu/demo8/lib/python3.12/site-packages/airflow/example_dags/example_setup_teardown.py
[2024-12-18T20:31:31.422+0000] {processor.py:925} INFO - DAG(s) 'example_setup_teardown' retrieved from /home/ubuntu/demo8/lib/python3.12/site-packages/airflow/example_dags/example_setup_teardown.py
[2024-12-18T20:31:31.439+0000] {logging_mixin.py:190} INFO - [2024-12-18T20:31:31.439+0000] {dag.py:3239} INFO - Sync 1 DAGs
[2024-12-18T20:31:31.453+0000] {logging_mixin.py:190} INFO - [2024-12-18T20:31:31.453+0000] {dag.py:4180} INFO - Setting next_dagrun for example_setup_teardown to None, run_after=None
[2024-12-18T20:31:31.476+0000] {processor.py:208} INFO - Processing /home/ubuntu/demo8/lib/python3.12/site-packages/airflow/example_dags/example_setup_teardown.py took 0.085 seconds
[2024-12-18T20:32:26.332+0000] {processor.py:186} INFO - Started process (PID=3357) to work on /home/ubuntu/demo8/lib/python3.12/site-packages/airflow/example_dags/example_setup_teardown.py
[2024-12-18T20:32:26.335+0000] {processor.py:914} INFO - Processing file /home/ubuntu/demo8/lib/python3.12/site-packages/airflow/example_dags/example_setup_teardown.py for tasks to queue
[2024-12-18T20:32:26.339+0000] {logging_mixin.py:190} INFO - [2024-12-18T20:32:26.339+0000] {dagbag.py:588} INFO - Filling up the DagBag from /home/ubuntu/demo8/lib/python3.12/site-packages/airflow/example_dags/example_setup_teardown.py
[2024-12-18T20:32:26.359+0000] {processor.py:925} INFO - DAG(s) 'example_setup_teardown' retrieved from /home/ubuntu/demo8/lib/python3.12/site-packages/airflow/example_dags/example_setup_teardown.py
[2024-12-18T20:32:26.396+0000] {logging_mixin.py:190} INFO - [2024-12-18T20:32:26.395+0000] {dag.py:3239} INFO - Sync 1 DAGs
[2024-12-18T20:32:26.424+0000] {logging_mixin.py:190} INFO - [2024-12-18T20:32:26.424+0000] {dag.py:4180} INFO - Setting next_dagrun for example_setup_teardown to None, run_after=None
[2024-12-18T20:32:26.465+0000] {processor.py:208} INFO - Processing /home/ubuntu/demo8/lib/python3.12/site-packages/airflow/example_dags/example_setup_teardown.py took 0.146 seconds
[2024-12-18T20:33:21.948+0000] {processor.py:186} INFO - Started process (PID=3513) to work on /home/ubuntu/demo8/lib/python3.12/site-packages/airflow/example_dags/example_setup_teardown.py
[2024-12-18T20:33:21.949+0000] {processor.py:914} INFO - Processing file /home/ubuntu/demo8/lib/python3.12/site-packages/airflow/example_dags/example_setup_teardown.py for tasks to queue
[2024-12-18T20:33:21.954+0000] {logging_mixin.py:190} INFO - [2024-12-18T20:33:21.952+0000] {dagbag.py:588} INFO - Filling up the DagBag from /home/ubuntu/demo8/lib/python3.12/site-packages/airflow/example_dags/example_setup_teardown.py
[2024-12-18T20:33:21.972+0000] {processor.py:925} INFO - DAG(s) 'example_setup_teardown' retrieved from /home/ubuntu/demo8/lib/python3.12/site-packages/airflow/example_dags/example_setup_teardown.py
[2024-12-18T20:33:21.990+0000] {logging_mixin.py:190} INFO - [2024-12-18T20:33:21.990+0000] {dag.py:3239} INFO - Sync 1 DAGs
[2024-12-18T20:33:22.003+0000] {logging_mixin.py:190} INFO - [2024-12-18T20:33:22.003+0000] {dag.py:4180} INFO - Setting next_dagrun for example_setup_teardown to None, run_after=None
[2024-12-18T20:33:22.026+0000] {processor.py:208} INFO - Processing /home/ubuntu/demo8/lib/python3.12/site-packages/airflow/example_dags/example_setup_teardown.py took 0.084 seconds
[2024-12-18T20:34:21.970+0000] {processor.py:186} INFO - Started process (PID=3692) to work on /home/ubuntu/demo8/lib/python3.12/site-packages/airflow/example_dags/example_setup_teardown.py
[2024-12-18T20:34:21.972+0000] {processor.py:914} INFO - Processing file /home/ubuntu/demo8/lib/python3.12/site-packages/airflow/example_dags/example_setup_teardown.py for tasks to queue
[2024-12-18T20:34:21.974+0000] {logging_mixin.py:190} INFO - [2024-12-18T20:34:21.974+0000] {dagbag.py:588} INFO - Filling up the DagBag from /home/ubuntu/demo8/lib/python3.12/site-packages/airflow/example_dags/example_setup_teardown.py
[2024-12-18T20:34:21.984+0000] {processor.py:925} INFO - DAG(s) 'example_setup_teardown' retrieved from /home/ubuntu/demo8/lib/python3.12/site-packages/airflow/example_dags/example_setup_teardown.py
[2024-12-18T20:34:22.115+0000] {logging_mixin.py:190} INFO - [2024-12-18T20:34:22.114+0000] {dag.py:3239} INFO - Sync 1 DAGs
[2024-12-18T20:34:22.126+0000] {logging_mixin.py:190} INFO - [2024-12-18T20:34:22.125+0000] {dag.py:4180} INFO - Setting next_dagrun for example_setup_teardown to None, run_after=None
[2024-12-18T20:34:22.147+0000] {processor.py:208} INFO - Processing /home/ubuntu/demo8/lib/python3.12/site-packages/airflow/example_dags/example_setup_teardown.py took 0.182 seconds
[2024-12-18T20:35:26.341+0000] {processor.py:186} INFO - Started process (PID=3819) to work on /home/ubuntu/demo8/lib/python3.12/site-packages/airflow/example_dags/example_setup_teardown.py
[2024-12-18T20:35:26.342+0000] {processor.py:914} INFO - Processing file /home/ubuntu/demo8/lib/python3.12/site-packages/airflow/example_dags/example_setup_teardown.py for tasks to queue
[2024-12-18T20:35:26.345+0000] {logging_mixin.py:190} INFO - [2024-12-18T20:35:26.344+0000] {dagbag.py:588} INFO - Filling up the DagBag from /home/ubuntu/demo8/lib/python3.12/site-packages/airflow/example_dags/example_setup_teardown.py
[2024-12-18T20:35:26.355+0000] {processor.py:925} INFO - DAG(s) 'example_setup_teardown' retrieved from /home/ubuntu/demo8/lib/python3.12/site-packages/airflow/example_dags/example_setup_teardown.py
[2024-12-18T20:35:26.373+0000] {logging_mixin.py:190} INFO - [2024-12-18T20:35:26.373+0000] {dag.py:3239} INFO - Sync 1 DAGs
[2024-12-18T20:35:26.388+0000] {logging_mixin.py:190} INFO - [2024-12-18T20:35:26.388+0000] {dag.py:4180} INFO - Setting next_dagrun for example_setup_teardown to None, run_after=None
[2024-12-18T20:35:26.413+0000] {processor.py:208} INFO - Processing /home/ubuntu/demo8/lib/python3.12/site-packages/airflow/example_dags/example_setup_teardown.py took 0.079 seconds
[2024-12-18T20:36:23.961+0000] {processor.py:186} INFO - Started process (PID=3939) to work on /home/ubuntu/demo8/lib/python3.12/site-packages/airflow/example_dags/example_setup_teardown.py
[2024-12-18T20:36:23.962+0000] {processor.py:914} INFO - Processing file /home/ubuntu/demo8/lib/python3.12/site-packages/airflow/example_dags/example_setup_teardown.py for tasks to queue
[2024-12-18T20:36:23.965+0000] {logging_mixin.py:190} INFO - [2024-12-18T20:36:23.964+0000] {dagbag.py:588} INFO - Filling up the DagBag from /home/ubuntu/demo8/lib/python3.12/site-packages/airflow/example_dags/example_setup_teardown.py
[2024-12-18T20:36:23.975+0000] {processor.py:925} INFO - DAG(s) 'example_setup_teardown' retrieved from /home/ubuntu/demo8/lib/python3.12/site-packages/airflow/example_dags/example_setup_teardown.py
[2024-12-18T20:36:23.992+0000] {logging_mixin.py:190} INFO - [2024-12-18T20:36:23.992+0000] {dag.py:3239} INFO - Sync 1 DAGs
[2024-12-18T20:36:24.007+0000] {logging_mixin.py:190} INFO - [2024-12-18T20:36:24.007+0000] {dag.py:4180} INFO - Setting next_dagrun for example_setup_teardown to None, run_after=None
[2024-12-18T20:36:24.030+0000] {processor.py:208} INFO - Processing /home/ubuntu/demo8/lib/python3.12/site-packages/airflow/example_dags/example_setup_teardown.py took 0.076 seconds
[2024-12-18T20:37:20.051+0000] {processor.py:186} INFO - Started process (PID=4059) to work on /home/ubuntu/demo8/lib/python3.12/site-packages/airflow/example_dags/example_setup_teardown.py
[2024-12-18T20:37:20.053+0000] {processor.py:914} INFO - Processing file /home/ubuntu/demo8/lib/python3.12/site-packages/airflow/example_dags/example_setup_teardown.py for tasks to queue
[2024-12-18T20:37:20.055+0000] {logging_mixin.py:190} INFO - [2024-12-18T20:37:20.055+0000] {dagbag.py:588} INFO - Filling up the DagBag from /home/ubuntu/demo8/lib/python3.12/site-packages/airflow/example_dags/example_setup_teardown.py
[2024-12-18T20:37:20.066+0000] {processor.py:925} INFO - DAG(s) 'example_setup_teardown' retrieved from /home/ubuntu/demo8/lib/python3.12/site-packages/airflow/example_dags/example_setup_teardown.py
[2024-12-18T20:37:20.083+0000] {logging_mixin.py:190} INFO - [2024-12-18T20:37:20.083+0000] {dag.py:3239} INFO - Sync 1 DAGs
[2024-12-18T20:37:20.098+0000] {logging_mixin.py:190} INFO - [2024-12-18T20:37:20.098+0000] {dag.py:4180} INFO - Setting next_dagrun for example_setup_teardown to None, run_after=None
[2024-12-18T20:37:20.122+0000] {processor.py:208} INFO - Processing /home/ubuntu/demo8/lib/python3.12/site-packages/airflow/example_dags/example_setup_teardown.py took 0.077 seconds
[2024-12-18T20:38:15.628+0000] {processor.py:186} INFO - Started process (PID=4114) to work on /home/ubuntu/demo8/lib/python3.12/site-packages/airflow/example_dags/example_setup_teardown.py
[2024-12-18T20:38:15.630+0000] {processor.py:914} INFO - Processing file /home/ubuntu/demo8/lib/python3.12/site-packages/airflow/example_dags/example_setup_teardown.py for tasks to queue
[2024-12-18T20:38:15.632+0000] {logging_mixin.py:190} INFO - [2024-12-18T20:38:15.632+0000] {dagbag.py:588} INFO - Filling up the DagBag from /home/ubuntu/demo8/lib/python3.12/site-packages/airflow/example_dags/example_setup_teardown.py
[2024-12-18T20:38:15.643+0000] {processor.py:925} INFO - DAG(s) 'example_setup_teardown' retrieved from /home/ubuntu/demo8/lib/python3.12/site-packages/airflow/example_dags/example_setup_teardown.py
[2024-12-18T20:38:15.660+0000] {logging_mixin.py:190} INFO - [2024-12-18T20:38:15.660+0000] {dag.py:3239} INFO - Sync 1 DAGs
[2024-12-18T20:38:15.675+0000] {logging_mixin.py:190} INFO - [2024-12-18T20:38:15.674+0000] {dag.py:4180} INFO - Setting next_dagrun for example_setup_teardown to None, run_after=None
[2024-12-18T20:38:15.697+0000] {processor.py:208} INFO - Processing /home/ubuntu/demo8/lib/python3.12/site-packages/airflow/example_dags/example_setup_teardown.py took 0.075 seconds
[2024-12-18T20:39:12.106+0000] {processor.py:186} INFO - Started process (PID=4233) to work on /home/ubuntu/demo8/lib/python3.12/site-packages/airflow/example_dags/example_setup_teardown.py
[2024-12-18T20:39:12.107+0000] {processor.py:914} INFO - Processing file /home/ubuntu/demo8/lib/python3.12/site-packages/airflow/example_dags/example_setup_teardown.py for tasks to queue
[2024-12-18T20:39:12.110+0000] {logging_mixin.py:190} INFO - [2024-12-18T20:39:12.109+0000] {dagbag.py:588} INFO - Filling up the DagBag from /home/ubuntu/demo8/lib/python3.12/site-packages/airflow/example_dags/example_setup_teardown.py
[2024-12-18T20:39:12.120+0000] {processor.py:925} INFO - DAG(s) 'example_setup_teardown' retrieved from /home/ubuntu/demo8/lib/python3.12/site-packages/airflow/example_dags/example_setup_teardown.py
[2024-12-18T20:39:12.138+0000] {logging_mixin.py:190} INFO - [2024-12-18T20:39:12.137+0000] {dag.py:3239} INFO - Sync 1 DAGs
[2024-12-18T20:39:12.152+0000] {logging_mixin.py:190} INFO - [2024-12-18T20:39:12.151+0000] {dag.py:4180} INFO - Setting next_dagrun for example_setup_teardown to None, run_after=None
[2024-12-18T20:39:12.174+0000] {processor.py:208} INFO - Processing /home/ubuntu/demo8/lib/python3.12/site-packages/airflow/example_dags/example_setup_teardown.py took 0.074 seconds
[2024-12-18T20:40:06.506+0000] {processor.py:186} INFO - Started process (PID=4410) to work on /home/ubuntu/demo8/lib/python3.12/site-packages/airflow/example_dags/example_setup_teardown.py
[2024-12-18T20:40:06.508+0000] {processor.py:914} INFO - Processing file /home/ubuntu/demo8/lib/python3.12/site-packages/airflow/example_dags/example_setup_teardown.py for tasks to queue
[2024-12-18T20:40:06.510+0000] {logging_mixin.py:190} INFO - [2024-12-18T20:40:06.510+0000] {dagbag.py:588} INFO - Filling up the DagBag from /home/ubuntu/demo8/lib/python3.12/site-packages/airflow/example_dags/example_setup_teardown.py
[2024-12-18T20:40:06.520+0000] {processor.py:925} INFO - DAG(s) 'example_setup_teardown' retrieved from /home/ubuntu/demo8/lib/python3.12/site-packages/airflow/example_dags/example_setup_teardown.py
[2024-12-18T20:40:06.538+0000] {logging_mixin.py:190} INFO - [2024-12-18T20:40:06.538+0000] {dag.py:3239} INFO - Sync 1 DAGs
[2024-12-18T20:40:06.552+0000] {logging_mixin.py:190} INFO - [2024-12-18T20:40:06.552+0000] {dag.py:4180} INFO - Setting next_dagrun for example_setup_teardown to None, run_after=None
[2024-12-18T20:40:06.574+0000] {processor.py:208} INFO - Processing /home/ubuntu/demo8/lib/python3.12/site-packages/airflow/example_dags/example_setup_teardown.py took 0.074 seconds
[2024-12-18T20:41:05.306+0000] {processor.py:186} INFO - Started process (PID=4547) to work on /home/ubuntu/demo8/lib/python3.12/site-packages/airflow/example_dags/example_setup_teardown.py
[2024-12-18T20:41:05.307+0000] {processor.py:914} INFO - Processing file /home/ubuntu/demo8/lib/python3.12/site-packages/airflow/example_dags/example_setup_teardown.py for tasks to queue
[2024-12-18T20:41:05.310+0000] {logging_mixin.py:190} INFO - [2024-12-18T20:41:05.310+0000] {dagbag.py:588} INFO - Filling up the DagBag from /home/ubuntu/demo8/lib/python3.12/site-packages/airflow/example_dags/example_setup_teardown.py
[2024-12-18T20:41:05.320+0000] {processor.py:925} INFO - DAG(s) 'example_setup_teardown' retrieved from /home/ubuntu/demo8/lib/python3.12/site-packages/airflow/example_dags/example_setup_teardown.py
[2024-12-18T20:41:05.338+0000] {logging_mixin.py:190} INFO - [2024-12-18T20:41:05.338+0000] {dag.py:3239} INFO - Sync 1 DAGs
[2024-12-18T20:41:05.352+0000] {logging_mixin.py:190} INFO - [2024-12-18T20:41:05.352+0000] {dag.py:4180} INFO - Setting next_dagrun for example_setup_teardown to None, run_after=None
[2024-12-18T20:41:05.374+0000] {processor.py:208} INFO - Processing /home/ubuntu/demo8/lib/python3.12/site-packages/airflow/example_dags/example_setup_teardown.py took 0.075 seconds
[2024-12-18T20:41:57.981+0000] {processor.py:186} INFO - Started process (PID=4666) to work on /home/ubuntu/demo8/lib/python3.12/site-packages/airflow/example_dags/example_setup_teardown.py
[2024-12-18T20:41:57.982+0000] {processor.py:914} INFO - Processing file /home/ubuntu/demo8/lib/python3.12/site-packages/airflow/example_dags/example_setup_teardown.py for tasks to queue
[2024-12-18T20:41:57.985+0000] {logging_mixin.py:190} INFO - [2024-12-18T20:41:57.985+0000] {dagbag.py:588} INFO - Filling up the DagBag from /home/ubuntu/demo8/lib/python3.12/site-packages/airflow/example_dags/example_setup_teardown.py
[2024-12-18T20:41:57.995+0000] {processor.py:925} INFO - DAG(s) 'example_setup_teardown' retrieved from /home/ubuntu/demo8/lib/python3.12/site-packages/airflow/example_dags/example_setup_teardown.py
[2024-12-18T20:41:58.014+0000] {logging_mixin.py:190} INFO - [2024-12-18T20:41:58.014+0000] {dag.py:3239} INFO - Sync 1 DAGs
[2024-12-18T20:41:58.029+0000] {logging_mixin.py:190} INFO - [2024-12-18T20:41:58.029+0000] {dag.py:4180} INFO - Setting next_dagrun for example_setup_teardown to None, run_after=None
[2024-12-18T20:41:58.051+0000] {processor.py:208} INFO - Processing /home/ubuntu/demo8/lib/python3.12/site-packages/airflow/example_dags/example_setup_teardown.py took 0.076 seconds
[2024-12-18T20:42:51.049+0000] {processor.py:186} INFO - Started process (PID=4779) to work on /home/ubuntu/demo8/lib/python3.12/site-packages/airflow/example_dags/example_setup_teardown.py
[2024-12-18T20:42:51.050+0000] {processor.py:914} INFO - Processing file /home/ubuntu/demo8/lib/python3.12/site-packages/airflow/example_dags/example_setup_teardown.py for tasks to queue
[2024-12-18T20:42:51.053+0000] {logging_mixin.py:190} INFO - [2024-12-18T20:42:51.052+0000] {dagbag.py:588} INFO - Filling up the DagBag from /home/ubuntu/demo8/lib/python3.12/site-packages/airflow/example_dags/example_setup_teardown.py
[2024-12-18T20:42:51.063+0000] {processor.py:925} INFO - DAG(s) 'example_setup_teardown' retrieved from /home/ubuntu/demo8/lib/python3.12/site-packages/airflow/example_dags/example_setup_teardown.py
[2024-12-18T20:42:51.081+0000] {logging_mixin.py:190} INFO - [2024-12-18T20:42:51.081+0000] {dag.py:3239} INFO - Sync 1 DAGs
[2024-12-18T20:42:51.095+0000] {logging_mixin.py:190} INFO - [2024-12-18T20:42:51.095+0000] {dag.py:4180} INFO - Setting next_dagrun for example_setup_teardown to None, run_after=None
[2024-12-18T20:42:51.117+0000] {processor.py:208} INFO - Processing /home/ubuntu/demo8/lib/python3.12/site-packages/airflow/example_dags/example_setup_teardown.py took 0.075 seconds
[2024-12-18T20:43:45.122+0000] {processor.py:186} INFO - Started process (PID=4896) to work on /home/ubuntu/demo8/lib/python3.12/site-packages/airflow/example_dags/example_setup_teardown.py
[2024-12-18T20:43:45.124+0000] {processor.py:914} INFO - Processing file /home/ubuntu/demo8/lib/python3.12/site-packages/airflow/example_dags/example_setup_teardown.py for tasks to queue
[2024-12-18T20:43:45.127+0000] {logging_mixin.py:190} INFO - [2024-12-18T20:43:45.126+0000] {dagbag.py:588} INFO - Filling up the DagBag from /home/ubuntu/demo8/lib/python3.12/site-packages/airflow/example_dags/example_setup_teardown.py
[2024-12-18T20:43:45.137+0000] {processor.py:925} INFO - DAG(s) 'example_setup_teardown' retrieved from /home/ubuntu/demo8/lib/python3.12/site-packages/airflow/example_dags/example_setup_teardown.py
[2024-12-18T20:43:45.155+0000] {logging_mixin.py:190} INFO - [2024-12-18T20:43:45.155+0000] {dag.py:3239} INFO - Sync 1 DAGs
[2024-12-18T20:43:45.169+0000] {logging_mixin.py:190} INFO - [2024-12-18T20:43:45.169+0000] {dag.py:4180} INFO - Setting next_dagrun for example_setup_teardown to None, run_after=None
[2024-12-18T20:43:45.192+0000] {processor.py:208} INFO - Processing /home/ubuntu/demo8/lib/python3.12/site-packages/airflow/example_dags/example_setup_teardown.py took 0.076 seconds
[2024-12-18T20:44:39.296+0000] {processor.py:186} INFO - Started process (PID=5073) to work on /home/ubuntu/demo8/lib/python3.12/site-packages/airflow/example_dags/example_setup_teardown.py
[2024-12-18T20:44:39.297+0000] {processor.py:914} INFO - Processing file /home/ubuntu/demo8/lib/python3.12/site-packages/airflow/example_dags/example_setup_teardown.py for tasks to queue
[2024-12-18T20:44:39.300+0000] {logging_mixin.py:190} INFO - [2024-12-18T20:44:39.299+0000] {dagbag.py:588} INFO - Filling up the DagBag from /home/ubuntu/demo8/lib/python3.12/site-packages/airflow/example_dags/example_setup_teardown.py
[2024-12-18T20:44:39.311+0000] {processor.py:925} INFO - DAG(s) 'example_setup_teardown' retrieved from /home/ubuntu/demo8/lib/python3.12/site-packages/airflow/example_dags/example_setup_teardown.py
[2024-12-18T20:44:39.328+0000] {logging_mixin.py:190} INFO - [2024-12-18T20:44:39.328+0000] {dag.py:3239} INFO - Sync 1 DAGs
[2024-12-18T20:44:39.343+0000] {logging_mixin.py:190} INFO - [2024-12-18T20:44:39.342+0000] {dag.py:4180} INFO - Setting next_dagrun for example_setup_teardown to None, run_after=None
[2024-12-18T20:44:39.366+0000] {processor.py:208} INFO - Processing /home/ubuntu/demo8/lib/python3.12/site-packages/airflow/example_dags/example_setup_teardown.py took 0.077 seconds
[2024-12-18T20:45:33.304+0000] {processor.py:186} INFO - Started process (PID=5194) to work on /home/ubuntu/demo8/lib/python3.12/site-packages/airflow/example_dags/example_setup_teardown.py
[2024-12-18T20:45:33.306+0000] {processor.py:914} INFO - Processing file /home/ubuntu/demo8/lib/python3.12/site-packages/airflow/example_dags/example_setup_teardown.py for tasks to queue
[2024-12-18T20:45:33.308+0000] {logging_mixin.py:190} INFO - [2024-12-18T20:45:33.308+0000] {dagbag.py:588} INFO - Filling up the DagBag from /home/ubuntu/demo8/lib/python3.12/site-packages/airflow/example_dags/example_setup_teardown.py
[2024-12-18T20:45:33.319+0000] {processor.py:925} INFO - DAG(s) 'example_setup_teardown' retrieved from /home/ubuntu/demo8/lib/python3.12/site-packages/airflow/example_dags/example_setup_teardown.py
[2024-12-18T20:45:33.337+0000] {logging_mixin.py:190} INFO - [2024-12-18T20:45:33.337+0000] {dag.py:3239} INFO - Sync 1 DAGs
[2024-12-18T20:45:33.351+0000] {logging_mixin.py:190} INFO - [2024-12-18T20:45:33.351+0000] {dag.py:4180} INFO - Setting next_dagrun for example_setup_teardown to None, run_after=None
[2024-12-18T20:45:33.374+0000] {processor.py:208} INFO - Processing /home/ubuntu/demo8/lib/python3.12/site-packages/airflow/example_dags/example_setup_teardown.py took 0.076 seconds
[2024-12-18T20:47:16.644+0000] {processor.py:186} INFO - Started process (PID=5825) to work on /home/ubuntu/demo8/lib/python3.12/site-packages/airflow/example_dags/example_setup_teardown.py
[2024-12-18T20:47:16.645+0000] {processor.py:914} INFO - Processing file /home/ubuntu/demo8/lib/python3.12/site-packages/airflow/example_dags/example_setup_teardown.py for tasks to queue
[2024-12-18T20:47:16.648+0000] {logging_mixin.py:190} INFO - [2024-12-18T20:47:16.647+0000] {dagbag.py:588} INFO - Filling up the DagBag from /home/ubuntu/demo8/lib/python3.12/site-packages/airflow/example_dags/example_setup_teardown.py
[2024-12-18T20:47:16.657+0000] {processor.py:925} INFO - DAG(s) 'example_setup_teardown' retrieved from /home/ubuntu/demo8/lib/python3.12/site-packages/airflow/example_dags/example_setup_teardown.py
[2024-12-18T20:47:16.677+0000] {logging_mixin.py:190} INFO - [2024-12-18T20:47:16.677+0000] {dag.py:3239} INFO - Sync 1 DAGs
[2024-12-18T20:47:16.699+0000] {logging_mixin.py:190} INFO - [2024-12-18T20:47:16.699+0000] {dag.py:4180} INFO - Setting next_dagrun for example_setup_teardown to None, run_after=None
[2024-12-18T20:47:16.727+0000] {processor.py:208} INFO - Processing /home/ubuntu/demo8/lib/python3.12/site-packages/airflow/example_dags/example_setup_teardown.py took 0.090 seconds
[2024-12-18T20:48:15.548+0000] {processor.py:186} INFO - Started process (PID=5945) to work on /home/ubuntu/demo8/lib/python3.12/site-packages/airflow/example_dags/example_setup_teardown.py
[2024-12-18T20:48:15.549+0000] {processor.py:914} INFO - Processing file /home/ubuntu/demo8/lib/python3.12/site-packages/airflow/example_dags/example_setup_teardown.py for tasks to queue
[2024-12-18T20:48:15.552+0000] {logging_mixin.py:190} INFO - [2024-12-18T20:48:15.552+0000] {dagbag.py:588} INFO - Filling up the DagBag from /home/ubuntu/demo8/lib/python3.12/site-packages/airflow/example_dags/example_setup_teardown.py
[2024-12-18T20:48:15.566+0000] {processor.py:925} INFO - DAG(s) 'example_setup_teardown' retrieved from /home/ubuntu/demo8/lib/python3.12/site-packages/airflow/example_dags/example_setup_teardown.py
[2024-12-18T20:48:15.590+0000] {logging_mixin.py:190} INFO - [2024-12-18T20:48:15.590+0000] {dag.py:3239} INFO - Sync 1 DAGs
[2024-12-18T20:48:15.604+0000] {logging_mixin.py:190} INFO - [2024-12-18T20:48:15.604+0000] {dag.py:4180} INFO - Setting next_dagrun for example_setup_teardown to None, run_after=None
[2024-12-18T20:48:15.628+0000] {processor.py:208} INFO - Processing /home/ubuntu/demo8/lib/python3.12/site-packages/airflow/example_dags/example_setup_teardown.py took 0.086 seconds
[2024-12-18T20:49:12.613+0000] {processor.py:186} INFO - Started process (PID=6426) to work on /home/ubuntu/demo8/lib/python3.12/site-packages/airflow/example_dags/example_setup_teardown.py
[2024-12-18T20:49:12.615+0000] {processor.py:914} INFO - Processing file /home/ubuntu/demo8/lib/python3.12/site-packages/airflow/example_dags/example_setup_teardown.py for tasks to queue
[2024-12-18T20:49:12.617+0000] {logging_mixin.py:190} INFO - [2024-12-18T20:49:12.617+0000] {dagbag.py:588} INFO - Filling up the DagBag from /home/ubuntu/demo8/lib/python3.12/site-packages/airflow/example_dags/example_setup_teardown.py
[2024-12-18T20:49:12.627+0000] {processor.py:925} INFO - DAG(s) 'example_setup_teardown' retrieved from /home/ubuntu/demo8/lib/python3.12/site-packages/airflow/example_dags/example_setup_teardown.py
[2024-12-18T20:49:12.645+0000] {logging_mixin.py:190} INFO - [2024-12-18T20:49:12.645+0000] {dag.py:3239} INFO - Sync 1 DAGs
[2024-12-18T20:49:12.660+0000] {logging_mixin.py:190} INFO - [2024-12-18T20:49:12.660+0000] {dag.py:4180} INFO - Setting next_dagrun for example_setup_teardown to None, run_after=None
[2024-12-18T20:49:12.683+0000] {processor.py:208} INFO - Processing /home/ubuntu/demo8/lib/python3.12/site-packages/airflow/example_dags/example_setup_teardown.py took 0.076 seconds
[2024-12-18T20:50:06.031+0000] {processor.py:186} INFO - Started process (PID=6661) to work on /home/ubuntu/demo8/lib/python3.12/site-packages/airflow/example_dags/example_setup_teardown.py
[2024-12-18T20:50:06.032+0000] {processor.py:914} INFO - Processing file /home/ubuntu/demo8/lib/python3.12/site-packages/airflow/example_dags/example_setup_teardown.py for tasks to queue
[2024-12-18T20:50:06.034+0000] {logging_mixin.py:190} INFO - [2024-12-18T20:50:06.034+0000] {dagbag.py:588} INFO - Filling up the DagBag from /home/ubuntu/demo8/lib/python3.12/site-packages/airflow/example_dags/example_setup_teardown.py
[2024-12-18T20:50:06.044+0000] {processor.py:925} INFO - DAG(s) 'example_setup_teardown' retrieved from /home/ubuntu/demo8/lib/python3.12/site-packages/airflow/example_dags/example_setup_teardown.py
[2024-12-18T20:50:06.062+0000] {logging_mixin.py:190} INFO - [2024-12-18T20:50:06.062+0000] {dag.py:3239} INFO - Sync 1 DAGs
[2024-12-18T20:50:06.076+0000] {logging_mixin.py:190} INFO - [2024-12-18T20:50:06.075+0000] {dag.py:4180} INFO - Setting next_dagrun for example_setup_teardown to None, run_after=None
[2024-12-18T20:50:06.099+0000] {processor.py:208} INFO - Processing /home/ubuntu/demo8/lib/python3.12/site-packages/airflow/example_dags/example_setup_teardown.py took 0.074 seconds
[2024-12-18T20:51:03.231+0000] {processor.py:186} INFO - Started process (PID=6939) to work on /home/ubuntu/demo8/lib/python3.12/site-packages/airflow/example_dags/example_setup_teardown.py
[2024-12-18T20:51:03.234+0000] {processor.py:914} INFO - Processing file /home/ubuntu/demo8/lib/python3.12/site-packages/airflow/example_dags/example_setup_teardown.py for tasks to queue
[2024-12-18T20:51:03.239+0000] {logging_mixin.py:190} INFO - [2024-12-18T20:51:03.239+0000] {dagbag.py:588} INFO - Filling up the DagBag from /home/ubuntu/demo8/lib/python3.12/site-packages/airflow/example_dags/example_setup_teardown.py
[2024-12-18T20:51:03.262+0000] {processor.py:925} INFO - DAG(s) 'example_setup_teardown' retrieved from /home/ubuntu/demo8/lib/python3.12/site-packages/airflow/example_dags/example_setup_teardown.py
[2024-12-18T20:51:03.284+0000] {logging_mixin.py:190} INFO - [2024-12-18T20:51:03.284+0000] {dag.py:3239} INFO - Sync 1 DAGs
[2024-12-18T20:51:03.307+0000] {logging_mixin.py:190} INFO - [2024-12-18T20:51:03.307+0000] {dag.py:4180} INFO - Setting next_dagrun for example_setup_teardown to None, run_after=None
[2024-12-18T20:51:03.334+0000] {processor.py:208} INFO - Processing /home/ubuntu/demo8/lib/python3.12/site-packages/airflow/example_dags/example_setup_teardown.py took 0.115 seconds
