[2024-12-18T15:44:54.715+0000] {processor.py:186} INFO - Started process (PID=3676) to work on /home/ubuntu/demo8/lib/python3.12/site-packages/airflow/example_dags/example_dynamic_task_mapping_with_no_taskflow_operators.py
[2024-12-18T15:44:54.716+0000] {processor.py:914} INFO - Processing file /home/ubuntu/demo8/lib/python3.12/site-packages/airflow/example_dags/example_dynamic_task_mapping_with_no_taskflow_operators.py for tasks to queue
[2024-12-18T15:44:54.718+0000] {logging_mixin.py:190} INFO - [2024-12-18T15:44:54.718+0000] {dagbag.py:588} INFO - Filling up the DagBag from /home/ubuntu/demo8/lib/python3.12/site-packages/airflow/example_dags/example_dynamic_task_mapping_with_no_taskflow_operators.py
[2024-12-18T15:44:54.727+0000] {processor.py:925} INFO - DAG(s) 'example_dynamic_task_mapping_with_no_taskflow_operators' retrieved from /home/ubuntu/demo8/lib/python3.12/site-packages/airflow/example_dags/example_dynamic_task_mapping_with_no_taskflow_operators.py
[2024-12-18T15:44:54.846+0000] {logging_mixin.py:190} INFO - [2024-12-18T15:44:54.845+0000] {override.py:1911} INFO - Created Permission View: can read on DAG:example_dynamic_task_mapping_with_no_taskflow_operators
[2024-12-18T15:44:54.859+0000] {logging_mixin.py:190} INFO - [2024-12-18T15:44:54.858+0000] {override.py:1911} INFO - Created Permission View: can delete on DAG:example_dynamic_task_mapping_with_no_taskflow_operators
[2024-12-18T15:44:54.868+0000] {logging_mixin.py:190} INFO - [2024-12-18T15:44:54.868+0000] {override.py:1911} INFO - Created Permission View: can edit on DAG:example_dynamic_task_mapping_with_no_taskflow_operators
[2024-12-18T15:44:54.884+0000] {logging_mixin.py:190} INFO - [2024-12-18T15:44:54.883+0000] {override.py:1911} INFO - Created Permission View: can create on DAG Run:example_dynamic_task_mapping_with_no_taskflow_operators
[2024-12-18T15:44:54.893+0000] {logging_mixin.py:190} INFO - [2024-12-18T15:44:54.893+0000] {override.py:1911} INFO - Created Permission View: can read on DAG Run:example_dynamic_task_mapping_with_no_taskflow_operators
[2024-12-18T15:44:54.902+0000] {logging_mixin.py:190} INFO - [2024-12-18T15:44:54.902+0000] {override.py:1911} INFO - Created Permission View: menu access on DAG Run:example_dynamic_task_mapping_with_no_taskflow_operators
[2024-12-18T15:44:54.912+0000] {logging_mixin.py:190} INFO - [2024-12-18T15:44:54.911+0000] {override.py:1911} INFO - Created Permission View: can delete on DAG Run:example_dynamic_task_mapping_with_no_taskflow_operators
[2024-12-18T15:44:54.912+0000] {logging_mixin.py:190} INFO - [2024-12-18T15:44:54.912+0000] {dag.py:3239} INFO - Sync 1 DAGs
[2024-12-18T15:44:54.924+0000] {logging_mixin.py:190} INFO - [2024-12-18T15:44:54.924+0000] {dag.py:3262} INFO - Creating ORM DAG for example_dynamic_task_mapping_with_no_taskflow_operators
[2024-12-18T15:44:54.925+0000] {logging_mixin.py:190} INFO - [2024-12-18T15:44:54.925+0000] {dag.py:4180} INFO - Setting next_dagrun for example_dynamic_task_mapping_with_no_taskflow_operators to None, run_after=None
[2024-12-18T15:44:54.945+0000] {processor.py:208} INFO - Processing /home/ubuntu/demo8/lib/python3.12/site-packages/airflow/example_dags/example_dynamic_task_mapping_with_no_taskflow_operators.py took 0.236 seconds
[2024-12-18T15:46:02.433+0000] {processor.py:186} INFO - Started process (PID=3779) to work on /home/ubuntu/demo8/lib/python3.12/site-packages/airflow/example_dags/example_dynamic_task_mapping_with_no_taskflow_operators.py
[2024-12-18T15:46:02.434+0000] {processor.py:914} INFO - Processing file /home/ubuntu/demo8/lib/python3.12/site-packages/airflow/example_dags/example_dynamic_task_mapping_with_no_taskflow_operators.py for tasks to queue
[2024-12-18T15:46:02.437+0000] {logging_mixin.py:190} INFO - [2024-12-18T15:46:02.436+0000] {dagbag.py:588} INFO - Filling up the DagBag from /home/ubuntu/demo8/lib/python3.12/site-packages/airflow/example_dags/example_dynamic_task_mapping_with_no_taskflow_operators.py
[2024-12-18T15:46:02.446+0000] {processor.py:925} INFO - DAG(s) 'example_dynamic_task_mapping_with_no_taskflow_operators' retrieved from /home/ubuntu/demo8/lib/python3.12/site-packages/airflow/example_dags/example_dynamic_task_mapping_with_no_taskflow_operators.py
[2024-12-18T15:46:02.462+0000] {logging_mixin.py:190} INFO - [2024-12-18T15:46:02.462+0000] {dag.py:3239} INFO - Sync 1 DAGs
[2024-12-18T15:46:02.476+0000] {logging_mixin.py:190} INFO - [2024-12-18T15:46:02.476+0000] {dag.py:4180} INFO - Setting next_dagrun for example_dynamic_task_mapping_with_no_taskflow_operators to None, run_after=None
[2024-12-18T15:46:02.499+0000] {processor.py:208} INFO - Processing /home/ubuntu/demo8/lib/python3.12/site-packages/airflow/example_dags/example_dynamic_task_mapping_with_no_taskflow_operators.py took 0.072 seconds
[2024-12-18T15:47:00.054+0000] {processor.py:186} INFO - Started process (PID=4246) to work on /home/ubuntu/demo8/lib/python3.12/site-packages/airflow/example_dags/example_dynamic_task_mapping_with_no_taskflow_operators.py
[2024-12-18T15:47:00.055+0000] {processor.py:914} INFO - Processing file /home/ubuntu/demo8/lib/python3.12/site-packages/airflow/example_dags/example_dynamic_task_mapping_with_no_taskflow_operators.py for tasks to queue
[2024-12-18T15:47:00.057+0000] {logging_mixin.py:190} INFO - [2024-12-18T15:47:00.057+0000] {dagbag.py:588} INFO - Filling up the DagBag from /home/ubuntu/demo8/lib/python3.12/site-packages/airflow/example_dags/example_dynamic_task_mapping_with_no_taskflow_operators.py
[2024-12-18T15:47:00.067+0000] {processor.py:925} INFO - DAG(s) 'example_dynamic_task_mapping_with_no_taskflow_operators' retrieved from /home/ubuntu/demo8/lib/python3.12/site-packages/airflow/example_dags/example_dynamic_task_mapping_with_no_taskflow_operators.py
[2024-12-18T15:47:00.083+0000] {logging_mixin.py:190} INFO - [2024-12-18T15:47:00.083+0000] {dag.py:3239} INFO - Sync 1 DAGs
[2024-12-18T15:47:00.098+0000] {logging_mixin.py:190} INFO - [2024-12-18T15:47:00.097+0000] {dag.py:4180} INFO - Setting next_dagrun for example_dynamic_task_mapping_with_no_taskflow_operators to None, run_after=None
[2024-12-18T15:47:00.127+0000] {processor.py:208} INFO - Processing /home/ubuntu/demo8/lib/python3.12/site-packages/airflow/example_dags/example_dynamic_task_mapping_with_no_taskflow_operators.py took 0.080 seconds
[2024-12-18T15:47:57.351+0000] {processor.py:186} INFO - Started process (PID=4304) to work on /home/ubuntu/demo8/lib/python3.12/site-packages/airflow/example_dags/example_dynamic_task_mapping_with_no_taskflow_operators.py
[2024-12-18T15:47:57.352+0000] {processor.py:914} INFO - Processing file /home/ubuntu/demo8/lib/python3.12/site-packages/airflow/example_dags/example_dynamic_task_mapping_with_no_taskflow_operators.py for tasks to queue
[2024-12-18T15:47:57.354+0000] {logging_mixin.py:190} INFO - [2024-12-18T15:47:57.354+0000] {dagbag.py:588} INFO - Filling up the DagBag from /home/ubuntu/demo8/lib/python3.12/site-packages/airflow/example_dags/example_dynamic_task_mapping_with_no_taskflow_operators.py
[2024-12-18T15:47:57.363+0000] {processor.py:925} INFO - DAG(s) 'example_dynamic_task_mapping_with_no_taskflow_operators' retrieved from /home/ubuntu/demo8/lib/python3.12/site-packages/airflow/example_dags/example_dynamic_task_mapping_with_no_taskflow_operators.py
[2024-12-18T15:47:57.379+0000] {logging_mixin.py:190} INFO - [2024-12-18T15:47:57.379+0000] {dag.py:3239} INFO - Sync 1 DAGs
[2024-12-18T15:47:57.393+0000] {logging_mixin.py:190} INFO - [2024-12-18T15:47:57.393+0000] {dag.py:4180} INFO - Setting next_dagrun for example_dynamic_task_mapping_with_no_taskflow_operators to None, run_after=None
[2024-12-18T15:47:57.416+0000] {processor.py:208} INFO - Processing /home/ubuntu/demo8/lib/python3.12/site-packages/airflow/example_dags/example_dynamic_task_mapping_with_no_taskflow_operators.py took 0.071 seconds
[2024-12-18T15:48:52.012+0000] {processor.py:186} INFO - Started process (PID=4360) to work on /home/ubuntu/demo8/lib/python3.12/site-packages/airflow/example_dags/example_dynamic_task_mapping_with_no_taskflow_operators.py
[2024-12-18T15:48:52.013+0000] {processor.py:914} INFO - Processing file /home/ubuntu/demo8/lib/python3.12/site-packages/airflow/example_dags/example_dynamic_task_mapping_with_no_taskflow_operators.py for tasks to queue
[2024-12-18T15:48:52.016+0000] {logging_mixin.py:190} INFO - [2024-12-18T15:48:52.015+0000] {dagbag.py:588} INFO - Filling up the DagBag from /home/ubuntu/demo8/lib/python3.12/site-packages/airflow/example_dags/example_dynamic_task_mapping_with_no_taskflow_operators.py
[2024-12-18T15:48:52.025+0000] {processor.py:925} INFO - DAG(s) 'example_dynamic_task_mapping_with_no_taskflow_operators' retrieved from /home/ubuntu/demo8/lib/python3.12/site-packages/airflow/example_dags/example_dynamic_task_mapping_with_no_taskflow_operators.py
[2024-12-18T15:48:52.046+0000] {logging_mixin.py:190} INFO - [2024-12-18T15:48:52.044+0000] {dag.py:3239} INFO - Sync 1 DAGs
[2024-12-18T15:48:52.063+0000] {logging_mixin.py:190} INFO - [2024-12-18T15:48:52.063+0000] {dag.py:4180} INFO - Setting next_dagrun for example_dynamic_task_mapping_with_no_taskflow_operators to None, run_after=None
[2024-12-18T15:48:52.086+0000] {processor.py:208} INFO - Processing /home/ubuntu/demo8/lib/python3.12/site-packages/airflow/example_dags/example_dynamic_task_mapping_with_no_taskflow_operators.py took 0.080 seconds
[2024-12-18T15:49:56.472+0000] {processor.py:186} INFO - Started process (PID=4421) to work on /home/ubuntu/demo8/lib/python3.12/site-packages/airflow/example_dags/example_dynamic_task_mapping_with_no_taskflow_operators.py
[2024-12-18T15:49:56.474+0000] {processor.py:914} INFO - Processing file /home/ubuntu/demo8/lib/python3.12/site-packages/airflow/example_dags/example_dynamic_task_mapping_with_no_taskflow_operators.py for tasks to queue
[2024-12-18T15:49:56.476+0000] {logging_mixin.py:190} INFO - [2024-12-18T15:49:56.476+0000] {dagbag.py:588} INFO - Filling up the DagBag from /home/ubuntu/demo8/lib/python3.12/site-packages/airflow/example_dags/example_dynamic_task_mapping_with_no_taskflow_operators.py
[2024-12-18T15:49:56.485+0000] {processor.py:925} INFO - DAG(s) 'example_dynamic_task_mapping_with_no_taskflow_operators' retrieved from /home/ubuntu/demo8/lib/python3.12/site-packages/airflow/example_dags/example_dynamic_task_mapping_with_no_taskflow_operators.py
[2024-12-18T15:49:56.503+0000] {logging_mixin.py:190} INFO - [2024-12-18T15:49:56.502+0000] {dag.py:3239} INFO - Sync 1 DAGs
[2024-12-18T15:49:56.517+0000] {logging_mixin.py:190} INFO - [2024-12-18T15:49:56.517+0000] {dag.py:4180} INFO - Setting next_dagrun for example_dynamic_task_mapping_with_no_taskflow_operators to None, run_after=None
[2024-12-18T15:49:56.542+0000] {processor.py:208} INFO - Processing /home/ubuntu/demo8/lib/python3.12/site-packages/airflow/example_dags/example_dynamic_task_mapping_with_no_taskflow_operators.py took 0.076 seconds
[2024-12-18T15:50:54.492+0000] {processor.py:186} INFO - Started process (PID=4491) to work on /home/ubuntu/demo8/lib/python3.12/site-packages/airflow/example_dags/example_dynamic_task_mapping_with_no_taskflow_operators.py
[2024-12-18T15:50:54.494+0000] {processor.py:914} INFO - Processing file /home/ubuntu/demo8/lib/python3.12/site-packages/airflow/example_dags/example_dynamic_task_mapping_with_no_taskflow_operators.py for tasks to queue
[2024-12-18T15:50:54.496+0000] {logging_mixin.py:190} INFO - [2024-12-18T15:50:54.495+0000] {dagbag.py:588} INFO - Filling up the DagBag from /home/ubuntu/demo8/lib/python3.12/site-packages/airflow/example_dags/example_dynamic_task_mapping_with_no_taskflow_operators.py
[2024-12-18T15:50:54.506+0000] {processor.py:925} INFO - DAG(s) 'example_dynamic_task_mapping_with_no_taskflow_operators' retrieved from /home/ubuntu/demo8/lib/python3.12/site-packages/airflow/example_dags/example_dynamic_task_mapping_with_no_taskflow_operators.py
[2024-12-18T15:50:54.523+0000] {logging_mixin.py:190} INFO - [2024-12-18T15:50:54.523+0000] {dag.py:3239} INFO - Sync 1 DAGs
[2024-12-18T15:50:54.537+0000] {logging_mixin.py:190} INFO - [2024-12-18T15:50:54.537+0000] {dag.py:4180} INFO - Setting next_dagrun for example_dynamic_task_mapping_with_no_taskflow_operators to None, run_after=None
[2024-12-18T15:50:54.561+0000] {processor.py:208} INFO - Processing /home/ubuntu/demo8/lib/python3.12/site-packages/airflow/example_dags/example_dynamic_task_mapping_with_no_taskflow_operators.py took 0.075 seconds
[2024-12-18T15:51:49.646+0000] {processor.py:186} INFO - Started process (PID=4550) to work on /home/ubuntu/demo8/lib/python3.12/site-packages/airflow/example_dags/example_dynamic_task_mapping_with_no_taskflow_operators.py
[2024-12-18T15:51:49.648+0000] {processor.py:914} INFO - Processing file /home/ubuntu/demo8/lib/python3.12/site-packages/airflow/example_dags/example_dynamic_task_mapping_with_no_taskflow_operators.py for tasks to queue
[2024-12-18T15:51:49.651+0000] {logging_mixin.py:190} INFO - [2024-12-18T15:51:49.650+0000] {dagbag.py:588} INFO - Filling up the DagBag from /home/ubuntu/demo8/lib/python3.12/site-packages/airflow/example_dags/example_dynamic_task_mapping_with_no_taskflow_operators.py
[2024-12-18T15:51:49.660+0000] {processor.py:925} INFO - DAG(s) 'example_dynamic_task_mapping_with_no_taskflow_operators' retrieved from /home/ubuntu/demo8/lib/python3.12/site-packages/airflow/example_dags/example_dynamic_task_mapping_with_no_taskflow_operators.py
[2024-12-18T15:51:49.677+0000] {logging_mixin.py:190} INFO - [2024-12-18T15:51:49.677+0000] {dag.py:3239} INFO - Sync 1 DAGs
[2024-12-18T15:51:49.692+0000] {logging_mixin.py:190} INFO - [2024-12-18T15:51:49.692+0000] {dag.py:4180} INFO - Setting next_dagrun for example_dynamic_task_mapping_with_no_taskflow_operators to None, run_after=None
[2024-12-18T15:51:49.714+0000] {processor.py:208} INFO - Processing /home/ubuntu/demo8/lib/python3.12/site-packages/airflow/example_dags/example_dynamic_task_mapping_with_no_taskflow_operators.py took 0.074 seconds
[2024-12-18T15:52:42.847+0000] {processor.py:186} INFO - Started process (PID=4607) to work on /home/ubuntu/demo8/lib/python3.12/site-packages/airflow/example_dags/example_dynamic_task_mapping_with_no_taskflow_operators.py
[2024-12-18T15:52:42.849+0000] {processor.py:914} INFO - Processing file /home/ubuntu/demo8/lib/python3.12/site-packages/airflow/example_dags/example_dynamic_task_mapping_with_no_taskflow_operators.py for tasks to queue
[2024-12-18T15:52:42.854+0000] {logging_mixin.py:190} INFO - [2024-12-18T15:52:42.854+0000] {dagbag.py:588} INFO - Filling up the DagBag from /home/ubuntu/demo8/lib/python3.12/site-packages/airflow/example_dags/example_dynamic_task_mapping_with_no_taskflow_operators.py
[2024-12-18T15:52:42.871+0000] {processor.py:925} INFO - DAG(s) 'example_dynamic_task_mapping_with_no_taskflow_operators' retrieved from /home/ubuntu/demo8/lib/python3.12/site-packages/airflow/example_dags/example_dynamic_task_mapping_with_no_taskflow_operators.py
[2024-12-18T15:52:42.888+0000] {logging_mixin.py:190} INFO - [2024-12-18T15:52:42.888+0000] {dag.py:3239} INFO - Sync 1 DAGs
[2024-12-18T15:52:42.903+0000] {logging_mixin.py:190} INFO - [2024-12-18T15:52:42.903+0000] {dag.py:4180} INFO - Setting next_dagrun for example_dynamic_task_mapping_with_no_taskflow_operators to None, run_after=None
[2024-12-18T15:52:42.925+0000] {processor.py:208} INFO - Processing /home/ubuntu/demo8/lib/python3.12/site-packages/airflow/example_dags/example_dynamic_task_mapping_with_no_taskflow_operators.py took 0.084 seconds
[2024-12-18T15:53:38.638+0000] {processor.py:186} INFO - Started process (PID=4663) to work on /home/ubuntu/demo8/lib/python3.12/site-packages/airflow/example_dags/example_dynamic_task_mapping_with_no_taskflow_operators.py
[2024-12-18T15:53:38.639+0000] {processor.py:914} INFO - Processing file /home/ubuntu/demo8/lib/python3.12/site-packages/airflow/example_dags/example_dynamic_task_mapping_with_no_taskflow_operators.py for tasks to queue
[2024-12-18T15:53:38.642+0000] {logging_mixin.py:190} INFO - [2024-12-18T15:53:38.641+0000] {dagbag.py:588} INFO - Filling up the DagBag from /home/ubuntu/demo8/lib/python3.12/site-packages/airflow/example_dags/example_dynamic_task_mapping_with_no_taskflow_operators.py
[2024-12-18T15:53:38.652+0000] {processor.py:925} INFO - DAG(s) 'example_dynamic_task_mapping_with_no_taskflow_operators' retrieved from /home/ubuntu/demo8/lib/python3.12/site-packages/airflow/example_dags/example_dynamic_task_mapping_with_no_taskflow_operators.py
[2024-12-18T15:53:38.669+0000] {logging_mixin.py:190} INFO - [2024-12-18T15:53:38.669+0000] {dag.py:3239} INFO - Sync 1 DAGs
[2024-12-18T15:53:38.685+0000] {logging_mixin.py:190} INFO - [2024-12-18T15:53:38.685+0000] {dag.py:4180} INFO - Setting next_dagrun for example_dynamic_task_mapping_with_no_taskflow_operators to None, run_after=None
[2024-12-18T15:53:38.707+0000] {processor.py:208} INFO - Processing /home/ubuntu/demo8/lib/python3.12/site-packages/airflow/example_dags/example_dynamic_task_mapping_with_no_taskflow_operators.py took 0.082 seconds
[2024-12-18T15:55:04.208+0000] {processor.py:186} INFO - Started process (PID=4780) to work on /home/ubuntu/demo8/lib/python3.12/site-packages/airflow/example_dags/example_dynamic_task_mapping_with_no_taskflow_operators.py
[2024-12-18T15:55:04.210+0000] {processor.py:914} INFO - Processing file /home/ubuntu/demo8/lib/python3.12/site-packages/airflow/example_dags/example_dynamic_task_mapping_with_no_taskflow_operators.py for tasks to queue
[2024-12-18T15:55:04.212+0000] {logging_mixin.py:190} INFO - [2024-12-18T15:55:04.212+0000] {dagbag.py:588} INFO - Filling up the DagBag from /home/ubuntu/demo8/lib/python3.12/site-packages/airflow/example_dags/example_dynamic_task_mapping_with_no_taskflow_operators.py
[2024-12-18T15:55:04.222+0000] {processor.py:925} INFO - DAG(s) 'example_dynamic_task_mapping_with_no_taskflow_operators' retrieved from /home/ubuntu/demo8/lib/python3.12/site-packages/airflow/example_dags/example_dynamic_task_mapping_with_no_taskflow_operators.py
[2024-12-18T15:55:04.239+0000] {logging_mixin.py:190} INFO - [2024-12-18T15:55:04.239+0000] {dag.py:3239} INFO - Sync 1 DAGs
[2024-12-18T15:55:04.253+0000] {logging_mixin.py:190} INFO - [2024-12-18T15:55:04.253+0000] {dag.py:4180} INFO - Setting next_dagrun for example_dynamic_task_mapping_with_no_taskflow_operators to None, run_after=None
[2024-12-18T15:55:04.274+0000] {processor.py:208} INFO - Processing /home/ubuntu/demo8/lib/python3.12/site-packages/airflow/example_dags/example_dynamic_task_mapping_with_no_taskflow_operators.py took 0.072 seconds
[2024-12-18T15:56:01.171+0000] {processor.py:186} INFO - Started process (PID=4840) to work on /home/ubuntu/demo8/lib/python3.12/site-packages/airflow/example_dags/example_dynamic_task_mapping_with_no_taskflow_operators.py
[2024-12-18T15:56:01.173+0000] {processor.py:914} INFO - Processing file /home/ubuntu/demo8/lib/python3.12/site-packages/airflow/example_dags/example_dynamic_task_mapping_with_no_taskflow_operators.py for tasks to queue
[2024-12-18T15:56:01.175+0000] {logging_mixin.py:190} INFO - [2024-12-18T15:56:01.174+0000] {dagbag.py:588} INFO - Filling up the DagBag from /home/ubuntu/demo8/lib/python3.12/site-packages/airflow/example_dags/example_dynamic_task_mapping_with_no_taskflow_operators.py
[2024-12-18T15:56:01.184+0000] {processor.py:925} INFO - DAG(s) 'example_dynamic_task_mapping_with_no_taskflow_operators' retrieved from /home/ubuntu/demo8/lib/python3.12/site-packages/airflow/example_dags/example_dynamic_task_mapping_with_no_taskflow_operators.py
[2024-12-18T15:56:01.201+0000] {logging_mixin.py:190} INFO - [2024-12-18T15:56:01.201+0000] {dag.py:3239} INFO - Sync 1 DAGs
[2024-12-18T15:56:01.214+0000] {logging_mixin.py:190} INFO - [2024-12-18T15:56:01.214+0000] {dag.py:4180} INFO - Setting next_dagrun for example_dynamic_task_mapping_with_no_taskflow_operators to None, run_after=None
[2024-12-18T15:56:01.236+0000] {processor.py:208} INFO - Processing /home/ubuntu/demo8/lib/python3.12/site-packages/airflow/example_dags/example_dynamic_task_mapping_with_no_taskflow_operators.py took 0.071 seconds
[2024-12-18T15:57:31.731+0000] {processor.py:186} INFO - Started process (PID=4927) to work on /home/ubuntu/demo8/lib/python3.12/site-packages/airflow/example_dags/example_dynamic_task_mapping_with_no_taskflow_operators.py
[2024-12-18T15:57:31.733+0000] {processor.py:914} INFO - Processing file /home/ubuntu/demo8/lib/python3.12/site-packages/airflow/example_dags/example_dynamic_task_mapping_with_no_taskflow_operators.py for tasks to queue
[2024-12-18T15:57:31.735+0000] {logging_mixin.py:190} INFO - [2024-12-18T15:57:31.735+0000] {dagbag.py:588} INFO - Filling up the DagBag from /home/ubuntu/demo8/lib/python3.12/site-packages/airflow/example_dags/example_dynamic_task_mapping_with_no_taskflow_operators.py
[2024-12-18T15:57:31.745+0000] {processor.py:925} INFO - DAG(s) 'example_dynamic_task_mapping_with_no_taskflow_operators' retrieved from /home/ubuntu/demo8/lib/python3.12/site-packages/airflow/example_dags/example_dynamic_task_mapping_with_no_taskflow_operators.py
[2024-12-18T15:57:31.762+0000] {logging_mixin.py:190} INFO - [2024-12-18T15:57:31.761+0000] {dag.py:3239} INFO - Sync 1 DAGs
[2024-12-18T15:57:31.775+0000] {logging_mixin.py:190} INFO - [2024-12-18T15:57:31.775+0000] {dag.py:4180} INFO - Setting next_dagrun for example_dynamic_task_mapping_with_no_taskflow_operators to None, run_after=None
[2024-12-18T15:57:31.798+0000] {processor.py:208} INFO - Processing /home/ubuntu/demo8/lib/python3.12/site-packages/airflow/example_dags/example_dynamic_task_mapping_with_no_taskflow_operators.py took 0.073 seconds
[2024-12-18T15:58:28.577+0000] {processor.py:186} INFO - Started process (PID=4985) to work on /home/ubuntu/demo8/lib/python3.12/site-packages/airflow/example_dags/example_dynamic_task_mapping_with_no_taskflow_operators.py
[2024-12-18T15:58:28.579+0000] {processor.py:914} INFO - Processing file /home/ubuntu/demo8/lib/python3.12/site-packages/airflow/example_dags/example_dynamic_task_mapping_with_no_taskflow_operators.py for tasks to queue
[2024-12-18T15:58:28.582+0000] {logging_mixin.py:190} INFO - [2024-12-18T15:58:28.581+0000] {dagbag.py:588} INFO - Filling up the DagBag from /home/ubuntu/demo8/lib/python3.12/site-packages/airflow/example_dags/example_dynamic_task_mapping_with_no_taskflow_operators.py
[2024-12-18T15:58:28.591+0000] {processor.py:925} INFO - DAG(s) 'example_dynamic_task_mapping_with_no_taskflow_operators' retrieved from /home/ubuntu/demo8/lib/python3.12/site-packages/airflow/example_dags/example_dynamic_task_mapping_with_no_taskflow_operators.py
[2024-12-18T15:58:28.608+0000] {logging_mixin.py:190} INFO - [2024-12-18T15:58:28.608+0000] {dag.py:3239} INFO - Sync 1 DAGs
[2024-12-18T15:58:28.622+0000] {logging_mixin.py:190} INFO - [2024-12-18T15:58:28.622+0000] {dag.py:4180} INFO - Setting next_dagrun for example_dynamic_task_mapping_with_no_taskflow_operators to None, run_after=None
[2024-12-18T15:58:28.644+0000] {processor.py:208} INFO - Processing /home/ubuntu/demo8/lib/python3.12/site-packages/airflow/example_dags/example_dynamic_task_mapping_with_no_taskflow_operators.py took 0.073 seconds
[2024-12-18T16:00:30.542+0000] {processor.py:186} INFO - Started process (PID=5111) to work on /home/ubuntu/demo8/lib/python3.12/site-packages/airflow/example_dags/example_dynamic_task_mapping_with_no_taskflow_operators.py
[2024-12-18T16:00:30.543+0000] {processor.py:914} INFO - Processing file /home/ubuntu/demo8/lib/python3.12/site-packages/airflow/example_dags/example_dynamic_task_mapping_with_no_taskflow_operators.py for tasks to queue
[2024-12-18T16:00:30.545+0000] {logging_mixin.py:190} INFO - [2024-12-18T16:00:30.545+0000] {dagbag.py:588} INFO - Filling up the DagBag from /home/ubuntu/demo8/lib/python3.12/site-packages/airflow/example_dags/example_dynamic_task_mapping_with_no_taskflow_operators.py
[2024-12-18T16:00:30.555+0000] {processor.py:925} INFO - DAG(s) 'example_dynamic_task_mapping_with_no_taskflow_operators' retrieved from /home/ubuntu/demo8/lib/python3.12/site-packages/airflow/example_dags/example_dynamic_task_mapping_with_no_taskflow_operators.py
[2024-12-18T16:00:30.571+0000] {logging_mixin.py:190} INFO - [2024-12-18T16:00:30.571+0000] {dag.py:3239} INFO - Sync 1 DAGs
[2024-12-18T16:00:30.584+0000] {logging_mixin.py:190} INFO - [2024-12-18T16:00:30.584+0000] {dag.py:4180} INFO - Setting next_dagrun for example_dynamic_task_mapping_with_no_taskflow_operators to None, run_after=None
[2024-12-18T16:00:30.606+0000] {processor.py:208} INFO - Processing /home/ubuntu/demo8/lib/python3.12/site-packages/airflow/example_dags/example_dynamic_task_mapping_with_no_taskflow_operators.py took 0.070 seconds
[2024-12-18T16:01:27.393+0000] {processor.py:186} INFO - Started process (PID=5171) to work on /home/ubuntu/demo8/lib/python3.12/site-packages/airflow/example_dags/example_dynamic_task_mapping_with_no_taskflow_operators.py
[2024-12-18T16:01:27.394+0000] {processor.py:914} INFO - Processing file /home/ubuntu/demo8/lib/python3.12/site-packages/airflow/example_dags/example_dynamic_task_mapping_with_no_taskflow_operators.py for tasks to queue
[2024-12-18T16:01:27.396+0000] {logging_mixin.py:190} INFO - [2024-12-18T16:01:27.396+0000] {dagbag.py:588} INFO - Filling up the DagBag from /home/ubuntu/demo8/lib/python3.12/site-packages/airflow/example_dags/example_dynamic_task_mapping_with_no_taskflow_operators.py
[2024-12-18T16:01:27.406+0000] {processor.py:925} INFO - DAG(s) 'example_dynamic_task_mapping_with_no_taskflow_operators' retrieved from /home/ubuntu/demo8/lib/python3.12/site-packages/airflow/example_dags/example_dynamic_task_mapping_with_no_taskflow_operators.py
[2024-12-18T16:01:27.423+0000] {logging_mixin.py:190} INFO - [2024-12-18T16:01:27.422+0000] {dag.py:3239} INFO - Sync 1 DAGs
[2024-12-18T16:01:27.437+0000] {logging_mixin.py:190} INFO - [2024-12-18T16:01:27.436+0000] {dag.py:4180} INFO - Setting next_dagrun for example_dynamic_task_mapping_with_no_taskflow_operators to None, run_after=None
[2024-12-18T16:01:27.461+0000] {processor.py:208} INFO - Processing /home/ubuntu/demo8/lib/python3.12/site-packages/airflow/example_dags/example_dynamic_task_mapping_with_no_taskflow_operators.py took 0.074 seconds
[2024-12-18T16:02:24.136+0000] {processor.py:186} INFO - Started process (PID=5229) to work on /home/ubuntu/demo8/lib/python3.12/site-packages/airflow/example_dags/example_dynamic_task_mapping_with_no_taskflow_operators.py
[2024-12-18T16:02:24.138+0000] {processor.py:914} INFO - Processing file /home/ubuntu/demo8/lib/python3.12/site-packages/airflow/example_dags/example_dynamic_task_mapping_with_no_taskflow_operators.py for tasks to queue
[2024-12-18T16:02:24.140+0000] {logging_mixin.py:190} INFO - [2024-12-18T16:02:24.140+0000] {dagbag.py:588} INFO - Filling up the DagBag from /home/ubuntu/demo8/lib/python3.12/site-packages/airflow/example_dags/example_dynamic_task_mapping_with_no_taskflow_operators.py
[2024-12-18T16:02:24.150+0000] {processor.py:925} INFO - DAG(s) 'example_dynamic_task_mapping_with_no_taskflow_operators' retrieved from /home/ubuntu/demo8/lib/python3.12/site-packages/airflow/example_dags/example_dynamic_task_mapping_with_no_taskflow_operators.py
[2024-12-18T16:02:24.167+0000] {logging_mixin.py:190} INFO - [2024-12-18T16:02:24.167+0000] {dag.py:3239} INFO - Sync 1 DAGs
[2024-12-18T16:02:24.181+0000] {logging_mixin.py:190} INFO - [2024-12-18T16:02:24.181+0000] {dag.py:4180} INFO - Setting next_dagrun for example_dynamic_task_mapping_with_no_taskflow_operators to None, run_after=None
[2024-12-18T16:02:24.204+0000] {processor.py:208} INFO - Processing /home/ubuntu/demo8/lib/python3.12/site-packages/airflow/example_dags/example_dynamic_task_mapping_with_no_taskflow_operators.py took 0.073 seconds
[2024-12-18T16:03:19.305+0000] {processor.py:186} INFO - Started process (PID=5284) to work on /home/ubuntu/demo8/lib/python3.12/site-packages/airflow/example_dags/example_dynamic_task_mapping_with_no_taskflow_operators.py
[2024-12-18T16:03:19.306+0000] {processor.py:914} INFO - Processing file /home/ubuntu/demo8/lib/python3.12/site-packages/airflow/example_dags/example_dynamic_task_mapping_with_no_taskflow_operators.py for tasks to queue
[2024-12-18T16:03:19.308+0000] {logging_mixin.py:190} INFO - [2024-12-18T16:03:19.308+0000] {dagbag.py:588} INFO - Filling up the DagBag from /home/ubuntu/demo8/lib/python3.12/site-packages/airflow/example_dags/example_dynamic_task_mapping_with_no_taskflow_operators.py
[2024-12-18T16:03:19.318+0000] {processor.py:925} INFO - DAG(s) 'example_dynamic_task_mapping_with_no_taskflow_operators' retrieved from /home/ubuntu/demo8/lib/python3.12/site-packages/airflow/example_dags/example_dynamic_task_mapping_with_no_taskflow_operators.py
[2024-12-18T16:03:19.335+0000] {logging_mixin.py:190} INFO - [2024-12-18T16:03:19.334+0000] {dag.py:3239} INFO - Sync 1 DAGs
[2024-12-18T16:03:19.349+0000] {logging_mixin.py:190} INFO - [2024-12-18T16:03:19.349+0000] {dag.py:4180} INFO - Setting next_dagrun for example_dynamic_task_mapping_with_no_taskflow_operators to None, run_after=None
[2024-12-18T16:03:19.371+0000] {processor.py:208} INFO - Processing /home/ubuntu/demo8/lib/python3.12/site-packages/airflow/example_dags/example_dynamic_task_mapping_with_no_taskflow_operators.py took 0.072 seconds
[2024-12-18T20:29:58.601+0000] {processor.py:186} INFO - Started process (PID=2764) to work on /home/ubuntu/demo8/lib/python3.12/site-packages/airflow/example_dags/example_dynamic_task_mapping_with_no_taskflow_operators.py
[2024-12-18T20:29:58.604+0000] {processor.py:914} INFO - Processing file /home/ubuntu/demo8/lib/python3.12/site-packages/airflow/example_dags/example_dynamic_task_mapping_with_no_taskflow_operators.py for tasks to queue
[2024-12-18T20:29:58.606+0000] {logging_mixin.py:190} INFO - [2024-12-18T20:29:58.606+0000] {dagbag.py:588} INFO - Filling up the DagBag from /home/ubuntu/demo8/lib/python3.12/site-packages/airflow/example_dags/example_dynamic_task_mapping_with_no_taskflow_operators.py
[2024-12-18T20:29:58.618+0000] {processor.py:925} INFO - DAG(s) 'example_dynamic_task_mapping_with_no_taskflow_operators' retrieved from /home/ubuntu/demo8/lib/python3.12/site-packages/airflow/example_dags/example_dynamic_task_mapping_with_no_taskflow_operators.py
[2024-12-18T20:29:58.635+0000] {logging_mixin.py:190} INFO - [2024-12-18T20:29:58.634+0000] {dag.py:3239} INFO - Sync 1 DAGs
[2024-12-18T20:29:58.650+0000] {logging_mixin.py:190} INFO - [2024-12-18T20:29:58.649+0000] {dag.py:4180} INFO - Setting next_dagrun for example_dynamic_task_mapping_with_no_taskflow_operators to None, run_after=None
[2024-12-18T20:29:58.674+0000] {processor.py:208} INFO - Processing /home/ubuntu/demo8/lib/python3.12/site-packages/airflow/example_dags/example_dynamic_task_mapping_with_no_taskflow_operators.py took 0.079 seconds
[2024-12-18T20:30:56.111+0000] {processor.py:186} INFO - Started process (PID=2947) to work on /home/ubuntu/demo8/lib/python3.12/site-packages/airflow/example_dags/example_dynamic_task_mapping_with_no_taskflow_operators.py
[2024-12-18T20:30:56.113+0000] {processor.py:914} INFO - Processing file /home/ubuntu/demo8/lib/python3.12/site-packages/airflow/example_dags/example_dynamic_task_mapping_with_no_taskflow_operators.py for tasks to queue
[2024-12-18T20:30:56.115+0000] {logging_mixin.py:190} INFO - [2024-12-18T20:30:56.115+0000] {dagbag.py:588} INFO - Filling up the DagBag from /home/ubuntu/demo8/lib/python3.12/site-packages/airflow/example_dags/example_dynamic_task_mapping_with_no_taskflow_operators.py
[2024-12-18T20:30:56.124+0000] {processor.py:925} INFO - DAG(s) 'example_dynamic_task_mapping_with_no_taskflow_operators' retrieved from /home/ubuntu/demo8/lib/python3.12/site-packages/airflow/example_dags/example_dynamic_task_mapping_with_no_taskflow_operators.py
[2024-12-18T20:30:56.142+0000] {logging_mixin.py:190} INFO - [2024-12-18T20:30:56.141+0000] {dag.py:3239} INFO - Sync 1 DAGs
[2024-12-18T20:30:56.156+0000] {logging_mixin.py:190} INFO - [2024-12-18T20:30:56.156+0000] {dag.py:4180} INFO - Setting next_dagrun for example_dynamic_task_mapping_with_no_taskflow_operators to None, run_after=None
[2024-12-18T20:30:56.178+0000] {processor.py:208} INFO - Processing /home/ubuntu/demo8/lib/python3.12/site-packages/airflow/example_dags/example_dynamic_task_mapping_with_no_taskflow_operators.py took 0.074 seconds
[2024-12-18T20:31:52.342+0000] {processor.py:186} INFO - Started process (PID=3194) to work on /home/ubuntu/demo8/lib/python3.12/site-packages/airflow/example_dags/example_dynamic_task_mapping_with_no_taskflow_operators.py
[2024-12-18T20:31:52.343+0000] {processor.py:914} INFO - Processing file /home/ubuntu/demo8/lib/python3.12/site-packages/airflow/example_dags/example_dynamic_task_mapping_with_no_taskflow_operators.py for tasks to queue
[2024-12-18T20:31:52.345+0000] {logging_mixin.py:190} INFO - [2024-12-18T20:31:52.345+0000] {dagbag.py:588} INFO - Filling up the DagBag from /home/ubuntu/demo8/lib/python3.12/site-packages/airflow/example_dags/example_dynamic_task_mapping_with_no_taskflow_operators.py
[2024-12-18T20:31:52.363+0000] {processor.py:925} INFO - DAG(s) 'example_dynamic_task_mapping_with_no_taskflow_operators' retrieved from /home/ubuntu/demo8/lib/python3.12/site-packages/airflow/example_dags/example_dynamic_task_mapping_with_no_taskflow_operators.py
[2024-12-18T20:31:52.395+0000] {logging_mixin.py:190} INFO - [2024-12-18T20:31:52.395+0000] {dag.py:3239} INFO - Sync 1 DAGs
[2024-12-18T20:31:52.409+0000] {logging_mixin.py:190} INFO - [2024-12-18T20:31:52.409+0000] {dag.py:4180} INFO - Setting next_dagrun for example_dynamic_task_mapping_with_no_taskflow_operators to None, run_after=None
[2024-12-18T20:31:52.431+0000] {processor.py:208} INFO - Processing /home/ubuntu/demo8/lib/python3.12/site-packages/airflow/example_dags/example_dynamic_task_mapping_with_no_taskflow_operators.py took 0.096 seconds
[2024-12-18T20:32:49.236+0000] {processor.py:186} INFO - Started process (PID=3418) to work on /home/ubuntu/demo8/lib/python3.12/site-packages/airflow/example_dags/example_dynamic_task_mapping_with_no_taskflow_operators.py
[2024-12-18T20:32:49.237+0000] {processor.py:914} INFO - Processing file /home/ubuntu/demo8/lib/python3.12/site-packages/airflow/example_dags/example_dynamic_task_mapping_with_no_taskflow_operators.py for tasks to queue
[2024-12-18T20:32:49.240+0000] {logging_mixin.py:190} INFO - [2024-12-18T20:32:49.239+0000] {dagbag.py:588} INFO - Filling up the DagBag from /home/ubuntu/demo8/lib/python3.12/site-packages/airflow/example_dags/example_dynamic_task_mapping_with_no_taskflow_operators.py
[2024-12-18T20:32:49.249+0000] {processor.py:925} INFO - DAG(s) 'example_dynamic_task_mapping_with_no_taskflow_operators' retrieved from /home/ubuntu/demo8/lib/python3.12/site-packages/airflow/example_dags/example_dynamic_task_mapping_with_no_taskflow_operators.py
[2024-12-18T20:32:49.266+0000] {logging_mixin.py:190} INFO - [2024-12-18T20:32:49.266+0000] {dag.py:3239} INFO - Sync 1 DAGs
[2024-12-18T20:32:49.281+0000] {logging_mixin.py:190} INFO - [2024-12-18T20:32:49.281+0000] {dag.py:4180} INFO - Setting next_dagrun for example_dynamic_task_mapping_with_no_taskflow_operators to None, run_after=None
[2024-12-18T20:32:49.305+0000] {processor.py:208} INFO - Processing /home/ubuntu/demo8/lib/python3.12/site-packages/airflow/example_dags/example_dynamic_task_mapping_with_no_taskflow_operators.py took 0.075 seconds
[2024-12-18T20:33:43.576+0000] {processor.py:186} INFO - Started process (PID=3535) to work on /home/ubuntu/demo8/lib/python3.12/site-packages/airflow/example_dags/example_dynamic_task_mapping_with_no_taskflow_operators.py
[2024-12-18T20:33:43.578+0000] {processor.py:914} INFO - Processing file /home/ubuntu/demo8/lib/python3.12/site-packages/airflow/example_dags/example_dynamic_task_mapping_with_no_taskflow_operators.py for tasks to queue
[2024-12-18T20:33:43.580+0000] {logging_mixin.py:190} INFO - [2024-12-18T20:33:43.580+0000] {dagbag.py:588} INFO - Filling up the DagBag from /home/ubuntu/demo8/lib/python3.12/site-packages/airflow/example_dags/example_dynamic_task_mapping_with_no_taskflow_operators.py
[2024-12-18T20:33:43.590+0000] {processor.py:925} INFO - DAG(s) 'example_dynamic_task_mapping_with_no_taskflow_operators' retrieved from /home/ubuntu/demo8/lib/python3.12/site-packages/airflow/example_dags/example_dynamic_task_mapping_with_no_taskflow_operators.py
[2024-12-18T20:33:43.606+0000] {logging_mixin.py:190} INFO - [2024-12-18T20:33:43.606+0000] {dag.py:3239} INFO - Sync 1 DAGs
[2024-12-18T20:33:43.620+0000] {logging_mixin.py:190} INFO - [2024-12-18T20:33:43.620+0000] {dag.py:4180} INFO - Setting next_dagrun for example_dynamic_task_mapping_with_no_taskflow_operators to None, run_after=None
[2024-12-18T20:33:43.643+0000] {processor.py:208} INFO - Processing /home/ubuntu/demo8/lib/python3.12/site-packages/airflow/example_dags/example_dynamic_task_mapping_with_no_taskflow_operators.py took 0.073 seconds
[2024-12-18T20:34:51.983+0000] {processor.py:186} INFO - Started process (PID=3721) to work on /home/ubuntu/demo8/lib/python3.12/site-packages/airflow/example_dags/example_dynamic_task_mapping_with_no_taskflow_operators.py
[2024-12-18T20:34:51.985+0000] {processor.py:914} INFO - Processing file /home/ubuntu/demo8/lib/python3.12/site-packages/airflow/example_dags/example_dynamic_task_mapping_with_no_taskflow_operators.py for tasks to queue
[2024-12-18T20:34:51.988+0000] {logging_mixin.py:190} INFO - [2024-12-18T20:34:51.988+0000] {dagbag.py:588} INFO - Filling up the DagBag from /home/ubuntu/demo8/lib/python3.12/site-packages/airflow/example_dags/example_dynamic_task_mapping_with_no_taskflow_operators.py
[2024-12-18T20:34:51.997+0000] {processor.py:925} INFO - DAG(s) 'example_dynamic_task_mapping_with_no_taskflow_operators' retrieved from /home/ubuntu/demo8/lib/python3.12/site-packages/airflow/example_dags/example_dynamic_task_mapping_with_no_taskflow_operators.py
[2024-12-18T20:34:52.014+0000] {logging_mixin.py:190} INFO - [2024-12-18T20:34:52.014+0000] {dag.py:3239} INFO - Sync 1 DAGs
[2024-12-18T20:34:52.028+0000] {logging_mixin.py:190} INFO - [2024-12-18T20:34:52.028+0000] {dag.py:4180} INFO - Setting next_dagrun for example_dynamic_task_mapping_with_no_taskflow_operators to None, run_after=None
[2024-12-18T20:34:52.051+0000] {processor.py:208} INFO - Processing /home/ubuntu/demo8/lib/python3.12/site-packages/airflow/example_dags/example_dynamic_task_mapping_with_no_taskflow_operators.py took 0.073 seconds
[2024-12-18T20:35:50.124+0000] {processor.py:186} INFO - Started process (PID=3846) to work on /home/ubuntu/demo8/lib/python3.12/site-packages/airflow/example_dags/example_dynamic_task_mapping_with_no_taskflow_operators.py
[2024-12-18T20:35:50.125+0000] {processor.py:914} INFO - Processing file /home/ubuntu/demo8/lib/python3.12/site-packages/airflow/example_dags/example_dynamic_task_mapping_with_no_taskflow_operators.py for tasks to queue
[2024-12-18T20:35:50.128+0000] {logging_mixin.py:190} INFO - [2024-12-18T20:35:50.127+0000] {dagbag.py:588} INFO - Filling up the DagBag from /home/ubuntu/demo8/lib/python3.12/site-packages/airflow/example_dags/example_dynamic_task_mapping_with_no_taskflow_operators.py
[2024-12-18T20:35:50.138+0000] {processor.py:925} INFO - DAG(s) 'example_dynamic_task_mapping_with_no_taskflow_operators' retrieved from /home/ubuntu/demo8/lib/python3.12/site-packages/airflow/example_dags/example_dynamic_task_mapping_with_no_taskflow_operators.py
[2024-12-18T20:35:50.155+0000] {logging_mixin.py:190} INFO - [2024-12-18T20:35:50.155+0000] {dag.py:3239} INFO - Sync 1 DAGs
[2024-12-18T20:35:50.171+0000] {logging_mixin.py:190} INFO - [2024-12-18T20:35:50.170+0000] {dag.py:4180} INFO - Setting next_dagrun for example_dynamic_task_mapping_with_no_taskflow_operators to None, run_after=None
[2024-12-18T20:35:50.199+0000] {processor.py:208} INFO - Processing /home/ubuntu/demo8/lib/python3.12/site-packages/airflow/example_dags/example_dynamic_task_mapping_with_no_taskflow_operators.py took 0.083 seconds
[2024-12-18T20:36:48.854+0000] {processor.py:186} INFO - Started process (PID=3965) to work on /home/ubuntu/demo8/lib/python3.12/site-packages/airflow/example_dags/example_dynamic_task_mapping_with_no_taskflow_operators.py
[2024-12-18T20:36:48.856+0000] {processor.py:914} INFO - Processing file /home/ubuntu/demo8/lib/python3.12/site-packages/airflow/example_dags/example_dynamic_task_mapping_with_no_taskflow_operators.py for tasks to queue
[2024-12-18T20:36:48.859+0000] {logging_mixin.py:190} INFO - [2024-12-18T20:36:48.858+0000] {dagbag.py:588} INFO - Filling up the DagBag from /home/ubuntu/demo8/lib/python3.12/site-packages/airflow/example_dags/example_dynamic_task_mapping_with_no_taskflow_operators.py
[2024-12-18T20:36:48.868+0000] {processor.py:925} INFO - DAG(s) 'example_dynamic_task_mapping_with_no_taskflow_operators' retrieved from /home/ubuntu/demo8/lib/python3.12/site-packages/airflow/example_dags/example_dynamic_task_mapping_with_no_taskflow_operators.py
[2024-12-18T20:36:48.885+0000] {logging_mixin.py:190} INFO - [2024-12-18T20:36:48.885+0000] {dag.py:3239} INFO - Sync 1 DAGs
[2024-12-18T20:36:48.899+0000] {logging_mixin.py:190} INFO - [2024-12-18T20:36:48.899+0000] {dag.py:4180} INFO - Setting next_dagrun for example_dynamic_task_mapping_with_no_taskflow_operators to None, run_after=None
[2024-12-18T20:36:48.922+0000] {processor.py:208} INFO - Processing /home/ubuntu/demo8/lib/python3.12/site-packages/airflow/example_dags/example_dynamic_task_mapping_with_no_taskflow_operators.py took 0.074 seconds
[2024-12-18T20:37:44.056+0000] {processor.py:186} INFO - Started process (PID=4083) to work on /home/ubuntu/demo8/lib/python3.12/site-packages/airflow/example_dags/example_dynamic_task_mapping_with_no_taskflow_operators.py
[2024-12-18T20:37:44.058+0000] {processor.py:914} INFO - Processing file /home/ubuntu/demo8/lib/python3.12/site-packages/airflow/example_dags/example_dynamic_task_mapping_with_no_taskflow_operators.py for tasks to queue
[2024-12-18T20:37:44.061+0000] {logging_mixin.py:190} INFO - [2024-12-18T20:37:44.060+0000] {dagbag.py:588} INFO - Filling up the DagBag from /home/ubuntu/demo8/lib/python3.12/site-packages/airflow/example_dags/example_dynamic_task_mapping_with_no_taskflow_operators.py
[2024-12-18T20:37:44.070+0000] {processor.py:925} INFO - DAG(s) 'example_dynamic_task_mapping_with_no_taskflow_operators' retrieved from /home/ubuntu/demo8/lib/python3.12/site-packages/airflow/example_dags/example_dynamic_task_mapping_with_no_taskflow_operators.py
[2024-12-18T20:37:44.087+0000] {logging_mixin.py:190} INFO - [2024-12-18T20:37:44.087+0000] {dag.py:3239} INFO - Sync 1 DAGs
[2024-12-18T20:37:44.101+0000] {logging_mixin.py:190} INFO - [2024-12-18T20:37:44.101+0000] {dag.py:4180} INFO - Setting next_dagrun for example_dynamic_task_mapping_with_no_taskflow_operators to None, run_after=None
[2024-12-18T20:37:44.123+0000] {processor.py:208} INFO - Processing /home/ubuntu/demo8/lib/python3.12/site-packages/airflow/example_dags/example_dynamic_task_mapping_with_no_taskflow_operators.py took 0.073 seconds
[2024-12-18T20:38:38.788+0000] {processor.py:186} INFO - Started process (PID=4199) to work on /home/ubuntu/demo8/lib/python3.12/site-packages/airflow/example_dags/example_dynamic_task_mapping_with_no_taskflow_operators.py
[2024-12-18T20:38:38.790+0000] {processor.py:914} INFO - Processing file /home/ubuntu/demo8/lib/python3.12/site-packages/airflow/example_dags/example_dynamic_task_mapping_with_no_taskflow_operators.py for tasks to queue
[2024-12-18T20:38:38.793+0000] {logging_mixin.py:190} INFO - [2024-12-18T20:38:38.792+0000] {dagbag.py:588} INFO - Filling up the DagBag from /home/ubuntu/demo8/lib/python3.12/site-packages/airflow/example_dags/example_dynamic_task_mapping_with_no_taskflow_operators.py
[2024-12-18T20:38:38.803+0000] {processor.py:925} INFO - DAG(s) 'example_dynamic_task_mapping_with_no_taskflow_operators' retrieved from /home/ubuntu/demo8/lib/python3.12/site-packages/airflow/example_dags/example_dynamic_task_mapping_with_no_taskflow_operators.py
[2024-12-18T20:38:38.819+0000] {logging_mixin.py:190} INFO - [2024-12-18T20:38:38.819+0000] {dag.py:3239} INFO - Sync 1 DAGs
[2024-12-18T20:38:38.835+0000] {logging_mixin.py:190} INFO - [2024-12-18T20:38:38.834+0000] {dag.py:4180} INFO - Setting next_dagrun for example_dynamic_task_mapping_with_no_taskflow_operators to None, run_after=None
[2024-12-18T20:38:38.857+0000] {processor.py:208} INFO - Processing /home/ubuntu/demo8/lib/python3.12/site-packages/airflow/example_dags/example_dynamic_task_mapping_with_no_taskflow_operators.py took 0.075 seconds
[2024-12-18T20:39:34.509+0000] {processor.py:186} INFO - Started process (PID=4377) to work on /home/ubuntu/demo8/lib/python3.12/site-packages/airflow/example_dags/example_dynamic_task_mapping_with_no_taskflow_operators.py
[2024-12-18T20:39:34.511+0000] {processor.py:914} INFO - Processing file /home/ubuntu/demo8/lib/python3.12/site-packages/airflow/example_dags/example_dynamic_task_mapping_with_no_taskflow_operators.py for tasks to queue
[2024-12-18T20:39:34.514+0000] {logging_mixin.py:190} INFO - [2024-12-18T20:39:34.513+0000] {dagbag.py:588} INFO - Filling up the DagBag from /home/ubuntu/demo8/lib/python3.12/site-packages/airflow/example_dags/example_dynamic_task_mapping_with_no_taskflow_operators.py
[2024-12-18T20:39:34.523+0000] {processor.py:925} INFO - DAG(s) 'example_dynamic_task_mapping_with_no_taskflow_operators' retrieved from /home/ubuntu/demo8/lib/python3.12/site-packages/airflow/example_dags/example_dynamic_task_mapping_with_no_taskflow_operators.py
[2024-12-18T20:39:34.540+0000] {logging_mixin.py:190} INFO - [2024-12-18T20:39:34.540+0000] {dag.py:3239} INFO - Sync 1 DAGs
[2024-12-18T20:39:34.554+0000] {logging_mixin.py:190} INFO - [2024-12-18T20:39:34.554+0000] {dag.py:4180} INFO - Setting next_dagrun for example_dynamic_task_mapping_with_no_taskflow_operators to None, run_after=None
[2024-12-18T20:39:34.578+0000] {processor.py:208} INFO - Processing /home/ubuntu/demo8/lib/python3.12/site-packages/airflow/example_dags/example_dynamic_task_mapping_with_no_taskflow_operators.py took 0.075 seconds
[2024-12-18T20:40:32.075+0000] {processor.py:186} INFO - Started process (PID=4513) to work on /home/ubuntu/demo8/lib/python3.12/site-packages/airflow/example_dags/example_dynamic_task_mapping_with_no_taskflow_operators.py
[2024-12-18T20:40:32.077+0000] {processor.py:914} INFO - Processing file /home/ubuntu/demo8/lib/python3.12/site-packages/airflow/example_dags/example_dynamic_task_mapping_with_no_taskflow_operators.py for tasks to queue
[2024-12-18T20:40:32.079+0000] {logging_mixin.py:190} INFO - [2024-12-18T20:40:32.079+0000] {dagbag.py:588} INFO - Filling up the DagBag from /home/ubuntu/demo8/lib/python3.12/site-packages/airflow/example_dags/example_dynamic_task_mapping_with_no_taskflow_operators.py
[2024-12-18T20:40:32.089+0000] {processor.py:925} INFO - DAG(s) 'example_dynamic_task_mapping_with_no_taskflow_operators' retrieved from /home/ubuntu/demo8/lib/python3.12/site-packages/airflow/example_dags/example_dynamic_task_mapping_with_no_taskflow_operators.py
[2024-12-18T20:40:32.105+0000] {logging_mixin.py:190} INFO - [2024-12-18T20:40:32.105+0000] {dag.py:3239} INFO - Sync 1 DAGs
[2024-12-18T20:40:32.119+0000] {logging_mixin.py:190} INFO - [2024-12-18T20:40:32.119+0000] {dag.py:4180} INFO - Setting next_dagrun for example_dynamic_task_mapping_with_no_taskflow_operators to None, run_after=None
[2024-12-18T20:40:32.142+0000] {processor.py:208} INFO - Processing /home/ubuntu/demo8/lib/python3.12/site-packages/airflow/example_dags/example_dynamic_task_mapping_with_no_taskflow_operators.py took 0.073 seconds
[2024-12-18T20:41:25.994+0000] {processor.py:186} INFO - Started process (PID=4632) to work on /home/ubuntu/demo8/lib/python3.12/site-packages/airflow/example_dags/example_dynamic_task_mapping_with_no_taskflow_operators.py
[2024-12-18T20:41:25.995+0000] {processor.py:914} INFO - Processing file /home/ubuntu/demo8/lib/python3.12/site-packages/airflow/example_dags/example_dynamic_task_mapping_with_no_taskflow_operators.py for tasks to queue
[2024-12-18T20:41:25.999+0000] {logging_mixin.py:190} INFO - [2024-12-18T20:41:25.998+0000] {dagbag.py:588} INFO - Filling up the DagBag from /home/ubuntu/demo8/lib/python3.12/site-packages/airflow/example_dags/example_dynamic_task_mapping_with_no_taskflow_operators.py
[2024-12-18T20:41:26.008+0000] {processor.py:925} INFO - DAG(s) 'example_dynamic_task_mapping_with_no_taskflow_operators' retrieved from /home/ubuntu/demo8/lib/python3.12/site-packages/airflow/example_dags/example_dynamic_task_mapping_with_no_taskflow_operators.py
[2024-12-18T20:41:26.026+0000] {logging_mixin.py:190} INFO - [2024-12-18T20:41:26.025+0000] {dag.py:3239} INFO - Sync 1 DAGs
[2024-12-18T20:41:26.040+0000] {logging_mixin.py:190} INFO - [2024-12-18T20:41:26.040+0000] {dag.py:4180} INFO - Setting next_dagrun for example_dynamic_task_mapping_with_no_taskflow_operators to None, run_after=None
[2024-12-18T20:41:26.062+0000] {processor.py:208} INFO - Processing /home/ubuntu/demo8/lib/python3.12/site-packages/airflow/example_dags/example_dynamic_task_mapping_with_no_taskflow_operators.py took 0.075 seconds
[2024-12-18T20:42:21.660+0000] {processor.py:186} INFO - Started process (PID=4749) to work on /home/ubuntu/demo8/lib/python3.12/site-packages/airflow/example_dags/example_dynamic_task_mapping_with_no_taskflow_operators.py
[2024-12-18T20:42:21.662+0000] {processor.py:914} INFO - Processing file /home/ubuntu/demo8/lib/python3.12/site-packages/airflow/example_dags/example_dynamic_task_mapping_with_no_taskflow_operators.py for tasks to queue
[2024-12-18T20:42:21.664+0000] {logging_mixin.py:190} INFO - [2024-12-18T20:42:21.664+0000] {dagbag.py:588} INFO - Filling up the DagBag from /home/ubuntu/demo8/lib/python3.12/site-packages/airflow/example_dags/example_dynamic_task_mapping_with_no_taskflow_operators.py
[2024-12-18T20:42:21.674+0000] {processor.py:925} INFO - DAG(s) 'example_dynamic_task_mapping_with_no_taskflow_operators' retrieved from /home/ubuntu/demo8/lib/python3.12/site-packages/airflow/example_dags/example_dynamic_task_mapping_with_no_taskflow_operators.py
[2024-12-18T20:42:21.690+0000] {logging_mixin.py:190} INFO - [2024-12-18T20:42:21.690+0000] {dag.py:3239} INFO - Sync 1 DAGs
[2024-12-18T20:42:21.704+0000] {logging_mixin.py:190} INFO - [2024-12-18T20:42:21.704+0000] {dag.py:4180} INFO - Setting next_dagrun for example_dynamic_task_mapping_with_no_taskflow_operators to None, run_after=None
[2024-12-18T20:42:21.726+0000] {processor.py:208} INFO - Processing /home/ubuntu/demo8/lib/python3.12/site-packages/airflow/example_dags/example_dynamic_task_mapping_with_no_taskflow_operators.py took 0.072 seconds
[2024-12-18T20:43:15.828+0000] {processor.py:186} INFO - Started process (PID=4805) to work on /home/ubuntu/demo8/lib/python3.12/site-packages/airflow/example_dags/example_dynamic_task_mapping_with_no_taskflow_operators.py
[2024-12-18T20:43:15.830+0000] {processor.py:914} INFO - Processing file /home/ubuntu/demo8/lib/python3.12/site-packages/airflow/example_dags/example_dynamic_task_mapping_with_no_taskflow_operators.py for tasks to queue
[2024-12-18T20:43:15.832+0000] {logging_mixin.py:190} INFO - [2024-12-18T20:43:15.832+0000] {dagbag.py:588} INFO - Filling up the DagBag from /home/ubuntu/demo8/lib/python3.12/site-packages/airflow/example_dags/example_dynamic_task_mapping_with_no_taskflow_operators.py
[2024-12-18T20:43:15.842+0000] {processor.py:925} INFO - DAG(s) 'example_dynamic_task_mapping_with_no_taskflow_operators' retrieved from /home/ubuntu/demo8/lib/python3.12/site-packages/airflow/example_dags/example_dynamic_task_mapping_with_no_taskflow_operators.py
[2024-12-18T20:43:15.859+0000] {logging_mixin.py:190} INFO - [2024-12-18T20:43:15.858+0000] {dag.py:3239} INFO - Sync 1 DAGs
[2024-12-18T20:43:15.872+0000] {logging_mixin.py:190} INFO - [2024-12-18T20:43:15.872+0000] {dag.py:4180} INFO - Setting next_dagrun for example_dynamic_task_mapping_with_no_taskflow_operators to None, run_after=None
[2024-12-18T20:43:15.894+0000] {processor.py:208} INFO - Processing /home/ubuntu/demo8/lib/python3.12/site-packages/airflow/example_dags/example_dynamic_task_mapping_with_no_taskflow_operators.py took 0.073 seconds
[2024-12-18T20:44:08.999+0000] {processor.py:186} INFO - Started process (PID=4920) to work on /home/ubuntu/demo8/lib/python3.12/site-packages/airflow/example_dags/example_dynamic_task_mapping_with_no_taskflow_operators.py
[2024-12-18T20:44:09.001+0000] {processor.py:914} INFO - Processing file /home/ubuntu/demo8/lib/python3.12/site-packages/airflow/example_dags/example_dynamic_task_mapping_with_no_taskflow_operators.py for tasks to queue
[2024-12-18T20:44:09.003+0000] {logging_mixin.py:190} INFO - [2024-12-18T20:44:09.003+0000] {dagbag.py:588} INFO - Filling up the DagBag from /home/ubuntu/demo8/lib/python3.12/site-packages/airflow/example_dags/example_dynamic_task_mapping_with_no_taskflow_operators.py
[2024-12-18T20:44:09.014+0000] {processor.py:925} INFO - DAG(s) 'example_dynamic_task_mapping_with_no_taskflow_operators' retrieved from /home/ubuntu/demo8/lib/python3.12/site-packages/airflow/example_dags/example_dynamic_task_mapping_with_no_taskflow_operators.py
[2024-12-18T20:44:09.031+0000] {logging_mixin.py:190} INFO - [2024-12-18T20:44:09.030+0000] {dag.py:3239} INFO - Sync 1 DAGs
[2024-12-18T20:44:09.045+0000] {logging_mixin.py:190} INFO - [2024-12-18T20:44:09.045+0000] {dag.py:4180} INFO - Setting next_dagrun for example_dynamic_task_mapping_with_no_taskflow_operators to None, run_after=None
[2024-12-18T20:44:09.068+0000] {processor.py:208} INFO - Processing /home/ubuntu/demo8/lib/python3.12/site-packages/airflow/example_dags/example_dynamic_task_mapping_with_no_taskflow_operators.py took 0.076 seconds
[2024-12-18T20:45:03.546+0000] {processor.py:186} INFO - Started process (PID=5101) to work on /home/ubuntu/demo8/lib/python3.12/site-packages/airflow/example_dags/example_dynamic_task_mapping_with_no_taskflow_operators.py
[2024-12-18T20:45:03.548+0000] {processor.py:914} INFO - Processing file /home/ubuntu/demo8/lib/python3.12/site-packages/airflow/example_dags/example_dynamic_task_mapping_with_no_taskflow_operators.py for tasks to queue
[2024-12-18T20:45:03.551+0000] {logging_mixin.py:190} INFO - [2024-12-18T20:45:03.550+0000] {dagbag.py:588} INFO - Filling up the DagBag from /home/ubuntu/demo8/lib/python3.12/site-packages/airflow/example_dags/example_dynamic_task_mapping_with_no_taskflow_operators.py
[2024-12-18T20:45:03.561+0000] {processor.py:925} INFO - DAG(s) 'example_dynamic_task_mapping_with_no_taskflow_operators' retrieved from /home/ubuntu/demo8/lib/python3.12/site-packages/airflow/example_dags/example_dynamic_task_mapping_with_no_taskflow_operators.py
[2024-12-18T20:45:03.578+0000] {logging_mixin.py:190} INFO - [2024-12-18T20:45:03.578+0000] {dag.py:3239} INFO - Sync 1 DAGs
[2024-12-18T20:45:03.592+0000] {logging_mixin.py:190} INFO - [2024-12-18T20:45:03.592+0000] {dag.py:4180} INFO - Setting next_dagrun for example_dynamic_task_mapping_with_no_taskflow_operators to None, run_after=None
[2024-12-18T20:45:03.615+0000] {processor.py:208} INFO - Processing /home/ubuntu/demo8/lib/python3.12/site-packages/airflow/example_dags/example_dynamic_task_mapping_with_no_taskflow_operators.py took 0.075 seconds
[2024-12-18T20:47:36.916+0000] {processor.py:186} INFO - Started process (PID=5846) to work on /home/ubuntu/demo8/lib/python3.12/site-packages/airflow/example_dags/example_dynamic_task_mapping_with_no_taskflow_operators.py
[2024-12-18T20:47:36.917+0000] {processor.py:914} INFO - Processing file /home/ubuntu/demo8/lib/python3.12/site-packages/airflow/example_dags/example_dynamic_task_mapping_with_no_taskflow_operators.py for tasks to queue
[2024-12-18T20:47:36.920+0000] {logging_mixin.py:190} INFO - [2024-12-18T20:47:36.920+0000] {dagbag.py:588} INFO - Filling up the DagBag from /home/ubuntu/demo8/lib/python3.12/site-packages/airflow/example_dags/example_dynamic_task_mapping_with_no_taskflow_operators.py
[2024-12-18T20:47:36.929+0000] {processor.py:925} INFO - DAG(s) 'example_dynamic_task_mapping_with_no_taskflow_operators' retrieved from /home/ubuntu/demo8/lib/python3.12/site-packages/airflow/example_dags/example_dynamic_task_mapping_with_no_taskflow_operators.py
[2024-12-18T20:47:36.946+0000] {logging_mixin.py:190} INFO - [2024-12-18T20:47:36.946+0000] {dag.py:3239} INFO - Sync 1 DAGs
[2024-12-18T20:47:36.960+0000] {logging_mixin.py:190} INFO - [2024-12-18T20:47:36.960+0000] {dag.py:4180} INFO - Setting next_dagrun for example_dynamic_task_mapping_with_no_taskflow_operators to None, run_after=None
[2024-12-18T20:47:36.983+0000] {processor.py:208} INFO - Processing /home/ubuntu/demo8/lib/python3.12/site-packages/airflow/example_dags/example_dynamic_task_mapping_with_no_taskflow_operators.py took 0.073 seconds
[2024-12-18T20:48:35.156+0000] {processor.py:186} INFO - Started process (PID=6148) to work on /home/ubuntu/demo8/lib/python3.12/site-packages/airflow/example_dags/example_dynamic_task_mapping_with_no_taskflow_operators.py
[2024-12-18T20:48:35.157+0000] {processor.py:914} INFO - Processing file /home/ubuntu/demo8/lib/python3.12/site-packages/airflow/example_dags/example_dynamic_task_mapping_with_no_taskflow_operators.py for tasks to queue
[2024-12-18T20:48:35.160+0000] {logging_mixin.py:190} INFO - [2024-12-18T20:48:35.159+0000] {dagbag.py:588} INFO - Filling up the DagBag from /home/ubuntu/demo8/lib/python3.12/site-packages/airflow/example_dags/example_dynamic_task_mapping_with_no_taskflow_operators.py
[2024-12-18T20:48:35.169+0000] {processor.py:925} INFO - DAG(s) 'example_dynamic_task_mapping_with_no_taskflow_operators' retrieved from /home/ubuntu/demo8/lib/python3.12/site-packages/airflow/example_dags/example_dynamic_task_mapping_with_no_taskflow_operators.py
[2024-12-18T20:48:35.186+0000] {logging_mixin.py:190} INFO - [2024-12-18T20:48:35.186+0000] {dag.py:3239} INFO - Sync 1 DAGs
[2024-12-18T20:48:35.201+0000] {logging_mixin.py:190} INFO - [2024-12-18T20:48:35.200+0000] {dag.py:4180} INFO - Setting next_dagrun for example_dynamic_task_mapping_with_no_taskflow_operators to None, run_after=None
[2024-12-18T20:48:35.225+0000] {processor.py:208} INFO - Processing /home/ubuntu/demo8/lib/python3.12/site-packages/airflow/example_dags/example_dynamic_task_mapping_with_no_taskflow_operators.py took 0.075 seconds
[2024-12-18T20:49:32.172+0000] {processor.py:186} INFO - Started process (PID=6446) to work on /home/ubuntu/demo8/lib/python3.12/site-packages/airflow/example_dags/example_dynamic_task_mapping_with_no_taskflow_operators.py
[2024-12-18T20:49:32.174+0000] {processor.py:914} INFO - Processing file /home/ubuntu/demo8/lib/python3.12/site-packages/airflow/example_dags/example_dynamic_task_mapping_with_no_taskflow_operators.py for tasks to queue
[2024-12-18T20:49:32.176+0000] {logging_mixin.py:190} INFO - [2024-12-18T20:49:32.176+0000] {dagbag.py:588} INFO - Filling up the DagBag from /home/ubuntu/demo8/lib/python3.12/site-packages/airflow/example_dags/example_dynamic_task_mapping_with_no_taskflow_operators.py
[2024-12-18T20:49:32.186+0000] {processor.py:925} INFO - DAG(s) 'example_dynamic_task_mapping_with_no_taskflow_operators' retrieved from /home/ubuntu/demo8/lib/python3.12/site-packages/airflow/example_dags/example_dynamic_task_mapping_with_no_taskflow_operators.py
[2024-12-18T20:49:32.203+0000] {logging_mixin.py:190} INFO - [2024-12-18T20:49:32.203+0000] {dag.py:3239} INFO - Sync 1 DAGs
[2024-12-18T20:49:32.217+0000] {logging_mixin.py:190} INFO - [2024-12-18T20:49:32.216+0000] {dag.py:4180} INFO - Setting next_dagrun for example_dynamic_task_mapping_with_no_taskflow_operators to None, run_after=None
[2024-12-18T20:49:32.240+0000] {processor.py:208} INFO - Processing /home/ubuntu/demo8/lib/python3.12/site-packages/airflow/example_dags/example_dynamic_task_mapping_with_no_taskflow_operators.py took 0.073 seconds
[2024-12-18T20:50:30.068+0000] {processor.py:186} INFO - Started process (PID=6809) to work on /home/ubuntu/demo8/lib/python3.12/site-packages/airflow/example_dags/example_dynamic_task_mapping_with_no_taskflow_operators.py
[2024-12-18T20:50:30.069+0000] {processor.py:914} INFO - Processing file /home/ubuntu/demo8/lib/python3.12/site-packages/airflow/example_dags/example_dynamic_task_mapping_with_no_taskflow_operators.py for tasks to queue
[2024-12-18T20:50:30.072+0000] {logging_mixin.py:190} INFO - [2024-12-18T20:50:30.071+0000] {dagbag.py:588} INFO - Filling up the DagBag from /home/ubuntu/demo8/lib/python3.12/site-packages/airflow/example_dags/example_dynamic_task_mapping_with_no_taskflow_operators.py
[2024-12-18T20:50:30.081+0000] {processor.py:925} INFO - DAG(s) 'example_dynamic_task_mapping_with_no_taskflow_operators' retrieved from /home/ubuntu/demo8/lib/python3.12/site-packages/airflow/example_dags/example_dynamic_task_mapping_with_no_taskflow_operators.py
[2024-12-18T20:50:30.098+0000] {logging_mixin.py:190} INFO - [2024-12-18T20:50:30.098+0000] {dag.py:3239} INFO - Sync 1 DAGs
[2024-12-18T20:50:30.112+0000] {logging_mixin.py:190} INFO - [2024-12-18T20:50:30.112+0000] {dag.py:4180} INFO - Setting next_dagrun for example_dynamic_task_mapping_with_no_taskflow_operators to None, run_after=None
[2024-12-18T20:50:30.135+0000] {processor.py:208} INFO - Processing /home/ubuntu/demo8/lib/python3.12/site-packages/airflow/example_dags/example_dynamic_task_mapping_with_no_taskflow_operators.py took 0.074 seconds
[2024-12-18T20:51:24.921+0000] {processor.py:186} INFO - Started process (PID=6988) to work on /home/ubuntu/demo8/lib/python3.12/site-packages/airflow/example_dags/example_dynamic_task_mapping_with_no_taskflow_operators.py
[2024-12-18T20:51:24.922+0000] {processor.py:914} INFO - Processing file /home/ubuntu/demo8/lib/python3.12/site-packages/airflow/example_dags/example_dynamic_task_mapping_with_no_taskflow_operators.py for tasks to queue
[2024-12-18T20:51:24.925+0000] {logging_mixin.py:190} INFO - [2024-12-18T20:51:24.925+0000] {dagbag.py:588} INFO - Filling up the DagBag from /home/ubuntu/demo8/lib/python3.12/site-packages/airflow/example_dags/example_dynamic_task_mapping_with_no_taskflow_operators.py
[2024-12-18T20:51:24.936+0000] {processor.py:925} INFO - DAG(s) 'example_dynamic_task_mapping_with_no_taskflow_operators' retrieved from /home/ubuntu/demo8/lib/python3.12/site-packages/airflow/example_dags/example_dynamic_task_mapping_with_no_taskflow_operators.py
[2024-12-18T20:51:24.953+0000] {logging_mixin.py:190} INFO - [2024-12-18T20:51:24.953+0000] {dag.py:3239} INFO - Sync 1 DAGs
[2024-12-18T20:51:24.968+0000] {logging_mixin.py:190} INFO - [2024-12-18T20:51:24.968+0000] {dag.py:4180} INFO - Setting next_dagrun for example_dynamic_task_mapping_with_no_taskflow_operators to None, run_after=None
[2024-12-18T20:51:24.990+0000] {processor.py:208} INFO - Processing /home/ubuntu/demo8/lib/python3.12/site-packages/airflow/example_dags/example_dynamic_task_mapping_with_no_taskflow_operators.py took 0.075 seconds
