[2024-12-18T15:44:50.732+0000] {processor.py:186} INFO - Started process (PID=3673) to work on /home/ubuntu/demo8/lib/python3.12/site-packages/airflow/example_dags/example_external_task_marker_dag.py
[2024-12-18T15:44:50.733+0000] {processor.py:914} INFO - Processing file /home/ubuntu/demo8/lib/python3.12/site-packages/airflow/example_dags/example_external_task_marker_dag.py for tasks to queue
[2024-12-18T15:44:50.735+0000] {logging_mixin.py:190} INFO - [2024-12-18T15:44:50.735+0000] {dagbag.py:588} INFO - Filling up the DagBag from /home/ubuntu/demo8/lib/python3.12/site-packages/airflow/example_dags/example_external_task_marker_dag.py
[2024-12-18T15:44:50.744+0000] {processor.py:925} INFO - DAG(s) 'example_external_task_marker_child', 'example_external_task_marker_parent' retrieved from /home/ubuntu/demo8/lib/python3.12/site-packages/airflow/example_dags/example_external_task_marker_dag.py
[2024-12-18T15:44:50.867+0000] {logging_mixin.py:190} INFO - [2024-12-18T15:44:50.866+0000] {override.py:1911} INFO - Created Permission View: can read on DAG:example_external_task_marker_child
[2024-12-18T15:44:50.881+0000] {logging_mixin.py:190} INFO - [2024-12-18T15:44:50.880+0000] {override.py:1911} INFO - Created Permission View: can delete on DAG:example_external_task_marker_child
[2024-12-18T15:44:50.890+0000] {logging_mixin.py:190} INFO - [2024-12-18T15:44:50.890+0000] {override.py:1911} INFO - Created Permission View: can edit on DAG:example_external_task_marker_child
[2024-12-18T15:44:50.906+0000] {logging_mixin.py:190} INFO - [2024-12-18T15:44:50.906+0000] {override.py:1911} INFO - Created Permission View: can create on DAG Run:example_external_task_marker_child
[2024-12-18T15:44:50.916+0000] {logging_mixin.py:190} INFO - [2024-12-18T15:44:50.916+0000] {override.py:1911} INFO - Created Permission View: can read on DAG Run:example_external_task_marker_child
[2024-12-18T15:44:50.926+0000] {logging_mixin.py:190} INFO - [2024-12-18T15:44:50.926+0000] {override.py:1911} INFO - Created Permission View: menu access on DAG Run:example_external_task_marker_child
[2024-12-18T15:44:50.936+0000] {logging_mixin.py:190} INFO - [2024-12-18T15:44:50.935+0000] {override.py:1911} INFO - Created Permission View: can delete on DAG Run:example_external_task_marker_child
[2024-12-18T15:44:50.957+0000] {logging_mixin.py:190} INFO - [2024-12-18T15:44:50.956+0000] {override.py:1911} INFO - Created Permission View: can read on DAG:example_external_task_marker_parent
[2024-12-18T15:44:50.967+0000] {logging_mixin.py:190} INFO - [2024-12-18T15:44:50.967+0000] {override.py:1911} INFO - Created Permission View: can delete on DAG:example_external_task_marker_parent
[2024-12-18T15:44:50.977+0000] {logging_mixin.py:190} INFO - [2024-12-18T15:44:50.976+0000] {override.py:1911} INFO - Created Permission View: can edit on DAG:example_external_task_marker_parent
[2024-12-18T15:44:50.991+0000] {logging_mixin.py:190} INFO - [2024-12-18T15:44:50.990+0000] {override.py:1911} INFO - Created Permission View: can create on DAG Run:example_external_task_marker_parent
[2024-12-18T15:44:51.000+0000] {logging_mixin.py:190} INFO - [2024-12-18T15:44:51.000+0000] {override.py:1911} INFO - Created Permission View: can read on DAG Run:example_external_task_marker_parent
[2024-12-18T15:44:51.009+0000] {logging_mixin.py:190} INFO - [2024-12-18T15:44:51.009+0000] {override.py:1911} INFO - Created Permission View: menu access on DAG Run:example_external_task_marker_parent
[2024-12-18T15:44:51.019+0000] {logging_mixin.py:190} INFO - [2024-12-18T15:44:51.019+0000] {override.py:1911} INFO - Created Permission View: can delete on DAG Run:example_external_task_marker_parent
[2024-12-18T15:44:51.021+0000] {logging_mixin.py:190} INFO - [2024-12-18T15:44:51.019+0000] {dag.py:3239} INFO - Sync 2 DAGs
[2024-12-18T15:44:51.039+0000] {logging_mixin.py:190} INFO - [2024-12-18T15:44:51.039+0000] {dag.py:3262} INFO - Creating ORM DAG for example_external_task_marker_child
[2024-12-18T15:44:51.040+0000] {logging_mixin.py:190} INFO - [2024-12-18T15:44:51.039+0000] {dag.py:3262} INFO - Creating ORM DAG for example_external_task_marker_parent
[2024-12-18T15:44:51.040+0000] {logging_mixin.py:190} INFO - [2024-12-18T15:44:51.040+0000] {dag.py:4180} INFO - Setting next_dagrun for example_external_task_marker_child to None, run_after=None
[2024-12-18T15:44:51.041+0000] {logging_mixin.py:190} INFO - [2024-12-18T15:44:51.041+0000] {dag.py:4180} INFO - Setting next_dagrun for example_external_task_marker_parent to None, run_after=None
[2024-12-18T15:44:51.062+0000] {processor.py:208} INFO - Processing /home/ubuntu/demo8/lib/python3.12/site-packages/airflow/example_dags/example_external_task_marker_dag.py took 0.336 seconds
[2024-12-18T15:46:00.710+0000] {processor.py:186} INFO - Started process (PID=3776) to work on /home/ubuntu/demo8/lib/python3.12/site-packages/airflow/example_dags/example_external_task_marker_dag.py
[2024-12-18T15:46:00.711+0000] {processor.py:914} INFO - Processing file /home/ubuntu/demo8/lib/python3.12/site-packages/airflow/example_dags/example_external_task_marker_dag.py for tasks to queue
[2024-12-18T15:46:00.713+0000] {logging_mixin.py:190} INFO - [2024-12-18T15:46:00.713+0000] {dagbag.py:588} INFO - Filling up the DagBag from /home/ubuntu/demo8/lib/python3.12/site-packages/airflow/example_dags/example_external_task_marker_dag.py
[2024-12-18T15:46:00.722+0000] {processor.py:925} INFO - DAG(s) 'example_external_task_marker_child', 'example_external_task_marker_parent' retrieved from /home/ubuntu/demo8/lib/python3.12/site-packages/airflow/example_dags/example_external_task_marker_dag.py
[2024-12-18T15:46:00.742+0000] {logging_mixin.py:190} INFO - [2024-12-18T15:46:00.742+0000] {dag.py:3239} INFO - Sync 2 DAGs
[2024-12-18T15:46:00.756+0000] {logging_mixin.py:190} INFO - [2024-12-18T15:46:00.756+0000] {dag.py:4180} INFO - Setting next_dagrun for example_external_task_marker_child to None, run_after=None
[2024-12-18T15:46:00.759+0000] {logging_mixin.py:190} INFO - [2024-12-18T15:46:00.759+0000] {dag.py:4180} INFO - Setting next_dagrun for example_external_task_marker_parent to None, run_after=None
[2024-12-18T15:46:00.779+0000] {processor.py:208} INFO - Processing /home/ubuntu/demo8/lib/python3.12/site-packages/airflow/example_dags/example_external_task_marker_dag.py took 0.075 seconds
[2024-12-18T15:46:56.630+0000] {processor.py:186} INFO - Started process (PID=4243) to work on /home/ubuntu/demo8/lib/python3.12/site-packages/airflow/example_dags/example_external_task_marker_dag.py
[2024-12-18T15:46:56.632+0000] {processor.py:914} INFO - Processing file /home/ubuntu/demo8/lib/python3.12/site-packages/airflow/example_dags/example_external_task_marker_dag.py for tasks to queue
[2024-12-18T15:46:56.634+0000] {logging_mixin.py:190} INFO - [2024-12-18T15:46:56.633+0000] {dagbag.py:588} INFO - Filling up the DagBag from /home/ubuntu/demo8/lib/python3.12/site-packages/airflow/example_dags/example_external_task_marker_dag.py
[2024-12-18T15:46:56.643+0000] {processor.py:925} INFO - DAG(s) 'example_external_task_marker_child', 'example_external_task_marker_parent' retrieved from /home/ubuntu/demo8/lib/python3.12/site-packages/airflow/example_dags/example_external_task_marker_dag.py
[2024-12-18T15:46:56.663+0000] {logging_mixin.py:190} INFO - [2024-12-18T15:46:56.662+0000] {dag.py:3239} INFO - Sync 2 DAGs
[2024-12-18T15:46:56.677+0000] {logging_mixin.py:190} INFO - [2024-12-18T15:46:56.677+0000] {dag.py:4180} INFO - Setting next_dagrun for example_external_task_marker_child to None, run_after=None
[2024-12-18T15:46:56.681+0000] {logging_mixin.py:190} INFO - [2024-12-18T15:46:56.681+0000] {dag.py:4180} INFO - Setting next_dagrun for example_external_task_marker_parent to None, run_after=None
[2024-12-18T15:46:56.701+0000] {processor.py:208} INFO - Processing /home/ubuntu/demo8/lib/python3.12/site-packages/airflow/example_dags/example_external_task_marker_dag.py took 0.077 seconds
[2024-12-18T15:47:54.493+0000] {processor.py:186} INFO - Started process (PID=4301) to work on /home/ubuntu/demo8/lib/python3.12/site-packages/airflow/example_dags/example_external_task_marker_dag.py
[2024-12-18T15:47:54.494+0000] {processor.py:914} INFO - Processing file /home/ubuntu/demo8/lib/python3.12/site-packages/airflow/example_dags/example_external_task_marker_dag.py for tasks to queue
[2024-12-18T15:47:54.497+0000] {logging_mixin.py:190} INFO - [2024-12-18T15:47:54.496+0000] {dagbag.py:588} INFO - Filling up the DagBag from /home/ubuntu/demo8/lib/python3.12/site-packages/airflow/example_dags/example_external_task_marker_dag.py
[2024-12-18T15:47:54.506+0000] {processor.py:925} INFO - DAG(s) 'example_external_task_marker_child', 'example_external_task_marker_parent' retrieved from /home/ubuntu/demo8/lib/python3.12/site-packages/airflow/example_dags/example_external_task_marker_dag.py
[2024-12-18T15:47:54.526+0000] {logging_mixin.py:190} INFO - [2024-12-18T15:47:54.525+0000] {dag.py:3239} INFO - Sync 2 DAGs
[2024-12-18T15:47:54.546+0000] {logging_mixin.py:190} INFO - [2024-12-18T15:47:54.546+0000] {dag.py:4180} INFO - Setting next_dagrun for example_external_task_marker_child to None, run_after=None
[2024-12-18T15:47:54.551+0000] {logging_mixin.py:190} INFO - [2024-12-18T15:47:54.551+0000] {dag.py:4180} INFO - Setting next_dagrun for example_external_task_marker_parent to None, run_after=None
[2024-12-18T15:47:54.572+0000] {processor.py:208} INFO - Processing /home/ubuntu/demo8/lib/python3.12/site-packages/airflow/example_dags/example_external_task_marker_dag.py took 0.086 seconds
[2024-12-18T15:48:48.810+0000] {processor.py:186} INFO - Started process (PID=4357) to work on /home/ubuntu/demo8/lib/python3.12/site-packages/airflow/example_dags/example_external_task_marker_dag.py
[2024-12-18T15:48:48.812+0000] {processor.py:914} INFO - Processing file /home/ubuntu/demo8/lib/python3.12/site-packages/airflow/example_dags/example_external_task_marker_dag.py for tasks to queue
[2024-12-18T15:48:48.814+0000] {logging_mixin.py:190} INFO - [2024-12-18T15:48:48.813+0000] {dagbag.py:588} INFO - Filling up the DagBag from /home/ubuntu/demo8/lib/python3.12/site-packages/airflow/example_dags/example_external_task_marker_dag.py
[2024-12-18T15:48:48.823+0000] {processor.py:925} INFO - DAG(s) 'example_external_task_marker_child', 'example_external_task_marker_parent' retrieved from /home/ubuntu/demo8/lib/python3.12/site-packages/airflow/example_dags/example_external_task_marker_dag.py
[2024-12-18T15:48:48.844+0000] {logging_mixin.py:190} INFO - [2024-12-18T15:48:48.844+0000] {dag.py:3239} INFO - Sync 2 DAGs
[2024-12-18T15:48:48.859+0000] {logging_mixin.py:190} INFO - [2024-12-18T15:48:48.858+0000] {dag.py:4180} INFO - Setting next_dagrun for example_external_task_marker_child to None, run_after=None
[2024-12-18T15:48:48.862+0000] {logging_mixin.py:190} INFO - [2024-12-18T15:48:48.862+0000] {dag.py:4180} INFO - Setting next_dagrun for example_external_task_marker_parent to None, run_after=None
[2024-12-18T15:48:48.883+0000] {processor.py:208} INFO - Processing /home/ubuntu/demo8/lib/python3.12/site-packages/airflow/example_dags/example_external_task_marker_dag.py took 0.079 seconds
[2024-12-18T15:49:53.846+0000] {processor.py:186} INFO - Started process (PID=4418) to work on /home/ubuntu/demo8/lib/python3.12/site-packages/airflow/example_dags/example_external_task_marker_dag.py
[2024-12-18T15:49:53.847+0000] {processor.py:914} INFO - Processing file /home/ubuntu/demo8/lib/python3.12/site-packages/airflow/example_dags/example_external_task_marker_dag.py for tasks to queue
[2024-12-18T15:49:53.849+0000] {logging_mixin.py:190} INFO - [2024-12-18T15:49:53.849+0000] {dagbag.py:588} INFO - Filling up the DagBag from /home/ubuntu/demo8/lib/python3.12/site-packages/airflow/example_dags/example_external_task_marker_dag.py
[2024-12-18T15:49:53.859+0000] {processor.py:925} INFO - DAG(s) 'example_external_task_marker_child', 'example_external_task_marker_parent' retrieved from /home/ubuntu/demo8/lib/python3.12/site-packages/airflow/example_dags/example_external_task_marker_dag.py
[2024-12-18T15:49:53.879+0000] {logging_mixin.py:190} INFO - [2024-12-18T15:49:53.879+0000] {dag.py:3239} INFO - Sync 2 DAGs
[2024-12-18T15:49:53.894+0000] {logging_mixin.py:190} INFO - [2024-12-18T15:49:53.894+0000] {dag.py:4180} INFO - Setting next_dagrun for example_external_task_marker_child to None, run_after=None
[2024-12-18T15:49:53.898+0000] {logging_mixin.py:190} INFO - [2024-12-18T15:49:53.897+0000] {dag.py:4180} INFO - Setting next_dagrun for example_external_task_marker_parent to None, run_after=None
[2024-12-18T15:49:53.917+0000] {processor.py:208} INFO - Processing /home/ubuntu/demo8/lib/python3.12/site-packages/airflow/example_dags/example_external_task_marker_dag.py took 0.078 seconds
[2024-12-18T15:50:51.624+0000] {processor.py:186} INFO - Started process (PID=4488) to work on /home/ubuntu/demo8/lib/python3.12/site-packages/airflow/example_dags/example_external_task_marker_dag.py
[2024-12-18T15:50:51.625+0000] {processor.py:914} INFO - Processing file /home/ubuntu/demo8/lib/python3.12/site-packages/airflow/example_dags/example_external_task_marker_dag.py for tasks to queue
[2024-12-18T15:50:51.628+0000] {logging_mixin.py:190} INFO - [2024-12-18T15:50:51.627+0000] {dagbag.py:588} INFO - Filling up the DagBag from /home/ubuntu/demo8/lib/python3.12/site-packages/airflow/example_dags/example_external_task_marker_dag.py
[2024-12-18T15:50:51.638+0000] {processor.py:925} INFO - DAG(s) 'example_external_task_marker_parent', 'example_external_task_marker_child' retrieved from /home/ubuntu/demo8/lib/python3.12/site-packages/airflow/example_dags/example_external_task_marker_dag.py
[2024-12-18T15:50:51.657+0000] {logging_mixin.py:190} INFO - [2024-12-18T15:50:51.657+0000] {dag.py:3239} INFO - Sync 2 DAGs
[2024-12-18T15:50:51.672+0000] {logging_mixin.py:190} INFO - [2024-12-18T15:50:51.671+0000] {dag.py:4180} INFO - Setting next_dagrun for example_external_task_marker_child to None, run_after=None
[2024-12-18T15:50:51.675+0000] {logging_mixin.py:190} INFO - [2024-12-18T15:50:51.675+0000] {dag.py:4180} INFO - Setting next_dagrun for example_external_task_marker_parent to None, run_after=None
[2024-12-18T15:50:51.695+0000] {processor.py:208} INFO - Processing /home/ubuntu/demo8/lib/python3.12/site-packages/airflow/example_dags/example_external_task_marker_dag.py took 0.077 seconds
[2024-12-18T15:51:46.225+0000] {processor.py:186} INFO - Started process (PID=4547) to work on /home/ubuntu/demo8/lib/python3.12/site-packages/airflow/example_dags/example_external_task_marker_dag.py
[2024-12-18T15:51:46.226+0000] {processor.py:914} INFO - Processing file /home/ubuntu/demo8/lib/python3.12/site-packages/airflow/example_dags/example_external_task_marker_dag.py for tasks to queue
[2024-12-18T15:51:46.229+0000] {logging_mixin.py:190} INFO - [2024-12-18T15:51:46.228+0000] {dagbag.py:588} INFO - Filling up the DagBag from /home/ubuntu/demo8/lib/python3.12/site-packages/airflow/example_dags/example_external_task_marker_dag.py
[2024-12-18T15:51:46.238+0000] {processor.py:925} INFO - DAG(s) 'example_external_task_marker_child', 'example_external_task_marker_parent' retrieved from /home/ubuntu/demo8/lib/python3.12/site-packages/airflow/example_dags/example_external_task_marker_dag.py
[2024-12-18T15:51:46.258+0000] {logging_mixin.py:190} INFO - [2024-12-18T15:51:46.257+0000] {dag.py:3239} INFO - Sync 2 DAGs
[2024-12-18T15:51:46.272+0000] {logging_mixin.py:190} INFO - [2024-12-18T15:51:46.272+0000] {dag.py:4180} INFO - Setting next_dagrun for example_external_task_marker_child to None, run_after=None
[2024-12-18T15:51:46.276+0000] {logging_mixin.py:190} INFO - [2024-12-18T15:51:46.276+0000] {dag.py:4180} INFO - Setting next_dagrun for example_external_task_marker_parent to None, run_after=None
[2024-12-18T15:51:46.296+0000] {processor.py:208} INFO - Processing /home/ubuntu/demo8/lib/python3.12/site-packages/airflow/example_dags/example_external_task_marker_dag.py took 0.077 seconds
[2024-12-18T15:52:40.727+0000] {processor.py:186} INFO - Started process (PID=4604) to work on /home/ubuntu/demo8/lib/python3.12/site-packages/airflow/example_dags/example_external_task_marker_dag.py
[2024-12-18T15:52:40.728+0000] {processor.py:914} INFO - Processing file /home/ubuntu/demo8/lib/python3.12/site-packages/airflow/example_dags/example_external_task_marker_dag.py for tasks to queue
[2024-12-18T15:52:40.731+0000] {logging_mixin.py:190} INFO - [2024-12-18T15:52:40.730+0000] {dagbag.py:588} INFO - Filling up the DagBag from /home/ubuntu/demo8/lib/python3.12/site-packages/airflow/example_dags/example_external_task_marker_dag.py
[2024-12-18T15:52:40.741+0000] {processor.py:925} INFO - DAG(s) 'example_external_task_marker_child', 'example_external_task_marker_parent' retrieved from /home/ubuntu/demo8/lib/python3.12/site-packages/airflow/example_dags/example_external_task_marker_dag.py
[2024-12-18T15:52:40.762+0000] {logging_mixin.py:190} INFO - [2024-12-18T15:52:40.761+0000] {dag.py:3239} INFO - Sync 2 DAGs
[2024-12-18T15:52:40.776+0000] {logging_mixin.py:190} INFO - [2024-12-18T15:52:40.776+0000] {dag.py:4180} INFO - Setting next_dagrun for example_external_task_marker_child to None, run_after=None
[2024-12-18T15:52:40.781+0000] {logging_mixin.py:190} INFO - [2024-12-18T15:52:40.780+0000] {dag.py:4180} INFO - Setting next_dagrun for example_external_task_marker_parent to None, run_after=None
[2024-12-18T15:52:40.801+0000] {processor.py:208} INFO - Processing /home/ubuntu/demo8/lib/python3.12/site-packages/airflow/example_dags/example_external_task_marker_dag.py took 0.081 seconds
[2024-12-18T15:53:35.767+0000] {processor.py:186} INFO - Started process (PID=4660) to work on /home/ubuntu/demo8/lib/python3.12/site-packages/airflow/example_dags/example_external_task_marker_dag.py
[2024-12-18T15:53:35.768+0000] {processor.py:914} INFO - Processing file /home/ubuntu/demo8/lib/python3.12/site-packages/airflow/example_dags/example_external_task_marker_dag.py for tasks to queue
[2024-12-18T15:53:35.771+0000] {logging_mixin.py:190} INFO - [2024-12-18T15:53:35.770+0000] {dagbag.py:588} INFO - Filling up the DagBag from /home/ubuntu/demo8/lib/python3.12/site-packages/airflow/example_dags/example_external_task_marker_dag.py
[2024-12-18T15:53:35.780+0000] {processor.py:925} INFO - DAG(s) 'example_external_task_marker_child', 'example_external_task_marker_parent' retrieved from /home/ubuntu/demo8/lib/python3.12/site-packages/airflow/example_dags/example_external_task_marker_dag.py
[2024-12-18T15:53:35.799+0000] {logging_mixin.py:190} INFO - [2024-12-18T15:53:35.799+0000] {dag.py:3239} INFO - Sync 2 DAGs
[2024-12-18T15:53:35.814+0000] {logging_mixin.py:190} INFO - [2024-12-18T15:53:35.814+0000] {dag.py:4180} INFO - Setting next_dagrun for example_external_task_marker_child to None, run_after=None
[2024-12-18T15:53:35.818+0000] {logging_mixin.py:190} INFO - [2024-12-18T15:53:35.818+0000] {dag.py:4180} INFO - Setting next_dagrun for example_external_task_marker_parent to None, run_after=None
[2024-12-18T15:53:35.838+0000] {processor.py:208} INFO - Processing /home/ubuntu/demo8/lib/python3.12/site-packages/airflow/example_dags/example_external_task_marker_dag.py took 0.077 seconds
[2024-12-18T15:55:01.342+0000] {processor.py:186} INFO - Started process (PID=4774) to work on /home/ubuntu/demo8/lib/python3.12/site-packages/airflow/example_dags/example_external_task_marker_dag.py
[2024-12-18T15:55:01.344+0000] {processor.py:914} INFO - Processing file /home/ubuntu/demo8/lib/python3.12/site-packages/airflow/example_dags/example_external_task_marker_dag.py for tasks to queue
[2024-12-18T15:55:01.346+0000] {logging_mixin.py:190} INFO - [2024-12-18T15:55:01.346+0000] {dagbag.py:588} INFO - Filling up the DagBag from /home/ubuntu/demo8/lib/python3.12/site-packages/airflow/example_dags/example_external_task_marker_dag.py
[2024-12-18T15:55:01.358+0000] {processor.py:925} INFO - DAG(s) 'example_external_task_marker_parent', 'example_external_task_marker_child' retrieved from /home/ubuntu/demo8/lib/python3.12/site-packages/airflow/example_dags/example_external_task_marker_dag.py
[2024-12-18T15:55:01.384+0000] {logging_mixin.py:190} INFO - [2024-12-18T15:55:01.383+0000] {dag.py:3239} INFO - Sync 2 DAGs
[2024-12-18T15:55:01.397+0000] {logging_mixin.py:190} INFO - [2024-12-18T15:55:01.397+0000] {dag.py:4180} INFO - Setting next_dagrun for example_external_task_marker_child to None, run_after=None
[2024-12-18T15:55:01.401+0000] {logging_mixin.py:190} INFO - [2024-12-18T15:55:01.401+0000] {dag.py:4180} INFO - Setting next_dagrun for example_external_task_marker_parent to None, run_after=None
[2024-12-18T15:55:01.421+0000] {processor.py:208} INFO - Processing /home/ubuntu/demo8/lib/python3.12/site-packages/airflow/example_dags/example_external_task_marker_dag.py took 0.084 seconds
[2024-12-18T15:55:58.301+0000] {processor.py:186} INFO - Started process (PID=4837) to work on /home/ubuntu/demo8/lib/python3.12/site-packages/airflow/example_dags/example_external_task_marker_dag.py
[2024-12-18T15:55:58.302+0000] {processor.py:914} INFO - Processing file /home/ubuntu/demo8/lib/python3.12/site-packages/airflow/example_dags/example_external_task_marker_dag.py for tasks to queue
[2024-12-18T15:55:58.305+0000] {logging_mixin.py:190} INFO - [2024-12-18T15:55:58.304+0000] {dagbag.py:588} INFO - Filling up the DagBag from /home/ubuntu/demo8/lib/python3.12/site-packages/airflow/example_dags/example_external_task_marker_dag.py
[2024-12-18T15:55:58.315+0000] {processor.py:925} INFO - DAG(s) 'example_external_task_marker_child', 'example_external_task_marker_parent' retrieved from /home/ubuntu/demo8/lib/python3.12/site-packages/airflow/example_dags/example_external_task_marker_dag.py
[2024-12-18T15:55:58.335+0000] {logging_mixin.py:190} INFO - [2024-12-18T15:55:58.334+0000] {dag.py:3239} INFO - Sync 2 DAGs
[2024-12-18T15:55:58.350+0000] {logging_mixin.py:190} INFO - [2024-12-18T15:55:58.350+0000] {dag.py:4180} INFO - Setting next_dagrun for example_external_task_marker_child to None, run_after=None
[2024-12-18T15:55:58.353+0000] {logging_mixin.py:190} INFO - [2024-12-18T15:55:58.353+0000] {dag.py:4180} INFO - Setting next_dagrun for example_external_task_marker_parent to None, run_after=None
[2024-12-18T15:55:58.373+0000] {processor.py:208} INFO - Processing /home/ubuntu/demo8/lib/python3.12/site-packages/airflow/example_dags/example_external_task_marker_dag.py took 0.079 seconds
[2024-12-18T15:57:28.863+0000] {processor.py:186} INFO - Started process (PID=4924) to work on /home/ubuntu/demo8/lib/python3.12/site-packages/airflow/example_dags/example_external_task_marker_dag.py
[2024-12-18T15:57:28.865+0000] {processor.py:914} INFO - Processing file /home/ubuntu/demo8/lib/python3.12/site-packages/airflow/example_dags/example_external_task_marker_dag.py for tasks to queue
[2024-12-18T15:57:28.868+0000] {logging_mixin.py:190} INFO - [2024-12-18T15:57:28.867+0000] {dagbag.py:588} INFO - Filling up the DagBag from /home/ubuntu/demo8/lib/python3.12/site-packages/airflow/example_dags/example_external_task_marker_dag.py
[2024-12-18T15:57:28.878+0000] {processor.py:925} INFO - DAG(s) 'example_external_task_marker_parent', 'example_external_task_marker_child' retrieved from /home/ubuntu/demo8/lib/python3.12/site-packages/airflow/example_dags/example_external_task_marker_dag.py
[2024-12-18T15:57:28.897+0000] {logging_mixin.py:190} INFO - [2024-12-18T15:57:28.897+0000] {dag.py:3239} INFO - Sync 2 DAGs
[2024-12-18T15:57:28.911+0000] {logging_mixin.py:190} INFO - [2024-12-18T15:57:28.911+0000] {dag.py:4180} INFO - Setting next_dagrun for example_external_task_marker_child to None, run_after=None
[2024-12-18T15:57:28.915+0000] {logging_mixin.py:190} INFO - [2024-12-18T15:57:28.914+0000] {dag.py:4180} INFO - Setting next_dagrun for example_external_task_marker_parent to None, run_after=None
[2024-12-18T15:57:28.935+0000] {processor.py:208} INFO - Processing /home/ubuntu/demo8/lib/python3.12/site-packages/airflow/example_dags/example_external_task_marker_dag.py took 0.077 seconds
[2024-12-18T15:58:25.707+0000] {processor.py:186} INFO - Started process (PID=4982) to work on /home/ubuntu/demo8/lib/python3.12/site-packages/airflow/example_dags/example_external_task_marker_dag.py
[2024-12-18T15:58:25.709+0000] {processor.py:914} INFO - Processing file /home/ubuntu/demo8/lib/python3.12/site-packages/airflow/example_dags/example_external_task_marker_dag.py for tasks to queue
[2024-12-18T15:58:25.711+0000] {logging_mixin.py:190} INFO - [2024-12-18T15:58:25.710+0000] {dagbag.py:588} INFO - Filling up the DagBag from /home/ubuntu/demo8/lib/python3.12/site-packages/airflow/example_dags/example_external_task_marker_dag.py
[2024-12-18T15:58:25.721+0000] {processor.py:925} INFO - DAG(s) 'example_external_task_marker_child', 'example_external_task_marker_parent' retrieved from /home/ubuntu/demo8/lib/python3.12/site-packages/airflow/example_dags/example_external_task_marker_dag.py
[2024-12-18T15:58:25.742+0000] {logging_mixin.py:190} INFO - [2024-12-18T15:58:25.741+0000] {dag.py:3239} INFO - Sync 2 DAGs
[2024-12-18T15:58:25.756+0000] {logging_mixin.py:190} INFO - [2024-12-18T15:58:25.756+0000] {dag.py:4180} INFO - Setting next_dagrun for example_external_task_marker_child to None, run_after=None
[2024-12-18T15:58:25.760+0000] {logging_mixin.py:190} INFO - [2024-12-18T15:58:25.760+0000] {dag.py:4180} INFO - Setting next_dagrun for example_external_task_marker_parent to None, run_after=None
[2024-12-18T15:58:25.781+0000] {processor.py:208} INFO - Processing /home/ubuntu/demo8/lib/python3.12/site-packages/airflow/example_dags/example_external_task_marker_dag.py took 0.080 seconds
[2024-12-18T16:00:27.680+0000] {processor.py:186} INFO - Started process (PID=5108) to work on /home/ubuntu/demo8/lib/python3.12/site-packages/airflow/example_dags/example_external_task_marker_dag.py
[2024-12-18T16:00:27.684+0000] {processor.py:914} INFO - Processing file /home/ubuntu/demo8/lib/python3.12/site-packages/airflow/example_dags/example_external_task_marker_dag.py for tasks to queue
[2024-12-18T16:00:27.687+0000] {logging_mixin.py:190} INFO - [2024-12-18T16:00:27.687+0000] {dagbag.py:588} INFO - Filling up the DagBag from /home/ubuntu/demo8/lib/python3.12/site-packages/airflow/example_dags/example_external_task_marker_dag.py
[2024-12-18T16:00:27.698+0000] {processor.py:925} INFO - DAG(s) 'example_external_task_marker_parent', 'example_external_task_marker_child' retrieved from /home/ubuntu/demo8/lib/python3.12/site-packages/airflow/example_dags/example_external_task_marker_dag.py
[2024-12-18T16:00:27.717+0000] {logging_mixin.py:190} INFO - [2024-12-18T16:00:27.717+0000] {dag.py:3239} INFO - Sync 2 DAGs
[2024-12-18T16:00:27.731+0000] {logging_mixin.py:190} INFO - [2024-12-18T16:00:27.731+0000] {dag.py:4180} INFO - Setting next_dagrun for example_external_task_marker_child to None, run_after=None
[2024-12-18T16:00:27.734+0000] {logging_mixin.py:190} INFO - [2024-12-18T16:00:27.734+0000] {dag.py:4180} INFO - Setting next_dagrun for example_external_task_marker_parent to None, run_after=None
[2024-12-18T16:00:27.754+0000] {processor.py:208} INFO - Processing /home/ubuntu/demo8/lib/python3.12/site-packages/airflow/example_dags/example_external_task_marker_dag.py took 0.084 seconds
[2024-12-18T16:01:24.523+0000] {processor.py:186} INFO - Started process (PID=5168) to work on /home/ubuntu/demo8/lib/python3.12/site-packages/airflow/example_dags/example_external_task_marker_dag.py
[2024-12-18T16:01:24.524+0000] {processor.py:914} INFO - Processing file /home/ubuntu/demo8/lib/python3.12/site-packages/airflow/example_dags/example_external_task_marker_dag.py for tasks to queue
[2024-12-18T16:01:24.526+0000] {logging_mixin.py:190} INFO - [2024-12-18T16:01:24.526+0000] {dagbag.py:588} INFO - Filling up the DagBag from /home/ubuntu/demo8/lib/python3.12/site-packages/airflow/example_dags/example_external_task_marker_dag.py
[2024-12-18T16:01:24.536+0000] {processor.py:925} INFO - DAG(s) 'example_external_task_marker_child', 'example_external_task_marker_parent' retrieved from /home/ubuntu/demo8/lib/python3.12/site-packages/airflow/example_dags/example_external_task_marker_dag.py
[2024-12-18T16:01:24.555+0000] {logging_mixin.py:190} INFO - [2024-12-18T16:01:24.555+0000] {dag.py:3239} INFO - Sync 2 DAGs
[2024-12-18T16:01:24.569+0000] {logging_mixin.py:190} INFO - [2024-12-18T16:01:24.569+0000] {dag.py:4180} INFO - Setting next_dagrun for example_external_task_marker_child to None, run_after=None
[2024-12-18T16:01:24.572+0000] {logging_mixin.py:190} INFO - [2024-12-18T16:01:24.572+0000] {dag.py:4180} INFO - Setting next_dagrun for example_external_task_marker_parent to None, run_after=None
[2024-12-18T16:01:24.592+0000] {processor.py:208} INFO - Processing /home/ubuntu/demo8/lib/python3.12/site-packages/airflow/example_dags/example_external_task_marker_dag.py took 0.075 seconds
[2024-12-18T16:02:20.482+0000] {processor.py:186} INFO - Started process (PID=5226) to work on /home/ubuntu/demo8/lib/python3.12/site-packages/airflow/example_dags/example_external_task_marker_dag.py
[2024-12-18T16:02:20.484+0000] {processor.py:914} INFO - Processing file /home/ubuntu/demo8/lib/python3.12/site-packages/airflow/example_dags/example_external_task_marker_dag.py for tasks to queue
[2024-12-18T16:02:20.486+0000] {logging_mixin.py:190} INFO - [2024-12-18T16:02:20.486+0000] {dagbag.py:588} INFO - Filling up the DagBag from /home/ubuntu/demo8/lib/python3.12/site-packages/airflow/example_dags/example_external_task_marker_dag.py
[2024-12-18T16:02:20.496+0000] {processor.py:925} INFO - DAG(s) 'example_external_task_marker_parent', 'example_external_task_marker_child' retrieved from /home/ubuntu/demo8/lib/python3.12/site-packages/airflow/example_dags/example_external_task_marker_dag.py
[2024-12-18T16:02:20.516+0000] {logging_mixin.py:190} INFO - [2024-12-18T16:02:20.516+0000] {dag.py:3239} INFO - Sync 2 DAGs
[2024-12-18T16:02:20.530+0000] {logging_mixin.py:190} INFO - [2024-12-18T16:02:20.530+0000] {dag.py:4180} INFO - Setting next_dagrun for example_external_task_marker_child to None, run_after=None
[2024-12-18T16:02:20.534+0000] {logging_mixin.py:190} INFO - [2024-12-18T16:02:20.534+0000] {dag.py:4180} INFO - Setting next_dagrun for example_external_task_marker_parent to None, run_after=None
[2024-12-18T16:02:20.555+0000] {processor.py:208} INFO - Processing /home/ubuntu/demo8/lib/python3.12/site-packages/airflow/example_dags/example_external_task_marker_dag.py took 0.079 seconds
[2024-12-18T16:03:15.782+0000] {processor.py:186} INFO - Started process (PID=5281) to work on /home/ubuntu/demo8/lib/python3.12/site-packages/airflow/example_dags/example_external_task_marker_dag.py
[2024-12-18T16:03:15.783+0000] {processor.py:914} INFO - Processing file /home/ubuntu/demo8/lib/python3.12/site-packages/airflow/example_dags/example_external_task_marker_dag.py for tasks to queue
[2024-12-18T16:03:15.785+0000] {logging_mixin.py:190} INFO - [2024-12-18T16:03:15.785+0000] {dagbag.py:588} INFO - Filling up the DagBag from /home/ubuntu/demo8/lib/python3.12/site-packages/airflow/example_dags/example_external_task_marker_dag.py
[2024-12-18T16:03:15.794+0000] {processor.py:925} INFO - DAG(s) 'example_external_task_marker_child', 'example_external_task_marker_parent' retrieved from /home/ubuntu/demo8/lib/python3.12/site-packages/airflow/example_dags/example_external_task_marker_dag.py
[2024-12-18T16:03:15.814+0000] {logging_mixin.py:190} INFO - [2024-12-18T16:03:15.814+0000] {dag.py:3239} INFO - Sync 2 DAGs
[2024-12-18T16:03:15.829+0000] {logging_mixin.py:190} INFO - [2024-12-18T16:03:15.829+0000] {dag.py:4180} INFO - Setting next_dagrun for example_external_task_marker_child to None, run_after=None
[2024-12-18T16:03:15.832+0000] {logging_mixin.py:190} INFO - [2024-12-18T16:03:15.832+0000] {dag.py:4180} INFO - Setting next_dagrun for example_external_task_marker_parent to None, run_after=None
[2024-12-18T16:03:15.852+0000] {processor.py:208} INFO - Processing /home/ubuntu/demo8/lib/python3.12/site-packages/airflow/example_dags/example_external_task_marker_dag.py took 0.076 seconds
[2024-12-18T20:29:55.439+0000] {processor.py:186} INFO - Started process (PID=2761) to work on /home/ubuntu/demo8/lib/python3.12/site-packages/airflow/example_dags/example_external_task_marker_dag.py
[2024-12-18T20:29:55.441+0000] {processor.py:914} INFO - Processing file /home/ubuntu/demo8/lib/python3.12/site-packages/airflow/example_dags/example_external_task_marker_dag.py for tasks to queue
[2024-12-18T20:29:55.444+0000] {logging_mixin.py:190} INFO - [2024-12-18T20:29:55.443+0000] {dagbag.py:588} INFO - Filling up the DagBag from /home/ubuntu/demo8/lib/python3.12/site-packages/airflow/example_dags/example_external_task_marker_dag.py
[2024-12-18T20:29:55.454+0000] {processor.py:925} INFO - DAG(s) 'example_external_task_marker_child', 'example_external_task_marker_parent' retrieved from /home/ubuntu/demo8/lib/python3.12/site-packages/airflow/example_dags/example_external_task_marker_dag.py
[2024-12-18T20:29:55.473+0000] {logging_mixin.py:190} INFO - [2024-12-18T20:29:55.473+0000] {dag.py:3239} INFO - Sync 2 DAGs
[2024-12-18T20:29:55.488+0000] {logging_mixin.py:190} INFO - [2024-12-18T20:29:55.487+0000] {dag.py:4180} INFO - Setting next_dagrun for example_external_task_marker_child to None, run_after=None
[2024-12-18T20:29:55.491+0000] {logging_mixin.py:190} INFO - [2024-12-18T20:29:55.491+0000] {dag.py:4180} INFO - Setting next_dagrun for example_external_task_marker_parent to None, run_after=None
[2024-12-18T20:29:55.512+0000] {processor.py:208} INFO - Processing /home/ubuntu/demo8/lib/python3.12/site-packages/airflow/example_dags/example_external_task_marker_dag.py took 0.079 seconds
[2024-12-18T20:30:53.288+0000] {processor.py:186} INFO - Started process (PID=2944) to work on /home/ubuntu/demo8/lib/python3.12/site-packages/airflow/example_dags/example_external_task_marker_dag.py
[2024-12-18T20:30:53.290+0000] {processor.py:914} INFO - Processing file /home/ubuntu/demo8/lib/python3.12/site-packages/airflow/example_dags/example_external_task_marker_dag.py for tasks to queue
[2024-12-18T20:30:53.293+0000] {logging_mixin.py:190} INFO - [2024-12-18T20:30:53.292+0000] {dagbag.py:588} INFO - Filling up the DagBag from /home/ubuntu/demo8/lib/python3.12/site-packages/airflow/example_dags/example_external_task_marker_dag.py
[2024-12-18T20:30:53.302+0000] {processor.py:925} INFO - DAG(s) 'example_external_task_marker_child', 'example_external_task_marker_parent' retrieved from /home/ubuntu/demo8/lib/python3.12/site-packages/airflow/example_dags/example_external_task_marker_dag.py
[2024-12-18T20:30:53.322+0000] {logging_mixin.py:190} INFO - [2024-12-18T20:30:53.321+0000] {dag.py:3239} INFO - Sync 2 DAGs
[2024-12-18T20:30:53.336+0000] {logging_mixin.py:190} INFO - [2024-12-18T20:30:53.335+0000] {dag.py:4180} INFO - Setting next_dagrun for example_external_task_marker_child to None, run_after=None
[2024-12-18T20:30:53.339+0000] {logging_mixin.py:190} INFO - [2024-12-18T20:30:53.339+0000] {dag.py:4180} INFO - Setting next_dagrun for example_external_task_marker_parent to None, run_after=None
[2024-12-18T20:30:53.359+0000] {processor.py:208} INFO - Processing /home/ubuntu/demo8/lib/python3.12/site-packages/airflow/example_dags/example_external_task_marker_dag.py took 0.077 seconds
[2024-12-18T20:31:49.268+0000] {processor.py:186} INFO - Started process (PID=3172) to work on /home/ubuntu/demo8/lib/python3.12/site-packages/airflow/example_dags/example_external_task_marker_dag.py
[2024-12-18T20:31:49.270+0000] {processor.py:914} INFO - Processing file /home/ubuntu/demo8/lib/python3.12/site-packages/airflow/example_dags/example_external_task_marker_dag.py for tasks to queue
[2024-12-18T20:31:49.272+0000] {logging_mixin.py:190} INFO - [2024-12-18T20:31:49.272+0000] {dagbag.py:588} INFO - Filling up the DagBag from /home/ubuntu/demo8/lib/python3.12/site-packages/airflow/example_dags/example_external_task_marker_dag.py
[2024-12-18T20:31:49.282+0000] {processor.py:925} INFO - DAG(s) 'example_external_task_marker_parent', 'example_external_task_marker_child' retrieved from /home/ubuntu/demo8/lib/python3.12/site-packages/airflow/example_dags/example_external_task_marker_dag.py
[2024-12-18T20:31:49.301+0000] {logging_mixin.py:190} INFO - [2024-12-18T20:31:49.301+0000] {dag.py:3239} INFO - Sync 2 DAGs
[2024-12-18T20:31:49.316+0000] {logging_mixin.py:190} INFO - [2024-12-18T20:31:49.316+0000] {dag.py:4180} INFO - Setting next_dagrun for example_external_task_marker_child to None, run_after=None
[2024-12-18T20:31:49.319+0000] {logging_mixin.py:190} INFO - [2024-12-18T20:31:49.319+0000] {dag.py:4180} INFO - Setting next_dagrun for example_external_task_marker_parent to None, run_after=None
[2024-12-18T20:31:49.340+0000] {processor.py:208} INFO - Processing /home/ubuntu/demo8/lib/python3.12/site-packages/airflow/example_dags/example_external_task_marker_dag.py took 0.078 seconds
[2024-12-18T20:32:46.555+0000] {processor.py:186} INFO - Started process (PID=3415) to work on /home/ubuntu/demo8/lib/python3.12/site-packages/airflow/example_dags/example_external_task_marker_dag.py
[2024-12-18T20:32:46.557+0000] {processor.py:914} INFO - Processing file /home/ubuntu/demo8/lib/python3.12/site-packages/airflow/example_dags/example_external_task_marker_dag.py for tasks to queue
[2024-12-18T20:32:46.559+0000] {logging_mixin.py:190} INFO - [2024-12-18T20:32:46.559+0000] {dagbag.py:588} INFO - Filling up the DagBag from /home/ubuntu/demo8/lib/python3.12/site-packages/airflow/example_dags/example_external_task_marker_dag.py
[2024-12-18T20:32:46.569+0000] {processor.py:925} INFO - DAG(s) 'example_external_task_marker_child', 'example_external_task_marker_parent' retrieved from /home/ubuntu/demo8/lib/python3.12/site-packages/airflow/example_dags/example_external_task_marker_dag.py
[2024-12-18T20:32:46.588+0000] {logging_mixin.py:190} INFO - [2024-12-18T20:32:46.588+0000] {dag.py:3239} INFO - Sync 2 DAGs
[2024-12-18T20:32:46.603+0000] {logging_mixin.py:190} INFO - [2024-12-18T20:32:46.603+0000] {dag.py:4180} INFO - Setting next_dagrun for example_external_task_marker_child to None, run_after=None
[2024-12-18T20:32:46.607+0000] {logging_mixin.py:190} INFO - [2024-12-18T20:32:46.607+0000] {dag.py:4180} INFO - Setting next_dagrun for example_external_task_marker_parent to None, run_after=None
[2024-12-18T20:32:46.628+0000] {processor.py:208} INFO - Processing /home/ubuntu/demo8/lib/python3.12/site-packages/airflow/example_dags/example_external_task_marker_dag.py took 0.078 seconds
[2024-12-18T20:33:39.956+0000] {processor.py:186} INFO - Started process (PID=3532) to work on /home/ubuntu/demo8/lib/python3.12/site-packages/airflow/example_dags/example_external_task_marker_dag.py
[2024-12-18T20:33:39.958+0000] {processor.py:914} INFO - Processing file /home/ubuntu/demo8/lib/python3.12/site-packages/airflow/example_dags/example_external_task_marker_dag.py for tasks to queue
[2024-12-18T20:33:39.960+0000] {logging_mixin.py:190} INFO - [2024-12-18T20:33:39.960+0000] {dagbag.py:588} INFO - Filling up the DagBag from /home/ubuntu/demo8/lib/python3.12/site-packages/airflow/example_dags/example_external_task_marker_dag.py
[2024-12-18T20:33:39.970+0000] {processor.py:925} INFO - DAG(s) 'example_external_task_marker_parent', 'example_external_task_marker_child' retrieved from /home/ubuntu/demo8/lib/python3.12/site-packages/airflow/example_dags/example_external_task_marker_dag.py
[2024-12-18T20:33:39.989+0000] {logging_mixin.py:190} INFO - [2024-12-18T20:33:39.989+0000] {dag.py:3239} INFO - Sync 2 DAGs
[2024-12-18T20:33:40.003+0000] {logging_mixin.py:190} INFO - [2024-12-18T20:33:40.003+0000] {dag.py:4180} INFO - Setting next_dagrun for example_external_task_marker_child to None, run_after=None
[2024-12-18T20:33:40.007+0000] {logging_mixin.py:190} INFO - [2024-12-18T20:33:40.007+0000] {dag.py:4180} INFO - Setting next_dagrun for example_external_task_marker_parent to None, run_after=None
[2024-12-18T20:33:40.027+0000] {processor.py:208} INFO - Processing /home/ubuntu/demo8/lib/python3.12/site-packages/airflow/example_dags/example_external_task_marker_dag.py took 0.077 seconds
[2024-12-18T20:34:49.651+0000] {processor.py:186} INFO - Started process (PID=3718) to work on /home/ubuntu/demo8/lib/python3.12/site-packages/airflow/example_dags/example_external_task_marker_dag.py
[2024-12-18T20:34:49.653+0000] {processor.py:914} INFO - Processing file /home/ubuntu/demo8/lib/python3.12/site-packages/airflow/example_dags/example_external_task_marker_dag.py for tasks to queue
[2024-12-18T20:34:49.656+0000] {logging_mixin.py:190} INFO - [2024-12-18T20:34:49.655+0000] {dagbag.py:588} INFO - Filling up the DagBag from /home/ubuntu/demo8/lib/python3.12/site-packages/airflow/example_dags/example_external_task_marker_dag.py
[2024-12-18T20:34:49.665+0000] {processor.py:925} INFO - DAG(s) 'example_external_task_marker_parent', 'example_external_task_marker_child' retrieved from /home/ubuntu/demo8/lib/python3.12/site-packages/airflow/example_dags/example_external_task_marker_dag.py
[2024-12-18T20:34:49.685+0000] {logging_mixin.py:190} INFO - [2024-12-18T20:34:49.685+0000] {dag.py:3239} INFO - Sync 2 DAGs
[2024-12-18T20:34:49.699+0000] {logging_mixin.py:190} INFO - [2024-12-18T20:34:49.699+0000] {dag.py:4180} INFO - Setting next_dagrun for example_external_task_marker_child to None, run_after=None
[2024-12-18T20:34:49.703+0000] {logging_mixin.py:190} INFO - [2024-12-18T20:34:49.703+0000] {dag.py:4180} INFO - Setting next_dagrun for example_external_task_marker_parent to None, run_after=None
[2024-12-18T20:34:49.723+0000] {processor.py:208} INFO - Processing /home/ubuntu/demo8/lib/python3.12/site-packages/airflow/example_dags/example_external_task_marker_dag.py took 0.078 seconds
[2024-12-18T20:35:47.978+0000] {processor.py:186} INFO - Started process (PID=3843) to work on /home/ubuntu/demo8/lib/python3.12/site-packages/airflow/example_dags/example_external_task_marker_dag.py
[2024-12-18T20:35:47.979+0000] {processor.py:914} INFO - Processing file /home/ubuntu/demo8/lib/python3.12/site-packages/airflow/example_dags/example_external_task_marker_dag.py for tasks to queue
[2024-12-18T20:35:47.982+0000] {logging_mixin.py:190} INFO - [2024-12-18T20:35:47.981+0000] {dagbag.py:588} INFO - Filling up the DagBag from /home/ubuntu/demo8/lib/python3.12/site-packages/airflow/example_dags/example_external_task_marker_dag.py
[2024-12-18T20:35:47.991+0000] {processor.py:925} INFO - DAG(s) 'example_external_task_marker_child', 'example_external_task_marker_parent' retrieved from /home/ubuntu/demo8/lib/python3.12/site-packages/airflow/example_dags/example_external_task_marker_dag.py
[2024-12-18T20:35:48.011+0000] {logging_mixin.py:190} INFO - [2024-12-18T20:35:48.011+0000] {dag.py:3239} INFO - Sync 2 DAGs
[2024-12-18T20:35:48.026+0000] {logging_mixin.py:190} INFO - [2024-12-18T20:35:48.026+0000] {dag.py:4180} INFO - Setting next_dagrun for example_external_task_marker_child to None, run_after=None
[2024-12-18T20:35:48.030+0000] {logging_mixin.py:190} INFO - [2024-12-18T20:35:48.029+0000] {dag.py:4180} INFO - Setting next_dagrun for example_external_task_marker_parent to None, run_after=None
[2024-12-18T20:35:48.050+0000] {processor.py:208} INFO - Processing /home/ubuntu/demo8/lib/python3.12/site-packages/airflow/example_dags/example_external_task_marker_dag.py took 0.079 seconds
[2024-12-18T20:36:45.389+0000] {processor.py:186} INFO - Started process (PID=3961) to work on /home/ubuntu/demo8/lib/python3.12/site-packages/airflow/example_dags/example_external_task_marker_dag.py
[2024-12-18T20:36:45.391+0000] {processor.py:914} INFO - Processing file /home/ubuntu/demo8/lib/python3.12/site-packages/airflow/example_dags/example_external_task_marker_dag.py for tasks to queue
[2024-12-18T20:36:45.394+0000] {logging_mixin.py:190} INFO - [2024-12-18T20:36:45.393+0000] {dagbag.py:588} INFO - Filling up the DagBag from /home/ubuntu/demo8/lib/python3.12/site-packages/airflow/example_dags/example_external_task_marker_dag.py
[2024-12-18T20:36:45.404+0000] {processor.py:925} INFO - DAG(s) 'example_external_task_marker_parent', 'example_external_task_marker_child' retrieved from /home/ubuntu/demo8/lib/python3.12/site-packages/airflow/example_dags/example_external_task_marker_dag.py
[2024-12-18T20:36:45.425+0000] {logging_mixin.py:190} INFO - [2024-12-18T20:36:45.424+0000] {dag.py:3239} INFO - Sync 2 DAGs
[2024-12-18T20:36:45.439+0000] {logging_mixin.py:190} INFO - [2024-12-18T20:36:45.439+0000] {dag.py:4180} INFO - Setting next_dagrun for example_external_task_marker_child to None, run_after=None
[2024-12-18T20:36:45.443+0000] {logging_mixin.py:190} INFO - [2024-12-18T20:36:45.443+0000] {dag.py:4180} INFO - Setting next_dagrun for example_external_task_marker_parent to None, run_after=None
[2024-12-18T20:36:45.464+0000] {processor.py:208} INFO - Processing /home/ubuntu/demo8/lib/python3.12/site-packages/airflow/example_dags/example_external_task_marker_dag.py took 0.081 seconds
[2024-12-18T20:37:41.407+0000] {processor.py:186} INFO - Started process (PID=4080) to work on /home/ubuntu/demo8/lib/python3.12/site-packages/airflow/example_dags/example_external_task_marker_dag.py
[2024-12-18T20:37:41.410+0000] {processor.py:914} INFO - Processing file /home/ubuntu/demo8/lib/python3.12/site-packages/airflow/example_dags/example_external_task_marker_dag.py for tasks to queue
[2024-12-18T20:37:41.416+0000] {logging_mixin.py:190} INFO - [2024-12-18T20:37:41.414+0000] {dagbag.py:588} INFO - Filling up the DagBag from /home/ubuntu/demo8/lib/python3.12/site-packages/airflow/example_dags/example_external_task_marker_dag.py
[2024-12-18T20:37:41.430+0000] {processor.py:925} INFO - DAG(s) 'example_external_task_marker_parent', 'example_external_task_marker_child' retrieved from /home/ubuntu/demo8/lib/python3.12/site-packages/airflow/example_dags/example_external_task_marker_dag.py
[2024-12-18T20:37:41.451+0000] {logging_mixin.py:190} INFO - [2024-12-18T20:37:41.451+0000] {dag.py:3239} INFO - Sync 2 DAGs
[2024-12-18T20:37:41.465+0000] {logging_mixin.py:190} INFO - [2024-12-18T20:37:41.465+0000] {dag.py:4180} INFO - Setting next_dagrun for example_external_task_marker_child to None, run_after=None
[2024-12-18T20:37:41.469+0000] {logging_mixin.py:190} INFO - [2024-12-18T20:37:41.469+0000] {dag.py:4180} INFO - Setting next_dagrun for example_external_task_marker_parent to None, run_after=None
[2024-12-18T20:37:41.490+0000] {processor.py:208} INFO - Processing /home/ubuntu/demo8/lib/python3.12/site-packages/airflow/example_dags/example_external_task_marker_dag.py took 0.095 seconds
[2024-12-18T20:38:35.713+0000] {processor.py:186} INFO - Started process (PID=4195) to work on /home/ubuntu/demo8/lib/python3.12/site-packages/airflow/example_dags/example_external_task_marker_dag.py
[2024-12-18T20:38:35.716+0000] {processor.py:914} INFO - Processing file /home/ubuntu/demo8/lib/python3.12/site-packages/airflow/example_dags/example_external_task_marker_dag.py for tasks to queue
[2024-12-18T20:38:35.719+0000] {logging_mixin.py:190} INFO - [2024-12-18T20:38:35.718+0000] {dagbag.py:588} INFO - Filling up the DagBag from /home/ubuntu/demo8/lib/python3.12/site-packages/airflow/example_dags/example_external_task_marker_dag.py
[2024-12-18T20:38:35.733+0000] {processor.py:925} INFO - DAG(s) 'example_external_task_marker_child', 'example_external_task_marker_parent' retrieved from /home/ubuntu/demo8/lib/python3.12/site-packages/airflow/example_dags/example_external_task_marker_dag.py
[2024-12-18T20:38:35.757+0000] {logging_mixin.py:190} INFO - [2024-12-18T20:38:35.757+0000] {dag.py:3239} INFO - Sync 2 DAGs
[2024-12-18T20:38:35.772+0000] {logging_mixin.py:190} INFO - [2024-12-18T20:38:35.772+0000] {dag.py:4180} INFO - Setting next_dagrun for example_external_task_marker_child to None, run_after=None
[2024-12-18T20:38:35.776+0000] {logging_mixin.py:190} INFO - [2024-12-18T20:38:35.776+0000] {dag.py:4180} INFO - Setting next_dagrun for example_external_task_marker_parent to None, run_after=None
[2024-12-18T20:38:35.798+0000] {processor.py:208} INFO - Processing /home/ubuntu/demo8/lib/python3.12/site-packages/airflow/example_dags/example_external_task_marker_dag.py took 0.090 seconds
[2024-12-18T20:39:31.535+0000] {processor.py:186} INFO - Started process (PID=4374) to work on /home/ubuntu/demo8/lib/python3.12/site-packages/airflow/example_dags/example_external_task_marker_dag.py
[2024-12-18T20:39:31.536+0000] {processor.py:914} INFO - Processing file /home/ubuntu/demo8/lib/python3.12/site-packages/airflow/example_dags/example_external_task_marker_dag.py for tasks to queue
[2024-12-18T20:39:31.539+0000] {logging_mixin.py:190} INFO - [2024-12-18T20:39:31.538+0000] {dagbag.py:588} INFO - Filling up the DagBag from /home/ubuntu/demo8/lib/python3.12/site-packages/airflow/example_dags/example_external_task_marker_dag.py
[2024-12-18T20:39:31.549+0000] {processor.py:925} INFO - DAG(s) 'example_external_task_marker_child', 'example_external_task_marker_parent' retrieved from /home/ubuntu/demo8/lib/python3.12/site-packages/airflow/example_dags/example_external_task_marker_dag.py
[2024-12-18T20:39:31.569+0000] {logging_mixin.py:190} INFO - [2024-12-18T20:39:31.569+0000] {dag.py:3239} INFO - Sync 2 DAGs
[2024-12-18T20:39:31.584+0000] {logging_mixin.py:190} INFO - [2024-12-18T20:39:31.584+0000] {dag.py:4180} INFO - Setting next_dagrun for example_external_task_marker_child to None, run_after=None
[2024-12-18T20:39:31.588+0000] {logging_mixin.py:190} INFO - [2024-12-18T20:39:31.588+0000] {dag.py:4180} INFO - Setting next_dagrun for example_external_task_marker_parent to None, run_after=None
[2024-12-18T20:39:31.610+0000] {processor.py:208} INFO - Processing /home/ubuntu/demo8/lib/python3.12/site-packages/airflow/example_dags/example_external_task_marker_dag.py took 0.081 seconds
[2024-12-18T20:40:29.217+0000] {processor.py:186} INFO - Started process (PID=4510) to work on /home/ubuntu/demo8/lib/python3.12/site-packages/airflow/example_dags/example_external_task_marker_dag.py
[2024-12-18T20:40:29.219+0000] {processor.py:914} INFO - Processing file /home/ubuntu/demo8/lib/python3.12/site-packages/airflow/example_dags/example_external_task_marker_dag.py for tasks to queue
[2024-12-18T20:40:29.221+0000] {logging_mixin.py:190} INFO - [2024-12-18T20:40:29.221+0000] {dagbag.py:588} INFO - Filling up the DagBag from /home/ubuntu/demo8/lib/python3.12/site-packages/airflow/example_dags/example_external_task_marker_dag.py
[2024-12-18T20:40:29.232+0000] {processor.py:925} INFO - DAG(s) 'example_external_task_marker_child', 'example_external_task_marker_parent' retrieved from /home/ubuntu/demo8/lib/python3.12/site-packages/airflow/example_dags/example_external_task_marker_dag.py
[2024-12-18T20:40:29.253+0000] {logging_mixin.py:190} INFO - [2024-12-18T20:40:29.253+0000] {dag.py:3239} INFO - Sync 2 DAGs
[2024-12-18T20:40:29.268+0000] {logging_mixin.py:190} INFO - [2024-12-18T20:40:29.268+0000] {dag.py:4180} INFO - Setting next_dagrun for example_external_task_marker_child to None, run_after=None
[2024-12-18T20:40:29.272+0000] {logging_mixin.py:190} INFO - [2024-12-18T20:40:29.272+0000] {dag.py:4180} INFO - Setting next_dagrun for example_external_task_marker_parent to None, run_after=None
[2024-12-18T20:40:29.292+0000] {processor.py:208} INFO - Processing /home/ubuntu/demo8/lib/python3.12/site-packages/airflow/example_dags/example_external_task_marker_dag.py took 0.082 seconds
[2024-12-18T20:41:23.514+0000] {processor.py:186} INFO - Started process (PID=4629) to work on /home/ubuntu/demo8/lib/python3.12/site-packages/airflow/example_dags/example_external_task_marker_dag.py
[2024-12-18T20:41:23.516+0000] {processor.py:914} INFO - Processing file /home/ubuntu/demo8/lib/python3.12/site-packages/airflow/example_dags/example_external_task_marker_dag.py for tasks to queue
[2024-12-18T20:41:23.519+0000] {logging_mixin.py:190} INFO - [2024-12-18T20:41:23.518+0000] {dagbag.py:588} INFO - Filling up the DagBag from /home/ubuntu/demo8/lib/python3.12/site-packages/airflow/example_dags/example_external_task_marker_dag.py
[2024-12-18T20:41:23.529+0000] {processor.py:925} INFO - DAG(s) 'example_external_task_marker_child', 'example_external_task_marker_parent' retrieved from /home/ubuntu/demo8/lib/python3.12/site-packages/airflow/example_dags/example_external_task_marker_dag.py
[2024-12-18T20:41:23.549+0000] {logging_mixin.py:190} INFO - [2024-12-18T20:41:23.549+0000] {dag.py:3239} INFO - Sync 2 DAGs
[2024-12-18T20:41:23.565+0000] {logging_mixin.py:190} INFO - [2024-12-18T20:41:23.564+0000] {dag.py:4180} INFO - Setting next_dagrun for example_external_task_marker_child to None, run_after=None
[2024-12-18T20:41:23.569+0000] {logging_mixin.py:190} INFO - [2024-12-18T20:41:23.569+0000] {dag.py:4180} INFO - Setting next_dagrun for example_external_task_marker_parent to None, run_after=None
[2024-12-18T20:41:23.590+0000] {processor.py:208} INFO - Processing /home/ubuntu/demo8/lib/python3.12/site-packages/airflow/example_dags/example_external_task_marker_dag.py took 0.083 seconds
[2024-12-18T20:42:18.247+0000] {processor.py:186} INFO - Started process (PID=4746) to work on /home/ubuntu/demo8/lib/python3.12/site-packages/airflow/example_dags/example_external_task_marker_dag.py
[2024-12-18T20:42:18.248+0000] {processor.py:914} INFO - Processing file /home/ubuntu/demo8/lib/python3.12/site-packages/airflow/example_dags/example_external_task_marker_dag.py for tasks to queue
[2024-12-18T20:42:18.251+0000] {logging_mixin.py:190} INFO - [2024-12-18T20:42:18.250+0000] {dagbag.py:588} INFO - Filling up the DagBag from /home/ubuntu/demo8/lib/python3.12/site-packages/airflow/example_dags/example_external_task_marker_dag.py
[2024-12-18T20:42:18.261+0000] {processor.py:925} INFO - DAG(s) 'example_external_task_marker_child', 'example_external_task_marker_parent' retrieved from /home/ubuntu/demo8/lib/python3.12/site-packages/airflow/example_dags/example_external_task_marker_dag.py
[2024-12-18T20:42:18.280+0000] {logging_mixin.py:190} INFO - [2024-12-18T20:42:18.280+0000] {dag.py:3239} INFO - Sync 2 DAGs
[2024-12-18T20:42:18.294+0000] {logging_mixin.py:190} INFO - [2024-12-18T20:42:18.294+0000] {dag.py:4180} INFO - Setting next_dagrun for example_external_task_marker_child to None, run_after=None
[2024-12-18T20:42:18.298+0000] {logging_mixin.py:190} INFO - [2024-12-18T20:42:18.298+0000] {dag.py:4180} INFO - Setting next_dagrun for example_external_task_marker_parent to None, run_after=None
[2024-12-18T20:42:18.319+0000] {processor.py:208} INFO - Processing /home/ubuntu/demo8/lib/python3.12/site-packages/airflow/example_dags/example_external_task_marker_dag.py took 0.079 seconds
[2024-12-18T20:43:13.219+0000] {processor.py:186} INFO - Started process (PID=4802) to work on /home/ubuntu/demo8/lib/python3.12/site-packages/airflow/example_dags/example_external_task_marker_dag.py
[2024-12-18T20:43:13.220+0000] {processor.py:914} INFO - Processing file /home/ubuntu/demo8/lib/python3.12/site-packages/airflow/example_dags/example_external_task_marker_dag.py for tasks to queue
[2024-12-18T20:43:13.223+0000] {logging_mixin.py:190} INFO - [2024-12-18T20:43:13.222+0000] {dagbag.py:588} INFO - Filling up the DagBag from /home/ubuntu/demo8/lib/python3.12/site-packages/airflow/example_dags/example_external_task_marker_dag.py
[2024-12-18T20:43:13.232+0000] {processor.py:925} INFO - DAG(s) 'example_external_task_marker_child', 'example_external_task_marker_parent' retrieved from /home/ubuntu/demo8/lib/python3.12/site-packages/airflow/example_dags/example_external_task_marker_dag.py
[2024-12-18T20:43:13.252+0000] {logging_mixin.py:190} INFO - [2024-12-18T20:43:13.252+0000] {dag.py:3239} INFO - Sync 2 DAGs
[2024-12-18T20:43:13.267+0000] {logging_mixin.py:190} INFO - [2024-12-18T20:43:13.266+0000] {dag.py:4180} INFO - Setting next_dagrun for example_external_task_marker_child to None, run_after=None
[2024-12-18T20:43:13.270+0000] {logging_mixin.py:190} INFO - [2024-12-18T20:43:13.270+0000] {dag.py:4180} INFO - Setting next_dagrun for example_external_task_marker_parent to None, run_after=None
[2024-12-18T20:43:13.291+0000] {processor.py:208} INFO - Processing /home/ubuntu/demo8/lib/python3.12/site-packages/airflow/example_dags/example_external_task_marker_dag.py took 0.079 seconds
[2024-12-18T20:44:06.959+0000] {processor.py:186} INFO - Started process (PID=4917) to work on /home/ubuntu/demo8/lib/python3.12/site-packages/airflow/example_dags/example_external_task_marker_dag.py
[2024-12-18T20:44:06.961+0000] {processor.py:914} INFO - Processing file /home/ubuntu/demo8/lib/python3.12/site-packages/airflow/example_dags/example_external_task_marker_dag.py for tasks to queue
[2024-12-18T20:44:06.963+0000] {logging_mixin.py:190} INFO - [2024-12-18T20:44:06.962+0000] {dagbag.py:588} INFO - Filling up the DagBag from /home/ubuntu/demo8/lib/python3.12/site-packages/airflow/example_dags/example_external_task_marker_dag.py
[2024-12-18T20:44:06.973+0000] {processor.py:925} INFO - DAG(s) 'example_external_task_marker_parent', 'example_external_task_marker_child' retrieved from /home/ubuntu/demo8/lib/python3.12/site-packages/airflow/example_dags/example_external_task_marker_dag.py
[2024-12-18T20:44:06.993+0000] {logging_mixin.py:190} INFO - [2024-12-18T20:44:06.992+0000] {dag.py:3239} INFO - Sync 2 DAGs
[2024-12-18T20:44:07.008+0000] {logging_mixin.py:190} INFO - [2024-12-18T20:44:07.008+0000] {dag.py:4180} INFO - Setting next_dagrun for example_external_task_marker_child to None, run_after=None
[2024-12-18T20:44:07.012+0000] {logging_mixin.py:190} INFO - [2024-12-18T20:44:07.011+0000] {dag.py:4180} INFO - Setting next_dagrun for example_external_task_marker_parent to None, run_after=None
[2024-12-18T20:44:07.032+0000] {processor.py:208} INFO - Processing /home/ubuntu/demo8/lib/python3.12/site-packages/airflow/example_dags/example_external_task_marker_dag.py took 0.079 seconds
[2024-12-18T20:45:00.098+0000] {processor.py:186} INFO - Started process (PID=5095) to work on /home/ubuntu/demo8/lib/python3.12/site-packages/airflow/example_dags/example_external_task_marker_dag.py
[2024-12-18T20:45:00.100+0000] {processor.py:914} INFO - Processing file /home/ubuntu/demo8/lib/python3.12/site-packages/airflow/example_dags/example_external_task_marker_dag.py for tasks to queue
[2024-12-18T20:45:00.103+0000] {logging_mixin.py:190} INFO - [2024-12-18T20:45:00.103+0000] {dagbag.py:588} INFO - Filling up the DagBag from /home/ubuntu/demo8/lib/python3.12/site-packages/airflow/example_dags/example_external_task_marker_dag.py
[2024-12-18T20:45:00.113+0000] {processor.py:925} INFO - DAG(s) 'example_external_task_marker_child', 'example_external_task_marker_parent' retrieved from /home/ubuntu/demo8/lib/python3.12/site-packages/airflow/example_dags/example_external_task_marker_dag.py
[2024-12-18T20:45:00.134+0000] {logging_mixin.py:190} INFO - [2024-12-18T20:45:00.134+0000] {dag.py:3239} INFO - Sync 2 DAGs
[2024-12-18T20:45:00.149+0000] {logging_mixin.py:190} INFO - [2024-12-18T20:45:00.148+0000] {dag.py:4180} INFO - Setting next_dagrun for example_external_task_marker_child to None, run_after=None
[2024-12-18T20:45:00.153+0000] {logging_mixin.py:190} INFO - [2024-12-18T20:45:00.152+0000] {dag.py:4180} INFO - Setting next_dagrun for example_external_task_marker_parent to None, run_after=None
[2024-12-18T20:45:00.174+0000] {processor.py:208} INFO - Processing /home/ubuntu/demo8/lib/python3.12/site-packages/airflow/example_dags/example_external_task_marker_dag.py took 0.082 seconds
[2024-12-18T20:47:33.934+0000] {processor.py:186} INFO - Started process (PID=5842) to work on /home/ubuntu/demo8/lib/python3.12/site-packages/airflow/example_dags/example_external_task_marker_dag.py
[2024-12-18T20:47:33.936+0000] {processor.py:914} INFO - Processing file /home/ubuntu/demo8/lib/python3.12/site-packages/airflow/example_dags/example_external_task_marker_dag.py for tasks to queue
[2024-12-18T20:47:33.939+0000] {logging_mixin.py:190} INFO - [2024-12-18T20:47:33.939+0000] {dagbag.py:588} INFO - Filling up the DagBag from /home/ubuntu/demo8/lib/python3.12/site-packages/airflow/example_dags/example_external_task_marker_dag.py
[2024-12-18T20:47:33.948+0000] {processor.py:925} INFO - DAG(s) 'example_external_task_marker_parent', 'example_external_task_marker_child' retrieved from /home/ubuntu/demo8/lib/python3.12/site-packages/airflow/example_dags/example_external_task_marker_dag.py
[2024-12-18T20:47:33.979+0000] {logging_mixin.py:190} INFO - [2024-12-18T20:47:33.979+0000] {dag.py:3239} INFO - Sync 2 DAGs
[2024-12-18T20:47:33.994+0000] {logging_mixin.py:190} INFO - [2024-12-18T20:47:33.994+0000] {dag.py:4180} INFO - Setting next_dagrun for example_external_task_marker_child to None, run_after=None
[2024-12-18T20:47:33.998+0000] {logging_mixin.py:190} INFO - [2024-12-18T20:47:33.998+0000] {dag.py:4180} INFO - Setting next_dagrun for example_external_task_marker_parent to None, run_after=None
[2024-12-18T20:47:34.021+0000] {processor.py:208} INFO - Processing /home/ubuntu/demo8/lib/python3.12/site-packages/airflow/example_dags/example_external_task_marker_dag.py took 0.092 seconds
[2024-12-18T20:48:32.504+0000] {processor.py:186} INFO - Started process (PID=6145) to work on /home/ubuntu/demo8/lib/python3.12/site-packages/airflow/example_dags/example_external_task_marker_dag.py
[2024-12-18T20:48:32.506+0000] {processor.py:914} INFO - Processing file /home/ubuntu/demo8/lib/python3.12/site-packages/airflow/example_dags/example_external_task_marker_dag.py for tasks to queue
[2024-12-18T20:48:32.508+0000] {logging_mixin.py:190} INFO - [2024-12-18T20:48:32.508+0000] {dagbag.py:588} INFO - Filling up the DagBag from /home/ubuntu/demo8/lib/python3.12/site-packages/airflow/example_dags/example_external_task_marker_dag.py
[2024-12-18T20:48:32.518+0000] {processor.py:925} INFO - DAG(s) 'example_external_task_marker_child', 'example_external_task_marker_parent' retrieved from /home/ubuntu/demo8/lib/python3.12/site-packages/airflow/example_dags/example_external_task_marker_dag.py
[2024-12-18T20:48:32.538+0000] {logging_mixin.py:190} INFO - [2024-12-18T20:48:32.537+0000] {dag.py:3239} INFO - Sync 2 DAGs
[2024-12-18T20:48:32.552+0000] {logging_mixin.py:190} INFO - [2024-12-18T20:48:32.552+0000] {dag.py:4180} INFO - Setting next_dagrun for example_external_task_marker_child to None, run_after=None
[2024-12-18T20:48:32.555+0000] {logging_mixin.py:190} INFO - [2024-12-18T20:48:32.555+0000] {dag.py:4180} INFO - Setting next_dagrun for example_external_task_marker_parent to None, run_after=None
[2024-12-18T20:48:32.577+0000] {processor.py:208} INFO - Processing /home/ubuntu/demo8/lib/python3.12/site-packages/airflow/example_dags/example_external_task_marker_dag.py took 0.079 seconds
[2024-12-18T20:49:29.316+0000] {processor.py:186} INFO - Started process (PID=6443) to work on /home/ubuntu/demo8/lib/python3.12/site-packages/airflow/example_dags/example_external_task_marker_dag.py
[2024-12-18T20:49:29.318+0000] {processor.py:914} INFO - Processing file /home/ubuntu/demo8/lib/python3.12/site-packages/airflow/example_dags/example_external_task_marker_dag.py for tasks to queue
[2024-12-18T20:49:29.321+0000] {logging_mixin.py:190} INFO - [2024-12-18T20:49:29.320+0000] {dagbag.py:588} INFO - Filling up the DagBag from /home/ubuntu/demo8/lib/python3.12/site-packages/airflow/example_dags/example_external_task_marker_dag.py
[2024-12-18T20:49:29.330+0000] {processor.py:925} INFO - DAG(s) 'example_external_task_marker_child', 'example_external_task_marker_parent' retrieved from /home/ubuntu/demo8/lib/python3.12/site-packages/airflow/example_dags/example_external_task_marker_dag.py
[2024-12-18T20:49:29.351+0000] {logging_mixin.py:190} INFO - [2024-12-18T20:49:29.350+0000] {dag.py:3239} INFO - Sync 2 DAGs
[2024-12-18T20:49:29.365+0000] {logging_mixin.py:190} INFO - [2024-12-18T20:49:29.365+0000] {dag.py:4180} INFO - Setting next_dagrun for example_external_task_marker_child to None, run_after=None
[2024-12-18T20:49:29.369+0000] {logging_mixin.py:190} INFO - [2024-12-18T20:49:29.369+0000] {dag.py:4180} INFO - Setting next_dagrun for example_external_task_marker_parent to None, run_after=None
[2024-12-18T20:49:29.391+0000] {processor.py:208} INFO - Processing /home/ubuntu/demo8/lib/python3.12/site-packages/airflow/example_dags/example_external_task_marker_dag.py took 0.081 seconds
[2024-12-18T20:50:27.466+0000] {processor.py:186} INFO - Started process (PID=6805) to work on /home/ubuntu/demo8/lib/python3.12/site-packages/airflow/example_dags/example_external_task_marker_dag.py
[2024-12-18T20:50:27.467+0000] {processor.py:914} INFO - Processing file /home/ubuntu/demo8/lib/python3.12/site-packages/airflow/example_dags/example_external_task_marker_dag.py for tasks to queue
[2024-12-18T20:50:27.470+0000] {logging_mixin.py:190} INFO - [2024-12-18T20:50:27.469+0000] {dagbag.py:588} INFO - Filling up the DagBag from /home/ubuntu/demo8/lib/python3.12/site-packages/airflow/example_dags/example_external_task_marker_dag.py
[2024-12-18T20:50:27.490+0000] {processor.py:925} INFO - DAG(s) 'example_external_task_marker_child', 'example_external_task_marker_parent' retrieved from /home/ubuntu/demo8/lib/python3.12/site-packages/airflow/example_dags/example_external_task_marker_dag.py
[2024-12-18T20:50:27.511+0000] {logging_mixin.py:190} INFO - [2024-12-18T20:50:27.510+0000] {dag.py:3239} INFO - Sync 2 DAGs
[2024-12-18T20:50:27.525+0000] {logging_mixin.py:190} INFO - [2024-12-18T20:50:27.525+0000] {dag.py:4180} INFO - Setting next_dagrun for example_external_task_marker_child to None, run_after=None
[2024-12-18T20:50:27.529+0000] {logging_mixin.py:190} INFO - [2024-12-18T20:50:27.529+0000] {dag.py:4180} INFO - Setting next_dagrun for example_external_task_marker_parent to None, run_after=None
[2024-12-18T20:50:27.552+0000] {processor.py:208} INFO - Processing /home/ubuntu/demo8/lib/python3.12/site-packages/airflow/example_dags/example_external_task_marker_dag.py took 0.092 seconds
[2024-12-18T20:51:22.794+0000] {processor.py:186} INFO - Started process (PID=6983) to work on /home/ubuntu/demo8/lib/python3.12/site-packages/airflow/example_dags/example_external_task_marker_dag.py
[2024-12-18T20:51:22.796+0000] {processor.py:914} INFO - Processing file /home/ubuntu/demo8/lib/python3.12/site-packages/airflow/example_dags/example_external_task_marker_dag.py for tasks to queue
[2024-12-18T20:51:22.798+0000] {logging_mixin.py:190} INFO - [2024-12-18T20:51:22.798+0000] {dagbag.py:588} INFO - Filling up the DagBag from /home/ubuntu/demo8/lib/python3.12/site-packages/airflow/example_dags/example_external_task_marker_dag.py
[2024-12-18T20:51:22.808+0000] {processor.py:925} INFO - DAG(s) 'example_external_task_marker_child', 'example_external_task_marker_parent' retrieved from /home/ubuntu/demo8/lib/python3.12/site-packages/airflow/example_dags/example_external_task_marker_dag.py
[2024-12-18T20:51:22.828+0000] {logging_mixin.py:190} INFO - [2024-12-18T20:51:22.828+0000] {dag.py:3239} INFO - Sync 2 DAGs
[2024-12-18T20:51:22.843+0000] {logging_mixin.py:190} INFO - [2024-12-18T20:51:22.843+0000] {dag.py:4180} INFO - Setting next_dagrun for example_external_task_marker_child to None, run_after=None
[2024-12-18T20:51:22.847+0000] {logging_mixin.py:190} INFO - [2024-12-18T20:51:22.846+0000] {dag.py:4180} INFO - Setting next_dagrun for example_external_task_marker_parent to None, run_after=None
[2024-12-18T20:51:22.869+0000] {processor.py:208} INFO - Processing /home/ubuntu/demo8/lib/python3.12/site-packages/airflow/example_dags/example_external_task_marker_dag.py took 0.081 seconds
