[2024-12-18T15:44:21.323+0000] {processor.py:186} INFO - Started process (PID=3648) to work on /home/ubuntu/demo8/lib/python3.12/site-packages/airflow/example_dags/example_xcomargs.py
[2024-12-18T15:44:21.324+0000] {processor.py:914} INFO - Processing file /home/ubuntu/demo8/lib/python3.12/site-packages/airflow/example_dags/example_xcomargs.py for tasks to queue
[2024-12-18T15:44:21.327+0000] {logging_mixin.py:190} INFO - [2024-12-18T15:44:21.326+0000] {dagbag.py:588} INFO - Filling up the DagBag from /home/ubuntu/demo8/lib/python3.12/site-packages/airflow/example_dags/example_xcomargs.py
[2024-12-18T15:44:21.339+0000] {processor.py:925} INFO - DAG(s) 'example_xcom_args_with_operators', 'example_xcom_args' retrieved from /home/ubuntu/demo8/lib/python3.12/site-packages/airflow/example_dags/example_xcomargs.py
[2024-12-18T15:44:21.462+0000] {logging_mixin.py:190} INFO - [2024-12-18T15:44:21.461+0000] {override.py:1911} INFO - Created Permission View: can read on DAG:example_xcom_args_with_operators
[2024-12-18T15:44:21.475+0000] {logging_mixin.py:190} INFO - [2024-12-18T15:44:21.474+0000] {override.py:1911} INFO - Created Permission View: can delete on DAG:example_xcom_args_with_operators
[2024-12-18T15:44:21.484+0000] {logging_mixin.py:190} INFO - [2024-12-18T15:44:21.484+0000] {override.py:1911} INFO - Created Permission View: can edit on DAG:example_xcom_args_with_operators
[2024-12-18T15:44:21.499+0000] {logging_mixin.py:190} INFO - [2024-12-18T15:44:21.498+0000] {override.py:1911} INFO - Created Permission View: can create on DAG Run:example_xcom_args_with_operators
[2024-12-18T15:44:21.508+0000] {logging_mixin.py:190} INFO - [2024-12-18T15:44:21.508+0000] {override.py:1911} INFO - Created Permission View: can read on DAG Run:example_xcom_args_with_operators
[2024-12-18T15:44:21.518+0000] {logging_mixin.py:190} INFO - [2024-12-18T15:44:21.518+0000] {override.py:1911} INFO - Created Permission View: menu access on DAG Run:example_xcom_args_with_operators
[2024-12-18T15:44:21.527+0000] {logging_mixin.py:190} INFO - [2024-12-18T15:44:21.527+0000] {override.py:1911} INFO - Created Permission View: can delete on DAG Run:example_xcom_args_with_operators
[2024-12-18T15:44:21.549+0000] {logging_mixin.py:190} INFO - [2024-12-18T15:44:21.549+0000] {override.py:1911} INFO - Created Permission View: can read on DAG:example_xcom_args
[2024-12-18T15:44:21.562+0000] {logging_mixin.py:190} INFO - [2024-12-18T15:44:21.561+0000] {override.py:1911} INFO - Created Permission View: can delete on DAG:example_xcom_args
[2024-12-18T15:44:21.571+0000] {logging_mixin.py:190} INFO - [2024-12-18T15:44:21.570+0000] {override.py:1911} INFO - Created Permission View: can edit on DAG:example_xcom_args
[2024-12-18T15:44:21.585+0000] {logging_mixin.py:190} INFO - [2024-12-18T15:44:21.585+0000] {override.py:1911} INFO - Created Permission View: can create on DAG Run:example_xcom_args
[2024-12-18T15:44:21.595+0000] {logging_mixin.py:190} INFO - [2024-12-18T15:44:21.594+0000] {override.py:1911} INFO - Created Permission View: can read on DAG Run:example_xcom_args
[2024-12-18T15:44:21.604+0000] {logging_mixin.py:190} INFO - [2024-12-18T15:44:21.603+0000] {override.py:1911} INFO - Created Permission View: menu access on DAG Run:example_xcom_args
[2024-12-18T15:44:21.613+0000] {logging_mixin.py:190} INFO - [2024-12-18T15:44:21.613+0000] {override.py:1911} INFO - Created Permission View: can delete on DAG Run:example_xcom_args
[2024-12-18T15:44:21.614+0000] {logging_mixin.py:190} INFO - [2024-12-18T15:44:21.613+0000] {dag.py:3239} INFO - Sync 2 DAGs
[2024-12-18T15:44:21.628+0000] {logging_mixin.py:190} INFO - [2024-12-18T15:44:21.628+0000] {dag.py:3262} INFO - Creating ORM DAG for example_xcom_args
[2024-12-18T15:44:21.629+0000] {logging_mixin.py:190} INFO - [2024-12-18T15:44:21.628+0000] {dag.py:3262} INFO - Creating ORM DAG for example_xcom_args_with_operators
[2024-12-18T15:44:21.629+0000] {logging_mixin.py:190} INFO - [2024-12-18T15:44:21.629+0000] {dag.py:4180} INFO - Setting next_dagrun for example_xcom_args to None, run_after=None
[2024-12-18T15:44:21.630+0000] {logging_mixin.py:190} INFO - [2024-12-18T15:44:21.630+0000] {dag.py:4180} INFO - Setting next_dagrun for example_xcom_args_with_operators to None, run_after=None
[2024-12-18T15:44:21.650+0000] {processor.py:208} INFO - Processing /home/ubuntu/demo8/lib/python3.12/site-packages/airflow/example_dags/example_xcomargs.py took 0.333 seconds
[2024-12-18T15:45:29.930+0000] {processor.py:186} INFO - Started process (PID=3745) to work on /home/ubuntu/demo8/lib/python3.12/site-packages/airflow/example_dags/example_xcomargs.py
[2024-12-18T15:45:29.932+0000] {processor.py:914} INFO - Processing file /home/ubuntu/demo8/lib/python3.12/site-packages/airflow/example_dags/example_xcomargs.py for tasks to queue
[2024-12-18T15:45:29.934+0000] {logging_mixin.py:190} INFO - [2024-12-18T15:45:29.934+0000] {dagbag.py:588} INFO - Filling up the DagBag from /home/ubuntu/demo8/lib/python3.12/site-packages/airflow/example_dags/example_xcomargs.py
[2024-12-18T15:45:29.946+0000] {processor.py:925} INFO - DAG(s) 'example_xcom_args_with_operators', 'example_xcom_args' retrieved from /home/ubuntu/demo8/lib/python3.12/site-packages/airflow/example_dags/example_xcomargs.py
[2024-12-18T15:45:29.966+0000] {logging_mixin.py:190} INFO - [2024-12-18T15:45:29.966+0000] {dag.py:3239} INFO - Sync 2 DAGs
[2024-12-18T15:45:29.980+0000] {logging_mixin.py:190} INFO - [2024-12-18T15:45:29.980+0000] {dag.py:4180} INFO - Setting next_dagrun for example_xcom_args to None, run_after=None
[2024-12-18T15:45:29.983+0000] {logging_mixin.py:190} INFO - [2024-12-18T15:45:29.983+0000] {dag.py:4180} INFO - Setting next_dagrun for example_xcom_args_with_operators to None, run_after=None
[2024-12-18T15:45:30.005+0000] {processor.py:208} INFO - Processing /home/ubuntu/demo8/lib/python3.12/site-packages/airflow/example_dags/example_xcomargs.py took 0.081 seconds
[2024-12-18T15:46:27.335+0000] {processor.py:186} INFO - Started process (PID=3804) to work on /home/ubuntu/demo8/lib/python3.12/site-packages/airflow/example_dags/example_xcomargs.py
[2024-12-18T15:46:27.337+0000] {processor.py:914} INFO - Processing file /home/ubuntu/demo8/lib/python3.12/site-packages/airflow/example_dags/example_xcomargs.py for tasks to queue
[2024-12-18T15:46:27.339+0000] {logging_mixin.py:190} INFO - [2024-12-18T15:46:27.339+0000] {dagbag.py:588} INFO - Filling up the DagBag from /home/ubuntu/demo8/lib/python3.12/site-packages/airflow/example_dags/example_xcomargs.py
[2024-12-18T15:46:27.351+0000] {processor.py:925} INFO - DAG(s) 'example_xcom_args', 'example_xcom_args_with_operators' retrieved from /home/ubuntu/demo8/lib/python3.12/site-packages/airflow/example_dags/example_xcomargs.py
[2024-12-18T15:46:27.371+0000] {logging_mixin.py:190} INFO - [2024-12-18T15:46:27.371+0000] {dag.py:3239} INFO - Sync 2 DAGs
[2024-12-18T15:46:27.385+0000] {logging_mixin.py:190} INFO - [2024-12-18T15:46:27.385+0000] {dag.py:4180} INFO - Setting next_dagrun for example_xcom_args to None, run_after=None
[2024-12-18T15:46:27.389+0000] {logging_mixin.py:190} INFO - [2024-12-18T15:46:27.389+0000] {dag.py:4180} INFO - Setting next_dagrun for example_xcom_args_with_operators to None, run_after=None
[2024-12-18T15:46:27.408+0000] {processor.py:208} INFO - Processing /home/ubuntu/demo8/lib/python3.12/site-packages/airflow/example_dags/example_xcomargs.py took 0.079 seconds
[2024-12-18T15:47:22.341+0000] {processor.py:186} INFO - Started process (PID=4269) to work on /home/ubuntu/demo8/lib/python3.12/site-packages/airflow/example_dags/example_xcomargs.py
[2024-12-18T15:47:22.343+0000] {processor.py:914} INFO - Processing file /home/ubuntu/demo8/lib/python3.12/site-packages/airflow/example_dags/example_xcomargs.py for tasks to queue
[2024-12-18T15:47:22.346+0000] {logging_mixin.py:190} INFO - [2024-12-18T15:47:22.345+0000] {dagbag.py:588} INFO - Filling up the DagBag from /home/ubuntu/demo8/lib/python3.12/site-packages/airflow/example_dags/example_xcomargs.py
[2024-12-18T15:47:22.357+0000] {processor.py:925} INFO - DAG(s) 'example_xcom_args_with_operators', 'example_xcom_args' retrieved from /home/ubuntu/demo8/lib/python3.12/site-packages/airflow/example_dags/example_xcomargs.py
[2024-12-18T15:47:22.376+0000] {logging_mixin.py:190} INFO - [2024-12-18T15:47:22.376+0000] {dag.py:3239} INFO - Sync 2 DAGs
[2024-12-18T15:47:22.391+0000] {logging_mixin.py:190} INFO - [2024-12-18T15:47:22.390+0000] {dag.py:4180} INFO - Setting next_dagrun for example_xcom_args to None, run_after=None
[2024-12-18T15:47:22.394+0000] {logging_mixin.py:190} INFO - [2024-12-18T15:47:22.394+0000] {dag.py:4180} INFO - Setting next_dagrun for example_xcom_args_with_operators to None, run_after=None
[2024-12-18T15:47:22.414+0000] {processor.py:208} INFO - Processing /home/ubuntu/demo8/lib/python3.12/site-packages/airflow/example_dags/example_xcomargs.py took 0.079 seconds
[2024-12-18T15:48:17.801+0000] {processor.py:186} INFO - Started process (PID=4325) to work on /home/ubuntu/demo8/lib/python3.12/site-packages/airflow/example_dags/example_xcomargs.py
[2024-12-18T15:48:17.803+0000] {processor.py:914} INFO - Processing file /home/ubuntu/demo8/lib/python3.12/site-packages/airflow/example_dags/example_xcomargs.py for tasks to queue
[2024-12-18T15:48:17.805+0000] {logging_mixin.py:190} INFO - [2024-12-18T15:48:17.805+0000] {dagbag.py:588} INFO - Filling up the DagBag from /home/ubuntu/demo8/lib/python3.12/site-packages/airflow/example_dags/example_xcomargs.py
[2024-12-18T15:48:17.816+0000] {processor.py:925} INFO - DAG(s) 'example_xcom_args', 'example_xcom_args_with_operators' retrieved from /home/ubuntu/demo8/lib/python3.12/site-packages/airflow/example_dags/example_xcomargs.py
[2024-12-18T15:48:17.836+0000] {logging_mixin.py:190} INFO - [2024-12-18T15:48:17.835+0000] {dag.py:3239} INFO - Sync 2 DAGs
[2024-12-18T15:48:17.849+0000] {logging_mixin.py:190} INFO - [2024-12-18T15:48:17.849+0000] {dag.py:4180} INFO - Setting next_dagrun for example_xcom_args to None, run_after=None
[2024-12-18T15:48:17.853+0000] {logging_mixin.py:190} INFO - [2024-12-18T15:48:17.852+0000] {dag.py:4180} INFO - Setting next_dagrun for example_xcom_args_with_operators to None, run_after=None
[2024-12-18T15:48:17.873+0000] {processor.py:208} INFO - Processing /home/ubuntu/demo8/lib/python3.12/site-packages/airflow/example_dags/example_xcomargs.py took 0.078 seconds
[2024-12-18T15:49:11.075+0000] {processor.py:186} INFO - Started process (PID=4379) to work on /home/ubuntu/demo8/lib/python3.12/site-packages/airflow/example_dags/example_xcomargs.py
[2024-12-18T15:49:11.077+0000] {processor.py:914} INFO - Processing file /home/ubuntu/demo8/lib/python3.12/site-packages/airflow/example_dags/example_xcomargs.py for tasks to queue
[2024-12-18T15:49:11.079+0000] {logging_mixin.py:190} INFO - [2024-12-18T15:49:11.078+0000] {dagbag.py:588} INFO - Filling up the DagBag from /home/ubuntu/demo8/lib/python3.12/site-packages/airflow/example_dags/example_xcomargs.py
[2024-12-18T15:49:11.091+0000] {processor.py:925} INFO - DAG(s) 'example_xcom_args', 'example_xcom_args_with_operators' retrieved from /home/ubuntu/demo8/lib/python3.12/site-packages/airflow/example_dags/example_xcomargs.py
[2024-12-18T15:49:11.111+0000] {logging_mixin.py:190} INFO - [2024-12-18T15:49:11.111+0000] {dag.py:3239} INFO - Sync 2 DAGs
[2024-12-18T15:49:11.252+0000] {logging_mixin.py:190} INFO - [2024-12-18T15:49:11.252+0000] {dag.py:4180} INFO - Setting next_dagrun for example_xcom_args to None, run_after=None
[2024-12-18T15:49:11.255+0000] {logging_mixin.py:190} INFO - [2024-12-18T15:49:11.255+0000] {dag.py:4180} INFO - Setting next_dagrun for example_xcom_args_with_operators to None, run_after=None
[2024-12-18T15:49:11.273+0000] {processor.py:208} INFO - Processing /home/ubuntu/demo8/lib/python3.12/site-packages/airflow/example_dags/example_xcomargs.py took 0.204 seconds
[2024-12-18T15:50:16.497+0000] {processor.py:186} INFO - Started process (PID=4441) to work on /home/ubuntu/demo8/lib/python3.12/site-packages/airflow/example_dags/example_xcomargs.py
[2024-12-18T15:50:16.498+0000] {processor.py:914} INFO - Processing file /home/ubuntu/demo8/lib/python3.12/site-packages/airflow/example_dags/example_xcomargs.py for tasks to queue
[2024-12-18T15:50:16.501+0000] {logging_mixin.py:190} INFO - [2024-12-18T15:50:16.500+0000] {dagbag.py:588} INFO - Filling up the DagBag from /home/ubuntu/demo8/lib/python3.12/site-packages/airflow/example_dags/example_xcomargs.py
[2024-12-18T15:50:16.513+0000] {processor.py:925} INFO - DAG(s) 'example_xcom_args_with_operators', 'example_xcom_args' retrieved from /home/ubuntu/demo8/lib/python3.12/site-packages/airflow/example_dags/example_xcomargs.py
[2024-12-18T15:50:16.532+0000] {logging_mixin.py:190} INFO - [2024-12-18T15:50:16.532+0000] {dag.py:3239} INFO - Sync 2 DAGs
[2024-12-18T15:50:16.547+0000] {logging_mixin.py:190} INFO - [2024-12-18T15:50:16.547+0000] {dag.py:4180} INFO - Setting next_dagrun for example_xcom_args to None, run_after=None
[2024-12-18T15:50:16.551+0000] {logging_mixin.py:190} INFO - [2024-12-18T15:50:16.550+0000] {dag.py:4180} INFO - Setting next_dagrun for example_xcom_args_with_operators to None, run_after=None
[2024-12-18T15:50:16.570+0000] {processor.py:208} INFO - Processing /home/ubuntu/demo8/lib/python3.12/site-packages/airflow/example_dags/example_xcomargs.py took 0.079 seconds
[2024-12-18T15:51:10.773+0000] {processor.py:186} INFO - Started process (PID=4510) to work on /home/ubuntu/demo8/lib/python3.12/site-packages/airflow/example_dags/example_xcomargs.py
[2024-12-18T15:51:10.774+0000] {processor.py:914} INFO - Processing file /home/ubuntu/demo8/lib/python3.12/site-packages/airflow/example_dags/example_xcomargs.py for tasks to queue
[2024-12-18T15:51:10.777+0000] {logging_mixin.py:190} INFO - [2024-12-18T15:51:10.777+0000] {dagbag.py:588} INFO - Filling up the DagBag from /home/ubuntu/demo8/lib/python3.12/site-packages/airflow/example_dags/example_xcomargs.py
[2024-12-18T15:51:10.789+0000] {processor.py:925} INFO - DAG(s) 'example_xcom_args', 'example_xcom_args_with_operators' retrieved from /home/ubuntu/demo8/lib/python3.12/site-packages/airflow/example_dags/example_xcomargs.py
[2024-12-18T15:51:10.809+0000] {logging_mixin.py:190} INFO - [2024-12-18T15:51:10.809+0000] {dag.py:3239} INFO - Sync 2 DAGs
[2024-12-18T15:51:10.824+0000] {logging_mixin.py:190} INFO - [2024-12-18T15:51:10.824+0000] {dag.py:4180} INFO - Setting next_dagrun for example_xcom_args to None, run_after=None
[2024-12-18T15:51:10.828+0000] {logging_mixin.py:190} INFO - [2024-12-18T15:51:10.828+0000] {dag.py:4180} INFO - Setting next_dagrun for example_xcom_args_with_operators to None, run_after=None
[2024-12-18T15:51:10.850+0000] {processor.py:208} INFO - Processing /home/ubuntu/demo8/lib/python3.12/site-packages/airflow/example_dags/example_xcomargs.py took 0.084 seconds
[2024-12-18T15:52:02.621+0000] {processor.py:186} INFO - Started process (PID=4564) to work on /home/ubuntu/demo8/lib/python3.12/site-packages/airflow/example_dags/example_xcomargs.py
[2024-12-18T15:52:02.622+0000] {processor.py:914} INFO - Processing file /home/ubuntu/demo8/lib/python3.12/site-packages/airflow/example_dags/example_xcomargs.py for tasks to queue
[2024-12-18T15:52:02.625+0000] {logging_mixin.py:190} INFO - [2024-12-18T15:52:02.625+0000] {dagbag.py:588} INFO - Filling up the DagBag from /home/ubuntu/demo8/lib/python3.12/site-packages/airflow/example_dags/example_xcomargs.py
[2024-12-18T15:52:02.637+0000] {processor.py:925} INFO - DAG(s) 'example_xcom_args', 'example_xcom_args_with_operators' retrieved from /home/ubuntu/demo8/lib/python3.12/site-packages/airflow/example_dags/example_xcomargs.py
[2024-12-18T15:52:02.656+0000] {logging_mixin.py:190} INFO - [2024-12-18T15:52:02.656+0000] {dag.py:3239} INFO - Sync 2 DAGs
[2024-12-18T15:52:02.671+0000] {logging_mixin.py:190} INFO - [2024-12-18T15:52:02.670+0000] {dag.py:4180} INFO - Setting next_dagrun for example_xcom_args to None, run_after=None
[2024-12-18T15:52:02.674+0000] {logging_mixin.py:190} INFO - [2024-12-18T15:52:02.674+0000] {dag.py:4180} INFO - Setting next_dagrun for example_xcom_args_with_operators to None, run_after=None
[2024-12-18T15:52:02.699+0000] {processor.py:208} INFO - Processing /home/ubuntu/demo8/lib/python3.12/site-packages/airflow/example_dags/example_xcomargs.py took 0.084 seconds
[2024-12-18T15:52:57.352+0000] {processor.py:186} INFO - Started process (PID=4622) to work on /home/ubuntu/demo8/lib/python3.12/site-packages/airflow/example_dags/example_xcomargs.py
[2024-12-18T15:52:57.354+0000] {processor.py:914} INFO - Processing file /home/ubuntu/demo8/lib/python3.12/site-packages/airflow/example_dags/example_xcomargs.py for tasks to queue
[2024-12-18T15:52:57.357+0000] {logging_mixin.py:190} INFO - [2024-12-18T15:52:57.356+0000] {dagbag.py:588} INFO - Filling up the DagBag from /home/ubuntu/demo8/lib/python3.12/site-packages/airflow/example_dags/example_xcomargs.py
[2024-12-18T15:52:57.369+0000] {processor.py:925} INFO - DAG(s) 'example_xcom_args_with_operators', 'example_xcom_args' retrieved from /home/ubuntu/demo8/lib/python3.12/site-packages/airflow/example_dags/example_xcomargs.py
[2024-12-18T15:52:57.389+0000] {logging_mixin.py:190} INFO - [2024-12-18T15:52:57.389+0000] {dag.py:3239} INFO - Sync 2 DAGs
[2024-12-18T15:52:57.404+0000] {logging_mixin.py:190} INFO - [2024-12-18T15:52:57.404+0000] {dag.py:4180} INFO - Setting next_dagrun for example_xcom_args to None, run_after=None
[2024-12-18T15:52:57.408+0000] {logging_mixin.py:190} INFO - [2024-12-18T15:52:57.408+0000] {dag.py:4180} INFO - Setting next_dagrun for example_xcom_args_with_operators to None, run_after=None
[2024-12-18T15:52:57.428+0000] {processor.py:208} INFO - Processing /home/ubuntu/demo8/lib/python3.12/site-packages/airflow/example_dags/example_xcomargs.py took 0.082 seconds
[2024-12-18T15:53:53.345+0000] {processor.py:186} INFO - Started process (PID=4685) to work on /home/ubuntu/demo8/lib/python3.12/site-packages/airflow/example_dags/example_xcomargs.py
[2024-12-18T15:53:53.347+0000] {processor.py:914} INFO - Processing file /home/ubuntu/demo8/lib/python3.12/site-packages/airflow/example_dags/example_xcomargs.py for tasks to queue
[2024-12-18T15:53:53.350+0000] {logging_mixin.py:190} INFO - [2024-12-18T15:53:53.349+0000] {dagbag.py:588} INFO - Filling up the DagBag from /home/ubuntu/demo8/lib/python3.12/site-packages/airflow/example_dags/example_xcomargs.py
[2024-12-18T15:53:53.362+0000] {processor.py:925} INFO - DAG(s) 'example_xcom_args_with_operators', 'example_xcom_args' retrieved from /home/ubuntu/demo8/lib/python3.12/site-packages/airflow/example_dags/example_xcomargs.py
[2024-12-18T15:53:53.384+0000] {logging_mixin.py:190} INFO - [2024-12-18T15:53:53.383+0000] {dag.py:3239} INFO - Sync 2 DAGs
[2024-12-18T15:53:53.399+0000] {logging_mixin.py:190} INFO - [2024-12-18T15:53:53.399+0000] {dag.py:4180} INFO - Setting next_dagrun for example_xcom_args to None, run_after=None
[2024-12-18T15:53:53.403+0000] {logging_mixin.py:190} INFO - [2024-12-18T15:53:53.403+0000] {dag.py:4180} INFO - Setting next_dagrun for example_xcom_args_with_operators to None, run_after=None
[2024-12-18T15:53:53.423+0000] {processor.py:208} INFO - Processing /home/ubuntu/demo8/lib/python3.12/site-packages/airflow/example_dags/example_xcomargs.py took 0.085 seconds
[2024-12-18T15:54:37.201+0000] {processor.py:186} INFO - Started process (PID=4749) to work on /home/ubuntu/demo8/lib/python3.12/site-packages/airflow/example_dags/example_xcomargs.py
[2024-12-18T15:54:37.202+0000] {processor.py:914} INFO - Processing file /home/ubuntu/demo8/lib/python3.12/site-packages/airflow/example_dags/example_xcomargs.py for tasks to queue
[2024-12-18T15:54:37.204+0000] {logging_mixin.py:190} INFO - [2024-12-18T15:54:37.204+0000] {dagbag.py:588} INFO - Filling up the DagBag from /home/ubuntu/demo8/lib/python3.12/site-packages/airflow/example_dags/example_xcomargs.py
[2024-12-18T15:54:37.216+0000] {processor.py:925} INFO - DAG(s) 'example_xcom_args', 'example_xcom_args_with_operators' retrieved from /home/ubuntu/demo8/lib/python3.12/site-packages/airflow/example_dags/example_xcomargs.py
[2024-12-18T15:54:37.243+0000] {logging_mixin.py:190} INFO - [2024-12-18T15:54:37.243+0000] {dag.py:3239} INFO - Sync 2 DAGs
[2024-12-18T15:54:37.257+0000] {logging_mixin.py:190} INFO - [2024-12-18T15:54:37.257+0000] {dag.py:4180} INFO - Setting next_dagrun for example_xcom_args to None, run_after=None
[2024-12-18T15:54:37.260+0000] {logging_mixin.py:190} INFO - [2024-12-18T15:54:37.260+0000] {dag.py:4180} INFO - Setting next_dagrun for example_xcom_args_with_operators to None, run_after=None
[2024-12-18T15:54:37.282+0000] {processor.py:208} INFO - Processing /home/ubuntu/demo8/lib/python3.12/site-packages/airflow/example_dags/example_xcomargs.py took 0.087 seconds
[2024-12-18T15:55:34.155+0000] {processor.py:186} INFO - Started process (PID=4811) to work on /home/ubuntu/demo8/lib/python3.12/site-packages/airflow/example_dags/example_xcomargs.py
[2024-12-18T15:55:34.157+0000] {processor.py:914} INFO - Processing file /home/ubuntu/demo8/lib/python3.12/site-packages/airflow/example_dags/example_xcomargs.py for tasks to queue
[2024-12-18T15:55:34.160+0000] {logging_mixin.py:190} INFO - [2024-12-18T15:55:34.159+0000] {dagbag.py:588} INFO - Filling up the DagBag from /home/ubuntu/demo8/lib/python3.12/site-packages/airflow/example_dags/example_xcomargs.py
[2024-12-18T15:55:34.172+0000] {processor.py:925} INFO - DAG(s) 'example_xcom_args', 'example_xcom_args_with_operators' retrieved from /home/ubuntu/demo8/lib/python3.12/site-packages/airflow/example_dags/example_xcomargs.py
[2024-12-18T15:55:34.193+0000] {logging_mixin.py:190} INFO - [2024-12-18T15:55:34.192+0000] {dag.py:3239} INFO - Sync 2 DAGs
[2024-12-18T15:55:34.207+0000] {logging_mixin.py:190} INFO - [2024-12-18T15:55:34.207+0000] {dag.py:4180} INFO - Setting next_dagrun for example_xcom_args to None, run_after=None
[2024-12-18T15:55:34.211+0000] {logging_mixin.py:190} INFO - [2024-12-18T15:55:34.210+0000] {dag.py:4180} INFO - Setting next_dagrun for example_xcom_args_with_operators to None, run_after=None
[2024-12-18T15:55:34.233+0000] {processor.py:208} INFO - Processing /home/ubuntu/demo8/lib/python3.12/site-packages/airflow/example_dags/example_xcomargs.py took 0.084 seconds
[2024-12-18T15:56:26.922+0000] {processor.py:186} INFO - Started process (PID=4867) to work on /home/ubuntu/demo8/lib/python3.12/site-packages/airflow/example_dags/example_xcomargs.py
[2024-12-18T15:56:26.924+0000] {processor.py:914} INFO - Processing file /home/ubuntu/demo8/lib/python3.12/site-packages/airflow/example_dags/example_xcomargs.py for tasks to queue
[2024-12-18T15:56:26.927+0000] {logging_mixin.py:190} INFO - [2024-12-18T15:56:26.926+0000] {dagbag.py:588} INFO - Filling up the DagBag from /home/ubuntu/demo8/lib/python3.12/site-packages/airflow/example_dags/example_xcomargs.py
[2024-12-18T15:56:26.937+0000] {processor.py:925} INFO - DAG(s) 'example_xcom_args_with_operators', 'example_xcom_args' retrieved from /home/ubuntu/demo8/lib/python3.12/site-packages/airflow/example_dags/example_xcomargs.py
[2024-12-18T15:56:26.957+0000] {logging_mixin.py:190} INFO - [2024-12-18T15:56:26.957+0000] {dag.py:3239} INFO - Sync 2 DAGs
[2024-12-18T15:56:26.970+0000] {logging_mixin.py:190} INFO - [2024-12-18T15:56:26.970+0000] {dag.py:4180} INFO - Setting next_dagrun for example_xcom_args to None, run_after=None
[2024-12-18T15:56:26.974+0000] {logging_mixin.py:190} INFO - [2024-12-18T15:56:26.973+0000] {dag.py:4180} INFO - Setting next_dagrun for example_xcom_args_with_operators to None, run_after=None
[2024-12-18T15:56:26.993+0000] {processor.py:208} INFO - Processing /home/ubuntu/demo8/lib/python3.12/site-packages/airflow/example_dags/example_xcomargs.py took 0.077 seconds
[2024-12-18T15:57:04.724+0000] {processor.py:186} INFO - Started process (PID=4899) to work on /home/ubuntu/demo8/lib/python3.12/site-packages/airflow/example_dags/example_xcomargs.py
[2024-12-18T15:57:04.726+0000] {processor.py:914} INFO - Processing file /home/ubuntu/demo8/lib/python3.12/site-packages/airflow/example_dags/example_xcomargs.py for tasks to queue
[2024-12-18T15:57:04.728+0000] {logging_mixin.py:190} INFO - [2024-12-18T15:57:04.727+0000] {dagbag.py:588} INFO - Filling up the DagBag from /home/ubuntu/demo8/lib/python3.12/site-packages/airflow/example_dags/example_xcomargs.py
[2024-12-18T15:57:04.740+0000] {processor.py:925} INFO - DAG(s) 'example_xcom_args', 'example_xcom_args_with_operators' retrieved from /home/ubuntu/demo8/lib/python3.12/site-packages/airflow/example_dags/example_xcomargs.py
[2024-12-18T15:57:04.767+0000] {logging_mixin.py:190} INFO - [2024-12-18T15:57:04.767+0000] {dag.py:3239} INFO - Sync 2 DAGs
[2024-12-18T15:57:04.780+0000] {logging_mixin.py:190} INFO - [2024-12-18T15:57:04.780+0000] {dag.py:4180} INFO - Setting next_dagrun for example_xcom_args to None, run_after=None
[2024-12-18T15:57:04.784+0000] {logging_mixin.py:190} INFO - [2024-12-18T15:57:04.784+0000] {dag.py:4180} INFO - Setting next_dagrun for example_xcom_args_with_operators to None, run_after=None
[2024-12-18T15:57:04.806+0000] {processor.py:208} INFO - Processing /home/ubuntu/demo8/lib/python3.12/site-packages/airflow/example_dags/example_xcomargs.py took 0.088 seconds
[2024-12-18T15:58:01.677+0000] {processor.py:186} INFO - Started process (PID=4957) to work on /home/ubuntu/demo8/lib/python3.12/site-packages/airflow/example_dags/example_xcomargs.py
[2024-12-18T15:58:01.678+0000] {processor.py:914} INFO - Processing file /home/ubuntu/demo8/lib/python3.12/site-packages/airflow/example_dags/example_xcomargs.py for tasks to queue
[2024-12-18T15:58:01.681+0000] {logging_mixin.py:190} INFO - [2024-12-18T15:58:01.680+0000] {dagbag.py:588} INFO - Filling up the DagBag from /home/ubuntu/demo8/lib/python3.12/site-packages/airflow/example_dags/example_xcomargs.py
[2024-12-18T15:58:01.692+0000] {processor.py:925} INFO - DAG(s) 'example_xcom_args_with_operators', 'example_xcom_args' retrieved from /home/ubuntu/demo8/lib/python3.12/site-packages/airflow/example_dags/example_xcomargs.py
[2024-12-18T15:58:01.712+0000] {logging_mixin.py:190} INFO - [2024-12-18T15:58:01.711+0000] {dag.py:3239} INFO - Sync 2 DAGs
[2024-12-18T15:58:01.725+0000] {logging_mixin.py:190} INFO - [2024-12-18T15:58:01.725+0000] {dag.py:4180} INFO - Setting next_dagrun for example_xcom_args to None, run_after=None
[2024-12-18T15:58:01.729+0000] {logging_mixin.py:190} INFO - [2024-12-18T15:58:01.729+0000] {dag.py:4180} INFO - Setting next_dagrun for example_xcom_args_with_operators to None, run_after=None
[2024-12-18T15:58:01.750+0000] {processor.py:208} INFO - Processing /home/ubuntu/demo8/lib/python3.12/site-packages/airflow/example_dags/example_xcomargs.py took 0.079 seconds
[2024-12-18T15:58:54.432+0000] {processor.py:186} INFO - Started process (PID=5012) to work on /home/ubuntu/demo8/lib/python3.12/site-packages/airflow/example_dags/example_xcomargs.py
[2024-12-18T15:58:54.433+0000] {processor.py:914} INFO - Processing file /home/ubuntu/demo8/lib/python3.12/site-packages/airflow/example_dags/example_xcomargs.py for tasks to queue
[2024-12-18T15:58:54.436+0000] {logging_mixin.py:190} INFO - [2024-12-18T15:58:54.436+0000] {dagbag.py:588} INFO - Filling up the DagBag from /home/ubuntu/demo8/lib/python3.12/site-packages/airflow/example_dags/example_xcomargs.py
[2024-12-18T15:58:54.447+0000] {processor.py:925} INFO - DAG(s) 'example_xcom_args_with_operators', 'example_xcom_args' retrieved from /home/ubuntu/demo8/lib/python3.12/site-packages/airflow/example_dags/example_xcomargs.py
[2024-12-18T15:58:54.468+0000] {logging_mixin.py:190} INFO - [2024-12-18T15:58:54.468+0000] {dag.py:3239} INFO - Sync 2 DAGs
[2024-12-18T15:58:54.482+0000] {logging_mixin.py:190} INFO - [2024-12-18T15:58:54.482+0000] {dag.py:4180} INFO - Setting next_dagrun for example_xcom_args to None, run_after=None
[2024-12-18T15:58:54.485+0000] {logging_mixin.py:190} INFO - [2024-12-18T15:58:54.485+0000] {dag.py:4180} INFO - Setting next_dagrun for example_xcom_args_with_operators to None, run_after=None
[2024-12-18T15:58:54.506+0000] {processor.py:208} INFO - Processing /home/ubuntu/demo8/lib/python3.12/site-packages/airflow/example_dags/example_xcomargs.py took 0.080 seconds
[2024-12-18T16:00:03.539+0000] {processor.py:186} INFO - Started process (PID=5080) to work on /home/ubuntu/demo8/lib/python3.12/site-packages/airflow/example_dags/example_xcomargs.py
[2024-12-18T16:00:03.540+0000] {processor.py:914} INFO - Processing file /home/ubuntu/demo8/lib/python3.12/site-packages/airflow/example_dags/example_xcomargs.py for tasks to queue
[2024-12-18T16:00:03.542+0000] {logging_mixin.py:190} INFO - [2024-12-18T16:00:03.542+0000] {dagbag.py:588} INFO - Filling up the DagBag from /home/ubuntu/demo8/lib/python3.12/site-packages/airflow/example_dags/example_xcomargs.py
[2024-12-18T16:00:03.554+0000] {processor.py:925} INFO - DAG(s) 'example_xcom_args', 'example_xcom_args_with_operators' retrieved from /home/ubuntu/demo8/lib/python3.12/site-packages/airflow/example_dags/example_xcomargs.py
[2024-12-18T16:00:03.582+0000] {logging_mixin.py:190} INFO - [2024-12-18T16:00:03.582+0000] {dag.py:3239} INFO - Sync 2 DAGs
[2024-12-18T16:00:03.596+0000] {logging_mixin.py:190} INFO - [2024-12-18T16:00:03.596+0000] {dag.py:4180} INFO - Setting next_dagrun for example_xcom_args to None, run_after=None
[2024-12-18T16:00:03.600+0000] {logging_mixin.py:190} INFO - [2024-12-18T16:00:03.599+0000] {dag.py:4180} INFO - Setting next_dagrun for example_xcom_args_with_operators to None, run_after=None
[2024-12-18T16:00:03.621+0000] {processor.py:208} INFO - Processing /home/ubuntu/demo8/lib/python3.12/site-packages/airflow/example_dags/example_xcomargs.py took 0.088 seconds
[2024-12-18T16:01:00.485+0000] {processor.py:186} INFO - Started process (PID=5142) to work on /home/ubuntu/demo8/lib/python3.12/site-packages/airflow/example_dags/example_xcomargs.py
[2024-12-18T16:01:00.486+0000] {processor.py:914} INFO - Processing file /home/ubuntu/demo8/lib/python3.12/site-packages/airflow/example_dags/example_xcomargs.py for tasks to queue
[2024-12-18T16:01:00.489+0000] {logging_mixin.py:190} INFO - [2024-12-18T16:01:00.488+0000] {dagbag.py:588} INFO - Filling up the DagBag from /home/ubuntu/demo8/lib/python3.12/site-packages/airflow/example_dags/example_xcomargs.py
[2024-12-18T16:01:00.500+0000] {processor.py:925} INFO - DAG(s) 'example_xcom_args_with_operators', 'example_xcom_args' retrieved from /home/ubuntu/demo8/lib/python3.12/site-packages/airflow/example_dags/example_xcomargs.py
[2024-12-18T16:01:00.520+0000] {logging_mixin.py:190} INFO - [2024-12-18T16:01:00.520+0000] {dag.py:3239} INFO - Sync 2 DAGs
[2024-12-18T16:01:00.534+0000] {logging_mixin.py:190} INFO - [2024-12-18T16:01:00.533+0000] {dag.py:4180} INFO - Setting next_dagrun for example_xcom_args to None, run_after=None
[2024-12-18T16:01:00.537+0000] {logging_mixin.py:190} INFO - [2024-12-18T16:01:00.537+0000] {dag.py:4180} INFO - Setting next_dagrun for example_xcom_args_with_operators to None, run_after=None
[2024-12-18T16:01:00.558+0000] {processor.py:208} INFO - Processing /home/ubuntu/demo8/lib/python3.12/site-packages/airflow/example_dags/example_xcomargs.py took 0.079 seconds
[2024-12-18T16:01:53.149+0000] {processor.py:186} INFO - Started process (PID=5198) to work on /home/ubuntu/demo8/lib/python3.12/site-packages/airflow/example_dags/example_xcomargs.py
[2024-12-18T16:01:53.151+0000] {processor.py:914} INFO - Processing file /home/ubuntu/demo8/lib/python3.12/site-packages/airflow/example_dags/example_xcomargs.py for tasks to queue
[2024-12-18T16:01:53.153+0000] {logging_mixin.py:190} INFO - [2024-12-18T16:01:53.153+0000] {dagbag.py:588} INFO - Filling up the DagBag from /home/ubuntu/demo8/lib/python3.12/site-packages/airflow/example_dags/example_xcomargs.py
[2024-12-18T16:01:53.165+0000] {processor.py:925} INFO - DAG(s) 'example_xcom_args', 'example_xcom_args_with_operators' retrieved from /home/ubuntu/demo8/lib/python3.12/site-packages/airflow/example_dags/example_xcomargs.py
[2024-12-18T16:01:53.184+0000] {logging_mixin.py:190} INFO - [2024-12-18T16:01:53.184+0000] {dag.py:3239} INFO - Sync 2 DAGs
[2024-12-18T16:01:53.198+0000] {logging_mixin.py:190} INFO - [2024-12-18T16:01:53.198+0000] {dag.py:4180} INFO - Setting next_dagrun for example_xcom_args to None, run_after=None
[2024-12-18T16:01:53.201+0000] {logging_mixin.py:190} INFO - [2024-12-18T16:01:53.201+0000] {dag.py:4180} INFO - Setting next_dagrun for example_xcom_args_with_operators to None, run_after=None
[2024-12-18T16:01:53.221+0000] {processor.py:208} INFO - Processing /home/ubuntu/demo8/lib/python3.12/site-packages/airflow/example_dags/example_xcomargs.py took 0.078 seconds
[2024-12-18T16:02:48.224+0000] {processor.py:186} INFO - Started process (PID=5253) to work on /home/ubuntu/demo8/lib/python3.12/site-packages/airflow/example_dags/example_xcomargs.py
[2024-12-18T16:02:48.226+0000] {processor.py:914} INFO - Processing file /home/ubuntu/demo8/lib/python3.12/site-packages/airflow/example_dags/example_xcomargs.py for tasks to queue
[2024-12-18T16:02:48.228+0000] {logging_mixin.py:190} INFO - [2024-12-18T16:02:48.228+0000] {dagbag.py:588} INFO - Filling up the DagBag from /home/ubuntu/demo8/lib/python3.12/site-packages/airflow/example_dags/example_xcomargs.py
[2024-12-18T16:02:48.240+0000] {processor.py:925} INFO - DAG(s) 'example_xcom_args_with_operators', 'example_xcom_args' retrieved from /home/ubuntu/demo8/lib/python3.12/site-packages/airflow/example_dags/example_xcomargs.py
[2024-12-18T16:02:48.260+0000] {logging_mixin.py:190} INFO - [2024-12-18T16:02:48.259+0000] {dag.py:3239} INFO - Sync 2 DAGs
[2024-12-18T16:02:48.274+0000] {logging_mixin.py:190} INFO - [2024-12-18T16:02:48.273+0000] {dag.py:4180} INFO - Setting next_dagrun for example_xcom_args to None, run_after=None
[2024-12-18T16:02:48.277+0000] {logging_mixin.py:190} INFO - [2024-12-18T16:02:48.277+0000] {dag.py:4180} INFO - Setting next_dagrun for example_xcom_args_with_operators to None, run_after=None
[2024-12-18T16:02:48.297+0000] {processor.py:208} INFO - Processing /home/ubuntu/demo8/lib/python3.12/site-packages/airflow/example_dags/example_xcomargs.py took 0.079 seconds
[2024-12-18T16:03:41.636+0000] {processor.py:186} INFO - Started process (PID=5308) to work on /home/ubuntu/demo8/lib/python3.12/site-packages/airflow/example_dags/example_xcomargs.py
[2024-12-18T16:03:41.638+0000] {processor.py:914} INFO - Processing file /home/ubuntu/demo8/lib/python3.12/site-packages/airflow/example_dags/example_xcomargs.py for tasks to queue
[2024-12-18T16:03:41.641+0000] {logging_mixin.py:190} INFO - [2024-12-18T16:03:41.640+0000] {dagbag.py:588} INFO - Filling up the DagBag from /home/ubuntu/demo8/lib/python3.12/site-packages/airflow/example_dags/example_xcomargs.py
[2024-12-18T16:03:41.652+0000] {processor.py:925} INFO - DAG(s) 'example_xcom_args_with_operators', 'example_xcom_args' retrieved from /home/ubuntu/demo8/lib/python3.12/site-packages/airflow/example_dags/example_xcomargs.py
[2024-12-18T16:03:41.672+0000] {logging_mixin.py:190} INFO - [2024-12-18T16:03:41.671+0000] {dag.py:3239} INFO - Sync 2 DAGs
[2024-12-18T16:03:41.685+0000] {logging_mixin.py:190} INFO - [2024-12-18T16:03:41.685+0000] {dag.py:4180} INFO - Setting next_dagrun for example_xcom_args to None, run_after=None
[2024-12-18T16:03:41.689+0000] {logging_mixin.py:190} INFO - [2024-12-18T16:03:41.689+0000] {dag.py:4180} INFO - Setting next_dagrun for example_xcom_args_with_operators to None, run_after=None
[2024-12-18T16:03:41.709+0000] {processor.py:208} INFO - Processing /home/ubuntu/demo8/lib/python3.12/site-packages/airflow/example_dags/example_xcomargs.py took 0.078 seconds
[2024-12-18T20:29:30.139+0000] {processor.py:186} INFO - Started process (PID=2735) to work on /home/ubuntu/demo8/lib/python3.12/site-packages/airflow/example_dags/example_xcomargs.py
[2024-12-18T20:29:30.142+0000] {processor.py:914} INFO - Processing file /home/ubuntu/demo8/lib/python3.12/site-packages/airflow/example_dags/example_xcomargs.py for tasks to queue
[2024-12-18T20:29:30.144+0000] {logging_mixin.py:190} INFO - [2024-12-18T20:29:30.143+0000] {dagbag.py:588} INFO - Filling up the DagBag from /home/ubuntu/demo8/lib/python3.12/site-packages/airflow/example_dags/example_xcomargs.py
[2024-12-18T20:29:30.156+0000] {processor.py:925} INFO - DAG(s) 'example_xcom_args', 'example_xcom_args_with_operators' retrieved from /home/ubuntu/demo8/lib/python3.12/site-packages/airflow/example_dags/example_xcomargs.py
[2024-12-18T20:29:30.183+0000] {logging_mixin.py:190} INFO - [2024-12-18T20:29:30.183+0000] {dag.py:3239} INFO - Sync 2 DAGs
[2024-12-18T20:29:30.197+0000] {logging_mixin.py:190} INFO - [2024-12-18T20:29:30.197+0000] {dag.py:4180} INFO - Setting next_dagrun for example_xcom_args to None, run_after=None
[2024-12-18T20:29:30.201+0000] {logging_mixin.py:190} INFO - [2024-12-18T20:29:30.200+0000] {dag.py:4180} INFO - Setting next_dagrun for example_xcom_args_with_operators to None, run_after=None
[2024-12-18T20:29:30.222+0000] {processor.py:208} INFO - Processing /home/ubuntu/demo8/lib/python3.12/site-packages/airflow/example_dags/example_xcomargs.py took 0.089 seconds
[2024-12-18T20:30:27.518+0000] {processor.py:186} INFO - Started process (PID=2919) to work on /home/ubuntu/demo8/lib/python3.12/site-packages/airflow/example_dags/example_xcomargs.py
[2024-12-18T20:30:27.519+0000] {processor.py:914} INFO - Processing file /home/ubuntu/demo8/lib/python3.12/site-packages/airflow/example_dags/example_xcomargs.py for tasks to queue
[2024-12-18T20:30:27.522+0000] {logging_mixin.py:190} INFO - [2024-12-18T20:30:27.522+0000] {dagbag.py:588} INFO - Filling up the DagBag from /home/ubuntu/demo8/lib/python3.12/site-packages/airflow/example_dags/example_xcomargs.py
[2024-12-18T20:30:27.533+0000] {processor.py:925} INFO - DAG(s) 'example_xcom_args_with_operators', 'example_xcom_args' retrieved from /home/ubuntu/demo8/lib/python3.12/site-packages/airflow/example_dags/example_xcomargs.py
[2024-12-18T20:30:27.554+0000] {logging_mixin.py:190} INFO - [2024-12-18T20:30:27.554+0000] {dag.py:3239} INFO - Sync 2 DAGs
[2024-12-18T20:30:27.570+0000] {logging_mixin.py:190} INFO - [2024-12-18T20:30:27.570+0000] {dag.py:4180} INFO - Setting next_dagrun for example_xcom_args to None, run_after=None
[2024-12-18T20:30:27.578+0000] {logging_mixin.py:190} INFO - [2024-12-18T20:30:27.577+0000] {dag.py:4180} INFO - Setting next_dagrun for example_xcom_args_with_operators to None, run_after=None
[2024-12-18T20:30:27.605+0000] {processor.py:208} INFO - Processing /home/ubuntu/demo8/lib/python3.12/site-packages/airflow/example_dags/example_xcomargs.py took 0.093 seconds
[2024-12-18T20:31:23.609+0000] {processor.py:186} INFO - Started process (PID=3134) to work on /home/ubuntu/demo8/lib/python3.12/site-packages/airflow/example_dags/example_xcomargs.py
[2024-12-18T20:31:23.611+0000] {processor.py:914} INFO - Processing file /home/ubuntu/demo8/lib/python3.12/site-packages/airflow/example_dags/example_xcomargs.py for tasks to queue
[2024-12-18T20:31:23.614+0000] {logging_mixin.py:190} INFO - [2024-12-18T20:31:23.614+0000] {dagbag.py:588} INFO - Filling up the DagBag from /home/ubuntu/demo8/lib/python3.12/site-packages/airflow/example_dags/example_xcomargs.py
[2024-12-18T20:31:23.625+0000] {processor.py:925} INFO - DAG(s) 'example_xcom_args_with_operators', 'example_xcom_args' retrieved from /home/ubuntu/demo8/lib/python3.12/site-packages/airflow/example_dags/example_xcomargs.py
[2024-12-18T20:31:23.645+0000] {logging_mixin.py:190} INFO - [2024-12-18T20:31:23.645+0000] {dag.py:3239} INFO - Sync 2 DAGs
[2024-12-18T20:31:23.660+0000] {logging_mixin.py:190} INFO - [2024-12-18T20:31:23.660+0000] {dag.py:4180} INFO - Setting next_dagrun for example_xcom_args to None, run_after=None
[2024-12-18T20:31:23.664+0000] {logging_mixin.py:190} INFO - [2024-12-18T20:31:23.664+0000] {dag.py:4180} INFO - Setting next_dagrun for example_xcom_args_with_operators to None, run_after=None
[2024-12-18T20:31:23.684+0000] {processor.py:208} INFO - Processing /home/ubuntu/demo8/lib/python3.12/site-packages/airflow/example_dags/example_xcomargs.py took 0.081 seconds
[2024-12-18T20:32:18.566+0000] {processor.py:186} INFO - Started process (PID=3325) to work on /home/ubuntu/demo8/lib/python3.12/site-packages/airflow/example_dags/example_xcomargs.py
[2024-12-18T20:32:18.568+0000] {processor.py:914} INFO - Processing file /home/ubuntu/demo8/lib/python3.12/site-packages/airflow/example_dags/example_xcomargs.py for tasks to queue
[2024-12-18T20:32:18.571+0000] {logging_mixin.py:190} INFO - [2024-12-18T20:32:18.570+0000] {dagbag.py:588} INFO - Filling up the DagBag from /home/ubuntu/demo8/lib/python3.12/site-packages/airflow/example_dags/example_xcomargs.py
[2024-12-18T20:32:18.582+0000] {processor.py:925} INFO - DAG(s) 'example_xcom_args_with_operators', 'example_xcom_args' retrieved from /home/ubuntu/demo8/lib/python3.12/site-packages/airflow/example_dags/example_xcomargs.py
[2024-12-18T20:32:18.602+0000] {logging_mixin.py:190} INFO - [2024-12-18T20:32:18.602+0000] {dag.py:3239} INFO - Sync 2 DAGs
[2024-12-18T20:32:18.615+0000] {logging_mixin.py:190} INFO - [2024-12-18T20:32:18.615+0000] {dag.py:4180} INFO - Setting next_dagrun for example_xcom_args to None, run_after=None
[2024-12-18T20:32:18.619+0000] {logging_mixin.py:190} INFO - [2024-12-18T20:32:18.619+0000] {dag.py:4180} INFO - Setting next_dagrun for example_xcom_args_with_operators to None, run_after=None
[2024-12-18T20:32:18.639+0000] {processor.py:208} INFO - Processing /home/ubuntu/demo8/lib/python3.12/site-packages/airflow/example_dags/example_xcomargs.py took 0.079 seconds
[2024-12-18T20:33:15.182+0000] {processor.py:186} INFO - Started process (PID=3445) to work on /home/ubuntu/demo8/lib/python3.12/site-packages/airflow/example_dags/example_xcomargs.py
[2024-12-18T20:33:15.184+0000] {processor.py:914} INFO - Processing file /home/ubuntu/demo8/lib/python3.12/site-packages/airflow/example_dags/example_xcomargs.py for tasks to queue
[2024-12-18T20:33:15.186+0000] {logging_mixin.py:190} INFO - [2024-12-18T20:33:15.186+0000] {dagbag.py:588} INFO - Filling up the DagBag from /home/ubuntu/demo8/lib/python3.12/site-packages/airflow/example_dags/example_xcomargs.py
[2024-12-18T20:33:15.198+0000] {processor.py:925} INFO - DAG(s) 'example_xcom_args_with_operators', 'example_xcom_args' retrieved from /home/ubuntu/demo8/lib/python3.12/site-packages/airflow/example_dags/example_xcomargs.py
[2024-12-18T20:33:15.217+0000] {logging_mixin.py:190} INFO - [2024-12-18T20:33:15.217+0000] {dag.py:3239} INFO - Sync 2 DAGs
[2024-12-18T20:33:15.231+0000] {logging_mixin.py:190} INFO - [2024-12-18T20:33:15.230+0000] {dag.py:4180} INFO - Setting next_dagrun for example_xcom_args to None, run_after=None
[2024-12-18T20:33:15.234+0000] {logging_mixin.py:190} INFO - [2024-12-18T20:33:15.234+0000] {dag.py:4180} INFO - Setting next_dagrun for example_xcom_args_with_operators to None, run_after=None
[2024-12-18T20:33:15.254+0000] {processor.py:208} INFO - Processing /home/ubuntu/demo8/lib/python3.12/site-packages/airflow/example_dags/example_xcomargs.py took 0.078 seconds
[2024-12-18T20:34:12.868+0000] {processor.py:186} INFO - Started process (PID=3561) to work on /home/ubuntu/demo8/lib/python3.12/site-packages/airflow/example_dags/example_xcomargs.py
[2024-12-18T20:34:12.870+0000] {processor.py:914} INFO - Processing file /home/ubuntu/demo8/lib/python3.12/site-packages/airflow/example_dags/example_xcomargs.py for tasks to queue
[2024-12-18T20:34:12.873+0000] {logging_mixin.py:190} INFO - [2024-12-18T20:34:12.873+0000] {dagbag.py:588} INFO - Filling up the DagBag from /home/ubuntu/demo8/lib/python3.12/site-packages/airflow/example_dags/example_xcomargs.py
[2024-12-18T20:34:12.885+0000] {processor.py:925} INFO - DAG(s) 'example_xcom_args_with_operators', 'example_xcom_args' retrieved from /home/ubuntu/demo8/lib/python3.12/site-packages/airflow/example_dags/example_xcomargs.py
[2024-12-18T20:34:12.905+0000] {logging_mixin.py:190} INFO - [2024-12-18T20:34:12.905+0000] {dag.py:3239} INFO - Sync 2 DAGs
[2024-12-18T20:34:13.049+0000] {logging_mixin.py:190} INFO - [2024-12-18T20:34:13.048+0000] {dag.py:4180} INFO - Setting next_dagrun for example_xcom_args to None, run_after=None
[2024-12-18T20:34:13.052+0000] {logging_mixin.py:190} INFO - [2024-12-18T20:34:13.052+0000] {dag.py:4180} INFO - Setting next_dagrun for example_xcom_args_with_operators to None, run_after=None
[2024-12-18T20:34:13.072+0000] {processor.py:208} INFO - Processing /home/ubuntu/demo8/lib/python3.12/site-packages/airflow/example_dags/example_xcomargs.py took 0.210 seconds
[2024-12-18T20:35:17.750+0000] {processor.py:186} INFO - Started process (PID=3811) to work on /home/ubuntu/demo8/lib/python3.12/site-packages/airflow/example_dags/example_xcomargs.py
[2024-12-18T20:35:17.751+0000] {processor.py:914} INFO - Processing file /home/ubuntu/demo8/lib/python3.12/site-packages/airflow/example_dags/example_xcomargs.py for tasks to queue
[2024-12-18T20:35:17.754+0000] {logging_mixin.py:190} INFO - [2024-12-18T20:35:17.754+0000] {dagbag.py:588} INFO - Filling up the DagBag from /home/ubuntu/demo8/lib/python3.12/site-packages/airflow/example_dags/example_xcomargs.py
[2024-12-18T20:35:17.766+0000] {processor.py:925} INFO - DAG(s) 'example_xcom_args', 'example_xcom_args_with_operators' retrieved from /home/ubuntu/demo8/lib/python3.12/site-packages/airflow/example_dags/example_xcomargs.py
[2024-12-18T20:35:17.787+0000] {logging_mixin.py:190} INFO - [2024-12-18T20:35:17.787+0000] {dag.py:3239} INFO - Sync 2 DAGs
[2024-12-18T20:35:17.804+0000] {logging_mixin.py:190} INFO - [2024-12-18T20:35:17.804+0000] {dag.py:4180} INFO - Setting next_dagrun for example_xcom_args to None, run_after=None
[2024-12-18T20:35:17.808+0000] {logging_mixin.py:190} INFO - [2024-12-18T20:35:17.808+0000] {dag.py:4180} INFO - Setting next_dagrun for example_xcom_args_with_operators to None, run_after=None
[2024-12-18T20:35:17.830+0000] {processor.py:208} INFO - Processing /home/ubuntu/demo8/lib/python3.12/site-packages/airflow/example_dags/example_xcomargs.py took 0.087 seconds
[2024-12-18T20:36:16.081+0000] {processor.py:186} INFO - Started process (PID=3896) to work on /home/ubuntu/demo8/lib/python3.12/site-packages/airflow/example_dags/example_xcomargs.py
[2024-12-18T20:36:16.082+0000] {processor.py:914} INFO - Processing file /home/ubuntu/demo8/lib/python3.12/site-packages/airflow/example_dags/example_xcomargs.py for tasks to queue
[2024-12-18T20:36:16.085+0000] {logging_mixin.py:190} INFO - [2024-12-18T20:36:16.085+0000] {dagbag.py:588} INFO - Filling up the DagBag from /home/ubuntu/demo8/lib/python3.12/site-packages/airflow/example_dags/example_xcomargs.py
[2024-12-18T20:36:16.097+0000] {processor.py:925} INFO - DAG(s) 'example_xcom_args_with_operators', 'example_xcom_args' retrieved from /home/ubuntu/demo8/lib/python3.12/site-packages/airflow/example_dags/example_xcomargs.py
[2024-12-18T20:36:16.117+0000] {logging_mixin.py:190} INFO - [2024-12-18T20:36:16.117+0000] {dag.py:3239} INFO - Sync 2 DAGs
[2024-12-18T20:36:16.133+0000] {logging_mixin.py:190} INFO - [2024-12-18T20:36:16.133+0000] {dag.py:4180} INFO - Setting next_dagrun for example_xcom_args to None, run_after=None
[2024-12-18T20:36:16.137+0000] {logging_mixin.py:190} INFO - [2024-12-18T20:36:16.136+0000] {dag.py:4180} INFO - Setting next_dagrun for example_xcom_args_with_operators to None, run_after=None
[2024-12-18T20:36:16.157+0000] {processor.py:208} INFO - Processing /home/ubuntu/demo8/lib/python3.12/site-packages/airflow/example_dags/example_xcomargs.py took 0.082 seconds
[2024-12-18T20:37:12.393+0000] {processor.py:186} INFO - Started process (PID=3991) to work on /home/ubuntu/demo8/lib/python3.12/site-packages/airflow/example_dags/example_xcomargs.py
[2024-12-18T20:37:12.394+0000] {processor.py:914} INFO - Processing file /home/ubuntu/demo8/lib/python3.12/site-packages/airflow/example_dags/example_xcomargs.py for tasks to queue
[2024-12-18T20:37:12.397+0000] {logging_mixin.py:190} INFO - [2024-12-18T20:37:12.397+0000] {dagbag.py:588} INFO - Filling up the DagBag from /home/ubuntu/demo8/lib/python3.12/site-packages/airflow/example_dags/example_xcomargs.py
[2024-12-18T20:37:12.409+0000] {processor.py:925} INFO - DAG(s) 'example_xcom_args_with_operators', 'example_xcom_args' retrieved from /home/ubuntu/demo8/lib/python3.12/site-packages/airflow/example_dags/example_xcomargs.py
[2024-12-18T20:37:12.429+0000] {logging_mixin.py:190} INFO - [2024-12-18T20:37:12.429+0000] {dag.py:3239} INFO - Sync 2 DAGs
[2024-12-18T20:37:12.443+0000] {logging_mixin.py:190} INFO - [2024-12-18T20:37:12.443+0000] {dag.py:4180} INFO - Setting next_dagrun for example_xcom_args to None, run_after=None
[2024-12-18T20:37:12.447+0000] {logging_mixin.py:190} INFO - [2024-12-18T20:37:12.446+0000] {dag.py:4180} INFO - Setting next_dagrun for example_xcom_args_with_operators to None, run_after=None
[2024-12-18T20:37:12.467+0000] {processor.py:208} INFO - Processing /home/ubuntu/demo8/lib/python3.12/site-packages/airflow/example_dags/example_xcomargs.py took 0.081 seconds
[2024-12-18T20:38:07.763+0000] {processor.py:186} INFO - Started process (PID=4106) to work on /home/ubuntu/demo8/lib/python3.12/site-packages/airflow/example_dags/example_xcomargs.py
[2024-12-18T20:38:07.765+0000] {processor.py:914} INFO - Processing file /home/ubuntu/demo8/lib/python3.12/site-packages/airflow/example_dags/example_xcomargs.py for tasks to queue
[2024-12-18T20:38:07.768+0000] {logging_mixin.py:190} INFO - [2024-12-18T20:38:07.768+0000] {dagbag.py:588} INFO - Filling up the DagBag from /home/ubuntu/demo8/lib/python3.12/site-packages/airflow/example_dags/example_xcomargs.py
[2024-12-18T20:38:07.780+0000] {processor.py:925} INFO - DAG(s) 'example_xcom_args', 'example_xcom_args_with_operators' retrieved from /home/ubuntu/demo8/lib/python3.12/site-packages/airflow/example_dags/example_xcomargs.py
[2024-12-18T20:38:07.800+0000] {logging_mixin.py:190} INFO - [2024-12-18T20:38:07.799+0000] {dag.py:3239} INFO - Sync 2 DAGs
[2024-12-18T20:38:07.818+0000] {logging_mixin.py:190} INFO - [2024-12-18T20:38:07.818+0000] {dag.py:4180} INFO - Setting next_dagrun for example_xcom_args to None, run_after=None
[2024-12-18T20:38:07.826+0000] {logging_mixin.py:190} INFO - [2024-12-18T20:38:07.826+0000] {dag.py:4180} INFO - Setting next_dagrun for example_xcom_args_with_operators to None, run_after=None
[2024-12-18T20:38:07.849+0000] {processor.py:208} INFO - Processing /home/ubuntu/demo8/lib/python3.12/site-packages/airflow/example_dags/example_xcomargs.py took 0.091 seconds
[2024-12-18T20:39:03.979+0000] {processor.py:186} INFO - Started process (PID=4225) to work on /home/ubuntu/demo8/lib/python3.12/site-packages/airflow/example_dags/example_xcomargs.py
[2024-12-18T20:39:03.980+0000] {processor.py:914} INFO - Processing file /home/ubuntu/demo8/lib/python3.12/site-packages/airflow/example_dags/example_xcomargs.py for tasks to queue
[2024-12-18T20:39:03.983+0000] {logging_mixin.py:190} INFO - [2024-12-18T20:39:03.983+0000] {dagbag.py:588} INFO - Filling up the DagBag from /home/ubuntu/demo8/lib/python3.12/site-packages/airflow/example_dags/example_xcomargs.py
[2024-12-18T20:39:04.003+0000] {processor.py:925} INFO - DAG(s) 'example_xcom_args_with_operators', 'example_xcom_args' retrieved from /home/ubuntu/demo8/lib/python3.12/site-packages/airflow/example_dags/example_xcomargs.py
[2024-12-18T20:39:04.023+0000] {logging_mixin.py:190} INFO - [2024-12-18T20:39:04.023+0000] {dag.py:3239} INFO - Sync 2 DAGs
[2024-12-18T20:39:04.038+0000] {logging_mixin.py:190} INFO - [2024-12-18T20:39:04.037+0000] {dag.py:4180} INFO - Setting next_dagrun for example_xcom_args to None, run_after=None
[2024-12-18T20:39:04.041+0000] {logging_mixin.py:190} INFO - [2024-12-18T20:39:04.041+0000] {dag.py:4180} INFO - Setting next_dagrun for example_xcom_args_with_operators to None, run_after=None
[2024-12-18T20:39:04.062+0000] {processor.py:208} INFO - Processing /home/ubuntu/demo8/lib/python3.12/site-packages/airflow/example_dags/example_xcomargs.py took 0.090 seconds
[2024-12-18T20:39:59.551+0000] {processor.py:186} INFO - Started process (PID=4402) to work on /home/ubuntu/demo8/lib/python3.12/site-packages/airflow/example_dags/example_xcomargs.py
[2024-12-18T20:39:59.552+0000] {processor.py:914} INFO - Processing file /home/ubuntu/demo8/lib/python3.12/site-packages/airflow/example_dags/example_xcomargs.py for tasks to queue
[2024-12-18T20:39:59.556+0000] {logging_mixin.py:190} INFO - [2024-12-18T20:39:59.556+0000] {dagbag.py:588} INFO - Filling up the DagBag from /home/ubuntu/demo8/lib/python3.12/site-packages/airflow/example_dags/example_xcomargs.py
[2024-12-18T20:39:59.569+0000] {processor.py:925} INFO - DAG(s) 'example_xcom_args', 'example_xcom_args_with_operators' retrieved from /home/ubuntu/demo8/lib/python3.12/site-packages/airflow/example_dags/example_xcomargs.py
[2024-12-18T20:39:59.589+0000] {logging_mixin.py:190} INFO - [2024-12-18T20:39:59.589+0000] {dag.py:3239} INFO - Sync 2 DAGs
[2024-12-18T20:39:59.603+0000] {logging_mixin.py:190} INFO - [2024-12-18T20:39:59.603+0000] {dag.py:4180} INFO - Setting next_dagrun for example_xcom_args to None, run_after=None
[2024-12-18T20:39:59.607+0000] {logging_mixin.py:190} INFO - [2024-12-18T20:39:59.607+0000] {dag.py:4180} INFO - Setting next_dagrun for example_xcom_args_with_operators to None, run_after=None
[2024-12-18T20:39:59.628+0000] {processor.py:208} INFO - Processing /home/ubuntu/demo8/lib/python3.12/site-packages/airflow/example_dags/example_xcomargs.py took 0.083 seconds
[2024-12-18T20:40:56.907+0000] {processor.py:186} INFO - Started process (PID=4539) to work on /home/ubuntu/demo8/lib/python3.12/site-packages/airflow/example_dags/example_xcomargs.py
[2024-12-18T20:40:56.909+0000] {processor.py:914} INFO - Processing file /home/ubuntu/demo8/lib/python3.12/site-packages/airflow/example_dags/example_xcomargs.py for tasks to queue
[2024-12-18T20:40:56.912+0000] {logging_mixin.py:190} INFO - [2024-12-18T20:40:56.911+0000] {dagbag.py:588} INFO - Filling up the DagBag from /home/ubuntu/demo8/lib/python3.12/site-packages/airflow/example_dags/example_xcomargs.py
[2024-12-18T20:40:56.924+0000] {processor.py:925} INFO - DAG(s) 'example_xcom_args_with_operators', 'example_xcom_args' retrieved from /home/ubuntu/demo8/lib/python3.12/site-packages/airflow/example_dags/example_xcomargs.py
[2024-12-18T20:40:56.944+0000] {logging_mixin.py:190} INFO - [2024-12-18T20:40:56.943+0000] {dag.py:3239} INFO - Sync 2 DAGs
[2024-12-18T20:40:56.958+0000] {logging_mixin.py:190} INFO - [2024-12-18T20:40:56.958+0000] {dag.py:4180} INFO - Setting next_dagrun for example_xcom_args to None, run_after=None
[2024-12-18T20:40:56.962+0000] {logging_mixin.py:190} INFO - [2024-12-18T20:40:56.962+0000] {dag.py:4180} INFO - Setting next_dagrun for example_xcom_args_with_operators to None, run_after=None
[2024-12-18T20:40:56.983+0000] {processor.py:208} INFO - Processing /home/ubuntu/demo8/lib/python3.12/site-packages/airflow/example_dags/example_xcomargs.py took 0.082 seconds
[2024-12-18T20:41:49.394+0000] {processor.py:186} INFO - Started process (PID=4658) to work on /home/ubuntu/demo8/lib/python3.12/site-packages/airflow/example_dags/example_xcomargs.py
[2024-12-18T20:41:49.396+0000] {processor.py:914} INFO - Processing file /home/ubuntu/demo8/lib/python3.12/site-packages/airflow/example_dags/example_xcomargs.py for tasks to queue
[2024-12-18T20:41:49.399+0000] {logging_mixin.py:190} INFO - [2024-12-18T20:41:49.398+0000] {dagbag.py:588} INFO - Filling up the DagBag from /home/ubuntu/demo8/lib/python3.12/site-packages/airflow/example_dags/example_xcomargs.py
[2024-12-18T20:41:49.412+0000] {processor.py:925} INFO - DAG(s) 'example_xcom_args', 'example_xcom_args_with_operators' retrieved from /home/ubuntu/demo8/lib/python3.12/site-packages/airflow/example_dags/example_xcomargs.py
[2024-12-18T20:41:49.432+0000] {logging_mixin.py:190} INFO - [2024-12-18T20:41:49.432+0000] {dag.py:3239} INFO - Sync 2 DAGs
[2024-12-18T20:41:49.447+0000] {logging_mixin.py:190} INFO - [2024-12-18T20:41:49.447+0000] {dag.py:4180} INFO - Setting next_dagrun for example_xcom_args to None, run_after=None
[2024-12-18T20:41:49.451+0000] {logging_mixin.py:190} INFO - [2024-12-18T20:41:49.451+0000] {dag.py:4180} INFO - Setting next_dagrun for example_xcom_args_with_operators to None, run_after=None
[2024-12-18T20:41:49.472+0000] {processor.py:208} INFO - Processing /home/ubuntu/demo8/lib/python3.12/site-packages/airflow/example_dags/example_xcomargs.py took 0.084 seconds
[2024-12-18T20:42:43.353+0000] {processor.py:186} INFO - Started process (PID=4771) to work on /home/ubuntu/demo8/lib/python3.12/site-packages/airflow/example_dags/example_xcomargs.py
[2024-12-18T20:42:43.354+0000] {processor.py:914} INFO - Processing file /home/ubuntu/demo8/lib/python3.12/site-packages/airflow/example_dags/example_xcomargs.py for tasks to queue
[2024-12-18T20:42:43.357+0000] {logging_mixin.py:190} INFO - [2024-12-18T20:42:43.356+0000] {dagbag.py:588} INFO - Filling up the DagBag from /home/ubuntu/demo8/lib/python3.12/site-packages/airflow/example_dags/example_xcomargs.py
[2024-12-18T20:42:43.369+0000] {processor.py:925} INFO - DAG(s) 'example_xcom_args', 'example_xcom_args_with_operators' retrieved from /home/ubuntu/demo8/lib/python3.12/site-packages/airflow/example_dags/example_xcomargs.py
[2024-12-18T20:42:43.389+0000] {logging_mixin.py:190} INFO - [2024-12-18T20:42:43.388+0000] {dag.py:3239} INFO - Sync 2 DAGs
[2024-12-18T20:42:43.403+0000] {logging_mixin.py:190} INFO - [2024-12-18T20:42:43.402+0000] {dag.py:4180} INFO - Setting next_dagrun for example_xcom_args to None, run_after=None
[2024-12-18T20:42:43.406+0000] {logging_mixin.py:190} INFO - [2024-12-18T20:42:43.406+0000] {dag.py:4180} INFO - Setting next_dagrun for example_xcom_args_with_operators to None, run_after=None
[2024-12-18T20:42:43.427+0000] {processor.py:208} INFO - Processing /home/ubuntu/demo8/lib/python3.12/site-packages/airflow/example_dags/example_xcomargs.py took 0.081 seconds
[2024-12-18T20:43:37.677+0000] {processor.py:186} INFO - Started process (PID=4888) to work on /home/ubuntu/demo8/lib/python3.12/site-packages/airflow/example_dags/example_xcomargs.py
[2024-12-18T20:43:37.679+0000] {processor.py:914} INFO - Processing file /home/ubuntu/demo8/lib/python3.12/site-packages/airflow/example_dags/example_xcomargs.py for tasks to queue
[2024-12-18T20:43:37.682+0000] {logging_mixin.py:190} INFO - [2024-12-18T20:43:37.681+0000] {dagbag.py:588} INFO - Filling up the DagBag from /home/ubuntu/demo8/lib/python3.12/site-packages/airflow/example_dags/example_xcomargs.py
[2024-12-18T20:43:37.694+0000] {processor.py:925} INFO - DAG(s) 'example_xcom_args_with_operators', 'example_xcom_args' retrieved from /home/ubuntu/demo8/lib/python3.12/site-packages/airflow/example_dags/example_xcomargs.py
[2024-12-18T20:43:37.714+0000] {logging_mixin.py:190} INFO - [2024-12-18T20:43:37.714+0000] {dag.py:3239} INFO - Sync 2 DAGs
[2024-12-18T20:43:37.728+0000] {logging_mixin.py:190} INFO - [2024-12-18T20:43:37.728+0000] {dag.py:4180} INFO - Setting next_dagrun for example_xcom_args to None, run_after=None
[2024-12-18T20:43:37.732+0000] {logging_mixin.py:190} INFO - [2024-12-18T20:43:37.732+0000] {dag.py:4180} INFO - Setting next_dagrun for example_xcom_args_with_operators to None, run_after=None
[2024-12-18T20:43:37.752+0000] {processor.py:208} INFO - Processing /home/ubuntu/demo8/lib/python3.12/site-packages/airflow/example_dags/example_xcomargs.py took 0.081 seconds
[2024-12-18T20:44:31.480+0000] {processor.py:186} INFO - Started process (PID=5064) to work on /home/ubuntu/demo8/lib/python3.12/site-packages/airflow/example_dags/example_xcomargs.py
[2024-12-18T20:44:31.482+0000] {processor.py:914} INFO - Processing file /home/ubuntu/demo8/lib/python3.12/site-packages/airflow/example_dags/example_xcomargs.py for tasks to queue
[2024-12-18T20:44:31.484+0000] {logging_mixin.py:190} INFO - [2024-12-18T20:44:31.484+0000] {dagbag.py:588} INFO - Filling up the DagBag from /home/ubuntu/demo8/lib/python3.12/site-packages/airflow/example_dags/example_xcomargs.py
[2024-12-18T20:44:31.497+0000] {processor.py:925} INFO - DAG(s) 'example_xcom_args_with_operators', 'example_xcom_args' retrieved from /home/ubuntu/demo8/lib/python3.12/site-packages/airflow/example_dags/example_xcomargs.py
[2024-12-18T20:44:31.518+0000] {logging_mixin.py:190} INFO - [2024-12-18T20:44:31.517+0000] {dag.py:3239} INFO - Sync 2 DAGs
[2024-12-18T20:44:31.532+0000] {logging_mixin.py:190} INFO - [2024-12-18T20:44:31.532+0000] {dag.py:4180} INFO - Setting next_dagrun for example_xcom_args to None, run_after=None
[2024-12-18T20:44:31.536+0000] {logging_mixin.py:190} INFO - [2024-12-18T20:44:31.536+0000] {dag.py:4180} INFO - Setting next_dagrun for example_xcom_args_with_operators to None, run_after=None
[2024-12-18T20:44:31.556+0000] {processor.py:208} INFO - Processing /home/ubuntu/demo8/lib/python3.12/site-packages/airflow/example_dags/example_xcomargs.py took 0.083 seconds
[2024-12-18T20:45:24.840+0000] {processor.py:186} INFO - Started process (PID=5186) to work on /home/ubuntu/demo8/lib/python3.12/site-packages/airflow/example_dags/example_xcomargs.py
[2024-12-18T20:45:24.841+0000] {processor.py:914} INFO - Processing file /home/ubuntu/demo8/lib/python3.12/site-packages/airflow/example_dags/example_xcomargs.py for tasks to queue
[2024-12-18T20:45:24.844+0000] {logging_mixin.py:190} INFO - [2024-12-18T20:45:24.843+0000] {dagbag.py:588} INFO - Filling up the DagBag from /home/ubuntu/demo8/lib/python3.12/site-packages/airflow/example_dags/example_xcomargs.py
[2024-12-18T20:45:24.856+0000] {processor.py:925} INFO - DAG(s) 'example_xcom_args', 'example_xcom_args_with_operators' retrieved from /home/ubuntu/demo8/lib/python3.12/site-packages/airflow/example_dags/example_xcomargs.py
[2024-12-18T20:45:24.876+0000] {logging_mixin.py:190} INFO - [2024-12-18T20:45:24.876+0000] {dag.py:3239} INFO - Sync 2 DAGs
[2024-12-18T20:45:24.891+0000] {logging_mixin.py:190} INFO - [2024-12-18T20:45:24.891+0000] {dag.py:4180} INFO - Setting next_dagrun for example_xcom_args to None, run_after=None
[2024-12-18T20:45:24.895+0000] {logging_mixin.py:190} INFO - [2024-12-18T20:45:24.894+0000] {dag.py:4180} INFO - Setting next_dagrun for example_xcom_args_with_operators to None, run_after=None
[2024-12-18T20:45:24.916+0000] {processor.py:208} INFO - Processing /home/ubuntu/demo8/lib/python3.12/site-packages/airflow/example_dags/example_xcomargs.py took 0.082 seconds
[2024-12-18T20:47:08.076+0000] {processor.py:186} INFO - Started process (PID=5782) to work on /home/ubuntu/demo8/lib/python3.12/site-packages/airflow/example_dags/example_xcomargs.py
[2024-12-18T20:47:08.077+0000] {processor.py:914} INFO - Processing file /home/ubuntu/demo8/lib/python3.12/site-packages/airflow/example_dags/example_xcomargs.py for tasks to queue
[2024-12-18T20:47:08.079+0000] {logging_mixin.py:190} INFO - [2024-12-18T20:47:08.079+0000] {dagbag.py:588} INFO - Filling up the DagBag from /home/ubuntu/demo8/lib/python3.12/site-packages/airflow/example_dags/example_xcomargs.py
[2024-12-18T20:47:08.100+0000] {processor.py:925} INFO - DAG(s) 'example_xcom_args', 'example_xcom_args_with_operators' retrieved from /home/ubuntu/demo8/lib/python3.12/site-packages/airflow/example_dags/example_xcomargs.py
[2024-12-18T20:47:08.127+0000] {logging_mixin.py:190} INFO - [2024-12-18T20:47:08.127+0000] {dag.py:3239} INFO - Sync 2 DAGs
[2024-12-18T20:47:08.143+0000] {logging_mixin.py:190} INFO - [2024-12-18T20:47:08.143+0000] {dag.py:4180} INFO - Setting next_dagrun for example_xcom_args to None, run_after=None
[2024-12-18T20:47:08.146+0000] {logging_mixin.py:190} INFO - [2024-12-18T20:47:08.146+0000] {dag.py:4180} INFO - Setting next_dagrun for example_xcom_args_with_operators to None, run_after=None
[2024-12-18T20:47:08.167+0000] {processor.py:208} INFO - Processing /home/ubuntu/demo8/lib/python3.12/site-packages/airflow/example_dags/example_xcomargs.py took 0.097 seconds
[2024-12-18T20:48:07.215+0000] {processor.py:186} INFO - Started process (PID=5936) to work on /home/ubuntu/demo8/lib/python3.12/site-packages/airflow/example_dags/example_xcomargs.py
[2024-12-18T20:48:07.217+0000] {processor.py:914} INFO - Processing file /home/ubuntu/demo8/lib/python3.12/site-packages/airflow/example_dags/example_xcomargs.py for tasks to queue
[2024-12-18T20:48:07.220+0000] {logging_mixin.py:190} INFO - [2024-12-18T20:48:07.220+0000] {dagbag.py:588} INFO - Filling up the DagBag from /home/ubuntu/demo8/lib/python3.12/site-packages/airflow/example_dags/example_xcomargs.py
[2024-12-18T20:48:07.231+0000] {processor.py:925} INFO - DAG(s) 'example_xcom_args_with_operators', 'example_xcom_args' retrieved from /home/ubuntu/demo8/lib/python3.12/site-packages/airflow/example_dags/example_xcomargs.py
[2024-12-18T20:48:07.252+0000] {logging_mixin.py:190} INFO - [2024-12-18T20:48:07.252+0000] {dag.py:3239} INFO - Sync 2 DAGs
[2024-12-18T20:48:07.266+0000] {logging_mixin.py:190} INFO - [2024-12-18T20:48:07.266+0000] {dag.py:4180} INFO - Setting next_dagrun for example_xcom_args to None, run_after=None
[2024-12-18T20:48:07.270+0000] {logging_mixin.py:190} INFO - [2024-12-18T20:48:07.270+0000] {dag.py:4180} INFO - Setting next_dagrun for example_xcom_args_with_operators to None, run_after=None
[2024-12-18T20:48:07.290+0000] {processor.py:208} INFO - Processing /home/ubuntu/demo8/lib/python3.12/site-packages/airflow/example_dags/example_xcomargs.py took 0.081 seconds
[2024-12-18T20:49:05.081+0000] {processor.py:186} INFO - Started process (PID=6418) to work on /home/ubuntu/demo8/lib/python3.12/site-packages/airflow/example_dags/example_xcomargs.py
[2024-12-18T20:49:05.083+0000] {processor.py:914} INFO - Processing file /home/ubuntu/demo8/lib/python3.12/site-packages/airflow/example_dags/example_xcomargs.py for tasks to queue
[2024-12-18T20:49:05.086+0000] {logging_mixin.py:190} INFO - [2024-12-18T20:49:05.085+0000] {dagbag.py:588} INFO - Filling up the DagBag from /home/ubuntu/demo8/lib/python3.12/site-packages/airflow/example_dags/example_xcomargs.py
[2024-12-18T20:49:05.097+0000] {processor.py:925} INFO - DAG(s) 'example_xcom_args', 'example_xcom_args_with_operators' retrieved from /home/ubuntu/demo8/lib/python3.12/site-packages/airflow/example_dags/example_xcomargs.py
[2024-12-18T20:49:05.117+0000] {logging_mixin.py:190} INFO - [2024-12-18T20:49:05.117+0000] {dag.py:3239} INFO - Sync 2 DAGs
[2024-12-18T20:49:05.131+0000] {logging_mixin.py:190} INFO - [2024-12-18T20:49:05.131+0000] {dag.py:4180} INFO - Setting next_dagrun for example_xcom_args to None, run_after=None
[2024-12-18T20:49:05.135+0000] {logging_mixin.py:190} INFO - [2024-12-18T20:49:05.135+0000] {dag.py:4180} INFO - Setting next_dagrun for example_xcom_args_with_operators to None, run_after=None
[2024-12-18T20:49:05.158+0000] {processor.py:208} INFO - Processing /home/ubuntu/demo8/lib/python3.12/site-packages/airflow/example_dags/example_xcomargs.py took 0.082 seconds
[2024-12-18T20:49:57.944+0000] {processor.py:186} INFO - Started process (PID=6557) to work on /home/ubuntu/demo8/lib/python3.12/site-packages/airflow/example_dags/example_xcomargs.py
[2024-12-18T20:49:57.945+0000] {processor.py:914} INFO - Processing file /home/ubuntu/demo8/lib/python3.12/site-packages/airflow/example_dags/example_xcomargs.py for tasks to queue
[2024-12-18T20:49:57.948+0000] {logging_mixin.py:190} INFO - [2024-12-18T20:49:57.947+0000] {dagbag.py:588} INFO - Filling up the DagBag from /home/ubuntu/demo8/lib/python3.12/site-packages/airflow/example_dags/example_xcomargs.py
[2024-12-18T20:49:57.960+0000] {processor.py:925} INFO - DAG(s) 'example_xcom_args_with_operators', 'example_xcom_args' retrieved from /home/ubuntu/demo8/lib/python3.12/site-packages/airflow/example_dags/example_xcomargs.py
[2024-12-18T20:49:57.980+0000] {logging_mixin.py:190} INFO - [2024-12-18T20:49:57.980+0000] {dag.py:3239} INFO - Sync 2 DAGs
[2024-12-18T20:49:57.995+0000] {logging_mixin.py:190} INFO - [2024-12-18T20:49:57.994+0000] {dag.py:4180} INFO - Setting next_dagrun for example_xcom_args to None, run_after=None
[2024-12-18T20:49:57.998+0000] {logging_mixin.py:190} INFO - [2024-12-18T20:49:57.998+0000] {dag.py:4180} INFO - Setting next_dagrun for example_xcom_args_with_operators to None, run_after=None
[2024-12-18T20:49:58.019+0000] {processor.py:208} INFO - Processing /home/ubuntu/demo8/lib/python3.12/site-packages/airflow/example_dags/example_xcomargs.py took 0.082 seconds
[2024-12-18T20:50:54.630+0000] {processor.py:186} INFO - Started process (PID=6896) to work on /home/ubuntu/demo8/lib/python3.12/site-packages/airflow/example_dags/example_xcomargs.py
[2024-12-18T20:50:54.632+0000] {processor.py:914} INFO - Processing file /home/ubuntu/demo8/lib/python3.12/site-packages/airflow/example_dags/example_xcomargs.py for tasks to queue
[2024-12-18T20:50:54.635+0000] {logging_mixin.py:190} INFO - [2024-12-18T20:50:54.634+0000] {dagbag.py:588} INFO - Filling up the DagBag from /home/ubuntu/demo8/lib/python3.12/site-packages/airflow/example_dags/example_xcomargs.py
[2024-12-18T20:50:54.647+0000] {processor.py:925} INFO - DAG(s) 'example_xcom_args_with_operators', 'example_xcom_args' retrieved from /home/ubuntu/demo8/lib/python3.12/site-packages/airflow/example_dags/example_xcomargs.py
[2024-12-18T20:50:54.667+0000] {logging_mixin.py:190} INFO - [2024-12-18T20:50:54.667+0000] {dag.py:3239} INFO - Sync 2 DAGs
[2024-12-18T20:50:54.683+0000] {logging_mixin.py:190} INFO - [2024-12-18T20:50:54.682+0000] {dag.py:4180} INFO - Setting next_dagrun for example_xcom_args to None, run_after=None
[2024-12-18T20:50:54.687+0000] {logging_mixin.py:190} INFO - [2024-12-18T20:50:54.686+0000] {dag.py:4180} INFO - Setting next_dagrun for example_xcom_args_with_operators to None, run_after=None
[2024-12-18T20:50:54.708+0000] {processor.py:208} INFO - Processing /home/ubuntu/demo8/lib/python3.12/site-packages/airflow/example_dags/example_xcomargs.py took 0.083 seconds
