[2024-12-18T15:45:06.700+0000] {processor.py:186} INFO - Started process (PID=3689) to work on /home/ubuntu/demo8/lib/python3.12/site-packages/airflow/example_dags/example_branch_day_of_week_operator.py
[2024-12-18T15:45:06.701+0000] {processor.py:914} INFO - Processing file /home/ubuntu/demo8/lib/python3.12/site-packages/airflow/example_dags/example_branch_day_of_week_operator.py for tasks to queue
[2024-12-18T15:45:06.703+0000] {logging_mixin.py:190} INFO - [2024-12-18T15:45:06.703+0000] {dagbag.py:588} INFO - Filling up the DagBag from /home/ubuntu/demo8/lib/python3.12/site-packages/airflow/example_dags/example_branch_day_of_week_operator.py
[2024-12-18T15:45:06.714+0000] {processor.py:925} INFO - DAG(s) 'example_weekday_branch_operator' retrieved from /home/ubuntu/demo8/lib/python3.12/site-packages/airflow/example_dags/example_branch_day_of_week_operator.py
[2024-12-18T15:45:06.833+0000] {logging_mixin.py:190} INFO - [2024-12-18T15:45:06.832+0000] {override.py:1911} INFO - Created Permission View: can read on DAG:example_weekday_branch_operator
[2024-12-18T15:45:06.845+0000] {logging_mixin.py:190} INFO - [2024-12-18T15:45:06.845+0000] {override.py:1911} INFO - Created Permission View: can delete on DAG:example_weekday_branch_operator
[2024-12-18T15:45:06.855+0000] {logging_mixin.py:190} INFO - [2024-12-18T15:45:06.855+0000] {override.py:1911} INFO - Created Permission View: can edit on DAG:example_weekday_branch_operator
[2024-12-18T15:45:06.869+0000] {logging_mixin.py:190} INFO - [2024-12-18T15:45:06.869+0000] {override.py:1911} INFO - Created Permission View: can create on DAG Run:example_weekday_branch_operator
[2024-12-18T15:45:06.879+0000] {logging_mixin.py:190} INFO - [2024-12-18T15:45:06.879+0000] {override.py:1911} INFO - Created Permission View: can read on DAG Run:example_weekday_branch_operator
[2024-12-18T15:45:06.888+0000] {logging_mixin.py:190} INFO - [2024-12-18T15:45:06.887+0000] {override.py:1911} INFO - Created Permission View: menu access on DAG Run:example_weekday_branch_operator
[2024-12-18T15:45:06.897+0000] {logging_mixin.py:190} INFO - [2024-12-18T15:45:06.896+0000] {override.py:1911} INFO - Created Permission View: can delete on DAG Run:example_weekday_branch_operator
[2024-12-18T15:45:06.897+0000] {logging_mixin.py:190} INFO - [2024-12-18T15:45:06.897+0000] {dag.py:3239} INFO - Sync 1 DAGs
[2024-12-18T15:45:06.910+0000] {logging_mixin.py:190} INFO - [2024-12-18T15:45:06.909+0000] {dag.py:3262} INFO - Creating ORM DAG for example_weekday_branch_operator
[2024-12-18T15:45:06.920+0000] {logging_mixin.py:190} INFO - [2024-12-18T15:45:06.919+0000] {dag.py:4180} INFO - Setting next_dagrun for example_weekday_branch_operator to 2024-12-17 00:00:00+00:00, run_after=2024-12-18 00:00:00+00:00
[2024-12-18T15:45:06.940+0000] {processor.py:208} INFO - Processing /home/ubuntu/demo8/lib/python3.12/site-packages/airflow/example_dags/example_branch_day_of_week_operator.py took 0.246 seconds
[2024-12-18T15:46:11.214+0000] {processor.py:186} INFO - Started process (PID=3788) to work on /home/ubuntu/demo8/lib/python3.12/site-packages/airflow/example_dags/example_branch_day_of_week_operator.py
[2024-12-18T15:46:11.216+0000] {processor.py:914} INFO - Processing file /home/ubuntu/demo8/lib/python3.12/site-packages/airflow/example_dags/example_branch_day_of_week_operator.py for tasks to queue
[2024-12-18T15:46:11.218+0000] {logging_mixin.py:190} INFO - [2024-12-18T15:46:11.218+0000] {dagbag.py:588} INFO - Filling up the DagBag from /home/ubuntu/demo8/lib/python3.12/site-packages/airflow/example_dags/example_branch_day_of_week_operator.py
[2024-12-18T15:46:11.229+0000] {processor.py:925} INFO - DAG(s) 'example_weekday_branch_operator' retrieved from /home/ubuntu/demo8/lib/python3.12/site-packages/airflow/example_dags/example_branch_day_of_week_operator.py
[2024-12-18T15:46:11.246+0000] {logging_mixin.py:190} INFO - [2024-12-18T15:46:11.246+0000] {dag.py:3239} INFO - Sync 1 DAGs
[2024-12-18T15:46:11.268+0000] {logging_mixin.py:190} INFO - [2024-12-18T15:46:11.268+0000] {dag.py:4180} INFO - Setting next_dagrun for example_weekday_branch_operator to 2024-12-17 00:00:00+00:00, run_after=2024-12-18 00:00:00+00:00
[2024-12-18T15:46:11.289+0000] {processor.py:208} INFO - Processing /home/ubuntu/demo8/lib/python3.12/site-packages/airflow/example_dags/example_branch_day_of_week_operator.py took 0.081 seconds
[2024-12-18T15:47:08.278+0000] {processor.py:186} INFO - Started process (PID=4255) to work on /home/ubuntu/demo8/lib/python3.12/site-packages/airflow/example_dags/example_branch_day_of_week_operator.py
[2024-12-18T15:47:08.282+0000] {processor.py:914} INFO - Processing file /home/ubuntu/demo8/lib/python3.12/site-packages/airflow/example_dags/example_branch_day_of_week_operator.py for tasks to queue
[2024-12-18T15:47:08.285+0000] {logging_mixin.py:190} INFO - [2024-12-18T15:47:08.284+0000] {dagbag.py:588} INFO - Filling up the DagBag from /home/ubuntu/demo8/lib/python3.12/site-packages/airflow/example_dags/example_branch_day_of_week_operator.py
[2024-12-18T15:47:08.296+0000] {processor.py:925} INFO - DAG(s) 'example_weekday_branch_operator' retrieved from /home/ubuntu/demo8/lib/python3.12/site-packages/airflow/example_dags/example_branch_day_of_week_operator.py
[2024-12-18T15:47:08.313+0000] {logging_mixin.py:190} INFO - [2024-12-18T15:47:08.313+0000] {dag.py:3239} INFO - Sync 1 DAGs
[2024-12-18T15:47:08.336+0000] {logging_mixin.py:190} INFO - [2024-12-18T15:47:08.336+0000] {dag.py:4180} INFO - Setting next_dagrun for example_weekday_branch_operator to 2024-12-17 00:00:00+00:00, run_after=2024-12-18 00:00:00+00:00
[2024-12-18T15:47:08.358+0000] {processor.py:208} INFO - Processing /home/ubuntu/demo8/lib/python3.12/site-packages/airflow/example_dags/example_branch_day_of_week_operator.py took 0.091 seconds
[2024-12-18T15:48:05.480+0000] {processor.py:186} INFO - Started process (PID=4313) to work on /home/ubuntu/demo8/lib/python3.12/site-packages/airflow/example_dags/example_branch_day_of_week_operator.py
[2024-12-18T15:48:05.481+0000] {processor.py:914} INFO - Processing file /home/ubuntu/demo8/lib/python3.12/site-packages/airflow/example_dags/example_branch_day_of_week_operator.py for tasks to queue
[2024-12-18T15:48:05.483+0000] {logging_mixin.py:190} INFO - [2024-12-18T15:48:05.483+0000] {dagbag.py:588} INFO - Filling up the DagBag from /home/ubuntu/demo8/lib/python3.12/site-packages/airflow/example_dags/example_branch_day_of_week_operator.py
[2024-12-18T15:48:05.495+0000] {processor.py:925} INFO - DAG(s) 'example_weekday_branch_operator' retrieved from /home/ubuntu/demo8/lib/python3.12/site-packages/airflow/example_dags/example_branch_day_of_week_operator.py
[2024-12-18T15:48:05.512+0000] {logging_mixin.py:190} INFO - [2024-12-18T15:48:05.512+0000] {dag.py:3239} INFO - Sync 1 DAGs
[2024-12-18T15:48:05.535+0000] {logging_mixin.py:190} INFO - [2024-12-18T15:48:05.535+0000] {dag.py:4180} INFO - Setting next_dagrun for example_weekday_branch_operator to 2024-12-17 00:00:00+00:00, run_after=2024-12-18 00:00:00+00:00
[2024-12-18T15:48:05.557+0000] {processor.py:208} INFO - Processing /home/ubuntu/demo8/lib/python3.12/site-packages/airflow/example_dags/example_branch_day_of_week_operator.py took 0.083 seconds
[2024-12-18T15:49:33.183+0000] {processor.py:186} INFO - Started process (PID=4397) to work on /home/ubuntu/demo8/lib/python3.12/site-packages/airflow/example_dags/example_branch_day_of_week_operator.py
[2024-12-18T15:49:33.184+0000] {processor.py:914} INFO - Processing file /home/ubuntu/demo8/lib/python3.12/site-packages/airflow/example_dags/example_branch_day_of_week_operator.py for tasks to queue
[2024-12-18T15:49:33.186+0000] {logging_mixin.py:190} INFO - [2024-12-18T15:49:33.186+0000] {dagbag.py:588} INFO - Filling up the DagBag from /home/ubuntu/demo8/lib/python3.12/site-packages/airflow/example_dags/example_branch_day_of_week_operator.py
[2024-12-18T15:49:33.197+0000] {processor.py:925} INFO - DAG(s) 'example_weekday_branch_operator' retrieved from /home/ubuntu/demo8/lib/python3.12/site-packages/airflow/example_dags/example_branch_day_of_week_operator.py
[2024-12-18T15:49:33.337+0000] {logging_mixin.py:190} INFO - [2024-12-18T15:49:33.337+0000] {dag.py:3239} INFO - Sync 1 DAGs
[2024-12-18T15:49:33.357+0000] {logging_mixin.py:190} INFO - [2024-12-18T15:49:33.357+0000] {dag.py:4180} INFO - Setting next_dagrun for example_weekday_branch_operator to 2024-12-17 00:00:00+00:00, run_after=2024-12-18 00:00:00+00:00
[2024-12-18T15:49:33.378+0000] {processor.py:208} INFO - Processing /home/ubuntu/demo8/lib/python3.12/site-packages/airflow/example_dags/example_branch_day_of_week_operator.py took 0.202 seconds
[2024-12-18T15:50:33.772+0000] {processor.py:186} INFO - Started process (PID=4459) to work on /home/ubuntu/demo8/lib/python3.12/site-packages/airflow/example_dags/example_branch_day_of_week_operator.py
[2024-12-18T15:50:33.773+0000] {processor.py:914} INFO - Processing file /home/ubuntu/demo8/lib/python3.12/site-packages/airflow/example_dags/example_branch_day_of_week_operator.py for tasks to queue
[2024-12-18T15:50:33.775+0000] {logging_mixin.py:190} INFO - [2024-12-18T15:50:33.775+0000] {dagbag.py:588} INFO - Filling up the DagBag from /home/ubuntu/demo8/lib/python3.12/site-packages/airflow/example_dags/example_branch_day_of_week_operator.py
[2024-12-18T15:50:33.787+0000] {processor.py:925} INFO - DAG(s) 'example_weekday_branch_operator' retrieved from /home/ubuntu/demo8/lib/python3.12/site-packages/airflow/example_dags/example_branch_day_of_week_operator.py
[2024-12-18T15:50:33.804+0000] {logging_mixin.py:190} INFO - [2024-12-18T15:50:33.804+0000] {dag.py:3239} INFO - Sync 1 DAGs
[2024-12-18T15:50:33.827+0000] {logging_mixin.py:190} INFO - [2024-12-18T15:50:33.827+0000] {dag.py:4180} INFO - Setting next_dagrun for example_weekday_branch_operator to 2024-12-17 00:00:00+00:00, run_after=2024-12-18 00:00:00+00:00
[2024-12-18T15:50:33.849+0000] {processor.py:208} INFO - Processing /home/ubuntu/demo8/lib/python3.12/site-packages/airflow/example_dags/example_branch_day_of_week_operator.py took 0.084 seconds
[2024-12-18T15:51:54.150+0000] {processor.py:186} INFO - Started process (PID=4555) to work on /home/ubuntu/demo8/lib/python3.12/site-packages/airflow/example_dags/example_branch_day_of_week_operator.py
[2024-12-18T15:51:54.152+0000] {processor.py:914} INFO - Processing file /home/ubuntu/demo8/lib/python3.12/site-packages/airflow/example_dags/example_branch_day_of_week_operator.py for tasks to queue
[2024-12-18T15:51:54.154+0000] {logging_mixin.py:190} INFO - [2024-12-18T15:51:54.153+0000] {dagbag.py:588} INFO - Filling up the DagBag from /home/ubuntu/demo8/lib/python3.12/site-packages/airflow/example_dags/example_branch_day_of_week_operator.py
[2024-12-18T15:51:54.166+0000] {processor.py:925} INFO - DAG(s) 'example_weekday_branch_operator' retrieved from /home/ubuntu/demo8/lib/python3.12/site-packages/airflow/example_dags/example_branch_day_of_week_operator.py
[2024-12-18T15:51:54.184+0000] {logging_mixin.py:190} INFO - [2024-12-18T15:51:54.184+0000] {dag.py:3239} INFO - Sync 1 DAGs
[2024-12-18T15:51:54.222+0000] {logging_mixin.py:190} INFO - [2024-12-18T15:51:54.222+0000] {dag.py:4180} INFO - Setting next_dagrun for example_weekday_branch_operator to 2024-12-17 00:00:00+00:00, run_after=2024-12-18 00:00:00+00:00
[2024-12-18T15:51:54.248+0000] {processor.py:208} INFO - Processing /home/ubuntu/demo8/lib/python3.12/site-packages/airflow/example_dags/example_branch_day_of_week_operator.py took 0.105 seconds
[2024-12-18T15:53:16.104+0000] {processor.py:186} INFO - Started process (PID=4640) to work on /home/ubuntu/demo8/lib/python3.12/site-packages/airflow/example_dags/example_branch_day_of_week_operator.py
[2024-12-18T15:53:16.105+0000] {processor.py:914} INFO - Processing file /home/ubuntu/demo8/lib/python3.12/site-packages/airflow/example_dags/example_branch_day_of_week_operator.py for tasks to queue
[2024-12-18T15:53:16.108+0000] {logging_mixin.py:190} INFO - [2024-12-18T15:53:16.107+0000] {dagbag.py:588} INFO - Filling up the DagBag from /home/ubuntu/demo8/lib/python3.12/site-packages/airflow/example_dags/example_branch_day_of_week_operator.py
[2024-12-18T15:53:16.120+0000] {processor.py:925} INFO - DAG(s) 'example_weekday_branch_operator' retrieved from /home/ubuntu/demo8/lib/python3.12/site-packages/airflow/example_dags/example_branch_day_of_week_operator.py
[2024-12-18T15:53:16.138+0000] {logging_mixin.py:190} INFO - [2024-12-18T15:53:16.138+0000] {dag.py:3239} INFO - Sync 1 DAGs
[2024-12-18T15:53:16.162+0000] {logging_mixin.py:190} INFO - [2024-12-18T15:53:16.162+0000] {dag.py:4180} INFO - Setting next_dagrun for example_weekday_branch_operator to 2024-12-17 00:00:00+00:00, run_after=2024-12-18 00:00:00+00:00
[2024-12-18T15:53:16.185+0000] {processor.py:208} INFO - Processing /home/ubuntu/demo8/lib/python3.12/site-packages/airflow/example_dags/example_branch_day_of_week_operator.py took 0.087 seconds
[2024-12-18T15:55:13.470+0000] {processor.py:186} INFO - Started process (PID=4789) to work on /home/ubuntu/demo8/lib/python3.12/site-packages/airflow/example_dags/example_branch_day_of_week_operator.py
[2024-12-18T15:55:13.471+0000] {processor.py:914} INFO - Processing file /home/ubuntu/demo8/lib/python3.12/site-packages/airflow/example_dags/example_branch_day_of_week_operator.py for tasks to queue
[2024-12-18T15:55:13.473+0000] {logging_mixin.py:190} INFO - [2024-12-18T15:55:13.473+0000] {dagbag.py:588} INFO - Filling up the DagBag from /home/ubuntu/demo8/lib/python3.12/site-packages/airflow/example_dags/example_branch_day_of_week_operator.py
[2024-12-18T15:55:13.492+0000] {processor.py:925} INFO - DAG(s) 'example_weekday_branch_operator' retrieved from /home/ubuntu/demo8/lib/python3.12/site-packages/airflow/example_dags/example_branch_day_of_week_operator.py
[2024-12-18T15:55:13.510+0000] {logging_mixin.py:190} INFO - [2024-12-18T15:55:13.509+0000] {dag.py:3239} INFO - Sync 1 DAGs
[2024-12-18T15:55:13.531+0000] {logging_mixin.py:190} INFO - [2024-12-18T15:55:13.531+0000] {dag.py:4180} INFO - Setting next_dagrun for example_weekday_branch_operator to 2024-12-17 00:00:00+00:00, run_after=2024-12-18 00:00:00+00:00
[2024-12-18T15:55:13.553+0000] {processor.py:208} INFO - Processing /home/ubuntu/demo8/lib/python3.12/site-packages/airflow/example_dags/example_branch_day_of_week_operator.py took 0.089 seconds
[2024-12-18T15:56:10.321+0000] {processor.py:186} INFO - Started process (PID=4849) to work on /home/ubuntu/demo8/lib/python3.12/site-packages/airflow/example_dags/example_branch_day_of_week_operator.py
[2024-12-18T15:56:10.323+0000] {processor.py:914} INFO - Processing file /home/ubuntu/demo8/lib/python3.12/site-packages/airflow/example_dags/example_branch_day_of_week_operator.py for tasks to queue
[2024-12-18T15:56:10.325+0000] {logging_mixin.py:190} INFO - [2024-12-18T15:56:10.325+0000] {dagbag.py:588} INFO - Filling up the DagBag from /home/ubuntu/demo8/lib/python3.12/site-packages/airflow/example_dags/example_branch_day_of_week_operator.py
[2024-12-18T15:56:10.336+0000] {processor.py:925} INFO - DAG(s) 'example_weekday_branch_operator' retrieved from /home/ubuntu/demo8/lib/python3.12/site-packages/airflow/example_dags/example_branch_day_of_week_operator.py
[2024-12-18T15:56:10.354+0000] {logging_mixin.py:190} INFO - [2024-12-18T15:56:10.354+0000] {dag.py:3239} INFO - Sync 1 DAGs
[2024-12-18T15:56:10.377+0000] {logging_mixin.py:190} INFO - [2024-12-18T15:56:10.377+0000] {dag.py:4180} INFO - Setting next_dagrun for example_weekday_branch_operator to 2024-12-17 00:00:00+00:00, run_after=2024-12-18 00:00:00+00:00
[2024-12-18T15:56:10.400+0000] {processor.py:208} INFO - Processing /home/ubuntu/demo8/lib/python3.12/site-packages/airflow/example_dags/example_branch_day_of_week_operator.py took 0.085 seconds
[2024-12-18T15:57:40.984+0000] {processor.py:186} INFO - Started process (PID=4936) to work on /home/ubuntu/demo8/lib/python3.12/site-packages/airflow/example_dags/example_branch_day_of_week_operator.py
[2024-12-18T15:57:40.986+0000] {processor.py:914} INFO - Processing file /home/ubuntu/demo8/lib/python3.12/site-packages/airflow/example_dags/example_branch_day_of_week_operator.py for tasks to queue
[2024-12-18T15:57:40.988+0000] {logging_mixin.py:190} INFO - [2024-12-18T15:57:40.987+0000] {dagbag.py:588} INFO - Filling up the DagBag from /home/ubuntu/demo8/lib/python3.12/site-packages/airflow/example_dags/example_branch_day_of_week_operator.py
[2024-12-18T15:57:40.999+0000] {processor.py:925} INFO - DAG(s) 'example_weekday_branch_operator' retrieved from /home/ubuntu/demo8/lib/python3.12/site-packages/airflow/example_dags/example_branch_day_of_week_operator.py
[2024-12-18T15:57:41.017+0000] {logging_mixin.py:190} INFO - [2024-12-18T15:57:41.017+0000] {dag.py:3239} INFO - Sync 1 DAGs
[2024-12-18T15:57:41.040+0000] {logging_mixin.py:190} INFO - [2024-12-18T15:57:41.040+0000] {dag.py:4180} INFO - Setting next_dagrun for example_weekday_branch_operator to 2024-12-17 00:00:00+00:00, run_after=2024-12-18 00:00:00+00:00
[2024-12-18T15:57:41.062+0000] {processor.py:208} INFO - Processing /home/ubuntu/demo8/lib/python3.12/site-packages/airflow/example_dags/example_branch_day_of_week_operator.py took 0.084 seconds
[2024-12-18T15:58:37.828+0000] {processor.py:186} INFO - Started process (PID=4994) to work on /home/ubuntu/demo8/lib/python3.12/site-packages/airflow/example_dags/example_branch_day_of_week_operator.py
[2024-12-18T15:58:37.829+0000] {processor.py:914} INFO - Processing file /home/ubuntu/demo8/lib/python3.12/site-packages/airflow/example_dags/example_branch_day_of_week_operator.py for tasks to queue
[2024-12-18T15:58:37.832+0000] {logging_mixin.py:190} INFO - [2024-12-18T15:58:37.831+0000] {dagbag.py:588} INFO - Filling up the DagBag from /home/ubuntu/demo8/lib/python3.12/site-packages/airflow/example_dags/example_branch_day_of_week_operator.py
[2024-12-18T15:58:37.843+0000] {processor.py:925} INFO - DAG(s) 'example_weekday_branch_operator' retrieved from /home/ubuntu/demo8/lib/python3.12/site-packages/airflow/example_dags/example_branch_day_of_week_operator.py
[2024-12-18T15:58:37.860+0000] {logging_mixin.py:190} INFO - [2024-12-18T15:58:37.860+0000] {dag.py:3239} INFO - Sync 1 DAGs
[2024-12-18T15:58:37.883+0000] {logging_mixin.py:190} INFO - [2024-12-18T15:58:37.883+0000] {dag.py:4180} INFO - Setting next_dagrun for example_weekday_branch_operator to 2024-12-17 00:00:00+00:00, run_after=2024-12-18 00:00:00+00:00
[2024-12-18T15:58:37.904+0000] {processor.py:208} INFO - Processing /home/ubuntu/demo8/lib/python3.12/site-packages/airflow/example_dags/example_branch_day_of_week_operator.py took 0.082 seconds
[2024-12-18T16:00:39.808+0000] {processor.py:186} INFO - Started process (PID=5120) to work on /home/ubuntu/demo8/lib/python3.12/site-packages/airflow/example_dags/example_branch_day_of_week_operator.py
[2024-12-18T16:00:39.810+0000] {processor.py:914} INFO - Processing file /home/ubuntu/demo8/lib/python3.12/site-packages/airflow/example_dags/example_branch_day_of_week_operator.py for tasks to queue
[2024-12-18T16:00:39.812+0000] {logging_mixin.py:190} INFO - [2024-12-18T16:00:39.812+0000] {dagbag.py:588} INFO - Filling up the DagBag from /home/ubuntu/demo8/lib/python3.12/site-packages/airflow/example_dags/example_branch_day_of_week_operator.py
[2024-12-18T16:00:39.824+0000] {processor.py:925} INFO - DAG(s) 'example_weekday_branch_operator' retrieved from /home/ubuntu/demo8/lib/python3.12/site-packages/airflow/example_dags/example_branch_day_of_week_operator.py
[2024-12-18T16:00:39.842+0000] {logging_mixin.py:190} INFO - [2024-12-18T16:00:39.842+0000] {dag.py:3239} INFO - Sync 1 DAGs
[2024-12-18T16:00:39.864+0000] {logging_mixin.py:190} INFO - [2024-12-18T16:00:39.864+0000] {dag.py:4180} INFO - Setting next_dagrun for example_weekday_branch_operator to 2024-12-17 00:00:00+00:00, run_after=2024-12-18 00:00:00+00:00
[2024-12-18T16:00:39.886+0000] {processor.py:208} INFO - Processing /home/ubuntu/demo8/lib/python3.12/site-packages/airflow/example_dags/example_branch_day_of_week_operator.py took 0.084 seconds
[2024-12-18T16:01:36.544+0000] {processor.py:186} INFO - Started process (PID=5180) to work on /home/ubuntu/demo8/lib/python3.12/site-packages/airflow/example_dags/example_branch_day_of_week_operator.py
[2024-12-18T16:01:36.545+0000] {processor.py:914} INFO - Processing file /home/ubuntu/demo8/lib/python3.12/site-packages/airflow/example_dags/example_branch_day_of_week_operator.py for tasks to queue
[2024-12-18T16:01:36.547+0000] {logging_mixin.py:190} INFO - [2024-12-18T16:01:36.547+0000] {dagbag.py:588} INFO - Filling up the DagBag from /home/ubuntu/demo8/lib/python3.12/site-packages/airflow/example_dags/example_branch_day_of_week_operator.py
[2024-12-18T16:01:36.559+0000] {processor.py:925} INFO - DAG(s) 'example_weekday_branch_operator' retrieved from /home/ubuntu/demo8/lib/python3.12/site-packages/airflow/example_dags/example_branch_day_of_week_operator.py
[2024-12-18T16:01:36.576+0000] {logging_mixin.py:190} INFO - [2024-12-18T16:01:36.576+0000] {dag.py:3239} INFO - Sync 1 DAGs
[2024-12-18T16:01:36.599+0000] {logging_mixin.py:190} INFO - [2024-12-18T16:01:36.599+0000] {dag.py:4180} INFO - Setting next_dagrun for example_weekday_branch_operator to 2024-12-17 00:00:00+00:00, run_after=2024-12-18 00:00:00+00:00
[2024-12-18T16:01:36.622+0000] {processor.py:208} INFO - Processing /home/ubuntu/demo8/lib/python3.12/site-packages/airflow/example_dags/example_branch_day_of_week_operator.py took 0.084 seconds
[2024-12-18T16:02:57.259+0000] {processor.py:186} INFO - Started process (PID=5263) to work on /home/ubuntu/demo8/lib/python3.12/site-packages/airflow/example_dags/example_branch_day_of_week_operator.py
[2024-12-18T16:02:57.261+0000] {processor.py:914} INFO - Processing file /home/ubuntu/demo8/lib/python3.12/site-packages/airflow/example_dags/example_branch_day_of_week_operator.py for tasks to queue
[2024-12-18T16:02:57.263+0000] {logging_mixin.py:190} INFO - [2024-12-18T16:02:57.263+0000] {dagbag.py:588} INFO - Filling up the DagBag from /home/ubuntu/demo8/lib/python3.12/site-packages/airflow/example_dags/example_branch_day_of_week_operator.py
[2024-12-18T16:02:57.274+0000] {processor.py:925} INFO - DAG(s) 'example_weekday_branch_operator' retrieved from /home/ubuntu/demo8/lib/python3.12/site-packages/airflow/example_dags/example_branch_day_of_week_operator.py
[2024-12-18T16:02:57.292+0000] {logging_mixin.py:190} INFO - [2024-12-18T16:02:57.292+0000] {dag.py:3239} INFO - Sync 1 DAGs
[2024-12-18T16:02:57.315+0000] {logging_mixin.py:190} INFO - [2024-12-18T16:02:57.314+0000] {dag.py:4180} INFO - Setting next_dagrun for example_weekday_branch_operator to 2024-12-17 00:00:00+00:00, run_after=2024-12-18 00:00:00+00:00
[2024-12-18T16:02:57.336+0000] {processor.py:208} INFO - Processing /home/ubuntu/demo8/lib/python3.12/site-packages/airflow/example_dags/example_branch_day_of_week_operator.py took 0.083 seconds
[2024-12-18T20:30:07.965+0000] {processor.py:186} INFO - Started process (PID=2776) to work on /home/ubuntu/demo8/lib/python3.12/site-packages/airflow/example_dags/example_branch_day_of_week_operator.py
[2024-12-18T20:30:07.967+0000] {processor.py:914} INFO - Processing file /home/ubuntu/demo8/lib/python3.12/site-packages/airflow/example_dags/example_branch_day_of_week_operator.py for tasks to queue
[2024-12-18T20:30:07.970+0000] {logging_mixin.py:190} INFO - [2024-12-18T20:30:07.969+0000] {dagbag.py:588} INFO - Filling up the DagBag from /home/ubuntu/demo8/lib/python3.12/site-packages/airflow/example_dags/example_branch_day_of_week_operator.py
[2024-12-18T20:30:07.981+0000] {processor.py:925} INFO - DAG(s) 'example_weekday_branch_operator' retrieved from /home/ubuntu/demo8/lib/python3.12/site-packages/airflow/example_dags/example_branch_day_of_week_operator.py
[2024-12-18T20:30:07.999+0000] {logging_mixin.py:190} INFO - [2024-12-18T20:30:07.999+0000] {dag.py:3239} INFO - Sync 1 DAGs
[2024-12-18T20:30:08.022+0000] {logging_mixin.py:190} INFO - [2024-12-18T20:30:08.021+0000] {dag.py:4180} INFO - Setting next_dagrun for example_weekday_branch_operator to 2024-12-17 00:00:00+00:00, run_after=2024-12-18 00:00:00+00:00
[2024-12-18T20:30:08.045+0000] {processor.py:208} INFO - Processing /home/ubuntu/demo8/lib/python3.12/site-packages/airflow/example_dags/example_branch_day_of_week_operator.py took 0.086 seconds
[2024-12-18T20:31:04.855+0000] {processor.py:186} INFO - Started process (PID=3004) to work on /home/ubuntu/demo8/lib/python3.12/site-packages/airflow/example_dags/example_branch_day_of_week_operator.py
[2024-12-18T20:31:04.857+0000] {processor.py:914} INFO - Processing file /home/ubuntu/demo8/lib/python3.12/site-packages/airflow/example_dags/example_branch_day_of_week_operator.py for tasks to queue
[2024-12-18T20:31:04.860+0000] {logging_mixin.py:190} INFO - [2024-12-18T20:31:04.859+0000] {dagbag.py:588} INFO - Filling up the DagBag from /home/ubuntu/demo8/lib/python3.12/site-packages/airflow/example_dags/example_branch_day_of_week_operator.py
[2024-12-18T20:31:04.871+0000] {processor.py:925} INFO - DAG(s) 'example_weekday_branch_operator' retrieved from /home/ubuntu/demo8/lib/python3.12/site-packages/airflow/example_dags/example_branch_day_of_week_operator.py
[2024-12-18T20:31:04.889+0000] {logging_mixin.py:190} INFO - [2024-12-18T20:31:04.889+0000] {dag.py:3239} INFO - Sync 1 DAGs
[2024-12-18T20:31:04.912+0000] {logging_mixin.py:190} INFO - [2024-12-18T20:31:04.912+0000] {dag.py:4180} INFO - Setting next_dagrun for example_weekday_branch_operator to 2024-12-17 00:00:00+00:00, run_after=2024-12-18 00:00:00+00:00
[2024-12-18T20:31:04.935+0000] {processor.py:208} INFO - Processing /home/ubuntu/demo8/lib/python3.12/site-packages/airflow/example_dags/example_branch_day_of_week_operator.py took 0.086 seconds
[2024-12-18T20:32:01.705+0000] {processor.py:186} INFO - Started process (PID=3247) to work on /home/ubuntu/demo8/lib/python3.12/site-packages/airflow/example_dags/example_branch_day_of_week_operator.py
[2024-12-18T20:32:01.707+0000] {processor.py:914} INFO - Processing file /home/ubuntu/demo8/lib/python3.12/site-packages/airflow/example_dags/example_branch_day_of_week_operator.py for tasks to queue
[2024-12-18T20:32:01.709+0000] {logging_mixin.py:190} INFO - [2024-12-18T20:32:01.709+0000] {dagbag.py:588} INFO - Filling up the DagBag from /home/ubuntu/demo8/lib/python3.12/site-packages/airflow/example_dags/example_branch_day_of_week_operator.py
[2024-12-18T20:32:01.721+0000] {processor.py:925} INFO - DAG(s) 'example_weekday_branch_operator' retrieved from /home/ubuntu/demo8/lib/python3.12/site-packages/airflow/example_dags/example_branch_day_of_week_operator.py
[2024-12-18T20:32:01.739+0000] {logging_mixin.py:190} INFO - [2024-12-18T20:32:01.738+0000] {dag.py:3239} INFO - Sync 1 DAGs
[2024-12-18T20:32:01.761+0000] {logging_mixin.py:190} INFO - [2024-12-18T20:32:01.761+0000] {dag.py:4180} INFO - Setting next_dagrun for example_weekday_branch_operator to 2024-12-17 00:00:00+00:00, run_after=2024-12-18 00:00:00+00:00
[2024-12-18T20:32:01.784+0000] {processor.py:208} INFO - Processing /home/ubuntu/demo8/lib/python3.12/site-packages/airflow/example_dags/example_branch_day_of_week_operator.py took 0.085 seconds
[2024-12-18T20:32:58.237+0000] {processor.py:186} INFO - Started process (PID=3427) to work on /home/ubuntu/demo8/lib/python3.12/site-packages/airflow/example_dags/example_branch_day_of_week_operator.py
[2024-12-18T20:32:58.238+0000] {processor.py:914} INFO - Processing file /home/ubuntu/demo8/lib/python3.12/site-packages/airflow/example_dags/example_branch_day_of_week_operator.py for tasks to queue
[2024-12-18T20:32:58.241+0000] {logging_mixin.py:190} INFO - [2024-12-18T20:32:58.241+0000] {dagbag.py:588} INFO - Filling up the DagBag from /home/ubuntu/demo8/lib/python3.12/site-packages/airflow/example_dags/example_branch_day_of_week_operator.py
[2024-12-18T20:32:58.253+0000] {processor.py:925} INFO - DAG(s) 'example_weekday_branch_operator' retrieved from /home/ubuntu/demo8/lib/python3.12/site-packages/airflow/example_dags/example_branch_day_of_week_operator.py
[2024-12-18T20:32:58.272+0000] {logging_mixin.py:190} INFO - [2024-12-18T20:32:58.272+0000] {dag.py:3239} INFO - Sync 1 DAGs
[2024-12-18T20:32:58.296+0000] {logging_mixin.py:190} INFO - [2024-12-18T20:32:58.296+0000] {dag.py:4180} INFO - Setting next_dagrun for example_weekday_branch_operator to 2024-12-17 00:00:00+00:00, run_after=2024-12-18 00:00:00+00:00
[2024-12-18T20:32:58.321+0000] {processor.py:208} INFO - Processing /home/ubuntu/demo8/lib/python3.12/site-packages/airflow/example_dags/example_branch_day_of_week_operator.py took 0.091 seconds
[2024-12-18T20:34:27.153+0000] {processor.py:186} INFO - Started process (PID=3696) to work on /home/ubuntu/demo8/lib/python3.12/site-packages/airflow/example_dags/example_branch_day_of_week_operator.py
[2024-12-18T20:34:27.154+0000] {processor.py:914} INFO - Processing file /home/ubuntu/demo8/lib/python3.12/site-packages/airflow/example_dags/example_branch_day_of_week_operator.py for tasks to queue
[2024-12-18T20:34:27.157+0000] {logging_mixin.py:190} INFO - [2024-12-18T20:34:27.156+0000] {dagbag.py:588} INFO - Filling up the DagBag from /home/ubuntu/demo8/lib/python3.12/site-packages/airflow/example_dags/example_branch_day_of_week_operator.py
[2024-12-18T20:34:27.168+0000] {processor.py:925} INFO - DAG(s) 'example_weekday_branch_operator' retrieved from /home/ubuntu/demo8/lib/python3.12/site-packages/airflow/example_dags/example_branch_day_of_week_operator.py
[2024-12-18T20:34:27.301+0000] {logging_mixin.py:190} INFO - [2024-12-18T20:34:27.301+0000] {dag.py:3239} INFO - Sync 1 DAGs
[2024-12-18T20:34:27.322+0000] {logging_mixin.py:190} INFO - [2024-12-18T20:34:27.322+0000] {dag.py:4180} INFO - Setting next_dagrun for example_weekday_branch_operator to 2024-12-17 00:00:00+00:00, run_after=2024-12-18 00:00:00+00:00
[2024-12-18T20:34:27.345+0000] {processor.py:208} INFO - Processing /home/ubuntu/demo8/lib/python3.12/site-packages/airflow/example_dags/example_branch_day_of_week_operator.py took 0.198 seconds
[2024-12-18T20:35:30.346+0000] {processor.py:186} INFO - Started process (PID=3823) to work on /home/ubuntu/demo8/lib/python3.12/site-packages/airflow/example_dags/example_branch_day_of_week_operator.py
[2024-12-18T20:35:30.348+0000] {processor.py:914} INFO - Processing file /home/ubuntu/demo8/lib/python3.12/site-packages/airflow/example_dags/example_branch_day_of_week_operator.py for tasks to queue
[2024-12-18T20:35:30.350+0000] {logging_mixin.py:190} INFO - [2024-12-18T20:35:30.350+0000] {dagbag.py:588} INFO - Filling up the DagBag from /home/ubuntu/demo8/lib/python3.12/site-packages/airflow/example_dags/example_branch_day_of_week_operator.py
[2024-12-18T20:35:30.362+0000] {processor.py:925} INFO - DAG(s) 'example_weekday_branch_operator' retrieved from /home/ubuntu/demo8/lib/python3.12/site-packages/airflow/example_dags/example_branch_day_of_week_operator.py
[2024-12-18T20:35:30.380+0000] {logging_mixin.py:190} INFO - [2024-12-18T20:35:30.380+0000] {dag.py:3239} INFO - Sync 1 DAGs
[2024-12-18T20:35:30.403+0000] {logging_mixin.py:190} INFO - [2024-12-18T20:35:30.403+0000] {dag.py:4180} INFO - Setting next_dagrun for example_weekday_branch_operator to 2024-12-17 00:00:00+00:00, run_after=2024-12-18 00:00:00+00:00
[2024-12-18T20:35:30.432+0000] {processor.py:208} INFO - Processing /home/ubuntu/demo8/lib/python3.12/site-packages/airflow/example_dags/example_branch_day_of_week_operator.py took 0.092 seconds
[2024-12-18T20:36:28.166+0000] {processor.py:186} INFO - Started process (PID=3943) to work on /home/ubuntu/demo8/lib/python3.12/site-packages/airflow/example_dags/example_branch_day_of_week_operator.py
[2024-12-18T20:36:28.167+0000] {processor.py:914} INFO - Processing file /home/ubuntu/demo8/lib/python3.12/site-packages/airflow/example_dags/example_branch_day_of_week_operator.py for tasks to queue
[2024-12-18T20:36:28.170+0000] {logging_mixin.py:190} INFO - [2024-12-18T20:36:28.170+0000] {dagbag.py:588} INFO - Filling up the DagBag from /home/ubuntu/demo8/lib/python3.12/site-packages/airflow/example_dags/example_branch_day_of_week_operator.py
[2024-12-18T20:36:28.182+0000] {processor.py:925} INFO - DAG(s) 'example_weekday_branch_operator' retrieved from /home/ubuntu/demo8/lib/python3.12/site-packages/airflow/example_dags/example_branch_day_of_week_operator.py
[2024-12-18T20:36:28.201+0000] {logging_mixin.py:190} INFO - [2024-12-18T20:36:28.201+0000] {dag.py:3239} INFO - Sync 1 DAGs
[2024-12-18T20:36:28.226+0000] {logging_mixin.py:190} INFO - [2024-12-18T20:36:28.226+0000] {dag.py:4180} INFO - Setting next_dagrun for example_weekday_branch_operator to 2024-12-17 00:00:00+00:00, run_after=2024-12-18 00:00:00+00:00
[2024-12-18T20:36:28.252+0000] {processor.py:208} INFO - Processing /home/ubuntu/demo8/lib/python3.12/site-packages/airflow/example_dags/example_branch_day_of_week_operator.py took 0.092 seconds
[2024-12-18T20:37:23.670+0000] {processor.py:186} INFO - Started process (PID=4063) to work on /home/ubuntu/demo8/lib/python3.12/site-packages/airflow/example_dags/example_branch_day_of_week_operator.py
[2024-12-18T20:37:23.672+0000] {processor.py:914} INFO - Processing file /home/ubuntu/demo8/lib/python3.12/site-packages/airflow/example_dags/example_branch_day_of_week_operator.py for tasks to queue
[2024-12-18T20:37:23.674+0000] {logging_mixin.py:190} INFO - [2024-12-18T20:37:23.674+0000] {dagbag.py:588} INFO - Filling up the DagBag from /home/ubuntu/demo8/lib/python3.12/site-packages/airflow/example_dags/example_branch_day_of_week_operator.py
[2024-12-18T20:37:23.686+0000] {processor.py:925} INFO - DAG(s) 'example_weekday_branch_operator' retrieved from /home/ubuntu/demo8/lib/python3.12/site-packages/airflow/example_dags/example_branch_day_of_week_operator.py
[2024-12-18T20:37:23.704+0000] {logging_mixin.py:190} INFO - [2024-12-18T20:37:23.704+0000] {dag.py:3239} INFO - Sync 1 DAGs
[2024-12-18T20:37:23.727+0000] {logging_mixin.py:190} INFO - [2024-12-18T20:37:23.727+0000] {dag.py:4180} INFO - Setting next_dagrun for example_weekday_branch_operator to 2024-12-17 00:00:00+00:00, run_after=2024-12-18 00:00:00+00:00
[2024-12-18T20:37:23.752+0000] {processor.py:208} INFO - Processing /home/ubuntu/demo8/lib/python3.12/site-packages/airflow/example_dags/example_branch_day_of_week_operator.py took 0.088 seconds
[2024-12-18T20:38:46.237+0000] {processor.py:186} INFO - Started process (PID=4207) to work on /home/ubuntu/demo8/lib/python3.12/site-packages/airflow/example_dags/example_branch_day_of_week_operator.py
[2024-12-18T20:38:46.239+0000] {processor.py:914} INFO - Processing file /home/ubuntu/demo8/lib/python3.12/site-packages/airflow/example_dags/example_branch_day_of_week_operator.py for tasks to queue
[2024-12-18T20:38:46.242+0000] {logging_mixin.py:190} INFO - [2024-12-18T20:38:46.241+0000] {dagbag.py:588} INFO - Filling up the DagBag from /home/ubuntu/demo8/lib/python3.12/site-packages/airflow/example_dags/example_branch_day_of_week_operator.py
[2024-12-18T20:38:46.254+0000] {processor.py:925} INFO - DAG(s) 'example_weekday_branch_operator' retrieved from /home/ubuntu/demo8/lib/python3.12/site-packages/airflow/example_dags/example_branch_day_of_week_operator.py
[2024-12-18T20:38:46.272+0000] {logging_mixin.py:190} INFO - [2024-12-18T20:38:46.272+0000] {dag.py:3239} INFO - Sync 1 DAGs
[2024-12-18T20:38:46.298+0000] {logging_mixin.py:190} INFO - [2024-12-18T20:38:46.297+0000] {dag.py:4180} INFO - Setting next_dagrun for example_weekday_branch_operator to 2024-12-17 00:00:00+00:00, run_after=2024-12-18 00:00:00+00:00
[2024-12-18T20:38:46.330+0000] {processor.py:208} INFO - Processing /home/ubuntu/demo8/lib/python3.12/site-packages/airflow/example_dags/example_branch_day_of_week_operator.py took 0.099 seconds
[2024-12-18T20:39:43.185+0000] {processor.py:186} INFO - Started process (PID=4385) to work on /home/ubuntu/demo8/lib/python3.12/site-packages/airflow/example_dags/example_branch_day_of_week_operator.py
[2024-12-18T20:39:43.186+0000] {processor.py:914} INFO - Processing file /home/ubuntu/demo8/lib/python3.12/site-packages/airflow/example_dags/example_branch_day_of_week_operator.py for tasks to queue
[2024-12-18T20:39:43.189+0000] {logging_mixin.py:190} INFO - [2024-12-18T20:39:43.188+0000] {dagbag.py:588} INFO - Filling up the DagBag from /home/ubuntu/demo8/lib/python3.12/site-packages/airflow/example_dags/example_branch_day_of_week_operator.py
[2024-12-18T20:39:43.202+0000] {processor.py:925} INFO - DAG(s) 'example_weekday_branch_operator' retrieved from /home/ubuntu/demo8/lib/python3.12/site-packages/airflow/example_dags/example_branch_day_of_week_operator.py
[2024-12-18T20:39:43.221+0000] {logging_mixin.py:190} INFO - [2024-12-18T20:39:43.220+0000] {dag.py:3239} INFO - Sync 1 DAGs
[2024-12-18T20:39:43.246+0000] {logging_mixin.py:190} INFO - [2024-12-18T20:39:43.246+0000] {dag.py:4180} INFO - Setting next_dagrun for example_weekday_branch_operator to 2024-12-17 00:00:00+00:00, run_after=2024-12-18 00:00:00+00:00
[2024-12-18T20:39:43.270+0000] {processor.py:208} INFO - Processing /home/ubuntu/demo8/lib/python3.12/site-packages/airflow/example_dags/example_branch_day_of_week_operator.py took 0.092 seconds
[2024-12-18T20:40:39.522+0000] {processor.py:186} INFO - Started process (PID=4521) to work on /home/ubuntu/demo8/lib/python3.12/site-packages/airflow/example_dags/example_branch_day_of_week_operator.py
[2024-12-18T20:40:39.523+0000] {processor.py:914} INFO - Processing file /home/ubuntu/demo8/lib/python3.12/site-packages/airflow/example_dags/example_branch_day_of_week_operator.py for tasks to queue
[2024-12-18T20:40:39.526+0000] {logging_mixin.py:190} INFO - [2024-12-18T20:40:39.526+0000] {dagbag.py:588} INFO - Filling up the DagBag from /home/ubuntu/demo8/lib/python3.12/site-packages/airflow/example_dags/example_branch_day_of_week_operator.py
[2024-12-18T20:40:39.537+0000] {processor.py:925} INFO - DAG(s) 'example_weekday_branch_operator' retrieved from /home/ubuntu/demo8/lib/python3.12/site-packages/airflow/example_dags/example_branch_day_of_week_operator.py
[2024-12-18T20:40:39.555+0000] {logging_mixin.py:190} INFO - [2024-12-18T20:40:39.555+0000] {dag.py:3239} INFO - Sync 1 DAGs
[2024-12-18T20:40:39.579+0000] {logging_mixin.py:190} INFO - [2024-12-18T20:40:39.579+0000] {dag.py:4180} INFO - Setting next_dagrun for example_weekday_branch_operator to 2024-12-17 00:00:00+00:00, run_after=2024-12-18 00:00:00+00:00
[2024-12-18T20:40:39.606+0000] {processor.py:208} INFO - Processing /home/ubuntu/demo8/lib/python3.12/site-packages/airflow/example_dags/example_branch_day_of_week_operator.py took 0.090 seconds
[2024-12-18T20:41:33.938+0000] {processor.py:186} INFO - Started process (PID=4640) to work on /home/ubuntu/demo8/lib/python3.12/site-packages/airflow/example_dags/example_branch_day_of_week_operator.py
[2024-12-18T20:41:33.940+0000] {processor.py:914} INFO - Processing file /home/ubuntu/demo8/lib/python3.12/site-packages/airflow/example_dags/example_branch_day_of_week_operator.py for tasks to queue
[2024-12-18T20:41:33.942+0000] {logging_mixin.py:190} INFO - [2024-12-18T20:41:33.942+0000] {dagbag.py:588} INFO - Filling up the DagBag from /home/ubuntu/demo8/lib/python3.12/site-packages/airflow/example_dags/example_branch_day_of_week_operator.py
[2024-12-18T20:41:33.954+0000] {processor.py:925} INFO - DAG(s) 'example_weekday_branch_operator' retrieved from /home/ubuntu/demo8/lib/python3.12/site-packages/airflow/example_dags/example_branch_day_of_week_operator.py
[2024-12-18T20:41:33.972+0000] {logging_mixin.py:190} INFO - [2024-12-18T20:41:33.972+0000] {dag.py:3239} INFO - Sync 1 DAGs
[2024-12-18T20:41:33.996+0000] {logging_mixin.py:190} INFO - [2024-12-18T20:41:33.995+0000] {dag.py:4180} INFO - Setting next_dagrun for example_weekday_branch_operator to 2024-12-17 00:00:00+00:00, run_after=2024-12-18 00:00:00+00:00
[2024-12-18T20:41:34.020+0000] {processor.py:208} INFO - Processing /home/ubuntu/demo8/lib/python3.12/site-packages/airflow/example_dags/example_branch_day_of_week_operator.py took 0.088 seconds
[2024-12-18T20:42:54.433+0000] {processor.py:186} INFO - Started process (PID=4783) to work on /home/ubuntu/demo8/lib/python3.12/site-packages/airflow/example_dags/example_branch_day_of_week_operator.py
[2024-12-18T20:42:54.435+0000] {processor.py:914} INFO - Processing file /home/ubuntu/demo8/lib/python3.12/site-packages/airflow/example_dags/example_branch_day_of_week_operator.py for tasks to queue
[2024-12-18T20:42:54.437+0000] {logging_mixin.py:190} INFO - [2024-12-18T20:42:54.437+0000] {dagbag.py:588} INFO - Filling up the DagBag from /home/ubuntu/demo8/lib/python3.12/site-packages/airflow/example_dags/example_branch_day_of_week_operator.py
[2024-12-18T20:42:54.448+0000] {processor.py:925} INFO - DAG(s) 'example_weekday_branch_operator' retrieved from /home/ubuntu/demo8/lib/python3.12/site-packages/airflow/example_dags/example_branch_day_of_week_operator.py
[2024-12-18T20:42:54.466+0000] {logging_mixin.py:190} INFO - [2024-12-18T20:42:54.466+0000] {dag.py:3239} INFO - Sync 1 DAGs
[2024-12-18T20:42:54.489+0000] {logging_mixin.py:190} INFO - [2024-12-18T20:42:54.489+0000] {dag.py:4180} INFO - Setting next_dagrun for example_weekday_branch_operator to 2024-12-17 00:00:00+00:00, run_after=2024-12-18 00:00:00+00:00
[2024-12-18T20:42:54.514+0000] {processor.py:208} INFO - Processing /home/ubuntu/demo8/lib/python3.12/site-packages/airflow/example_dags/example_branch_day_of_week_operator.py took 0.087 seconds
[2024-12-18T20:44:15.028+0000] {processor.py:186} INFO - Started process (PID=4925) to work on /home/ubuntu/demo8/lib/python3.12/site-packages/airflow/example_dags/example_branch_day_of_week_operator.py
[2024-12-18T20:44:15.029+0000] {processor.py:914} INFO - Processing file /home/ubuntu/demo8/lib/python3.12/site-packages/airflow/example_dags/example_branch_day_of_week_operator.py for tasks to queue
[2024-12-18T20:44:15.032+0000] {logging_mixin.py:190} INFO - [2024-12-18T20:44:15.031+0000] {dagbag.py:588} INFO - Filling up the DagBag from /home/ubuntu/demo8/lib/python3.12/site-packages/airflow/example_dags/example_branch_day_of_week_operator.py
[2024-12-18T20:44:15.044+0000] {processor.py:925} INFO - DAG(s) 'example_weekday_branch_operator' retrieved from /home/ubuntu/demo8/lib/python3.12/site-packages/airflow/example_dags/example_branch_day_of_week_operator.py
[2024-12-18T20:44:15.061+0000] {logging_mixin.py:190} INFO - [2024-12-18T20:44:15.061+0000] {dag.py:3239} INFO - Sync 1 DAGs
[2024-12-18T20:44:15.085+0000] {logging_mixin.py:190} INFO - [2024-12-18T20:44:15.084+0000] {dag.py:4180} INFO - Setting next_dagrun for example_weekday_branch_operator to 2024-12-17 00:00:00+00:00, run_after=2024-12-18 00:00:00+00:00
[2024-12-18T20:44:15.109+0000] {processor.py:208} INFO - Processing /home/ubuntu/demo8/lib/python3.12/site-packages/airflow/example_dags/example_branch_day_of_week_operator.py took 0.087 seconds
[2024-12-18T20:45:36.163+0000] {processor.py:186} INFO - Started process (PID=5197) to work on /home/ubuntu/demo8/lib/python3.12/site-packages/airflow/example_dags/example_branch_day_of_week_operator.py
[2024-12-18T20:45:36.164+0000] {processor.py:914} INFO - Processing file /home/ubuntu/demo8/lib/python3.12/site-packages/airflow/example_dags/example_branch_day_of_week_operator.py for tasks to queue
[2024-12-18T20:45:36.167+0000] {logging_mixin.py:190} INFO - [2024-12-18T20:45:36.167+0000] {dagbag.py:588} INFO - Filling up the DagBag from /home/ubuntu/demo8/lib/python3.12/site-packages/airflow/example_dags/example_branch_day_of_week_operator.py
[2024-12-18T20:45:36.178+0000] {processor.py:925} INFO - DAG(s) 'example_weekday_branch_operator' retrieved from /home/ubuntu/demo8/lib/python3.12/site-packages/airflow/example_dags/example_branch_day_of_week_operator.py
[2024-12-18T20:45:36.197+0000] {logging_mixin.py:190} INFO - [2024-12-18T20:45:36.197+0000] {dag.py:3239} INFO - Sync 1 DAGs
[2024-12-18T20:45:36.220+0000] {logging_mixin.py:190} INFO - [2024-12-18T20:45:36.220+0000] {dag.py:4180} INFO - Setting next_dagrun for example_weekday_branch_operator to 2024-12-17 00:00:00+00:00, run_after=2024-12-18 00:00:00+00:00
[2024-12-18T20:45:36.245+0000] {processor.py:208} INFO - Processing /home/ubuntu/demo8/lib/python3.12/site-packages/airflow/example_dags/example_branch_day_of_week_operator.py took 0.088 seconds
[2024-12-18T20:47:46.820+0000] {processor.py:186} INFO - Started process (PID=5855) to work on /home/ubuntu/demo8/lib/python3.12/site-packages/airflow/example_dags/example_branch_day_of_week_operator.py
[2024-12-18T20:47:46.821+0000] {processor.py:914} INFO - Processing file /home/ubuntu/demo8/lib/python3.12/site-packages/airflow/example_dags/example_branch_day_of_week_operator.py for tasks to queue
[2024-12-18T20:47:46.824+0000] {logging_mixin.py:190} INFO - [2024-12-18T20:47:46.824+0000] {dagbag.py:588} INFO - Filling up the DagBag from /home/ubuntu/demo8/lib/python3.12/site-packages/airflow/example_dags/example_branch_day_of_week_operator.py
[2024-12-18T20:47:46.836+0000] {processor.py:925} INFO - DAG(s) 'example_weekday_branch_operator' retrieved from /home/ubuntu/demo8/lib/python3.12/site-packages/airflow/example_dags/example_branch_day_of_week_operator.py
[2024-12-18T20:47:46.854+0000] {logging_mixin.py:190} INFO - [2024-12-18T20:47:46.854+0000] {dag.py:3239} INFO - Sync 1 DAGs
[2024-12-18T20:47:46.877+0000] {logging_mixin.py:190} INFO - [2024-12-18T20:47:46.877+0000] {dag.py:4180} INFO - Setting next_dagrun for example_weekday_branch_operator to 2024-12-17 00:00:00+00:00, run_after=2024-12-18 00:00:00+00:00
[2024-12-18T20:47:46.903+0000] {processor.py:208} INFO - Processing /home/ubuntu/demo8/lib/python3.12/site-packages/airflow/example_dags/example_branch_day_of_week_operator.py took 0.089 seconds
[2024-12-18T20:48:44.996+0000] {processor.py:186} INFO - Started process (PID=6277) to work on /home/ubuntu/demo8/lib/python3.12/site-packages/airflow/example_dags/example_branch_day_of_week_operator.py
[2024-12-18T20:48:44.998+0000] {processor.py:914} INFO - Processing file /home/ubuntu/demo8/lib/python3.12/site-packages/airflow/example_dags/example_branch_day_of_week_operator.py for tasks to queue
[2024-12-18T20:48:45.000+0000] {logging_mixin.py:190} INFO - [2024-12-18T20:48:45.000+0000] {dagbag.py:588} INFO - Filling up the DagBag from /home/ubuntu/demo8/lib/python3.12/site-packages/airflow/example_dags/example_branch_day_of_week_operator.py
[2024-12-18T20:48:45.021+0000] {processor.py:925} INFO - DAG(s) 'example_weekday_branch_operator' retrieved from /home/ubuntu/demo8/lib/python3.12/site-packages/airflow/example_dags/example_branch_day_of_week_operator.py
[2024-12-18T20:48:45.039+0000] {logging_mixin.py:190} INFO - [2024-12-18T20:48:45.039+0000] {dag.py:3239} INFO - Sync 1 DAGs
[2024-12-18T20:48:45.074+0000] {logging_mixin.py:190} INFO - [2024-12-18T20:48:45.073+0000] {dag.py:4180} INFO - Setting next_dagrun for example_weekday_branch_operator to 2024-12-17 00:00:00+00:00, run_after=2024-12-18 00:00:00+00:00
[2024-12-18T20:48:45.098+0000] {processor.py:208} INFO - Processing /home/ubuntu/demo8/lib/python3.12/site-packages/airflow/example_dags/example_branch_day_of_week_operator.py took 0.108 seconds
[2024-12-18T20:49:41.713+0000] {processor.py:186} INFO - Started process (PID=6455) to work on /home/ubuntu/demo8/lib/python3.12/site-packages/airflow/example_dags/example_branch_day_of_week_operator.py
[2024-12-18T20:49:41.714+0000] {processor.py:914} INFO - Processing file /home/ubuntu/demo8/lib/python3.12/site-packages/airflow/example_dags/example_branch_day_of_week_operator.py for tasks to queue
[2024-12-18T20:49:41.717+0000] {logging_mixin.py:190} INFO - [2024-12-18T20:49:41.716+0000] {dagbag.py:588} INFO - Filling up the DagBag from /home/ubuntu/demo8/lib/python3.12/site-packages/airflow/example_dags/example_branch_day_of_week_operator.py
[2024-12-18T20:49:41.728+0000] {processor.py:925} INFO - DAG(s) 'example_weekday_branch_operator' retrieved from /home/ubuntu/demo8/lib/python3.12/site-packages/airflow/example_dags/example_branch_day_of_week_operator.py
[2024-12-18T20:49:41.746+0000] {logging_mixin.py:190} INFO - [2024-12-18T20:49:41.746+0000] {dag.py:3239} INFO - Sync 1 DAGs
[2024-12-18T20:49:41.768+0000] {logging_mixin.py:190} INFO - [2024-12-18T20:49:41.768+0000] {dag.py:4180} INFO - Setting next_dagrun for example_weekday_branch_operator to 2024-12-17 00:00:00+00:00, run_after=2024-12-18 00:00:00+00:00
[2024-12-18T20:49:41.792+0000] {processor.py:208} INFO - Processing /home/ubuntu/demo8/lib/python3.12/site-packages/airflow/example_dags/example_branch_day_of_week_operator.py took 0.085 seconds
[2024-12-18T20:50:39.319+0000] {processor.py:186} INFO - Started process (PID=6819) to work on /home/ubuntu/demo8/lib/python3.12/site-packages/airflow/example_dags/example_branch_day_of_week_operator.py
[2024-12-18T20:50:39.320+0000] {processor.py:914} INFO - Processing file /home/ubuntu/demo8/lib/python3.12/site-packages/airflow/example_dags/example_branch_day_of_week_operator.py for tasks to queue
[2024-12-18T20:50:39.323+0000] {logging_mixin.py:190} INFO - [2024-12-18T20:50:39.323+0000] {dagbag.py:588} INFO - Filling up the DagBag from /home/ubuntu/demo8/lib/python3.12/site-packages/airflow/example_dags/example_branch_day_of_week_operator.py
[2024-12-18T20:50:39.335+0000] {processor.py:925} INFO - DAG(s) 'example_weekday_branch_operator' retrieved from /home/ubuntu/demo8/lib/python3.12/site-packages/airflow/example_dags/example_branch_day_of_week_operator.py
[2024-12-18T20:50:39.353+0000] {logging_mixin.py:190} INFO - [2024-12-18T20:50:39.352+0000] {dag.py:3239} INFO - Sync 1 DAGs
[2024-12-18T20:50:39.375+0000] {logging_mixin.py:190} INFO - [2024-12-18T20:50:39.375+0000] {dag.py:4180} INFO - Setting next_dagrun for example_weekday_branch_operator to 2024-12-17 00:00:00+00:00, run_after=2024-12-18 00:00:00+00:00
[2024-12-18T20:50:39.399+0000] {processor.py:208} INFO - Processing /home/ubuntu/demo8/lib/python3.12/site-packages/airflow/example_dags/example_branch_day_of_week_operator.py took 0.086 seconds
