[2024-12-18T15:44:26.676+0000] {processor.py:186} INFO - Started process (PID=3652) to work on /home/ubuntu/demo8/lib/python3.12/site-packages/airflow/example_dags/example_task_group.py
[2024-12-18T15:44:26.677+0000] {processor.py:914} INFO - Processing file /home/ubuntu/demo8/lib/python3.12/site-packages/airflow/example_dags/example_task_group.py for tasks to queue
[2024-12-18T15:44:26.679+0000] {logging_mixin.py:190} INFO - [2024-12-18T15:44:26.679+0000] {dagbag.py:588} INFO - Filling up the DagBag from /home/ubuntu/demo8/lib/python3.12/site-packages/airflow/example_dags/example_task_group.py
[2024-12-18T15:44:26.689+0000] {processor.py:925} INFO - DAG(s) 'example_task_group' retrieved from /home/ubuntu/demo8/lib/python3.12/site-packages/airflow/example_dags/example_task_group.py
[2024-12-18T15:44:26.830+0000] {logging_mixin.py:190} INFO - [2024-12-18T15:44:26.829+0000] {override.py:1911} INFO - Created Permission View: can read on DAG:example_task_group
[2024-12-18T15:44:26.842+0000] {logging_mixin.py:190} INFO - [2024-12-18T15:44:26.842+0000] {override.py:1911} INFO - Created Permission View: can delete on DAG:example_task_group
[2024-12-18T15:44:26.852+0000] {logging_mixin.py:190} INFO - [2024-12-18T15:44:26.852+0000] {override.py:1911} INFO - Created Permission View: can edit on DAG:example_task_group
[2024-12-18T15:44:26.867+0000] {logging_mixin.py:190} INFO - [2024-12-18T15:44:26.867+0000] {override.py:1911} INFO - Created Permission View: can create on DAG Run:example_task_group
[2024-12-18T15:44:26.877+0000] {logging_mixin.py:190} INFO - [2024-12-18T15:44:26.877+0000] {override.py:1911} INFO - Created Permission View: can read on DAG Run:example_task_group
[2024-12-18T15:44:26.886+0000] {logging_mixin.py:190} INFO - [2024-12-18T15:44:26.886+0000] {override.py:1911} INFO - Created Permission View: menu access on DAG Run:example_task_group
[2024-12-18T15:44:26.896+0000] {logging_mixin.py:190} INFO - [2024-12-18T15:44:26.895+0000] {override.py:1911} INFO - Created Permission View: can delete on DAG Run:example_task_group
[2024-12-18T15:44:26.896+0000] {logging_mixin.py:190} INFO - [2024-12-18T15:44:26.896+0000] {dag.py:3239} INFO - Sync 1 DAGs
[2024-12-18T15:44:26.910+0000] {logging_mixin.py:190} INFO - [2024-12-18T15:44:26.910+0000] {dag.py:3262} INFO - Creating ORM DAG for example_task_group
[2024-12-18T15:44:26.911+0000] {logging_mixin.py:190} INFO - [2024-12-18T15:44:26.911+0000] {dag.py:4180} INFO - Setting next_dagrun for example_task_group to None, run_after=None
[2024-12-18T15:44:26.932+0000] {processor.py:208} INFO - Processing /home/ubuntu/demo8/lib/python3.12/site-packages/airflow/example_dags/example_task_group.py took 0.262 seconds
[2024-12-18T15:45:33.715+0000] {processor.py:186} INFO - Started process (PID=3749) to work on /home/ubuntu/demo8/lib/python3.12/site-packages/airflow/example_dags/example_task_group.py
[2024-12-18T15:45:33.717+0000] {processor.py:914} INFO - Processing file /home/ubuntu/demo8/lib/python3.12/site-packages/airflow/example_dags/example_task_group.py for tasks to queue
[2024-12-18T15:45:33.719+0000] {logging_mixin.py:190} INFO - [2024-12-18T15:45:33.718+0000] {dagbag.py:588} INFO - Filling up the DagBag from /home/ubuntu/demo8/lib/python3.12/site-packages/airflow/example_dags/example_task_group.py
[2024-12-18T15:45:33.729+0000] {processor.py:925} INFO - DAG(s) 'example_task_group' retrieved from /home/ubuntu/demo8/lib/python3.12/site-packages/airflow/example_dags/example_task_group.py
[2024-12-18T15:45:33.747+0000] {logging_mixin.py:190} INFO - [2024-12-18T15:45:33.747+0000] {dag.py:3239} INFO - Sync 1 DAGs
[2024-12-18T15:45:33.761+0000] {logging_mixin.py:190} INFO - [2024-12-18T15:45:33.761+0000] {dag.py:4180} INFO - Setting next_dagrun for example_task_group to None, run_after=None
[2024-12-18T15:45:33.784+0000] {processor.py:208} INFO - Processing /home/ubuntu/demo8/lib/python3.12/site-packages/airflow/example_dags/example_task_group.py took 0.075 seconds
[2024-12-18T15:46:31.814+0000] {processor.py:186} INFO - Started process (PID=3810) to work on /home/ubuntu/demo8/lib/python3.12/site-packages/airflow/example_dags/example_task_group.py
[2024-12-18T15:46:31.816+0000] {processor.py:914} INFO - Processing file /home/ubuntu/demo8/lib/python3.12/site-packages/airflow/example_dags/example_task_group.py for tasks to queue
[2024-12-18T15:46:31.818+0000] {logging_mixin.py:190} INFO - [2024-12-18T15:46:31.818+0000] {dagbag.py:588} INFO - Filling up the DagBag from /home/ubuntu/demo8/lib/python3.12/site-packages/airflow/example_dags/example_task_group.py
[2024-12-18T15:46:31.829+0000] {processor.py:925} INFO - DAG(s) 'example_task_group' retrieved from /home/ubuntu/demo8/lib/python3.12/site-packages/airflow/example_dags/example_task_group.py
[2024-12-18T15:46:31.854+0000] {logging_mixin.py:190} INFO - [2024-12-18T15:46:31.854+0000] {dag.py:3239} INFO - Sync 1 DAGs
[2024-12-18T15:46:31.868+0000] {logging_mixin.py:190} INFO - [2024-12-18T15:46:31.868+0000] {dag.py:4180} INFO - Setting next_dagrun for example_task_group to None, run_after=None
[2024-12-18T15:46:31.890+0000] {processor.py:208} INFO - Processing /home/ubuntu/demo8/lib/python3.12/site-packages/airflow/example_dags/example_task_group.py took 0.082 seconds
[2024-12-18T15:47:26.342+0000] {processor.py:186} INFO - Started process (PID=4273) to work on /home/ubuntu/demo8/lib/python3.12/site-packages/airflow/example_dags/example_task_group.py
[2024-12-18T15:47:26.343+0000] {processor.py:914} INFO - Processing file /home/ubuntu/demo8/lib/python3.12/site-packages/airflow/example_dags/example_task_group.py for tasks to queue
[2024-12-18T15:47:26.346+0000] {logging_mixin.py:190} INFO - [2024-12-18T15:47:26.346+0000] {dagbag.py:588} INFO - Filling up the DagBag from /home/ubuntu/demo8/lib/python3.12/site-packages/airflow/example_dags/example_task_group.py
[2024-12-18T15:47:26.356+0000] {processor.py:925} INFO - DAG(s) 'example_task_group' retrieved from /home/ubuntu/demo8/lib/python3.12/site-packages/airflow/example_dags/example_task_group.py
[2024-12-18T15:47:26.375+0000] {logging_mixin.py:190} INFO - [2024-12-18T15:47:26.375+0000] {dag.py:3239} INFO - Sync 1 DAGs
[2024-12-18T15:47:26.389+0000] {logging_mixin.py:190} INFO - [2024-12-18T15:47:26.388+0000] {dag.py:4180} INFO - Setting next_dagrun for example_task_group to None, run_after=None
[2024-12-18T15:47:26.412+0000] {processor.py:208} INFO - Processing /home/ubuntu/demo8/lib/python3.12/site-packages/airflow/example_dags/example_task_group.py took 0.076 seconds
[2024-12-18T15:48:20.621+0000] {processor.py:186} INFO - Started process (PID=4329) to work on /home/ubuntu/demo8/lib/python3.12/site-packages/airflow/example_dags/example_task_group.py
[2024-12-18T15:48:20.622+0000] {processor.py:914} INFO - Processing file /home/ubuntu/demo8/lib/python3.12/site-packages/airflow/example_dags/example_task_group.py for tasks to queue
[2024-12-18T15:48:20.625+0000] {logging_mixin.py:190} INFO - [2024-12-18T15:48:20.624+0000] {dagbag.py:588} INFO - Filling up the DagBag from /home/ubuntu/demo8/lib/python3.12/site-packages/airflow/example_dags/example_task_group.py
[2024-12-18T15:48:20.635+0000] {processor.py:925} INFO - DAG(s) 'example_task_group' retrieved from /home/ubuntu/demo8/lib/python3.12/site-packages/airflow/example_dags/example_task_group.py
[2024-12-18T15:48:20.653+0000] {logging_mixin.py:190} INFO - [2024-12-18T15:48:20.653+0000] {dag.py:3239} INFO - Sync 1 DAGs
[2024-12-18T15:48:20.667+0000] {logging_mixin.py:190} INFO - [2024-12-18T15:48:20.666+0000] {dag.py:4180} INFO - Setting next_dagrun for example_task_group to None, run_after=None
[2024-12-18T15:48:20.689+0000] {processor.py:208} INFO - Processing /home/ubuntu/demo8/lib/python3.12/site-packages/airflow/example_dags/example_task_group.py took 0.074 seconds
[2024-12-18T15:49:16.425+0000] {processor.py:186} INFO - Started process (PID=4383) to work on /home/ubuntu/demo8/lib/python3.12/site-packages/airflow/example_dags/example_task_group.py
[2024-12-18T15:49:16.427+0000] {processor.py:914} INFO - Processing file /home/ubuntu/demo8/lib/python3.12/site-packages/airflow/example_dags/example_task_group.py for tasks to queue
[2024-12-18T15:49:16.429+0000] {logging_mixin.py:190} INFO - [2024-12-18T15:49:16.429+0000] {dagbag.py:588} INFO - Filling up the DagBag from /home/ubuntu/demo8/lib/python3.12/site-packages/airflow/example_dags/example_task_group.py
[2024-12-18T15:49:16.439+0000] {processor.py:925} INFO - DAG(s) 'example_task_group' retrieved from /home/ubuntu/demo8/lib/python3.12/site-packages/airflow/example_dags/example_task_group.py
[2024-12-18T15:49:16.458+0000] {logging_mixin.py:190} INFO - [2024-12-18T15:49:16.458+0000] {dag.py:3239} INFO - Sync 1 DAGs
[2024-12-18T15:49:16.588+0000] {logging_mixin.py:190} INFO - [2024-12-18T15:49:16.588+0000] {dag.py:4180} INFO - Setting next_dagrun for example_task_group to None, run_after=None
[2024-12-18T15:49:16.608+0000] {processor.py:208} INFO - Processing /home/ubuntu/demo8/lib/python3.12/site-packages/airflow/example_dags/example_task_group.py took 0.189 seconds
[2024-12-18T15:50:20.088+0000] {processor.py:186} INFO - Started process (PID=4445) to work on /home/ubuntu/demo8/lib/python3.12/site-packages/airflow/example_dags/example_task_group.py
[2024-12-18T15:50:20.090+0000] {processor.py:914} INFO - Processing file /home/ubuntu/demo8/lib/python3.12/site-packages/airflow/example_dags/example_task_group.py for tasks to queue
[2024-12-18T15:50:20.093+0000] {logging_mixin.py:190} INFO - [2024-12-18T15:50:20.092+0000] {dagbag.py:588} INFO - Filling up the DagBag from /home/ubuntu/demo8/lib/python3.12/site-packages/airflow/example_dags/example_task_group.py
[2024-12-18T15:50:20.103+0000] {processor.py:925} INFO - DAG(s) 'example_task_group' retrieved from /home/ubuntu/demo8/lib/python3.12/site-packages/airflow/example_dags/example_task_group.py
[2024-12-18T15:50:20.122+0000] {logging_mixin.py:190} INFO - [2024-12-18T15:50:20.122+0000] {dag.py:3239} INFO - Sync 1 DAGs
[2024-12-18T15:50:20.137+0000] {logging_mixin.py:190} INFO - [2024-12-18T15:50:20.137+0000] {dag.py:4180} INFO - Setting next_dagrun for example_task_group to None, run_after=None
[2024-12-18T15:50:20.159+0000] {processor.py:208} INFO - Processing /home/ubuntu/demo8/lib/python3.12/site-packages/airflow/example_dags/example_task_group.py took 0.078 seconds
[2024-12-18T15:51:15.195+0000] {processor.py:186} INFO - Started process (PID=4514) to work on /home/ubuntu/demo8/lib/python3.12/site-packages/airflow/example_dags/example_task_group.py
[2024-12-18T15:51:15.197+0000] {processor.py:914} INFO - Processing file /home/ubuntu/demo8/lib/python3.12/site-packages/airflow/example_dags/example_task_group.py for tasks to queue
[2024-12-18T15:51:15.200+0000] {logging_mixin.py:190} INFO - [2024-12-18T15:51:15.199+0000] {dagbag.py:588} INFO - Filling up the DagBag from /home/ubuntu/demo8/lib/python3.12/site-packages/airflow/example_dags/example_task_group.py
[2024-12-18T15:51:15.210+0000] {processor.py:925} INFO - DAG(s) 'example_task_group' retrieved from /home/ubuntu/demo8/lib/python3.12/site-packages/airflow/example_dags/example_task_group.py
[2024-12-18T15:51:15.229+0000] {logging_mixin.py:190} INFO - [2024-12-18T15:51:15.229+0000] {dag.py:3239} INFO - Sync 1 DAGs
[2024-12-18T15:51:15.243+0000] {logging_mixin.py:190} INFO - [2024-12-18T15:51:15.243+0000] {dag.py:4180} INFO - Setting next_dagrun for example_task_group to None, run_after=None
[2024-12-18T15:51:15.266+0000] {processor.py:208} INFO - Processing /home/ubuntu/demo8/lib/python3.12/site-packages/airflow/example_dags/example_task_group.py took 0.077 seconds
[2024-12-18T15:52:06.783+0000] {processor.py:186} INFO - Started process (PID=4568) to work on /home/ubuntu/demo8/lib/python3.12/site-packages/airflow/example_dags/example_task_group.py
[2024-12-18T15:52:06.785+0000] {processor.py:914} INFO - Processing file /home/ubuntu/demo8/lib/python3.12/site-packages/airflow/example_dags/example_task_group.py for tasks to queue
[2024-12-18T15:52:06.787+0000] {logging_mixin.py:190} INFO - [2024-12-18T15:52:06.786+0000] {dagbag.py:588} INFO - Filling up the DagBag from /home/ubuntu/demo8/lib/python3.12/site-packages/airflow/example_dags/example_task_group.py
[2024-12-18T15:52:06.797+0000] {processor.py:925} INFO - DAG(s) 'example_task_group' retrieved from /home/ubuntu/demo8/lib/python3.12/site-packages/airflow/example_dags/example_task_group.py
[2024-12-18T15:52:06.815+0000] {logging_mixin.py:190} INFO - [2024-12-18T15:52:06.815+0000] {dag.py:3239} INFO - Sync 1 DAGs
[2024-12-18T15:52:06.829+0000] {logging_mixin.py:190} INFO - [2024-12-18T15:52:06.829+0000] {dag.py:4180} INFO - Setting next_dagrun for example_task_group to None, run_after=None
[2024-12-18T15:52:06.852+0000] {processor.py:208} INFO - Processing /home/ubuntu/demo8/lib/python3.12/site-packages/airflow/example_dags/example_task_group.py took 0.076 seconds
[2024-12-18T15:53:01.283+0000] {processor.py:186} INFO - Started process (PID=4626) to work on /home/ubuntu/demo8/lib/python3.12/site-packages/airflow/example_dags/example_task_group.py
[2024-12-18T15:53:01.284+0000] {processor.py:914} INFO - Processing file /home/ubuntu/demo8/lib/python3.12/site-packages/airflow/example_dags/example_task_group.py for tasks to queue
[2024-12-18T15:53:01.287+0000] {logging_mixin.py:190} INFO - [2024-12-18T15:53:01.287+0000] {dagbag.py:588} INFO - Filling up the DagBag from /home/ubuntu/demo8/lib/python3.12/site-packages/airflow/example_dags/example_task_group.py
[2024-12-18T15:53:01.297+0000] {processor.py:925} INFO - DAG(s) 'example_task_group' retrieved from /home/ubuntu/demo8/lib/python3.12/site-packages/airflow/example_dags/example_task_group.py
[2024-12-18T15:53:01.315+0000] {logging_mixin.py:190} INFO - [2024-12-18T15:53:01.315+0000] {dag.py:3239} INFO - Sync 1 DAGs
[2024-12-18T15:53:01.329+0000] {logging_mixin.py:190} INFO - [2024-12-18T15:53:01.329+0000] {dag.py:4180} INFO - Setting next_dagrun for example_task_group to None, run_after=None
[2024-12-18T15:53:01.352+0000] {processor.py:208} INFO - Processing /home/ubuntu/demo8/lib/python3.12/site-packages/airflow/example_dags/example_task_group.py took 0.075 seconds
[2024-12-18T15:53:56.897+0000] {processor.py:186} INFO - Started process (PID=4693) to work on /home/ubuntu/demo8/lib/python3.12/site-packages/airflow/example_dags/example_task_group.py
[2024-12-18T15:53:56.899+0000] {processor.py:914} INFO - Processing file /home/ubuntu/demo8/lib/python3.12/site-packages/airflow/example_dags/example_task_group.py for tasks to queue
[2024-12-18T15:53:56.902+0000] {logging_mixin.py:190} INFO - [2024-12-18T15:53:56.902+0000] {dagbag.py:588} INFO - Filling up the DagBag from /home/ubuntu/demo8/lib/python3.12/site-packages/airflow/example_dags/example_task_group.py
[2024-12-18T15:53:56.912+0000] {processor.py:925} INFO - DAG(s) 'example_task_group' retrieved from /home/ubuntu/demo8/lib/python3.12/site-packages/airflow/example_dags/example_task_group.py
[2024-12-18T15:53:56.937+0000] {logging_mixin.py:190} INFO - [2024-12-18T15:53:56.937+0000] {dag.py:3239} INFO - Sync 1 DAGs
[2024-12-18T15:53:56.956+0000] {logging_mixin.py:190} INFO - [2024-12-18T15:53:56.956+0000] {dag.py:4180} INFO - Setting next_dagrun for example_task_group to None, run_after=None
[2024-12-18T15:53:56.978+0000] {processor.py:208} INFO - Processing /home/ubuntu/demo8/lib/python3.12/site-packages/airflow/example_dags/example_task_group.py took 0.087 seconds
[2024-12-18T15:54:41.884+0000] {processor.py:186} INFO - Started process (PID=4753) to work on /home/ubuntu/demo8/lib/python3.12/site-packages/airflow/example_dags/example_task_group.py
[2024-12-18T15:54:41.885+0000] {processor.py:914} INFO - Processing file /home/ubuntu/demo8/lib/python3.12/site-packages/airflow/example_dags/example_task_group.py for tasks to queue
[2024-12-18T15:54:41.888+0000] {logging_mixin.py:190} INFO - [2024-12-18T15:54:41.887+0000] {dagbag.py:588} INFO - Filling up the DagBag from /home/ubuntu/demo8/lib/python3.12/site-packages/airflow/example_dags/example_task_group.py
[2024-12-18T15:54:41.898+0000] {processor.py:925} INFO - DAG(s) 'example_task_group' retrieved from /home/ubuntu/demo8/lib/python3.12/site-packages/airflow/example_dags/example_task_group.py
[2024-12-18T15:54:41.918+0000] {logging_mixin.py:190} INFO - [2024-12-18T15:54:41.918+0000] {dag.py:3239} INFO - Sync 1 DAGs
[2024-12-18T15:54:41.932+0000] {logging_mixin.py:190} INFO - [2024-12-18T15:54:41.932+0000] {dag.py:4180} INFO - Setting next_dagrun for example_task_group to None, run_after=None
[2024-12-18T15:54:41.955+0000] {processor.py:208} INFO - Processing /home/ubuntu/demo8/lib/python3.12/site-packages/airflow/example_dags/example_task_group.py took 0.077 seconds
[2024-12-18T15:55:38.841+0000] {processor.py:186} INFO - Started process (PID=4816) to work on /home/ubuntu/demo8/lib/python3.12/site-packages/airflow/example_dags/example_task_group.py
[2024-12-18T15:55:38.842+0000] {processor.py:914} INFO - Processing file /home/ubuntu/demo8/lib/python3.12/site-packages/airflow/example_dags/example_task_group.py for tasks to queue
[2024-12-18T15:55:38.845+0000] {logging_mixin.py:190} INFO - [2024-12-18T15:55:38.844+0000] {dagbag.py:588} INFO - Filling up the DagBag from /home/ubuntu/demo8/lib/python3.12/site-packages/airflow/example_dags/example_task_group.py
[2024-12-18T15:55:38.855+0000] {processor.py:925} INFO - DAG(s) 'example_task_group' retrieved from /home/ubuntu/demo8/lib/python3.12/site-packages/airflow/example_dags/example_task_group.py
[2024-12-18T15:55:38.874+0000] {logging_mixin.py:190} INFO - [2024-12-18T15:55:38.874+0000] {dag.py:3239} INFO - Sync 1 DAGs
[2024-12-18T15:55:38.889+0000] {logging_mixin.py:190} INFO - [2024-12-18T15:55:38.888+0000] {dag.py:4180} INFO - Setting next_dagrun for example_task_group to None, run_after=None
[2024-12-18T15:55:38.912+0000] {processor.py:208} INFO - Processing /home/ubuntu/demo8/lib/python3.12/site-packages/airflow/example_dags/example_task_group.py took 0.077 seconds
[2024-12-18T15:56:30.923+0000] {processor.py:186} INFO - Started process (PID=4871) to work on /home/ubuntu/demo8/lib/python3.12/site-packages/airflow/example_dags/example_task_group.py
[2024-12-18T15:56:30.925+0000] {processor.py:914} INFO - Processing file /home/ubuntu/demo8/lib/python3.12/site-packages/airflow/example_dags/example_task_group.py for tasks to queue
[2024-12-18T15:56:30.927+0000] {logging_mixin.py:190} INFO - [2024-12-18T15:56:30.926+0000] {dagbag.py:588} INFO - Filling up the DagBag from /home/ubuntu/demo8/lib/python3.12/site-packages/airflow/example_dags/example_task_group.py
[2024-12-18T15:56:30.937+0000] {processor.py:925} INFO - DAG(s) 'example_task_group' retrieved from /home/ubuntu/demo8/lib/python3.12/site-packages/airflow/example_dags/example_task_group.py
[2024-12-18T15:56:30.955+0000] {logging_mixin.py:190} INFO - [2024-12-18T15:56:30.955+0000] {dag.py:3239} INFO - Sync 1 DAGs
[2024-12-18T15:56:30.968+0000] {logging_mixin.py:190} INFO - [2024-12-18T15:56:30.968+0000] {dag.py:4180} INFO - Setting next_dagrun for example_task_group to None, run_after=None
[2024-12-18T15:56:30.991+0000] {processor.py:208} INFO - Processing /home/ubuntu/demo8/lib/python3.12/site-packages/airflow/example_dags/example_task_group.py took 0.074 seconds
[2024-12-18T15:57:09.502+0000] {processor.py:186} INFO - Started process (PID=4903) to work on /home/ubuntu/demo8/lib/python3.12/site-packages/airflow/example_dags/example_task_group.py
[2024-12-18T15:57:09.503+0000] {processor.py:914} INFO - Processing file /home/ubuntu/demo8/lib/python3.12/site-packages/airflow/example_dags/example_task_group.py for tasks to queue
[2024-12-18T15:57:09.505+0000] {logging_mixin.py:190} INFO - [2024-12-18T15:57:09.505+0000] {dagbag.py:588} INFO - Filling up the DagBag from /home/ubuntu/demo8/lib/python3.12/site-packages/airflow/example_dags/example_task_group.py
[2024-12-18T15:57:09.515+0000] {processor.py:925} INFO - DAG(s) 'example_task_group' retrieved from /home/ubuntu/demo8/lib/python3.12/site-packages/airflow/example_dags/example_task_group.py
[2024-12-18T15:57:09.536+0000] {logging_mixin.py:190} INFO - [2024-12-18T15:57:09.536+0000] {dag.py:3239} INFO - Sync 1 DAGs
[2024-12-18T15:57:09.549+0000] {logging_mixin.py:190} INFO - [2024-12-18T15:57:09.549+0000] {dag.py:4180} INFO - Setting next_dagrun for example_task_group to None, run_after=None
[2024-12-18T15:57:09.574+0000] {processor.py:208} INFO - Processing /home/ubuntu/demo8/lib/python3.12/site-packages/airflow/example_dags/example_task_group.py took 0.078 seconds
[2024-12-18T15:58:06.284+0000] {processor.py:186} INFO - Started process (PID=4961) to work on /home/ubuntu/demo8/lib/python3.12/site-packages/airflow/example_dags/example_task_group.py
[2024-12-18T15:58:06.286+0000] {processor.py:914} INFO - Processing file /home/ubuntu/demo8/lib/python3.12/site-packages/airflow/example_dags/example_task_group.py for tasks to queue
[2024-12-18T15:58:06.288+0000] {logging_mixin.py:190} INFO - [2024-12-18T15:58:06.287+0000] {dagbag.py:588} INFO - Filling up the DagBag from /home/ubuntu/demo8/lib/python3.12/site-packages/airflow/example_dags/example_task_group.py
[2024-12-18T15:58:06.298+0000] {processor.py:925} INFO - DAG(s) 'example_task_group' retrieved from /home/ubuntu/demo8/lib/python3.12/site-packages/airflow/example_dags/example_task_group.py
[2024-12-18T15:58:06.317+0000] {logging_mixin.py:190} INFO - [2024-12-18T15:58:06.316+0000] {dag.py:3239} INFO - Sync 1 DAGs
[2024-12-18T15:58:06.331+0000] {logging_mixin.py:190} INFO - [2024-12-18T15:58:06.331+0000] {dag.py:4180} INFO - Setting next_dagrun for example_task_group to None, run_after=None
[2024-12-18T15:58:06.353+0000] {processor.py:208} INFO - Processing /home/ubuntu/demo8/lib/python3.12/site-packages/airflow/example_dags/example_task_group.py took 0.074 seconds
[2024-12-18T15:58:58.431+0000] {processor.py:186} INFO - Started process (PID=5016) to work on /home/ubuntu/demo8/lib/python3.12/site-packages/airflow/example_dags/example_task_group.py
[2024-12-18T15:58:58.433+0000] {processor.py:914} INFO - Processing file /home/ubuntu/demo8/lib/python3.12/site-packages/airflow/example_dags/example_task_group.py for tasks to queue
[2024-12-18T15:58:58.435+0000] {logging_mixin.py:190} INFO - [2024-12-18T15:58:58.435+0000] {dagbag.py:588} INFO - Filling up the DagBag from /home/ubuntu/demo8/lib/python3.12/site-packages/airflow/example_dags/example_task_group.py
[2024-12-18T15:58:58.445+0000] {processor.py:925} INFO - DAG(s) 'example_task_group' retrieved from /home/ubuntu/demo8/lib/python3.12/site-packages/airflow/example_dags/example_task_group.py
[2024-12-18T15:58:58.464+0000] {logging_mixin.py:190} INFO - [2024-12-18T15:58:58.464+0000] {dag.py:3239} INFO - Sync 1 DAGs
[2024-12-18T15:58:58.477+0000] {logging_mixin.py:190} INFO - [2024-12-18T15:58:58.477+0000] {dag.py:4180} INFO - Setting next_dagrun for example_task_group to None, run_after=None
[2024-12-18T15:58:58.499+0000] {processor.py:208} INFO - Processing /home/ubuntu/demo8/lib/python3.12/site-packages/airflow/example_dags/example_task_group.py took 0.074 seconds
[2024-12-18T16:00:08.316+0000] {processor.py:186} INFO - Started process (PID=5084) to work on /home/ubuntu/demo8/lib/python3.12/site-packages/airflow/example_dags/example_task_group.py
[2024-12-18T16:00:08.317+0000] {processor.py:914} INFO - Processing file /home/ubuntu/demo8/lib/python3.12/site-packages/airflow/example_dags/example_task_group.py for tasks to queue
[2024-12-18T16:00:08.319+0000] {logging_mixin.py:190} INFO - [2024-12-18T16:00:08.319+0000] {dagbag.py:588} INFO - Filling up the DagBag from /home/ubuntu/demo8/lib/python3.12/site-packages/airflow/example_dags/example_task_group.py
[2024-12-18T16:00:08.329+0000] {processor.py:925} INFO - DAG(s) 'example_task_group' retrieved from /home/ubuntu/demo8/lib/python3.12/site-packages/airflow/example_dags/example_task_group.py
[2024-12-18T16:00:08.350+0000] {logging_mixin.py:190} INFO - [2024-12-18T16:00:08.349+0000] {dag.py:3239} INFO - Sync 1 DAGs
[2024-12-18T16:00:08.363+0000] {logging_mixin.py:190} INFO - [2024-12-18T16:00:08.363+0000] {dag.py:4180} INFO - Setting next_dagrun for example_task_group to None, run_after=None
[2024-12-18T16:00:08.387+0000] {processor.py:208} INFO - Processing /home/ubuntu/demo8/lib/python3.12/site-packages/airflow/example_dags/example_task_group.py took 0.077 seconds
[2024-12-18T16:01:05.118+0000] {processor.py:186} INFO - Started process (PID=5146) to work on /home/ubuntu/demo8/lib/python3.12/site-packages/airflow/example_dags/example_task_group.py
[2024-12-18T16:01:05.119+0000] {processor.py:914} INFO - Processing file /home/ubuntu/demo8/lib/python3.12/site-packages/airflow/example_dags/example_task_group.py for tasks to queue
[2024-12-18T16:01:05.122+0000] {logging_mixin.py:190} INFO - [2024-12-18T16:01:05.121+0000] {dagbag.py:588} INFO - Filling up the DagBag from /home/ubuntu/demo8/lib/python3.12/site-packages/airflow/example_dags/example_task_group.py
[2024-12-18T16:01:05.131+0000] {processor.py:925} INFO - DAG(s) 'example_task_group' retrieved from /home/ubuntu/demo8/lib/python3.12/site-packages/airflow/example_dags/example_task_group.py
[2024-12-18T16:01:05.150+0000] {logging_mixin.py:190} INFO - [2024-12-18T16:01:05.150+0000] {dag.py:3239} INFO - Sync 1 DAGs
[2024-12-18T16:01:05.164+0000] {logging_mixin.py:190} INFO - [2024-12-18T16:01:05.164+0000] {dag.py:4180} INFO - Setting next_dagrun for example_task_group to None, run_after=None
[2024-12-18T16:01:05.185+0000] {processor.py:208} INFO - Processing /home/ubuntu/demo8/lib/python3.12/site-packages/airflow/example_dags/example_task_group.py took 0.073 seconds
[2024-12-18T16:01:57.149+0000] {processor.py:186} INFO - Started process (PID=5202) to work on /home/ubuntu/demo8/lib/python3.12/site-packages/airflow/example_dags/example_task_group.py
[2024-12-18T16:01:57.151+0000] {processor.py:914} INFO - Processing file /home/ubuntu/demo8/lib/python3.12/site-packages/airflow/example_dags/example_task_group.py for tasks to queue
[2024-12-18T16:01:57.153+0000] {logging_mixin.py:190} INFO - [2024-12-18T16:01:57.153+0000] {dagbag.py:588} INFO - Filling up the DagBag from /home/ubuntu/demo8/lib/python3.12/site-packages/airflow/example_dags/example_task_group.py
[2024-12-18T16:01:57.163+0000] {processor.py:925} INFO - DAG(s) 'example_task_group' retrieved from /home/ubuntu/demo8/lib/python3.12/site-packages/airflow/example_dags/example_task_group.py
[2024-12-18T16:01:57.182+0000] {logging_mixin.py:190} INFO - [2024-12-18T16:01:57.182+0000] {dag.py:3239} INFO - Sync 1 DAGs
[2024-12-18T16:01:57.196+0000] {logging_mixin.py:190} INFO - [2024-12-18T16:01:57.196+0000] {dag.py:4180} INFO - Setting next_dagrun for example_task_group to None, run_after=None
[2024-12-18T16:01:57.239+0000] {processor.py:208} INFO - Processing /home/ubuntu/demo8/lib/python3.12/site-packages/airflow/example_dags/example_task_group.py took 0.095 seconds
[2024-12-18T16:02:50.939+0000] {processor.py:186} INFO - Started process (PID=5257) to work on /home/ubuntu/demo8/lib/python3.12/site-packages/airflow/example_dags/example_task_group.py
[2024-12-18T16:02:50.941+0000] {processor.py:914} INFO - Processing file /home/ubuntu/demo8/lib/python3.12/site-packages/airflow/example_dags/example_task_group.py for tasks to queue
[2024-12-18T16:02:50.943+0000] {logging_mixin.py:190} INFO - [2024-12-18T16:02:50.943+0000] {dagbag.py:588} INFO - Filling up the DagBag from /home/ubuntu/demo8/lib/python3.12/site-packages/airflow/example_dags/example_task_group.py
[2024-12-18T16:02:50.953+0000] {processor.py:925} INFO - DAG(s) 'example_task_group' retrieved from /home/ubuntu/demo8/lib/python3.12/site-packages/airflow/example_dags/example_task_group.py
[2024-12-18T16:02:50.971+0000] {logging_mixin.py:190} INFO - [2024-12-18T16:02:50.971+0000] {dag.py:3239} INFO - Sync 1 DAGs
[2024-12-18T16:02:50.984+0000] {logging_mixin.py:190} INFO - [2024-12-18T16:02:50.984+0000] {dag.py:4180} INFO - Setting next_dagrun for example_task_group to None, run_after=None
[2024-12-18T16:02:51.006+0000] {processor.py:208} INFO - Processing /home/ubuntu/demo8/lib/python3.12/site-packages/airflow/example_dags/example_task_group.py took 0.073 seconds
[2024-12-18T16:03:45.637+0000] {processor.py:186} INFO - Started process (PID=5312) to work on /home/ubuntu/demo8/lib/python3.12/site-packages/airflow/example_dags/example_task_group.py
[2024-12-18T16:03:45.638+0000] {processor.py:914} INFO - Processing file /home/ubuntu/demo8/lib/python3.12/site-packages/airflow/example_dags/example_task_group.py for tasks to queue
[2024-12-18T16:03:45.641+0000] {logging_mixin.py:190} INFO - [2024-12-18T16:03:45.641+0000] {dagbag.py:588} INFO - Filling up the DagBag from /home/ubuntu/demo8/lib/python3.12/site-packages/airflow/example_dags/example_task_group.py
[2024-12-18T16:03:45.651+0000] {processor.py:925} INFO - DAG(s) 'example_task_group' retrieved from /home/ubuntu/demo8/lib/python3.12/site-packages/airflow/example_dags/example_task_group.py
[2024-12-18T16:03:45.670+0000] {logging_mixin.py:190} INFO - [2024-12-18T16:03:45.670+0000] {dag.py:3239} INFO - Sync 1 DAGs
[2024-12-18T16:03:45.684+0000] {logging_mixin.py:190} INFO - [2024-12-18T16:03:45.684+0000] {dag.py:4180} INFO - Setting next_dagrun for example_task_group to None, run_after=None
[2024-12-18T16:03:45.707+0000] {processor.py:208} INFO - Processing /home/ubuntu/demo8/lib/python3.12/site-packages/airflow/example_dags/example_task_group.py took 0.077 seconds
[2024-12-18T20:29:34.081+0000] {processor.py:186} INFO - Started process (PID=2739) to work on /home/ubuntu/demo8/lib/python3.12/site-packages/airflow/example_dags/example_task_group.py
[2024-12-18T20:29:34.083+0000] {processor.py:914} INFO - Processing file /home/ubuntu/demo8/lib/python3.12/site-packages/airflow/example_dags/example_task_group.py for tasks to queue
[2024-12-18T20:29:34.086+0000] {logging_mixin.py:190} INFO - [2024-12-18T20:29:34.085+0000] {dagbag.py:588} INFO - Filling up the DagBag from /home/ubuntu/demo8/lib/python3.12/site-packages/airflow/example_dags/example_task_group.py
[2024-12-18T20:29:34.096+0000] {processor.py:925} INFO - DAG(s) 'example_task_group' retrieved from /home/ubuntu/demo8/lib/python3.12/site-packages/airflow/example_dags/example_task_group.py
[2024-12-18T20:29:34.116+0000] {logging_mixin.py:190} INFO - [2024-12-18T20:29:34.116+0000] {dag.py:3239} INFO - Sync 1 DAGs
[2024-12-18T20:29:34.130+0000] {logging_mixin.py:190} INFO - [2024-12-18T20:29:34.130+0000] {dag.py:4180} INFO - Setting next_dagrun for example_task_group to None, run_after=None
[2024-12-18T20:29:34.155+0000] {processor.py:208} INFO - Processing /home/ubuntu/demo8/lib/python3.12/site-packages/airflow/example_dags/example_task_group.py took 0.080 seconds
[2024-12-18T20:30:31.863+0000] {processor.py:186} INFO - Started process (PID=2923) to work on /home/ubuntu/demo8/lib/python3.12/site-packages/airflow/example_dags/example_task_group.py
[2024-12-18T20:30:31.865+0000] {processor.py:914} INFO - Processing file /home/ubuntu/demo8/lib/python3.12/site-packages/airflow/example_dags/example_task_group.py for tasks to queue
[2024-12-18T20:30:31.867+0000] {logging_mixin.py:190} INFO - [2024-12-18T20:30:31.867+0000] {dagbag.py:588} INFO - Filling up the DagBag from /home/ubuntu/demo8/lib/python3.12/site-packages/airflow/example_dags/example_task_group.py
[2024-12-18T20:30:31.877+0000] {processor.py:925} INFO - DAG(s) 'example_task_group' retrieved from /home/ubuntu/demo8/lib/python3.12/site-packages/airflow/example_dags/example_task_group.py
[2024-12-18T20:30:31.896+0000] {logging_mixin.py:190} INFO - [2024-12-18T20:30:31.896+0000] {dag.py:3239} INFO - Sync 1 DAGs
[2024-12-18T20:30:31.910+0000] {logging_mixin.py:190} INFO - [2024-12-18T20:30:31.910+0000] {dag.py:4180} INFO - Setting next_dagrun for example_task_group to None, run_after=None
[2024-12-18T20:30:31.933+0000] {processor.py:208} INFO - Processing /home/ubuntu/demo8/lib/python3.12/site-packages/airflow/example_dags/example_task_group.py took 0.075 seconds
[2024-12-18T20:31:27.729+0000] {processor.py:186} INFO - Started process (PID=3138) to work on /home/ubuntu/demo8/lib/python3.12/site-packages/airflow/example_dags/example_task_group.py
[2024-12-18T20:31:27.731+0000] {processor.py:914} INFO - Processing file /home/ubuntu/demo8/lib/python3.12/site-packages/airflow/example_dags/example_task_group.py for tasks to queue
[2024-12-18T20:31:27.734+0000] {logging_mixin.py:190} INFO - [2024-12-18T20:31:27.733+0000] {dagbag.py:588} INFO - Filling up the DagBag from /home/ubuntu/demo8/lib/python3.12/site-packages/airflow/example_dags/example_task_group.py
[2024-12-18T20:31:27.743+0000] {processor.py:925} INFO - DAG(s) 'example_task_group' retrieved from /home/ubuntu/demo8/lib/python3.12/site-packages/airflow/example_dags/example_task_group.py
[2024-12-18T20:31:27.762+0000] {logging_mixin.py:190} INFO - [2024-12-18T20:31:27.762+0000] {dag.py:3239} INFO - Sync 1 DAGs
[2024-12-18T20:31:27.775+0000] {logging_mixin.py:190} INFO - [2024-12-18T20:31:27.775+0000] {dag.py:4180} INFO - Setting next_dagrun for example_task_group to None, run_after=None
[2024-12-18T20:31:27.797+0000] {processor.py:208} INFO - Processing /home/ubuntu/demo8/lib/python3.12/site-packages/airflow/example_dags/example_task_group.py took 0.074 seconds
[2024-12-18T20:32:22.312+0000] {processor.py:186} INFO - Started process (PID=3338) to work on /home/ubuntu/demo8/lib/python3.12/site-packages/airflow/example_dags/example_task_group.py
[2024-12-18T20:32:22.314+0000] {processor.py:914} INFO - Processing file /home/ubuntu/demo8/lib/python3.12/site-packages/airflow/example_dags/example_task_group.py for tasks to queue
[2024-12-18T20:32:22.317+0000] {logging_mixin.py:190} INFO - [2024-12-18T20:32:22.316+0000] {dagbag.py:588} INFO - Filling up the DagBag from /home/ubuntu/demo8/lib/python3.12/site-packages/airflow/example_dags/example_task_group.py
[2024-12-18T20:32:22.327+0000] {processor.py:925} INFO - DAG(s) 'example_task_group' retrieved from /home/ubuntu/demo8/lib/python3.12/site-packages/airflow/example_dags/example_task_group.py
[2024-12-18T20:32:22.345+0000] {logging_mixin.py:190} INFO - [2024-12-18T20:32:22.345+0000] {dag.py:3239} INFO - Sync 1 DAGs
[2024-12-18T20:32:22.359+0000] {logging_mixin.py:190} INFO - [2024-12-18T20:32:22.359+0000] {dag.py:4180} INFO - Setting next_dagrun for example_task_group to None, run_after=None
[2024-12-18T20:32:22.381+0000] {processor.py:208} INFO - Processing /home/ubuntu/demo8/lib/python3.12/site-packages/airflow/example_dags/example_task_group.py took 0.075 seconds
[2024-12-18T20:33:18.093+0000] {processor.py:186} INFO - Started process (PID=3509) to work on /home/ubuntu/demo8/lib/python3.12/site-packages/airflow/example_dags/example_task_group.py
[2024-12-18T20:33:18.095+0000] {processor.py:914} INFO - Processing file /home/ubuntu/demo8/lib/python3.12/site-packages/airflow/example_dags/example_task_group.py for tasks to queue
[2024-12-18T20:33:18.098+0000] {logging_mixin.py:190} INFO - [2024-12-18T20:33:18.097+0000] {dagbag.py:588} INFO - Filling up the DagBag from /home/ubuntu/demo8/lib/python3.12/site-packages/airflow/example_dags/example_task_group.py
[2024-12-18T20:33:18.107+0000] {processor.py:925} INFO - DAG(s) 'example_task_group' retrieved from /home/ubuntu/demo8/lib/python3.12/site-packages/airflow/example_dags/example_task_group.py
[2024-12-18T20:33:18.126+0000] {logging_mixin.py:190} INFO - [2024-12-18T20:33:18.126+0000] {dag.py:3239} INFO - Sync 1 DAGs
[2024-12-18T20:33:18.140+0000] {logging_mixin.py:190} INFO - [2024-12-18T20:33:18.140+0000] {dag.py:4180} INFO - Setting next_dagrun for example_task_group to None, run_after=None
[2024-12-18T20:33:18.163+0000] {processor.py:208} INFO - Processing /home/ubuntu/demo8/lib/python3.12/site-packages/airflow/example_dags/example_task_group.py took 0.075 seconds
[2024-12-18T20:34:16.959+0000] {processor.py:186} INFO - Started process (PID=3620) to work on /home/ubuntu/demo8/lib/python3.12/site-packages/airflow/example_dags/example_task_group.py
[2024-12-18T20:34:16.961+0000] {processor.py:914} INFO - Processing file /home/ubuntu/demo8/lib/python3.12/site-packages/airflow/example_dags/example_task_group.py for tasks to queue
[2024-12-18T20:34:16.963+0000] {logging_mixin.py:190} INFO - [2024-12-18T20:34:16.963+0000] {dagbag.py:588} INFO - Filling up the DagBag from /home/ubuntu/demo8/lib/python3.12/site-packages/airflow/example_dags/example_task_group.py
[2024-12-18T20:34:16.973+0000] {processor.py:925} INFO - DAG(s) 'example_task_group' retrieved from /home/ubuntu/demo8/lib/python3.12/site-packages/airflow/example_dags/example_task_group.py
[2024-12-18T20:34:17.109+0000] {logging_mixin.py:190} INFO - [2024-12-18T20:34:17.108+0000] {dag.py:3239} INFO - Sync 1 DAGs
[2024-12-18T20:34:17.120+0000] {logging_mixin.py:190} INFO - [2024-12-18T20:34:17.120+0000] {dag.py:4180} INFO - Setting next_dagrun for example_task_group to None, run_after=None
[2024-12-18T20:34:17.143+0000] {processor.py:208} INFO - Processing /home/ubuntu/demo8/lib/python3.12/site-packages/airflow/example_dags/example_task_group.py took 0.193 seconds
[2024-12-18T20:35:21.878+0000] {processor.py:186} INFO - Started process (PID=3815) to work on /home/ubuntu/demo8/lib/python3.12/site-packages/airflow/example_dags/example_task_group.py
[2024-12-18T20:35:21.880+0000] {processor.py:914} INFO - Processing file /home/ubuntu/demo8/lib/python3.12/site-packages/airflow/example_dags/example_task_group.py for tasks to queue
[2024-12-18T20:35:21.883+0000] {logging_mixin.py:190} INFO - [2024-12-18T20:35:21.882+0000] {dagbag.py:588} INFO - Filling up the DagBag from /home/ubuntu/demo8/lib/python3.12/site-packages/airflow/example_dags/example_task_group.py
[2024-12-18T20:35:21.894+0000] {processor.py:925} INFO - DAG(s) 'example_task_group' retrieved from /home/ubuntu/demo8/lib/python3.12/site-packages/airflow/example_dags/example_task_group.py
[2024-12-18T20:35:21.913+0000] {logging_mixin.py:190} INFO - [2024-12-18T20:35:21.913+0000] {dag.py:3239} INFO - Sync 1 DAGs
[2024-12-18T20:35:21.937+0000] {logging_mixin.py:190} INFO - [2024-12-18T20:35:21.937+0000] {dag.py:4180} INFO - Setting next_dagrun for example_task_group to None, run_after=None
[2024-12-18T20:35:21.961+0000] {processor.py:208} INFO - Processing /home/ubuntu/demo8/lib/python3.12/site-packages/airflow/example_dags/example_task_group.py took 0.089 seconds
[2024-12-18T20:36:19.576+0000] {processor.py:186} INFO - Started process (PID=3935) to work on /home/ubuntu/demo8/lib/python3.12/site-packages/airflow/example_dags/example_task_group.py
[2024-12-18T20:36:19.578+0000] {processor.py:914} INFO - Processing file /home/ubuntu/demo8/lib/python3.12/site-packages/airflow/example_dags/example_task_group.py for tasks to queue
[2024-12-18T20:36:19.581+0000] {logging_mixin.py:190} INFO - [2024-12-18T20:36:19.580+0000] {dagbag.py:588} INFO - Filling up the DagBag from /home/ubuntu/demo8/lib/python3.12/site-packages/airflow/example_dags/example_task_group.py
[2024-12-18T20:36:19.591+0000] {processor.py:925} INFO - DAG(s) 'example_task_group' retrieved from /home/ubuntu/demo8/lib/python3.12/site-packages/airflow/example_dags/example_task_group.py
[2024-12-18T20:36:19.609+0000] {logging_mixin.py:190} INFO - [2024-12-18T20:36:19.609+0000] {dag.py:3239} INFO - Sync 1 DAGs
[2024-12-18T20:36:19.625+0000] {logging_mixin.py:190} INFO - [2024-12-18T20:36:19.624+0000] {dag.py:4180} INFO - Setting next_dagrun for example_task_group to None, run_after=None
[2024-12-18T20:36:19.648+0000] {processor.py:208} INFO - Processing /home/ubuntu/demo8/lib/python3.12/site-packages/airflow/example_dags/example_task_group.py took 0.078 seconds
[2024-12-18T20:37:16.223+0000] {processor.py:186} INFO - Started process (PID=4020) to work on /home/ubuntu/demo8/lib/python3.12/site-packages/airflow/example_dags/example_task_group.py
[2024-12-18T20:37:16.224+0000] {processor.py:914} INFO - Processing file /home/ubuntu/demo8/lib/python3.12/site-packages/airflow/example_dags/example_task_group.py for tasks to queue
[2024-12-18T20:37:16.228+0000] {logging_mixin.py:190} INFO - [2024-12-18T20:37:16.227+0000] {dagbag.py:588} INFO - Filling up the DagBag from /home/ubuntu/demo8/lib/python3.12/site-packages/airflow/example_dags/example_task_group.py
[2024-12-18T20:37:16.238+0000] {processor.py:925} INFO - DAG(s) 'example_task_group' retrieved from /home/ubuntu/demo8/lib/python3.12/site-packages/airflow/example_dags/example_task_group.py
[2024-12-18T20:37:16.257+0000] {logging_mixin.py:190} INFO - [2024-12-18T20:37:16.257+0000] {dag.py:3239} INFO - Sync 1 DAGs
[2024-12-18T20:37:16.271+0000] {logging_mixin.py:190} INFO - [2024-12-18T20:37:16.271+0000] {dag.py:4180} INFO - Setting next_dagrun for example_task_group to None, run_after=None
[2024-12-18T20:37:16.294+0000] {processor.py:208} INFO - Processing /home/ubuntu/demo8/lib/python3.12/site-packages/airflow/example_dags/example_task_group.py took 0.077 seconds
[2024-12-18T20:38:12.443+0000] {processor.py:186} INFO - Started process (PID=4110) to work on /home/ubuntu/demo8/lib/python3.12/site-packages/airflow/example_dags/example_task_group.py
[2024-12-18T20:38:12.444+0000] {processor.py:914} INFO - Processing file /home/ubuntu/demo8/lib/python3.12/site-packages/airflow/example_dags/example_task_group.py for tasks to queue
[2024-12-18T20:38:12.447+0000] {logging_mixin.py:190} INFO - [2024-12-18T20:38:12.447+0000] {dagbag.py:588} INFO - Filling up the DagBag from /home/ubuntu/demo8/lib/python3.12/site-packages/airflow/example_dags/example_task_group.py
[2024-12-18T20:38:12.458+0000] {processor.py:925} INFO - DAG(s) 'example_task_group' retrieved from /home/ubuntu/demo8/lib/python3.12/site-packages/airflow/example_dags/example_task_group.py
[2024-12-18T20:38:12.476+0000] {logging_mixin.py:190} INFO - [2024-12-18T20:38:12.476+0000] {dag.py:3239} INFO - Sync 1 DAGs
[2024-12-18T20:38:12.499+0000] {logging_mixin.py:190} INFO - [2024-12-18T20:38:12.498+0000] {dag.py:4180} INFO - Setting next_dagrun for example_task_group to None, run_after=None
[2024-12-18T20:38:12.522+0000] {processor.py:208} INFO - Processing /home/ubuntu/demo8/lib/python3.12/site-packages/airflow/example_dags/example_task_group.py took 0.086 seconds
[2024-12-18T20:39:08.191+0000] {processor.py:186} INFO - Started process (PID=4229) to work on /home/ubuntu/demo8/lib/python3.12/site-packages/airflow/example_dags/example_task_group.py
[2024-12-18T20:39:08.193+0000] {processor.py:914} INFO - Processing file /home/ubuntu/demo8/lib/python3.12/site-packages/airflow/example_dags/example_task_group.py for tasks to queue
[2024-12-18T20:39:08.196+0000] {logging_mixin.py:190} INFO - [2024-12-18T20:39:08.196+0000] {dagbag.py:588} INFO - Filling up the DagBag from /home/ubuntu/demo8/lib/python3.12/site-packages/airflow/example_dags/example_task_group.py
[2024-12-18T20:39:08.206+0000] {processor.py:925} INFO - DAG(s) 'example_task_group' retrieved from /home/ubuntu/demo8/lib/python3.12/site-packages/airflow/example_dags/example_task_group.py
[2024-12-18T20:39:08.225+0000] {logging_mixin.py:190} INFO - [2024-12-18T20:39:08.224+0000] {dag.py:3239} INFO - Sync 1 DAGs
[2024-12-18T20:39:08.238+0000] {logging_mixin.py:190} INFO - [2024-12-18T20:39:08.238+0000] {dag.py:4180} INFO - Setting next_dagrun for example_task_group to None, run_after=None
[2024-12-18T20:39:08.261+0000] {processor.py:208} INFO - Processing /home/ubuntu/demo8/lib/python3.12/site-packages/airflow/example_dags/example_task_group.py took 0.076 seconds
[2024-12-18T20:40:03.652+0000] {processor.py:186} INFO - Started process (PID=4406) to work on /home/ubuntu/demo8/lib/python3.12/site-packages/airflow/example_dags/example_task_group.py
[2024-12-18T20:40:03.654+0000] {processor.py:914} INFO - Processing file /home/ubuntu/demo8/lib/python3.12/site-packages/airflow/example_dags/example_task_group.py for tasks to queue
[2024-12-18T20:40:03.657+0000] {logging_mixin.py:190} INFO - [2024-12-18T20:40:03.656+0000] {dagbag.py:588} INFO - Filling up the DagBag from /home/ubuntu/demo8/lib/python3.12/site-packages/airflow/example_dags/example_task_group.py
[2024-12-18T20:40:03.667+0000] {processor.py:925} INFO - DAG(s) 'example_task_group' retrieved from /home/ubuntu/demo8/lib/python3.12/site-packages/airflow/example_dags/example_task_group.py
[2024-12-18T20:40:03.687+0000] {logging_mixin.py:190} INFO - [2024-12-18T20:40:03.687+0000] {dag.py:3239} INFO - Sync 1 DAGs
[2024-12-18T20:40:03.701+0000] {logging_mixin.py:190} INFO - [2024-12-18T20:40:03.701+0000] {dag.py:4180} INFO - Setting next_dagrun for example_task_group to None, run_after=None
[2024-12-18T20:40:03.725+0000] {processor.py:208} INFO - Processing /home/ubuntu/demo8/lib/python3.12/site-packages/airflow/example_dags/example_task_group.py took 0.079 seconds
[2024-12-18T20:41:01.370+0000] {processor.py:186} INFO - Started process (PID=4543) to work on /home/ubuntu/demo8/lib/python3.12/site-packages/airflow/example_dags/example_task_group.py
[2024-12-18T20:41:01.371+0000] {processor.py:914} INFO - Processing file /home/ubuntu/demo8/lib/python3.12/site-packages/airflow/example_dags/example_task_group.py for tasks to queue
[2024-12-18T20:41:01.375+0000] {logging_mixin.py:190} INFO - [2024-12-18T20:41:01.374+0000] {dagbag.py:588} INFO - Filling up the DagBag from /home/ubuntu/demo8/lib/python3.12/site-packages/airflow/example_dags/example_task_group.py
[2024-12-18T20:41:01.385+0000] {processor.py:925} INFO - DAG(s) 'example_task_group' retrieved from /home/ubuntu/demo8/lib/python3.12/site-packages/airflow/example_dags/example_task_group.py
[2024-12-18T20:41:01.404+0000] {logging_mixin.py:190} INFO - [2024-12-18T20:41:01.403+0000] {dag.py:3239} INFO - Sync 1 DAGs
[2024-12-18T20:41:01.418+0000] {logging_mixin.py:190} INFO - [2024-12-18T20:41:01.418+0000] {dag.py:4180} INFO - Setting next_dagrun for example_task_group to None, run_after=None
[2024-12-18T20:41:01.440+0000] {processor.py:208} INFO - Processing /home/ubuntu/demo8/lib/python3.12/site-packages/airflow/example_dags/example_task_group.py took 0.077 seconds
[2024-12-18T20:41:53.824+0000] {processor.py:186} INFO - Started process (PID=4662) to work on /home/ubuntu/demo8/lib/python3.12/site-packages/airflow/example_dags/example_task_group.py
[2024-12-18T20:41:53.826+0000] {processor.py:914} INFO - Processing file /home/ubuntu/demo8/lib/python3.12/site-packages/airflow/example_dags/example_task_group.py for tasks to queue
[2024-12-18T20:41:53.829+0000] {logging_mixin.py:190} INFO - [2024-12-18T20:41:53.828+0000] {dagbag.py:588} INFO - Filling up the DagBag from /home/ubuntu/demo8/lib/python3.12/site-packages/airflow/example_dags/example_task_group.py
[2024-12-18T20:41:53.839+0000] {processor.py:925} INFO - DAG(s) 'example_task_group' retrieved from /home/ubuntu/demo8/lib/python3.12/site-packages/airflow/example_dags/example_task_group.py
[2024-12-18T20:41:53.870+0000] {logging_mixin.py:190} INFO - [2024-12-18T20:41:53.869+0000] {dag.py:3239} INFO - Sync 1 DAGs
[2024-12-18T20:41:53.885+0000] {logging_mixin.py:190} INFO - [2024-12-18T20:41:53.885+0000] {dag.py:4180} INFO - Setting next_dagrun for example_task_group to None, run_after=None
[2024-12-18T20:41:53.909+0000] {processor.py:208} INFO - Processing /home/ubuntu/demo8/lib/python3.12/site-packages/airflow/example_dags/example_task_group.py took 0.092 seconds
[2024-12-18T20:42:47.362+0000] {processor.py:186} INFO - Started process (PID=4775) to work on /home/ubuntu/demo8/lib/python3.12/site-packages/airflow/example_dags/example_task_group.py
[2024-12-18T20:42:47.364+0000] {processor.py:914} INFO - Processing file /home/ubuntu/demo8/lib/python3.12/site-packages/airflow/example_dags/example_task_group.py for tasks to queue
[2024-12-18T20:42:47.367+0000] {logging_mixin.py:190} INFO - [2024-12-18T20:42:47.367+0000] {dagbag.py:588} INFO - Filling up the DagBag from /home/ubuntu/demo8/lib/python3.12/site-packages/airflow/example_dags/example_task_group.py
[2024-12-18T20:42:47.378+0000] {processor.py:925} INFO - DAG(s) 'example_task_group' retrieved from /home/ubuntu/demo8/lib/python3.12/site-packages/airflow/example_dags/example_task_group.py
[2024-12-18T20:42:47.397+0000] {logging_mixin.py:190} INFO - [2024-12-18T20:42:47.397+0000] {dag.py:3239} INFO - Sync 1 DAGs
[2024-12-18T20:42:47.412+0000] {logging_mixin.py:190} INFO - [2024-12-18T20:42:47.412+0000] {dag.py:4180} INFO - Setting next_dagrun for example_task_group to None, run_after=None
[2024-12-18T20:42:47.436+0000] {processor.py:208} INFO - Processing /home/ubuntu/demo8/lib/python3.12/site-packages/airflow/example_dags/example_task_group.py took 0.080 seconds
[2024-12-18T20:43:41.102+0000] {processor.py:186} INFO - Started process (PID=4892) to work on /home/ubuntu/demo8/lib/python3.12/site-packages/airflow/example_dags/example_task_group.py
[2024-12-18T20:43:41.104+0000] {processor.py:914} INFO - Processing file /home/ubuntu/demo8/lib/python3.12/site-packages/airflow/example_dags/example_task_group.py for tasks to queue
[2024-12-18T20:43:41.107+0000] {logging_mixin.py:190} INFO - [2024-12-18T20:43:41.107+0000] {dagbag.py:588} INFO - Filling up the DagBag from /home/ubuntu/demo8/lib/python3.12/site-packages/airflow/example_dags/example_task_group.py
[2024-12-18T20:43:41.117+0000] {processor.py:925} INFO - DAG(s) 'example_task_group' retrieved from /home/ubuntu/demo8/lib/python3.12/site-packages/airflow/example_dags/example_task_group.py
[2024-12-18T20:43:41.136+0000] {logging_mixin.py:190} INFO - [2024-12-18T20:43:41.136+0000] {dag.py:3239} INFO - Sync 1 DAGs
[2024-12-18T20:43:41.151+0000] {logging_mixin.py:190} INFO - [2024-12-18T20:43:41.151+0000] {dag.py:4180} INFO - Setting next_dagrun for example_task_group to None, run_after=None
[2024-12-18T20:43:41.174+0000] {processor.py:208} INFO - Processing /home/ubuntu/demo8/lib/python3.12/site-packages/airflow/example_dags/example_task_group.py took 0.078 seconds
[2024-12-18T20:44:35.488+0000] {processor.py:186} INFO - Started process (PID=5068) to work on /home/ubuntu/demo8/lib/python3.12/site-packages/airflow/example_dags/example_task_group.py
[2024-12-18T20:44:35.490+0000] {processor.py:914} INFO - Processing file /home/ubuntu/demo8/lib/python3.12/site-packages/airflow/example_dags/example_task_group.py for tasks to queue
[2024-12-18T20:44:35.493+0000] {logging_mixin.py:190} INFO - [2024-12-18T20:44:35.493+0000] {dagbag.py:588} INFO - Filling up the DagBag from /home/ubuntu/demo8/lib/python3.12/site-packages/airflow/example_dags/example_task_group.py
[2024-12-18T20:44:35.503+0000] {processor.py:925} INFO - DAG(s) 'example_task_group' retrieved from /home/ubuntu/demo8/lib/python3.12/site-packages/airflow/example_dags/example_task_group.py
[2024-12-18T20:44:35.523+0000] {logging_mixin.py:190} INFO - [2024-12-18T20:44:35.523+0000] {dag.py:3239} INFO - Sync 1 DAGs
[2024-12-18T20:44:35.537+0000] {logging_mixin.py:190} INFO - [2024-12-18T20:44:35.537+0000] {dag.py:4180} INFO - Setting next_dagrun for example_task_group to None, run_after=None
[2024-12-18T20:44:35.564+0000] {processor.py:208} INFO - Processing /home/ubuntu/demo8/lib/python3.12/site-packages/airflow/example_dags/example_task_group.py took 0.082 seconds
[2024-12-18T20:45:29.393+0000] {processor.py:186} INFO - Started process (PID=5190) to work on /home/ubuntu/demo8/lib/python3.12/site-packages/airflow/example_dags/example_task_group.py
[2024-12-18T20:45:29.394+0000] {processor.py:914} INFO - Processing file /home/ubuntu/demo8/lib/python3.12/site-packages/airflow/example_dags/example_task_group.py for tasks to queue
[2024-12-18T20:45:29.397+0000] {logging_mixin.py:190} INFO - [2024-12-18T20:45:29.397+0000] {dagbag.py:588} INFO - Filling up the DagBag from /home/ubuntu/demo8/lib/python3.12/site-packages/airflow/example_dags/example_task_group.py
[2024-12-18T20:45:29.408+0000] {processor.py:925} INFO - DAG(s) 'example_task_group' retrieved from /home/ubuntu/demo8/lib/python3.12/site-packages/airflow/example_dags/example_task_group.py
[2024-12-18T20:45:29.427+0000] {logging_mixin.py:190} INFO - [2024-12-18T20:45:29.427+0000] {dag.py:3239} INFO - Sync 1 DAGs
[2024-12-18T20:45:29.441+0000] {logging_mixin.py:190} INFO - [2024-12-18T20:45:29.441+0000] {dag.py:4180} INFO - Setting next_dagrun for example_task_group to None, run_after=None
[2024-12-18T20:45:29.463+0000] {processor.py:208} INFO - Processing /home/ubuntu/demo8/lib/python3.12/site-packages/airflow/example_dags/example_task_group.py took 0.077 seconds
[2024-12-18T20:47:12.076+0000] {processor.py:186} INFO - Started process (PID=5821) to work on /home/ubuntu/demo8/lib/python3.12/site-packages/airflow/example_dags/example_task_group.py
[2024-12-18T20:47:12.078+0000] {processor.py:914} INFO - Processing file /home/ubuntu/demo8/lib/python3.12/site-packages/airflow/example_dags/example_task_group.py for tasks to queue
[2024-12-18T20:47:12.080+0000] {logging_mixin.py:190} INFO - [2024-12-18T20:47:12.080+0000] {dagbag.py:588} INFO - Filling up the DagBag from /home/ubuntu/demo8/lib/python3.12/site-packages/airflow/example_dags/example_task_group.py
[2024-12-18T20:47:12.090+0000] {processor.py:925} INFO - DAG(s) 'example_task_group' retrieved from /home/ubuntu/demo8/lib/python3.12/site-packages/airflow/example_dags/example_task_group.py
[2024-12-18T20:47:12.111+0000] {logging_mixin.py:190} INFO - [2024-12-18T20:47:12.111+0000] {dag.py:3239} INFO - Sync 1 DAGs
[2024-12-18T20:47:12.131+0000] {logging_mixin.py:190} INFO - [2024-12-18T20:47:12.130+0000] {dag.py:4180} INFO - Setting next_dagrun for example_task_group to None, run_after=None
[2024-12-18T20:47:12.158+0000] {processor.py:208} INFO - Processing /home/ubuntu/demo8/lib/python3.12/site-packages/airflow/example_dags/example_task_group.py took 0.088 seconds
[2024-12-18T20:48:11.537+0000] {processor.py:186} INFO - Started process (PID=5941) to work on /home/ubuntu/demo8/lib/python3.12/site-packages/airflow/example_dags/example_task_group.py
[2024-12-18T20:48:11.538+0000] {processor.py:914} INFO - Processing file /home/ubuntu/demo8/lib/python3.12/site-packages/airflow/example_dags/example_task_group.py for tasks to queue
[2024-12-18T20:48:11.541+0000] {logging_mixin.py:190} INFO - [2024-12-18T20:48:11.540+0000] {dagbag.py:588} INFO - Filling up the DagBag from /home/ubuntu/demo8/lib/python3.12/site-packages/airflow/example_dags/example_task_group.py
[2024-12-18T20:48:11.551+0000] {processor.py:925} INFO - DAG(s) 'example_task_group' retrieved from /home/ubuntu/demo8/lib/python3.12/site-packages/airflow/example_dags/example_task_group.py
[2024-12-18T20:48:11.570+0000] {logging_mixin.py:190} INFO - [2024-12-18T20:48:11.570+0000] {dag.py:3239} INFO - Sync 1 DAGs
[2024-12-18T20:48:11.585+0000] {logging_mixin.py:190} INFO - [2024-12-18T20:48:11.585+0000] {dag.py:4180} INFO - Setting next_dagrun for example_task_group to None, run_after=None
[2024-12-18T20:48:11.608+0000] {processor.py:208} INFO - Processing /home/ubuntu/demo8/lib/python3.12/site-packages/airflow/example_dags/example_task_group.py took 0.077 seconds
[2024-12-18T20:49:08.937+0000] {processor.py:186} INFO - Started process (PID=6422) to work on /home/ubuntu/demo8/lib/python3.12/site-packages/airflow/example_dags/example_task_group.py
[2024-12-18T20:49:08.939+0000] {processor.py:914} INFO - Processing file /home/ubuntu/demo8/lib/python3.12/site-packages/airflow/example_dags/example_task_group.py for tasks to queue
[2024-12-18T20:49:08.942+0000] {logging_mixin.py:190} INFO - [2024-12-18T20:49:08.942+0000] {dagbag.py:588} INFO - Filling up the DagBag from /home/ubuntu/demo8/lib/python3.12/site-packages/airflow/example_dags/example_task_group.py
[2024-12-18T20:49:08.952+0000] {processor.py:925} INFO - DAG(s) 'example_task_group' retrieved from /home/ubuntu/demo8/lib/python3.12/site-packages/airflow/example_dags/example_task_group.py
[2024-12-18T20:49:08.973+0000] {logging_mixin.py:190} INFO - [2024-12-18T20:49:08.972+0000] {dag.py:3239} INFO - Sync 1 DAGs
[2024-12-18T20:49:08.987+0000] {logging_mixin.py:190} INFO - [2024-12-18T20:49:08.987+0000] {dag.py:4180} INFO - Setting next_dagrun for example_task_group to None, run_after=None
[2024-12-18T20:49:09.012+0000] {processor.py:208} INFO - Processing /home/ubuntu/demo8/lib/python3.12/site-packages/airflow/example_dags/example_task_group.py took 0.081 seconds
[2024-12-18T20:50:02.632+0000] {processor.py:186} INFO - Started process (PID=6622) to work on /home/ubuntu/demo8/lib/python3.12/site-packages/airflow/example_dags/example_task_group.py
[2024-12-18T20:50:02.634+0000] {processor.py:914} INFO - Processing file /home/ubuntu/demo8/lib/python3.12/site-packages/airflow/example_dags/example_task_group.py for tasks to queue
[2024-12-18T20:50:02.637+0000] {logging_mixin.py:190} INFO - [2024-12-18T20:50:02.637+0000] {dagbag.py:588} INFO - Filling up the DagBag from /home/ubuntu/demo8/lib/python3.12/site-packages/airflow/example_dags/example_task_group.py
[2024-12-18T20:50:02.647+0000] {processor.py:925} INFO - DAG(s) 'example_task_group' retrieved from /home/ubuntu/demo8/lib/python3.12/site-packages/airflow/example_dags/example_task_group.py
[2024-12-18T20:50:02.667+0000] {logging_mixin.py:190} INFO - [2024-12-18T20:50:02.667+0000] {dag.py:3239} INFO - Sync 1 DAGs
[2024-12-18T20:50:02.680+0000] {logging_mixin.py:190} INFO - [2024-12-18T20:50:02.680+0000] {dag.py:4180} INFO - Setting next_dagrun for example_task_group to None, run_after=None
[2024-12-18T20:50:02.704+0000] {processor.py:208} INFO - Processing /home/ubuntu/demo8/lib/python3.12/site-packages/airflow/example_dags/example_task_group.py took 0.078 seconds
[2024-12-18T20:50:59.329+0000] {processor.py:186} INFO - Started process (PID=6900) to work on /home/ubuntu/demo8/lib/python3.12/site-packages/airflow/example_dags/example_task_group.py
[2024-12-18T20:50:59.330+0000] {processor.py:914} INFO - Processing file /home/ubuntu/demo8/lib/python3.12/site-packages/airflow/example_dags/example_task_group.py for tasks to queue
[2024-12-18T20:50:59.333+0000] {logging_mixin.py:190} INFO - [2024-12-18T20:50:59.333+0000] {dagbag.py:588} INFO - Filling up the DagBag from /home/ubuntu/demo8/lib/python3.12/site-packages/airflow/example_dags/example_task_group.py
[2024-12-18T20:50:59.345+0000] {processor.py:925} INFO - DAG(s) 'example_task_group' retrieved from /home/ubuntu/demo8/lib/python3.12/site-packages/airflow/example_dags/example_task_group.py
[2024-12-18T20:50:59.364+0000] {logging_mixin.py:190} INFO - [2024-12-18T20:50:59.364+0000] {dag.py:3239} INFO - Sync 1 DAGs
[2024-12-18T20:50:59.379+0000] {logging_mixin.py:190} INFO - [2024-12-18T20:50:59.378+0000] {dag.py:4180} INFO - Setting next_dagrun for example_task_group to None, run_after=None
[2024-12-18T20:50:59.402+0000] {processor.py:208} INFO - Processing /home/ubuntu/demo8/lib/python3.12/site-packages/airflow/example_dags/example_task_group.py took 0.079 seconds
