[2024-12-18T15:44:18.630+0000] {processor.py:186} INFO - Started process (PID=3646) to work on /home/ubuntu/demo8/lib/python3.12/site-packages/airflow/example_dags/example_trigger_target_dag.py
[2024-12-18T15:44:18.631+0000] {processor.py:914} INFO - Processing file /home/ubuntu/demo8/lib/python3.12/site-packages/airflow/example_dags/example_trigger_target_dag.py for tasks to queue
[2024-12-18T15:44:18.633+0000] {logging_mixin.py:190} INFO - [2024-12-18T15:44:18.632+0000] {dagbag.py:588} INFO - Filling up the DagBag from /home/ubuntu/demo8/lib/python3.12/site-packages/airflow/example_dags/example_trigger_target_dag.py
[2024-12-18T15:44:18.643+0000] {processor.py:925} INFO - DAG(s) 'example_trigger_target_dag' retrieved from /home/ubuntu/demo8/lib/python3.12/site-packages/airflow/example_dags/example_trigger_target_dag.py
[2024-12-18T15:44:18.777+0000] {logging_mixin.py:190} INFO - [2024-12-18T15:44:18.776+0000] {override.py:1911} INFO - Created Permission View: can read on DAG:example_trigger_target_dag
[2024-12-18T15:44:18.789+0000] {logging_mixin.py:190} INFO - [2024-12-18T15:44:18.789+0000] {override.py:1911} INFO - Created Permission View: can delete on DAG:example_trigger_target_dag
[2024-12-18T15:44:18.799+0000] {logging_mixin.py:190} INFO - [2024-12-18T15:44:18.799+0000] {override.py:1911} INFO - Created Permission View: can edit on DAG:example_trigger_target_dag
[2024-12-18T15:44:18.814+0000] {logging_mixin.py:190} INFO - [2024-12-18T15:44:18.814+0000] {override.py:1911} INFO - Created Permission View: can create on DAG Run:example_trigger_target_dag
[2024-12-18T15:44:18.824+0000] {logging_mixin.py:190} INFO - [2024-12-18T15:44:18.824+0000] {override.py:1911} INFO - Created Permission View: can read on DAG Run:example_trigger_target_dag
[2024-12-18T15:44:18.834+0000] {logging_mixin.py:190} INFO - [2024-12-18T15:44:18.834+0000] {override.py:1911} INFO - Created Permission View: menu access on DAG Run:example_trigger_target_dag
[2024-12-18T15:44:18.844+0000] {logging_mixin.py:190} INFO - [2024-12-18T15:44:18.844+0000] {override.py:1911} INFO - Created Permission View: can delete on DAG Run:example_trigger_target_dag
[2024-12-18T15:44:18.844+0000] {logging_mixin.py:190} INFO - [2024-12-18T15:44:18.844+0000] {dag.py:3239} INFO - Sync 1 DAGs
[2024-12-18T15:44:18.859+0000] {logging_mixin.py:190} INFO - [2024-12-18T15:44:18.858+0000] {dag.py:3262} INFO - Creating ORM DAG for example_trigger_target_dag
[2024-12-18T15:44:18.859+0000] {logging_mixin.py:190} INFO - [2024-12-18T15:44:18.859+0000] {dag.py:4180} INFO - Setting next_dagrun for example_trigger_target_dag to None, run_after=None
[2024-12-18T15:44:18.880+0000] {processor.py:208} INFO - Processing /home/ubuntu/demo8/lib/python3.12/site-packages/airflow/example_dags/example_trigger_target_dag.py took 0.256 seconds
[2024-12-18T15:45:27.630+0000] {processor.py:186} INFO - Started process (PID=3743) to work on /home/ubuntu/demo8/lib/python3.12/site-packages/airflow/example_dags/example_trigger_target_dag.py
[2024-12-18T15:45:27.632+0000] {processor.py:914} INFO - Processing file /home/ubuntu/demo8/lib/python3.12/site-packages/airflow/example_dags/example_trigger_target_dag.py for tasks to queue
[2024-12-18T15:45:27.634+0000] {logging_mixin.py:190} INFO - [2024-12-18T15:45:27.634+0000] {dagbag.py:588} INFO - Filling up the DagBag from /home/ubuntu/demo8/lib/python3.12/site-packages/airflow/example_dags/example_trigger_target_dag.py
[2024-12-18T15:45:27.643+0000] {processor.py:925} INFO - DAG(s) 'example_trigger_target_dag' retrieved from /home/ubuntu/demo8/lib/python3.12/site-packages/airflow/example_dags/example_trigger_target_dag.py
[2024-12-18T15:45:27.660+0000] {logging_mixin.py:190} INFO - [2024-12-18T15:45:27.659+0000] {dag.py:3239} INFO - Sync 1 DAGs
[2024-12-18T15:45:27.673+0000] {logging_mixin.py:190} INFO - [2024-12-18T15:45:27.673+0000] {dag.py:4180} INFO - Setting next_dagrun for example_trigger_target_dag to None, run_after=None
[2024-12-18T15:45:27.697+0000] {processor.py:208} INFO - Processing /home/ubuntu/demo8/lib/python3.12/site-packages/airflow/example_dags/example_trigger_target_dag.py took 0.073 seconds
[2024-12-18T15:46:25.052+0000] {processor.py:186} INFO - Started process (PID=3802) to work on /home/ubuntu/demo8/lib/python3.12/site-packages/airflow/example_dags/example_trigger_target_dag.py
[2024-12-18T15:46:25.053+0000] {processor.py:914} INFO - Processing file /home/ubuntu/demo8/lib/python3.12/site-packages/airflow/example_dags/example_trigger_target_dag.py for tasks to queue
[2024-12-18T15:46:25.055+0000] {logging_mixin.py:190} INFO - [2024-12-18T15:46:25.055+0000] {dagbag.py:588} INFO - Filling up the DagBag from /home/ubuntu/demo8/lib/python3.12/site-packages/airflow/example_dags/example_trigger_target_dag.py
[2024-12-18T15:46:25.064+0000] {processor.py:925} INFO - DAG(s) 'example_trigger_target_dag' retrieved from /home/ubuntu/demo8/lib/python3.12/site-packages/airflow/example_dags/example_trigger_target_dag.py
[2024-12-18T15:46:25.080+0000] {logging_mixin.py:190} INFO - [2024-12-18T15:46:25.080+0000] {dag.py:3239} INFO - Sync 1 DAGs
[2024-12-18T15:46:25.094+0000] {logging_mixin.py:190} INFO - [2024-12-18T15:46:25.094+0000] {dag.py:4180} INFO - Setting next_dagrun for example_trigger_target_dag to None, run_after=None
[2024-12-18T15:46:25.117+0000] {processor.py:208} INFO - Processing /home/ubuntu/demo8/lib/python3.12/site-packages/airflow/example_dags/example_trigger_target_dag.py took 0.071 seconds
[2024-12-18T15:47:20.048+0000] {processor.py:186} INFO - Started process (PID=4267) to work on /home/ubuntu/demo8/lib/python3.12/site-packages/airflow/example_dags/example_trigger_target_dag.py
[2024-12-18T15:47:20.049+0000] {processor.py:914} INFO - Processing file /home/ubuntu/demo8/lib/python3.12/site-packages/airflow/example_dags/example_trigger_target_dag.py for tasks to queue
[2024-12-18T15:47:20.051+0000] {logging_mixin.py:190} INFO - [2024-12-18T15:47:20.051+0000] {dagbag.py:588} INFO - Filling up the DagBag from /home/ubuntu/demo8/lib/python3.12/site-packages/airflow/example_dags/example_trigger_target_dag.py
[2024-12-18T15:47:20.061+0000] {processor.py:925} INFO - DAG(s) 'example_trigger_target_dag' retrieved from /home/ubuntu/demo8/lib/python3.12/site-packages/airflow/example_dags/example_trigger_target_dag.py
[2024-12-18T15:47:20.077+0000] {logging_mixin.py:190} INFO - [2024-12-18T15:47:20.077+0000] {dag.py:3239} INFO - Sync 1 DAGs
[2024-12-18T15:47:20.091+0000] {logging_mixin.py:190} INFO - [2024-12-18T15:47:20.091+0000] {dag.py:4180} INFO - Setting next_dagrun for example_trigger_target_dag to None, run_after=None
[2024-12-18T15:47:20.114+0000] {processor.py:208} INFO - Processing /home/ubuntu/demo8/lib/python3.12/site-packages/airflow/example_dags/example_trigger_target_dag.py took 0.072 seconds
[2024-12-18T15:48:16.260+0000] {processor.py:186} INFO - Started process (PID=4323) to work on /home/ubuntu/demo8/lib/python3.12/site-packages/airflow/example_dags/example_trigger_target_dag.py
[2024-12-18T15:48:16.261+0000] {processor.py:914} INFO - Processing file /home/ubuntu/demo8/lib/python3.12/site-packages/airflow/example_dags/example_trigger_target_dag.py for tasks to queue
[2024-12-18T15:48:16.263+0000] {logging_mixin.py:190} INFO - [2024-12-18T15:48:16.262+0000] {dagbag.py:588} INFO - Filling up the DagBag from /home/ubuntu/demo8/lib/python3.12/site-packages/airflow/example_dags/example_trigger_target_dag.py
[2024-12-18T15:48:16.272+0000] {processor.py:925} INFO - DAG(s) 'example_trigger_target_dag' retrieved from /home/ubuntu/demo8/lib/python3.12/site-packages/airflow/example_dags/example_trigger_target_dag.py
[2024-12-18T15:48:16.289+0000] {logging_mixin.py:190} INFO - [2024-12-18T15:48:16.289+0000] {dag.py:3239} INFO - Sync 1 DAGs
[2024-12-18T15:48:16.303+0000] {logging_mixin.py:190} INFO - [2024-12-18T15:48:16.302+0000] {dag.py:4180} INFO - Setting next_dagrun for example_trigger_target_dag to None, run_after=None
[2024-12-18T15:48:16.326+0000] {processor.py:208} INFO - Processing /home/ubuntu/demo8/lib/python3.12/site-packages/airflow/example_dags/example_trigger_target_dag.py took 0.072 seconds
[2024-12-18T15:49:08.647+0000] {processor.py:186} INFO - Started process (PID=4377) to work on /home/ubuntu/demo8/lib/python3.12/site-packages/airflow/example_dags/example_trigger_target_dag.py
[2024-12-18T15:49:08.648+0000] {processor.py:914} INFO - Processing file /home/ubuntu/demo8/lib/python3.12/site-packages/airflow/example_dags/example_trigger_target_dag.py for tasks to queue
[2024-12-18T15:49:08.650+0000] {logging_mixin.py:190} INFO - [2024-12-18T15:49:08.650+0000] {dagbag.py:588} INFO - Filling up the DagBag from /home/ubuntu/demo8/lib/python3.12/site-packages/airflow/example_dags/example_trigger_target_dag.py
[2024-12-18T15:49:08.659+0000] {processor.py:925} INFO - DAG(s) 'example_trigger_target_dag' retrieved from /home/ubuntu/demo8/lib/python3.12/site-packages/airflow/example_dags/example_trigger_target_dag.py
[2024-12-18T15:49:08.676+0000] {logging_mixin.py:190} INFO - [2024-12-18T15:49:08.676+0000] {dag.py:3239} INFO - Sync 1 DAGs
[2024-12-18T15:49:08.807+0000] {logging_mixin.py:190} INFO - [2024-12-18T15:49:08.806+0000] {dag.py:4180} INFO - Setting next_dagrun for example_trigger_target_dag to None, run_after=None
[2024-12-18T15:49:08.828+0000] {processor.py:208} INFO - Processing /home/ubuntu/demo8/lib/python3.12/site-packages/airflow/example_dags/example_trigger_target_dag.py took 0.187 seconds
[2024-12-18T15:50:14.216+0000] {processor.py:186} INFO - Started process (PID=4439) to work on /home/ubuntu/demo8/lib/python3.12/site-packages/airflow/example_dags/example_trigger_target_dag.py
[2024-12-18T15:50:14.217+0000] {processor.py:914} INFO - Processing file /home/ubuntu/demo8/lib/python3.12/site-packages/airflow/example_dags/example_trigger_target_dag.py for tasks to queue
[2024-12-18T15:50:14.220+0000] {logging_mixin.py:190} INFO - [2024-12-18T15:50:14.219+0000] {dagbag.py:588} INFO - Filling up the DagBag from /home/ubuntu/demo8/lib/python3.12/site-packages/airflow/example_dags/example_trigger_target_dag.py
[2024-12-18T15:50:14.229+0000] {processor.py:925} INFO - DAG(s) 'example_trigger_target_dag' retrieved from /home/ubuntu/demo8/lib/python3.12/site-packages/airflow/example_dags/example_trigger_target_dag.py
[2024-12-18T15:50:14.245+0000] {logging_mixin.py:190} INFO - [2024-12-18T15:50:14.245+0000] {dag.py:3239} INFO - Sync 1 DAGs
[2024-12-18T15:50:14.259+0000] {logging_mixin.py:190} INFO - [2024-12-18T15:50:14.259+0000] {dag.py:4180} INFO - Setting next_dagrun for example_trigger_target_dag to None, run_after=None
[2024-12-18T15:50:14.281+0000] {processor.py:208} INFO - Processing /home/ubuntu/demo8/lib/python3.12/site-packages/airflow/example_dags/example_trigger_target_dag.py took 0.071 seconds
[2024-12-18T15:51:08.893+0000] {processor.py:186} INFO - Started process (PID=4508) to work on /home/ubuntu/demo8/lib/python3.12/site-packages/airflow/example_dags/example_trigger_target_dag.py
[2024-12-18T15:51:08.894+0000] {processor.py:914} INFO - Processing file /home/ubuntu/demo8/lib/python3.12/site-packages/airflow/example_dags/example_trigger_target_dag.py for tasks to queue
[2024-12-18T15:51:08.897+0000] {logging_mixin.py:190} INFO - [2024-12-18T15:51:08.896+0000] {dagbag.py:588} INFO - Filling up the DagBag from /home/ubuntu/demo8/lib/python3.12/site-packages/airflow/example_dags/example_trigger_target_dag.py
[2024-12-18T15:51:08.907+0000] {processor.py:925} INFO - DAG(s) 'example_trigger_target_dag' retrieved from /home/ubuntu/demo8/lib/python3.12/site-packages/airflow/example_dags/example_trigger_target_dag.py
[2024-12-18T15:51:08.924+0000] {logging_mixin.py:190} INFO - [2024-12-18T15:51:08.924+0000] {dag.py:3239} INFO - Sync 1 DAGs
[2024-12-18T15:51:08.939+0000] {logging_mixin.py:190} INFO - [2024-12-18T15:51:08.939+0000] {dag.py:4180} INFO - Setting next_dagrun for example_trigger_target_dag to None, run_after=None
[2024-12-18T15:51:08.964+0000] {processor.py:208} INFO - Processing /home/ubuntu/demo8/lib/python3.12/site-packages/airflow/example_dags/example_trigger_target_dag.py took 0.078 seconds
[2024-12-18T15:52:00.479+0000] {processor.py:186} INFO - Started process (PID=4562) to work on /home/ubuntu/demo8/lib/python3.12/site-packages/airflow/example_dags/example_trigger_target_dag.py
[2024-12-18T15:52:00.481+0000] {processor.py:914} INFO - Processing file /home/ubuntu/demo8/lib/python3.12/site-packages/airflow/example_dags/example_trigger_target_dag.py for tasks to queue
[2024-12-18T15:52:00.484+0000] {logging_mixin.py:190} INFO - [2024-12-18T15:52:00.483+0000] {dagbag.py:588} INFO - Filling up the DagBag from /home/ubuntu/demo8/lib/python3.12/site-packages/airflow/example_dags/example_trigger_target_dag.py
[2024-12-18T15:52:00.493+0000] {processor.py:925} INFO - DAG(s) 'example_trigger_target_dag' retrieved from /home/ubuntu/demo8/lib/python3.12/site-packages/airflow/example_dags/example_trigger_target_dag.py
[2024-12-18T15:52:00.510+0000] {logging_mixin.py:190} INFO - [2024-12-18T15:52:00.509+0000] {dag.py:3239} INFO - Sync 1 DAGs
[2024-12-18T15:52:00.524+0000] {logging_mixin.py:190} INFO - [2024-12-18T15:52:00.524+0000] {dag.py:4180} INFO - Setting next_dagrun for example_trigger_target_dag to None, run_after=None
[2024-12-18T15:52:00.546+0000] {processor.py:208} INFO - Processing /home/ubuntu/demo8/lib/python3.12/site-packages/airflow/example_dags/example_trigger_target_dag.py took 0.074 seconds
[2024-12-18T15:52:55.867+0000] {processor.py:186} INFO - Started process (PID=4620) to work on /home/ubuntu/demo8/lib/python3.12/site-packages/airflow/example_dags/example_trigger_target_dag.py
[2024-12-18T15:52:55.868+0000] {processor.py:914} INFO - Processing file /home/ubuntu/demo8/lib/python3.12/site-packages/airflow/example_dags/example_trigger_target_dag.py for tasks to queue
[2024-12-18T15:52:55.870+0000] {logging_mixin.py:190} INFO - [2024-12-18T15:52:55.870+0000] {dagbag.py:588} INFO - Filling up the DagBag from /home/ubuntu/demo8/lib/python3.12/site-packages/airflow/example_dags/example_trigger_target_dag.py
[2024-12-18T15:52:55.880+0000] {processor.py:925} INFO - DAG(s) 'example_trigger_target_dag' retrieved from /home/ubuntu/demo8/lib/python3.12/site-packages/airflow/example_dags/example_trigger_target_dag.py
[2024-12-18T15:52:55.896+0000] {logging_mixin.py:190} INFO - [2024-12-18T15:52:55.896+0000] {dag.py:3239} INFO - Sync 1 DAGs
[2024-12-18T15:52:55.910+0000] {logging_mixin.py:190} INFO - [2024-12-18T15:52:55.910+0000] {dag.py:4180} INFO - Setting next_dagrun for example_trigger_target_dag to None, run_after=None
[2024-12-18T15:52:55.934+0000] {processor.py:208} INFO - Processing /home/ubuntu/demo8/lib/python3.12/site-packages/airflow/example_dags/example_trigger_target_dag.py took 0.074 seconds
[2024-12-18T15:53:51.501+0000] {processor.py:186} INFO - Started process (PID=4681) to work on /home/ubuntu/demo8/lib/python3.12/site-packages/airflow/example_dags/example_trigger_target_dag.py
[2024-12-18T15:53:51.503+0000] {processor.py:914} INFO - Processing file /home/ubuntu/demo8/lib/python3.12/site-packages/airflow/example_dags/example_trigger_target_dag.py for tasks to queue
[2024-12-18T15:53:51.505+0000] {logging_mixin.py:190} INFO - [2024-12-18T15:53:51.505+0000] {dagbag.py:588} INFO - Filling up the DagBag from /home/ubuntu/demo8/lib/python3.12/site-packages/airflow/example_dags/example_trigger_target_dag.py
[2024-12-18T15:53:51.515+0000] {processor.py:925} INFO - DAG(s) 'example_trigger_target_dag' retrieved from /home/ubuntu/demo8/lib/python3.12/site-packages/airflow/example_dags/example_trigger_target_dag.py
[2024-12-18T15:53:51.532+0000] {logging_mixin.py:190} INFO - [2024-12-18T15:53:51.531+0000] {dag.py:3239} INFO - Sync 1 DAGs
[2024-12-18T15:53:51.546+0000] {logging_mixin.py:190} INFO - [2024-12-18T15:53:51.546+0000] {dag.py:4180} INFO - Setting next_dagrun for example_trigger_target_dag to None, run_after=None
[2024-12-18T15:53:51.569+0000] {processor.py:208} INFO - Processing /home/ubuntu/demo8/lib/python3.12/site-packages/airflow/example_dags/example_trigger_target_dag.py took 0.074 seconds
[2024-12-18T15:54:36.648+0000] {processor.py:186} INFO - Started process (PID=4747) to work on /home/ubuntu/demo8/lib/python3.12/site-packages/airflow/example_dags/example_trigger_target_dag.py
[2024-12-18T15:54:36.652+0000] {processor.py:914} INFO - Processing file /home/ubuntu/demo8/lib/python3.12/site-packages/airflow/example_dags/example_trigger_target_dag.py for tasks to queue
[2024-12-18T15:54:36.655+0000] {logging_mixin.py:190} INFO - [2024-12-18T15:54:36.655+0000] {dagbag.py:588} INFO - Filling up the DagBag from /home/ubuntu/demo8/lib/python3.12/site-packages/airflow/example_dags/example_trigger_target_dag.py
[2024-12-18T15:54:36.675+0000] {processor.py:925} INFO - DAG(s) 'example_trigger_target_dag' retrieved from /home/ubuntu/demo8/lib/python3.12/site-packages/airflow/example_dags/example_trigger_target_dag.py
[2024-12-18T15:54:36.726+0000] {logging_mixin.py:190} INFO - [2024-12-18T15:54:36.726+0000] {dag.py:3239} INFO - Sync 1 DAGs
[2024-12-18T15:54:36.770+0000] {logging_mixin.py:190} INFO - [2024-12-18T15:54:36.770+0000] {dag.py:4180} INFO - Setting next_dagrun for example_trigger_target_dag to None, run_after=None
[2024-12-18T15:54:36.819+0000] {processor.py:208} INFO - Processing /home/ubuntu/demo8/lib/python3.12/site-packages/airflow/example_dags/example_trigger_target_dag.py took 0.185 seconds
[2024-12-18T15:55:32.456+0000] {processor.py:186} INFO - Started process (PID=4808) to work on /home/ubuntu/demo8/lib/python3.12/site-packages/airflow/example_dags/example_trigger_target_dag.py
[2024-12-18T15:55:32.458+0000] {processor.py:914} INFO - Processing file /home/ubuntu/demo8/lib/python3.12/site-packages/airflow/example_dags/example_trigger_target_dag.py for tasks to queue
[2024-12-18T15:55:32.460+0000] {logging_mixin.py:190} INFO - [2024-12-18T15:55:32.460+0000] {dagbag.py:588} INFO - Filling up the DagBag from /home/ubuntu/demo8/lib/python3.12/site-packages/airflow/example_dags/example_trigger_target_dag.py
[2024-12-18T15:55:32.470+0000] {processor.py:925} INFO - DAG(s) 'example_trigger_target_dag' retrieved from /home/ubuntu/demo8/lib/python3.12/site-packages/airflow/example_dags/example_trigger_target_dag.py
[2024-12-18T15:55:32.487+0000] {logging_mixin.py:190} INFO - [2024-12-18T15:55:32.486+0000] {dag.py:3239} INFO - Sync 1 DAGs
[2024-12-18T15:55:32.509+0000] {logging_mixin.py:190} INFO - [2024-12-18T15:55:32.509+0000] {dag.py:4180} INFO - Setting next_dagrun for example_trigger_target_dag to None, run_after=None
[2024-12-18T15:55:32.542+0000] {processor.py:208} INFO - Processing /home/ubuntu/demo8/lib/python3.12/site-packages/airflow/example_dags/example_trigger_target_dag.py took 0.092 seconds
[2024-12-18T15:56:24.870+0000] {processor.py:186} INFO - Started process (PID=4865) to work on /home/ubuntu/demo8/lib/python3.12/site-packages/airflow/example_dags/example_trigger_target_dag.py
[2024-12-18T15:56:24.871+0000] {processor.py:914} INFO - Processing file /home/ubuntu/demo8/lib/python3.12/site-packages/airflow/example_dags/example_trigger_target_dag.py for tasks to queue
[2024-12-18T15:56:24.874+0000] {logging_mixin.py:190} INFO - [2024-12-18T15:56:24.873+0000] {dagbag.py:588} INFO - Filling up the DagBag from /home/ubuntu/demo8/lib/python3.12/site-packages/airflow/example_dags/example_trigger_target_dag.py
[2024-12-18T15:56:24.883+0000] {processor.py:925} INFO - DAG(s) 'example_trigger_target_dag' retrieved from /home/ubuntu/demo8/lib/python3.12/site-packages/airflow/example_dags/example_trigger_target_dag.py
[2024-12-18T15:56:24.900+0000] {logging_mixin.py:190} INFO - [2024-12-18T15:56:24.900+0000] {dag.py:3239} INFO - Sync 1 DAGs
[2024-12-18T15:56:24.914+0000] {logging_mixin.py:190} INFO - [2024-12-18T15:56:24.914+0000] {dag.py:4180} INFO - Setting next_dagrun for example_trigger_target_dag to None, run_after=None
[2024-12-18T15:56:24.937+0000] {processor.py:208} INFO - Processing /home/ubuntu/demo8/lib/python3.12/site-packages/airflow/example_dags/example_trigger_target_dag.py took 0.074 seconds
[2024-12-18T15:57:04.145+0000] {processor.py:186} INFO - Started process (PID=4897) to work on /home/ubuntu/demo8/lib/python3.12/site-packages/airflow/example_dags/example_trigger_target_dag.py
[2024-12-18T15:57:04.147+0000] {processor.py:914} INFO - Processing file /home/ubuntu/demo8/lib/python3.12/site-packages/airflow/example_dags/example_trigger_target_dag.py for tasks to queue
[2024-12-18T15:57:04.149+0000] {logging_mixin.py:190} INFO - [2024-12-18T15:57:04.148+0000] {dagbag.py:588} INFO - Filling up the DagBag from /home/ubuntu/demo8/lib/python3.12/site-packages/airflow/example_dags/example_trigger_target_dag.py
[2024-12-18T15:57:04.158+0000] {processor.py:925} INFO - DAG(s) 'example_trigger_target_dag' retrieved from /home/ubuntu/demo8/lib/python3.12/site-packages/airflow/example_dags/example_trigger_target_dag.py
[2024-12-18T15:57:04.182+0000] {logging_mixin.py:190} INFO - [2024-12-18T15:57:04.182+0000] {dag.py:3239} INFO - Sync 1 DAGs
[2024-12-18T15:57:04.196+0000] {logging_mixin.py:190} INFO - [2024-12-18T15:57:04.195+0000] {dag.py:4180} INFO - Setting next_dagrun for example_trigger_target_dag to None, run_after=None
[2024-12-18T15:57:04.220+0000] {processor.py:208} INFO - Processing /home/ubuntu/demo8/lib/python3.12/site-packages/airflow/example_dags/example_trigger_target_dag.py took 0.082 seconds
[2024-12-18T15:57:59.971+0000] {processor.py:186} INFO - Started process (PID=4955) to work on /home/ubuntu/demo8/lib/python3.12/site-packages/airflow/example_dags/example_trigger_target_dag.py
[2024-12-18T15:57:59.972+0000] {processor.py:914} INFO - Processing file /home/ubuntu/demo8/lib/python3.12/site-packages/airflow/example_dags/example_trigger_target_dag.py for tasks to queue
[2024-12-18T15:57:59.975+0000] {logging_mixin.py:190} INFO - [2024-12-18T15:57:59.975+0000] {dagbag.py:588} INFO - Filling up the DagBag from /home/ubuntu/demo8/lib/python3.12/site-packages/airflow/example_dags/example_trigger_target_dag.py
[2024-12-18T15:57:59.984+0000] {processor.py:925} INFO - DAG(s) 'example_trigger_target_dag' retrieved from /home/ubuntu/demo8/lib/python3.12/site-packages/airflow/example_dags/example_trigger_target_dag.py
[2024-12-18T15:58:00.001+0000] {logging_mixin.py:190} INFO - [2024-12-18T15:58:00.001+0000] {dag.py:3239} INFO - Sync 1 DAGs
[2024-12-18T15:58:00.015+0000] {logging_mixin.py:190} INFO - [2024-12-18T15:58:00.014+0000] {dag.py:4180} INFO - Setting next_dagrun for example_trigger_target_dag to None, run_after=None
[2024-12-18T15:58:00.038+0000] {processor.py:208} INFO - Processing /home/ubuntu/demo8/lib/python3.12/site-packages/airflow/example_dags/example_trigger_target_dag.py took 0.073 seconds
[2024-12-18T15:58:52.386+0000] {processor.py:186} INFO - Started process (PID=5010) to work on /home/ubuntu/demo8/lib/python3.12/site-packages/airflow/example_dags/example_trigger_target_dag.py
[2024-12-18T15:58:52.388+0000] {processor.py:914} INFO - Processing file /home/ubuntu/demo8/lib/python3.12/site-packages/airflow/example_dags/example_trigger_target_dag.py for tasks to queue
[2024-12-18T15:58:52.390+0000] {logging_mixin.py:190} INFO - [2024-12-18T15:58:52.389+0000] {dagbag.py:588} INFO - Filling up the DagBag from /home/ubuntu/demo8/lib/python3.12/site-packages/airflow/example_dags/example_trigger_target_dag.py
[2024-12-18T15:58:52.399+0000] {processor.py:925} INFO - DAG(s) 'example_trigger_target_dag' retrieved from /home/ubuntu/demo8/lib/python3.12/site-packages/airflow/example_dags/example_trigger_target_dag.py
[2024-12-18T15:58:52.415+0000] {logging_mixin.py:190} INFO - [2024-12-18T15:58:52.415+0000] {dag.py:3239} INFO - Sync 1 DAGs
[2024-12-18T15:58:52.428+0000] {logging_mixin.py:190} INFO - [2024-12-18T15:58:52.428+0000] {dag.py:4180} INFO - Setting next_dagrun for example_trigger_target_dag to None, run_after=None
[2024-12-18T15:58:52.451+0000] {processor.py:208} INFO - Processing /home/ubuntu/demo8/lib/python3.12/site-packages/airflow/example_dags/example_trigger_target_dag.py took 0.070 seconds
[2024-12-18T16:00:02.959+0000] {processor.py:186} INFO - Started process (PID=5078) to work on /home/ubuntu/demo8/lib/python3.12/site-packages/airflow/example_dags/example_trigger_target_dag.py
[2024-12-18T16:00:02.961+0000] {processor.py:914} INFO - Processing file /home/ubuntu/demo8/lib/python3.12/site-packages/airflow/example_dags/example_trigger_target_dag.py for tasks to queue
[2024-12-18T16:00:02.963+0000] {logging_mixin.py:190} INFO - [2024-12-18T16:00:02.963+0000] {dagbag.py:588} INFO - Filling up the DagBag from /home/ubuntu/demo8/lib/python3.12/site-packages/airflow/example_dags/example_trigger_target_dag.py
[2024-12-18T16:00:02.972+0000] {processor.py:925} INFO - DAG(s) 'example_trigger_target_dag' retrieved from /home/ubuntu/demo8/lib/python3.12/site-packages/airflow/example_dags/example_trigger_target_dag.py
[2024-12-18T16:00:02.996+0000] {logging_mixin.py:190} INFO - [2024-12-18T16:00:02.996+0000] {dag.py:3239} INFO - Sync 1 DAGs
[2024-12-18T16:00:03.010+0000] {logging_mixin.py:190} INFO - [2024-12-18T16:00:03.010+0000] {dag.py:4180} INFO - Setting next_dagrun for example_trigger_target_dag to None, run_after=None
[2024-12-18T16:00:03.034+0000] {processor.py:208} INFO - Processing /home/ubuntu/demo8/lib/python3.12/site-packages/airflow/example_dags/example_trigger_target_dag.py took 0.081 seconds
[2024-12-18T16:00:58.789+0000] {processor.py:186} INFO - Started process (PID=5140) to work on /home/ubuntu/demo8/lib/python3.12/site-packages/airflow/example_dags/example_trigger_target_dag.py
[2024-12-18T16:00:58.790+0000] {processor.py:914} INFO - Processing file /home/ubuntu/demo8/lib/python3.12/site-packages/airflow/example_dags/example_trigger_target_dag.py for tasks to queue
[2024-12-18T16:00:58.793+0000] {logging_mixin.py:190} INFO - [2024-12-18T16:00:58.792+0000] {dagbag.py:588} INFO - Filling up the DagBag from /home/ubuntu/demo8/lib/python3.12/site-packages/airflow/example_dags/example_trigger_target_dag.py
[2024-12-18T16:00:58.801+0000] {processor.py:925} INFO - DAG(s) 'example_trigger_target_dag' retrieved from /home/ubuntu/demo8/lib/python3.12/site-packages/airflow/example_dags/example_trigger_target_dag.py
[2024-12-18T16:00:58.817+0000] {logging_mixin.py:190} INFO - [2024-12-18T16:00:58.817+0000] {dag.py:3239} INFO - Sync 1 DAGs
[2024-12-18T16:00:58.840+0000] {logging_mixin.py:190} INFO - [2024-12-18T16:00:58.840+0000] {dag.py:4180} INFO - Setting next_dagrun for example_trigger_target_dag to None, run_after=None
[2024-12-18T16:00:58.876+0000] {processor.py:208} INFO - Processing /home/ubuntu/demo8/lib/python3.12/site-packages/airflow/example_dags/example_trigger_target_dag.py took 0.093 seconds
[2024-12-18T16:01:51.197+0000] {processor.py:186} INFO - Started process (PID=5196) to work on /home/ubuntu/demo8/lib/python3.12/site-packages/airflow/example_dags/example_trigger_target_dag.py
[2024-12-18T16:01:51.198+0000] {processor.py:914} INFO - Processing file /home/ubuntu/demo8/lib/python3.12/site-packages/airflow/example_dags/example_trigger_target_dag.py for tasks to queue
[2024-12-18T16:01:51.201+0000] {logging_mixin.py:190} INFO - [2024-12-18T16:01:51.200+0000] {dagbag.py:588} INFO - Filling up the DagBag from /home/ubuntu/demo8/lib/python3.12/site-packages/airflow/example_dags/example_trigger_target_dag.py
[2024-12-18T16:01:51.209+0000] {processor.py:925} INFO - DAG(s) 'example_trigger_target_dag' retrieved from /home/ubuntu/demo8/lib/python3.12/site-packages/airflow/example_dags/example_trigger_target_dag.py
[2024-12-18T16:01:51.226+0000] {logging_mixin.py:190} INFO - [2024-12-18T16:01:51.226+0000] {dag.py:3239} INFO - Sync 1 DAGs
[2024-12-18T16:01:51.239+0000] {logging_mixin.py:190} INFO - [2024-12-18T16:01:51.239+0000] {dag.py:4180} INFO - Setting next_dagrun for example_trigger_target_dag to None, run_after=None
[2024-12-18T16:01:51.262+0000] {processor.py:208} INFO - Processing /home/ubuntu/demo8/lib/python3.12/site-packages/airflow/example_dags/example_trigger_target_dag.py took 0.071 seconds
[2024-12-18T16:02:45.943+0000] {processor.py:186} INFO - Started process (PID=5251) to work on /home/ubuntu/demo8/lib/python3.12/site-packages/airflow/example_dags/example_trigger_target_dag.py
[2024-12-18T16:02:45.945+0000] {processor.py:914} INFO - Processing file /home/ubuntu/demo8/lib/python3.12/site-packages/airflow/example_dags/example_trigger_target_dag.py for tasks to queue
[2024-12-18T16:02:45.947+0000] {logging_mixin.py:190} INFO - [2024-12-18T16:02:45.947+0000] {dagbag.py:588} INFO - Filling up the DagBag from /home/ubuntu/demo8/lib/python3.12/site-packages/airflow/example_dags/example_trigger_target_dag.py
[2024-12-18T16:02:45.957+0000] {processor.py:925} INFO - DAG(s) 'example_trigger_target_dag' retrieved from /home/ubuntu/demo8/lib/python3.12/site-packages/airflow/example_dags/example_trigger_target_dag.py
[2024-12-18T16:02:45.974+0000] {logging_mixin.py:190} INFO - [2024-12-18T16:02:45.973+0000] {dag.py:3239} INFO - Sync 1 DAGs
[2024-12-18T16:02:45.988+0000] {logging_mixin.py:190} INFO - [2024-12-18T16:02:45.987+0000] {dag.py:4180} INFO - Setting next_dagrun for example_trigger_target_dag to None, run_after=None
[2024-12-18T16:02:46.010+0000] {processor.py:208} INFO - Processing /home/ubuntu/demo8/lib/python3.12/site-packages/airflow/example_dags/example_trigger_target_dag.py took 0.073 seconds
[2024-12-18T16:03:40.216+0000] {processor.py:186} INFO - Started process (PID=5306) to work on /home/ubuntu/demo8/lib/python3.12/site-packages/airflow/example_dags/example_trigger_target_dag.py
[2024-12-18T16:03:40.218+0000] {processor.py:914} INFO - Processing file /home/ubuntu/demo8/lib/python3.12/site-packages/airflow/example_dags/example_trigger_target_dag.py for tasks to queue
[2024-12-18T16:03:40.220+0000] {logging_mixin.py:190} INFO - [2024-12-18T16:03:40.219+0000] {dagbag.py:588} INFO - Filling up the DagBag from /home/ubuntu/demo8/lib/python3.12/site-packages/airflow/example_dags/example_trigger_target_dag.py
[2024-12-18T16:03:40.229+0000] {processor.py:925} INFO - DAG(s) 'example_trigger_target_dag' retrieved from /home/ubuntu/demo8/lib/python3.12/site-packages/airflow/example_dags/example_trigger_target_dag.py
[2024-12-18T16:03:40.245+0000] {logging_mixin.py:190} INFO - [2024-12-18T16:03:40.245+0000] {dag.py:3239} INFO - Sync 1 DAGs
[2024-12-18T16:03:40.258+0000] {logging_mixin.py:190} INFO - [2024-12-18T16:03:40.258+0000] {dag.py:4180} INFO - Setting next_dagrun for example_trigger_target_dag to None, run_after=None
[2024-12-18T16:03:40.287+0000] {processor.py:208} INFO - Processing /home/ubuntu/demo8/lib/python3.12/site-packages/airflow/example_dags/example_trigger_target_dag.py took 0.078 seconds
[2024-12-18T20:29:28.727+0000] {processor.py:186} INFO - Started process (PID=2733) to work on /home/ubuntu/demo8/lib/python3.12/site-packages/airflow/example_dags/example_trigger_target_dag.py
[2024-12-18T20:29:28.730+0000] {processor.py:914} INFO - Processing file /home/ubuntu/demo8/lib/python3.12/site-packages/airflow/example_dags/example_trigger_target_dag.py for tasks to queue
[2024-12-18T20:29:28.732+0000] {logging_mixin.py:190} INFO - [2024-12-18T20:29:28.732+0000] {dagbag.py:588} INFO - Filling up the DagBag from /home/ubuntu/demo8/lib/python3.12/site-packages/airflow/example_dags/example_trigger_target_dag.py
[2024-12-18T20:29:28.741+0000] {processor.py:925} INFO - DAG(s) 'example_trigger_target_dag' retrieved from /home/ubuntu/demo8/lib/python3.12/site-packages/airflow/example_dags/example_trigger_target_dag.py
[2024-12-18T20:29:28.775+0000] {logging_mixin.py:190} INFO - [2024-12-18T20:29:28.774+0000] {dag.py:3239} INFO - Sync 1 DAGs
[2024-12-18T20:29:28.788+0000] {logging_mixin.py:190} INFO - [2024-12-18T20:29:28.788+0000] {dag.py:4180} INFO - Setting next_dagrun for example_trigger_target_dag to None, run_after=None
[2024-12-18T20:29:28.813+0000] {processor.py:208} INFO - Processing /home/ubuntu/demo8/lib/python3.12/site-packages/airflow/example_dags/example_trigger_target_dag.py took 0.092 seconds
[2024-12-18T20:30:25.807+0000] {processor.py:186} INFO - Started process (PID=2917) to work on /home/ubuntu/demo8/lib/python3.12/site-packages/airflow/example_dags/example_trigger_target_dag.py
[2024-12-18T20:30:25.808+0000] {processor.py:914} INFO - Processing file /home/ubuntu/demo8/lib/python3.12/site-packages/airflow/example_dags/example_trigger_target_dag.py for tasks to queue
[2024-12-18T20:30:25.811+0000] {logging_mixin.py:190} INFO - [2024-12-18T20:30:25.810+0000] {dagbag.py:588} INFO - Filling up the DagBag from /home/ubuntu/demo8/lib/python3.12/site-packages/airflow/example_dags/example_trigger_target_dag.py
[2024-12-18T20:30:25.819+0000] {processor.py:925} INFO - DAG(s) 'example_trigger_target_dag' retrieved from /home/ubuntu/demo8/lib/python3.12/site-packages/airflow/example_dags/example_trigger_target_dag.py
[2024-12-18T20:30:25.835+0000] {logging_mixin.py:190} INFO - [2024-12-18T20:30:25.835+0000] {dag.py:3239} INFO - Sync 1 DAGs
[2024-12-18T20:30:25.849+0000] {logging_mixin.py:190} INFO - [2024-12-18T20:30:25.849+0000] {dag.py:4180} INFO - Setting next_dagrun for example_trigger_target_dag to None, run_after=None
[2024-12-18T20:30:25.872+0000] {processor.py:208} INFO - Processing /home/ubuntu/demo8/lib/python3.12/site-packages/airflow/example_dags/example_trigger_target_dag.py took 0.071 seconds
[2024-12-18T20:31:21.329+0000] {processor.py:186} INFO - Started process (PID=3132) to work on /home/ubuntu/demo8/lib/python3.12/site-packages/airflow/example_dags/example_trigger_target_dag.py
[2024-12-18T20:31:21.330+0000] {processor.py:914} INFO - Processing file /home/ubuntu/demo8/lib/python3.12/site-packages/airflow/example_dags/example_trigger_target_dag.py for tasks to queue
[2024-12-18T20:31:21.333+0000] {logging_mixin.py:190} INFO - [2024-12-18T20:31:21.332+0000] {dagbag.py:588} INFO - Filling up the DagBag from /home/ubuntu/demo8/lib/python3.12/site-packages/airflow/example_dags/example_trigger_target_dag.py
[2024-12-18T20:31:21.342+0000] {processor.py:925} INFO - DAG(s) 'example_trigger_target_dag' retrieved from /home/ubuntu/demo8/lib/python3.12/site-packages/airflow/example_dags/example_trigger_target_dag.py
[2024-12-18T20:31:21.359+0000] {logging_mixin.py:190} INFO - [2024-12-18T20:31:21.359+0000] {dag.py:3239} INFO - Sync 1 DAGs
[2024-12-18T20:31:21.372+0000] {logging_mixin.py:190} INFO - [2024-12-18T20:31:21.372+0000] {dag.py:4180} INFO - Setting next_dagrun for example_trigger_target_dag to None, run_after=None
[2024-12-18T20:31:21.395+0000] {processor.py:208} INFO - Processing /home/ubuntu/demo8/lib/python3.12/site-packages/airflow/example_dags/example_trigger_target_dag.py took 0.073 seconds
[2024-12-18T20:32:16.866+0000] {processor.py:186} INFO - Started process (PID=3323) to work on /home/ubuntu/demo8/lib/python3.12/site-packages/airflow/example_dags/example_trigger_target_dag.py
[2024-12-18T20:32:16.868+0000] {processor.py:914} INFO - Processing file /home/ubuntu/demo8/lib/python3.12/site-packages/airflow/example_dags/example_trigger_target_dag.py for tasks to queue
[2024-12-18T20:32:16.870+0000] {logging_mixin.py:190} INFO - [2024-12-18T20:32:16.870+0000] {dagbag.py:588} INFO - Filling up the DagBag from /home/ubuntu/demo8/lib/python3.12/site-packages/airflow/example_dags/example_trigger_target_dag.py
[2024-12-18T20:32:16.879+0000] {processor.py:925} INFO - DAG(s) 'example_trigger_target_dag' retrieved from /home/ubuntu/demo8/lib/python3.12/site-packages/airflow/example_dags/example_trigger_target_dag.py
[2024-12-18T20:32:16.895+0000] {logging_mixin.py:190} INFO - [2024-12-18T20:32:16.895+0000] {dag.py:3239} INFO - Sync 1 DAGs
[2024-12-18T20:32:16.908+0000] {logging_mixin.py:190} INFO - [2024-12-18T20:32:16.908+0000] {dag.py:4180} INFO - Setting next_dagrun for example_trigger_target_dag to None, run_after=None
[2024-12-18T20:32:16.931+0000] {processor.py:208} INFO - Processing /home/ubuntu/demo8/lib/python3.12/site-packages/airflow/example_dags/example_trigger_target_dag.py took 0.071 seconds
[2024-12-18T20:33:12.942+0000] {processor.py:186} INFO - Started process (PID=3443) to work on /home/ubuntu/demo8/lib/python3.12/site-packages/airflow/example_dags/example_trigger_target_dag.py
[2024-12-18T20:33:12.944+0000] {processor.py:914} INFO - Processing file /home/ubuntu/demo8/lib/python3.12/site-packages/airflow/example_dags/example_trigger_target_dag.py for tasks to queue
[2024-12-18T20:33:12.946+0000] {logging_mixin.py:190} INFO - [2024-12-18T20:33:12.946+0000] {dagbag.py:588} INFO - Filling up the DagBag from /home/ubuntu/demo8/lib/python3.12/site-packages/airflow/example_dags/example_trigger_target_dag.py
[2024-12-18T20:33:12.956+0000] {processor.py:925} INFO - DAG(s) 'example_trigger_target_dag' retrieved from /home/ubuntu/demo8/lib/python3.12/site-packages/airflow/example_dags/example_trigger_target_dag.py
[2024-12-18T20:33:12.973+0000] {logging_mixin.py:190} INFO - [2024-12-18T20:33:12.973+0000] {dag.py:3239} INFO - Sync 1 DAGs
[2024-12-18T20:33:12.986+0000] {logging_mixin.py:190} INFO - [2024-12-18T20:33:12.986+0000] {dag.py:4180} INFO - Setting next_dagrun for example_trigger_target_dag to None, run_after=None
[2024-12-18T20:33:13.009+0000] {processor.py:208} INFO - Processing /home/ubuntu/demo8/lib/python3.12/site-packages/airflow/example_dags/example_trigger_target_dag.py took 0.072 seconds
[2024-12-18T20:34:10.274+0000] {processor.py:186} INFO - Started process (PID=3559) to work on /home/ubuntu/demo8/lib/python3.12/site-packages/airflow/example_dags/example_trigger_target_dag.py
[2024-12-18T20:34:10.276+0000] {processor.py:914} INFO - Processing file /home/ubuntu/demo8/lib/python3.12/site-packages/airflow/example_dags/example_trigger_target_dag.py for tasks to queue
[2024-12-18T20:34:10.278+0000] {logging_mixin.py:190} INFO - [2024-12-18T20:34:10.278+0000] {dagbag.py:588} INFO - Filling up the DagBag from /home/ubuntu/demo8/lib/python3.12/site-packages/airflow/example_dags/example_trigger_target_dag.py
[2024-12-18T20:34:10.288+0000] {processor.py:925} INFO - DAG(s) 'example_trigger_target_dag' retrieved from /home/ubuntu/demo8/lib/python3.12/site-packages/airflow/example_dags/example_trigger_target_dag.py
[2024-12-18T20:34:10.304+0000] {logging_mixin.py:190} INFO - [2024-12-18T20:34:10.304+0000] {dag.py:3239} INFO - Sync 1 DAGs
[2024-12-18T20:34:10.430+0000] {logging_mixin.py:190} INFO - [2024-12-18T20:34:10.430+0000] {dag.py:4180} INFO - Setting next_dagrun for example_trigger_target_dag to None, run_after=None
[2024-12-18T20:34:10.453+0000] {processor.py:208} INFO - Processing /home/ubuntu/demo8/lib/python3.12/site-packages/airflow/example_dags/example_trigger_target_dag.py took 0.184 seconds
[2024-12-18T20:35:15.937+0000] {processor.py:186} INFO - Started process (PID=3774) to work on /home/ubuntu/demo8/lib/python3.12/site-packages/airflow/example_dags/example_trigger_target_dag.py
[2024-12-18T20:35:15.938+0000] {processor.py:914} INFO - Processing file /home/ubuntu/demo8/lib/python3.12/site-packages/airflow/example_dags/example_trigger_target_dag.py for tasks to queue
[2024-12-18T20:35:15.941+0000] {logging_mixin.py:190} INFO - [2024-12-18T20:35:15.941+0000] {dagbag.py:588} INFO - Filling up the DagBag from /home/ubuntu/demo8/lib/python3.12/site-packages/airflow/example_dags/example_trigger_target_dag.py
[2024-12-18T20:35:15.951+0000] {processor.py:925} INFO - DAG(s) 'example_trigger_target_dag' retrieved from /home/ubuntu/demo8/lib/python3.12/site-packages/airflow/example_dags/example_trigger_target_dag.py
[2024-12-18T20:35:15.967+0000] {logging_mixin.py:190} INFO - [2024-12-18T20:35:15.967+0000] {dag.py:3239} INFO - Sync 1 DAGs
[2024-12-18T20:35:15.981+0000] {logging_mixin.py:190} INFO - [2024-12-18T20:35:15.981+0000] {dag.py:4180} INFO - Setting next_dagrun for example_trigger_target_dag to None, run_after=None
[2024-12-18T20:35:16.004+0000] {processor.py:208} INFO - Processing /home/ubuntu/demo8/lib/python3.12/site-packages/airflow/example_dags/example_trigger_target_dag.py took 0.073 seconds
[2024-12-18T20:36:14.425+0000] {processor.py:186} INFO - Started process (PID=3869) to work on /home/ubuntu/demo8/lib/python3.12/site-packages/airflow/example_dags/example_trigger_target_dag.py
[2024-12-18T20:36:14.427+0000] {processor.py:914} INFO - Processing file /home/ubuntu/demo8/lib/python3.12/site-packages/airflow/example_dags/example_trigger_target_dag.py for tasks to queue
[2024-12-18T20:36:14.430+0000] {logging_mixin.py:190} INFO - [2024-12-18T20:36:14.429+0000] {dagbag.py:588} INFO - Filling up the DagBag from /home/ubuntu/demo8/lib/python3.12/site-packages/airflow/example_dags/example_trigger_target_dag.py
[2024-12-18T20:36:14.439+0000] {processor.py:925} INFO - DAG(s) 'example_trigger_target_dag' retrieved from /home/ubuntu/demo8/lib/python3.12/site-packages/airflow/example_dags/example_trigger_target_dag.py
[2024-12-18T20:36:14.456+0000] {logging_mixin.py:190} INFO - [2024-12-18T20:36:14.456+0000] {dag.py:3239} INFO - Sync 1 DAGs
[2024-12-18T20:36:14.470+0000] {logging_mixin.py:190} INFO - [2024-12-18T20:36:14.470+0000] {dag.py:4180} INFO - Setting next_dagrun for example_trigger_target_dag to None, run_after=None
[2024-12-18T20:36:14.493+0000] {processor.py:208} INFO - Processing /home/ubuntu/demo8/lib/python3.12/site-packages/airflow/example_dags/example_trigger_target_dag.py took 0.074 seconds
[2024-12-18T20:37:11.100+0000] {processor.py:186} INFO - Started process (PID=3989) to work on /home/ubuntu/demo8/lib/python3.12/site-packages/airflow/example_dags/example_trigger_target_dag.py
[2024-12-18T20:37:11.102+0000] {processor.py:914} INFO - Processing file /home/ubuntu/demo8/lib/python3.12/site-packages/airflow/example_dags/example_trigger_target_dag.py for tasks to queue
[2024-12-18T20:37:11.104+0000] {logging_mixin.py:190} INFO - [2024-12-18T20:37:11.104+0000] {dagbag.py:588} INFO - Filling up the DagBag from /home/ubuntu/demo8/lib/python3.12/site-packages/airflow/example_dags/example_trigger_target_dag.py
[2024-12-18T20:37:11.114+0000] {processor.py:925} INFO - DAG(s) 'example_trigger_target_dag' retrieved from /home/ubuntu/demo8/lib/python3.12/site-packages/airflow/example_dags/example_trigger_target_dag.py
[2024-12-18T20:37:11.130+0000] {logging_mixin.py:190} INFO - [2024-12-18T20:37:11.130+0000] {dag.py:3239} INFO - Sync 1 DAGs
[2024-12-18T20:37:11.144+0000] {logging_mixin.py:190} INFO - [2024-12-18T20:37:11.144+0000] {dag.py:4180} INFO - Setting next_dagrun for example_trigger_target_dag to None, run_after=None
[2024-12-18T20:37:11.167+0000] {processor.py:208} INFO - Processing /home/ubuntu/demo8/lib/python3.12/site-packages/airflow/example_dags/example_trigger_target_dag.py took 0.074 seconds
[2024-12-18T20:38:05.481+0000] {processor.py:186} INFO - Started process (PID=4104) to work on /home/ubuntu/demo8/lib/python3.12/site-packages/airflow/example_dags/example_trigger_target_dag.py
[2024-12-18T20:38:05.483+0000] {processor.py:914} INFO - Processing file /home/ubuntu/demo8/lib/python3.12/site-packages/airflow/example_dags/example_trigger_target_dag.py for tasks to queue
[2024-12-18T20:38:05.486+0000] {logging_mixin.py:190} INFO - [2024-12-18T20:38:05.486+0000] {dagbag.py:588} INFO - Filling up the DagBag from /home/ubuntu/demo8/lib/python3.12/site-packages/airflow/example_dags/example_trigger_target_dag.py
[2024-12-18T20:38:05.496+0000] {processor.py:925} INFO - DAG(s) 'example_trigger_target_dag' retrieved from /home/ubuntu/demo8/lib/python3.12/site-packages/airflow/example_dags/example_trigger_target_dag.py
[2024-12-18T20:38:05.512+0000] {logging_mixin.py:190} INFO - [2024-12-18T20:38:05.512+0000] {dag.py:3239} INFO - Sync 1 DAGs
[2024-12-18T20:38:05.526+0000] {logging_mixin.py:190} INFO - [2024-12-18T20:38:05.526+0000] {dag.py:4180} INFO - Setting next_dagrun for example_trigger_target_dag to None, run_after=None
[2024-12-18T20:38:05.549+0000] {processor.py:208} INFO - Processing /home/ubuntu/demo8/lib/python3.12/site-packages/airflow/example_dags/example_trigger_target_dag.py took 0.074 seconds
[2024-12-18T20:39:01.699+0000] {processor.py:186} INFO - Started process (PID=4223) to work on /home/ubuntu/demo8/lib/python3.12/site-packages/airflow/example_dags/example_trigger_target_dag.py
[2024-12-18T20:39:01.701+0000] {processor.py:914} INFO - Processing file /home/ubuntu/demo8/lib/python3.12/site-packages/airflow/example_dags/example_trigger_target_dag.py for tasks to queue
[2024-12-18T20:39:01.703+0000] {logging_mixin.py:190} INFO - [2024-12-18T20:39:01.703+0000] {dagbag.py:588} INFO - Filling up the DagBag from /home/ubuntu/demo8/lib/python3.12/site-packages/airflow/example_dags/example_trigger_target_dag.py
[2024-12-18T20:39:01.713+0000] {processor.py:925} INFO - DAG(s) 'example_trigger_target_dag' retrieved from /home/ubuntu/demo8/lib/python3.12/site-packages/airflow/example_dags/example_trigger_target_dag.py
[2024-12-18T20:39:01.729+0000] {logging_mixin.py:190} INFO - [2024-12-18T20:39:01.729+0000] {dag.py:3239} INFO - Sync 1 DAGs
[2024-12-18T20:39:01.743+0000] {logging_mixin.py:190} INFO - [2024-12-18T20:39:01.743+0000] {dag.py:4180} INFO - Setting next_dagrun for example_trigger_target_dag to None, run_after=None
[2024-12-18T20:39:01.766+0000] {processor.py:208} INFO - Processing /home/ubuntu/demo8/lib/python3.12/site-packages/airflow/example_dags/example_trigger_target_dag.py took 0.073 seconds
[2024-12-18T20:39:57.267+0000] {processor.py:186} INFO - Started process (PID=4400) to work on /home/ubuntu/demo8/lib/python3.12/site-packages/airflow/example_dags/example_trigger_target_dag.py
[2024-12-18T20:39:57.269+0000] {processor.py:914} INFO - Processing file /home/ubuntu/demo8/lib/python3.12/site-packages/airflow/example_dags/example_trigger_target_dag.py for tasks to queue
[2024-12-18T20:39:57.272+0000] {logging_mixin.py:190} INFO - [2024-12-18T20:39:57.271+0000] {dagbag.py:588} INFO - Filling up the DagBag from /home/ubuntu/demo8/lib/python3.12/site-packages/airflow/example_dags/example_trigger_target_dag.py
[2024-12-18T20:39:57.281+0000] {processor.py:925} INFO - DAG(s) 'example_trigger_target_dag' retrieved from /home/ubuntu/demo8/lib/python3.12/site-packages/airflow/example_dags/example_trigger_target_dag.py
[2024-12-18T20:39:57.298+0000] {logging_mixin.py:190} INFO - [2024-12-18T20:39:57.297+0000] {dag.py:3239} INFO - Sync 1 DAGs
[2024-12-18T20:39:57.312+0000] {logging_mixin.py:190} INFO - [2024-12-18T20:39:57.312+0000] {dag.py:4180} INFO - Setting next_dagrun for example_trigger_target_dag to None, run_after=None
[2024-12-18T20:39:57.336+0000] {processor.py:208} INFO - Processing /home/ubuntu/demo8/lib/python3.12/site-packages/airflow/example_dags/example_trigger_target_dag.py took 0.076 seconds
[2024-12-18T20:40:54.986+0000] {processor.py:186} INFO - Started process (PID=4537) to work on /home/ubuntu/demo8/lib/python3.12/site-packages/airflow/example_dags/example_trigger_target_dag.py
[2024-12-18T20:40:54.989+0000] {processor.py:914} INFO - Processing file /home/ubuntu/demo8/lib/python3.12/site-packages/airflow/example_dags/example_trigger_target_dag.py for tasks to queue
[2024-12-18T20:40:54.991+0000] {logging_mixin.py:190} INFO - [2024-12-18T20:40:54.991+0000] {dagbag.py:588} INFO - Filling up the DagBag from /home/ubuntu/demo8/lib/python3.12/site-packages/airflow/example_dags/example_trigger_target_dag.py
[2024-12-18T20:40:55.001+0000] {processor.py:925} INFO - DAG(s) 'example_trigger_target_dag' retrieved from /home/ubuntu/demo8/lib/python3.12/site-packages/airflow/example_dags/example_trigger_target_dag.py
[2024-12-18T20:40:55.019+0000] {logging_mixin.py:190} INFO - [2024-12-18T20:40:55.018+0000] {dag.py:3239} INFO - Sync 1 DAGs
[2024-12-18T20:40:55.034+0000] {logging_mixin.py:190} INFO - [2024-12-18T20:40:55.033+0000] {dag.py:4180} INFO - Setting next_dagrun for example_trigger_target_dag to None, run_after=None
[2024-12-18T20:40:55.064+0000] {processor.py:208} INFO - Processing /home/ubuntu/demo8/lib/python3.12/site-packages/airflow/example_dags/example_trigger_target_dag.py took 0.092 seconds
[2024-12-18T20:41:47.831+0000] {processor.py:186} INFO - Started process (PID=4656) to work on /home/ubuntu/demo8/lib/python3.12/site-packages/airflow/example_dags/example_trigger_target_dag.py
[2024-12-18T20:41:47.833+0000] {processor.py:914} INFO - Processing file /home/ubuntu/demo8/lib/python3.12/site-packages/airflow/example_dags/example_trigger_target_dag.py for tasks to queue
[2024-12-18T20:41:47.835+0000] {logging_mixin.py:190} INFO - [2024-12-18T20:41:47.835+0000] {dagbag.py:588} INFO - Filling up the DagBag from /home/ubuntu/demo8/lib/python3.12/site-packages/airflow/example_dags/example_trigger_target_dag.py
[2024-12-18T20:41:47.845+0000] {processor.py:925} INFO - DAG(s) 'example_trigger_target_dag' retrieved from /home/ubuntu/demo8/lib/python3.12/site-packages/airflow/example_dags/example_trigger_target_dag.py
[2024-12-18T20:41:47.862+0000] {logging_mixin.py:190} INFO - [2024-12-18T20:41:47.862+0000] {dag.py:3239} INFO - Sync 1 DAGs
[2024-12-18T20:41:47.876+0000] {logging_mixin.py:190} INFO - [2024-12-18T20:41:47.876+0000] {dag.py:4180} INFO - Setting next_dagrun for example_trigger_target_dag to None, run_after=None
[2024-12-18T20:41:47.900+0000] {processor.py:208} INFO - Processing /home/ubuntu/demo8/lib/python3.12/site-packages/airflow/example_dags/example_trigger_target_dag.py took 0.075 seconds
[2024-12-18T20:42:41.060+0000] {processor.py:186} INFO - Started process (PID=4769) to work on /home/ubuntu/demo8/lib/python3.12/site-packages/airflow/example_dags/example_trigger_target_dag.py
[2024-12-18T20:42:41.062+0000] {processor.py:914} INFO - Processing file /home/ubuntu/demo8/lib/python3.12/site-packages/airflow/example_dags/example_trigger_target_dag.py for tasks to queue
[2024-12-18T20:42:41.064+0000] {logging_mixin.py:190} INFO - [2024-12-18T20:42:41.064+0000] {dagbag.py:588} INFO - Filling up the DagBag from /home/ubuntu/demo8/lib/python3.12/site-packages/airflow/example_dags/example_trigger_target_dag.py
[2024-12-18T20:42:41.074+0000] {processor.py:925} INFO - DAG(s) 'example_trigger_target_dag' retrieved from /home/ubuntu/demo8/lib/python3.12/site-packages/airflow/example_dags/example_trigger_target_dag.py
[2024-12-18T20:42:41.091+0000] {logging_mixin.py:190} INFO - [2024-12-18T20:42:41.090+0000] {dag.py:3239} INFO - Sync 1 DAGs
[2024-12-18T20:42:41.105+0000] {logging_mixin.py:190} INFO - [2024-12-18T20:42:41.105+0000] {dag.py:4180} INFO - Setting next_dagrun for example_trigger_target_dag to None, run_after=None
[2024-12-18T20:42:41.131+0000] {processor.py:208} INFO - Processing /home/ubuntu/demo8/lib/python3.12/site-packages/airflow/example_dags/example_trigger_target_dag.py took 0.077 seconds
[2024-12-18T20:43:35.958+0000] {processor.py:186} INFO - Started process (PID=4886) to work on /home/ubuntu/demo8/lib/python3.12/site-packages/airflow/example_dags/example_trigger_target_dag.py
[2024-12-18T20:43:35.959+0000] {processor.py:914} INFO - Processing file /home/ubuntu/demo8/lib/python3.12/site-packages/airflow/example_dags/example_trigger_target_dag.py for tasks to queue
[2024-12-18T20:43:35.962+0000] {logging_mixin.py:190} INFO - [2024-12-18T20:43:35.961+0000] {dagbag.py:588} INFO - Filling up the DagBag from /home/ubuntu/demo8/lib/python3.12/site-packages/airflow/example_dags/example_trigger_target_dag.py
[2024-12-18T20:43:35.971+0000] {processor.py:925} INFO - DAG(s) 'example_trigger_target_dag' retrieved from /home/ubuntu/demo8/lib/python3.12/site-packages/airflow/example_dags/example_trigger_target_dag.py
[2024-12-18T20:43:35.988+0000] {logging_mixin.py:190} INFO - [2024-12-18T20:43:35.988+0000] {dag.py:3239} INFO - Sync 1 DAGs
[2024-12-18T20:43:36.002+0000] {logging_mixin.py:190} INFO - [2024-12-18T20:43:36.002+0000] {dag.py:4180} INFO - Setting next_dagrun for example_trigger_target_dag to None, run_after=None
[2024-12-18T20:43:36.026+0000] {processor.py:208} INFO - Processing /home/ubuntu/demo8/lib/python3.12/site-packages/airflow/example_dags/example_trigger_target_dag.py took 0.075 seconds
[2024-12-18T20:44:29.184+0000] {processor.py:186} INFO - Started process (PID=5062) to work on /home/ubuntu/demo8/lib/python3.12/site-packages/airflow/example_dags/example_trigger_target_dag.py
[2024-12-18T20:44:29.186+0000] {processor.py:914} INFO - Processing file /home/ubuntu/demo8/lib/python3.12/site-packages/airflow/example_dags/example_trigger_target_dag.py for tasks to queue
[2024-12-18T20:44:29.188+0000] {logging_mixin.py:190} INFO - [2024-12-18T20:44:29.188+0000] {dagbag.py:588} INFO - Filling up the DagBag from /home/ubuntu/demo8/lib/python3.12/site-packages/airflow/example_dags/example_trigger_target_dag.py
[2024-12-18T20:44:29.198+0000] {processor.py:925} INFO - DAG(s) 'example_trigger_target_dag' retrieved from /home/ubuntu/demo8/lib/python3.12/site-packages/airflow/example_dags/example_trigger_target_dag.py
[2024-12-18T20:44:29.215+0000] {logging_mixin.py:190} INFO - [2024-12-18T20:44:29.215+0000] {dag.py:3239} INFO - Sync 1 DAGs
[2024-12-18T20:44:29.229+0000] {logging_mixin.py:190} INFO - [2024-12-18T20:44:29.229+0000] {dag.py:4180} INFO - Setting next_dagrun for example_trigger_target_dag to None, run_after=None
[2024-12-18T20:44:29.253+0000] {processor.py:208} INFO - Processing /home/ubuntu/demo8/lib/python3.12/site-packages/airflow/example_dags/example_trigger_target_dag.py took 0.075 seconds
[2024-12-18T20:45:22.996+0000] {processor.py:186} INFO - Started process (PID=5184) to work on /home/ubuntu/demo8/lib/python3.12/site-packages/airflow/example_dags/example_trigger_target_dag.py
[2024-12-18T20:45:22.997+0000] {processor.py:914} INFO - Processing file /home/ubuntu/demo8/lib/python3.12/site-packages/airflow/example_dags/example_trigger_target_dag.py for tasks to queue
[2024-12-18T20:45:23.000+0000] {logging_mixin.py:190} INFO - [2024-12-18T20:45:22.999+0000] {dagbag.py:588} INFO - Filling up the DagBag from /home/ubuntu/demo8/lib/python3.12/site-packages/airflow/example_dags/example_trigger_target_dag.py
[2024-12-18T20:45:23.009+0000] {processor.py:925} INFO - DAG(s) 'example_trigger_target_dag' retrieved from /home/ubuntu/demo8/lib/python3.12/site-packages/airflow/example_dags/example_trigger_target_dag.py
[2024-12-18T20:45:23.026+0000] {logging_mixin.py:190} INFO - [2024-12-18T20:45:23.026+0000] {dag.py:3239} INFO - Sync 1 DAGs
[2024-12-18T20:45:23.040+0000] {logging_mixin.py:190} INFO - [2024-12-18T20:45:23.040+0000] {dag.py:4180} INFO - Setting next_dagrun for example_trigger_target_dag to None, run_after=None
[2024-12-18T20:45:23.062+0000] {processor.py:208} INFO - Processing /home/ubuntu/demo8/lib/python3.12/site-packages/airflow/example_dags/example_trigger_target_dag.py took 0.073 seconds
[2024-12-18T20:47:06.587+0000] {processor.py:186} INFO - Started process (PID=5755) to work on /home/ubuntu/demo8/lib/python3.12/site-packages/airflow/example_dags/example_trigger_target_dag.py
[2024-12-18T20:47:06.589+0000] {processor.py:914} INFO - Processing file /home/ubuntu/demo8/lib/python3.12/site-packages/airflow/example_dags/example_trigger_target_dag.py for tasks to queue
[2024-12-18T20:47:06.592+0000] {logging_mixin.py:190} INFO - [2024-12-18T20:47:06.591+0000] {dagbag.py:588} INFO - Filling up the DagBag from /home/ubuntu/demo8/lib/python3.12/site-packages/airflow/example_dags/example_trigger_target_dag.py
[2024-12-18T20:47:06.601+0000] {processor.py:925} INFO - DAG(s) 'example_trigger_target_dag' retrieved from /home/ubuntu/demo8/lib/python3.12/site-packages/airflow/example_dags/example_trigger_target_dag.py
[2024-12-18T20:47:06.625+0000] {logging_mixin.py:190} INFO - [2024-12-18T20:47:06.625+0000] {dag.py:3239} INFO - Sync 1 DAGs
[2024-12-18T20:47:06.641+0000] {logging_mixin.py:190} INFO - [2024-12-18T20:47:06.640+0000] {dag.py:4180} INFO - Setting next_dagrun for example_trigger_target_dag to None, run_after=None
[2024-12-18T20:47:06.665+0000] {processor.py:208} INFO - Processing /home/ubuntu/demo8/lib/python3.12/site-packages/airflow/example_dags/example_trigger_target_dag.py took 0.084 seconds
[2024-12-18T20:48:05.145+0000] {processor.py:186} INFO - Started process (PID=5934) to work on /home/ubuntu/demo8/lib/python3.12/site-packages/airflow/example_dags/example_trigger_target_dag.py
[2024-12-18T20:48:05.146+0000] {processor.py:914} INFO - Processing file /home/ubuntu/demo8/lib/python3.12/site-packages/airflow/example_dags/example_trigger_target_dag.py for tasks to queue
[2024-12-18T20:48:05.149+0000] {logging_mixin.py:190} INFO - [2024-12-18T20:48:05.149+0000] {dagbag.py:588} INFO - Filling up the DagBag from /home/ubuntu/demo8/lib/python3.12/site-packages/airflow/example_dags/example_trigger_target_dag.py
[2024-12-18T20:48:05.159+0000] {processor.py:925} INFO - DAG(s) 'example_trigger_target_dag' retrieved from /home/ubuntu/demo8/lib/python3.12/site-packages/airflow/example_dags/example_trigger_target_dag.py
[2024-12-18T20:48:05.176+0000] {logging_mixin.py:190} INFO - [2024-12-18T20:48:05.176+0000] {dag.py:3239} INFO - Sync 1 DAGs
[2024-12-18T20:48:05.191+0000] {logging_mixin.py:190} INFO - [2024-12-18T20:48:05.191+0000] {dag.py:4180} INFO - Setting next_dagrun for example_trigger_target_dag to None, run_after=None
[2024-12-18T20:48:05.216+0000] {processor.py:208} INFO - Processing /home/ubuntu/demo8/lib/python3.12/site-packages/airflow/example_dags/example_trigger_target_dag.py took 0.077 seconds
[2024-12-18T20:49:02.797+0000] {processor.py:186} INFO - Started process (PID=6416) to work on /home/ubuntu/demo8/lib/python3.12/site-packages/airflow/example_dags/example_trigger_target_dag.py
[2024-12-18T20:49:02.798+0000] {processor.py:914} INFO - Processing file /home/ubuntu/demo8/lib/python3.12/site-packages/airflow/example_dags/example_trigger_target_dag.py for tasks to queue
[2024-12-18T20:49:02.801+0000] {logging_mixin.py:190} INFO - [2024-12-18T20:49:02.800+0000] {dagbag.py:588} INFO - Filling up the DagBag from /home/ubuntu/demo8/lib/python3.12/site-packages/airflow/example_dags/example_trigger_target_dag.py
[2024-12-18T20:49:02.810+0000] {processor.py:925} INFO - DAG(s) 'example_trigger_target_dag' retrieved from /home/ubuntu/demo8/lib/python3.12/site-packages/airflow/example_dags/example_trigger_target_dag.py
[2024-12-18T20:49:02.828+0000] {logging_mixin.py:190} INFO - [2024-12-18T20:49:02.827+0000] {dag.py:3239} INFO - Sync 1 DAGs
[2024-12-18T20:49:02.842+0000] {logging_mixin.py:190} INFO - [2024-12-18T20:49:02.842+0000] {dag.py:4180} INFO - Setting next_dagrun for example_trigger_target_dag to None, run_after=None
[2024-12-18T20:49:02.867+0000] {processor.py:208} INFO - Processing /home/ubuntu/demo8/lib/python3.12/site-packages/airflow/example_dags/example_trigger_target_dag.py took 0.076 seconds
[2024-12-18T20:49:56.007+0000] {processor.py:186} INFO - Started process (PID=6530) to work on /home/ubuntu/demo8/lib/python3.12/site-packages/airflow/example_dags/example_trigger_target_dag.py
[2024-12-18T20:49:56.009+0000] {processor.py:914} INFO - Processing file /home/ubuntu/demo8/lib/python3.12/site-packages/airflow/example_dags/example_trigger_target_dag.py for tasks to queue
[2024-12-18T20:49:56.011+0000] {logging_mixin.py:190} INFO - [2024-12-18T20:49:56.011+0000] {dagbag.py:588} INFO - Filling up the DagBag from /home/ubuntu/demo8/lib/python3.12/site-packages/airflow/example_dags/example_trigger_target_dag.py
[2024-12-18T20:49:56.021+0000] {processor.py:925} INFO - DAG(s) 'example_trigger_target_dag' retrieved from /home/ubuntu/demo8/lib/python3.12/site-packages/airflow/example_dags/example_trigger_target_dag.py
[2024-12-18T20:49:56.048+0000] {logging_mixin.py:190} INFO - [2024-12-18T20:49:56.048+0000] {dag.py:3239} INFO - Sync 1 DAGs
[2024-12-18T20:49:56.062+0000] {logging_mixin.py:190} INFO - [2024-12-18T20:49:56.062+0000] {dag.py:4180} INFO - Setting next_dagrun for example_trigger_target_dag to None, run_after=None
[2024-12-18T20:49:56.089+0000] {processor.py:208} INFO - Processing /home/ubuntu/demo8/lib/python3.12/site-packages/airflow/example_dags/example_trigger_target_dag.py took 0.089 seconds
[2024-12-18T20:50:53.889+0000] {processor.py:186} INFO - Started process (PID=6894) to work on /home/ubuntu/demo8/lib/python3.12/site-packages/airflow/example_dags/example_trigger_target_dag.py
[2024-12-18T20:50:53.891+0000] {processor.py:914} INFO - Processing file /home/ubuntu/demo8/lib/python3.12/site-packages/airflow/example_dags/example_trigger_target_dag.py for tasks to queue
[2024-12-18T20:50:53.894+0000] {logging_mixin.py:190} INFO - [2024-12-18T20:50:53.893+0000] {dagbag.py:588} INFO - Filling up the DagBag from /home/ubuntu/demo8/lib/python3.12/site-packages/airflow/example_dags/example_trigger_target_dag.py
[2024-12-18T20:50:53.903+0000] {processor.py:925} INFO - DAG(s) 'example_trigger_target_dag' retrieved from /home/ubuntu/demo8/lib/python3.12/site-packages/airflow/example_dags/example_trigger_target_dag.py
[2024-12-18T20:50:53.920+0000] {logging_mixin.py:190} INFO - [2024-12-18T20:50:53.919+0000] {dag.py:3239} INFO - Sync 1 DAGs
[2024-12-18T20:50:53.933+0000] {logging_mixin.py:190} INFO - [2024-12-18T20:50:53.933+0000] {dag.py:4180} INFO - Setting next_dagrun for example_trigger_target_dag to None, run_after=None
[2024-12-18T20:50:53.957+0000] {processor.py:208} INFO - Processing /home/ubuntu/demo8/lib/python3.12/site-packages/airflow/example_dags/example_trigger_target_dag.py took 0.077 seconds
