[2024-12-18T15:44:46.733+0000] {processor.py:186} INFO - Started process (PID=3669) to work on /home/ubuntu/demo8/lib/python3.12/site-packages/airflow/example_dags/example_kubernetes_executor.py
[2024-12-18T15:44:46.734+0000] {processor.py:914} INFO - Processing file /home/ubuntu/demo8/lib/python3.12/site-packages/airflow/example_dags/example_kubernetes_executor.py for tasks to queue
[2024-12-18T15:44:46.736+0000] {logging_mixin.py:190} INFO - [2024-12-18T15:44:46.735+0000] {dagbag.py:588} INFO - Filling up the DagBag from /home/ubuntu/demo8/lib/python3.12/site-packages/airflow/example_dags/example_kubernetes_executor.py
[2024-12-18T15:44:46.739+0000] {logging_mixin.py:190} INFO - [2024-12-18T15:44:46.739+0000] {example_kubernetes_executor.py:39} WARNING - The example_kubernetes_executor example DAG requires the kubernetes provider. Please install it with: pip install apache-airflow[cncf.kubernetes]
[2024-12-18T15:44:46.739+0000] {processor.py:927} WARNING - No viable dags retrieved from /home/ubuntu/demo8/lib/python3.12/site-packages/airflow/example_dags/example_kubernetes_executor.py
[2024-12-18T15:44:46.751+0000] {processor.py:208} INFO - Processing /home/ubuntu/demo8/lib/python3.12/site-packages/airflow/example_dags/example_kubernetes_executor.py took 0.024 seconds
[2024-12-18T15:45:56.806+0000] {processor.py:186} INFO - Started process (PID=3772) to work on /home/ubuntu/demo8/lib/python3.12/site-packages/airflow/example_dags/example_kubernetes_executor.py
[2024-12-18T15:45:56.808+0000] {processor.py:914} INFO - Processing file /home/ubuntu/demo8/lib/python3.12/site-packages/airflow/example_dags/example_kubernetes_executor.py for tasks to queue
[2024-12-18T15:45:56.810+0000] {logging_mixin.py:190} INFO - [2024-12-18T15:45:56.809+0000] {dagbag.py:588} INFO - Filling up the DagBag from /home/ubuntu/demo8/lib/python3.12/site-packages/airflow/example_dags/example_kubernetes_executor.py
[2024-12-18T15:45:56.813+0000] {logging_mixin.py:190} INFO - [2024-12-18T15:45:56.813+0000] {example_kubernetes_executor.py:39} WARNING - The example_kubernetes_executor example DAG requires the kubernetes provider. Please install it with: pip install apache-airflow[cncf.kubernetes]
[2024-12-18T15:45:56.813+0000] {processor.py:927} WARNING - No viable dags retrieved from /home/ubuntu/demo8/lib/python3.12/site-packages/airflow/example_dags/example_kubernetes_executor.py
[2024-12-18T15:45:56.825+0000] {processor.py:208} INFO - Processing /home/ubuntu/demo8/lib/python3.12/site-packages/airflow/example_dags/example_kubernetes_executor.py took 0.025 seconds
[2024-12-18T15:46:52.748+0000] {processor.py:186} INFO - Started process (PID=4239) to work on /home/ubuntu/demo8/lib/python3.12/site-packages/airflow/example_dags/example_kubernetes_executor.py
[2024-12-18T15:46:52.749+0000] {processor.py:914} INFO - Processing file /home/ubuntu/demo8/lib/python3.12/site-packages/airflow/example_dags/example_kubernetes_executor.py for tasks to queue
[2024-12-18T15:46:52.751+0000] {logging_mixin.py:190} INFO - [2024-12-18T15:46:52.751+0000] {dagbag.py:588} INFO - Filling up the DagBag from /home/ubuntu/demo8/lib/python3.12/site-packages/airflow/example_dags/example_kubernetes_executor.py
[2024-12-18T15:46:52.755+0000] {logging_mixin.py:190} INFO - [2024-12-18T15:46:52.754+0000] {example_kubernetes_executor.py:39} WARNING - The example_kubernetes_executor example DAG requires the kubernetes provider. Please install it with: pip install apache-airflow[cncf.kubernetes]
[2024-12-18T15:46:52.755+0000] {processor.py:927} WARNING - No viable dags retrieved from /home/ubuntu/demo8/lib/python3.12/site-packages/airflow/example_dags/example_kubernetes_executor.py
[2024-12-18T15:46:52.766+0000] {processor.py:208} INFO - Processing /home/ubuntu/demo8/lib/python3.12/site-packages/airflow/example_dags/example_kubernetes_executor.py took 0.024 seconds
[2024-12-18T15:47:50.337+0000] {processor.py:186} INFO - Started process (PID=4297) to work on /home/ubuntu/demo8/lib/python3.12/site-packages/airflow/example_dags/example_kubernetes_executor.py
[2024-12-18T15:47:50.339+0000] {processor.py:914} INFO - Processing file /home/ubuntu/demo8/lib/python3.12/site-packages/airflow/example_dags/example_kubernetes_executor.py for tasks to queue
[2024-12-18T15:47:50.341+0000] {logging_mixin.py:190} INFO - [2024-12-18T15:47:50.340+0000] {dagbag.py:588} INFO - Filling up the DagBag from /home/ubuntu/demo8/lib/python3.12/site-packages/airflow/example_dags/example_kubernetes_executor.py
[2024-12-18T15:47:50.344+0000] {logging_mixin.py:190} INFO - [2024-12-18T15:47:50.344+0000] {example_kubernetes_executor.py:39} WARNING - The example_kubernetes_executor example DAG requires the kubernetes provider. Please install it with: pip install apache-airflow[cncf.kubernetes]
[2024-12-18T15:47:50.344+0000] {processor.py:927} WARNING - No viable dags retrieved from /home/ubuntu/demo8/lib/python3.12/site-packages/airflow/example_dags/example_kubernetes_executor.py
[2024-12-18T15:47:50.357+0000] {processor.py:208} INFO - Processing /home/ubuntu/demo8/lib/python3.12/site-packages/airflow/example_dags/example_kubernetes_executor.py took 0.026 seconds
[2024-12-18T15:48:44.811+0000] {processor.py:186} INFO - Started process (PID=4353) to work on /home/ubuntu/demo8/lib/python3.12/site-packages/airflow/example_dags/example_kubernetes_executor.py
[2024-12-18T15:48:44.813+0000] {processor.py:914} INFO - Processing file /home/ubuntu/demo8/lib/python3.12/site-packages/airflow/example_dags/example_kubernetes_executor.py for tasks to queue
[2024-12-18T15:48:44.815+0000] {logging_mixin.py:190} INFO - [2024-12-18T15:48:44.815+0000] {dagbag.py:588} INFO - Filling up the DagBag from /home/ubuntu/demo8/lib/python3.12/site-packages/airflow/example_dags/example_kubernetes_executor.py
[2024-12-18T15:48:44.818+0000] {logging_mixin.py:190} INFO - [2024-12-18T15:48:44.818+0000] {example_kubernetes_executor.py:39} WARNING - The example_kubernetes_executor example DAG requires the kubernetes provider. Please install it with: pip install apache-airflow[cncf.kubernetes]
[2024-12-18T15:48:44.819+0000] {processor.py:927} WARNING - No viable dags retrieved from /home/ubuntu/demo8/lib/python3.12/site-packages/airflow/example_dags/example_kubernetes_executor.py
[2024-12-18T15:48:44.831+0000] {processor.py:208} INFO - Processing /home/ubuntu/demo8/lib/python3.12/site-packages/airflow/example_dags/example_kubernetes_executor.py took 0.025 seconds
[2024-12-18T15:49:50.785+0000] {processor.py:186} INFO - Started process (PID=4414) to work on /home/ubuntu/demo8/lib/python3.12/site-packages/airflow/example_dags/example_kubernetes_executor.py
[2024-12-18T15:49:50.787+0000] {processor.py:914} INFO - Processing file /home/ubuntu/demo8/lib/python3.12/site-packages/airflow/example_dags/example_kubernetes_executor.py for tasks to queue
[2024-12-18T15:49:50.789+0000] {logging_mixin.py:190} INFO - [2024-12-18T15:49:50.789+0000] {dagbag.py:588} INFO - Filling up the DagBag from /home/ubuntu/demo8/lib/python3.12/site-packages/airflow/example_dags/example_kubernetes_executor.py
[2024-12-18T15:49:50.793+0000] {logging_mixin.py:190} INFO - [2024-12-18T15:49:50.792+0000] {example_kubernetes_executor.py:39} WARNING - The example_kubernetes_executor example DAG requires the kubernetes provider. Please install it with: pip install apache-airflow[cncf.kubernetes]
[2024-12-18T15:49:50.793+0000] {processor.py:927} WARNING - No viable dags retrieved from /home/ubuntu/demo8/lib/python3.12/site-packages/airflow/example_dags/example_kubernetes_executor.py
[2024-12-18T15:49:50.805+0000] {processor.py:208} INFO - Processing /home/ubuntu/demo8/lib/python3.12/site-packages/airflow/example_dags/example_kubernetes_executor.py took 0.027 seconds
[2024-12-18T15:50:47.806+0000] {processor.py:186} INFO - Started process (PID=4484) to work on /home/ubuntu/demo8/lib/python3.12/site-packages/airflow/example_dags/example_kubernetes_executor.py
[2024-12-18T15:50:47.808+0000] {processor.py:914} INFO - Processing file /home/ubuntu/demo8/lib/python3.12/site-packages/airflow/example_dags/example_kubernetes_executor.py for tasks to queue
[2024-12-18T15:50:47.810+0000] {logging_mixin.py:190} INFO - [2024-12-18T15:50:47.810+0000] {dagbag.py:588} INFO - Filling up the DagBag from /home/ubuntu/demo8/lib/python3.12/site-packages/airflow/example_dags/example_kubernetes_executor.py
[2024-12-18T15:50:47.814+0000] {logging_mixin.py:190} INFO - [2024-12-18T15:50:47.813+0000] {example_kubernetes_executor.py:39} WARNING - The example_kubernetes_executor example DAG requires the kubernetes provider. Please install it with: pip install apache-airflow[cncf.kubernetes]
[2024-12-18T15:50:47.814+0000] {processor.py:927} WARNING - No viable dags retrieved from /home/ubuntu/demo8/lib/python3.12/site-packages/airflow/example_dags/example_kubernetes_executor.py
[2024-12-18T15:50:47.826+0000] {processor.py:208} INFO - Processing /home/ubuntu/demo8/lib/python3.12/site-packages/airflow/example_dags/example_kubernetes_executor.py took 0.026 seconds
[2024-12-18T15:51:42.217+0000] {processor.py:186} INFO - Started process (PID=4543) to work on /home/ubuntu/demo8/lib/python3.12/site-packages/airflow/example_dags/example_kubernetes_executor.py
[2024-12-18T15:51:42.219+0000] {processor.py:914} INFO - Processing file /home/ubuntu/demo8/lib/python3.12/site-packages/airflow/example_dags/example_kubernetes_executor.py for tasks to queue
[2024-12-18T15:51:42.221+0000] {logging_mixin.py:190} INFO - [2024-12-18T15:51:42.221+0000] {dagbag.py:588} INFO - Filling up the DagBag from /home/ubuntu/demo8/lib/python3.12/site-packages/airflow/example_dags/example_kubernetes_executor.py
[2024-12-18T15:51:42.225+0000] {logging_mixin.py:190} INFO - [2024-12-18T15:51:42.224+0000] {example_kubernetes_executor.py:39} WARNING - The example_kubernetes_executor example DAG requires the kubernetes provider. Please install it with: pip install apache-airflow[cncf.kubernetes]
[2024-12-18T15:51:42.225+0000] {processor.py:927} WARNING - No viable dags retrieved from /home/ubuntu/demo8/lib/python3.12/site-packages/airflow/example_dags/example_kubernetes_executor.py
[2024-12-18T15:51:42.237+0000] {processor.py:208} INFO - Processing /home/ubuntu/demo8/lib/python3.12/site-packages/airflow/example_dags/example_kubernetes_executor.py took 0.027 seconds
[2024-12-18T15:52:36.545+0000] {processor.py:186} INFO - Started process (PID=4600) to work on /home/ubuntu/demo8/lib/python3.12/site-packages/airflow/example_dags/example_kubernetes_executor.py
[2024-12-18T15:52:36.546+0000] {processor.py:914} INFO - Processing file /home/ubuntu/demo8/lib/python3.12/site-packages/airflow/example_dags/example_kubernetes_executor.py for tasks to queue
[2024-12-18T15:52:36.548+0000] {logging_mixin.py:190} INFO - [2024-12-18T15:52:36.548+0000] {dagbag.py:588} INFO - Filling up the DagBag from /home/ubuntu/demo8/lib/python3.12/site-packages/airflow/example_dags/example_kubernetes_executor.py
[2024-12-18T15:52:36.551+0000] {logging_mixin.py:190} INFO - [2024-12-18T15:52:36.551+0000] {example_kubernetes_executor.py:39} WARNING - The example_kubernetes_executor example DAG requires the kubernetes provider. Please install it with: pip install apache-airflow[cncf.kubernetes]
[2024-12-18T15:52:36.552+0000] {processor.py:927} WARNING - No viable dags retrieved from /home/ubuntu/demo8/lib/python3.12/site-packages/airflow/example_dags/example_kubernetes_executor.py
[2024-12-18T15:52:36.563+0000] {processor.py:208} INFO - Processing /home/ubuntu/demo8/lib/python3.12/site-packages/airflow/example_dags/example_kubernetes_executor.py took 0.025 seconds
[2024-12-18T15:53:31.815+0000] {processor.py:186} INFO - Started process (PID=4656) to work on /home/ubuntu/demo8/lib/python3.12/site-packages/airflow/example_dags/example_kubernetes_executor.py
[2024-12-18T15:53:31.816+0000] {processor.py:914} INFO - Processing file /home/ubuntu/demo8/lib/python3.12/site-packages/airflow/example_dags/example_kubernetes_executor.py for tasks to queue
[2024-12-18T15:53:31.818+0000] {logging_mixin.py:190} INFO - [2024-12-18T15:53:31.818+0000] {dagbag.py:588} INFO - Filling up the DagBag from /home/ubuntu/demo8/lib/python3.12/site-packages/airflow/example_dags/example_kubernetes_executor.py
[2024-12-18T15:53:31.822+0000] {logging_mixin.py:190} INFO - [2024-12-18T15:53:31.821+0000] {example_kubernetes_executor.py:39} WARNING - The example_kubernetes_executor example DAG requires the kubernetes provider. Please install it with: pip install apache-airflow[cncf.kubernetes]
[2024-12-18T15:53:31.822+0000] {processor.py:927} WARNING - No viable dags retrieved from /home/ubuntu/demo8/lib/python3.12/site-packages/airflow/example_dags/example_kubernetes_executor.py
[2024-12-18T15:53:31.834+0000] {processor.py:208} INFO - Processing /home/ubuntu/demo8/lib/python3.12/site-packages/airflow/example_dags/example_kubernetes_executor.py took 0.025 seconds
[2024-12-18T15:54:57.534+0000] {processor.py:186} INFO - Started process (PID=4770) to work on /home/ubuntu/demo8/lib/python3.12/site-packages/airflow/example_dags/example_kubernetes_executor.py
[2024-12-18T15:54:57.536+0000] {processor.py:914} INFO - Processing file /home/ubuntu/demo8/lib/python3.12/site-packages/airflow/example_dags/example_kubernetes_executor.py for tasks to queue
[2024-12-18T15:54:57.538+0000] {logging_mixin.py:190} INFO - [2024-12-18T15:54:57.537+0000] {dagbag.py:588} INFO - Filling up the DagBag from /home/ubuntu/demo8/lib/python3.12/site-packages/airflow/example_dags/example_kubernetes_executor.py
[2024-12-18T15:54:57.541+0000] {logging_mixin.py:190} INFO - [2024-12-18T15:54:57.541+0000] {example_kubernetes_executor.py:39} WARNING - The example_kubernetes_executor example DAG requires the kubernetes provider. Please install it with: pip install apache-airflow[cncf.kubernetes]
[2024-12-18T15:54:57.541+0000] {processor.py:927} WARNING - No viable dags retrieved from /home/ubuntu/demo8/lib/python3.12/site-packages/airflow/example_dags/example_kubernetes_executor.py
[2024-12-18T15:54:57.553+0000] {processor.py:208} INFO - Processing /home/ubuntu/demo8/lib/python3.12/site-packages/airflow/example_dags/example_kubernetes_executor.py took 0.025 seconds
[2024-12-18T15:55:54.443+0000] {processor.py:186} INFO - Started process (PID=4833) to work on /home/ubuntu/demo8/lib/python3.12/site-packages/airflow/example_dags/example_kubernetes_executor.py
[2024-12-18T15:55:54.444+0000] {processor.py:914} INFO - Processing file /home/ubuntu/demo8/lib/python3.12/site-packages/airflow/example_dags/example_kubernetes_executor.py for tasks to queue
[2024-12-18T15:55:54.446+0000] {logging_mixin.py:190} INFO - [2024-12-18T15:55:54.446+0000] {dagbag.py:588} INFO - Filling up the DagBag from /home/ubuntu/demo8/lib/python3.12/site-packages/airflow/example_dags/example_kubernetes_executor.py
[2024-12-18T15:55:54.450+0000] {logging_mixin.py:190} INFO - [2024-12-18T15:55:54.449+0000] {example_kubernetes_executor.py:39} WARNING - The example_kubernetes_executor example DAG requires the kubernetes provider. Please install it with: pip install apache-airflow[cncf.kubernetes]
[2024-12-18T15:55:54.450+0000] {processor.py:927} WARNING - No viable dags retrieved from /home/ubuntu/demo8/lib/python3.12/site-packages/airflow/example_dags/example_kubernetes_executor.py
[2024-12-18T15:55:54.462+0000] {processor.py:208} INFO - Processing /home/ubuntu/demo8/lib/python3.12/site-packages/airflow/example_dags/example_kubernetes_executor.py took 0.025 seconds
[2024-12-18T15:57:25.055+0000] {processor.py:186} INFO - Started process (PID=4920) to work on /home/ubuntu/demo8/lib/python3.12/site-packages/airflow/example_dags/example_kubernetes_executor.py
[2024-12-18T15:57:25.056+0000] {processor.py:914} INFO - Processing file /home/ubuntu/demo8/lib/python3.12/site-packages/airflow/example_dags/example_kubernetes_executor.py for tasks to queue
[2024-12-18T15:57:25.059+0000] {logging_mixin.py:190} INFO - [2024-12-18T15:57:25.058+0000] {dagbag.py:588} INFO - Filling up the DagBag from /home/ubuntu/demo8/lib/python3.12/site-packages/airflow/example_dags/example_kubernetes_executor.py
[2024-12-18T15:57:25.062+0000] {logging_mixin.py:190} INFO - [2024-12-18T15:57:25.062+0000] {example_kubernetes_executor.py:39} WARNING - The example_kubernetes_executor example DAG requires the kubernetes provider. Please install it with: pip install apache-airflow[cncf.kubernetes]
[2024-12-18T15:57:25.062+0000] {processor.py:927} WARNING - No viable dags retrieved from /home/ubuntu/demo8/lib/python3.12/site-packages/airflow/example_dags/example_kubernetes_executor.py
[2024-12-18T15:57:25.074+0000] {processor.py:208} INFO - Processing /home/ubuntu/demo8/lib/python3.12/site-packages/airflow/example_dags/example_kubernetes_executor.py took 0.026 seconds
[2024-12-18T15:58:21.964+0000] {processor.py:186} INFO - Started process (PID=4978) to work on /home/ubuntu/demo8/lib/python3.12/site-packages/airflow/example_dags/example_kubernetes_executor.py
[2024-12-18T15:58:21.966+0000] {processor.py:914} INFO - Processing file /home/ubuntu/demo8/lib/python3.12/site-packages/airflow/example_dags/example_kubernetes_executor.py for tasks to queue
[2024-12-18T15:58:21.968+0000] {logging_mixin.py:190} INFO - [2024-12-18T15:58:21.967+0000] {dagbag.py:588} INFO - Filling up the DagBag from /home/ubuntu/demo8/lib/python3.12/site-packages/airflow/example_dags/example_kubernetes_executor.py
[2024-12-18T15:58:21.971+0000] {logging_mixin.py:190} INFO - [2024-12-18T15:58:21.971+0000] {example_kubernetes_executor.py:39} WARNING - The example_kubernetes_executor example DAG requires the kubernetes provider. Please install it with: pip install apache-airflow[cncf.kubernetes]
[2024-12-18T15:58:21.971+0000] {processor.py:927} WARNING - No viable dags retrieved from /home/ubuntu/demo8/lib/python3.12/site-packages/airflow/example_dags/example_kubernetes_executor.py
[2024-12-18T15:58:21.983+0000] {processor.py:208} INFO - Processing /home/ubuntu/demo8/lib/python3.12/site-packages/airflow/example_dags/example_kubernetes_executor.py took 0.025 seconds
[2024-12-18T15:59:18.967+0000] {processor.py:186} INFO - Started process (PID=5036) to work on /home/ubuntu/demo8/lib/python3.12/site-packages/airflow/example_dags/example_kubernetes_executor.py
[2024-12-18T15:59:18.968+0000] {processor.py:914} INFO - Processing file /home/ubuntu/demo8/lib/python3.12/site-packages/airflow/example_dags/example_kubernetes_executor.py for tasks to queue
[2024-12-18T15:59:18.970+0000] {logging_mixin.py:190} INFO - [2024-12-18T15:59:18.970+0000] {dagbag.py:588} INFO - Filling up the DagBag from /home/ubuntu/demo8/lib/python3.12/site-packages/airflow/example_dags/example_kubernetes_executor.py
[2024-12-18T15:59:18.973+0000] {logging_mixin.py:190} INFO - [2024-12-18T15:59:18.973+0000] {example_kubernetes_executor.py:39} WARNING - The example_kubernetes_executor example DAG requires the kubernetes provider. Please install it with: pip install apache-airflow[cncf.kubernetes]
[2024-12-18T15:59:18.974+0000] {processor.py:927} WARNING - No viable dags retrieved from /home/ubuntu/demo8/lib/python3.12/site-packages/airflow/example_dags/example_kubernetes_executor.py
[2024-12-18T15:59:18.986+0000] {processor.py:208} INFO - Processing /home/ubuntu/demo8/lib/python3.12/site-packages/airflow/example_dags/example_kubernetes_executor.py took 0.025 seconds
[2024-12-18T16:00:23.867+0000] {processor.py:186} INFO - Started process (PID=5104) to work on /home/ubuntu/demo8/lib/python3.12/site-packages/airflow/example_dags/example_kubernetes_executor.py
[2024-12-18T16:00:23.868+0000] {processor.py:914} INFO - Processing file /home/ubuntu/demo8/lib/python3.12/site-packages/airflow/example_dags/example_kubernetes_executor.py for tasks to queue
[2024-12-18T16:00:23.871+0000] {logging_mixin.py:190} INFO - [2024-12-18T16:00:23.870+0000] {dagbag.py:588} INFO - Filling up the DagBag from /home/ubuntu/demo8/lib/python3.12/site-packages/airflow/example_dags/example_kubernetes_executor.py
[2024-12-18T16:00:23.874+0000] {logging_mixin.py:190} INFO - [2024-12-18T16:00:23.874+0000] {example_kubernetes_executor.py:39} WARNING - The example_kubernetes_executor example DAG requires the kubernetes provider. Please install it with: pip install apache-airflow[cncf.kubernetes]
[2024-12-18T16:00:23.874+0000] {processor.py:927} WARNING - No viable dags retrieved from /home/ubuntu/demo8/lib/python3.12/site-packages/airflow/example_dags/example_kubernetes_executor.py
[2024-12-18T16:00:23.885+0000] {processor.py:208} INFO - Processing /home/ubuntu/demo8/lib/python3.12/site-packages/airflow/example_dags/example_kubernetes_executor.py took 0.025 seconds
[2024-12-18T16:01:20.769+0000] {processor.py:186} INFO - Started process (PID=5163) to work on /home/ubuntu/demo8/lib/python3.12/site-packages/airflow/example_dags/example_kubernetes_executor.py
[2024-12-18T16:01:20.771+0000] {processor.py:914} INFO - Processing file /home/ubuntu/demo8/lib/python3.12/site-packages/airflow/example_dags/example_kubernetes_executor.py for tasks to queue
[2024-12-18T16:01:20.773+0000] {logging_mixin.py:190} INFO - [2024-12-18T16:01:20.772+0000] {dagbag.py:588} INFO - Filling up the DagBag from /home/ubuntu/demo8/lib/python3.12/site-packages/airflow/example_dags/example_kubernetes_executor.py
[2024-12-18T16:01:20.776+0000] {logging_mixin.py:190} INFO - [2024-12-18T16:01:20.776+0000] {example_kubernetes_executor.py:39} WARNING - The example_kubernetes_executor example DAG requires the kubernetes provider. Please install it with: pip install apache-airflow[cncf.kubernetes]
[2024-12-18T16:01:20.776+0000] {processor.py:927} WARNING - No viable dags retrieved from /home/ubuntu/demo8/lib/python3.12/site-packages/airflow/example_dags/example_kubernetes_executor.py
[2024-12-18T16:01:20.788+0000] {processor.py:208} INFO - Processing /home/ubuntu/demo8/lib/python3.12/site-packages/airflow/example_dags/example_kubernetes_executor.py took 0.024 seconds
[2024-12-18T16:02:17.485+0000] {processor.py:186} INFO - Started process (PID=5222) to work on /home/ubuntu/demo8/lib/python3.12/site-packages/airflow/example_dags/example_kubernetes_executor.py
[2024-12-18T16:02:17.486+0000] {processor.py:914} INFO - Processing file /home/ubuntu/demo8/lib/python3.12/site-packages/airflow/example_dags/example_kubernetes_executor.py for tasks to queue
[2024-12-18T16:02:17.489+0000] {logging_mixin.py:190} INFO - [2024-12-18T16:02:17.488+0000] {dagbag.py:588} INFO - Filling up the DagBag from /home/ubuntu/demo8/lib/python3.12/site-packages/airflow/example_dags/example_kubernetes_executor.py
[2024-12-18T16:02:17.492+0000] {logging_mixin.py:190} INFO - [2024-12-18T16:02:17.492+0000] {example_kubernetes_executor.py:39} WARNING - The example_kubernetes_executor example DAG requires the kubernetes provider. Please install it with: pip install apache-airflow[cncf.kubernetes]
[2024-12-18T16:02:17.492+0000] {processor.py:927} WARNING - No viable dags retrieved from /home/ubuntu/demo8/lib/python3.12/site-packages/airflow/example_dags/example_kubernetes_executor.py
[2024-12-18T16:02:17.504+0000] {processor.py:208} INFO - Processing /home/ubuntu/demo8/lib/python3.12/site-packages/airflow/example_dags/example_kubernetes_executor.py took 0.025 seconds
[2024-12-18T16:03:11.227+0000] {processor.py:186} INFO - Started process (PID=5277) to work on /home/ubuntu/demo8/lib/python3.12/site-packages/airflow/example_dags/example_kubernetes_executor.py
[2024-12-18T16:03:11.228+0000] {processor.py:914} INFO - Processing file /home/ubuntu/demo8/lib/python3.12/site-packages/airflow/example_dags/example_kubernetes_executor.py for tasks to queue
[2024-12-18T16:03:11.230+0000] {logging_mixin.py:190} INFO - [2024-12-18T16:03:11.230+0000] {dagbag.py:588} INFO - Filling up the DagBag from /home/ubuntu/demo8/lib/python3.12/site-packages/airflow/example_dags/example_kubernetes_executor.py
[2024-12-18T16:03:11.234+0000] {logging_mixin.py:190} INFO - [2024-12-18T16:03:11.234+0000] {example_kubernetes_executor.py:39} WARNING - The example_kubernetes_executor example DAG requires the kubernetes provider. Please install it with: pip install apache-airflow[cncf.kubernetes]
[2024-12-18T16:03:11.234+0000] {processor.py:927} WARNING - No viable dags retrieved from /home/ubuntu/demo8/lib/python3.12/site-packages/airflow/example_dags/example_kubernetes_executor.py
[2024-12-18T16:03:11.246+0000] {processor.py:208} INFO - Processing /home/ubuntu/demo8/lib/python3.12/site-packages/airflow/example_dags/example_kubernetes_executor.py took 0.026 seconds
[2024-12-18T20:29:51.156+0000] {processor.py:186} INFO - Started process (PID=2757) to work on /home/ubuntu/demo8/lib/python3.12/site-packages/airflow/example_dags/example_kubernetes_executor.py
[2024-12-18T20:29:51.159+0000] {processor.py:914} INFO - Processing file /home/ubuntu/demo8/lib/python3.12/site-packages/airflow/example_dags/example_kubernetes_executor.py for tasks to queue
[2024-12-18T20:29:51.161+0000] {logging_mixin.py:190} INFO - [2024-12-18T20:29:51.161+0000] {dagbag.py:588} INFO - Filling up the DagBag from /home/ubuntu/demo8/lib/python3.12/site-packages/airflow/example_dags/example_kubernetes_executor.py
[2024-12-18T20:29:51.165+0000] {logging_mixin.py:190} INFO - [2024-12-18T20:29:51.164+0000] {example_kubernetes_executor.py:39} WARNING - The example_kubernetes_executor example DAG requires the kubernetes provider. Please install it with: pip install apache-airflow[cncf.kubernetes]
[2024-12-18T20:29:51.165+0000] {processor.py:927} WARNING - No viable dags retrieved from /home/ubuntu/demo8/lib/python3.12/site-packages/airflow/example_dags/example_kubernetes_executor.py
[2024-12-18T20:29:51.177+0000] {processor.py:208} INFO - Processing /home/ubuntu/demo8/lib/python3.12/site-packages/airflow/example_dags/example_kubernetes_executor.py took 0.026 seconds
[2024-12-18T20:30:49.285+0000] {processor.py:186} INFO - Started process (PID=2940) to work on /home/ubuntu/demo8/lib/python3.12/site-packages/airflow/example_dags/example_kubernetes_executor.py
[2024-12-18T20:30:49.287+0000] {processor.py:914} INFO - Processing file /home/ubuntu/demo8/lib/python3.12/site-packages/airflow/example_dags/example_kubernetes_executor.py for tasks to queue
[2024-12-18T20:30:49.289+0000] {logging_mixin.py:190} INFO - [2024-12-18T20:30:49.289+0000] {dagbag.py:588} INFO - Filling up the DagBag from /home/ubuntu/demo8/lib/python3.12/site-packages/airflow/example_dags/example_kubernetes_executor.py
[2024-12-18T20:30:49.293+0000] {logging_mixin.py:190} INFO - [2024-12-18T20:30:49.293+0000] {example_kubernetes_executor.py:39} WARNING - The example_kubernetes_executor example DAG requires the kubernetes provider. Please install it with: pip install apache-airflow[cncf.kubernetes]
[2024-12-18T20:30:49.293+0000] {processor.py:927} WARNING - No viable dags retrieved from /home/ubuntu/demo8/lib/python3.12/site-packages/airflow/example_dags/example_kubernetes_executor.py
[2024-12-18T20:30:49.305+0000] {processor.py:208} INFO - Processing /home/ubuntu/demo8/lib/python3.12/site-packages/airflow/example_dags/example_kubernetes_executor.py took 0.026 seconds
[2024-12-18T20:31:45.950+0000] {processor.py:186} INFO - Started process (PID=3168) to work on /home/ubuntu/demo8/lib/python3.12/site-packages/airflow/example_dags/example_kubernetes_executor.py
[2024-12-18T20:31:45.951+0000] {processor.py:914} INFO - Processing file /home/ubuntu/demo8/lib/python3.12/site-packages/airflow/example_dags/example_kubernetes_executor.py for tasks to queue
[2024-12-18T20:31:45.954+0000] {logging_mixin.py:190} INFO - [2024-12-18T20:31:45.953+0000] {dagbag.py:588} INFO - Filling up the DagBag from /home/ubuntu/demo8/lib/python3.12/site-packages/airflow/example_dags/example_kubernetes_executor.py
[2024-12-18T20:31:45.957+0000] {logging_mixin.py:190} INFO - [2024-12-18T20:31:45.957+0000] {example_kubernetes_executor.py:39} WARNING - The example_kubernetes_executor example DAG requires the kubernetes provider. Please install it with: pip install apache-airflow[cncf.kubernetes]
[2024-12-18T20:31:45.958+0000] {processor.py:927} WARNING - No viable dags retrieved from /home/ubuntu/demo8/lib/python3.12/site-packages/airflow/example_dags/example_kubernetes_executor.py
[2024-12-18T20:31:45.969+0000] {processor.py:208} INFO - Processing /home/ubuntu/demo8/lib/python3.12/site-packages/airflow/example_dags/example_kubernetes_executor.py took 0.025 seconds
[2024-12-18T20:32:41.884+0000] {processor.py:186} INFO - Started process (PID=3411) to work on /home/ubuntu/demo8/lib/python3.12/site-packages/airflow/example_dags/example_kubernetes_executor.py
[2024-12-18T20:32:41.886+0000] {processor.py:914} INFO - Processing file /home/ubuntu/demo8/lib/python3.12/site-packages/airflow/example_dags/example_kubernetes_executor.py for tasks to queue
[2024-12-18T20:32:41.888+0000] {logging_mixin.py:190} INFO - [2024-12-18T20:32:41.887+0000] {dagbag.py:588} INFO - Filling up the DagBag from /home/ubuntu/demo8/lib/python3.12/site-packages/airflow/example_dags/example_kubernetes_executor.py
[2024-12-18T20:32:41.891+0000] {logging_mixin.py:190} INFO - [2024-12-18T20:32:41.891+0000] {example_kubernetes_executor.py:39} WARNING - The example_kubernetes_executor example DAG requires the kubernetes provider. Please install it with: pip install apache-airflow[cncf.kubernetes]
[2024-12-18T20:32:41.891+0000] {processor.py:927} WARNING - No viable dags retrieved from /home/ubuntu/demo8/lib/python3.12/site-packages/airflow/example_dags/example_kubernetes_executor.py
[2024-12-18T20:32:41.903+0000] {processor.py:208} INFO - Processing /home/ubuntu/demo8/lib/python3.12/site-packages/airflow/example_dags/example_kubernetes_executor.py took 0.025 seconds
[2024-12-18T20:33:35.943+0000] {processor.py:186} INFO - Started process (PID=3528) to work on /home/ubuntu/demo8/lib/python3.12/site-packages/airflow/example_dags/example_kubernetes_executor.py
[2024-12-18T20:33:35.945+0000] {processor.py:914} INFO - Processing file /home/ubuntu/demo8/lib/python3.12/site-packages/airflow/example_dags/example_kubernetes_executor.py for tasks to queue
[2024-12-18T20:33:35.947+0000] {logging_mixin.py:190} INFO - [2024-12-18T20:33:35.947+0000] {dagbag.py:588} INFO - Filling up the DagBag from /home/ubuntu/demo8/lib/python3.12/site-packages/airflow/example_dags/example_kubernetes_executor.py
[2024-12-18T20:33:35.951+0000] {logging_mixin.py:190} INFO - [2024-12-18T20:33:35.951+0000] {example_kubernetes_executor.py:39} WARNING - The example_kubernetes_executor example DAG requires the kubernetes provider. Please install it with: pip install apache-airflow[cncf.kubernetes]
[2024-12-18T20:33:35.951+0000] {processor.py:927} WARNING - No viable dags retrieved from /home/ubuntu/demo8/lib/python3.12/site-packages/airflow/example_dags/example_kubernetes_executor.py
[2024-12-18T20:33:35.963+0000] {processor.py:208} INFO - Processing /home/ubuntu/demo8/lib/python3.12/site-packages/airflow/example_dags/example_kubernetes_executor.py took 0.026 seconds
[2024-12-18T20:34:46.578+0000] {processor.py:186} INFO - Started process (PID=3714) to work on /home/ubuntu/demo8/lib/python3.12/site-packages/airflow/example_dags/example_kubernetes_executor.py
[2024-12-18T20:34:46.580+0000] {processor.py:914} INFO - Processing file /home/ubuntu/demo8/lib/python3.12/site-packages/airflow/example_dags/example_kubernetes_executor.py for tasks to queue
[2024-12-18T20:34:46.584+0000] {logging_mixin.py:190} INFO - [2024-12-18T20:34:46.583+0000] {dagbag.py:588} INFO - Filling up the DagBag from /home/ubuntu/demo8/lib/python3.12/site-packages/airflow/example_dags/example_kubernetes_executor.py
[2024-12-18T20:34:46.587+0000] {logging_mixin.py:190} INFO - [2024-12-18T20:34:46.587+0000] {example_kubernetes_executor.py:39} WARNING - The example_kubernetes_executor example DAG requires the kubernetes provider. Please install it with: pip install apache-airflow[cncf.kubernetes]
[2024-12-18T20:34:46.588+0000] {processor.py:927} WARNING - No viable dags retrieved from /home/ubuntu/demo8/lib/python3.12/site-packages/airflow/example_dags/example_kubernetes_executor.py
[2024-12-18T20:34:46.600+0000] {processor.py:208} INFO - Processing /home/ubuntu/demo8/lib/python3.12/site-packages/airflow/example_dags/example_kubernetes_executor.py took 0.036 seconds
[2024-12-18T20:35:43.406+0000] {processor.py:186} INFO - Started process (PID=3838) to work on /home/ubuntu/demo8/lib/python3.12/site-packages/airflow/example_dags/example_kubernetes_executor.py
[2024-12-18T20:35:43.407+0000] {processor.py:914} INFO - Processing file /home/ubuntu/demo8/lib/python3.12/site-packages/airflow/example_dags/example_kubernetes_executor.py for tasks to queue
[2024-12-18T20:35:43.410+0000] {logging_mixin.py:190} INFO - [2024-12-18T20:35:43.409+0000] {dagbag.py:588} INFO - Filling up the DagBag from /home/ubuntu/demo8/lib/python3.12/site-packages/airflow/example_dags/example_kubernetes_executor.py
[2024-12-18T20:35:43.413+0000] {logging_mixin.py:190} INFO - [2024-12-18T20:35:43.413+0000] {example_kubernetes_executor.py:39} WARNING - The example_kubernetes_executor example DAG requires the kubernetes provider. Please install it with: pip install apache-airflow[cncf.kubernetes]
[2024-12-18T20:35:43.413+0000] {processor.py:927} WARNING - No viable dags retrieved from /home/ubuntu/demo8/lib/python3.12/site-packages/airflow/example_dags/example_kubernetes_executor.py
[2024-12-18T20:35:43.425+0000] {processor.py:208} INFO - Processing /home/ubuntu/demo8/lib/python3.12/site-packages/airflow/example_dags/example_kubernetes_executor.py took 0.025 seconds
[2024-12-18T20:36:41.434+0000] {processor.py:186} INFO - Started process (PID=3957) to work on /home/ubuntu/demo8/lib/python3.12/site-packages/airflow/example_dags/example_kubernetes_executor.py
[2024-12-18T20:36:41.436+0000] {processor.py:914} INFO - Processing file /home/ubuntu/demo8/lib/python3.12/site-packages/airflow/example_dags/example_kubernetes_executor.py for tasks to queue
[2024-12-18T20:36:41.439+0000] {logging_mixin.py:190} INFO - [2024-12-18T20:36:41.438+0000] {dagbag.py:588} INFO - Filling up the DagBag from /home/ubuntu/demo8/lib/python3.12/site-packages/airflow/example_dags/example_kubernetes_executor.py
[2024-12-18T20:36:41.442+0000] {logging_mixin.py:190} INFO - [2024-12-18T20:36:41.442+0000] {example_kubernetes_executor.py:39} WARNING - The example_kubernetes_executor example DAG requires the kubernetes provider. Please install it with: pip install apache-airflow[cncf.kubernetes]
[2024-12-18T20:36:41.443+0000] {processor.py:927} WARNING - No viable dags retrieved from /home/ubuntu/demo8/lib/python3.12/site-packages/airflow/example_dags/example_kubernetes_executor.py
[2024-12-18T20:36:41.455+0000] {processor.py:208} INFO - Processing /home/ubuntu/demo8/lib/python3.12/site-packages/airflow/example_dags/example_kubernetes_executor.py took 0.027 seconds
[2024-12-18T20:37:36.831+0000] {processor.py:186} INFO - Started process (PID=4076) to work on /home/ubuntu/demo8/lib/python3.12/site-packages/airflow/example_dags/example_kubernetes_executor.py
[2024-12-18T20:37:36.833+0000] {processor.py:914} INFO - Processing file /home/ubuntu/demo8/lib/python3.12/site-packages/airflow/example_dags/example_kubernetes_executor.py for tasks to queue
[2024-12-18T20:37:36.835+0000] {logging_mixin.py:190} INFO - [2024-12-18T20:37:36.835+0000] {dagbag.py:588} INFO - Filling up the DagBag from /home/ubuntu/demo8/lib/python3.12/site-packages/airflow/example_dags/example_kubernetes_executor.py
[2024-12-18T20:37:36.839+0000] {logging_mixin.py:190} INFO - [2024-12-18T20:37:36.838+0000] {example_kubernetes_executor.py:39} WARNING - The example_kubernetes_executor example DAG requires the kubernetes provider. Please install it with: pip install apache-airflow[cncf.kubernetes]
[2024-12-18T20:37:36.839+0000] {processor.py:927} WARNING - No viable dags retrieved from /home/ubuntu/demo8/lib/python3.12/site-packages/airflow/example_dags/example_kubernetes_executor.py
[2024-12-18T20:37:36.851+0000] {processor.py:208} INFO - Processing /home/ubuntu/demo8/lib/python3.12/site-packages/airflow/example_dags/example_kubernetes_executor.py took 0.026 seconds
[2024-12-18T20:38:32.022+0000] {processor.py:186} INFO - Started process (PID=4191) to work on /home/ubuntu/demo8/lib/python3.12/site-packages/airflow/example_dags/example_kubernetes_executor.py
[2024-12-18T20:38:32.024+0000] {processor.py:914} INFO - Processing file /home/ubuntu/demo8/lib/python3.12/site-packages/airflow/example_dags/example_kubernetes_executor.py for tasks to queue
[2024-12-18T20:38:32.026+0000] {logging_mixin.py:190} INFO - [2024-12-18T20:38:32.026+0000] {dagbag.py:588} INFO - Filling up the DagBag from /home/ubuntu/demo8/lib/python3.12/site-packages/airflow/example_dags/example_kubernetes_executor.py
[2024-12-18T20:38:32.030+0000] {logging_mixin.py:190} INFO - [2024-12-18T20:38:32.029+0000] {example_kubernetes_executor.py:39} WARNING - The example_kubernetes_executor example DAG requires the kubernetes provider. Please install it with: pip install apache-airflow[cncf.kubernetes]
[2024-12-18T20:38:32.030+0000] {processor.py:927} WARNING - No viable dags retrieved from /home/ubuntu/demo8/lib/python3.12/site-packages/airflow/example_dags/example_kubernetes_executor.py
[2024-12-18T20:38:32.042+0000] {processor.py:208} INFO - Processing /home/ubuntu/demo8/lib/python3.12/site-packages/airflow/example_dags/example_kubernetes_executor.py took 0.026 seconds
[2024-12-18T20:39:27.530+0000] {processor.py:186} INFO - Started process (PID=4370) to work on /home/ubuntu/demo8/lib/python3.12/site-packages/airflow/example_dags/example_kubernetes_executor.py
[2024-12-18T20:39:27.532+0000] {processor.py:914} INFO - Processing file /home/ubuntu/demo8/lib/python3.12/site-packages/airflow/example_dags/example_kubernetes_executor.py for tasks to queue
[2024-12-18T20:39:27.535+0000] {logging_mixin.py:190} INFO - [2024-12-18T20:39:27.534+0000] {dagbag.py:588} INFO - Filling up the DagBag from /home/ubuntu/demo8/lib/python3.12/site-packages/airflow/example_dags/example_kubernetes_executor.py
[2024-12-18T20:39:27.538+0000] {logging_mixin.py:190} INFO - [2024-12-18T20:39:27.538+0000] {example_kubernetes_executor.py:39} WARNING - The example_kubernetes_executor example DAG requires the kubernetes provider. Please install it with: pip install apache-airflow[cncf.kubernetes]
[2024-12-18T20:39:27.538+0000] {processor.py:927} WARNING - No viable dags retrieved from /home/ubuntu/demo8/lib/python3.12/site-packages/airflow/example_dags/example_kubernetes_executor.py
[2024-12-18T20:39:27.550+0000] {processor.py:208} INFO - Processing /home/ubuntu/demo8/lib/python3.12/site-packages/airflow/example_dags/example_kubernetes_executor.py took 0.027 seconds
[2024-12-18T20:40:25.230+0000] {processor.py:186} INFO - Started process (PID=4506) to work on /home/ubuntu/demo8/lib/python3.12/site-packages/airflow/example_dags/example_kubernetes_executor.py
[2024-12-18T20:40:25.232+0000] {processor.py:914} INFO - Processing file /home/ubuntu/demo8/lib/python3.12/site-packages/airflow/example_dags/example_kubernetes_executor.py for tasks to queue
[2024-12-18T20:40:25.235+0000] {logging_mixin.py:190} INFO - [2024-12-18T20:40:25.234+0000] {dagbag.py:588} INFO - Filling up the DagBag from /home/ubuntu/demo8/lib/python3.12/site-packages/airflow/example_dags/example_kubernetes_executor.py
[2024-12-18T20:40:25.238+0000] {logging_mixin.py:190} INFO - [2024-12-18T20:40:25.238+0000] {example_kubernetes_executor.py:39} WARNING - The example_kubernetes_executor example DAG requires the kubernetes provider. Please install it with: pip install apache-airflow[cncf.kubernetes]
[2024-12-18T20:40:25.239+0000] {processor.py:927} WARNING - No viable dags retrieved from /home/ubuntu/demo8/lib/python3.12/site-packages/airflow/example_dags/example_kubernetes_executor.py
[2024-12-18T20:40:25.250+0000] {processor.py:208} INFO - Processing /home/ubuntu/demo8/lib/python3.12/site-packages/airflow/example_dags/example_kubernetes_executor.py took 0.026 seconds
[2024-12-18T20:41:19.699+0000] {processor.py:186} INFO - Started process (PID=4625) to work on /home/ubuntu/demo8/lib/python3.12/site-packages/airflow/example_dags/example_kubernetes_executor.py
[2024-12-18T20:41:19.701+0000] {processor.py:914} INFO - Processing file /home/ubuntu/demo8/lib/python3.12/site-packages/airflow/example_dags/example_kubernetes_executor.py for tasks to queue
[2024-12-18T20:41:19.703+0000] {logging_mixin.py:190} INFO - [2024-12-18T20:41:19.703+0000] {dagbag.py:588} INFO - Filling up the DagBag from /home/ubuntu/demo8/lib/python3.12/site-packages/airflow/example_dags/example_kubernetes_executor.py
[2024-12-18T20:41:19.707+0000] {logging_mixin.py:190} INFO - [2024-12-18T20:41:19.706+0000] {example_kubernetes_executor.py:39} WARNING - The example_kubernetes_executor example DAG requires the kubernetes provider. Please install it with: pip install apache-airflow[cncf.kubernetes]
[2024-12-18T20:41:19.707+0000] {processor.py:927} WARNING - No viable dags retrieved from /home/ubuntu/demo8/lib/python3.12/site-packages/airflow/example_dags/example_kubernetes_executor.py
[2024-12-18T20:41:19.719+0000] {processor.py:208} INFO - Processing /home/ubuntu/demo8/lib/python3.12/site-packages/airflow/example_dags/example_kubernetes_executor.py took 0.026 seconds
[2024-12-18T20:42:14.991+0000] {processor.py:186} INFO - Started process (PID=4682) to work on /home/ubuntu/demo8/lib/python3.12/site-packages/airflow/example_dags/example_kubernetes_executor.py
[2024-12-18T20:42:14.992+0000] {processor.py:914} INFO - Processing file /home/ubuntu/demo8/lib/python3.12/site-packages/airflow/example_dags/example_kubernetes_executor.py for tasks to queue
[2024-12-18T20:42:14.995+0000] {logging_mixin.py:190} INFO - [2024-12-18T20:42:14.994+0000] {dagbag.py:588} INFO - Filling up the DagBag from /home/ubuntu/demo8/lib/python3.12/site-packages/airflow/example_dags/example_kubernetes_executor.py
[2024-12-18T20:42:14.998+0000] {logging_mixin.py:190} INFO - [2024-12-18T20:42:14.998+0000] {example_kubernetes_executor.py:39} WARNING - The example_kubernetes_executor example DAG requires the kubernetes provider. Please install it with: pip install apache-airflow[cncf.kubernetes]
[2024-12-18T20:42:14.998+0000] {processor.py:927} WARNING - No viable dags retrieved from /home/ubuntu/demo8/lib/python3.12/site-packages/airflow/example_dags/example_kubernetes_executor.py
[2024-12-18T20:42:15.010+0000] {processor.py:208} INFO - Processing /home/ubuntu/demo8/lib/python3.12/site-packages/airflow/example_dags/example_kubernetes_executor.py took 0.026 seconds
[2024-12-18T20:43:09.576+0000] {processor.py:186} INFO - Started process (PID=4798) to work on /home/ubuntu/demo8/lib/python3.12/site-packages/airflow/example_dags/example_kubernetes_executor.py
[2024-12-18T20:43:09.578+0000] {processor.py:914} INFO - Processing file /home/ubuntu/demo8/lib/python3.12/site-packages/airflow/example_dags/example_kubernetes_executor.py for tasks to queue
[2024-12-18T20:43:09.581+0000] {logging_mixin.py:190} INFO - [2024-12-18T20:43:09.580+0000] {dagbag.py:588} INFO - Filling up the DagBag from /home/ubuntu/demo8/lib/python3.12/site-packages/airflow/example_dags/example_kubernetes_executor.py
[2024-12-18T20:43:09.584+0000] {logging_mixin.py:190} INFO - [2024-12-18T20:43:09.584+0000] {example_kubernetes_executor.py:39} WARNING - The example_kubernetes_executor example DAG requires the kubernetes provider. Please install it with: pip install apache-airflow[cncf.kubernetes]
[2024-12-18T20:43:09.584+0000] {processor.py:927} WARNING - No viable dags retrieved from /home/ubuntu/demo8/lib/python3.12/site-packages/airflow/example_dags/example_kubernetes_executor.py
[2024-12-18T20:43:09.596+0000] {processor.py:208} INFO - Processing /home/ubuntu/demo8/lib/python3.12/site-packages/airflow/example_dags/example_kubernetes_executor.py took 0.026 seconds
[2024-12-18T20:44:02.382+0000] {processor.py:186} INFO - Started process (PID=4913) to work on /home/ubuntu/demo8/lib/python3.12/site-packages/airflow/example_dags/example_kubernetes_executor.py
[2024-12-18T20:44:02.383+0000] {processor.py:914} INFO - Processing file /home/ubuntu/demo8/lib/python3.12/site-packages/airflow/example_dags/example_kubernetes_executor.py for tasks to queue
[2024-12-18T20:44:02.386+0000] {logging_mixin.py:190} INFO - [2024-12-18T20:44:02.386+0000] {dagbag.py:588} INFO - Filling up the DagBag from /home/ubuntu/demo8/lib/python3.12/site-packages/airflow/example_dags/example_kubernetes_executor.py
[2024-12-18T20:44:02.390+0000] {logging_mixin.py:190} INFO - [2024-12-18T20:44:02.390+0000] {example_kubernetes_executor.py:39} WARNING - The example_kubernetes_executor example DAG requires the kubernetes provider. Please install it with: pip install apache-airflow[cncf.kubernetes]
[2024-12-18T20:44:02.390+0000] {processor.py:927} WARNING - No viable dags retrieved from /home/ubuntu/demo8/lib/python3.12/site-packages/airflow/example_dags/example_kubernetes_executor.py
[2024-12-18T20:44:02.402+0000] {processor.py:208} INFO - Processing /home/ubuntu/demo8/lib/python3.12/site-packages/airflow/example_dags/example_kubernetes_executor.py took 0.027 seconds
[2024-12-18T20:44:56.100+0000] {processor.py:186} INFO - Started process (PID=5091) to work on /home/ubuntu/demo8/lib/python3.12/site-packages/airflow/example_dags/example_kubernetes_executor.py
[2024-12-18T20:44:56.102+0000] {processor.py:914} INFO - Processing file /home/ubuntu/demo8/lib/python3.12/site-packages/airflow/example_dags/example_kubernetes_executor.py for tasks to queue
[2024-12-18T20:44:56.105+0000] {logging_mixin.py:190} INFO - [2024-12-18T20:44:56.104+0000] {dagbag.py:588} INFO - Filling up the DagBag from /home/ubuntu/demo8/lib/python3.12/site-packages/airflow/example_dags/example_kubernetes_executor.py
[2024-12-18T20:44:56.108+0000] {logging_mixin.py:190} INFO - [2024-12-18T20:44:56.108+0000] {example_kubernetes_executor.py:39} WARNING - The example_kubernetes_executor example DAG requires the kubernetes provider. Please install it with: pip install apache-airflow[cncf.kubernetes]
[2024-12-18T20:44:56.109+0000] {processor.py:927} WARNING - No viable dags retrieved from /home/ubuntu/demo8/lib/python3.12/site-packages/airflow/example_dags/example_kubernetes_executor.py
[2024-12-18T20:44:56.121+0000] {processor.py:208} INFO - Processing /home/ubuntu/demo8/lib/python3.12/site-packages/airflow/example_dags/example_kubernetes_executor.py took 0.027 seconds
[2024-12-18T20:45:51.377+0000] {processor.py:186} INFO - Started process (PID=5213) to work on /home/ubuntu/demo8/lib/python3.12/site-packages/airflow/example_dags/example_kubernetes_executor.py
[2024-12-18T20:45:51.378+0000] {processor.py:914} INFO - Processing file /home/ubuntu/demo8/lib/python3.12/site-packages/airflow/example_dags/example_kubernetes_executor.py for tasks to queue
[2024-12-18T20:45:51.381+0000] {logging_mixin.py:190} INFO - [2024-12-18T20:45:51.380+0000] {dagbag.py:588} INFO - Filling up the DagBag from /home/ubuntu/demo8/lib/python3.12/site-packages/airflow/example_dags/example_kubernetes_executor.py
[2024-12-18T20:45:51.384+0000] {logging_mixin.py:190} INFO - [2024-12-18T20:45:51.384+0000] {example_kubernetes_executor.py:39} WARNING - The example_kubernetes_executor example DAG requires the kubernetes provider. Please install it with: pip install apache-airflow[cncf.kubernetes]
[2024-12-18T20:45:51.385+0000] {processor.py:927} WARNING - No viable dags retrieved from /home/ubuntu/demo8/lib/python3.12/site-packages/airflow/example_dags/example_kubernetes_executor.py
[2024-12-18T20:45:51.396+0000] {processor.py:208} INFO - Processing /home/ubuntu/demo8/lib/python3.12/site-packages/airflow/example_dags/example_kubernetes_executor.py took 0.026 seconds
[2024-12-18T20:47:29.935+0000] {processor.py:186} INFO - Started process (PID=5838) to work on /home/ubuntu/demo8/lib/python3.12/site-packages/airflow/example_dags/example_kubernetes_executor.py
[2024-12-18T20:47:29.937+0000] {processor.py:914} INFO - Processing file /home/ubuntu/demo8/lib/python3.12/site-packages/airflow/example_dags/example_kubernetes_executor.py for tasks to queue
[2024-12-18T20:47:29.939+0000] {logging_mixin.py:190} INFO - [2024-12-18T20:47:29.939+0000] {dagbag.py:588} INFO - Filling up the DagBag from /home/ubuntu/demo8/lib/python3.12/site-packages/airflow/example_dags/example_kubernetes_executor.py
[2024-12-18T20:47:29.943+0000] {logging_mixin.py:190} INFO - [2024-12-18T20:47:29.942+0000] {example_kubernetes_executor.py:39} WARNING - The example_kubernetes_executor example DAG requires the kubernetes provider. Please install it with: pip install apache-airflow[cncf.kubernetes]
[2024-12-18T20:47:29.943+0000] {processor.py:927} WARNING - No viable dags retrieved from /home/ubuntu/demo8/lib/python3.12/site-packages/airflow/example_dags/example_kubernetes_executor.py
[2024-12-18T20:47:29.955+0000] {processor.py:208} INFO - Processing /home/ubuntu/demo8/lib/python3.12/site-packages/airflow/example_dags/example_kubernetes_executor.py took 0.026 seconds
[2024-12-18T20:48:29.652+0000] {processor.py:186} INFO - Started process (PID=6081) to work on /home/ubuntu/demo8/lib/python3.12/site-packages/airflow/example_dags/example_kubernetes_executor.py
[2024-12-18T20:48:29.653+0000] {processor.py:914} INFO - Processing file /home/ubuntu/demo8/lib/python3.12/site-packages/airflow/example_dags/example_kubernetes_executor.py for tasks to queue
[2024-12-18T20:48:29.656+0000] {logging_mixin.py:190} INFO - [2024-12-18T20:48:29.656+0000] {dagbag.py:588} INFO - Filling up the DagBag from /home/ubuntu/demo8/lib/python3.12/site-packages/airflow/example_dags/example_kubernetes_executor.py
[2024-12-18T20:48:29.659+0000] {logging_mixin.py:190} INFO - [2024-12-18T20:48:29.659+0000] {example_kubernetes_executor.py:39} WARNING - The example_kubernetes_executor example DAG requires the kubernetes provider. Please install it with: pip install apache-airflow[cncf.kubernetes]
[2024-12-18T20:48:29.660+0000] {processor.py:927} WARNING - No viable dags retrieved from /home/ubuntu/demo8/lib/python3.12/site-packages/airflow/example_dags/example_kubernetes_executor.py
[2024-12-18T20:48:29.671+0000] {processor.py:208} INFO - Processing /home/ubuntu/demo8/lib/python3.12/site-packages/airflow/example_dags/example_kubernetes_executor.py took 0.025 seconds
[2024-12-18T20:49:25.337+0000] {processor.py:186} INFO - Started process (PID=6439) to work on /home/ubuntu/demo8/lib/python3.12/site-packages/airflow/example_dags/example_kubernetes_executor.py
[2024-12-18T20:49:25.338+0000] {processor.py:914} INFO - Processing file /home/ubuntu/demo8/lib/python3.12/site-packages/airflow/example_dags/example_kubernetes_executor.py for tasks to queue
[2024-12-18T20:49:25.341+0000] {logging_mixin.py:190} INFO - [2024-12-18T20:49:25.341+0000] {dagbag.py:588} INFO - Filling up the DagBag from /home/ubuntu/demo8/lib/python3.12/site-packages/airflow/example_dags/example_kubernetes_executor.py
[2024-12-18T20:49:25.344+0000] {logging_mixin.py:190} INFO - [2024-12-18T20:49:25.344+0000] {example_kubernetes_executor.py:39} WARNING - The example_kubernetes_executor example DAG requires the kubernetes provider. Please install it with: pip install apache-airflow[cncf.kubernetes]
[2024-12-18T20:49:25.345+0000] {processor.py:927} WARNING - No viable dags retrieved from /home/ubuntu/demo8/lib/python3.12/site-packages/airflow/example_dags/example_kubernetes_executor.py
[2024-12-18T20:49:25.357+0000] {processor.py:208} INFO - Processing /home/ubuntu/demo8/lib/python3.12/site-packages/airflow/example_dags/example_kubernetes_executor.py took 0.026 seconds
[2024-12-18T20:50:23.762+0000] {processor.py:186} INFO - Started process (PID=6801) to work on /home/ubuntu/demo8/lib/python3.12/site-packages/airflow/example_dags/example_kubernetes_executor.py
[2024-12-18T20:50:23.764+0000] {processor.py:914} INFO - Processing file /home/ubuntu/demo8/lib/python3.12/site-packages/airflow/example_dags/example_kubernetes_executor.py for tasks to queue
[2024-12-18T20:50:23.766+0000] {logging_mixin.py:190} INFO - [2024-12-18T20:50:23.766+0000] {dagbag.py:588} INFO - Filling up the DagBag from /home/ubuntu/demo8/lib/python3.12/site-packages/airflow/example_dags/example_kubernetes_executor.py
[2024-12-18T20:50:23.770+0000] {logging_mixin.py:190} INFO - [2024-12-18T20:50:23.770+0000] {example_kubernetes_executor.py:39} WARNING - The example_kubernetes_executor example DAG requires the kubernetes provider. Please install it with: pip install apache-airflow[cncf.kubernetes]
[2024-12-18T20:50:23.770+0000] {processor.py:927} WARNING - No viable dags retrieved from /home/ubuntu/demo8/lib/python3.12/site-packages/airflow/example_dags/example_kubernetes_executor.py
[2024-12-18T20:50:23.782+0000] {processor.py:208} INFO - Processing /home/ubuntu/demo8/lib/python3.12/site-packages/airflow/example_dags/example_kubernetes_executor.py took 0.025 seconds
[2024-12-18T20:51:18.886+0000] {processor.py:186} INFO - Started process (PID=6967) to work on /home/ubuntu/demo8/lib/python3.12/site-packages/airflow/example_dags/example_kubernetes_executor.py
[2024-12-18T20:51:18.888+0000] {processor.py:914} INFO - Processing file /home/ubuntu/demo8/lib/python3.12/site-packages/airflow/example_dags/example_kubernetes_executor.py for tasks to queue
[2024-12-18T20:51:18.891+0000] {logging_mixin.py:190} INFO - [2024-12-18T20:51:18.890+0000] {dagbag.py:588} INFO - Filling up the DagBag from /home/ubuntu/demo8/lib/python3.12/site-packages/airflow/example_dags/example_kubernetes_executor.py
[2024-12-18T20:51:18.894+0000] {logging_mixin.py:190} INFO - [2024-12-18T20:51:18.894+0000] {example_kubernetes_executor.py:39} WARNING - The example_kubernetes_executor example DAG requires the kubernetes provider. Please install it with: pip install apache-airflow[cncf.kubernetes]
[2024-12-18T20:51:18.895+0000] {processor.py:927} WARNING - No viable dags retrieved from /home/ubuntu/demo8/lib/python3.12/site-packages/airflow/example_dags/example_kubernetes_executor.py
[2024-12-18T20:51:18.906+0000] {processor.py:208} INFO - Processing /home/ubuntu/demo8/lib/python3.12/site-packages/airflow/example_dags/example_kubernetes_executor.py took 0.026 seconds
