[2024-12-18T15:45:11.872+0000] {processor.py:186} INFO - Started process (PID=3693) to work on /home/ubuntu/demo8/lib/python3.12/site-packages/airflow/example_dags/example_branch_datetime_operator.py
[2024-12-18T15:45:11.873+0000] {processor.py:914} INFO - Processing file /home/ubuntu/demo8/lib/python3.12/site-packages/airflow/example_dags/example_branch_datetime_operator.py for tasks to queue
[2024-12-18T15:45:11.875+0000] {logging_mixin.py:190} INFO - [2024-12-18T15:45:11.874+0000] {dagbag.py:588} INFO - Filling up the DagBag from /home/ubuntu/demo8/lib/python3.12/site-packages/airflow/example_dags/example_branch_datetime_operator.py
[2024-12-18T15:45:11.889+0000] {processor.py:925} INFO - DAG(s) 'example_branch_datetime_operator_3', 'example_branch_datetime_operator_2', 'example_branch_datetime_operator' retrieved from /home/ubuntu/demo8/lib/python3.12/site-packages/airflow/example_dags/example_branch_datetime_operator.py
[2024-12-18T15:45:12.005+0000] {logging_mixin.py:190} INFO - [2024-12-18T15:45:12.005+0000] {override.py:1911} INFO - Created Permission View: can read on DAG:example_branch_datetime_operator_3
[2024-12-18T15:45:12.018+0000] {logging_mixin.py:190} INFO - [2024-12-18T15:45:12.018+0000] {override.py:1911} INFO - Created Permission View: can delete on DAG:example_branch_datetime_operator_3
[2024-12-18T15:45:12.028+0000] {logging_mixin.py:190} INFO - [2024-12-18T15:45:12.028+0000] {override.py:1911} INFO - Created Permission View: can edit on DAG:example_branch_datetime_operator_3
[2024-12-18T15:45:12.043+0000] {logging_mixin.py:190} INFO - [2024-12-18T15:45:12.042+0000] {override.py:1911} INFO - Created Permission View: can create on DAG Run:example_branch_datetime_operator_3
[2024-12-18T15:45:12.051+0000] {logging_mixin.py:190} INFO - [2024-12-18T15:45:12.051+0000] {override.py:1911} INFO - Created Permission View: can read on DAG Run:example_branch_datetime_operator_3
[2024-12-18T15:45:12.061+0000] {logging_mixin.py:190} INFO - [2024-12-18T15:45:12.061+0000] {override.py:1911} INFO - Created Permission View: menu access on DAG Run:example_branch_datetime_operator_3
[2024-12-18T15:45:12.070+0000] {logging_mixin.py:190} INFO - [2024-12-18T15:45:12.070+0000] {override.py:1911} INFO - Created Permission View: can delete on DAG Run:example_branch_datetime_operator_3
[2024-12-18T15:45:12.092+0000] {logging_mixin.py:190} INFO - [2024-12-18T15:45:12.091+0000] {override.py:1911} INFO - Created Permission View: can read on DAG:example_branch_datetime_operator_2
[2024-12-18T15:45:12.101+0000] {logging_mixin.py:190} INFO - [2024-12-18T15:45:12.101+0000] {override.py:1911} INFO - Created Permission View: can delete on DAG:example_branch_datetime_operator_2
[2024-12-18T15:45:12.111+0000] {logging_mixin.py:190} INFO - [2024-12-18T15:45:12.110+0000] {override.py:1911} INFO - Created Permission View: can edit on DAG:example_branch_datetime_operator_2
[2024-12-18T15:45:12.126+0000] {logging_mixin.py:190} INFO - [2024-12-18T15:45:12.125+0000] {override.py:1911} INFO - Created Permission View: can create on DAG Run:example_branch_datetime_operator_2
[2024-12-18T15:45:12.134+0000] {logging_mixin.py:190} INFO - [2024-12-18T15:45:12.134+0000] {override.py:1911} INFO - Created Permission View: can read on DAG Run:example_branch_datetime_operator_2
[2024-12-18T15:45:12.143+0000] {logging_mixin.py:190} INFO - [2024-12-18T15:45:12.143+0000] {override.py:1911} INFO - Created Permission View: menu access on DAG Run:example_branch_datetime_operator_2
[2024-12-18T15:45:12.152+0000] {logging_mixin.py:190} INFO - [2024-12-18T15:45:12.152+0000] {override.py:1911} INFO - Created Permission View: can delete on DAG Run:example_branch_datetime_operator_2
[2024-12-18T15:45:12.172+0000] {logging_mixin.py:190} INFO - [2024-12-18T15:45:12.172+0000] {override.py:1911} INFO - Created Permission View: can read on DAG:example_branch_datetime_operator
[2024-12-18T15:45:12.182+0000] {logging_mixin.py:190} INFO - [2024-12-18T15:45:12.182+0000] {override.py:1911} INFO - Created Permission View: can delete on DAG:example_branch_datetime_operator
[2024-12-18T15:45:12.191+0000] {logging_mixin.py:190} INFO - [2024-12-18T15:45:12.191+0000] {override.py:1911} INFO - Created Permission View: can edit on DAG:example_branch_datetime_operator
[2024-12-18T15:45:12.206+0000] {logging_mixin.py:190} INFO - [2024-12-18T15:45:12.206+0000] {override.py:1911} INFO - Created Permission View: can create on DAG Run:example_branch_datetime_operator
[2024-12-18T15:45:12.215+0000] {logging_mixin.py:190} INFO - [2024-12-18T15:45:12.215+0000] {override.py:1911} INFO - Created Permission View: can read on DAG Run:example_branch_datetime_operator
[2024-12-18T15:45:12.228+0000] {logging_mixin.py:190} INFO - [2024-12-18T15:45:12.227+0000] {override.py:1911} INFO - Created Permission View: menu access on DAG Run:example_branch_datetime_operator
[2024-12-18T15:45:12.238+0000] {logging_mixin.py:190} INFO - [2024-12-18T15:45:12.237+0000] {override.py:1911} INFO - Created Permission View: can delete on DAG Run:example_branch_datetime_operator
[2024-12-18T15:45:12.238+0000] {logging_mixin.py:190} INFO - [2024-12-18T15:45:12.238+0000] {dag.py:3239} INFO - Sync 3 DAGs
[2024-12-18T15:45:12.251+0000] {logging_mixin.py:190} INFO - [2024-12-18T15:45:12.251+0000] {dag.py:3262} INFO - Creating ORM DAG for example_branch_datetime_operator_3
[2024-12-18T15:45:12.252+0000] {logging_mixin.py:190} INFO - [2024-12-18T15:45:12.251+0000] {dag.py:3262} INFO - Creating ORM DAG for example_branch_datetime_operator
[2024-12-18T15:45:12.252+0000] {logging_mixin.py:190} INFO - [2024-12-18T15:45:12.252+0000] {dag.py:3262} INFO - Creating ORM DAG for example_branch_datetime_operator_2
[2024-12-18T15:45:12.262+0000] {logging_mixin.py:190} INFO - [2024-12-18T15:45:12.262+0000] {dag.py:4180} INFO - Setting next_dagrun for example_branch_datetime_operator to 2024-12-17 00:00:00+00:00, run_after=2024-12-18 00:00:00+00:00
[2024-12-18T15:45:12.264+0000] {logging_mixin.py:190} INFO - [2024-12-18T15:45:12.264+0000] {dag.py:4180} INFO - Setting next_dagrun for example_branch_datetime_operator_2 to 2024-12-17 00:00:00+00:00, run_after=2024-12-18 00:00:00+00:00
[2024-12-18T15:45:12.266+0000] {logging_mixin.py:190} INFO - [2024-12-18T15:45:12.266+0000] {dag.py:4180} INFO - Setting next_dagrun for example_branch_datetime_operator_3 to 2024-12-17 00:00:00+00:00, run_after=2024-12-18 00:00:00+00:00
[2024-12-18T15:45:12.289+0000] {processor.py:208} INFO - Processing /home/ubuntu/demo8/lib/python3.12/site-packages/airflow/example_dags/example_branch_datetime_operator.py took 0.423 seconds
[2024-12-18T15:46:14.908+0000] {processor.py:186} INFO - Started process (PID=3792) to work on /home/ubuntu/demo8/lib/python3.12/site-packages/airflow/example_dags/example_branch_datetime_operator.py
[2024-12-18T15:46:14.909+0000] {processor.py:914} INFO - Processing file /home/ubuntu/demo8/lib/python3.12/site-packages/airflow/example_dags/example_branch_datetime_operator.py for tasks to queue
[2024-12-18T15:46:14.911+0000] {logging_mixin.py:190} INFO - [2024-12-18T15:46:14.911+0000] {dagbag.py:588} INFO - Filling up the DagBag from /home/ubuntu/demo8/lib/python3.12/site-packages/airflow/example_dags/example_branch_datetime_operator.py
[2024-12-18T15:46:14.925+0000] {processor.py:925} INFO - DAG(s) 'example_branch_datetime_operator', 'example_branch_datetime_operator_2', 'example_branch_datetime_operator_3' retrieved from /home/ubuntu/demo8/lib/python3.12/site-packages/airflow/example_dags/example_branch_datetime_operator.py
[2024-12-18T15:46:14.947+0000] {logging_mixin.py:190} INFO - [2024-12-18T15:46:14.947+0000] {dag.py:3239} INFO - Sync 3 DAGs
[2024-12-18T15:46:14.971+0000] {logging_mixin.py:190} INFO - [2024-12-18T15:46:14.971+0000] {dag.py:4180} INFO - Setting next_dagrun for example_branch_datetime_operator to 2024-12-17 00:00:00+00:00, run_after=2024-12-18 00:00:00+00:00
[2024-12-18T15:46:14.975+0000] {logging_mixin.py:190} INFO - [2024-12-18T15:46:14.975+0000] {dag.py:4180} INFO - Setting next_dagrun for example_branch_datetime_operator_2 to 2024-12-17 00:00:00+00:00, run_after=2024-12-18 00:00:00+00:00
[2024-12-18T15:46:14.978+0000] {logging_mixin.py:190} INFO - [2024-12-18T15:46:14.978+0000] {dag.py:4180} INFO - Setting next_dagrun for example_branch_datetime_operator_3 to 2024-12-17 00:00:00+00:00, run_after=2024-12-18 00:00:00+00:00
[2024-12-18T15:46:14.997+0000] {processor.py:208} INFO - Processing /home/ubuntu/demo8/lib/python3.12/site-packages/airflow/example_dags/example_branch_datetime_operator.py took 0.095 seconds
[2024-12-18T15:47:37.800+0000] {processor.py:186} INFO - Started process (PID=4285) to work on /home/ubuntu/demo8/lib/python3.12/site-packages/airflow/example_dags/example_branch_datetime_operator.py
[2024-12-18T15:47:37.802+0000] {processor.py:914} INFO - Processing file /home/ubuntu/demo8/lib/python3.12/site-packages/airflow/example_dags/example_branch_datetime_operator.py for tasks to queue
[2024-12-18T15:47:37.804+0000] {logging_mixin.py:190} INFO - [2024-12-18T15:47:37.804+0000] {dagbag.py:588} INFO - Filling up the DagBag from /home/ubuntu/demo8/lib/python3.12/site-packages/airflow/example_dags/example_branch_datetime_operator.py
[2024-12-18T15:47:37.818+0000] {processor.py:925} INFO - DAG(s) 'example_branch_datetime_operator', 'example_branch_datetime_operator_3', 'example_branch_datetime_operator_2' retrieved from /home/ubuntu/demo8/lib/python3.12/site-packages/airflow/example_dags/example_branch_datetime_operator.py
[2024-12-18T15:47:37.842+0000] {logging_mixin.py:190} INFO - [2024-12-18T15:47:37.842+0000] {dag.py:3239} INFO - Sync 3 DAGs
[2024-12-18T15:47:37.866+0000] {logging_mixin.py:190} INFO - [2024-12-18T15:47:37.866+0000] {dag.py:4180} INFO - Setting next_dagrun for example_branch_datetime_operator to 2024-12-17 00:00:00+00:00, run_after=2024-12-18 00:00:00+00:00
[2024-12-18T15:47:37.871+0000] {logging_mixin.py:190} INFO - [2024-12-18T15:47:37.871+0000] {dag.py:4180} INFO - Setting next_dagrun for example_branch_datetime_operator_2 to 2024-12-17 00:00:00+00:00, run_after=2024-12-18 00:00:00+00:00
[2024-12-18T15:47:37.874+0000] {logging_mixin.py:190} INFO - [2024-12-18T15:47:37.874+0000] {dag.py:4180} INFO - Setting next_dagrun for example_branch_datetime_operator_3 to 2024-12-17 00:00:00+00:00, run_after=2024-12-18 00:00:00+00:00
[2024-12-18T15:47:37.908+0000] {processor.py:208} INFO - Processing /home/ubuntu/demo8/lib/python3.12/site-packages/airflow/example_dags/example_branch_datetime_operator.py took 0.114 seconds
[2024-12-18T15:48:59.126+0000] {processor.py:186} INFO - Started process (PID=4367) to work on /home/ubuntu/demo8/lib/python3.12/site-packages/airflow/example_dags/example_branch_datetime_operator.py
[2024-12-18T15:48:59.128+0000] {processor.py:914} INFO - Processing file /home/ubuntu/demo8/lib/python3.12/site-packages/airflow/example_dags/example_branch_datetime_operator.py for tasks to queue
[2024-12-18T15:48:59.130+0000] {logging_mixin.py:190} INFO - [2024-12-18T15:48:59.129+0000] {dagbag.py:588} INFO - Filling up the DagBag from /home/ubuntu/demo8/lib/python3.12/site-packages/airflow/example_dags/example_branch_datetime_operator.py
[2024-12-18T15:48:59.144+0000] {processor.py:925} INFO - DAG(s) 'example_branch_datetime_operator_3', 'example_branch_datetime_operator_2', 'example_branch_datetime_operator' retrieved from /home/ubuntu/demo8/lib/python3.12/site-packages/airflow/example_dags/example_branch_datetime_operator.py
[2024-12-18T15:48:59.167+0000] {logging_mixin.py:190} INFO - [2024-12-18T15:48:59.167+0000] {dag.py:3239} INFO - Sync 3 DAGs
[2024-12-18T15:48:59.306+0000] {logging_mixin.py:190} INFO - [2024-12-18T15:48:59.306+0000] {dag.py:4180} INFO - Setting next_dagrun for example_branch_datetime_operator to 2024-12-17 00:00:00+00:00, run_after=2024-12-18 00:00:00+00:00
[2024-12-18T15:48:59.311+0000] {logging_mixin.py:190} INFO - [2024-12-18T15:48:59.310+0000] {dag.py:4180} INFO - Setting next_dagrun for example_branch_datetime_operator_2 to 2024-12-17 00:00:00+00:00, run_after=2024-12-18 00:00:00+00:00
[2024-12-18T15:48:59.313+0000] {logging_mixin.py:190} INFO - [2024-12-18T15:48:59.313+0000] {dag.py:4180} INFO - Setting next_dagrun for example_branch_datetime_operator_3 to 2024-12-17 00:00:00+00:00, run_after=2024-12-18 00:00:00+00:00
[2024-12-18T15:48:59.331+0000] {processor.py:208} INFO - Processing /home/ubuntu/demo8/lib/python3.12/site-packages/airflow/example_dags/example_branch_datetime_operator.py took 0.213 seconds
[2024-12-18T15:50:05.428+0000] {processor.py:186} INFO - Started process (PID=4431) to work on /home/ubuntu/demo8/lib/python3.12/site-packages/airflow/example_dags/example_branch_datetime_operator.py
[2024-12-18T15:50:05.430+0000] {processor.py:914} INFO - Processing file /home/ubuntu/demo8/lib/python3.12/site-packages/airflow/example_dags/example_branch_datetime_operator.py for tasks to queue
[2024-12-18T15:50:05.432+0000] {logging_mixin.py:190} INFO - [2024-12-18T15:50:05.431+0000] {dagbag.py:588} INFO - Filling up the DagBag from /home/ubuntu/demo8/lib/python3.12/site-packages/airflow/example_dags/example_branch_datetime_operator.py
[2024-12-18T15:50:05.446+0000] {processor.py:925} INFO - DAG(s) 'example_branch_datetime_operator_2', 'example_branch_datetime_operator', 'example_branch_datetime_operator_3' retrieved from /home/ubuntu/demo8/lib/python3.12/site-packages/airflow/example_dags/example_branch_datetime_operator.py
[2024-12-18T15:50:05.469+0000] {logging_mixin.py:190} INFO - [2024-12-18T15:50:05.468+0000] {dag.py:3239} INFO - Sync 3 DAGs
[2024-12-18T15:50:05.494+0000] {logging_mixin.py:190} INFO - [2024-12-18T15:50:05.494+0000] {dag.py:4180} INFO - Setting next_dagrun for example_branch_datetime_operator to 2024-12-17 00:00:00+00:00, run_after=2024-12-18 00:00:00+00:00
[2024-12-18T15:50:05.499+0000] {logging_mixin.py:190} INFO - [2024-12-18T15:50:05.499+0000] {dag.py:4180} INFO - Setting next_dagrun for example_branch_datetime_operator_2 to 2024-12-17 00:00:00+00:00, run_after=2024-12-18 00:00:00+00:00
[2024-12-18T15:50:05.501+0000] {logging_mixin.py:190} INFO - [2024-12-18T15:50:05.501+0000] {dag.py:4180} INFO - Setting next_dagrun for example_branch_datetime_operator_3 to 2024-12-17 00:00:00+00:00, run_after=2024-12-18 00:00:00+00:00
[2024-12-18T15:50:05.521+0000] {processor.py:208} INFO - Processing /home/ubuntu/demo8/lib/python3.12/site-packages/airflow/example_dags/example_branch_datetime_operator.py took 0.099 seconds
[2024-12-18T15:51:03.282+0000] {processor.py:186} INFO - Started process (PID=4501) to work on /home/ubuntu/demo8/lib/python3.12/site-packages/airflow/example_dags/example_branch_datetime_operator.py
[2024-12-18T15:51:03.283+0000] {processor.py:914} INFO - Processing file /home/ubuntu/demo8/lib/python3.12/site-packages/airflow/example_dags/example_branch_datetime_operator.py for tasks to queue
[2024-12-18T15:51:03.286+0000] {logging_mixin.py:190} INFO - [2024-12-18T15:51:03.285+0000] {dagbag.py:588} INFO - Filling up the DagBag from /home/ubuntu/demo8/lib/python3.12/site-packages/airflow/example_dags/example_branch_datetime_operator.py
[2024-12-18T15:51:03.300+0000] {processor.py:925} INFO - DAG(s) 'example_branch_datetime_operator_3', 'example_branch_datetime_operator_2', 'example_branch_datetime_operator' retrieved from /home/ubuntu/demo8/lib/python3.12/site-packages/airflow/example_dags/example_branch_datetime_operator.py
[2024-12-18T15:51:03.323+0000] {logging_mixin.py:190} INFO - [2024-12-18T15:51:03.323+0000] {dag.py:3239} INFO - Sync 3 DAGs
[2024-12-18T15:51:03.348+0000] {logging_mixin.py:190} INFO - [2024-12-18T15:51:03.347+0000] {dag.py:4180} INFO - Setting next_dagrun for example_branch_datetime_operator to 2024-12-17 00:00:00+00:00, run_after=2024-12-18 00:00:00+00:00
[2024-12-18T15:51:03.354+0000] {logging_mixin.py:190} INFO - [2024-12-18T15:51:03.354+0000] {dag.py:4180} INFO - Setting next_dagrun for example_branch_datetime_operator_2 to 2024-12-17 00:00:00+00:00, run_after=2024-12-18 00:00:00+00:00
[2024-12-18T15:51:03.356+0000] {logging_mixin.py:190} INFO - [2024-12-18T15:51:03.356+0000] {dag.py:4180} INFO - Setting next_dagrun for example_branch_datetime_operator_3 to 2024-12-17 00:00:00+00:00, run_after=2024-12-18 00:00:00+00:00
[2024-12-18T15:51:03.377+0000] {processor.py:208} INFO - Processing /home/ubuntu/demo8/lib/python3.12/site-packages/airflow/example_dags/example_branch_datetime_operator.py took 0.102 seconds
[2024-12-18T15:52:22.238+0000] {processor.py:186} INFO - Started process (PID=4585) to work on /home/ubuntu/demo8/lib/python3.12/site-packages/airflow/example_dags/example_branch_datetime_operator.py
[2024-12-18T15:52:22.239+0000] {processor.py:914} INFO - Processing file /home/ubuntu/demo8/lib/python3.12/site-packages/airflow/example_dags/example_branch_datetime_operator.py for tasks to queue
[2024-12-18T15:52:22.241+0000] {logging_mixin.py:190} INFO - [2024-12-18T15:52:22.241+0000] {dagbag.py:588} INFO - Filling up the DagBag from /home/ubuntu/demo8/lib/python3.12/site-packages/airflow/example_dags/example_branch_datetime_operator.py
[2024-12-18T15:52:22.255+0000] {processor.py:925} INFO - DAG(s) 'example_branch_datetime_operator_2', 'example_branch_datetime_operator', 'example_branch_datetime_operator_3' retrieved from /home/ubuntu/demo8/lib/python3.12/site-packages/airflow/example_dags/example_branch_datetime_operator.py
[2024-12-18T15:52:22.278+0000] {logging_mixin.py:190} INFO - [2024-12-18T15:52:22.277+0000] {dag.py:3239} INFO - Sync 3 DAGs
[2024-12-18T15:52:22.303+0000] {logging_mixin.py:190} INFO - [2024-12-18T15:52:22.302+0000] {dag.py:4180} INFO - Setting next_dagrun for example_branch_datetime_operator to 2024-12-17 00:00:00+00:00, run_after=2024-12-18 00:00:00+00:00
[2024-12-18T15:52:22.309+0000] {logging_mixin.py:190} INFO - [2024-12-18T15:52:22.309+0000] {dag.py:4180} INFO - Setting next_dagrun for example_branch_datetime_operator_2 to 2024-12-17 00:00:00+00:00, run_after=2024-12-18 00:00:00+00:00
[2024-12-18T15:52:22.311+0000] {logging_mixin.py:190} INFO - [2024-12-18T15:52:22.311+0000] {dag.py:4180} INFO - Setting next_dagrun for example_branch_datetime_operator_3 to 2024-12-17 00:00:00+00:00, run_after=2024-12-18 00:00:00+00:00
[2024-12-18T15:52:22.330+0000] {processor.py:208} INFO - Processing /home/ubuntu/demo8/lib/python3.12/site-packages/airflow/example_dags/example_branch_datetime_operator.py took 0.099 seconds
[2024-12-18T15:53:44.930+0000] {processor.py:186} INFO - Started process (PID=4670) to work on /home/ubuntu/demo8/lib/python3.12/site-packages/airflow/example_dags/example_branch_datetime_operator.py
[2024-12-18T15:53:44.931+0000] {processor.py:914} INFO - Processing file /home/ubuntu/demo8/lib/python3.12/site-packages/airflow/example_dags/example_branch_datetime_operator.py for tasks to queue
[2024-12-18T15:53:44.933+0000] {logging_mixin.py:190} INFO - [2024-12-18T15:53:44.933+0000] {dagbag.py:588} INFO - Filling up the DagBag from /home/ubuntu/demo8/lib/python3.12/site-packages/airflow/example_dags/example_branch_datetime_operator.py
[2024-12-18T15:53:44.947+0000] {processor.py:925} INFO - DAG(s) 'example_branch_datetime_operator_2', 'example_branch_datetime_operator_3', 'example_branch_datetime_operator' retrieved from /home/ubuntu/demo8/lib/python3.12/site-packages/airflow/example_dags/example_branch_datetime_operator.py
[2024-12-18T15:53:44.970+0000] {logging_mixin.py:190} INFO - [2024-12-18T15:53:44.970+0000] {dag.py:3239} INFO - Sync 3 DAGs
[2024-12-18T15:53:44.994+0000] {logging_mixin.py:190} INFO - [2024-12-18T15:53:44.994+0000] {dag.py:4180} INFO - Setting next_dagrun for example_branch_datetime_operator to 2024-12-17 00:00:00+00:00, run_after=2024-12-18 00:00:00+00:00
[2024-12-18T15:53:44.999+0000] {logging_mixin.py:190} INFO - [2024-12-18T15:53:44.999+0000] {dag.py:4180} INFO - Setting next_dagrun for example_branch_datetime_operator_2 to 2024-12-17 00:00:00+00:00, run_after=2024-12-18 00:00:00+00:00
[2024-12-18T15:53:45.002+0000] {logging_mixin.py:190} INFO - [2024-12-18T15:53:45.002+0000] {dag.py:4180} INFO - Setting next_dagrun for example_branch_datetime_operator_3 to 2024-12-17 00:00:00+00:00, run_after=2024-12-18 00:00:00+00:00
[2024-12-18T15:53:45.022+0000] {processor.py:208} INFO - Processing /home/ubuntu/demo8/lib/python3.12/site-packages/airflow/example_dags/example_branch_datetime_operator.py took 0.098 seconds
[2024-12-18T15:55:18.044+0000] {processor.py:186} INFO - Started process (PID=4793) to work on /home/ubuntu/demo8/lib/python3.12/site-packages/airflow/example_dags/example_branch_datetime_operator.py
[2024-12-18T15:55:18.045+0000] {processor.py:914} INFO - Processing file /home/ubuntu/demo8/lib/python3.12/site-packages/airflow/example_dags/example_branch_datetime_operator.py for tasks to queue
[2024-12-18T15:55:18.047+0000] {logging_mixin.py:190} INFO - [2024-12-18T15:55:18.047+0000] {dagbag.py:588} INFO - Filling up the DagBag from /home/ubuntu/demo8/lib/python3.12/site-packages/airflow/example_dags/example_branch_datetime_operator.py
[2024-12-18T15:55:18.061+0000] {processor.py:925} INFO - DAG(s) 'example_branch_datetime_operator_2', 'example_branch_datetime_operator', 'example_branch_datetime_operator_3' retrieved from /home/ubuntu/demo8/lib/python3.12/site-packages/airflow/example_dags/example_branch_datetime_operator.py
[2024-12-18T15:55:18.084+0000] {logging_mixin.py:190} INFO - [2024-12-18T15:55:18.084+0000] {dag.py:3239} INFO - Sync 3 DAGs
[2024-12-18T15:55:18.109+0000] {logging_mixin.py:190} INFO - [2024-12-18T15:55:18.108+0000] {dag.py:4180} INFO - Setting next_dagrun for example_branch_datetime_operator to 2024-12-17 00:00:00+00:00, run_after=2024-12-18 00:00:00+00:00
[2024-12-18T15:55:18.114+0000] {logging_mixin.py:190} INFO - [2024-12-18T15:55:18.114+0000] {dag.py:4180} INFO - Setting next_dagrun for example_branch_datetime_operator_2 to 2024-12-17 00:00:00+00:00, run_after=2024-12-18 00:00:00+00:00
[2024-12-18T15:55:18.116+0000] {logging_mixin.py:190} INFO - [2024-12-18T15:55:18.116+0000] {dag.py:4180} INFO - Setting next_dagrun for example_branch_datetime_operator_3 to 2024-12-17 00:00:00+00:00, run_after=2024-12-18 00:00:00+00:00
[2024-12-18T15:55:18.138+0000] {processor.py:208} INFO - Processing /home/ubuntu/demo8/lib/python3.12/site-packages/airflow/example_dags/example_branch_datetime_operator.py took 0.099 seconds
[2024-12-18T15:57:45.564+0000] {processor.py:186} INFO - Started process (PID=4940) to work on /home/ubuntu/demo8/lib/python3.12/site-packages/airflow/example_dags/example_branch_datetime_operator.py
[2024-12-18T15:57:45.566+0000] {processor.py:914} INFO - Processing file /home/ubuntu/demo8/lib/python3.12/site-packages/airflow/example_dags/example_branch_datetime_operator.py for tasks to queue
[2024-12-18T15:57:45.568+0000] {logging_mixin.py:190} INFO - [2024-12-18T15:57:45.568+0000] {dagbag.py:588} INFO - Filling up the DagBag from /home/ubuntu/demo8/lib/python3.12/site-packages/airflow/example_dags/example_branch_datetime_operator.py
[2024-12-18T15:57:45.583+0000] {processor.py:925} INFO - DAG(s) 'example_branch_datetime_operator_2', 'example_branch_datetime_operator_3', 'example_branch_datetime_operator' retrieved from /home/ubuntu/demo8/lib/python3.12/site-packages/airflow/example_dags/example_branch_datetime_operator.py
[2024-12-18T15:57:45.607+0000] {logging_mixin.py:190} INFO - [2024-12-18T15:57:45.606+0000] {dag.py:3239} INFO - Sync 3 DAGs
[2024-12-18T15:57:45.632+0000] {logging_mixin.py:190} INFO - [2024-12-18T15:57:45.632+0000] {dag.py:4180} INFO - Setting next_dagrun for example_branch_datetime_operator to 2024-12-17 00:00:00+00:00, run_after=2024-12-18 00:00:00+00:00
[2024-12-18T15:57:45.637+0000] {logging_mixin.py:190} INFO - [2024-12-18T15:57:45.637+0000] {dag.py:4180} INFO - Setting next_dagrun for example_branch_datetime_operator_2 to 2024-12-17 00:00:00+00:00, run_after=2024-12-18 00:00:00+00:00
[2024-12-18T15:57:45.640+0000] {logging_mixin.py:190} INFO - [2024-12-18T15:57:45.640+0000] {dag.py:4180} INFO - Setting next_dagrun for example_branch_datetime_operator_3 to 2024-12-17 00:00:00+00:00, run_after=2024-12-18 00:00:00+00:00
[2024-12-18T15:57:45.662+0000] {processor.py:208} INFO - Processing /home/ubuntu/demo8/lib/python3.12/site-packages/airflow/example_dags/example_branch_datetime_operator.py took 0.104 seconds
[2024-12-18T15:59:05.826+0000] {processor.py:186} INFO - Started process (PID=5023) to work on /home/ubuntu/demo8/lib/python3.12/site-packages/airflow/example_dags/example_branch_datetime_operator.py
[2024-12-18T15:59:05.827+0000] {processor.py:914} INFO - Processing file /home/ubuntu/demo8/lib/python3.12/site-packages/airflow/example_dags/example_branch_datetime_operator.py for tasks to queue
[2024-12-18T15:59:05.830+0000] {logging_mixin.py:190} INFO - [2024-12-18T15:59:05.829+0000] {dagbag.py:588} INFO - Filling up the DagBag from /home/ubuntu/demo8/lib/python3.12/site-packages/airflow/example_dags/example_branch_datetime_operator.py
[2024-12-18T15:59:05.844+0000] {processor.py:925} INFO - DAG(s) 'example_branch_datetime_operator_2', 'example_branch_datetime_operator_3', 'example_branch_datetime_operator' retrieved from /home/ubuntu/demo8/lib/python3.12/site-packages/airflow/example_dags/example_branch_datetime_operator.py
[2024-12-18T15:59:05.867+0000] {logging_mixin.py:190} INFO - [2024-12-18T15:59:05.866+0000] {dag.py:3239} INFO - Sync 3 DAGs
[2024-12-18T15:59:05.891+0000] {logging_mixin.py:190} INFO - [2024-12-18T15:59:05.891+0000] {dag.py:4180} INFO - Setting next_dagrun for example_branch_datetime_operator to 2024-12-17 00:00:00+00:00, run_after=2024-12-18 00:00:00+00:00
[2024-12-18T15:59:05.897+0000] {logging_mixin.py:190} INFO - [2024-12-18T15:59:05.897+0000] {dag.py:4180} INFO - Setting next_dagrun for example_branch_datetime_operator_2 to 2024-12-17 00:00:00+00:00, run_after=2024-12-18 00:00:00+00:00
[2024-12-18T15:59:05.899+0000] {logging_mixin.py:190} INFO - [2024-12-18T15:59:05.899+0000] {dag.py:4180} INFO - Setting next_dagrun for example_branch_datetime_operator_3 to 2024-12-17 00:00:00+00:00, run_after=2024-12-18 00:00:00+00:00
[2024-12-18T15:59:05.920+0000] {processor.py:208} INFO - Processing /home/ubuntu/demo8/lib/python3.12/site-packages/airflow/example_dags/example_branch_datetime_operator.py took 0.100 seconds
[2024-12-18T16:00:44.384+0000] {processor.py:186} INFO - Started process (PID=5124) to work on /home/ubuntu/demo8/lib/python3.12/site-packages/airflow/example_dags/example_branch_datetime_operator.py
[2024-12-18T16:00:44.385+0000] {processor.py:914} INFO - Processing file /home/ubuntu/demo8/lib/python3.12/site-packages/airflow/example_dags/example_branch_datetime_operator.py for tasks to queue
[2024-12-18T16:00:44.388+0000] {logging_mixin.py:190} INFO - [2024-12-18T16:00:44.387+0000] {dagbag.py:588} INFO - Filling up the DagBag from /home/ubuntu/demo8/lib/python3.12/site-packages/airflow/example_dags/example_branch_datetime_operator.py
[2024-12-18T16:00:44.402+0000] {processor.py:925} INFO - DAG(s) 'example_branch_datetime_operator_2', 'example_branch_datetime_operator', 'example_branch_datetime_operator_3' retrieved from /home/ubuntu/demo8/lib/python3.12/site-packages/airflow/example_dags/example_branch_datetime_operator.py
[2024-12-18T16:00:44.424+0000] {logging_mixin.py:190} INFO - [2024-12-18T16:00:44.424+0000] {dag.py:3239} INFO - Sync 3 DAGs
[2024-12-18T16:00:44.449+0000] {logging_mixin.py:190} INFO - [2024-12-18T16:00:44.449+0000] {dag.py:4180} INFO - Setting next_dagrun for example_branch_datetime_operator to 2024-12-17 00:00:00+00:00, run_after=2024-12-18 00:00:00+00:00
[2024-12-18T16:00:44.454+0000] {logging_mixin.py:190} INFO - [2024-12-18T16:00:44.454+0000] {dag.py:4180} INFO - Setting next_dagrun for example_branch_datetime_operator_2 to 2024-12-17 00:00:00+00:00, run_after=2024-12-18 00:00:00+00:00
[2024-12-18T16:00:44.456+0000] {logging_mixin.py:190} INFO - [2024-12-18T16:00:44.456+0000] {dag.py:4180} INFO - Setting next_dagrun for example_branch_datetime_operator_3 to 2024-12-17 00:00:00+00:00, run_after=2024-12-18 00:00:00+00:00
[2024-12-18T16:00:44.478+0000] {processor.py:208} INFO - Processing /home/ubuntu/demo8/lib/python3.12/site-packages/airflow/example_dags/example_branch_datetime_operator.py took 0.100 seconds
[2024-12-18T16:02:04.595+0000] {processor.py:186} INFO - Started process (PID=5209) to work on /home/ubuntu/demo8/lib/python3.12/site-packages/airflow/example_dags/example_branch_datetime_operator.py
[2024-12-18T16:02:04.596+0000] {processor.py:914} INFO - Processing file /home/ubuntu/demo8/lib/python3.12/site-packages/airflow/example_dags/example_branch_datetime_operator.py for tasks to queue
[2024-12-18T16:02:04.598+0000] {logging_mixin.py:190} INFO - [2024-12-18T16:02:04.598+0000] {dagbag.py:588} INFO - Filling up the DagBag from /home/ubuntu/demo8/lib/python3.12/site-packages/airflow/example_dags/example_branch_datetime_operator.py
[2024-12-18T16:02:04.612+0000] {processor.py:925} INFO - DAG(s) 'example_branch_datetime_operator_2', 'example_branch_datetime_operator', 'example_branch_datetime_operator_3' retrieved from /home/ubuntu/demo8/lib/python3.12/site-packages/airflow/example_dags/example_branch_datetime_operator.py
[2024-12-18T16:02:04.635+0000] {logging_mixin.py:190} INFO - [2024-12-18T16:02:04.634+0000] {dag.py:3239} INFO - Sync 3 DAGs
[2024-12-18T16:02:04.658+0000] {logging_mixin.py:190} INFO - [2024-12-18T16:02:04.658+0000] {dag.py:4180} INFO - Setting next_dagrun for example_branch_datetime_operator to 2024-12-17 00:00:00+00:00, run_after=2024-12-18 00:00:00+00:00
[2024-12-18T16:02:04.664+0000] {logging_mixin.py:190} INFO - [2024-12-18T16:02:04.663+0000] {dag.py:4180} INFO - Setting next_dagrun for example_branch_datetime_operator_2 to 2024-12-17 00:00:00+00:00, run_after=2024-12-18 00:00:00+00:00
[2024-12-18T16:02:04.666+0000] {logging_mixin.py:190} INFO - [2024-12-18T16:02:04.666+0000] {dag.py:4180} INFO - Setting next_dagrun for example_branch_datetime_operator_3 to 2024-12-17 00:00:00+00:00, run_after=2024-12-18 00:00:00+00:00
[2024-12-18T16:02:04.685+0000] {processor.py:208} INFO - Processing /home/ubuntu/demo8/lib/python3.12/site-packages/airflow/example_dags/example_branch_datetime_operator.py took 0.096 seconds
[2024-12-18T16:03:26.185+0000] {processor.py:186} INFO - Started process (PID=5291) to work on /home/ubuntu/demo8/lib/python3.12/site-packages/airflow/example_dags/example_branch_datetime_operator.py
[2024-12-18T16:03:26.186+0000] {processor.py:914} INFO - Processing file /home/ubuntu/demo8/lib/python3.12/site-packages/airflow/example_dags/example_branch_datetime_operator.py for tasks to queue
[2024-12-18T16:03:26.188+0000] {logging_mixin.py:190} INFO - [2024-12-18T16:03:26.188+0000] {dagbag.py:588} INFO - Filling up the DagBag from /home/ubuntu/demo8/lib/python3.12/site-packages/airflow/example_dags/example_branch_datetime_operator.py
[2024-12-18T16:03:26.202+0000] {processor.py:925} INFO - DAG(s) 'example_branch_datetime_operator_2', 'example_branch_datetime_operator', 'example_branch_datetime_operator_3' retrieved from /home/ubuntu/demo8/lib/python3.12/site-packages/airflow/example_dags/example_branch_datetime_operator.py
[2024-12-18T16:03:26.224+0000] {logging_mixin.py:190} INFO - [2024-12-18T16:03:26.224+0000] {dag.py:3239} INFO - Sync 3 DAGs
[2024-12-18T16:03:26.247+0000] {logging_mixin.py:190} INFO - [2024-12-18T16:03:26.247+0000] {dag.py:4180} INFO - Setting next_dagrun for example_branch_datetime_operator to 2024-12-17 00:00:00+00:00, run_after=2024-12-18 00:00:00+00:00
[2024-12-18T16:03:26.252+0000] {logging_mixin.py:190} INFO - [2024-12-18T16:03:26.252+0000] {dag.py:4180} INFO - Setting next_dagrun for example_branch_datetime_operator_2 to 2024-12-17 00:00:00+00:00, run_after=2024-12-18 00:00:00+00:00
[2024-12-18T16:03:26.254+0000] {logging_mixin.py:190} INFO - [2024-12-18T16:03:26.254+0000] {dag.py:4180} INFO - Setting next_dagrun for example_branch_datetime_operator_3 to 2024-12-17 00:00:00+00:00, run_after=2024-12-18 00:00:00+00:00
[2024-12-18T16:03:26.274+0000] {processor.py:208} INFO - Processing /home/ubuntu/demo8/lib/python3.12/site-packages/airflow/example_dags/example_branch_datetime_operator.py took 0.095 seconds
[2024-12-18T20:30:11.964+0000] {processor.py:186} INFO - Started process (PID=2780) to work on /home/ubuntu/demo8/lib/python3.12/site-packages/airflow/example_dags/example_branch_datetime_operator.py
[2024-12-18T20:30:11.967+0000] {processor.py:914} INFO - Processing file /home/ubuntu/demo8/lib/python3.12/site-packages/airflow/example_dags/example_branch_datetime_operator.py for tasks to queue
[2024-12-18T20:30:11.969+0000] {logging_mixin.py:190} INFO - [2024-12-18T20:30:11.968+0000] {dagbag.py:588} INFO - Filling up the DagBag from /home/ubuntu/demo8/lib/python3.12/site-packages/airflow/example_dags/example_branch_datetime_operator.py
[2024-12-18T20:30:11.983+0000] {processor.py:925} INFO - DAG(s) 'example_branch_datetime_operator_2', 'example_branch_datetime_operator_3', 'example_branch_datetime_operator' retrieved from /home/ubuntu/demo8/lib/python3.12/site-packages/airflow/example_dags/example_branch_datetime_operator.py
[2024-12-18T20:30:12.005+0000] {logging_mixin.py:190} INFO - [2024-12-18T20:30:12.005+0000] {dag.py:3239} INFO - Sync 3 DAGs
[2024-12-18T20:30:12.029+0000] {logging_mixin.py:190} INFO - [2024-12-18T20:30:12.028+0000] {dag.py:4180} INFO - Setting next_dagrun for example_branch_datetime_operator to 2024-12-17 00:00:00+00:00, run_after=2024-12-18 00:00:00+00:00
[2024-12-18T20:30:12.034+0000] {logging_mixin.py:190} INFO - [2024-12-18T20:30:12.034+0000] {dag.py:4180} INFO - Setting next_dagrun for example_branch_datetime_operator_2 to 2024-12-17 00:00:00+00:00, run_after=2024-12-18 00:00:00+00:00
[2024-12-18T20:30:12.036+0000] {logging_mixin.py:190} INFO - [2024-12-18T20:30:12.036+0000] {dag.py:4180} INFO - Setting next_dagrun for example_branch_datetime_operator_3 to 2024-12-17 00:00:00+00:00, run_after=2024-12-18 00:00:00+00:00
[2024-12-18T20:30:12.058+0000] {processor.py:208} INFO - Processing /home/ubuntu/demo8/lib/python3.12/site-packages/airflow/example_dags/example_branch_datetime_operator.py took 0.099 seconds
[2024-12-18T20:31:08.637+0000] {processor.py:186} INFO - Started process (PID=3046) to work on /home/ubuntu/demo8/lib/python3.12/site-packages/airflow/example_dags/example_branch_datetime_operator.py
[2024-12-18T20:31:08.638+0000] {processor.py:914} INFO - Processing file /home/ubuntu/demo8/lib/python3.12/site-packages/airflow/example_dags/example_branch_datetime_operator.py for tasks to queue
[2024-12-18T20:31:08.641+0000] {logging_mixin.py:190} INFO - [2024-12-18T20:31:08.640+0000] {dagbag.py:588} INFO - Filling up the DagBag from /home/ubuntu/demo8/lib/python3.12/site-packages/airflow/example_dags/example_branch_datetime_operator.py
[2024-12-18T20:31:08.656+0000] {processor.py:925} INFO - DAG(s) 'example_branch_datetime_operator_2', 'example_branch_datetime_operator', 'example_branch_datetime_operator_3' retrieved from /home/ubuntu/demo8/lib/python3.12/site-packages/airflow/example_dags/example_branch_datetime_operator.py
[2024-12-18T20:31:08.679+0000] {logging_mixin.py:190} INFO - [2024-12-18T20:31:08.678+0000] {dag.py:3239} INFO - Sync 3 DAGs
[2024-12-18T20:31:08.703+0000] {logging_mixin.py:190} INFO - [2024-12-18T20:31:08.703+0000] {dag.py:4180} INFO - Setting next_dagrun for example_branch_datetime_operator to 2024-12-17 00:00:00+00:00, run_after=2024-12-18 00:00:00+00:00
[2024-12-18T20:31:08.708+0000] {logging_mixin.py:190} INFO - [2024-12-18T20:31:08.708+0000] {dag.py:4180} INFO - Setting next_dagrun for example_branch_datetime_operator_2 to 2024-12-17 00:00:00+00:00, run_after=2024-12-18 00:00:00+00:00
[2024-12-18T20:31:08.711+0000] {logging_mixin.py:190} INFO - [2024-12-18T20:31:08.710+0000] {dag.py:4180} INFO - Setting next_dagrun for example_branch_datetime_operator_3 to 2024-12-17 00:00:00+00:00, run_after=2024-12-18 00:00:00+00:00
[2024-12-18T20:31:08.734+0000] {processor.py:208} INFO - Processing /home/ubuntu/demo8/lib/python3.12/site-packages/airflow/example_dags/example_branch_datetime_operator.py took 0.103 seconds
[2024-12-18T20:32:31.601+0000] {processor.py:186} INFO - Started process (PID=3369) to work on /home/ubuntu/demo8/lib/python3.12/site-packages/airflow/example_dags/example_branch_datetime_operator.py
[2024-12-18T20:32:31.602+0000] {processor.py:914} INFO - Processing file /home/ubuntu/demo8/lib/python3.12/site-packages/airflow/example_dags/example_branch_datetime_operator.py for tasks to queue
[2024-12-18T20:32:31.605+0000] {logging_mixin.py:190} INFO - [2024-12-18T20:32:31.605+0000] {dagbag.py:588} INFO - Filling up the DagBag from /home/ubuntu/demo8/lib/python3.12/site-packages/airflow/example_dags/example_branch_datetime_operator.py
[2024-12-18T20:32:31.620+0000] {processor.py:925} INFO - DAG(s) 'example_branch_datetime_operator_2', 'example_branch_datetime_operator', 'example_branch_datetime_operator_3' retrieved from /home/ubuntu/demo8/lib/python3.12/site-packages/airflow/example_dags/example_branch_datetime_operator.py
[2024-12-18T20:32:31.643+0000] {logging_mixin.py:190} INFO - [2024-12-18T20:32:31.643+0000] {dag.py:3239} INFO - Sync 3 DAGs
[2024-12-18T20:32:31.667+0000] {logging_mixin.py:190} INFO - [2024-12-18T20:32:31.667+0000] {dag.py:4180} INFO - Setting next_dagrun for example_branch_datetime_operator to 2024-12-17 00:00:00+00:00, run_after=2024-12-18 00:00:00+00:00
[2024-12-18T20:32:31.672+0000] {logging_mixin.py:190} INFO - [2024-12-18T20:32:31.672+0000] {dag.py:4180} INFO - Setting next_dagrun for example_branch_datetime_operator_2 to 2024-12-17 00:00:00+00:00, run_after=2024-12-18 00:00:00+00:00
[2024-12-18T20:32:31.675+0000] {logging_mixin.py:190} INFO - [2024-12-18T20:32:31.674+0000] {dag.py:4180} INFO - Setting next_dagrun for example_branch_datetime_operator_3 to 2024-12-17 00:00:00+00:00, run_after=2024-12-18 00:00:00+00:00
[2024-12-18T20:32:31.698+0000] {processor.py:208} INFO - Processing /home/ubuntu/demo8/lib/python3.12/site-packages/airflow/example_dags/example_branch_datetime_operator.py took 0.103 seconds
[2024-12-18T20:33:54.494+0000] {processor.py:186} INFO - Started process (PID=3545) to work on /home/ubuntu/demo8/lib/python3.12/site-packages/airflow/example_dags/example_branch_datetime_operator.py
[2024-12-18T20:33:54.496+0000] {processor.py:914} INFO - Processing file /home/ubuntu/demo8/lib/python3.12/site-packages/airflow/example_dags/example_branch_datetime_operator.py for tasks to queue
[2024-12-18T20:33:54.498+0000] {logging_mixin.py:190} INFO - [2024-12-18T20:33:54.497+0000] {dagbag.py:588} INFO - Filling up the DagBag from /home/ubuntu/demo8/lib/python3.12/site-packages/airflow/example_dags/example_branch_datetime_operator.py
[2024-12-18T20:33:54.512+0000] {processor.py:925} INFO - DAG(s) 'example_branch_datetime_operator_3', 'example_branch_datetime_operator_2', 'example_branch_datetime_operator' retrieved from /home/ubuntu/demo8/lib/python3.12/site-packages/airflow/example_dags/example_branch_datetime_operator.py
[2024-12-18T20:33:54.535+0000] {logging_mixin.py:190} INFO - [2024-12-18T20:33:54.534+0000] {dag.py:3239} INFO - Sync 3 DAGs
[2024-12-18T20:33:54.674+0000] {logging_mixin.py:190} INFO - [2024-12-18T20:33:54.674+0000] {dag.py:4180} INFO - Setting next_dagrun for example_branch_datetime_operator to 2024-12-17 00:00:00+00:00, run_after=2024-12-18 00:00:00+00:00
[2024-12-18T20:33:54.679+0000] {logging_mixin.py:190} INFO - [2024-12-18T20:33:54.679+0000] {dag.py:4180} INFO - Setting next_dagrun for example_branch_datetime_operator_2 to 2024-12-17 00:00:00+00:00, run_after=2024-12-18 00:00:00+00:00
[2024-12-18T20:33:54.682+0000] {logging_mixin.py:190} INFO - [2024-12-18T20:33:54.681+0000] {dag.py:4180} INFO - Setting next_dagrun for example_branch_datetime_operator_3 to 2024-12-17 00:00:00+00:00, run_after=2024-12-18 00:00:00+00:00
[2024-12-18T20:33:54.702+0000] {processor.py:208} INFO - Processing /home/ubuntu/demo8/lib/python3.12/site-packages/airflow/example_dags/example_branch_datetime_operator.py took 0.214 seconds
[2024-12-18T20:35:03.448+0000] {processor.py:186} INFO - Started process (PID=3735) to work on /home/ubuntu/demo8/lib/python3.12/site-packages/airflow/example_dags/example_branch_datetime_operator.py
[2024-12-18T20:35:03.449+0000] {processor.py:914} INFO - Processing file /home/ubuntu/demo8/lib/python3.12/site-packages/airflow/example_dags/example_branch_datetime_operator.py for tasks to queue
[2024-12-18T20:35:03.452+0000] {logging_mixin.py:190} INFO - [2024-12-18T20:35:03.452+0000] {dagbag.py:588} INFO - Filling up the DagBag from /home/ubuntu/demo8/lib/python3.12/site-packages/airflow/example_dags/example_branch_datetime_operator.py
[2024-12-18T20:35:03.466+0000] {processor.py:925} INFO - DAG(s) 'example_branch_datetime_operator_3', 'example_branch_datetime_operator', 'example_branch_datetime_operator_2' retrieved from /home/ubuntu/demo8/lib/python3.12/site-packages/airflow/example_dags/example_branch_datetime_operator.py
[2024-12-18T20:35:03.489+0000] {logging_mixin.py:190} INFO - [2024-12-18T20:35:03.489+0000] {dag.py:3239} INFO - Sync 3 DAGs
[2024-12-18T20:35:03.514+0000] {logging_mixin.py:190} INFO - [2024-12-18T20:35:03.514+0000] {dag.py:4180} INFO - Setting next_dagrun for example_branch_datetime_operator to 2024-12-17 00:00:00+00:00, run_after=2024-12-18 00:00:00+00:00
[2024-12-18T20:35:03.519+0000] {logging_mixin.py:190} INFO - [2024-12-18T20:35:03.519+0000] {dag.py:4180} INFO - Setting next_dagrun for example_branch_datetime_operator_2 to 2024-12-17 00:00:00+00:00, run_after=2024-12-18 00:00:00+00:00
[2024-12-18T20:35:03.522+0000] {logging_mixin.py:190} INFO - [2024-12-18T20:35:03.522+0000] {dag.py:4180} INFO - Setting next_dagrun for example_branch_datetime_operator_3 to 2024-12-17 00:00:00+00:00, run_after=2024-12-18 00:00:00+00:00
[2024-12-18T20:35:03.543+0000] {processor.py:208} INFO - Processing /home/ubuntu/demo8/lib/python3.12/site-packages/airflow/example_dags/example_branch_datetime_operator.py took 0.102 seconds
[2024-12-18T20:36:29.878+0000] {processor.py:186} INFO - Started process (PID=3945) to work on /home/ubuntu/demo8/lib/python3.12/site-packages/airflow/example_dags/example_branch_datetime_operator.py
[2024-12-18T20:36:29.880+0000] {processor.py:914} INFO - Processing file /home/ubuntu/demo8/lib/python3.12/site-packages/airflow/example_dags/example_branch_datetime_operator.py for tasks to queue
[2024-12-18T20:36:29.882+0000] {logging_mixin.py:190} INFO - [2024-12-18T20:36:29.882+0000] {dagbag.py:588} INFO - Filling up the DagBag from /home/ubuntu/demo8/lib/python3.12/site-packages/airflow/example_dags/example_branch_datetime_operator.py
[2024-12-18T20:36:29.896+0000] {processor.py:925} INFO - DAG(s) 'example_branch_datetime_operator_2', 'example_branch_datetime_operator', 'example_branch_datetime_operator_3' retrieved from /home/ubuntu/demo8/lib/python3.12/site-packages/airflow/example_dags/example_branch_datetime_operator.py
[2024-12-18T20:36:29.919+0000] {logging_mixin.py:190} INFO - [2024-12-18T20:36:29.919+0000] {dag.py:3239} INFO - Sync 3 DAGs
[2024-12-18T20:36:29.945+0000] {logging_mixin.py:190} INFO - [2024-12-18T20:36:29.944+0000] {dag.py:4180} INFO - Setting next_dagrun for example_branch_datetime_operator to 2024-12-17 00:00:00+00:00, run_after=2024-12-18 00:00:00+00:00
[2024-12-18T20:36:29.950+0000] {logging_mixin.py:190} INFO - [2024-12-18T20:36:29.949+0000] {dag.py:4180} INFO - Setting next_dagrun for example_branch_datetime_operator_2 to 2024-12-17 00:00:00+00:00, run_after=2024-12-18 00:00:00+00:00
[2024-12-18T20:36:29.952+0000] {logging_mixin.py:190} INFO - [2024-12-18T20:36:29.952+0000] {dag.py:4180} INFO - Setting next_dagrun for example_branch_datetime_operator_3 to 2024-12-17 00:00:00+00:00, run_after=2024-12-18 00:00:00+00:00
[2024-12-18T20:36:29.973+0000] {processor.py:208} INFO - Processing /home/ubuntu/demo8/lib/python3.12/site-packages/airflow/example_dags/example_branch_datetime_operator.py took 0.101 seconds
[2024-12-18T20:37:25.950+0000] {processor.py:186} INFO - Started process (PID=4065) to work on /home/ubuntu/demo8/lib/python3.12/site-packages/airflow/example_dags/example_branch_datetime_operator.py
[2024-12-18T20:37:25.951+0000] {processor.py:914} INFO - Processing file /home/ubuntu/demo8/lib/python3.12/site-packages/airflow/example_dags/example_branch_datetime_operator.py for tasks to queue
[2024-12-18T20:37:25.954+0000] {logging_mixin.py:190} INFO - [2024-12-18T20:37:25.954+0000] {dagbag.py:588} INFO - Filling up the DagBag from /home/ubuntu/demo8/lib/python3.12/site-packages/airflow/example_dags/example_branch_datetime_operator.py
[2024-12-18T20:37:25.968+0000] {processor.py:925} INFO - DAG(s) 'example_branch_datetime_operator', 'example_branch_datetime_operator_2', 'example_branch_datetime_operator_3' retrieved from /home/ubuntu/demo8/lib/python3.12/site-packages/airflow/example_dags/example_branch_datetime_operator.py
[2024-12-18T20:37:25.992+0000] {logging_mixin.py:190} INFO - [2024-12-18T20:37:25.991+0000] {dag.py:3239} INFO - Sync 3 DAGs
[2024-12-18T20:37:26.018+0000] {logging_mixin.py:190} INFO - [2024-12-18T20:37:26.017+0000] {dag.py:4180} INFO - Setting next_dagrun for example_branch_datetime_operator to 2024-12-17 00:00:00+00:00, run_after=2024-12-18 00:00:00+00:00
[2024-12-18T20:37:26.023+0000] {logging_mixin.py:190} INFO - [2024-12-18T20:37:26.023+0000] {dag.py:4180} INFO - Setting next_dagrun for example_branch_datetime_operator_2 to 2024-12-17 00:00:00+00:00, run_after=2024-12-18 00:00:00+00:00
[2024-12-18T20:37:26.025+0000] {logging_mixin.py:190} INFO - [2024-12-18T20:37:26.025+0000] {dag.py:4180} INFO - Setting next_dagrun for example_branch_datetime_operator_3 to 2024-12-17 00:00:00+00:00, run_after=2024-12-18 00:00:00+00:00
[2024-12-18T20:37:26.047+0000] {processor.py:208} INFO - Processing /home/ubuntu/demo8/lib/python3.12/site-packages/airflow/example_dags/example_branch_datetime_operator.py took 0.103 seconds
[2024-12-18T20:38:48.621+0000] {processor.py:186} INFO - Started process (PID=4209) to work on /home/ubuntu/demo8/lib/python3.12/site-packages/airflow/example_dags/example_branch_datetime_operator.py
[2024-12-18T20:38:48.622+0000] {processor.py:914} INFO - Processing file /home/ubuntu/demo8/lib/python3.12/site-packages/airflow/example_dags/example_branch_datetime_operator.py for tasks to queue
[2024-12-18T20:38:48.625+0000] {logging_mixin.py:190} INFO - [2024-12-18T20:38:48.624+0000] {dagbag.py:588} INFO - Filling up the DagBag from /home/ubuntu/demo8/lib/python3.12/site-packages/airflow/example_dags/example_branch_datetime_operator.py
[2024-12-18T20:38:48.639+0000] {processor.py:925} INFO - DAG(s) 'example_branch_datetime_operator_2', 'example_branch_datetime_operator_3', 'example_branch_datetime_operator' retrieved from /home/ubuntu/demo8/lib/python3.12/site-packages/airflow/example_dags/example_branch_datetime_operator.py
[2024-12-18T20:38:48.661+0000] {logging_mixin.py:190} INFO - [2024-12-18T20:38:48.661+0000] {dag.py:3239} INFO - Sync 3 DAGs
[2024-12-18T20:38:48.685+0000] {logging_mixin.py:190} INFO - [2024-12-18T20:38:48.685+0000] {dag.py:4180} INFO - Setting next_dagrun for example_branch_datetime_operator to 2024-12-17 00:00:00+00:00, run_after=2024-12-18 00:00:00+00:00
[2024-12-18T20:38:48.690+0000] {logging_mixin.py:190} INFO - [2024-12-18T20:38:48.690+0000] {dag.py:4180} INFO - Setting next_dagrun for example_branch_datetime_operator_2 to 2024-12-17 00:00:00+00:00, run_after=2024-12-18 00:00:00+00:00
[2024-12-18T20:38:48.693+0000] {logging_mixin.py:190} INFO - [2024-12-18T20:38:48.693+0000] {dag.py:4180} INFO - Setting next_dagrun for example_branch_datetime_operator_3 to 2024-12-17 00:00:00+00:00, run_after=2024-12-18 00:00:00+00:00
[2024-12-18T20:38:48.714+0000] {processor.py:208} INFO - Processing /home/ubuntu/demo8/lib/python3.12/site-packages/airflow/example_dags/example_branch_datetime_operator.py took 0.100 seconds
[2024-12-18T20:40:12.825+0000] {processor.py:186} INFO - Started process (PID=4434) to work on /home/ubuntu/demo8/lib/python3.12/site-packages/airflow/example_dags/example_branch_datetime_operator.py
[2024-12-18T20:40:12.826+0000] {processor.py:914} INFO - Processing file /home/ubuntu/demo8/lib/python3.12/site-packages/airflow/example_dags/example_branch_datetime_operator.py for tasks to queue
[2024-12-18T20:40:12.829+0000] {logging_mixin.py:190} INFO - [2024-12-18T20:40:12.828+0000] {dagbag.py:588} INFO - Filling up the DagBag from /home/ubuntu/demo8/lib/python3.12/site-packages/airflow/example_dags/example_branch_datetime_operator.py
[2024-12-18T20:40:12.844+0000] {processor.py:925} INFO - DAG(s) 'example_branch_datetime_operator', 'example_branch_datetime_operator_2', 'example_branch_datetime_operator_3' retrieved from /home/ubuntu/demo8/lib/python3.12/site-packages/airflow/example_dags/example_branch_datetime_operator.py
[2024-12-18T20:40:12.866+0000] {logging_mixin.py:190} INFO - [2024-12-18T20:40:12.866+0000] {dag.py:3239} INFO - Sync 3 DAGs
[2024-12-18T20:40:12.891+0000] {logging_mixin.py:190} INFO - [2024-12-18T20:40:12.890+0000] {dag.py:4180} INFO - Setting next_dagrun for example_branch_datetime_operator to 2024-12-17 00:00:00+00:00, run_after=2024-12-18 00:00:00+00:00
[2024-12-18T20:40:12.896+0000] {logging_mixin.py:190} INFO - [2024-12-18T20:40:12.895+0000] {dag.py:4180} INFO - Setting next_dagrun for example_branch_datetime_operator_2 to 2024-12-17 00:00:00+00:00, run_after=2024-12-18 00:00:00+00:00
[2024-12-18T20:40:12.898+0000] {logging_mixin.py:190} INFO - [2024-12-18T20:40:12.898+0000] {dag.py:4180} INFO - Setting next_dagrun for example_branch_datetime_operator_3 to 2024-12-17 00:00:00+00:00, run_after=2024-12-18 00:00:00+00:00
[2024-12-18T20:40:12.919+0000] {processor.py:208} INFO - Processing /home/ubuntu/demo8/lib/python3.12/site-packages/airflow/example_dags/example_branch_datetime_operator.py took 0.101 seconds
[2024-12-18T20:41:35.089+0000] {processor.py:186} INFO - Started process (PID=4641) to work on /home/ubuntu/demo8/lib/python3.12/site-packages/airflow/example_dags/example_branch_datetime_operator.py
[2024-12-18T20:41:35.091+0000] {processor.py:914} INFO - Processing file /home/ubuntu/demo8/lib/python3.12/site-packages/airflow/example_dags/example_branch_datetime_operator.py for tasks to queue
[2024-12-18T20:41:35.093+0000] {logging_mixin.py:190} INFO - [2024-12-18T20:41:35.093+0000] {dagbag.py:588} INFO - Filling up the DagBag from /home/ubuntu/demo8/lib/python3.12/site-packages/airflow/example_dags/example_branch_datetime_operator.py
[2024-12-18T20:41:35.107+0000] {processor.py:925} INFO - DAG(s) 'example_branch_datetime_operator', 'example_branch_datetime_operator_2', 'example_branch_datetime_operator_3' retrieved from /home/ubuntu/demo8/lib/python3.12/site-packages/airflow/example_dags/example_branch_datetime_operator.py
[2024-12-18T20:41:35.131+0000] {logging_mixin.py:190} INFO - [2024-12-18T20:41:35.130+0000] {dag.py:3239} INFO - Sync 3 DAGs
[2024-12-18T20:41:35.156+0000] {logging_mixin.py:190} INFO - [2024-12-18T20:41:35.156+0000] {dag.py:4180} INFO - Setting next_dagrun for example_branch_datetime_operator to 2024-12-17 00:00:00+00:00, run_after=2024-12-18 00:00:00+00:00
[2024-12-18T20:41:35.162+0000] {logging_mixin.py:190} INFO - [2024-12-18T20:41:35.161+0000] {dag.py:4180} INFO - Setting next_dagrun for example_branch_datetime_operator_2 to 2024-12-17 00:00:00+00:00, run_after=2024-12-18 00:00:00+00:00
[2024-12-18T20:41:35.164+0000] {logging_mixin.py:190} INFO - [2024-12-18T20:41:35.164+0000] {dag.py:4180} INFO - Setting next_dagrun for example_branch_datetime_operator_3 to 2024-12-17 00:00:00+00:00, run_after=2024-12-18 00:00:00+00:00
[2024-12-18T20:41:35.186+0000] {processor.py:208} INFO - Processing /home/ubuntu/demo8/lib/python3.12/site-packages/airflow/example_dags/example_branch_datetime_operator.py took 0.103 seconds
[2024-12-18T20:42:55.574+0000] {processor.py:186} INFO - Started process (PID=4784) to work on /home/ubuntu/demo8/lib/python3.12/site-packages/airflow/example_dags/example_branch_datetime_operator.py
[2024-12-18T20:42:55.575+0000] {processor.py:914} INFO - Processing file /home/ubuntu/demo8/lib/python3.12/site-packages/airflow/example_dags/example_branch_datetime_operator.py for tasks to queue
[2024-12-18T20:42:55.578+0000] {logging_mixin.py:190} INFO - [2024-12-18T20:42:55.577+0000] {dagbag.py:588} INFO - Filling up the DagBag from /home/ubuntu/demo8/lib/python3.12/site-packages/airflow/example_dags/example_branch_datetime_operator.py
[2024-12-18T20:42:55.592+0000] {processor.py:925} INFO - DAG(s) 'example_branch_datetime_operator_2', 'example_branch_datetime_operator', 'example_branch_datetime_operator_3' retrieved from /home/ubuntu/demo8/lib/python3.12/site-packages/airflow/example_dags/example_branch_datetime_operator.py
[2024-12-18T20:42:55.616+0000] {logging_mixin.py:190} INFO - [2024-12-18T20:42:55.616+0000] {dag.py:3239} INFO - Sync 3 DAGs
[2024-12-18T20:42:55.642+0000] {logging_mixin.py:190} INFO - [2024-12-18T20:42:55.642+0000] {dag.py:4180} INFO - Setting next_dagrun for example_branch_datetime_operator to 2024-12-17 00:00:00+00:00, run_after=2024-12-18 00:00:00+00:00
[2024-12-18T20:42:55.649+0000] {logging_mixin.py:190} INFO - [2024-12-18T20:42:55.649+0000] {dag.py:4180} INFO - Setting next_dagrun for example_branch_datetime_operator_2 to 2024-12-17 00:00:00+00:00, run_after=2024-12-18 00:00:00+00:00
[2024-12-18T20:42:55.652+0000] {logging_mixin.py:190} INFO - [2024-12-18T20:42:55.651+0000] {dag.py:4180} INFO - Setting next_dagrun for example_branch_datetime_operator_3 to 2024-12-17 00:00:00+00:00, run_after=2024-12-18 00:00:00+00:00
[2024-12-18T20:42:55.674+0000] {processor.py:208} INFO - Processing /home/ubuntu/demo8/lib/python3.12/site-packages/airflow/example_dags/example_branch_datetime_operator.py took 0.107 seconds
[2024-12-18T20:44:15.729+0000] {processor.py:186} INFO - Started process (PID=4926) to work on /home/ubuntu/demo8/lib/python3.12/site-packages/airflow/example_dags/example_branch_datetime_operator.py
[2024-12-18T20:44:15.731+0000] {processor.py:914} INFO - Processing file /home/ubuntu/demo8/lib/python3.12/site-packages/airflow/example_dags/example_branch_datetime_operator.py for tasks to queue
[2024-12-18T20:44:15.733+0000] {logging_mixin.py:190} INFO - [2024-12-18T20:44:15.733+0000] {dagbag.py:588} INFO - Filling up the DagBag from /home/ubuntu/demo8/lib/python3.12/site-packages/airflow/example_dags/example_branch_datetime_operator.py
[2024-12-18T20:44:15.748+0000] {processor.py:925} INFO - DAG(s) 'example_branch_datetime_operator_2', 'example_branch_datetime_operator_3', 'example_branch_datetime_operator' retrieved from /home/ubuntu/demo8/lib/python3.12/site-packages/airflow/example_dags/example_branch_datetime_operator.py
[2024-12-18T20:44:15.771+0000] {logging_mixin.py:190} INFO - [2024-12-18T20:44:15.770+0000] {dag.py:3239} INFO - Sync 3 DAGs
[2024-12-18T20:44:15.797+0000] {logging_mixin.py:190} INFO - [2024-12-18T20:44:15.797+0000] {dag.py:4180} INFO - Setting next_dagrun for example_branch_datetime_operator to 2024-12-17 00:00:00+00:00, run_after=2024-12-18 00:00:00+00:00
[2024-12-18T20:44:15.809+0000] {logging_mixin.py:190} INFO - [2024-12-18T20:44:15.809+0000] {dag.py:4180} INFO - Setting next_dagrun for example_branch_datetime_operator_2 to 2024-12-17 00:00:00+00:00, run_after=2024-12-18 00:00:00+00:00
[2024-12-18T20:44:15.814+0000] {logging_mixin.py:190} INFO - [2024-12-18T20:44:15.813+0000] {dag.py:4180} INFO - Setting next_dagrun for example_branch_datetime_operator_3 to 2024-12-17 00:00:00+00:00, run_after=2024-12-18 00:00:00+00:00
[2024-12-18T20:44:15.834+0000] {processor.py:208} INFO - Processing /home/ubuntu/demo8/lib/python3.12/site-packages/airflow/example_dags/example_branch_datetime_operator.py took 0.111 seconds
[2024-12-18T20:45:37.315+0000] {processor.py:186} INFO - Started process (PID=5198) to work on /home/ubuntu/demo8/lib/python3.12/site-packages/airflow/example_dags/example_branch_datetime_operator.py
[2024-12-18T20:45:37.317+0000] {processor.py:914} INFO - Processing file /home/ubuntu/demo8/lib/python3.12/site-packages/airflow/example_dags/example_branch_datetime_operator.py for tasks to queue
[2024-12-18T20:45:37.320+0000] {logging_mixin.py:190} INFO - [2024-12-18T20:45:37.319+0000] {dagbag.py:588} INFO - Filling up the DagBag from /home/ubuntu/demo8/lib/python3.12/site-packages/airflow/example_dags/example_branch_datetime_operator.py
[2024-12-18T20:45:37.334+0000] {processor.py:925} INFO - DAG(s) 'example_branch_datetime_operator_2', 'example_branch_datetime_operator_3', 'example_branch_datetime_operator' retrieved from /home/ubuntu/demo8/lib/python3.12/site-packages/airflow/example_dags/example_branch_datetime_operator.py
[2024-12-18T20:45:37.357+0000] {logging_mixin.py:190} INFO - [2024-12-18T20:45:37.357+0000] {dag.py:3239} INFO - Sync 3 DAGs
[2024-12-18T20:45:37.380+0000] {logging_mixin.py:190} INFO - [2024-12-18T20:45:37.380+0000] {dag.py:4180} INFO - Setting next_dagrun for example_branch_datetime_operator to 2024-12-17 00:00:00+00:00, run_after=2024-12-18 00:00:00+00:00
[2024-12-18T20:45:37.386+0000] {logging_mixin.py:190} INFO - [2024-12-18T20:45:37.385+0000] {dag.py:4180} INFO - Setting next_dagrun for example_branch_datetime_operator_2 to 2024-12-17 00:00:00+00:00, run_after=2024-12-18 00:00:00+00:00
[2024-12-18T20:45:37.388+0000] {logging_mixin.py:190} INFO - [2024-12-18T20:45:37.388+0000] {dag.py:4180} INFO - Setting next_dagrun for example_branch_datetime_operator_3 to 2024-12-17 00:00:00+00:00, run_after=2024-12-18 00:00:00+00:00
[2024-12-18T20:45:37.411+0000] {processor.py:208} INFO - Processing /home/ubuntu/demo8/lib/python3.12/site-packages/airflow/example_dags/example_branch_datetime_operator.py took 0.102 seconds
[2024-12-18T20:47:50.729+0000] {processor.py:186} INFO - Started process (PID=5859) to work on /home/ubuntu/demo8/lib/python3.12/site-packages/airflow/example_dags/example_branch_datetime_operator.py
[2024-12-18T20:47:50.731+0000] {processor.py:914} INFO - Processing file /home/ubuntu/demo8/lib/python3.12/site-packages/airflow/example_dags/example_branch_datetime_operator.py for tasks to queue
[2024-12-18T20:47:50.733+0000] {logging_mixin.py:190} INFO - [2024-12-18T20:47:50.733+0000] {dagbag.py:588} INFO - Filling up the DagBag from /home/ubuntu/demo8/lib/python3.12/site-packages/airflow/example_dags/example_branch_datetime_operator.py
[2024-12-18T20:47:50.747+0000] {processor.py:925} INFO - DAG(s) 'example_branch_datetime_operator_2', 'example_branch_datetime_operator_3', 'example_branch_datetime_operator' retrieved from /home/ubuntu/demo8/lib/python3.12/site-packages/airflow/example_dags/example_branch_datetime_operator.py
[2024-12-18T20:47:50.771+0000] {logging_mixin.py:190} INFO - [2024-12-18T20:47:50.771+0000] {dag.py:3239} INFO - Sync 3 DAGs
[2024-12-18T20:47:50.796+0000] {logging_mixin.py:190} INFO - [2024-12-18T20:47:50.796+0000] {dag.py:4180} INFO - Setting next_dagrun for example_branch_datetime_operator to 2024-12-17 00:00:00+00:00, run_after=2024-12-18 00:00:00+00:00
[2024-12-18T20:47:50.802+0000] {logging_mixin.py:190} INFO - [2024-12-18T20:47:50.801+0000] {dag.py:4180} INFO - Setting next_dagrun for example_branch_datetime_operator_2 to 2024-12-17 00:00:00+00:00, run_after=2024-12-18 00:00:00+00:00
[2024-12-18T20:47:50.804+0000] {logging_mixin.py:190} INFO - [2024-12-18T20:47:50.804+0000] {dag.py:4180} INFO - Setting next_dagrun for example_branch_datetime_operator_3 to 2024-12-17 00:00:00+00:00, run_after=2024-12-18 00:00:00+00:00
[2024-12-18T20:47:50.827+0000] {processor.py:208} INFO - Processing /home/ubuntu/demo8/lib/python3.12/site-packages/airflow/example_dags/example_branch_datetime_operator.py took 0.104 seconds
[2024-12-18T20:48:48.998+0000] {processor.py:186} INFO - Started process (PID=6281) to work on /home/ubuntu/demo8/lib/python3.12/site-packages/airflow/example_dags/example_branch_datetime_operator.py
[2024-12-18T20:48:49.000+0000] {processor.py:914} INFO - Processing file /home/ubuntu/demo8/lib/python3.12/site-packages/airflow/example_dags/example_branch_datetime_operator.py for tasks to queue
[2024-12-18T20:48:49.002+0000] {logging_mixin.py:190} INFO - [2024-12-18T20:48:49.002+0000] {dagbag.py:588} INFO - Filling up the DagBag from /home/ubuntu/demo8/lib/python3.12/site-packages/airflow/example_dags/example_branch_datetime_operator.py
[2024-12-18T20:48:49.017+0000] {processor.py:925} INFO - DAG(s) 'example_branch_datetime_operator', 'example_branch_datetime_operator_3', 'example_branch_datetime_operator_2' retrieved from /home/ubuntu/demo8/lib/python3.12/site-packages/airflow/example_dags/example_branch_datetime_operator.py
[2024-12-18T20:48:49.040+0000] {logging_mixin.py:190} INFO - [2024-12-18T20:48:49.040+0000] {dag.py:3239} INFO - Sync 3 DAGs
[2024-12-18T20:48:49.074+0000] {logging_mixin.py:190} INFO - [2024-12-18T20:48:49.074+0000] {dag.py:4180} INFO - Setting next_dagrun for example_branch_datetime_operator to 2024-12-17 00:00:00+00:00, run_after=2024-12-18 00:00:00+00:00
[2024-12-18T20:48:49.079+0000] {logging_mixin.py:190} INFO - [2024-12-18T20:48:49.079+0000] {dag.py:4180} INFO - Setting next_dagrun for example_branch_datetime_operator_2 to 2024-12-17 00:00:00+00:00, run_after=2024-12-18 00:00:00+00:00
[2024-12-18T20:48:49.082+0000] {logging_mixin.py:190} INFO - [2024-12-18T20:48:49.081+0000] {dag.py:4180} INFO - Setting next_dagrun for example_branch_datetime_operator_3 to 2024-12-17 00:00:00+00:00, run_after=2024-12-18 00:00:00+00:00
[2024-12-18T20:48:49.104+0000] {processor.py:208} INFO - Processing /home/ubuntu/demo8/lib/python3.12/site-packages/airflow/example_dags/example_branch_datetime_operator.py took 0.112 seconds
[2024-12-18T20:50:10.663+0000] {processor.py:186} INFO - Started process (PID=6668) to work on /home/ubuntu/demo8/lib/python3.12/site-packages/airflow/example_dags/example_branch_datetime_operator.py
[2024-12-18T20:50:10.665+0000] {processor.py:914} INFO - Processing file /home/ubuntu/demo8/lib/python3.12/site-packages/airflow/example_dags/example_branch_datetime_operator.py for tasks to queue
[2024-12-18T20:50:10.667+0000] {logging_mixin.py:190} INFO - [2024-12-18T20:50:10.667+0000] {dagbag.py:588} INFO - Filling up the DagBag from /home/ubuntu/demo8/lib/python3.12/site-packages/airflow/example_dags/example_branch_datetime_operator.py
[2024-12-18T20:50:10.681+0000] {processor.py:925} INFO - DAG(s) 'example_branch_datetime_operator_2', 'example_branch_datetime_operator_3', 'example_branch_datetime_operator' retrieved from /home/ubuntu/demo8/lib/python3.12/site-packages/airflow/example_dags/example_branch_datetime_operator.py
[2024-12-18T20:50:10.704+0000] {logging_mixin.py:190} INFO - [2024-12-18T20:50:10.704+0000] {dag.py:3239} INFO - Sync 3 DAGs
[2024-12-18T20:50:10.728+0000] {logging_mixin.py:190} INFO - [2024-12-18T20:50:10.728+0000] {dag.py:4180} INFO - Setting next_dagrun for example_branch_datetime_operator to 2024-12-17 00:00:00+00:00, run_after=2024-12-18 00:00:00+00:00
[2024-12-18T20:50:10.734+0000] {logging_mixin.py:190} INFO - [2024-12-18T20:50:10.734+0000] {dag.py:4180} INFO - Setting next_dagrun for example_branch_datetime_operator_2 to 2024-12-17 00:00:00+00:00, run_after=2024-12-18 00:00:00+00:00
[2024-12-18T20:50:10.737+0000] {logging_mixin.py:190} INFO - [2024-12-18T20:50:10.737+0000] {dag.py:4180} INFO - Setting next_dagrun for example_branch_datetime_operator_3 to 2024-12-17 00:00:00+00:00, run_after=2024-12-18 00:00:00+00:00
[2024-12-18T20:50:10.759+0000] {processor.py:208} INFO - Processing /home/ubuntu/demo8/lib/python3.12/site-packages/airflow/example_dags/example_branch_datetime_operator.py took 0.102 seconds
[2024-12-18T20:51:06.096+0000] {processor.py:186} INFO - Started process (PID=6952) to work on /home/ubuntu/demo8/lib/python3.12/site-packages/airflow/example_dags/example_branch_datetime_operator.py
[2024-12-18T20:51:06.097+0000] {processor.py:914} INFO - Processing file /home/ubuntu/demo8/lib/python3.12/site-packages/airflow/example_dags/example_branch_datetime_operator.py for tasks to queue
[2024-12-18T20:51:06.100+0000] {logging_mixin.py:190} INFO - [2024-12-18T20:51:06.100+0000] {dagbag.py:588} INFO - Filling up the DagBag from /home/ubuntu/demo8/lib/python3.12/site-packages/airflow/example_dags/example_branch_datetime_operator.py
[2024-12-18T20:51:06.114+0000] {processor.py:925} INFO - DAG(s) 'example_branch_datetime_operator_3', 'example_branch_datetime_operator_2', 'example_branch_datetime_operator' retrieved from /home/ubuntu/demo8/lib/python3.12/site-packages/airflow/example_dags/example_branch_datetime_operator.py
[2024-12-18T20:51:06.137+0000] {logging_mixin.py:190} INFO - [2024-12-18T20:51:06.137+0000] {dag.py:3239} INFO - Sync 3 DAGs
[2024-12-18T20:51:06.161+0000] {logging_mixin.py:190} INFO - [2024-12-18T20:51:06.161+0000] {dag.py:4180} INFO - Setting next_dagrun for example_branch_datetime_operator to 2024-12-17 00:00:00+00:00, run_after=2024-12-18 00:00:00+00:00
[2024-12-18T20:51:06.166+0000] {logging_mixin.py:190} INFO - [2024-12-18T20:51:06.166+0000] {dag.py:4180} INFO - Setting next_dagrun for example_branch_datetime_operator_2 to 2024-12-17 00:00:00+00:00, run_after=2024-12-18 00:00:00+00:00
[2024-12-18T20:51:06.169+0000] {logging_mixin.py:190} INFO - [2024-12-18T20:51:06.168+0000] {dag.py:4180} INFO - Setting next_dagrun for example_branch_datetime_operator_3 to 2024-12-17 00:00:00+00:00, run_after=2024-12-18 00:00:00+00:00
[2024-12-18T20:51:06.197+0000] {processor.py:208} INFO - Processing /home/ubuntu/demo8/lib/python3.12/site-packages/airflow/example_dags/example_branch_datetime_operator.py took 0.107 seconds
