[2024-12-18T15:44:22.632+0000] {processor.py:186} INFO - Started process (PID=3649) to work on /home/ubuntu/demo8/lib/python3.12/site-packages/airflow/example_dags/example_task_group_decorator.py
[2024-12-18T15:44:22.633+0000] {processor.py:914} INFO - Processing file /home/ubuntu/demo8/lib/python3.12/site-packages/airflow/example_dags/example_task_group_decorator.py for tasks to queue
[2024-12-18T15:44:22.636+0000] {logging_mixin.py:190} INFO - [2024-12-18T15:44:22.635+0000] {dagbag.py:588} INFO - Filling up the DagBag from /home/ubuntu/demo8/lib/python3.12/site-packages/airflow/example_dags/example_task_group_decorator.py
[2024-12-18T15:44:22.654+0000] {processor.py:925} INFO - DAG(s) 'example_task_group_decorator' retrieved from /home/ubuntu/demo8/lib/python3.12/site-packages/airflow/example_dags/example_task_group_decorator.py
[2024-12-18T15:44:22.813+0000] {logging_mixin.py:190} INFO - [2024-12-18T15:44:22.812+0000] {override.py:1911} INFO - Created Permission View: can read on DAG:example_task_group_decorator
[2024-12-18T15:44:22.826+0000] {logging_mixin.py:190} INFO - [2024-12-18T15:44:22.826+0000] {override.py:1911} INFO - Created Permission View: can delete on DAG:example_task_group_decorator
[2024-12-18T15:44:22.835+0000] {logging_mixin.py:190} INFO - [2024-12-18T15:44:22.835+0000] {override.py:1911} INFO - Created Permission View: can edit on DAG:example_task_group_decorator
[2024-12-18T15:44:22.850+0000] {logging_mixin.py:190} INFO - [2024-12-18T15:44:22.849+0000] {override.py:1911} INFO - Created Permission View: can create on DAG Run:example_task_group_decorator
[2024-12-18T15:44:22.859+0000] {logging_mixin.py:190} INFO - [2024-12-18T15:44:22.859+0000] {override.py:1911} INFO - Created Permission View: can read on DAG Run:example_task_group_decorator
[2024-12-18T15:44:22.869+0000] {logging_mixin.py:190} INFO - [2024-12-18T15:44:22.869+0000] {override.py:1911} INFO - Created Permission View: menu access on DAG Run:example_task_group_decorator
[2024-12-18T15:44:22.879+0000] {logging_mixin.py:190} INFO - [2024-12-18T15:44:22.878+0000] {override.py:1911} INFO - Created Permission View: can delete on DAG Run:example_task_group_decorator
[2024-12-18T15:44:22.879+0000] {logging_mixin.py:190} INFO - [2024-12-18T15:44:22.879+0000] {dag.py:3239} INFO - Sync 1 DAGs
[2024-12-18T15:44:22.894+0000] {logging_mixin.py:190} INFO - [2024-12-18T15:44:22.894+0000] {dag.py:3262} INFO - Creating ORM DAG for example_task_group_decorator
[2024-12-18T15:44:22.895+0000] {logging_mixin.py:190} INFO - [2024-12-18T15:44:22.894+0000] {dag.py:4180} INFO - Setting next_dagrun for example_task_group_decorator to None, run_after=None
[2024-12-18T15:44:22.916+0000] {processor.py:208} INFO - Processing /home/ubuntu/demo8/lib/python3.12/site-packages/airflow/example_dags/example_task_group_decorator.py took 0.289 seconds
[2024-12-18T15:45:31.070+0000] {processor.py:186} INFO - Started process (PID=3746) to work on /home/ubuntu/demo8/lib/python3.12/site-packages/airflow/example_dags/example_task_group_decorator.py
[2024-12-18T15:45:31.072+0000] {processor.py:914} INFO - Processing file /home/ubuntu/demo8/lib/python3.12/site-packages/airflow/example_dags/example_task_group_decorator.py for tasks to queue
[2024-12-18T15:45:31.074+0000] {logging_mixin.py:190} INFO - [2024-12-18T15:45:31.074+0000] {dagbag.py:588} INFO - Filling up the DagBag from /home/ubuntu/demo8/lib/python3.12/site-packages/airflow/example_dags/example_task_group_decorator.py
[2024-12-18T15:45:31.093+0000] {processor.py:925} INFO - DAG(s) 'example_task_group_decorator' retrieved from /home/ubuntu/demo8/lib/python3.12/site-packages/airflow/example_dags/example_task_group_decorator.py
[2024-12-18T15:45:31.116+0000] {logging_mixin.py:190} INFO - [2024-12-18T15:45:31.116+0000] {dag.py:3239} INFO - Sync 1 DAGs
[2024-12-18T15:45:31.130+0000] {logging_mixin.py:190} INFO - [2024-12-18T15:45:31.130+0000] {dag.py:4180} INFO - Setting next_dagrun for example_task_group_decorator to None, run_after=None
[2024-12-18T15:45:31.155+0000] {processor.py:208} INFO - Processing /home/ubuntu/demo8/lib/python3.12/site-packages/airflow/example_dags/example_task_group_decorator.py took 0.090 seconds
[2024-12-18T15:46:28.477+0000] {processor.py:186} INFO - Started process (PID=3807) to work on /home/ubuntu/demo8/lib/python3.12/site-packages/airflow/example_dags/example_task_group_decorator.py
[2024-12-18T15:46:28.479+0000] {processor.py:914} INFO - Processing file /home/ubuntu/demo8/lib/python3.12/site-packages/airflow/example_dags/example_task_group_decorator.py for tasks to queue
[2024-12-18T15:46:28.481+0000] {logging_mixin.py:190} INFO - [2024-12-18T15:46:28.481+0000] {dagbag.py:588} INFO - Filling up the DagBag from /home/ubuntu/demo8/lib/python3.12/site-packages/airflow/example_dags/example_task_group_decorator.py
[2024-12-18T15:46:28.500+0000] {processor.py:925} INFO - DAG(s) 'example_task_group_decorator' retrieved from /home/ubuntu/demo8/lib/python3.12/site-packages/airflow/example_dags/example_task_group_decorator.py
[2024-12-18T15:46:28.523+0000] {logging_mixin.py:190} INFO - [2024-12-18T15:46:28.523+0000] {dag.py:3239} INFO - Sync 1 DAGs
[2024-12-18T15:46:28.538+0000] {logging_mixin.py:190} INFO - [2024-12-18T15:46:28.537+0000] {dag.py:4180} INFO - Setting next_dagrun for example_task_group_decorator to None, run_after=None
[2024-12-18T15:46:28.561+0000] {processor.py:208} INFO - Processing /home/ubuntu/demo8/lib/python3.12/site-packages/airflow/example_dags/example_task_group_decorator.py took 0.090 seconds
[2024-12-18T15:47:23.482+0000] {processor.py:186} INFO - Started process (PID=4270) to work on /home/ubuntu/demo8/lib/python3.12/site-packages/airflow/example_dags/example_task_group_decorator.py
[2024-12-18T15:47:23.483+0000] {processor.py:914} INFO - Processing file /home/ubuntu/demo8/lib/python3.12/site-packages/airflow/example_dags/example_task_group_decorator.py for tasks to queue
[2024-12-18T15:47:23.489+0000] {logging_mixin.py:190} INFO - [2024-12-18T15:47:23.487+0000] {dagbag.py:588} INFO - Filling up the DagBag from /home/ubuntu/demo8/lib/python3.12/site-packages/airflow/example_dags/example_task_group_decorator.py
[2024-12-18T15:47:23.515+0000] {processor.py:925} INFO - DAG(s) 'example_task_group_decorator' retrieved from /home/ubuntu/demo8/lib/python3.12/site-packages/airflow/example_dags/example_task_group_decorator.py
[2024-12-18T15:47:23.538+0000] {logging_mixin.py:190} INFO - [2024-12-18T15:47:23.538+0000] {dag.py:3239} INFO - Sync 1 DAGs
[2024-12-18T15:47:23.552+0000] {logging_mixin.py:190} INFO - [2024-12-18T15:47:23.552+0000] {dag.py:4180} INFO - Setting next_dagrun for example_task_group_decorator to None, run_after=None
[2024-12-18T15:47:23.575+0000] {processor.py:208} INFO - Processing /home/ubuntu/demo8/lib/python3.12/site-packages/airflow/example_dags/example_task_group_decorator.py took 0.099 seconds
[2024-12-18T15:48:17.958+0000] {processor.py:186} INFO - Started process (PID=4326) to work on /home/ubuntu/demo8/lib/python3.12/site-packages/airflow/example_dags/example_task_group_decorator.py
[2024-12-18T15:48:17.959+0000] {processor.py:914} INFO - Processing file /home/ubuntu/demo8/lib/python3.12/site-packages/airflow/example_dags/example_task_group_decorator.py for tasks to queue
[2024-12-18T15:48:17.962+0000] {logging_mixin.py:190} INFO - [2024-12-18T15:48:17.961+0000] {dagbag.py:588} INFO - Filling up the DagBag from /home/ubuntu/demo8/lib/python3.12/site-packages/airflow/example_dags/example_task_group_decorator.py
[2024-12-18T15:48:17.979+0000] {processor.py:925} INFO - DAG(s) 'example_task_group_decorator' retrieved from /home/ubuntu/demo8/lib/python3.12/site-packages/airflow/example_dags/example_task_group_decorator.py
[2024-12-18T15:48:18.002+0000] {logging_mixin.py:190} INFO - [2024-12-18T15:48:18.002+0000] {dag.py:3239} INFO - Sync 1 DAGs
[2024-12-18T15:48:18.016+0000] {logging_mixin.py:190} INFO - [2024-12-18T15:48:18.015+0000] {dag.py:4180} INFO - Setting next_dagrun for example_task_group_decorator to None, run_after=None
[2024-12-18T15:48:18.038+0000] {processor.py:208} INFO - Processing /home/ubuntu/demo8/lib/python3.12/site-packages/airflow/example_dags/example_task_group_decorator.py took 0.086 seconds
[2024-12-18T15:49:12.416+0000] {processor.py:186} INFO - Started process (PID=4380) to work on /home/ubuntu/demo8/lib/python3.12/site-packages/airflow/example_dags/example_task_group_decorator.py
[2024-12-18T15:49:12.418+0000] {processor.py:914} INFO - Processing file /home/ubuntu/demo8/lib/python3.12/site-packages/airflow/example_dags/example_task_group_decorator.py for tasks to queue
[2024-12-18T15:49:12.420+0000] {logging_mixin.py:190} INFO - [2024-12-18T15:49:12.420+0000] {dagbag.py:588} INFO - Filling up the DagBag from /home/ubuntu/demo8/lib/python3.12/site-packages/airflow/example_dags/example_task_group_decorator.py
[2024-12-18T15:49:12.438+0000] {processor.py:925} INFO - DAG(s) 'example_task_group_decorator' retrieved from /home/ubuntu/demo8/lib/python3.12/site-packages/airflow/example_dags/example_task_group_decorator.py
[2024-12-18T15:49:12.584+0000] {logging_mixin.py:190} INFO - [2024-12-18T15:49:12.583+0000] {dag.py:3239} INFO - Sync 1 DAGs
[2024-12-18T15:49:12.595+0000] {logging_mixin.py:190} INFO - [2024-12-18T15:49:12.595+0000] {dag.py:4180} INFO - Setting next_dagrun for example_task_group_decorator to None, run_after=None
[2024-12-18T15:49:12.616+0000] {processor.py:208} INFO - Processing /home/ubuntu/demo8/lib/python3.12/site-packages/airflow/example_dags/example_task_group_decorator.py took 0.206 seconds
[2024-12-18T15:50:17.075+0000] {processor.py:186} INFO - Started process (PID=4442) to work on /home/ubuntu/demo8/lib/python3.12/site-packages/airflow/example_dags/example_task_group_decorator.py
[2024-12-18T15:50:17.077+0000] {processor.py:914} INFO - Processing file /home/ubuntu/demo8/lib/python3.12/site-packages/airflow/example_dags/example_task_group_decorator.py for tasks to queue
[2024-12-18T15:50:17.079+0000] {logging_mixin.py:190} INFO - [2024-12-18T15:50:17.079+0000] {dagbag.py:588} INFO - Filling up the DagBag from /home/ubuntu/demo8/lib/python3.12/site-packages/airflow/example_dags/example_task_group_decorator.py
[2024-12-18T15:50:17.098+0000] {processor.py:925} INFO - DAG(s) 'example_task_group_decorator' retrieved from /home/ubuntu/demo8/lib/python3.12/site-packages/airflow/example_dags/example_task_group_decorator.py
[2024-12-18T15:50:17.122+0000] {logging_mixin.py:190} INFO - [2024-12-18T15:50:17.121+0000] {dag.py:3239} INFO - Sync 1 DAGs
[2024-12-18T15:50:17.136+0000] {logging_mixin.py:190} INFO - [2024-12-18T15:50:17.135+0000] {dag.py:4180} INFO - Setting next_dagrun for example_task_group_decorator to None, run_after=None
[2024-12-18T15:50:17.158+0000] {processor.py:208} INFO - Processing /home/ubuntu/demo8/lib/python3.12/site-packages/airflow/example_dags/example_task_group_decorator.py took 0.088 seconds
[2024-12-18T15:51:11.913+0000] {processor.py:186} INFO - Started process (PID=4511) to work on /home/ubuntu/demo8/lib/python3.12/site-packages/airflow/example_dags/example_task_group_decorator.py
[2024-12-18T15:51:11.914+0000] {processor.py:914} INFO - Processing file /home/ubuntu/demo8/lib/python3.12/site-packages/airflow/example_dags/example_task_group_decorator.py for tasks to queue
[2024-12-18T15:51:11.917+0000] {logging_mixin.py:190} INFO - [2024-12-18T15:51:11.917+0000] {dagbag.py:588} INFO - Filling up the DagBag from /home/ubuntu/demo8/lib/python3.12/site-packages/airflow/example_dags/example_task_group_decorator.py
[2024-12-18T15:51:11.936+0000] {processor.py:925} INFO - DAG(s) 'example_task_group_decorator' retrieved from /home/ubuntu/demo8/lib/python3.12/site-packages/airflow/example_dags/example_task_group_decorator.py
[2024-12-18T15:51:11.960+0000] {logging_mixin.py:190} INFO - [2024-12-18T15:51:11.959+0000] {dag.py:3239} INFO - Sync 1 DAGs
[2024-12-18T15:51:11.974+0000] {logging_mixin.py:190} INFO - [2024-12-18T15:51:11.974+0000] {dag.py:4180} INFO - Setting next_dagrun for example_task_group_decorator to None, run_after=None
[2024-12-18T15:51:11.998+0000] {processor.py:208} INFO - Processing /home/ubuntu/demo8/lib/python3.12/site-packages/airflow/example_dags/example_task_group_decorator.py took 0.091 seconds
[2024-12-18T15:52:03.554+0000] {processor.py:186} INFO - Started process (PID=4565) to work on /home/ubuntu/demo8/lib/python3.12/site-packages/airflow/example_dags/example_task_group_decorator.py
[2024-12-18T15:52:03.556+0000] {processor.py:914} INFO - Processing file /home/ubuntu/demo8/lib/python3.12/site-packages/airflow/example_dags/example_task_group_decorator.py for tasks to queue
[2024-12-18T15:52:03.559+0000] {logging_mixin.py:190} INFO - [2024-12-18T15:52:03.558+0000] {dagbag.py:588} INFO - Filling up the DagBag from /home/ubuntu/demo8/lib/python3.12/site-packages/airflow/example_dags/example_task_group_decorator.py
[2024-12-18T15:52:03.577+0000] {processor.py:925} INFO - DAG(s) 'example_task_group_decorator' retrieved from /home/ubuntu/demo8/lib/python3.12/site-packages/airflow/example_dags/example_task_group_decorator.py
[2024-12-18T15:52:03.600+0000] {logging_mixin.py:190} INFO - [2024-12-18T15:52:03.600+0000] {dag.py:3239} INFO - Sync 1 DAGs
[2024-12-18T15:52:03.614+0000] {logging_mixin.py:190} INFO - [2024-12-18T15:52:03.614+0000] {dag.py:4180} INFO - Setting next_dagrun for example_task_group_decorator to None, run_after=None
[2024-12-18T15:52:03.637+0000] {processor.py:208} INFO - Processing /home/ubuntu/demo8/lib/python3.12/site-packages/airflow/example_dags/example_task_group_decorator.py took 0.089 seconds
[2024-12-18T15:52:58.504+0000] {processor.py:186} INFO - Started process (PID=4623) to work on /home/ubuntu/demo8/lib/python3.12/site-packages/airflow/example_dags/example_task_group_decorator.py
[2024-12-18T15:52:58.505+0000] {processor.py:914} INFO - Processing file /home/ubuntu/demo8/lib/python3.12/site-packages/airflow/example_dags/example_task_group_decorator.py for tasks to queue
[2024-12-18T15:52:58.508+0000] {logging_mixin.py:190} INFO - [2024-12-18T15:52:58.508+0000] {dagbag.py:588} INFO - Filling up the DagBag from /home/ubuntu/demo8/lib/python3.12/site-packages/airflow/example_dags/example_task_group_decorator.py
[2024-12-18T15:52:58.526+0000] {processor.py:925} INFO - DAG(s) 'example_task_group_decorator' retrieved from /home/ubuntu/demo8/lib/python3.12/site-packages/airflow/example_dags/example_task_group_decorator.py
[2024-12-18T15:52:58.550+0000] {logging_mixin.py:190} INFO - [2024-12-18T15:52:58.549+0000] {dag.py:3239} INFO - Sync 1 DAGs
[2024-12-18T15:52:58.564+0000] {logging_mixin.py:190} INFO - [2024-12-18T15:52:58.564+0000] {dag.py:4180} INFO - Setting next_dagrun for example_task_group_decorator to None, run_after=None
[2024-12-18T15:52:58.587+0000] {processor.py:208} INFO - Processing /home/ubuntu/demo8/lib/python3.12/site-packages/airflow/example_dags/example_task_group_decorator.py took 0.089 seconds
[2024-12-18T15:53:54.221+0000] {processor.py:186} INFO - Started process (PID=4687) to work on /home/ubuntu/demo8/lib/python3.12/site-packages/airflow/example_dags/example_task_group_decorator.py
[2024-12-18T15:53:54.223+0000] {processor.py:914} INFO - Processing file /home/ubuntu/demo8/lib/python3.12/site-packages/airflow/example_dags/example_task_group_decorator.py for tasks to queue
[2024-12-18T15:53:54.226+0000] {logging_mixin.py:190} INFO - [2024-12-18T15:53:54.226+0000] {dagbag.py:588} INFO - Filling up the DagBag from /home/ubuntu/demo8/lib/python3.12/site-packages/airflow/example_dags/example_task_group_decorator.py
[2024-12-18T15:53:54.245+0000] {processor.py:925} INFO - DAG(s) 'example_task_group_decorator' retrieved from /home/ubuntu/demo8/lib/python3.12/site-packages/airflow/example_dags/example_task_group_decorator.py
[2024-12-18T15:53:54.270+0000] {logging_mixin.py:190} INFO - [2024-12-18T15:53:54.269+0000] {dag.py:3239} INFO - Sync 1 DAGs
[2024-12-18T15:53:54.284+0000] {logging_mixin.py:190} INFO - [2024-12-18T15:53:54.284+0000] {dag.py:4180} INFO - Setting next_dagrun for example_task_group_decorator to None, run_after=None
[2024-12-18T15:53:54.308+0000] {processor.py:208} INFO - Processing /home/ubuntu/demo8/lib/python3.12/site-packages/airflow/example_dags/example_task_group_decorator.py took 0.093 seconds
[2024-12-18T15:54:38.351+0000] {processor.py:186} INFO - Started process (PID=4750) to work on /home/ubuntu/demo8/lib/python3.12/site-packages/airflow/example_dags/example_task_group_decorator.py
[2024-12-18T15:54:38.353+0000] {processor.py:914} INFO - Processing file /home/ubuntu/demo8/lib/python3.12/site-packages/airflow/example_dags/example_task_group_decorator.py for tasks to queue
[2024-12-18T15:54:38.355+0000] {logging_mixin.py:190} INFO - [2024-12-18T15:54:38.355+0000] {dagbag.py:588} INFO - Filling up the DagBag from /home/ubuntu/demo8/lib/python3.12/site-packages/airflow/example_dags/example_task_group_decorator.py
[2024-12-18T15:54:38.374+0000] {processor.py:925} INFO - DAG(s) 'example_task_group_decorator' retrieved from /home/ubuntu/demo8/lib/python3.12/site-packages/airflow/example_dags/example_task_group_decorator.py
[2024-12-18T15:54:38.404+0000] {logging_mixin.py:190} INFO - [2024-12-18T15:54:38.404+0000] {dag.py:3239} INFO - Sync 1 DAGs
[2024-12-18T15:54:38.418+0000] {logging_mixin.py:190} INFO - [2024-12-18T15:54:38.418+0000] {dag.py:4180} INFO - Setting next_dagrun for example_task_group_decorator to None, run_after=None
[2024-12-18T15:54:38.442+0000] {processor.py:208} INFO - Processing /home/ubuntu/demo8/lib/python3.12/site-packages/airflow/example_dags/example_task_group_decorator.py took 0.097 seconds
[2024-12-18T15:55:35.308+0000] {processor.py:186} INFO - Started process (PID=4812) to work on /home/ubuntu/demo8/lib/python3.12/site-packages/airflow/example_dags/example_task_group_decorator.py
[2024-12-18T15:55:35.309+0000] {processor.py:914} INFO - Processing file /home/ubuntu/demo8/lib/python3.12/site-packages/airflow/example_dags/example_task_group_decorator.py for tasks to queue
[2024-12-18T15:55:35.312+0000] {logging_mixin.py:190} INFO - [2024-12-18T15:55:35.311+0000] {dagbag.py:588} INFO - Filling up the DagBag from /home/ubuntu/demo8/lib/python3.12/site-packages/airflow/example_dags/example_task_group_decorator.py
[2024-12-18T15:55:35.330+0000] {processor.py:925} INFO - DAG(s) 'example_task_group_decorator' retrieved from /home/ubuntu/demo8/lib/python3.12/site-packages/airflow/example_dags/example_task_group_decorator.py
[2024-12-18T15:55:35.353+0000] {logging_mixin.py:190} INFO - [2024-12-18T15:55:35.353+0000] {dag.py:3239} INFO - Sync 1 DAGs
[2024-12-18T15:55:35.367+0000] {logging_mixin.py:190} INFO - [2024-12-18T15:55:35.367+0000] {dag.py:4180} INFO - Setting next_dagrun for example_task_group_decorator to None, run_after=None
[2024-12-18T15:55:35.391+0000] {processor.py:208} INFO - Processing /home/ubuntu/demo8/lib/python3.12/site-packages/airflow/example_dags/example_task_group_decorator.py took 0.089 seconds
[2024-12-18T15:56:28.063+0000] {processor.py:186} INFO - Started process (PID=4868) to work on /home/ubuntu/demo8/lib/python3.12/site-packages/airflow/example_dags/example_task_group_decorator.py
[2024-12-18T15:56:28.064+0000] {processor.py:914} INFO - Processing file /home/ubuntu/demo8/lib/python3.12/site-packages/airflow/example_dags/example_task_group_decorator.py for tasks to queue
[2024-12-18T15:56:28.066+0000] {logging_mixin.py:190} INFO - [2024-12-18T15:56:28.066+0000] {dagbag.py:588} INFO - Filling up the DagBag from /home/ubuntu/demo8/lib/python3.12/site-packages/airflow/example_dags/example_task_group_decorator.py
[2024-12-18T15:56:28.084+0000] {processor.py:925} INFO - DAG(s) 'example_task_group_decorator' retrieved from /home/ubuntu/demo8/lib/python3.12/site-packages/airflow/example_dags/example_task_group_decorator.py
[2024-12-18T15:56:28.109+0000] {logging_mixin.py:190} INFO - [2024-12-18T15:56:28.109+0000] {dag.py:3239} INFO - Sync 1 DAGs
[2024-12-18T15:56:28.128+0000] {logging_mixin.py:190} INFO - [2024-12-18T15:56:28.128+0000] {dag.py:4180} INFO - Setting next_dagrun for example_task_group_decorator to None, run_after=None
[2024-12-18T15:56:28.150+0000] {processor.py:208} INFO - Processing /home/ubuntu/demo8/lib/python3.12/site-packages/airflow/example_dags/example_task_group_decorator.py took 0.093 seconds
[2024-12-18T15:57:05.875+0000] {processor.py:186} INFO - Started process (PID=4900) to work on /home/ubuntu/demo8/lib/python3.12/site-packages/airflow/example_dags/example_task_group_decorator.py
[2024-12-18T15:57:05.877+0000] {processor.py:914} INFO - Processing file /home/ubuntu/demo8/lib/python3.12/site-packages/airflow/example_dags/example_task_group_decorator.py for tasks to queue
[2024-12-18T15:57:05.879+0000] {logging_mixin.py:190} INFO - [2024-12-18T15:57:05.878+0000] {dagbag.py:588} INFO - Filling up the DagBag from /home/ubuntu/demo8/lib/python3.12/site-packages/airflow/example_dags/example_task_group_decorator.py
[2024-12-18T15:57:05.898+0000] {processor.py:925} INFO - DAG(s) 'example_task_group_decorator' retrieved from /home/ubuntu/demo8/lib/python3.12/site-packages/airflow/example_dags/example_task_group_decorator.py
[2024-12-18T15:57:05.929+0000] {logging_mixin.py:190} INFO - [2024-12-18T15:57:05.928+0000] {dag.py:3239} INFO - Sync 1 DAGs
[2024-12-18T15:57:05.942+0000] {logging_mixin.py:190} INFO - [2024-12-18T15:57:05.942+0000] {dag.py:4180} INFO - Setting next_dagrun for example_task_group_decorator to None, run_after=None
[2024-12-18T15:57:05.967+0000] {processor.py:208} INFO - Processing /home/ubuntu/demo8/lib/python3.12/site-packages/airflow/example_dags/example_task_group_decorator.py took 0.098 seconds
[2024-12-18T15:58:02.827+0000] {processor.py:186} INFO - Started process (PID=4958) to work on /home/ubuntu/demo8/lib/python3.12/site-packages/airflow/example_dags/example_task_group_decorator.py
[2024-12-18T15:58:02.829+0000] {processor.py:914} INFO - Processing file /home/ubuntu/demo8/lib/python3.12/site-packages/airflow/example_dags/example_task_group_decorator.py for tasks to queue
[2024-12-18T15:58:02.831+0000] {logging_mixin.py:190} INFO - [2024-12-18T15:58:02.831+0000] {dagbag.py:588} INFO - Filling up the DagBag from /home/ubuntu/demo8/lib/python3.12/site-packages/airflow/example_dags/example_task_group_decorator.py
[2024-12-18T15:58:02.850+0000] {processor.py:925} INFO - DAG(s) 'example_task_group_decorator' retrieved from /home/ubuntu/demo8/lib/python3.12/site-packages/airflow/example_dags/example_task_group_decorator.py
[2024-12-18T15:58:02.874+0000] {logging_mixin.py:190} INFO - [2024-12-18T15:58:02.873+0000] {dag.py:3239} INFO - Sync 1 DAGs
[2024-12-18T15:58:02.888+0000] {logging_mixin.py:190} INFO - [2024-12-18T15:58:02.887+0000] {dag.py:4180} INFO - Setting next_dagrun for example_task_group_decorator to None, run_after=None
[2024-12-18T15:58:02.911+0000] {processor.py:208} INFO - Processing /home/ubuntu/demo8/lib/python3.12/site-packages/airflow/example_dags/example_task_group_decorator.py took 0.091 seconds
[2024-12-18T15:58:55.573+0000] {processor.py:186} INFO - Started process (PID=5013) to work on /home/ubuntu/demo8/lib/python3.12/site-packages/airflow/example_dags/example_task_group_decorator.py
[2024-12-18T15:58:55.574+0000] {processor.py:914} INFO - Processing file /home/ubuntu/demo8/lib/python3.12/site-packages/airflow/example_dags/example_task_group_decorator.py for tasks to queue
[2024-12-18T15:58:55.577+0000] {logging_mixin.py:190} INFO - [2024-12-18T15:58:55.576+0000] {dagbag.py:588} INFO - Filling up the DagBag from /home/ubuntu/demo8/lib/python3.12/site-packages/airflow/example_dags/example_task_group_decorator.py
[2024-12-18T15:58:55.595+0000] {processor.py:925} INFO - DAG(s) 'example_task_group_decorator' retrieved from /home/ubuntu/demo8/lib/python3.12/site-packages/airflow/example_dags/example_task_group_decorator.py
[2024-12-18T15:58:55.619+0000] {logging_mixin.py:190} INFO - [2024-12-18T15:58:55.619+0000] {dag.py:3239} INFO - Sync 1 DAGs
[2024-12-18T15:58:55.633+0000] {logging_mixin.py:190} INFO - [2024-12-18T15:58:55.633+0000] {dag.py:4180} INFO - Setting next_dagrun for example_task_group_decorator to None, run_after=None
[2024-12-18T15:58:55.657+0000] {processor.py:208} INFO - Processing /home/ubuntu/demo8/lib/python3.12/site-packages/airflow/example_dags/example_task_group_decorator.py took 0.090 seconds
[2024-12-18T16:00:04.690+0000] {processor.py:186} INFO - Started process (PID=5081) to work on /home/ubuntu/demo8/lib/python3.12/site-packages/airflow/example_dags/example_task_group_decorator.py
[2024-12-18T16:00:04.691+0000] {processor.py:914} INFO - Processing file /home/ubuntu/demo8/lib/python3.12/site-packages/airflow/example_dags/example_task_group_decorator.py for tasks to queue
[2024-12-18T16:00:04.693+0000] {logging_mixin.py:190} INFO - [2024-12-18T16:00:04.693+0000] {dagbag.py:588} INFO - Filling up the DagBag from /home/ubuntu/demo8/lib/python3.12/site-packages/airflow/example_dags/example_task_group_decorator.py
[2024-12-18T16:00:04.712+0000] {processor.py:925} INFO - DAG(s) 'example_task_group_decorator' retrieved from /home/ubuntu/demo8/lib/python3.12/site-packages/airflow/example_dags/example_task_group_decorator.py
[2024-12-18T16:00:04.744+0000] {logging_mixin.py:190} INFO - [2024-12-18T16:00:04.743+0000] {dag.py:3239} INFO - Sync 1 DAGs
[2024-12-18T16:00:04.758+0000] {logging_mixin.py:190} INFO - [2024-12-18T16:00:04.757+0000] {dag.py:4180} INFO - Setting next_dagrun for example_task_group_decorator to None, run_after=None
[2024-12-18T16:00:04.783+0000] {processor.py:208} INFO - Processing /home/ubuntu/demo8/lib/python3.12/site-packages/airflow/example_dags/example_task_group_decorator.py took 0.100 seconds
[2024-12-18T16:01:01.635+0000] {processor.py:186} INFO - Started process (PID=5143) to work on /home/ubuntu/demo8/lib/python3.12/site-packages/airflow/example_dags/example_task_group_decorator.py
[2024-12-18T16:01:01.636+0000] {processor.py:914} INFO - Processing file /home/ubuntu/demo8/lib/python3.12/site-packages/airflow/example_dags/example_task_group_decorator.py for tasks to queue
[2024-12-18T16:01:01.639+0000] {logging_mixin.py:190} INFO - [2024-12-18T16:01:01.639+0000] {dagbag.py:588} INFO - Filling up the DagBag from /home/ubuntu/demo8/lib/python3.12/site-packages/airflow/example_dags/example_task_group_decorator.py
[2024-12-18T16:01:01.657+0000] {processor.py:925} INFO - DAG(s) 'example_task_group_decorator' retrieved from /home/ubuntu/demo8/lib/python3.12/site-packages/airflow/example_dags/example_task_group_decorator.py
[2024-12-18T16:01:01.681+0000] {logging_mixin.py:190} INFO - [2024-12-18T16:01:01.681+0000] {dag.py:3239} INFO - Sync 1 DAGs
[2024-12-18T16:01:01.695+0000] {logging_mixin.py:190} INFO - [2024-12-18T16:01:01.694+0000] {dag.py:4180} INFO - Setting next_dagrun for example_task_group_decorator to None, run_after=None
[2024-12-18T16:01:01.718+0000] {processor.py:208} INFO - Processing /home/ubuntu/demo8/lib/python3.12/site-packages/airflow/example_dags/example_task_group_decorator.py took 0.089 seconds
[2024-12-18T16:01:54.289+0000] {processor.py:186} INFO - Started process (PID=5199) to work on /home/ubuntu/demo8/lib/python3.12/site-packages/airflow/example_dags/example_task_group_decorator.py
[2024-12-18T16:01:54.291+0000] {processor.py:914} INFO - Processing file /home/ubuntu/demo8/lib/python3.12/site-packages/airflow/example_dags/example_task_group_decorator.py for tasks to queue
[2024-12-18T16:01:54.293+0000] {logging_mixin.py:190} INFO - [2024-12-18T16:01:54.293+0000] {dagbag.py:588} INFO - Filling up the DagBag from /home/ubuntu/demo8/lib/python3.12/site-packages/airflow/example_dags/example_task_group_decorator.py
[2024-12-18T16:01:54.311+0000] {processor.py:925} INFO - DAG(s) 'example_task_group_decorator' retrieved from /home/ubuntu/demo8/lib/python3.12/site-packages/airflow/example_dags/example_task_group_decorator.py
[2024-12-18T16:01:54.336+0000] {logging_mixin.py:190} INFO - [2024-12-18T16:01:54.335+0000] {dag.py:3239} INFO - Sync 1 DAGs
[2024-12-18T16:01:54.349+0000] {logging_mixin.py:190} INFO - [2024-12-18T16:01:54.349+0000] {dag.py:4180} INFO - Setting next_dagrun for example_task_group_decorator to None, run_after=None
[2024-12-18T16:01:54.371+0000] {processor.py:208} INFO - Processing /home/ubuntu/demo8/lib/python3.12/site-packages/airflow/example_dags/example_task_group_decorator.py took 0.088 seconds
[2024-12-18T16:02:48.669+0000] {processor.py:186} INFO - Started process (PID=5254) to work on /home/ubuntu/demo8/lib/python3.12/site-packages/airflow/example_dags/example_task_group_decorator.py
[2024-12-18T16:02:48.671+0000] {processor.py:914} INFO - Processing file /home/ubuntu/demo8/lib/python3.12/site-packages/airflow/example_dags/example_task_group_decorator.py for tasks to queue
[2024-12-18T16:02:48.674+0000] {logging_mixin.py:190} INFO - [2024-12-18T16:02:48.673+0000] {dagbag.py:588} INFO - Filling up the DagBag from /home/ubuntu/demo8/lib/python3.12/site-packages/airflow/example_dags/example_task_group_decorator.py
[2024-12-18T16:02:48.692+0000] {processor.py:925} INFO - DAG(s) 'example_task_group_decorator' retrieved from /home/ubuntu/demo8/lib/python3.12/site-packages/airflow/example_dags/example_task_group_decorator.py
[2024-12-18T16:02:48.716+0000] {logging_mixin.py:190} INFO - [2024-12-18T16:02:48.715+0000] {dag.py:3239} INFO - Sync 1 DAGs
[2024-12-18T16:02:48.729+0000] {logging_mixin.py:190} INFO - [2024-12-18T16:02:48.729+0000] {dag.py:4180} INFO - Setting next_dagrun for example_task_group_decorator to None, run_after=None
[2024-12-18T16:02:48.752+0000] {processor.py:208} INFO - Processing /home/ubuntu/demo8/lib/python3.12/site-packages/airflow/example_dags/example_task_group_decorator.py took 0.088 seconds
[2024-12-18T16:03:42.778+0000] {processor.py:186} INFO - Started process (PID=5309) to work on /home/ubuntu/demo8/lib/python3.12/site-packages/airflow/example_dags/example_task_group_decorator.py
[2024-12-18T16:03:42.779+0000] {processor.py:914} INFO - Processing file /home/ubuntu/demo8/lib/python3.12/site-packages/airflow/example_dags/example_task_group_decorator.py for tasks to queue
[2024-12-18T16:03:42.782+0000] {logging_mixin.py:190} INFO - [2024-12-18T16:03:42.782+0000] {dagbag.py:588} INFO - Filling up the DagBag from /home/ubuntu/demo8/lib/python3.12/site-packages/airflow/example_dags/example_task_group_decorator.py
[2024-12-18T16:03:42.800+0000] {processor.py:925} INFO - DAG(s) 'example_task_group_decorator' retrieved from /home/ubuntu/demo8/lib/python3.12/site-packages/airflow/example_dags/example_task_group_decorator.py
[2024-12-18T16:03:42.823+0000] {logging_mixin.py:190} INFO - [2024-12-18T16:03:42.822+0000] {dag.py:3239} INFO - Sync 1 DAGs
[2024-12-18T16:03:42.836+0000] {logging_mixin.py:190} INFO - [2024-12-18T16:03:42.836+0000] {dag.py:4180} INFO - Setting next_dagrun for example_task_group_decorator to None, run_after=None
[2024-12-18T16:03:42.859+0000] {processor.py:208} INFO - Processing /home/ubuntu/demo8/lib/python3.12/site-packages/airflow/example_dags/example_task_group_decorator.py took 0.087 seconds
[2024-12-18T20:29:30.443+0000] {processor.py:186} INFO - Started process (PID=2736) to work on /home/ubuntu/demo8/lib/python3.12/site-packages/airflow/example_dags/example_task_group_decorator.py
[2024-12-18T20:29:30.446+0000] {processor.py:914} INFO - Processing file /home/ubuntu/demo8/lib/python3.12/site-packages/airflow/example_dags/example_task_group_decorator.py for tasks to queue
[2024-12-18T20:29:30.448+0000] {logging_mixin.py:190} INFO - [2024-12-18T20:29:30.448+0000] {dagbag.py:588} INFO - Filling up the DagBag from /home/ubuntu/demo8/lib/python3.12/site-packages/airflow/example_dags/example_task_group_decorator.py
[2024-12-18T20:29:30.468+0000] {processor.py:925} INFO - DAG(s) 'example_task_group_decorator' retrieved from /home/ubuntu/demo8/lib/python3.12/site-packages/airflow/example_dags/example_task_group_decorator.py
[2024-12-18T20:29:30.508+0000] {logging_mixin.py:190} INFO - [2024-12-18T20:29:30.507+0000] {dag.py:3239} INFO - Sync 1 DAGs
[2024-12-18T20:29:30.522+0000] {logging_mixin.py:190} INFO - [2024-12-18T20:29:30.521+0000] {dag.py:4180} INFO - Setting next_dagrun for example_task_group_decorator to None, run_after=None
[2024-12-18T20:29:30.546+0000] {processor.py:208} INFO - Processing /home/ubuntu/demo8/lib/python3.12/site-packages/airflow/example_dags/example_task_group_decorator.py took 0.109 seconds
[2024-12-18T20:30:28.668+0000] {processor.py:186} INFO - Started process (PID=2920) to work on /home/ubuntu/demo8/lib/python3.12/site-packages/airflow/example_dags/example_task_group_decorator.py
[2024-12-18T20:30:28.670+0000] {processor.py:914} INFO - Processing file /home/ubuntu/demo8/lib/python3.12/site-packages/airflow/example_dags/example_task_group_decorator.py for tasks to queue
[2024-12-18T20:30:28.673+0000] {logging_mixin.py:190} INFO - [2024-12-18T20:30:28.672+0000] {dagbag.py:588} INFO - Filling up the DagBag from /home/ubuntu/demo8/lib/python3.12/site-packages/airflow/example_dags/example_task_group_decorator.py
[2024-12-18T20:30:28.691+0000] {processor.py:925} INFO - DAG(s) 'example_task_group_decorator' retrieved from /home/ubuntu/demo8/lib/python3.12/site-packages/airflow/example_dags/example_task_group_decorator.py
[2024-12-18T20:30:28.715+0000] {logging_mixin.py:190} INFO - [2024-12-18T20:30:28.715+0000] {dag.py:3239} INFO - Sync 1 DAGs
[2024-12-18T20:30:28.729+0000] {logging_mixin.py:190} INFO - [2024-12-18T20:30:28.728+0000] {dag.py:4180} INFO - Setting next_dagrun for example_task_group_decorator to None, run_after=None
[2024-12-18T20:30:28.753+0000] {processor.py:208} INFO - Processing /home/ubuntu/demo8/lib/python3.12/site-packages/airflow/example_dags/example_task_group_decorator.py took 0.091 seconds
[2024-12-18T20:31:24.189+0000] {processor.py:186} INFO - Started process (PID=3135) to work on /home/ubuntu/demo8/lib/python3.12/site-packages/airflow/example_dags/example_task_group_decorator.py
[2024-12-18T20:31:24.190+0000] {processor.py:914} INFO - Processing file /home/ubuntu/demo8/lib/python3.12/site-packages/airflow/example_dags/example_task_group_decorator.py for tasks to queue
[2024-12-18T20:31:24.193+0000] {logging_mixin.py:190} INFO - [2024-12-18T20:31:24.193+0000] {dagbag.py:588} INFO - Filling up the DagBag from /home/ubuntu/demo8/lib/python3.12/site-packages/airflow/example_dags/example_task_group_decorator.py
[2024-12-18T20:31:24.211+0000] {processor.py:925} INFO - DAG(s) 'example_task_group_decorator' retrieved from /home/ubuntu/demo8/lib/python3.12/site-packages/airflow/example_dags/example_task_group_decorator.py
[2024-12-18T20:31:24.234+0000] {logging_mixin.py:190} INFO - [2024-12-18T20:31:24.234+0000] {dag.py:3239} INFO - Sync 1 DAGs
[2024-12-18T20:31:24.248+0000] {logging_mixin.py:190} INFO - [2024-12-18T20:31:24.248+0000] {dag.py:4180} INFO - Setting next_dagrun for example_task_group_decorator to None, run_after=None
[2024-12-18T20:31:24.272+0000] {processor.py:208} INFO - Processing /home/ubuntu/demo8/lib/python3.12/site-packages/airflow/example_dags/example_task_group_decorator.py took 0.088 seconds
[2024-12-18T20:32:19.714+0000] {processor.py:186} INFO - Started process (PID=3326) to work on /home/ubuntu/demo8/lib/python3.12/site-packages/airflow/example_dags/example_task_group_decorator.py
[2024-12-18T20:32:19.716+0000] {processor.py:914} INFO - Processing file /home/ubuntu/demo8/lib/python3.12/site-packages/airflow/example_dags/example_task_group_decorator.py for tasks to queue
[2024-12-18T20:32:19.719+0000] {logging_mixin.py:190} INFO - [2024-12-18T20:32:19.718+0000] {dagbag.py:588} INFO - Filling up the DagBag from /home/ubuntu/demo8/lib/python3.12/site-packages/airflow/example_dags/example_task_group_decorator.py
[2024-12-18T20:32:19.736+0000] {processor.py:925} INFO - DAG(s) 'example_task_group_decorator' retrieved from /home/ubuntu/demo8/lib/python3.12/site-packages/airflow/example_dags/example_task_group_decorator.py
[2024-12-18T20:32:19.759+0000] {logging_mixin.py:190} INFO - [2024-12-18T20:32:19.759+0000] {dag.py:3239} INFO - Sync 1 DAGs
[2024-12-18T20:32:19.772+0000] {logging_mixin.py:190} INFO - [2024-12-18T20:32:19.772+0000] {dag.py:4180} INFO - Setting next_dagrun for example_task_group_decorator to None, run_after=None
[2024-12-18T20:32:19.796+0000] {processor.py:208} INFO - Processing /home/ubuntu/demo8/lib/python3.12/site-packages/airflow/example_dags/example_task_group_decorator.py took 0.089 seconds
[2024-12-18T20:33:15.566+0000] {processor.py:186} INFO - Started process (PID=3446) to work on /home/ubuntu/demo8/lib/python3.12/site-packages/airflow/example_dags/example_task_group_decorator.py
[2024-12-18T20:33:15.568+0000] {processor.py:914} INFO - Processing file /home/ubuntu/demo8/lib/python3.12/site-packages/airflow/example_dags/example_task_group_decorator.py for tasks to queue
[2024-12-18T20:33:15.570+0000] {logging_mixin.py:190} INFO - [2024-12-18T20:33:15.570+0000] {dagbag.py:588} INFO - Filling up the DagBag from /home/ubuntu/demo8/lib/python3.12/site-packages/airflow/example_dags/example_task_group_decorator.py
[2024-12-18T20:33:15.588+0000] {processor.py:925} INFO - DAG(s) 'example_task_group_decorator' retrieved from /home/ubuntu/demo8/lib/python3.12/site-packages/airflow/example_dags/example_task_group_decorator.py
[2024-12-18T20:33:15.612+0000] {logging_mixin.py:190} INFO - [2024-12-18T20:33:15.611+0000] {dag.py:3239} INFO - Sync 1 DAGs
[2024-12-18T20:33:15.625+0000] {logging_mixin.py:190} INFO - [2024-12-18T20:33:15.625+0000] {dag.py:4180} INFO - Setting next_dagrun for example_task_group_decorator to None, run_after=None
[2024-12-18T20:33:15.649+0000] {processor.py:208} INFO - Processing /home/ubuntu/demo8/lib/python3.12/site-packages/airflow/example_dags/example_task_group_decorator.py took 0.089 seconds
[2024-12-18T20:34:14.209+0000] {processor.py:186} INFO - Started process (PID=3562) to work on /home/ubuntu/demo8/lib/python3.12/site-packages/airflow/example_dags/example_task_group_decorator.py
[2024-12-18T20:34:14.210+0000] {processor.py:914} INFO - Processing file /home/ubuntu/demo8/lib/python3.12/site-packages/airflow/example_dags/example_task_group_decorator.py for tasks to queue
[2024-12-18T20:34:14.213+0000] {logging_mixin.py:190} INFO - [2024-12-18T20:34:14.213+0000] {dagbag.py:588} INFO - Filling up the DagBag from /home/ubuntu/demo8/lib/python3.12/site-packages/airflow/example_dags/example_task_group_decorator.py
[2024-12-18T20:34:14.231+0000] {processor.py:925} INFO - DAG(s) 'example_task_group_decorator' retrieved from /home/ubuntu/demo8/lib/python3.12/site-packages/airflow/example_dags/example_task_group_decorator.py
[2024-12-18T20:34:14.380+0000] {logging_mixin.py:190} INFO - [2024-12-18T20:34:14.380+0000] {dag.py:3239} INFO - Sync 1 DAGs
[2024-12-18T20:34:14.392+0000] {logging_mixin.py:190} INFO - [2024-12-18T20:34:14.392+0000] {dag.py:4180} INFO - Setting next_dagrun for example_task_group_decorator to None, run_after=None
[2024-12-18T20:34:14.413+0000] {processor.py:208} INFO - Processing /home/ubuntu/demo8/lib/python3.12/site-packages/airflow/example_dags/example_task_group_decorator.py took 0.210 seconds
[2024-12-18T20:35:18.695+0000] {processor.py:186} INFO - Started process (PID=3812) to work on /home/ubuntu/demo8/lib/python3.12/site-packages/airflow/example_dags/example_task_group_decorator.py
[2024-12-18T20:35:18.696+0000] {processor.py:914} INFO - Processing file /home/ubuntu/demo8/lib/python3.12/site-packages/airflow/example_dags/example_task_group_decorator.py for tasks to queue
[2024-12-18T20:35:18.699+0000] {logging_mixin.py:190} INFO - [2024-12-18T20:35:18.699+0000] {dagbag.py:588} INFO - Filling up the DagBag from /home/ubuntu/demo8/lib/python3.12/site-packages/airflow/example_dags/example_task_group_decorator.py
[2024-12-18T20:35:18.717+0000] {processor.py:925} INFO - DAG(s) 'example_task_group_decorator' retrieved from /home/ubuntu/demo8/lib/python3.12/site-packages/airflow/example_dags/example_task_group_decorator.py
[2024-12-18T20:35:18.741+0000] {logging_mixin.py:190} INFO - [2024-12-18T20:35:18.740+0000] {dag.py:3239} INFO - Sync 1 DAGs
[2024-12-18T20:35:18.755+0000] {logging_mixin.py:190} INFO - [2024-12-18T20:35:18.755+0000] {dag.py:4180} INFO - Setting next_dagrun for example_task_group_decorator to None, run_after=None
[2024-12-18T20:35:18.778+0000] {processor.py:208} INFO - Processing /home/ubuntu/demo8/lib/python3.12/site-packages/airflow/example_dags/example_task_group_decorator.py took 0.090 seconds
[2024-12-18T20:36:17.225+0000] {processor.py:186} INFO - Started process (PID=3932) to work on /home/ubuntu/demo8/lib/python3.12/site-packages/airflow/example_dags/example_task_group_decorator.py
[2024-12-18T20:36:17.226+0000] {processor.py:914} INFO - Processing file /home/ubuntu/demo8/lib/python3.12/site-packages/airflow/example_dags/example_task_group_decorator.py for tasks to queue
[2024-12-18T20:36:17.229+0000] {logging_mixin.py:190} INFO - [2024-12-18T20:36:17.229+0000] {dagbag.py:588} INFO - Filling up the DagBag from /home/ubuntu/demo8/lib/python3.12/site-packages/airflow/example_dags/example_task_group_decorator.py
[2024-12-18T20:36:17.256+0000] {processor.py:925} INFO - DAG(s) 'example_task_group_decorator' retrieved from /home/ubuntu/demo8/lib/python3.12/site-packages/airflow/example_dags/example_task_group_decorator.py
[2024-12-18T20:36:17.282+0000] {logging_mixin.py:190} INFO - [2024-12-18T20:36:17.282+0000] {dag.py:3239} INFO - Sync 1 DAGs
[2024-12-18T20:36:17.297+0000] {logging_mixin.py:190} INFO - [2024-12-18T20:36:17.297+0000] {dag.py:4180} INFO - Setting next_dagrun for example_task_group_decorator to None, run_after=None
[2024-12-18T20:36:17.322+0000] {processor.py:208} INFO - Processing /home/ubuntu/demo8/lib/python3.12/site-packages/airflow/example_dags/example_task_group_decorator.py took 0.104 seconds
[2024-12-18T20:37:13.536+0000] {processor.py:186} INFO - Started process (PID=3992) to work on /home/ubuntu/demo8/lib/python3.12/site-packages/airflow/example_dags/example_task_group_decorator.py
[2024-12-18T20:37:13.537+0000] {processor.py:914} INFO - Processing file /home/ubuntu/demo8/lib/python3.12/site-packages/airflow/example_dags/example_task_group_decorator.py for tasks to queue
[2024-12-18T20:37:13.540+0000] {logging_mixin.py:190} INFO - [2024-12-18T20:37:13.540+0000] {dagbag.py:588} INFO - Filling up the DagBag from /home/ubuntu/demo8/lib/python3.12/site-packages/airflow/example_dags/example_task_group_decorator.py
[2024-12-18T20:37:13.559+0000] {processor.py:925} INFO - DAG(s) 'example_task_group_decorator' retrieved from /home/ubuntu/demo8/lib/python3.12/site-packages/airflow/example_dags/example_task_group_decorator.py
[2024-12-18T20:37:13.582+0000] {logging_mixin.py:190} INFO - [2024-12-18T20:37:13.582+0000] {dag.py:3239} INFO - Sync 1 DAGs
[2024-12-18T20:37:13.596+0000] {logging_mixin.py:190} INFO - [2024-12-18T20:37:13.596+0000] {dag.py:4180} INFO - Setting next_dagrun for example_task_group_decorator to None, run_after=None
[2024-12-18T20:37:13.621+0000] {processor.py:208} INFO - Processing /home/ubuntu/demo8/lib/python3.12/site-packages/airflow/example_dags/example_task_group_decorator.py took 0.091 seconds
[2024-12-18T20:38:08.923+0000] {processor.py:186} INFO - Started process (PID=4107) to work on /home/ubuntu/demo8/lib/python3.12/site-packages/airflow/example_dags/example_task_group_decorator.py
[2024-12-18T20:38:08.924+0000] {processor.py:914} INFO - Processing file /home/ubuntu/demo8/lib/python3.12/site-packages/airflow/example_dags/example_task_group_decorator.py for tasks to queue
[2024-12-18T20:38:08.927+0000] {logging_mixin.py:190} INFO - [2024-12-18T20:38:08.927+0000] {dagbag.py:588} INFO - Filling up the DagBag from /home/ubuntu/demo8/lib/python3.12/site-packages/airflow/example_dags/example_task_group_decorator.py
[2024-12-18T20:38:08.946+0000] {processor.py:925} INFO - DAG(s) 'example_task_group_decorator' retrieved from /home/ubuntu/demo8/lib/python3.12/site-packages/airflow/example_dags/example_task_group_decorator.py
[2024-12-18T20:38:08.969+0000] {logging_mixin.py:190} INFO - [2024-12-18T20:38:08.969+0000] {dag.py:3239} INFO - Sync 1 DAGs
[2024-12-18T20:38:08.984+0000] {logging_mixin.py:190} INFO - [2024-12-18T20:38:08.984+0000] {dag.py:4180} INFO - Setting next_dagrun for example_task_group_decorator to None, run_after=None
[2024-12-18T20:38:09.008+0000] {processor.py:208} INFO - Processing /home/ubuntu/demo8/lib/python3.12/site-packages/airflow/example_dags/example_task_group_decorator.py took 0.092 seconds
[2024-12-18T20:39:04.554+0000] {processor.py:186} INFO - Started process (PID=4226) to work on /home/ubuntu/demo8/lib/python3.12/site-packages/airflow/example_dags/example_task_group_decorator.py
[2024-12-18T20:39:04.555+0000] {processor.py:914} INFO - Processing file /home/ubuntu/demo8/lib/python3.12/site-packages/airflow/example_dags/example_task_group_decorator.py for tasks to queue
[2024-12-18T20:39:04.558+0000] {logging_mixin.py:190} INFO - [2024-12-18T20:39:04.558+0000] {dagbag.py:588} INFO - Filling up the DagBag from /home/ubuntu/demo8/lib/python3.12/site-packages/airflow/example_dags/example_task_group_decorator.py
[2024-12-18T20:39:04.588+0000] {processor.py:925} INFO - DAG(s) 'example_task_group_decorator' retrieved from /home/ubuntu/demo8/lib/python3.12/site-packages/airflow/example_dags/example_task_group_decorator.py
[2024-12-18T20:39:04.611+0000] {logging_mixin.py:190} INFO - [2024-12-18T20:39:04.611+0000] {dag.py:3239} INFO - Sync 1 DAGs
[2024-12-18T20:39:04.625+0000] {logging_mixin.py:190} INFO - [2024-12-18T20:39:04.625+0000] {dag.py:4180} INFO - Setting next_dagrun for example_task_group_decorator to None, run_after=None
[2024-12-18T20:39:04.649+0000] {processor.py:208} INFO - Processing /home/ubuntu/demo8/lib/python3.12/site-packages/airflow/example_dags/example_task_group_decorator.py took 0.101 seconds
[2024-12-18T20:40:00.692+0000] {processor.py:186} INFO - Started process (PID=4403) to work on /home/ubuntu/demo8/lib/python3.12/site-packages/airflow/example_dags/example_task_group_decorator.py
[2024-12-18T20:40:00.694+0000] {processor.py:914} INFO - Processing file /home/ubuntu/demo8/lib/python3.12/site-packages/airflow/example_dags/example_task_group_decorator.py for tasks to queue
[2024-12-18T20:40:00.697+0000] {logging_mixin.py:190} INFO - [2024-12-18T20:40:00.697+0000] {dagbag.py:588} INFO - Filling up the DagBag from /home/ubuntu/demo8/lib/python3.12/site-packages/airflow/example_dags/example_task_group_decorator.py
[2024-12-18T20:40:00.715+0000] {processor.py:925} INFO - DAG(s) 'example_task_group_decorator' retrieved from /home/ubuntu/demo8/lib/python3.12/site-packages/airflow/example_dags/example_task_group_decorator.py
[2024-12-18T20:40:00.739+0000] {logging_mixin.py:190} INFO - [2024-12-18T20:40:00.738+0000] {dag.py:3239} INFO - Sync 1 DAGs
[2024-12-18T20:40:00.752+0000] {logging_mixin.py:190} INFO - [2024-12-18T20:40:00.752+0000] {dag.py:4180} INFO - Setting next_dagrun for example_task_group_decorator to None, run_after=None
[2024-12-18T20:40:00.777+0000] {processor.py:208} INFO - Processing /home/ubuntu/demo8/lib/python3.12/site-packages/airflow/example_dags/example_task_group_decorator.py took 0.091 seconds
[2024-12-18T20:40:57.835+0000] {processor.py:186} INFO - Started process (PID=4540) to work on /home/ubuntu/demo8/lib/python3.12/site-packages/airflow/example_dags/example_task_group_decorator.py
[2024-12-18T20:40:57.837+0000] {processor.py:914} INFO - Processing file /home/ubuntu/demo8/lib/python3.12/site-packages/airflow/example_dags/example_task_group_decorator.py for tasks to queue
[2024-12-18T20:40:57.840+0000] {logging_mixin.py:190} INFO - [2024-12-18T20:40:57.839+0000] {dagbag.py:588} INFO - Filling up the DagBag from /home/ubuntu/demo8/lib/python3.12/site-packages/airflow/example_dags/example_task_group_decorator.py
[2024-12-18T20:40:57.859+0000] {processor.py:925} INFO - DAG(s) 'example_task_group_decorator' retrieved from /home/ubuntu/demo8/lib/python3.12/site-packages/airflow/example_dags/example_task_group_decorator.py
[2024-12-18T20:40:57.883+0000] {logging_mixin.py:190} INFO - [2024-12-18T20:40:57.883+0000] {dag.py:3239} INFO - Sync 1 DAGs
[2024-12-18T20:40:57.898+0000] {logging_mixin.py:190} INFO - [2024-12-18T20:40:57.898+0000] {dag.py:4180} INFO - Setting next_dagrun for example_task_group_decorator to None, run_after=None
[2024-12-18T20:40:57.922+0000] {processor.py:208} INFO - Processing /home/ubuntu/demo8/lib/python3.12/site-packages/airflow/example_dags/example_task_group_decorator.py took 0.093 seconds
[2024-12-18T20:41:50.544+0000] {processor.py:186} INFO - Started process (PID=4659) to work on /home/ubuntu/demo8/lib/python3.12/site-packages/airflow/example_dags/example_task_group_decorator.py
[2024-12-18T20:41:50.546+0000] {processor.py:914} INFO - Processing file /home/ubuntu/demo8/lib/python3.12/site-packages/airflow/example_dags/example_task_group_decorator.py for tasks to queue
[2024-12-18T20:41:50.550+0000] {logging_mixin.py:190} INFO - [2024-12-18T20:41:50.549+0000] {dagbag.py:588} INFO - Filling up the DagBag from /home/ubuntu/demo8/lib/python3.12/site-packages/airflow/example_dags/example_task_group_decorator.py
[2024-12-18T20:41:50.569+0000] {processor.py:925} INFO - DAG(s) 'example_task_group_decorator' retrieved from /home/ubuntu/demo8/lib/python3.12/site-packages/airflow/example_dags/example_task_group_decorator.py
[2024-12-18T20:41:50.593+0000] {logging_mixin.py:190} INFO - [2024-12-18T20:41:50.593+0000] {dag.py:3239} INFO - Sync 1 DAGs
[2024-12-18T20:41:50.608+0000] {logging_mixin.py:190} INFO - [2024-12-18T20:41:50.608+0000] {dag.py:4180} INFO - Setting next_dagrun for example_task_group_decorator to None, run_after=None
[2024-12-18T20:41:50.639+0000] {processor.py:208} INFO - Processing /home/ubuntu/demo8/lib/python3.12/site-packages/airflow/example_dags/example_task_group_decorator.py took 0.100 seconds
[2024-12-18T20:42:44.493+0000] {processor.py:186} INFO - Started process (PID=4772) to work on /home/ubuntu/demo8/lib/python3.12/site-packages/airflow/example_dags/example_task_group_decorator.py
[2024-12-18T20:42:44.495+0000] {processor.py:914} INFO - Processing file /home/ubuntu/demo8/lib/python3.12/site-packages/airflow/example_dags/example_task_group_decorator.py for tasks to queue
[2024-12-18T20:42:44.498+0000] {logging_mixin.py:190} INFO - [2024-12-18T20:42:44.497+0000] {dagbag.py:588} INFO - Filling up the DagBag from /home/ubuntu/demo8/lib/python3.12/site-packages/airflow/example_dags/example_task_group_decorator.py
[2024-12-18T20:42:44.516+0000] {processor.py:925} INFO - DAG(s) 'example_task_group_decorator' retrieved from /home/ubuntu/demo8/lib/python3.12/site-packages/airflow/example_dags/example_task_group_decorator.py
[2024-12-18T20:42:44.540+0000] {logging_mixin.py:190} INFO - [2024-12-18T20:42:44.540+0000] {dag.py:3239} INFO - Sync 1 DAGs
[2024-12-18T20:42:44.554+0000] {logging_mixin.py:190} INFO - [2024-12-18T20:42:44.554+0000] {dag.py:4180} INFO - Setting next_dagrun for example_task_group_decorator to None, run_after=None
[2024-12-18T20:42:44.578+0000] {processor.py:208} INFO - Processing /home/ubuntu/demo8/lib/python3.12/site-packages/airflow/example_dags/example_task_group_decorator.py took 0.091 seconds
[2024-12-18T20:43:38.459+0000] {processor.py:186} INFO - Started process (PID=4889) to work on /home/ubuntu/demo8/lib/python3.12/site-packages/airflow/example_dags/example_task_group_decorator.py
[2024-12-18T20:43:38.461+0000] {processor.py:914} INFO - Processing file /home/ubuntu/demo8/lib/python3.12/site-packages/airflow/example_dags/example_task_group_decorator.py for tasks to queue
[2024-12-18T20:43:38.464+0000] {logging_mixin.py:190} INFO - [2024-12-18T20:43:38.464+0000] {dagbag.py:588} INFO - Filling up the DagBag from /home/ubuntu/demo8/lib/python3.12/site-packages/airflow/example_dags/example_task_group_decorator.py
[2024-12-18T20:43:38.483+0000] {processor.py:925} INFO - DAG(s) 'example_task_group_decorator' retrieved from /home/ubuntu/demo8/lib/python3.12/site-packages/airflow/example_dags/example_task_group_decorator.py
[2024-12-18T20:43:38.508+0000] {logging_mixin.py:190} INFO - [2024-12-18T20:43:38.508+0000] {dag.py:3239} INFO - Sync 1 DAGs
[2024-12-18T20:43:38.523+0000] {logging_mixin.py:190} INFO - [2024-12-18T20:43:38.523+0000] {dag.py:4180} INFO - Setting next_dagrun for example_task_group_decorator to None, run_after=None
[2024-12-18T20:43:38.547+0000] {processor.py:208} INFO - Processing /home/ubuntu/demo8/lib/python3.12/site-packages/airflow/example_dags/example_task_group_decorator.py took 0.095 seconds
[2024-12-18T20:44:32.621+0000] {processor.py:186} INFO - Started process (PID=5065) to work on /home/ubuntu/demo8/lib/python3.12/site-packages/airflow/example_dags/example_task_group_decorator.py
[2024-12-18T20:44:32.622+0000] {processor.py:914} INFO - Processing file /home/ubuntu/demo8/lib/python3.12/site-packages/airflow/example_dags/example_task_group_decorator.py for tasks to queue
[2024-12-18T20:44:32.625+0000] {logging_mixin.py:190} INFO - [2024-12-18T20:44:32.625+0000] {dagbag.py:588} INFO - Filling up the DagBag from /home/ubuntu/demo8/lib/python3.12/site-packages/airflow/example_dags/example_task_group_decorator.py
[2024-12-18T20:44:32.643+0000] {processor.py:925} INFO - DAG(s) 'example_task_group_decorator' retrieved from /home/ubuntu/demo8/lib/python3.12/site-packages/airflow/example_dags/example_task_group_decorator.py
[2024-12-18T20:44:32.666+0000] {logging_mixin.py:190} INFO - [2024-12-18T20:44:32.666+0000] {dag.py:3239} INFO - Sync 1 DAGs
[2024-12-18T20:44:32.680+0000] {logging_mixin.py:190} INFO - [2024-12-18T20:44:32.680+0000] {dag.py:4180} INFO - Setting next_dagrun for example_task_group_decorator to None, run_after=None
[2024-12-18T20:44:32.706+0000] {processor.py:208} INFO - Processing /home/ubuntu/demo8/lib/python3.12/site-packages/airflow/example_dags/example_task_group_decorator.py took 0.091 seconds
[2024-12-18T20:45:25.856+0000] {processor.py:186} INFO - Started process (PID=5187) to work on /home/ubuntu/demo8/lib/python3.12/site-packages/airflow/example_dags/example_task_group_decorator.py
[2024-12-18T20:45:25.858+0000] {processor.py:914} INFO - Processing file /home/ubuntu/demo8/lib/python3.12/site-packages/airflow/example_dags/example_task_group_decorator.py for tasks to queue
[2024-12-18T20:45:25.861+0000] {logging_mixin.py:190} INFO - [2024-12-18T20:45:25.861+0000] {dagbag.py:588} INFO - Filling up the DagBag from /home/ubuntu/demo8/lib/python3.12/site-packages/airflow/example_dags/example_task_group_decorator.py
[2024-12-18T20:45:25.881+0000] {processor.py:925} INFO - DAG(s) 'example_task_group_decorator' retrieved from /home/ubuntu/demo8/lib/python3.12/site-packages/airflow/example_dags/example_task_group_decorator.py
[2024-12-18T20:45:25.906+0000] {logging_mixin.py:190} INFO - [2024-12-18T20:45:25.905+0000] {dag.py:3239} INFO - Sync 1 DAGs
[2024-12-18T20:45:25.920+0000] {logging_mixin.py:190} INFO - [2024-12-18T20:45:25.920+0000] {dag.py:4180} INFO - Setting next_dagrun for example_task_group_decorator to None, run_after=None
[2024-12-18T20:45:25.944+0000] {processor.py:208} INFO - Processing /home/ubuntu/demo8/lib/python3.12/site-packages/airflow/example_dags/example_task_group_decorator.py took 0.094 seconds
[2024-12-18T20:47:09.221+0000] {processor.py:186} INFO - Started process (PID=5818) to work on /home/ubuntu/demo8/lib/python3.12/site-packages/airflow/example_dags/example_task_group_decorator.py
[2024-12-18T20:47:09.222+0000] {processor.py:914} INFO - Processing file /home/ubuntu/demo8/lib/python3.12/site-packages/airflow/example_dags/example_task_group_decorator.py for tasks to queue
[2024-12-18T20:47:09.225+0000] {logging_mixin.py:190} INFO - [2024-12-18T20:47:09.224+0000] {dagbag.py:588} INFO - Filling up the DagBag from /home/ubuntu/demo8/lib/python3.12/site-packages/airflow/example_dags/example_task_group_decorator.py
[2024-12-18T20:47:09.244+0000] {processor.py:925} INFO - DAG(s) 'example_task_group_decorator' retrieved from /home/ubuntu/demo8/lib/python3.12/site-packages/airflow/example_dags/example_task_group_decorator.py
[2024-12-18T20:47:09.275+0000] {logging_mixin.py:190} INFO - [2024-12-18T20:47:09.274+0000] {dag.py:3239} INFO - Sync 1 DAGs
[2024-12-18T20:47:09.290+0000] {logging_mixin.py:190} INFO - [2024-12-18T20:47:09.289+0000] {dag.py:4180} INFO - Setting next_dagrun for example_task_group_decorator to None, run_after=None
[2024-12-18T20:47:09.314+0000] {processor.py:208} INFO - Processing /home/ubuntu/demo8/lib/python3.12/site-packages/airflow/example_dags/example_task_group_decorator.py took 0.099 seconds
[2024-12-18T20:48:08.358+0000] {processor.py:186} INFO - Started process (PID=5938) to work on /home/ubuntu/demo8/lib/python3.12/site-packages/airflow/example_dags/example_task_group_decorator.py
[2024-12-18T20:48:08.360+0000] {processor.py:914} INFO - Processing file /home/ubuntu/demo8/lib/python3.12/site-packages/airflow/example_dags/example_task_group_decorator.py for tasks to queue
[2024-12-18T20:48:08.363+0000] {logging_mixin.py:190} INFO - [2024-12-18T20:48:08.362+0000] {dagbag.py:588} INFO - Filling up the DagBag from /home/ubuntu/demo8/lib/python3.12/site-packages/airflow/example_dags/example_task_group_decorator.py
[2024-12-18T20:48:08.381+0000] {processor.py:925} INFO - DAG(s) 'example_task_group_decorator' retrieved from /home/ubuntu/demo8/lib/python3.12/site-packages/airflow/example_dags/example_task_group_decorator.py
[2024-12-18T20:48:08.404+0000] {logging_mixin.py:190} INFO - [2024-12-18T20:48:08.404+0000] {dag.py:3239} INFO - Sync 1 DAGs
[2024-12-18T20:48:08.418+0000] {logging_mixin.py:190} INFO - [2024-12-18T20:48:08.418+0000] {dag.py:4180} INFO - Setting next_dagrun for example_task_group_decorator to None, run_after=None
[2024-12-18T20:48:08.451+0000] {processor.py:208} INFO - Processing /home/ubuntu/demo8/lib/python3.12/site-packages/airflow/example_dags/example_task_group_decorator.py took 0.098 seconds
[2024-12-18T20:49:06.216+0000] {processor.py:186} INFO - Started process (PID=6419) to work on /home/ubuntu/demo8/lib/python3.12/site-packages/airflow/example_dags/example_task_group_decorator.py
[2024-12-18T20:49:06.217+0000] {processor.py:914} INFO - Processing file /home/ubuntu/demo8/lib/python3.12/site-packages/airflow/example_dags/example_task_group_decorator.py for tasks to queue
[2024-12-18T20:49:06.220+0000] {logging_mixin.py:190} INFO - [2024-12-18T20:49:06.220+0000] {dagbag.py:588} INFO - Filling up the DagBag from /home/ubuntu/demo8/lib/python3.12/site-packages/airflow/example_dags/example_task_group_decorator.py
[2024-12-18T20:49:06.239+0000] {processor.py:925} INFO - DAG(s) 'example_task_group_decorator' retrieved from /home/ubuntu/demo8/lib/python3.12/site-packages/airflow/example_dags/example_task_group_decorator.py
[2024-12-18T20:49:06.262+0000] {logging_mixin.py:190} INFO - [2024-12-18T20:49:06.262+0000] {dag.py:3239} INFO - Sync 1 DAGs
[2024-12-18T20:49:06.277+0000] {logging_mixin.py:190} INFO - [2024-12-18T20:49:06.276+0000] {dag.py:4180} INFO - Setting next_dagrun for example_task_group_decorator to None, run_after=None
[2024-12-18T20:49:06.302+0000] {processor.py:208} INFO - Processing /home/ubuntu/demo8/lib/python3.12/site-packages/airflow/example_dags/example_task_group_decorator.py took 0.097 seconds
[2024-12-18T20:49:59.110+0000] {processor.py:186} INFO - Started process (PID=6593) to work on /home/ubuntu/demo8/lib/python3.12/site-packages/airflow/example_dags/example_task_group_decorator.py
[2024-12-18T20:49:59.112+0000] {processor.py:914} INFO - Processing file /home/ubuntu/demo8/lib/python3.12/site-packages/airflow/example_dags/example_task_group_decorator.py for tasks to queue
[2024-12-18T20:49:59.114+0000] {logging_mixin.py:190} INFO - [2024-12-18T20:49:59.114+0000] {dagbag.py:588} INFO - Filling up the DagBag from /home/ubuntu/demo8/lib/python3.12/site-packages/airflow/example_dags/example_task_group_decorator.py
[2024-12-18T20:49:59.133+0000] {processor.py:925} INFO - DAG(s) 'example_task_group_decorator' retrieved from /home/ubuntu/demo8/lib/python3.12/site-packages/airflow/example_dags/example_task_group_decorator.py
[2024-12-18T20:49:59.156+0000] {logging_mixin.py:190} INFO - [2024-12-18T20:49:59.156+0000] {dag.py:3239} INFO - Sync 1 DAGs
[2024-12-18T20:49:59.170+0000] {logging_mixin.py:190} INFO - [2024-12-18T20:49:59.170+0000] {dag.py:4180} INFO - Setting next_dagrun for example_task_group_decorator to None, run_after=None
[2024-12-18T20:49:59.195+0000] {processor.py:208} INFO - Processing /home/ubuntu/demo8/lib/python3.12/site-packages/airflow/example_dags/example_task_group_decorator.py took 0.095 seconds
[2024-12-18T20:50:55.784+0000] {processor.py:186} INFO - Started process (PID=6897) to work on /home/ubuntu/demo8/lib/python3.12/site-packages/airflow/example_dags/example_task_group_decorator.py
[2024-12-18T20:50:55.785+0000] {processor.py:914} INFO - Processing file /home/ubuntu/demo8/lib/python3.12/site-packages/airflow/example_dags/example_task_group_decorator.py for tasks to queue
[2024-12-18T20:50:55.788+0000] {logging_mixin.py:190} INFO - [2024-12-18T20:50:55.788+0000] {dagbag.py:588} INFO - Filling up the DagBag from /home/ubuntu/demo8/lib/python3.12/site-packages/airflow/example_dags/example_task_group_decorator.py
[2024-12-18T20:50:55.808+0000] {processor.py:925} INFO - DAG(s) 'example_task_group_decorator' retrieved from /home/ubuntu/demo8/lib/python3.12/site-packages/airflow/example_dags/example_task_group_decorator.py
[2024-12-18T20:50:55.832+0000] {logging_mixin.py:190} INFO - [2024-12-18T20:50:55.832+0000] {dag.py:3239} INFO - Sync 1 DAGs
[2024-12-18T20:50:55.847+0000] {logging_mixin.py:190} INFO - [2024-12-18T20:50:55.847+0000] {dag.py:4180} INFO - Setting next_dagrun for example_task_group_decorator to None, run_after=None
[2024-12-18T20:50:55.872+0000] {processor.py:208} INFO - Processing /home/ubuntu/demo8/lib/python3.12/site-packages/airflow/example_dags/example_task_group_decorator.py took 0.095 seconds
