[2024-12-18T15:44:36.029+0000] {processor.py:186} INFO - Started process (PID=3661) to work on /home/ubuntu/demo8/lib/python3.12/site-packages/airflow/example_dags/example_sensor_decorator.py
[2024-12-18T15:44:36.030+0000] {processor.py:914} INFO - Processing file /home/ubuntu/demo8/lib/python3.12/site-packages/airflow/example_dags/example_sensor_decorator.py for tasks to queue
[2024-12-18T15:44:36.032+0000] {logging_mixin.py:190} INFO - [2024-12-18T15:44:36.032+0000] {dagbag.py:588} INFO - Filling up the DagBag from /home/ubuntu/demo8/lib/python3.12/site-packages/airflow/example_dags/example_sensor_decorator.py
[2024-12-18T15:44:36.042+0000] {processor.py:925} INFO - DAG(s) 'example_sensor_decorator' retrieved from /home/ubuntu/demo8/lib/python3.12/site-packages/airflow/example_dags/example_sensor_decorator.py
[2024-12-18T15:44:36.161+0000] {logging_mixin.py:190} INFO - [2024-12-18T15:44:36.161+0000] {override.py:1911} INFO - Created Permission View: can read on DAG:example_sensor_decorator
[2024-12-18T15:44:36.174+0000] {logging_mixin.py:190} INFO - [2024-12-18T15:44:36.174+0000] {override.py:1911} INFO - Created Permission View: can delete on DAG:example_sensor_decorator
[2024-12-18T15:44:36.184+0000] {logging_mixin.py:190} INFO - [2024-12-18T15:44:36.183+0000] {override.py:1911} INFO - Created Permission View: can edit on DAG:example_sensor_decorator
[2024-12-18T15:44:36.199+0000] {logging_mixin.py:190} INFO - [2024-12-18T15:44:36.199+0000] {override.py:1911} INFO - Created Permission View: can create on DAG Run:example_sensor_decorator
[2024-12-18T15:44:36.209+0000] {logging_mixin.py:190} INFO - [2024-12-18T15:44:36.208+0000] {override.py:1911} INFO - Created Permission View: can read on DAG Run:example_sensor_decorator
[2024-12-18T15:44:36.218+0000] {logging_mixin.py:190} INFO - [2024-12-18T15:44:36.217+0000] {override.py:1911} INFO - Created Permission View: menu access on DAG Run:example_sensor_decorator
[2024-12-18T15:44:36.227+0000] {logging_mixin.py:190} INFO - [2024-12-18T15:44:36.227+0000] {override.py:1911} INFO - Created Permission View: can delete on DAG Run:example_sensor_decorator
[2024-12-18T15:44:36.228+0000] {logging_mixin.py:190} INFO - [2024-12-18T15:44:36.227+0000] {dag.py:3239} INFO - Sync 1 DAGs
[2024-12-18T15:44:36.242+0000] {logging_mixin.py:190} INFO - [2024-12-18T15:44:36.241+0000] {dag.py:3262} INFO - Creating ORM DAG for example_sensor_decorator
[2024-12-18T15:44:36.242+0000] {logging_mixin.py:190} INFO - [2024-12-18T15:44:36.242+0000] {dag.py:4180} INFO - Setting next_dagrun for example_sensor_decorator to None, run_after=None
[2024-12-18T15:44:36.261+0000] {processor.py:208} INFO - Processing /home/ubuntu/demo8/lib/python3.12/site-packages/airflow/example_dags/example_sensor_decorator.py took 0.237 seconds
[2024-12-18T15:45:43.090+0000] {processor.py:186} INFO - Started process (PID=3759) to work on /home/ubuntu/demo8/lib/python3.12/site-packages/airflow/example_dags/example_sensor_decorator.py
[2024-12-18T15:45:43.091+0000] {processor.py:914} INFO - Processing file /home/ubuntu/demo8/lib/python3.12/site-packages/airflow/example_dags/example_sensor_decorator.py for tasks to queue
[2024-12-18T15:45:43.094+0000] {logging_mixin.py:190} INFO - [2024-12-18T15:45:43.093+0000] {dagbag.py:588} INFO - Filling up the DagBag from /home/ubuntu/demo8/lib/python3.12/site-packages/airflow/example_dags/example_sensor_decorator.py
[2024-12-18T15:45:43.103+0000] {processor.py:925} INFO - DAG(s) 'example_sensor_decorator' retrieved from /home/ubuntu/demo8/lib/python3.12/site-packages/airflow/example_dags/example_sensor_decorator.py
[2024-12-18T15:45:43.120+0000] {logging_mixin.py:190} INFO - [2024-12-18T15:45:43.119+0000] {dag.py:3239} INFO - Sync 1 DAGs
[2024-12-18T15:45:43.134+0000] {logging_mixin.py:190} INFO - [2024-12-18T15:45:43.133+0000] {dag.py:4180} INFO - Setting next_dagrun for example_sensor_decorator to None, run_after=None
[2024-12-18T15:45:43.156+0000] {processor.py:208} INFO - Processing /home/ubuntu/demo8/lib/python3.12/site-packages/airflow/example_dags/example_sensor_decorator.py took 0.074 seconds
[2024-12-18T15:46:39.763+0000] {processor.py:186} INFO - Started process (PID=3819) to work on /home/ubuntu/demo8/lib/python3.12/site-packages/airflow/example_dags/example_sensor_decorator.py
[2024-12-18T15:46:39.765+0000] {processor.py:914} INFO - Processing file /home/ubuntu/demo8/lib/python3.12/site-packages/airflow/example_dags/example_sensor_decorator.py for tasks to queue
[2024-12-18T15:46:39.767+0000] {logging_mixin.py:190} INFO - [2024-12-18T15:46:39.767+0000] {dagbag.py:588} INFO - Filling up the DagBag from /home/ubuntu/demo8/lib/python3.12/site-packages/airflow/example_dags/example_sensor_decorator.py
[2024-12-18T15:46:39.776+0000] {processor.py:925} INFO - DAG(s) 'example_sensor_decorator' retrieved from /home/ubuntu/demo8/lib/python3.12/site-packages/airflow/example_dags/example_sensor_decorator.py
[2024-12-18T15:46:39.792+0000] {logging_mixin.py:190} INFO - [2024-12-18T15:46:39.792+0000] {dag.py:3239} INFO - Sync 1 DAGs
[2024-12-18T15:46:39.808+0000] {logging_mixin.py:190} INFO - [2024-12-18T15:46:39.806+0000] {dag.py:4180} INFO - Setting next_dagrun for example_sensor_decorator to None, run_after=None
[2024-12-18T15:46:39.852+0000] {processor.py:208} INFO - Processing /home/ubuntu/demo8/lib/python3.12/site-packages/airflow/example_dags/example_sensor_decorator.py took 0.095 seconds
[2024-12-18T15:47:35.191+0000] {processor.py:186} INFO - Started process (PID=4282) to work on /home/ubuntu/demo8/lib/python3.12/site-packages/airflow/example_dags/example_sensor_decorator.py
[2024-12-18T15:47:35.192+0000] {processor.py:914} INFO - Processing file /home/ubuntu/demo8/lib/python3.12/site-packages/airflow/example_dags/example_sensor_decorator.py for tasks to queue
[2024-12-18T15:47:35.194+0000] {logging_mixin.py:190} INFO - [2024-12-18T15:47:35.194+0000] {dagbag.py:588} INFO - Filling up the DagBag from /home/ubuntu/demo8/lib/python3.12/site-packages/airflow/example_dags/example_sensor_decorator.py
[2024-12-18T15:47:35.203+0000] {processor.py:925} INFO - DAG(s) 'example_sensor_decorator' retrieved from /home/ubuntu/demo8/lib/python3.12/site-packages/airflow/example_dags/example_sensor_decorator.py
[2024-12-18T15:47:35.220+0000] {logging_mixin.py:190} INFO - [2024-12-18T15:47:35.220+0000] {dag.py:3239} INFO - Sync 1 DAGs
[2024-12-18T15:47:35.234+0000] {logging_mixin.py:190} INFO - [2024-12-18T15:47:35.234+0000] {dag.py:4180} INFO - Setting next_dagrun for example_sensor_decorator to None, run_after=None
[2024-12-18T15:47:35.257+0000] {processor.py:208} INFO - Processing /home/ubuntu/demo8/lib/python3.12/site-packages/airflow/example_dags/example_sensor_decorator.py took 0.072 seconds
[2024-12-18T15:48:28.258+0000] {processor.py:186} INFO - Started process (PID=4338) to work on /home/ubuntu/demo8/lib/python3.12/site-packages/airflow/example_dags/example_sensor_decorator.py
[2024-12-18T15:48:28.260+0000] {processor.py:914} INFO - Processing file /home/ubuntu/demo8/lib/python3.12/site-packages/airflow/example_dags/example_sensor_decorator.py for tasks to queue
[2024-12-18T15:48:28.262+0000] {logging_mixin.py:190} INFO - [2024-12-18T15:48:28.261+0000] {dagbag.py:588} INFO - Filling up the DagBag from /home/ubuntu/demo8/lib/python3.12/site-packages/airflow/example_dags/example_sensor_decorator.py
[2024-12-18T15:48:28.271+0000] {processor.py:925} INFO - DAG(s) 'example_sensor_decorator' retrieved from /home/ubuntu/demo8/lib/python3.12/site-packages/airflow/example_dags/example_sensor_decorator.py
[2024-12-18T15:48:28.287+0000] {logging_mixin.py:190} INFO - [2024-12-18T15:48:28.287+0000] {dag.py:3239} INFO - Sync 1 DAGs
[2024-12-18T15:48:28.301+0000] {logging_mixin.py:190} INFO - [2024-12-18T15:48:28.301+0000] {dag.py:4180} INFO - Setting next_dagrun for example_sensor_decorator to None, run_after=None
[2024-12-18T15:48:28.322+0000] {processor.py:208} INFO - Processing /home/ubuntu/demo8/lib/python3.12/site-packages/airflow/example_dags/example_sensor_decorator.py took 0.070 seconds
[2024-12-18T15:49:26.833+0000] {processor.py:186} INFO - Started process (PID=4392) to work on /home/ubuntu/demo8/lib/python3.12/site-packages/airflow/example_dags/example_sensor_decorator.py
[2024-12-18T15:49:26.835+0000] {processor.py:914} INFO - Processing file /home/ubuntu/demo8/lib/python3.12/site-packages/airflow/example_dags/example_sensor_decorator.py for tasks to queue
[2024-12-18T15:49:26.837+0000] {logging_mixin.py:190} INFO - [2024-12-18T15:49:26.837+0000] {dagbag.py:588} INFO - Filling up the DagBag from /home/ubuntu/demo8/lib/python3.12/site-packages/airflow/example_dags/example_sensor_decorator.py
[2024-12-18T15:49:26.846+0000] {processor.py:925} INFO - DAG(s) 'example_sensor_decorator' retrieved from /home/ubuntu/demo8/lib/python3.12/site-packages/airflow/example_dags/example_sensor_decorator.py
[2024-12-18T15:49:26.863+0000] {logging_mixin.py:190} INFO - [2024-12-18T15:49:26.863+0000] {dag.py:3239} INFO - Sync 1 DAGs
[2024-12-18T15:49:26.986+0000] {logging_mixin.py:190} INFO - [2024-12-18T15:49:26.986+0000] {dag.py:4180} INFO - Setting next_dagrun for example_sensor_decorator to None, run_after=None
[2024-12-18T15:49:27.006+0000] {processor.py:208} INFO - Processing /home/ubuntu/demo8/lib/python3.12/site-packages/airflow/example_dags/example_sensor_decorator.py took 0.179 seconds
[2024-12-18T15:50:28.529+0000] {processor.py:186} INFO - Started process (PID=4454) to work on /home/ubuntu/demo8/lib/python3.12/site-packages/airflow/example_dags/example_sensor_decorator.py
[2024-12-18T15:50:28.531+0000] {processor.py:914} INFO - Processing file /home/ubuntu/demo8/lib/python3.12/site-packages/airflow/example_dags/example_sensor_decorator.py for tasks to queue
[2024-12-18T15:50:28.533+0000] {logging_mixin.py:190} INFO - [2024-12-18T15:50:28.533+0000] {dagbag.py:588} INFO - Filling up the DagBag from /home/ubuntu/demo8/lib/python3.12/site-packages/airflow/example_dags/example_sensor_decorator.py
[2024-12-18T15:50:28.543+0000] {processor.py:925} INFO - DAG(s) 'example_sensor_decorator' retrieved from /home/ubuntu/demo8/lib/python3.12/site-packages/airflow/example_dags/example_sensor_decorator.py
[2024-12-18T15:50:28.559+0000] {logging_mixin.py:190} INFO - [2024-12-18T15:50:28.559+0000] {dag.py:3239} INFO - Sync 1 DAGs
[2024-12-18T15:50:28.575+0000] {logging_mixin.py:190} INFO - [2024-12-18T15:50:28.575+0000] {dag.py:4180} INFO - Setting next_dagrun for example_sensor_decorator to None, run_after=None
[2024-12-18T15:50:28.598+0000] {processor.py:208} INFO - Processing /home/ubuntu/demo8/lib/python3.12/site-packages/airflow/example_dags/example_sensor_decorator.py took 0.075 seconds
[2024-12-18T15:51:23.658+0000] {processor.py:186} INFO - Started process (PID=4524) to work on /home/ubuntu/demo8/lib/python3.12/site-packages/airflow/example_dags/example_sensor_decorator.py
[2024-12-18T15:51:23.660+0000] {processor.py:914} INFO - Processing file /home/ubuntu/demo8/lib/python3.12/site-packages/airflow/example_dags/example_sensor_decorator.py for tasks to queue
[2024-12-18T15:51:23.662+0000] {logging_mixin.py:190} INFO - [2024-12-18T15:51:23.662+0000] {dagbag.py:588} INFO - Filling up the DagBag from /home/ubuntu/demo8/lib/python3.12/site-packages/airflow/example_dags/example_sensor_decorator.py
[2024-12-18T15:51:23.672+0000] {processor.py:925} INFO - DAG(s) 'example_sensor_decorator' retrieved from /home/ubuntu/demo8/lib/python3.12/site-packages/airflow/example_dags/example_sensor_decorator.py
[2024-12-18T15:51:23.688+0000] {logging_mixin.py:190} INFO - [2024-12-18T15:51:23.688+0000] {dag.py:3239} INFO - Sync 1 DAGs
[2024-12-18T15:51:23.703+0000] {logging_mixin.py:190} INFO - [2024-12-18T15:51:23.703+0000] {dag.py:4180} INFO - Setting next_dagrun for example_sensor_decorator to None, run_after=None
[2024-12-18T15:51:23.725+0000] {processor.py:208} INFO - Processing /home/ubuntu/demo8/lib/python3.12/site-packages/airflow/example_dags/example_sensor_decorator.py took 0.072 seconds
[2024-12-18T15:52:15.355+0000] {processor.py:186} INFO - Started process (PID=4577) to work on /home/ubuntu/demo8/lib/python3.12/site-packages/airflow/example_dags/example_sensor_decorator.py
[2024-12-18T15:52:15.356+0000] {processor.py:914} INFO - Processing file /home/ubuntu/demo8/lib/python3.12/site-packages/airflow/example_dags/example_sensor_decorator.py for tasks to queue
[2024-12-18T15:52:15.359+0000] {logging_mixin.py:190} INFO - [2024-12-18T15:52:15.358+0000] {dagbag.py:588} INFO - Filling up the DagBag from /home/ubuntu/demo8/lib/python3.12/site-packages/airflow/example_dags/example_sensor_decorator.py
[2024-12-18T15:52:15.368+0000] {processor.py:925} INFO - DAG(s) 'example_sensor_decorator' retrieved from /home/ubuntu/demo8/lib/python3.12/site-packages/airflow/example_dags/example_sensor_decorator.py
[2024-12-18T15:52:15.385+0000] {logging_mixin.py:190} INFO - [2024-12-18T15:52:15.385+0000] {dag.py:3239} INFO - Sync 1 DAGs
[2024-12-18T15:52:15.399+0000] {logging_mixin.py:190} INFO - [2024-12-18T15:52:15.399+0000] {dag.py:4180} INFO - Setting next_dagrun for example_sensor_decorator to None, run_after=None
[2024-12-18T15:52:15.422+0000] {processor.py:208} INFO - Processing /home/ubuntu/demo8/lib/python3.12/site-packages/airflow/example_dags/example_sensor_decorator.py took 0.074 seconds
[2024-12-18T15:53:11.153+0000] {processor.py:186} INFO - Started process (PID=4635) to work on /home/ubuntu/demo8/lib/python3.12/site-packages/airflow/example_dags/example_sensor_decorator.py
[2024-12-18T15:53:11.155+0000] {processor.py:914} INFO - Processing file /home/ubuntu/demo8/lib/python3.12/site-packages/airflow/example_dags/example_sensor_decorator.py for tasks to queue
[2024-12-18T15:53:11.157+0000] {logging_mixin.py:190} INFO - [2024-12-18T15:53:11.157+0000] {dagbag.py:588} INFO - Filling up the DagBag from /home/ubuntu/demo8/lib/python3.12/site-packages/airflow/example_dags/example_sensor_decorator.py
[2024-12-18T15:53:11.167+0000] {processor.py:925} INFO - DAG(s) 'example_sensor_decorator' retrieved from /home/ubuntu/demo8/lib/python3.12/site-packages/airflow/example_dags/example_sensor_decorator.py
[2024-12-18T15:53:11.183+0000] {logging_mixin.py:190} INFO - [2024-12-18T15:53:11.183+0000] {dag.py:3239} INFO - Sync 1 DAGs
[2024-12-18T15:53:11.197+0000] {logging_mixin.py:190} INFO - [2024-12-18T15:53:11.197+0000] {dag.py:4180} INFO - Setting next_dagrun for example_sensor_decorator to None, run_after=None
[2024-12-18T15:53:11.219+0000] {processor.py:208} INFO - Processing /home/ubuntu/demo8/lib/python3.12/site-packages/airflow/example_dags/example_sensor_decorator.py took 0.072 seconds
[2024-12-18T15:54:04.523+0000] {processor.py:186} INFO - Started process (PID=4704) to work on /home/ubuntu/demo8/lib/python3.12/site-packages/airflow/example_dags/example_sensor_decorator.py
[2024-12-18T15:54:04.525+0000] {processor.py:914} INFO - Processing file /home/ubuntu/demo8/lib/python3.12/site-packages/airflow/example_dags/example_sensor_decorator.py for tasks to queue
[2024-12-18T15:54:04.527+0000] {logging_mixin.py:190} INFO - [2024-12-18T15:54:04.526+0000] {dagbag.py:588} INFO - Filling up the DagBag from /home/ubuntu/demo8/lib/python3.12/site-packages/airflow/example_dags/example_sensor_decorator.py
[2024-12-18T15:54:04.537+0000] {processor.py:925} INFO - DAG(s) 'example_sensor_decorator' retrieved from /home/ubuntu/demo8/lib/python3.12/site-packages/airflow/example_dags/example_sensor_decorator.py
[2024-12-18T15:54:04.554+0000] {logging_mixin.py:190} INFO - [2024-12-18T15:54:04.554+0000] {dag.py:3239} INFO - Sync 1 DAGs
[2024-12-18T15:54:04.568+0000] {logging_mixin.py:190} INFO - [2024-12-18T15:54:04.568+0000] {dag.py:4180} INFO - Setting next_dagrun for example_sensor_decorator to None, run_after=None
[2024-12-18T15:54:04.590+0000] {processor.py:208} INFO - Processing /home/ubuntu/demo8/lib/python3.12/site-packages/airflow/example_dags/example_sensor_decorator.py took 0.073 seconds
[2024-12-18T15:54:49.797+0000] {processor.py:186} INFO - Started process (PID=4762) to work on /home/ubuntu/demo8/lib/python3.12/site-packages/airflow/example_dags/example_sensor_decorator.py
[2024-12-18T15:54:49.798+0000] {processor.py:914} INFO - Processing file /home/ubuntu/demo8/lib/python3.12/site-packages/airflow/example_dags/example_sensor_decorator.py for tasks to queue
[2024-12-18T15:54:49.801+0000] {logging_mixin.py:190} INFO - [2024-12-18T15:54:49.800+0000] {dagbag.py:588} INFO - Filling up the DagBag from /home/ubuntu/demo8/lib/python3.12/site-packages/airflow/example_dags/example_sensor_decorator.py
[2024-12-18T15:54:49.810+0000] {processor.py:925} INFO - DAG(s) 'example_sensor_decorator' retrieved from /home/ubuntu/demo8/lib/python3.12/site-packages/airflow/example_dags/example_sensor_decorator.py
[2024-12-18T15:54:49.829+0000] {logging_mixin.py:190} INFO - [2024-12-18T15:54:49.829+0000] {dag.py:3239} INFO - Sync 1 DAGs
[2024-12-18T15:54:49.845+0000] {logging_mixin.py:190} INFO - [2024-12-18T15:54:49.844+0000] {dag.py:4180} INFO - Setting next_dagrun for example_sensor_decorator to None, run_after=None
[2024-12-18T15:54:49.868+0000] {processor.py:208} INFO - Processing /home/ubuntu/demo8/lib/python3.12/site-packages/airflow/example_dags/example_sensor_decorator.py took 0.077 seconds
[2024-12-18T15:55:46.761+0000] {processor.py:186} INFO - Started process (PID=4825) to work on /home/ubuntu/demo8/lib/python3.12/site-packages/airflow/example_dags/example_sensor_decorator.py
[2024-12-18T15:55:46.762+0000] {processor.py:914} INFO - Processing file /home/ubuntu/demo8/lib/python3.12/site-packages/airflow/example_dags/example_sensor_decorator.py for tasks to queue
[2024-12-18T15:55:46.764+0000] {logging_mixin.py:190} INFO - [2024-12-18T15:55:46.764+0000] {dagbag.py:588} INFO - Filling up the DagBag from /home/ubuntu/demo8/lib/python3.12/site-packages/airflow/example_dags/example_sensor_decorator.py
[2024-12-18T15:55:46.774+0000] {processor.py:925} INFO - DAG(s) 'example_sensor_decorator' retrieved from /home/ubuntu/demo8/lib/python3.12/site-packages/airflow/example_dags/example_sensor_decorator.py
[2024-12-18T15:55:46.791+0000] {logging_mixin.py:190} INFO - [2024-12-18T15:55:46.790+0000] {dag.py:3239} INFO - Sync 1 DAGs
[2024-12-18T15:55:46.805+0000] {logging_mixin.py:190} INFO - [2024-12-18T15:55:46.805+0000] {dag.py:4180} INFO - Setting next_dagrun for example_sensor_decorator to None, run_after=None
[2024-12-18T15:55:46.827+0000] {processor.py:208} INFO - Processing /home/ubuntu/demo8/lib/python3.12/site-packages/airflow/example_dags/example_sensor_decorator.py took 0.073 seconds
[2024-12-18T15:57:17.316+0000] {processor.py:186} INFO - Started process (PID=4912) to work on /home/ubuntu/demo8/lib/python3.12/site-packages/airflow/example_dags/example_sensor_decorator.py
[2024-12-18T15:57:17.317+0000] {processor.py:914} INFO - Processing file /home/ubuntu/demo8/lib/python3.12/site-packages/airflow/example_dags/example_sensor_decorator.py for tasks to queue
[2024-12-18T15:57:17.319+0000] {logging_mixin.py:190} INFO - [2024-12-18T15:57:17.319+0000] {dagbag.py:588} INFO - Filling up the DagBag from /home/ubuntu/demo8/lib/python3.12/site-packages/airflow/example_dags/example_sensor_decorator.py
[2024-12-18T15:57:17.329+0000] {processor.py:925} INFO - DAG(s) 'example_sensor_decorator' retrieved from /home/ubuntu/demo8/lib/python3.12/site-packages/airflow/example_dags/example_sensor_decorator.py
[2024-12-18T15:57:17.348+0000] {logging_mixin.py:190} INFO - [2024-12-18T15:57:17.348+0000] {dag.py:3239} INFO - Sync 1 DAGs
[2024-12-18T15:57:17.364+0000] {logging_mixin.py:190} INFO - [2024-12-18T15:57:17.363+0000] {dag.py:4180} INFO - Setting next_dagrun for example_sensor_decorator to None, run_after=None
[2024-12-18T15:57:17.387+0000] {processor.py:208} INFO - Processing /home/ubuntu/demo8/lib/python3.12/site-packages/airflow/example_dags/example_sensor_decorator.py took 0.077 seconds
[2024-12-18T15:58:14.266+0000] {processor.py:186} INFO - Started process (PID=4970) to work on /home/ubuntu/demo8/lib/python3.12/site-packages/airflow/example_dags/example_sensor_decorator.py
[2024-12-18T15:58:14.267+0000] {processor.py:914} INFO - Processing file /home/ubuntu/demo8/lib/python3.12/site-packages/airflow/example_dags/example_sensor_decorator.py for tasks to queue
[2024-12-18T15:58:14.269+0000] {logging_mixin.py:190} INFO - [2024-12-18T15:58:14.269+0000] {dagbag.py:588} INFO - Filling up the DagBag from /home/ubuntu/demo8/lib/python3.12/site-packages/airflow/example_dags/example_sensor_decorator.py
[2024-12-18T15:58:14.278+0000] {processor.py:925} INFO - DAG(s) 'example_sensor_decorator' retrieved from /home/ubuntu/demo8/lib/python3.12/site-packages/airflow/example_dags/example_sensor_decorator.py
[2024-12-18T15:58:14.294+0000] {logging_mixin.py:190} INFO - [2024-12-18T15:58:14.294+0000] {dag.py:3239} INFO - Sync 1 DAGs
[2024-12-18T15:58:14.308+0000] {logging_mixin.py:190} INFO - [2024-12-18T15:58:14.308+0000] {dag.py:4180} INFO - Setting next_dagrun for example_sensor_decorator to None, run_after=None
[2024-12-18T15:58:14.330+0000] {processor.py:208} INFO - Processing /home/ubuntu/demo8/lib/python3.12/site-packages/airflow/example_dags/example_sensor_decorator.py took 0.071 seconds
[2024-12-18T15:59:11.024+0000] {processor.py:186} INFO - Started process (PID=5028) to work on /home/ubuntu/demo8/lib/python3.12/site-packages/airflow/example_dags/example_sensor_decorator.py
[2024-12-18T15:59:11.026+0000] {processor.py:914} INFO - Processing file /home/ubuntu/demo8/lib/python3.12/site-packages/airflow/example_dags/example_sensor_decorator.py for tasks to queue
[2024-12-18T15:59:11.028+0000] {logging_mixin.py:190} INFO - [2024-12-18T15:59:11.027+0000] {dagbag.py:588} INFO - Filling up the DagBag from /home/ubuntu/demo8/lib/python3.12/site-packages/airflow/example_dags/example_sensor_decorator.py
[2024-12-18T15:59:11.037+0000] {processor.py:925} INFO - DAG(s) 'example_sensor_decorator' retrieved from /home/ubuntu/demo8/lib/python3.12/site-packages/airflow/example_dags/example_sensor_decorator.py
[2024-12-18T15:59:11.054+0000] {logging_mixin.py:190} INFO - [2024-12-18T15:59:11.053+0000] {dag.py:3239} INFO - Sync 1 DAGs
[2024-12-18T15:59:11.068+0000] {logging_mixin.py:190} INFO - [2024-12-18T15:59:11.068+0000] {dag.py:4180} INFO - Setting next_dagrun for example_sensor_decorator to None, run_after=None
[2024-12-18T15:59:11.091+0000] {processor.py:208} INFO - Processing /home/ubuntu/demo8/lib/python3.12/site-packages/airflow/example_dags/example_sensor_decorator.py took 0.073 seconds
[2024-12-18T16:00:16.131+0000] {processor.py:186} INFO - Started process (PID=5093) to work on /home/ubuntu/demo8/lib/python3.12/site-packages/airflow/example_dags/example_sensor_decorator.py
[2024-12-18T16:00:16.132+0000] {processor.py:914} INFO - Processing file /home/ubuntu/demo8/lib/python3.12/site-packages/airflow/example_dags/example_sensor_decorator.py for tasks to queue
[2024-12-18T16:00:16.134+0000] {logging_mixin.py:190} INFO - [2024-12-18T16:00:16.134+0000] {dagbag.py:588} INFO - Filling up the DagBag from /home/ubuntu/demo8/lib/python3.12/site-packages/airflow/example_dags/example_sensor_decorator.py
[2024-12-18T16:00:16.143+0000] {processor.py:925} INFO - DAG(s) 'example_sensor_decorator' retrieved from /home/ubuntu/demo8/lib/python3.12/site-packages/airflow/example_dags/example_sensor_decorator.py
[2024-12-18T16:00:16.162+0000] {logging_mixin.py:190} INFO - [2024-12-18T16:00:16.161+0000] {dag.py:3239} INFO - Sync 1 DAGs
[2024-12-18T16:00:16.176+0000] {logging_mixin.py:190} INFO - [2024-12-18T16:00:16.176+0000] {dag.py:4180} INFO - Setting next_dagrun for example_sensor_decorator to None, run_after=None
[2024-12-18T16:00:16.198+0000] {processor.py:208} INFO - Processing /home/ubuntu/demo8/lib/python3.12/site-packages/airflow/example_dags/example_sensor_decorator.py took 0.073 seconds
[2024-12-18T16:01:13.083+0000] {processor.py:186} INFO - Started process (PID=5155) to work on /home/ubuntu/demo8/lib/python3.12/site-packages/airflow/example_dags/example_sensor_decorator.py
[2024-12-18T16:01:13.084+0000] {processor.py:914} INFO - Processing file /home/ubuntu/demo8/lib/python3.12/site-packages/airflow/example_dags/example_sensor_decorator.py for tasks to queue
[2024-12-18T16:01:13.086+0000] {logging_mixin.py:190} INFO - [2024-12-18T16:01:13.086+0000] {dagbag.py:588} INFO - Filling up the DagBag from /home/ubuntu/demo8/lib/python3.12/site-packages/airflow/example_dags/example_sensor_decorator.py
[2024-12-18T16:01:13.096+0000] {processor.py:925} INFO - DAG(s) 'example_sensor_decorator' retrieved from /home/ubuntu/demo8/lib/python3.12/site-packages/airflow/example_dags/example_sensor_decorator.py
[2024-12-18T16:01:13.112+0000] {logging_mixin.py:190} INFO - [2024-12-18T16:01:13.112+0000] {dag.py:3239} INFO - Sync 1 DAGs
[2024-12-18T16:01:13.126+0000] {logging_mixin.py:190} INFO - [2024-12-18T16:01:13.126+0000] {dag.py:4180} INFO - Setting next_dagrun for example_sensor_decorator to None, run_after=None
[2024-12-18T16:01:13.149+0000] {processor.py:208} INFO - Processing /home/ubuntu/demo8/lib/python3.12/site-packages/airflow/example_dags/example_sensor_decorator.py took 0.072 seconds
[2024-12-18T16:02:08.605+0000] {processor.py:186} INFO - Started process (PID=5214) to work on /home/ubuntu/demo8/lib/python3.12/site-packages/airflow/example_dags/example_sensor_decorator.py
[2024-12-18T16:02:08.606+0000] {processor.py:914} INFO - Processing file /home/ubuntu/demo8/lib/python3.12/site-packages/airflow/example_dags/example_sensor_decorator.py for tasks to queue
[2024-12-18T16:02:08.608+0000] {logging_mixin.py:190} INFO - [2024-12-18T16:02:08.608+0000] {dagbag.py:588} INFO - Filling up the DagBag from /home/ubuntu/demo8/lib/python3.12/site-packages/airflow/example_dags/example_sensor_decorator.py
[2024-12-18T16:02:08.618+0000] {processor.py:925} INFO - DAG(s) 'example_sensor_decorator' retrieved from /home/ubuntu/demo8/lib/python3.12/site-packages/airflow/example_dags/example_sensor_decorator.py
[2024-12-18T16:02:08.634+0000] {logging_mixin.py:190} INFO - [2024-12-18T16:02:08.634+0000] {dag.py:3239} INFO - Sync 1 DAGs
[2024-12-18T16:02:08.648+0000] {logging_mixin.py:190} INFO - [2024-12-18T16:02:08.648+0000] {dag.py:4180} INFO - Setting next_dagrun for example_sensor_decorator to None, run_after=None
[2024-12-18T16:02:08.671+0000] {processor.py:208} INFO - Processing /home/ubuntu/demo8/lib/python3.12/site-packages/airflow/example_dags/example_sensor_decorator.py took 0.073 seconds
[2024-12-18T16:03:03.366+0000] {processor.py:186} INFO - Started process (PID=5269) to work on /home/ubuntu/demo8/lib/python3.12/site-packages/airflow/example_dags/example_sensor_decorator.py
[2024-12-18T16:03:03.368+0000] {processor.py:914} INFO - Processing file /home/ubuntu/demo8/lib/python3.12/site-packages/airflow/example_dags/example_sensor_decorator.py for tasks to queue
[2024-12-18T16:03:03.370+0000] {logging_mixin.py:190} INFO - [2024-12-18T16:03:03.370+0000] {dagbag.py:588} INFO - Filling up the DagBag from /home/ubuntu/demo8/lib/python3.12/site-packages/airflow/example_dags/example_sensor_decorator.py
[2024-12-18T16:03:03.379+0000] {processor.py:925} INFO - DAG(s) 'example_sensor_decorator' retrieved from /home/ubuntu/demo8/lib/python3.12/site-packages/airflow/example_dags/example_sensor_decorator.py
[2024-12-18T16:03:03.396+0000] {logging_mixin.py:190} INFO - [2024-12-18T16:03:03.396+0000] {dag.py:3239} INFO - Sync 1 DAGs
[2024-12-18T16:03:03.410+0000] {logging_mixin.py:190} INFO - [2024-12-18T16:03:03.410+0000] {dag.py:4180} INFO - Setting next_dagrun for example_sensor_decorator to None, run_after=None
[2024-12-18T16:03:03.433+0000] {processor.py:208} INFO - Processing /home/ubuntu/demo8/lib/python3.12/site-packages/airflow/example_dags/example_sensor_decorator.py took 0.073 seconds
[2024-12-18T20:29:43.138+0000] {processor.py:186} INFO - Started process (PID=2749) to work on /home/ubuntu/demo8/lib/python3.12/site-packages/airflow/example_dags/example_sensor_decorator.py
[2024-12-18T20:29:43.140+0000] {processor.py:914} INFO - Processing file /home/ubuntu/demo8/lib/python3.12/site-packages/airflow/example_dags/example_sensor_decorator.py for tasks to queue
[2024-12-18T20:29:43.142+0000] {logging_mixin.py:190} INFO - [2024-12-18T20:29:43.142+0000] {dagbag.py:588} INFO - Filling up the DagBag from /home/ubuntu/demo8/lib/python3.12/site-packages/airflow/example_dags/example_sensor_decorator.py
[2024-12-18T20:29:43.151+0000] {processor.py:925} INFO - DAG(s) 'example_sensor_decorator' retrieved from /home/ubuntu/demo8/lib/python3.12/site-packages/airflow/example_dags/example_sensor_decorator.py
[2024-12-18T20:29:43.170+0000] {logging_mixin.py:190} INFO - [2024-12-18T20:29:43.169+0000] {dag.py:3239} INFO - Sync 1 DAGs
[2024-12-18T20:29:43.185+0000] {logging_mixin.py:190} INFO - [2024-12-18T20:29:43.185+0000] {dag.py:4180} INFO - Setting next_dagrun for example_sensor_decorator to None, run_after=None
[2024-12-18T20:29:43.207+0000] {processor.py:208} INFO - Processing /home/ubuntu/demo8/lib/python3.12/site-packages/airflow/example_dags/example_sensor_decorator.py took 0.075 seconds
[2024-12-18T20:30:41.252+0000] {processor.py:186} INFO - Started process (PID=2932) to work on /home/ubuntu/demo8/lib/python3.12/site-packages/airflow/example_dags/example_sensor_decorator.py
[2024-12-18T20:30:41.254+0000] {processor.py:914} INFO - Processing file /home/ubuntu/demo8/lib/python3.12/site-packages/airflow/example_dags/example_sensor_decorator.py for tasks to queue
[2024-12-18T20:30:41.256+0000] {logging_mixin.py:190} INFO - [2024-12-18T20:30:41.255+0000] {dagbag.py:588} INFO - Filling up the DagBag from /home/ubuntu/demo8/lib/python3.12/site-packages/airflow/example_dags/example_sensor_decorator.py
[2024-12-18T20:30:41.265+0000] {processor.py:925} INFO - DAG(s) 'example_sensor_decorator' retrieved from /home/ubuntu/demo8/lib/python3.12/site-packages/airflow/example_dags/example_sensor_decorator.py
[2024-12-18T20:30:41.281+0000] {logging_mixin.py:190} INFO - [2024-12-18T20:30:41.281+0000] {dag.py:3239} INFO - Sync 1 DAGs
[2024-12-18T20:30:41.296+0000] {logging_mixin.py:190} INFO - [2024-12-18T20:30:41.296+0000] {dag.py:4180} INFO - Setting next_dagrun for example_sensor_decorator to None, run_after=None
[2024-12-18T20:30:41.319+0000] {processor.py:208} INFO - Processing /home/ubuntu/demo8/lib/python3.12/site-packages/airflow/example_dags/example_sensor_decorator.py took 0.073 seconds
[2024-12-18T20:31:37.871+0000] {processor.py:186} INFO - Started process (PID=3148) to work on /home/ubuntu/demo8/lib/python3.12/site-packages/airflow/example_dags/example_sensor_decorator.py
[2024-12-18T20:31:37.872+0000] {processor.py:914} INFO - Processing file /home/ubuntu/demo8/lib/python3.12/site-packages/airflow/example_dags/example_sensor_decorator.py for tasks to queue
[2024-12-18T20:31:37.875+0000] {logging_mixin.py:190} INFO - [2024-12-18T20:31:37.875+0000] {dagbag.py:588} INFO - Filling up the DagBag from /home/ubuntu/demo8/lib/python3.12/site-packages/airflow/example_dags/example_sensor_decorator.py
[2024-12-18T20:31:37.884+0000] {processor.py:925} INFO - DAG(s) 'example_sensor_decorator' retrieved from /home/ubuntu/demo8/lib/python3.12/site-packages/airflow/example_dags/example_sensor_decorator.py
[2024-12-18T20:31:37.900+0000] {logging_mixin.py:190} INFO - [2024-12-18T20:31:37.900+0000] {dag.py:3239} INFO - Sync 1 DAGs
[2024-12-18T20:31:37.915+0000] {logging_mixin.py:190} INFO - [2024-12-18T20:31:37.915+0000] {dag.py:4180} INFO - Setting next_dagrun for example_sensor_decorator to None, run_after=None
[2024-12-18T20:31:37.940+0000] {processor.py:208} INFO - Processing /home/ubuntu/demo8/lib/python3.12/site-packages/airflow/example_dags/example_sensor_decorator.py took 0.074 seconds
[2024-12-18T20:32:33.153+0000] {processor.py:186} INFO - Started process (PID=3371) to work on /home/ubuntu/demo8/lib/python3.12/site-packages/airflow/example_dags/example_sensor_decorator.py
[2024-12-18T20:32:33.154+0000] {processor.py:914} INFO - Processing file /home/ubuntu/demo8/lib/python3.12/site-packages/airflow/example_dags/example_sensor_decorator.py for tasks to queue
[2024-12-18T20:32:33.156+0000] {logging_mixin.py:190} INFO - [2024-12-18T20:32:33.156+0000] {dagbag.py:588} INFO - Filling up the DagBag from /home/ubuntu/demo8/lib/python3.12/site-packages/airflow/example_dags/example_sensor_decorator.py
[2024-12-18T20:32:33.166+0000] {processor.py:925} INFO - DAG(s) 'example_sensor_decorator' retrieved from /home/ubuntu/demo8/lib/python3.12/site-packages/airflow/example_dags/example_sensor_decorator.py
[2024-12-18T20:32:33.182+0000] {logging_mixin.py:190} INFO - [2024-12-18T20:32:33.181+0000] {dag.py:3239} INFO - Sync 1 DAGs
[2024-12-18T20:32:33.195+0000] {logging_mixin.py:190} INFO - [2024-12-18T20:32:33.195+0000] {dag.py:4180} INFO - Setting next_dagrun for example_sensor_decorator to None, run_after=None
[2024-12-18T20:32:33.230+0000] {processor.py:208} INFO - Processing /home/ubuntu/demo8/lib/python3.12/site-packages/airflow/example_dags/example_sensor_decorator.py took 0.084 seconds
[2024-12-18T20:33:28.394+0000] {processor.py:186} INFO - Started process (PID=3520) to work on /home/ubuntu/demo8/lib/python3.12/site-packages/airflow/example_dags/example_sensor_decorator.py
[2024-12-18T20:33:28.396+0000] {processor.py:914} INFO - Processing file /home/ubuntu/demo8/lib/python3.12/site-packages/airflow/example_dags/example_sensor_decorator.py for tasks to queue
[2024-12-18T20:33:28.398+0000] {logging_mixin.py:190} INFO - [2024-12-18T20:33:28.398+0000] {dagbag.py:588} INFO - Filling up the DagBag from /home/ubuntu/demo8/lib/python3.12/site-packages/airflow/example_dags/example_sensor_decorator.py
[2024-12-18T20:33:28.408+0000] {processor.py:925} INFO - DAG(s) 'example_sensor_decorator' retrieved from /home/ubuntu/demo8/lib/python3.12/site-packages/airflow/example_dags/example_sensor_decorator.py
[2024-12-18T20:33:28.424+0000] {logging_mixin.py:190} INFO - [2024-12-18T20:33:28.424+0000] {dag.py:3239} INFO - Sync 1 DAGs
[2024-12-18T20:33:28.438+0000] {logging_mixin.py:190} INFO - [2024-12-18T20:33:28.438+0000] {dag.py:4180} INFO - Setting next_dagrun for example_sensor_decorator to None, run_after=None
[2024-12-18T20:33:28.462+0000] {processor.py:208} INFO - Processing /home/ubuntu/demo8/lib/python3.12/site-packages/airflow/example_dags/example_sensor_decorator.py took 0.074 seconds
[2024-12-18T20:34:37.470+0000] {processor.py:186} INFO - Started process (PID=3705) to work on /home/ubuntu/demo8/lib/python3.12/site-packages/airflow/example_dags/example_sensor_decorator.py
[2024-12-18T20:34:37.472+0000] {processor.py:914} INFO - Processing file /home/ubuntu/demo8/lib/python3.12/site-packages/airflow/example_dags/example_sensor_decorator.py for tasks to queue
[2024-12-18T20:34:37.474+0000] {logging_mixin.py:190} INFO - [2024-12-18T20:34:37.474+0000] {dagbag.py:588} INFO - Filling up the DagBag from /home/ubuntu/demo8/lib/python3.12/site-packages/airflow/example_dags/example_sensor_decorator.py
[2024-12-18T20:34:37.616+0000] {processor.py:925} INFO - DAG(s) 'example_sensor_decorator' retrieved from /home/ubuntu/demo8/lib/python3.12/site-packages/airflow/example_dags/example_sensor_decorator.py
[2024-12-18T20:34:37.628+0000] {logging_mixin.py:190} INFO - [2024-12-18T20:34:37.627+0000] {dag.py:3239} INFO - Sync 1 DAGs
[2024-12-18T20:34:37.639+0000] {logging_mixin.py:190} INFO - [2024-12-18T20:34:37.639+0000] {dag.py:4180} INFO - Setting next_dagrun for example_sensor_decorator to None, run_after=None
[2024-12-18T20:34:37.659+0000] {processor.py:208} INFO - Processing /home/ubuntu/demo8/lib/python3.12/site-packages/airflow/example_dags/example_sensor_decorator.py took 0.194 seconds
[2024-12-18T20:35:34.981+0000] {processor.py:186} INFO - Started process (PID=3828) to work on /home/ubuntu/demo8/lib/python3.12/site-packages/airflow/example_dags/example_sensor_decorator.py
[2024-12-18T20:35:34.982+0000] {processor.py:914} INFO - Processing file /home/ubuntu/demo8/lib/python3.12/site-packages/airflow/example_dags/example_sensor_decorator.py for tasks to queue
[2024-12-18T20:35:34.984+0000] {logging_mixin.py:190} INFO - [2024-12-18T20:35:34.984+0000] {dagbag.py:588} INFO - Filling up the DagBag from /home/ubuntu/demo8/lib/python3.12/site-packages/airflow/example_dags/example_sensor_decorator.py
[2024-12-18T20:35:34.994+0000] {processor.py:925} INFO - DAG(s) 'example_sensor_decorator' retrieved from /home/ubuntu/demo8/lib/python3.12/site-packages/airflow/example_dags/example_sensor_decorator.py
[2024-12-18T20:35:35.011+0000] {logging_mixin.py:190} INFO - [2024-12-18T20:35:35.011+0000] {dag.py:3239} INFO - Sync 1 DAGs
[2024-12-18T20:35:35.025+0000] {logging_mixin.py:190} INFO - [2024-12-18T20:35:35.025+0000] {dag.py:4180} INFO - Setting next_dagrun for example_sensor_decorator to None, run_after=None
[2024-12-18T20:35:35.049+0000] {processor.py:208} INFO - Processing /home/ubuntu/demo8/lib/python3.12/site-packages/airflow/example_dags/example_sensor_decorator.py took 0.074 seconds
[2024-12-18T20:36:34.106+0000] {processor.py:186} INFO - Started process (PID=3949) to work on /home/ubuntu/demo8/lib/python3.12/site-packages/airflow/example_dags/example_sensor_decorator.py
[2024-12-18T20:36:34.108+0000] {processor.py:914} INFO - Processing file /home/ubuntu/demo8/lib/python3.12/site-packages/airflow/example_dags/example_sensor_decorator.py for tasks to queue
[2024-12-18T20:36:34.111+0000] {logging_mixin.py:190} INFO - [2024-12-18T20:36:34.110+0000] {dagbag.py:588} INFO - Filling up the DagBag from /home/ubuntu/demo8/lib/python3.12/site-packages/airflow/example_dags/example_sensor_decorator.py
[2024-12-18T20:36:34.120+0000] {processor.py:925} INFO - DAG(s) 'example_sensor_decorator' retrieved from /home/ubuntu/demo8/lib/python3.12/site-packages/airflow/example_dags/example_sensor_decorator.py
[2024-12-18T20:36:34.136+0000] {logging_mixin.py:190} INFO - [2024-12-18T20:36:34.136+0000] {dag.py:3239} INFO - Sync 1 DAGs
[2024-12-18T20:36:34.151+0000] {logging_mixin.py:190} INFO - [2024-12-18T20:36:34.151+0000] {dag.py:4180} INFO - Setting next_dagrun for example_sensor_decorator to None, run_after=None
[2024-12-18T20:36:34.174+0000] {processor.py:208} INFO - Processing /home/ubuntu/demo8/lib/python3.12/site-packages/airflow/example_dags/example_sensor_decorator.py took 0.075 seconds
[2024-12-18T20:37:28.823+0000] {processor.py:186} INFO - Started process (PID=4068) to work on /home/ubuntu/demo8/lib/python3.12/site-packages/airflow/example_dags/example_sensor_decorator.py
[2024-12-18T20:37:28.825+0000] {processor.py:914} INFO - Processing file /home/ubuntu/demo8/lib/python3.12/site-packages/airflow/example_dags/example_sensor_decorator.py for tasks to queue
[2024-12-18T20:37:28.827+0000] {logging_mixin.py:190} INFO - [2024-12-18T20:37:28.827+0000] {dagbag.py:588} INFO - Filling up the DagBag from /home/ubuntu/demo8/lib/python3.12/site-packages/airflow/example_dags/example_sensor_decorator.py
[2024-12-18T20:37:28.837+0000] {processor.py:925} INFO - DAG(s) 'example_sensor_decorator' retrieved from /home/ubuntu/demo8/lib/python3.12/site-packages/airflow/example_dags/example_sensor_decorator.py
[2024-12-18T20:37:28.853+0000] {logging_mixin.py:190} INFO - [2024-12-18T20:37:28.853+0000] {dag.py:3239} INFO - Sync 1 DAGs
[2024-12-18T20:37:28.868+0000] {logging_mixin.py:190} INFO - [2024-12-18T20:37:28.867+0000] {dag.py:4180} INFO - Setting next_dagrun for example_sensor_decorator to None, run_after=None
[2024-12-18T20:37:28.891+0000] {processor.py:208} INFO - Processing /home/ubuntu/demo8/lib/python3.12/site-packages/airflow/example_dags/example_sensor_decorator.py took 0.074 seconds
[2024-12-18T20:38:23.486+0000] {processor.py:186} INFO - Started process (PID=4183) to work on /home/ubuntu/demo8/lib/python3.12/site-packages/airflow/example_dags/example_sensor_decorator.py
[2024-12-18T20:38:23.488+0000] {processor.py:914} INFO - Processing file /home/ubuntu/demo8/lib/python3.12/site-packages/airflow/example_dags/example_sensor_decorator.py for tasks to queue
[2024-12-18T20:38:23.490+0000] {logging_mixin.py:190} INFO - [2024-12-18T20:38:23.490+0000] {dagbag.py:588} INFO - Filling up the DagBag from /home/ubuntu/demo8/lib/python3.12/site-packages/airflow/example_dags/example_sensor_decorator.py
[2024-12-18T20:38:23.500+0000] {processor.py:925} INFO - DAG(s) 'example_sensor_decorator' retrieved from /home/ubuntu/demo8/lib/python3.12/site-packages/airflow/example_dags/example_sensor_decorator.py
[2024-12-18T20:38:23.516+0000] {logging_mixin.py:190} INFO - [2024-12-18T20:38:23.516+0000] {dag.py:3239} INFO - Sync 1 DAGs
[2024-12-18T20:38:23.530+0000] {logging_mixin.py:190} INFO - [2024-12-18T20:38:23.530+0000] {dag.py:4180} INFO - Setting next_dagrun for example_sensor_decorator to None, run_after=None
[2024-12-18T20:38:23.552+0000] {processor.py:208} INFO - Processing /home/ubuntu/demo8/lib/python3.12/site-packages/airflow/example_dags/example_sensor_decorator.py took 0.072 seconds
[2024-12-18T20:39:18.838+0000] {processor.py:186} INFO - Started process (PID=4300) to work on /home/ubuntu/demo8/lib/python3.12/site-packages/airflow/example_dags/example_sensor_decorator.py
[2024-12-18T20:39:18.840+0000] {processor.py:914} INFO - Processing file /home/ubuntu/demo8/lib/python3.12/site-packages/airflow/example_dags/example_sensor_decorator.py for tasks to queue
[2024-12-18T20:39:18.842+0000] {logging_mixin.py:190} INFO - [2024-12-18T20:39:18.842+0000] {dagbag.py:588} INFO - Filling up the DagBag from /home/ubuntu/demo8/lib/python3.12/site-packages/airflow/example_dags/example_sensor_decorator.py
[2024-12-18T20:39:18.852+0000] {processor.py:925} INFO - DAG(s) 'example_sensor_decorator' retrieved from /home/ubuntu/demo8/lib/python3.12/site-packages/airflow/example_dags/example_sensor_decorator.py
[2024-12-18T20:39:18.869+0000] {logging_mixin.py:190} INFO - [2024-12-18T20:39:18.869+0000] {dag.py:3239} INFO - Sync 1 DAGs
[2024-12-18T20:39:18.884+0000] {logging_mixin.py:190} INFO - [2024-12-18T20:39:18.884+0000] {dag.py:4180} INFO - Setting next_dagrun for example_sensor_decorator to None, run_after=None
[2024-12-18T20:39:18.908+0000] {processor.py:208} INFO - Processing /home/ubuntu/demo8/lib/python3.12/site-packages/airflow/example_dags/example_sensor_decorator.py took 0.077 seconds
[2024-12-18T20:40:16.690+0000] {processor.py:186} INFO - Started process (PID=4463) to work on /home/ubuntu/demo8/lib/python3.12/site-packages/airflow/example_dags/example_sensor_decorator.py
[2024-12-18T20:40:16.692+0000] {processor.py:914} INFO - Processing file /home/ubuntu/demo8/lib/python3.12/site-packages/airflow/example_dags/example_sensor_decorator.py for tasks to queue
[2024-12-18T20:40:16.694+0000] {logging_mixin.py:190} INFO - [2024-12-18T20:40:16.694+0000] {dagbag.py:588} INFO - Filling up the DagBag from /home/ubuntu/demo8/lib/python3.12/site-packages/airflow/example_dags/example_sensor_decorator.py
[2024-12-18T20:40:16.710+0000] {processor.py:925} INFO - DAG(s) 'example_sensor_decorator' retrieved from /home/ubuntu/demo8/lib/python3.12/site-packages/airflow/example_dags/example_sensor_decorator.py
[2024-12-18T20:40:16.729+0000] {logging_mixin.py:190} INFO - [2024-12-18T20:40:16.729+0000] {dag.py:3239} INFO - Sync 1 DAGs
[2024-12-18T20:40:16.743+0000] {logging_mixin.py:190} INFO - [2024-12-18T20:40:16.743+0000] {dag.py:4180} INFO - Setting next_dagrun for example_sensor_decorator to None, run_after=None
[2024-12-18T20:40:16.765+0000] {processor.py:208} INFO - Processing /home/ubuntu/demo8/lib/python3.12/site-packages/airflow/example_dags/example_sensor_decorator.py took 0.081 seconds
[2024-12-18T20:41:12.816+0000] {processor.py:186} INFO - Started process (PID=4555) to work on /home/ubuntu/demo8/lib/python3.12/site-packages/airflow/example_dags/example_sensor_decorator.py
[2024-12-18T20:41:12.818+0000] {processor.py:914} INFO - Processing file /home/ubuntu/demo8/lib/python3.12/site-packages/airflow/example_dags/example_sensor_decorator.py for tasks to queue
[2024-12-18T20:41:12.820+0000] {logging_mixin.py:190} INFO - [2024-12-18T20:41:12.820+0000] {dagbag.py:588} INFO - Filling up the DagBag from /home/ubuntu/demo8/lib/python3.12/site-packages/airflow/example_dags/example_sensor_decorator.py
[2024-12-18T20:41:12.830+0000] {processor.py:925} INFO - DAG(s) 'example_sensor_decorator' retrieved from /home/ubuntu/demo8/lib/python3.12/site-packages/airflow/example_dags/example_sensor_decorator.py
[2024-12-18T20:41:12.847+0000] {logging_mixin.py:190} INFO - [2024-12-18T20:41:12.847+0000] {dag.py:3239} INFO - Sync 1 DAGs
[2024-12-18T20:41:12.861+0000] {logging_mixin.py:190} INFO - [2024-12-18T20:41:12.861+0000] {dag.py:4180} INFO - Setting next_dagrun for example_sensor_decorator to None, run_after=None
[2024-12-18T20:41:12.885+0000] {processor.py:208} INFO - Processing /home/ubuntu/demo8/lib/python3.12/site-packages/airflow/example_dags/example_sensor_decorator.py took 0.075 seconds
[2024-12-18T20:42:06.110+0000] {processor.py:186} INFO - Started process (PID=4674) to work on /home/ubuntu/demo8/lib/python3.12/site-packages/airflow/example_dags/example_sensor_decorator.py
[2024-12-18T20:42:06.112+0000] {processor.py:914} INFO - Processing file /home/ubuntu/demo8/lib/python3.12/site-packages/airflow/example_dags/example_sensor_decorator.py for tasks to queue
[2024-12-18T20:42:06.114+0000] {logging_mixin.py:190} INFO - [2024-12-18T20:42:06.114+0000] {dagbag.py:588} INFO - Filling up the DagBag from /home/ubuntu/demo8/lib/python3.12/site-packages/airflow/example_dags/example_sensor_decorator.py
[2024-12-18T20:42:06.124+0000] {processor.py:925} INFO - DAG(s) 'example_sensor_decorator' retrieved from /home/ubuntu/demo8/lib/python3.12/site-packages/airflow/example_dags/example_sensor_decorator.py
[2024-12-18T20:42:06.141+0000] {logging_mixin.py:190} INFO - [2024-12-18T20:42:06.141+0000] {dag.py:3239} INFO - Sync 1 DAGs
[2024-12-18T20:42:06.156+0000] {logging_mixin.py:190} INFO - [2024-12-18T20:42:06.155+0000] {dag.py:4180} INFO - Setting next_dagrun for example_sensor_decorator to None, run_after=None
[2024-12-18T20:42:06.178+0000] {processor.py:208} INFO - Processing /home/ubuntu/demo8/lib/python3.12/site-packages/airflow/example_dags/example_sensor_decorator.py took 0.075 seconds
[2024-12-18T20:43:01.664+0000] {processor.py:186} INFO - Started process (PID=4790) to work on /home/ubuntu/demo8/lib/python3.12/site-packages/airflow/example_dags/example_sensor_decorator.py
[2024-12-18T20:43:01.666+0000] {processor.py:914} INFO - Processing file /home/ubuntu/demo8/lib/python3.12/site-packages/airflow/example_dags/example_sensor_decorator.py for tasks to queue
[2024-12-18T20:43:01.668+0000] {logging_mixin.py:190} INFO - [2024-12-18T20:43:01.668+0000] {dagbag.py:588} INFO - Filling up the DagBag from /home/ubuntu/demo8/lib/python3.12/site-packages/airflow/example_dags/example_sensor_decorator.py
[2024-12-18T20:43:01.679+0000] {processor.py:925} INFO - DAG(s) 'example_sensor_decorator' retrieved from /home/ubuntu/demo8/lib/python3.12/site-packages/airflow/example_dags/example_sensor_decorator.py
[2024-12-18T20:43:01.695+0000] {logging_mixin.py:190} INFO - [2024-12-18T20:43:01.695+0000] {dag.py:3239} INFO - Sync 1 DAGs
[2024-12-18T20:43:01.709+0000] {logging_mixin.py:190} INFO - [2024-12-18T20:43:01.709+0000] {dag.py:4180} INFO - Setting next_dagrun for example_sensor_decorator to None, run_after=None
[2024-12-18T20:43:01.735+0000] {processor.py:208} INFO - Processing /home/ubuntu/demo8/lib/python3.12/site-packages/airflow/example_dags/example_sensor_decorator.py took 0.077 seconds
[2024-12-18T20:43:53.962+0000] {processor.py:186} INFO - Started process (PID=4905) to work on /home/ubuntu/demo8/lib/python3.12/site-packages/airflow/example_dags/example_sensor_decorator.py
[2024-12-18T20:43:53.964+0000] {processor.py:914} INFO - Processing file /home/ubuntu/demo8/lib/python3.12/site-packages/airflow/example_dags/example_sensor_decorator.py for tasks to queue
[2024-12-18T20:43:53.966+0000] {logging_mixin.py:190} INFO - [2024-12-18T20:43:53.966+0000] {dagbag.py:588} INFO - Filling up the DagBag from /home/ubuntu/demo8/lib/python3.12/site-packages/airflow/example_dags/example_sensor_decorator.py
[2024-12-18T20:43:53.976+0000] {processor.py:925} INFO - DAG(s) 'example_sensor_decorator' retrieved from /home/ubuntu/demo8/lib/python3.12/site-packages/airflow/example_dags/example_sensor_decorator.py
[2024-12-18T20:43:53.994+0000] {logging_mixin.py:190} INFO - [2024-12-18T20:43:53.993+0000] {dag.py:3239} INFO - Sync 1 DAGs
[2024-12-18T20:43:54.008+0000] {logging_mixin.py:190} INFO - [2024-12-18T20:43:54.008+0000] {dag.py:4180} INFO - Setting next_dagrun for example_sensor_decorator to None, run_after=None
[2024-12-18T20:43:54.031+0000] {processor.py:208} INFO - Processing /home/ubuntu/demo8/lib/python3.12/site-packages/airflow/example_dags/example_sensor_decorator.py took 0.075 seconds
[2024-12-18T20:44:49.217+0000] {processor.py:186} INFO - Started process (PID=5083) to work on /home/ubuntu/demo8/lib/python3.12/site-packages/airflow/example_dags/example_sensor_decorator.py
[2024-12-18T20:44:49.218+0000] {processor.py:914} INFO - Processing file /home/ubuntu/demo8/lib/python3.12/site-packages/airflow/example_dags/example_sensor_decorator.py for tasks to queue
[2024-12-18T20:44:49.221+0000] {logging_mixin.py:190} INFO - [2024-12-18T20:44:49.221+0000] {dagbag.py:588} INFO - Filling up the DagBag from /home/ubuntu/demo8/lib/python3.12/site-packages/airflow/example_dags/example_sensor_decorator.py
[2024-12-18T20:44:49.235+0000] {processor.py:925} INFO - DAG(s) 'example_sensor_decorator' retrieved from /home/ubuntu/demo8/lib/python3.12/site-packages/airflow/example_dags/example_sensor_decorator.py
[2024-12-18T20:44:49.259+0000] {logging_mixin.py:190} INFO - [2024-12-18T20:44:49.258+0000] {dag.py:3239} INFO - Sync 1 DAGs
[2024-12-18T20:44:49.273+0000] {logging_mixin.py:190} INFO - [2024-12-18T20:44:49.273+0000] {dag.py:4180} INFO - Setting next_dagrun for example_sensor_decorator to None, run_after=None
[2024-12-18T20:44:49.304+0000] {processor.py:208} INFO - Processing /home/ubuntu/demo8/lib/python3.12/site-packages/airflow/example_dags/example_sensor_decorator.py took 0.094 seconds
[2024-12-18T20:45:42.469+0000] {processor.py:186} INFO - Started process (PID=5205) to work on /home/ubuntu/demo8/lib/python3.12/site-packages/airflow/example_dags/example_sensor_decorator.py
[2024-12-18T20:45:42.470+0000] {processor.py:914} INFO - Processing file /home/ubuntu/demo8/lib/python3.12/site-packages/airflow/example_dags/example_sensor_decorator.py for tasks to queue
[2024-12-18T20:45:42.473+0000] {logging_mixin.py:190} INFO - [2024-12-18T20:45:42.472+0000] {dagbag.py:588} INFO - Filling up the DagBag from /home/ubuntu/demo8/lib/python3.12/site-packages/airflow/example_dags/example_sensor_decorator.py
[2024-12-18T20:45:42.483+0000] {processor.py:925} INFO - DAG(s) 'example_sensor_decorator' retrieved from /home/ubuntu/demo8/lib/python3.12/site-packages/airflow/example_dags/example_sensor_decorator.py
[2024-12-18T20:45:42.500+0000] {logging_mixin.py:190} INFO - [2024-12-18T20:45:42.500+0000] {dag.py:3239} INFO - Sync 1 DAGs
[2024-12-18T20:45:42.515+0000] {logging_mixin.py:190} INFO - [2024-12-18T20:45:42.515+0000] {dag.py:4180} INFO - Setting next_dagrun for example_sensor_decorator to None, run_after=None
[2024-12-18T20:45:42.538+0000] {processor.py:208} INFO - Processing /home/ubuntu/demo8/lib/python3.12/site-packages/airflow/example_dags/example_sensor_decorator.py took 0.077 seconds
[2024-12-18T20:47:21.782+0000] {processor.py:186} INFO - Started process (PID=5830) to work on /home/ubuntu/demo8/lib/python3.12/site-packages/airflow/example_dags/example_sensor_decorator.py
[2024-12-18T20:47:21.785+0000] {processor.py:914} INFO - Processing file /home/ubuntu/demo8/lib/python3.12/site-packages/airflow/example_dags/example_sensor_decorator.py for tasks to queue
[2024-12-18T20:47:21.787+0000] {logging_mixin.py:190} INFO - [2024-12-18T20:47:21.787+0000] {dagbag.py:588} INFO - Filling up the DagBag from /home/ubuntu/demo8/lib/python3.12/site-packages/airflow/example_dags/example_sensor_decorator.py
[2024-12-18T20:47:21.797+0000] {processor.py:925} INFO - DAG(s) 'example_sensor_decorator' retrieved from /home/ubuntu/demo8/lib/python3.12/site-packages/airflow/example_dags/example_sensor_decorator.py
[2024-12-18T20:47:21.816+0000] {logging_mixin.py:190} INFO - [2024-12-18T20:47:21.816+0000] {dag.py:3239} INFO - Sync 1 DAGs
[2024-12-18T20:47:21.831+0000] {logging_mixin.py:190} INFO - [2024-12-18T20:47:21.831+0000] {dag.py:4180} INFO - Setting next_dagrun for example_sensor_decorator to None, run_after=None
[2024-12-18T20:47:21.854+0000] {processor.py:208} INFO - Processing /home/ubuntu/demo8/lib/python3.12/site-packages/airflow/example_dags/example_sensor_decorator.py took 0.084 seconds
[2024-12-18T20:48:20.839+0000] {processor.py:186} INFO - Started process (PID=5951) to work on /home/ubuntu/demo8/lib/python3.12/site-packages/airflow/example_dags/example_sensor_decorator.py
[2024-12-18T20:48:20.840+0000] {processor.py:914} INFO - Processing file /home/ubuntu/demo8/lib/python3.12/site-packages/airflow/example_dags/example_sensor_decorator.py for tasks to queue
[2024-12-18T20:48:20.843+0000] {logging_mixin.py:190} INFO - [2024-12-18T20:48:20.843+0000] {dagbag.py:588} INFO - Filling up the DagBag from /home/ubuntu/demo8/lib/python3.12/site-packages/airflow/example_dags/example_sensor_decorator.py
[2024-12-18T20:48:20.853+0000] {processor.py:925} INFO - DAG(s) 'example_sensor_decorator' retrieved from /home/ubuntu/demo8/lib/python3.12/site-packages/airflow/example_dags/example_sensor_decorator.py
[2024-12-18T20:48:20.870+0000] {logging_mixin.py:190} INFO - [2024-12-18T20:48:20.870+0000] {dag.py:3239} INFO - Sync 1 DAGs
[2024-12-18T20:48:20.924+0000] {logging_mixin.py:190} INFO - [2024-12-18T20:48:20.923+0000] {dag.py:4180} INFO - Setting next_dagrun for example_sensor_decorator to None, run_after=None
[2024-12-18T20:48:20.993+0000] {processor.py:208} INFO - Processing /home/ubuntu/demo8/lib/python3.12/site-packages/airflow/example_dags/example_sensor_decorator.py took 0.160 seconds
[2024-12-18T20:49:16.615+0000] {processor.py:186} INFO - Started process (PID=6431) to work on /home/ubuntu/demo8/lib/python3.12/site-packages/airflow/example_dags/example_sensor_decorator.py
[2024-12-18T20:49:16.617+0000] {processor.py:914} INFO - Processing file /home/ubuntu/demo8/lib/python3.12/site-packages/airflow/example_dags/example_sensor_decorator.py for tasks to queue
[2024-12-18T20:49:16.619+0000] {logging_mixin.py:190} INFO - [2024-12-18T20:49:16.619+0000] {dagbag.py:588} INFO - Filling up the DagBag from /home/ubuntu/demo8/lib/python3.12/site-packages/airflow/example_dags/example_sensor_decorator.py
[2024-12-18T20:49:16.629+0000] {processor.py:925} INFO - DAG(s) 'example_sensor_decorator' retrieved from /home/ubuntu/demo8/lib/python3.12/site-packages/airflow/example_dags/example_sensor_decorator.py
[2024-12-18T20:49:16.646+0000] {logging_mixin.py:190} INFO - [2024-12-18T20:49:16.646+0000] {dag.py:3239} INFO - Sync 1 DAGs
[2024-12-18T20:49:16.662+0000] {logging_mixin.py:190} INFO - [2024-12-18T20:49:16.662+0000] {dag.py:4180} INFO - Setting next_dagrun for example_sensor_decorator to None, run_after=None
[2024-12-18T20:49:16.687+0000] {processor.py:208} INFO - Processing /home/ubuntu/demo8/lib/python3.12/site-packages/airflow/example_dags/example_sensor_decorator.py took 0.078 seconds
[2024-12-18T20:50:15.034+0000] {processor.py:186} INFO - Started process (PID=6673) to work on /home/ubuntu/demo8/lib/python3.12/site-packages/airflow/example_dags/example_sensor_decorator.py
[2024-12-18T20:50:15.036+0000] {processor.py:914} INFO - Processing file /home/ubuntu/demo8/lib/python3.12/site-packages/airflow/example_dags/example_sensor_decorator.py for tasks to queue
[2024-12-18T20:50:15.039+0000] {logging_mixin.py:190} INFO - [2024-12-18T20:50:15.038+0000] {dagbag.py:588} INFO - Filling up the DagBag from /home/ubuntu/demo8/lib/python3.12/site-packages/airflow/example_dags/example_sensor_decorator.py
[2024-12-18T20:50:15.048+0000] {processor.py:925} INFO - DAG(s) 'example_sensor_decorator' retrieved from /home/ubuntu/demo8/lib/python3.12/site-packages/airflow/example_dags/example_sensor_decorator.py
[2024-12-18T20:50:15.065+0000] {logging_mixin.py:190} INFO - [2024-12-18T20:50:15.065+0000] {dag.py:3239} INFO - Sync 1 DAGs
[2024-12-18T20:50:15.079+0000] {logging_mixin.py:190} INFO - [2024-12-18T20:50:15.078+0000] {dag.py:4180} INFO - Setting next_dagrun for example_sensor_decorator to None, run_after=None
[2024-12-18T20:50:15.102+0000] {processor.py:208} INFO - Processing /home/ubuntu/demo8/lib/python3.12/site-packages/airflow/example_dags/example_sensor_decorator.py took 0.074 seconds
[2024-12-18T20:51:10.096+0000] {processor.py:186} INFO - Started process (PID=6959) to work on /home/ubuntu/demo8/lib/python3.12/site-packages/airflow/example_dags/example_sensor_decorator.py
[2024-12-18T20:51:10.097+0000] {processor.py:914} INFO - Processing file /home/ubuntu/demo8/lib/python3.12/site-packages/airflow/example_dags/example_sensor_decorator.py for tasks to queue
[2024-12-18T20:51:10.099+0000] {logging_mixin.py:190} INFO - [2024-12-18T20:51:10.099+0000] {dagbag.py:588} INFO - Filling up the DagBag from /home/ubuntu/demo8/lib/python3.12/site-packages/airflow/example_dags/example_sensor_decorator.py
[2024-12-18T20:51:10.109+0000] {processor.py:925} INFO - DAG(s) 'example_sensor_decorator' retrieved from /home/ubuntu/demo8/lib/python3.12/site-packages/airflow/example_dags/example_sensor_decorator.py
[2024-12-18T20:51:10.130+0000] {logging_mixin.py:190} INFO - [2024-12-18T20:51:10.128+0000] {dag.py:3239} INFO - Sync 1 DAGs
[2024-12-18T20:51:10.150+0000] {logging_mixin.py:190} INFO - [2024-12-18T20:51:10.149+0000] {dag.py:4180} INFO - Setting next_dagrun for example_sensor_decorator to None, run_after=None
[2024-12-18T20:51:10.175+0000] {processor.py:208} INFO - Processing /home/ubuntu/demo8/lib/python3.12/site-packages/airflow/example_dags/example_sensor_decorator.py took 0.085 seconds
