[2024-12-18T15:44:32.976+0000] {processor.py:186} INFO - Started process (PID=3658) to work on /home/ubuntu/demo8/lib/python3.12/site-packages/airflow/example_dags/example_short_circuit_operator.py
[2024-12-18T15:44:32.977+0000] {processor.py:914} INFO - Processing file /home/ubuntu/demo8/lib/python3.12/site-packages/airflow/example_dags/example_short_circuit_operator.py for tasks to queue
[2024-12-18T15:44:32.979+0000] {logging_mixin.py:190} INFO - [2024-12-18T15:44:32.979+0000] {dagbag.py:588} INFO - Filling up the DagBag from /home/ubuntu/demo8/lib/python3.12/site-packages/airflow/example_dags/example_short_circuit_operator.py
[2024-12-18T15:44:32.989+0000] {processor.py:925} INFO - DAG(s) 'example_short_circuit_operator' retrieved from /home/ubuntu/demo8/lib/python3.12/site-packages/airflow/example_dags/example_short_circuit_operator.py
[2024-12-18T15:44:33.112+0000] {logging_mixin.py:190} INFO - [2024-12-18T15:44:33.112+0000] {override.py:1911} INFO - Created Permission View: can read on DAG:example_short_circuit_operator
[2024-12-18T15:44:33.126+0000] {logging_mixin.py:190} INFO - [2024-12-18T15:44:33.125+0000] {override.py:1911} INFO - Created Permission View: can delete on DAG:example_short_circuit_operator
[2024-12-18T15:44:33.136+0000] {logging_mixin.py:190} INFO - [2024-12-18T15:44:33.136+0000] {override.py:1911} INFO - Created Permission View: can edit on DAG:example_short_circuit_operator
[2024-12-18T15:44:33.151+0000] {logging_mixin.py:190} INFO - [2024-12-18T15:44:33.150+0000] {override.py:1911} INFO - Created Permission View: can create on DAG Run:example_short_circuit_operator
[2024-12-18T15:44:33.160+0000] {logging_mixin.py:190} INFO - [2024-12-18T15:44:33.160+0000] {override.py:1911} INFO - Created Permission View: can read on DAG Run:example_short_circuit_operator
[2024-12-18T15:44:33.170+0000] {logging_mixin.py:190} INFO - [2024-12-18T15:44:33.170+0000] {override.py:1911} INFO - Created Permission View: menu access on DAG Run:example_short_circuit_operator
[2024-12-18T15:44:33.179+0000] {logging_mixin.py:190} INFO - [2024-12-18T15:44:33.179+0000] {override.py:1911} INFO - Created Permission View: can delete on DAG Run:example_short_circuit_operator
[2024-12-18T15:44:33.180+0000] {logging_mixin.py:190} INFO - [2024-12-18T15:44:33.179+0000] {dag.py:3239} INFO - Sync 1 DAGs
[2024-12-18T15:44:33.193+0000] {logging_mixin.py:190} INFO - [2024-12-18T15:44:33.193+0000] {dag.py:3262} INFO - Creating ORM DAG for example_short_circuit_operator
[2024-12-18T15:44:33.194+0000] {logging_mixin.py:190} INFO - [2024-12-18T15:44:33.194+0000] {dag.py:4180} INFO - Setting next_dagrun for example_short_circuit_operator to None, run_after=None
[2024-12-18T15:44:33.215+0000] {processor.py:208} INFO - Processing /home/ubuntu/demo8/lib/python3.12/site-packages/airflow/example_dags/example_short_circuit_operator.py took 0.245 seconds
[2024-12-18T15:45:40.220+0000] {processor.py:186} INFO - Started process (PID=3756) to work on /home/ubuntu/demo8/lib/python3.12/site-packages/airflow/example_dags/example_short_circuit_operator.py
[2024-12-18T15:45:40.221+0000] {processor.py:914} INFO - Processing file /home/ubuntu/demo8/lib/python3.12/site-packages/airflow/example_dags/example_short_circuit_operator.py for tasks to queue
[2024-12-18T15:45:40.223+0000] {logging_mixin.py:190} INFO - [2024-12-18T15:45:40.223+0000] {dagbag.py:588} INFO - Filling up the DagBag from /home/ubuntu/demo8/lib/python3.12/site-packages/airflow/example_dags/example_short_circuit_operator.py
[2024-12-18T15:45:40.233+0000] {processor.py:925} INFO - DAG(s) 'example_short_circuit_operator' retrieved from /home/ubuntu/demo8/lib/python3.12/site-packages/airflow/example_dags/example_short_circuit_operator.py
[2024-12-18T15:45:40.253+0000] {logging_mixin.py:190} INFO - [2024-12-18T15:45:40.253+0000] {dag.py:3239} INFO - Sync 1 DAGs
[2024-12-18T15:45:40.267+0000] {logging_mixin.py:190} INFO - [2024-12-18T15:45:40.267+0000] {dag.py:4180} INFO - Setting next_dagrun for example_short_circuit_operator to None, run_after=None
[2024-12-18T15:45:40.289+0000] {processor.py:208} INFO - Processing /home/ubuntu/demo8/lib/python3.12/site-packages/airflow/example_dags/example_short_circuit_operator.py took 0.076 seconds
[2024-12-18T15:46:36.339+0000] {processor.py:186} INFO - Started process (PID=3816) to work on /home/ubuntu/demo8/lib/python3.12/site-packages/airflow/example_dags/example_short_circuit_operator.py
[2024-12-18T15:46:36.341+0000] {processor.py:914} INFO - Processing file /home/ubuntu/demo8/lib/python3.12/site-packages/airflow/example_dags/example_short_circuit_operator.py for tasks to queue
[2024-12-18T15:46:36.343+0000] {logging_mixin.py:190} INFO - [2024-12-18T15:46:36.342+0000] {dagbag.py:588} INFO - Filling up the DagBag from /home/ubuntu/demo8/lib/python3.12/site-packages/airflow/example_dags/example_short_circuit_operator.py
[2024-12-18T15:46:36.353+0000] {processor.py:925} INFO - DAG(s) 'example_short_circuit_operator' retrieved from /home/ubuntu/demo8/lib/python3.12/site-packages/airflow/example_dags/example_short_circuit_operator.py
[2024-12-18T15:46:36.374+0000] {logging_mixin.py:190} INFO - [2024-12-18T15:46:36.374+0000] {dag.py:3239} INFO - Sync 1 DAGs
[2024-12-18T15:46:36.388+0000] {logging_mixin.py:190} INFO - [2024-12-18T15:46:36.388+0000] {dag.py:4180} INFO - Setting next_dagrun for example_short_circuit_operator to None, run_after=None
[2024-12-18T15:46:36.411+0000] {processor.py:208} INFO - Processing /home/ubuntu/demo8/lib/python3.12/site-packages/airflow/example_dags/example_short_circuit_operator.py took 0.079 seconds
[2024-12-18T15:47:32.658+0000] {processor.py:186} INFO - Started process (PID=4279) to work on /home/ubuntu/demo8/lib/python3.12/site-packages/airflow/example_dags/example_short_circuit_operator.py
[2024-12-18T15:47:32.659+0000] {processor.py:914} INFO - Processing file /home/ubuntu/demo8/lib/python3.12/site-packages/airflow/example_dags/example_short_circuit_operator.py for tasks to queue
[2024-12-18T15:47:32.661+0000] {logging_mixin.py:190} INFO - [2024-12-18T15:47:32.661+0000] {dagbag.py:588} INFO - Filling up the DagBag from /home/ubuntu/demo8/lib/python3.12/site-packages/airflow/example_dags/example_short_circuit_operator.py
[2024-12-18T15:47:32.671+0000] {processor.py:925} INFO - DAG(s) 'example_short_circuit_operator' retrieved from /home/ubuntu/demo8/lib/python3.12/site-packages/airflow/example_dags/example_short_circuit_operator.py
[2024-12-18T15:47:32.691+0000] {logging_mixin.py:190} INFO - [2024-12-18T15:47:32.691+0000] {dag.py:3239} INFO - Sync 1 DAGs
[2024-12-18T15:47:32.705+0000] {logging_mixin.py:190} INFO - [2024-12-18T15:47:32.704+0000] {dag.py:4180} INFO - Setting next_dagrun for example_short_circuit_operator to None, run_after=None
[2024-12-18T15:47:32.727+0000] {processor.py:208} INFO - Processing /home/ubuntu/demo8/lib/python3.12/site-packages/airflow/example_dags/example_short_circuit_operator.py took 0.079 seconds
[2024-12-18T15:48:26.537+0000] {processor.py:186} INFO - Started process (PID=4335) to work on /home/ubuntu/demo8/lib/python3.12/site-packages/airflow/example_dags/example_short_circuit_operator.py
[2024-12-18T15:48:26.539+0000] {processor.py:914} INFO - Processing file /home/ubuntu/demo8/lib/python3.12/site-packages/airflow/example_dags/example_short_circuit_operator.py for tasks to queue
[2024-12-18T15:48:26.541+0000] {logging_mixin.py:190} INFO - [2024-12-18T15:48:26.540+0000] {dagbag.py:588} INFO - Filling up the DagBag from /home/ubuntu/demo8/lib/python3.12/site-packages/airflow/example_dags/example_short_circuit_operator.py
[2024-12-18T15:48:26.550+0000] {processor.py:925} INFO - DAG(s) 'example_short_circuit_operator' retrieved from /home/ubuntu/demo8/lib/python3.12/site-packages/airflow/example_dags/example_short_circuit_operator.py
[2024-12-18T15:48:26.571+0000] {logging_mixin.py:190} INFO - [2024-12-18T15:48:26.571+0000] {dag.py:3239} INFO - Sync 1 DAGs
[2024-12-18T15:48:26.584+0000] {logging_mixin.py:190} INFO - [2024-12-18T15:48:26.584+0000] {dag.py:4180} INFO - Setting next_dagrun for example_short_circuit_operator to None, run_after=None
[2024-12-18T15:48:26.606+0000] {processor.py:208} INFO - Processing /home/ubuntu/demo8/lib/python3.12/site-packages/airflow/example_dags/example_short_circuit_operator.py took 0.075 seconds
[2024-12-18T15:49:23.655+0000] {processor.py:186} INFO - Started process (PID=4389) to work on /home/ubuntu/demo8/lib/python3.12/site-packages/airflow/example_dags/example_short_circuit_operator.py
[2024-12-18T15:49:23.657+0000] {processor.py:914} INFO - Processing file /home/ubuntu/demo8/lib/python3.12/site-packages/airflow/example_dags/example_short_circuit_operator.py for tasks to queue
[2024-12-18T15:49:23.659+0000] {logging_mixin.py:190} INFO - [2024-12-18T15:49:23.658+0000] {dagbag.py:588} INFO - Filling up the DagBag from /home/ubuntu/demo8/lib/python3.12/site-packages/airflow/example_dags/example_short_circuit_operator.py
[2024-12-18T15:49:23.669+0000] {processor.py:925} INFO - DAG(s) 'example_short_circuit_operator' retrieved from /home/ubuntu/demo8/lib/python3.12/site-packages/airflow/example_dags/example_short_circuit_operator.py
[2024-12-18T15:49:23.802+0000] {logging_mixin.py:190} INFO - [2024-12-18T15:49:23.802+0000] {dag.py:3239} INFO - Sync 1 DAGs
[2024-12-18T15:49:23.814+0000] {logging_mixin.py:190} INFO - [2024-12-18T15:49:23.813+0000] {dag.py:4180} INFO - Setting next_dagrun for example_short_circuit_operator to None, run_after=None
[2024-12-18T15:49:23.834+0000] {processor.py:208} INFO - Processing /home/ubuntu/demo8/lib/python3.12/site-packages/airflow/example_dags/example_short_circuit_operator.py took 0.185 seconds
[2024-12-18T15:50:25.658+0000] {processor.py:186} INFO - Started process (PID=4451) to work on /home/ubuntu/demo8/lib/python3.12/site-packages/airflow/example_dags/example_short_circuit_operator.py
[2024-12-18T15:50:25.659+0000] {processor.py:914} INFO - Processing file /home/ubuntu/demo8/lib/python3.12/site-packages/airflow/example_dags/example_short_circuit_operator.py for tasks to queue
[2024-12-18T15:50:25.662+0000] {logging_mixin.py:190} INFO - [2024-12-18T15:50:25.661+0000] {dagbag.py:588} INFO - Filling up the DagBag from /home/ubuntu/demo8/lib/python3.12/site-packages/airflow/example_dags/example_short_circuit_operator.py
[2024-12-18T15:50:25.672+0000] {processor.py:925} INFO - DAG(s) 'example_short_circuit_operator' retrieved from /home/ubuntu/demo8/lib/python3.12/site-packages/airflow/example_dags/example_short_circuit_operator.py
[2024-12-18T15:50:25.695+0000] {logging_mixin.py:190} INFO - [2024-12-18T15:50:25.694+0000] {dag.py:3239} INFO - Sync 1 DAGs
[2024-12-18T15:50:25.710+0000] {logging_mixin.py:190} INFO - [2024-12-18T15:50:25.710+0000] {dag.py:4180} INFO - Setting next_dagrun for example_short_circuit_operator to None, run_after=None
[2024-12-18T15:50:25.734+0000] {processor.py:208} INFO - Processing /home/ubuntu/demo8/lib/python3.12/site-packages/airflow/example_dags/example_short_circuit_operator.py took 0.083 seconds
[2024-12-18T15:51:20.915+0000] {processor.py:186} INFO - Started process (PID=4521) to work on /home/ubuntu/demo8/lib/python3.12/site-packages/airflow/example_dags/example_short_circuit_operator.py
[2024-12-18T15:51:20.917+0000] {processor.py:914} INFO - Processing file /home/ubuntu/demo8/lib/python3.12/site-packages/airflow/example_dags/example_short_circuit_operator.py for tasks to queue
[2024-12-18T15:51:20.919+0000] {logging_mixin.py:190} INFO - [2024-12-18T15:51:20.919+0000] {dagbag.py:588} INFO - Filling up the DagBag from /home/ubuntu/demo8/lib/python3.12/site-packages/airflow/example_dags/example_short_circuit_operator.py
[2024-12-18T15:51:20.930+0000] {processor.py:925} INFO - DAG(s) 'example_short_circuit_operator' retrieved from /home/ubuntu/demo8/lib/python3.12/site-packages/airflow/example_dags/example_short_circuit_operator.py
[2024-12-18T15:51:20.951+0000] {logging_mixin.py:190} INFO - [2024-12-18T15:51:20.951+0000] {dag.py:3239} INFO - Sync 1 DAGs
[2024-12-18T15:51:20.965+0000] {logging_mixin.py:190} INFO - [2024-12-18T15:51:20.965+0000] {dag.py:4180} INFO - Setting next_dagrun for example_short_circuit_operator to None, run_after=None
[2024-12-18T15:51:20.989+0000] {processor.py:208} INFO - Processing /home/ubuntu/demo8/lib/python3.12/site-packages/airflow/example_dags/example_short_circuit_operator.py took 0.080 seconds
[2024-12-18T15:52:11.933+0000] {processor.py:186} INFO - Started process (PID=4574) to work on /home/ubuntu/demo8/lib/python3.12/site-packages/airflow/example_dags/example_short_circuit_operator.py
[2024-12-18T15:52:11.934+0000] {processor.py:914} INFO - Processing file /home/ubuntu/demo8/lib/python3.12/site-packages/airflow/example_dags/example_short_circuit_operator.py for tasks to queue
[2024-12-18T15:52:11.937+0000] {logging_mixin.py:190} INFO - [2024-12-18T15:52:11.936+0000] {dagbag.py:588} INFO - Filling up the DagBag from /home/ubuntu/demo8/lib/python3.12/site-packages/airflow/example_dags/example_short_circuit_operator.py
[2024-12-18T15:52:11.947+0000] {processor.py:925} INFO - DAG(s) 'example_short_circuit_operator' retrieved from /home/ubuntu/demo8/lib/python3.12/site-packages/airflow/example_dags/example_short_circuit_operator.py
[2024-12-18T15:52:11.967+0000] {logging_mixin.py:190} INFO - [2024-12-18T15:52:11.967+0000] {dag.py:3239} INFO - Sync 1 DAGs
[2024-12-18T15:52:11.981+0000] {logging_mixin.py:190} INFO - [2024-12-18T15:52:11.980+0000] {dag.py:4180} INFO - Setting next_dagrun for example_short_circuit_operator to None, run_after=None
[2024-12-18T15:52:12.003+0000] {processor.py:208} INFO - Processing /home/ubuntu/demo8/lib/python3.12/site-packages/airflow/example_dags/example_short_circuit_operator.py took 0.076 seconds
[2024-12-18T15:53:07.577+0000] {processor.py:186} INFO - Started process (PID=4632) to work on /home/ubuntu/demo8/lib/python3.12/site-packages/airflow/example_dags/example_short_circuit_operator.py
[2024-12-18T15:53:07.579+0000] {processor.py:914} INFO - Processing file /home/ubuntu/demo8/lib/python3.12/site-packages/airflow/example_dags/example_short_circuit_operator.py for tasks to queue
[2024-12-18T15:53:07.581+0000] {logging_mixin.py:190} INFO - [2024-12-18T15:53:07.581+0000] {dagbag.py:588} INFO - Filling up the DagBag from /home/ubuntu/demo8/lib/python3.12/site-packages/airflow/example_dags/example_short_circuit_operator.py
[2024-12-18T15:53:07.592+0000] {processor.py:925} INFO - DAG(s) 'example_short_circuit_operator' retrieved from /home/ubuntu/demo8/lib/python3.12/site-packages/airflow/example_dags/example_short_circuit_operator.py
[2024-12-18T15:53:07.613+0000] {logging_mixin.py:190} INFO - [2024-12-18T15:53:07.613+0000] {dag.py:3239} INFO - Sync 1 DAGs
[2024-12-18T15:53:07.627+0000] {logging_mixin.py:190} INFO - [2024-12-18T15:53:07.627+0000] {dag.py:4180} INFO - Setting next_dagrun for example_short_circuit_operator to None, run_after=None
[2024-12-18T15:53:07.650+0000] {processor.py:208} INFO - Processing /home/ubuntu/demo8/lib/python3.12/site-packages/airflow/example_dags/example_short_circuit_operator.py took 0.079 seconds
[2024-12-18T15:54:02.344+0000] {processor.py:186} INFO - Started process (PID=4701) to work on /home/ubuntu/demo8/lib/python3.12/site-packages/airflow/example_dags/example_short_circuit_operator.py
[2024-12-18T15:54:02.345+0000] {processor.py:914} INFO - Processing file /home/ubuntu/demo8/lib/python3.12/site-packages/airflow/example_dags/example_short_circuit_operator.py for tasks to queue
[2024-12-18T15:54:02.347+0000] {logging_mixin.py:190} INFO - [2024-12-18T15:54:02.347+0000] {dagbag.py:588} INFO - Filling up the DagBag from /home/ubuntu/demo8/lib/python3.12/site-packages/airflow/example_dags/example_short_circuit_operator.py
[2024-12-18T15:54:02.358+0000] {processor.py:925} INFO - DAG(s) 'example_short_circuit_operator' retrieved from /home/ubuntu/demo8/lib/python3.12/site-packages/airflow/example_dags/example_short_circuit_operator.py
[2024-12-18T15:54:02.379+0000] {logging_mixin.py:190} INFO - [2024-12-18T15:54:02.378+0000] {dag.py:3239} INFO - Sync 1 DAGs
[2024-12-18T15:54:02.393+0000] {logging_mixin.py:190} INFO - [2024-12-18T15:54:02.392+0000] {dag.py:4180} INFO - Setting next_dagrun for example_short_circuit_operator to None, run_after=None
[2024-12-18T15:54:02.415+0000] {processor.py:208} INFO - Processing /home/ubuntu/demo8/lib/python3.12/site-packages/airflow/example_dags/example_short_circuit_operator.py took 0.077 seconds
[2024-12-18T15:54:46.945+0000] {processor.py:186} INFO - Started process (PID=4759) to work on /home/ubuntu/demo8/lib/python3.12/site-packages/airflow/example_dags/example_short_circuit_operator.py
[2024-12-18T15:54:46.946+0000] {processor.py:914} INFO - Processing file /home/ubuntu/demo8/lib/python3.12/site-packages/airflow/example_dags/example_short_circuit_operator.py for tasks to queue
[2024-12-18T15:54:46.948+0000] {logging_mixin.py:190} INFO - [2024-12-18T15:54:46.948+0000] {dagbag.py:588} INFO - Filling up the DagBag from /home/ubuntu/demo8/lib/python3.12/site-packages/airflow/example_dags/example_short_circuit_operator.py
[2024-12-18T15:54:46.958+0000] {processor.py:925} INFO - DAG(s) 'example_short_circuit_operator' retrieved from /home/ubuntu/demo8/lib/python3.12/site-packages/airflow/example_dags/example_short_circuit_operator.py
[2024-12-18T15:54:46.980+0000] {logging_mixin.py:190} INFO - [2024-12-18T15:54:46.980+0000] {dag.py:3239} INFO - Sync 1 DAGs
[2024-12-18T15:54:46.994+0000] {logging_mixin.py:190} INFO - [2024-12-18T15:54:46.994+0000] {dag.py:4180} INFO - Setting next_dagrun for example_short_circuit_operator to None, run_after=None
[2024-12-18T15:54:47.018+0000] {processor.py:208} INFO - Processing /home/ubuntu/demo8/lib/python3.12/site-packages/airflow/example_dags/example_short_circuit_operator.py took 0.080 seconds
[2024-12-18T15:55:44.298+0000] {processor.py:186} INFO - Started process (PID=4822) to work on /home/ubuntu/demo8/lib/python3.12/site-packages/airflow/example_dags/example_short_circuit_operator.py
[2024-12-18T15:55:44.299+0000] {processor.py:914} INFO - Processing file /home/ubuntu/demo8/lib/python3.12/site-packages/airflow/example_dags/example_short_circuit_operator.py for tasks to queue
[2024-12-18T15:55:44.301+0000] {logging_mixin.py:190} INFO - [2024-12-18T15:55:44.301+0000] {dagbag.py:588} INFO - Filling up the DagBag from /home/ubuntu/demo8/lib/python3.12/site-packages/airflow/example_dags/example_short_circuit_operator.py
[2024-12-18T15:55:44.311+0000] {processor.py:925} INFO - DAG(s) 'example_short_circuit_operator' retrieved from /home/ubuntu/demo8/lib/python3.12/site-packages/airflow/example_dags/example_short_circuit_operator.py
[2024-12-18T15:55:44.332+0000] {logging_mixin.py:190} INFO - [2024-12-18T15:55:44.332+0000] {dag.py:3239} INFO - Sync 1 DAGs
[2024-12-18T15:55:44.345+0000] {logging_mixin.py:190} INFO - [2024-12-18T15:55:44.345+0000] {dag.py:4180} INFO - Setting next_dagrun for example_short_circuit_operator to None, run_after=None
[2024-12-18T15:55:44.368+0000] {processor.py:208} INFO - Processing /home/ubuntu/demo8/lib/python3.12/site-packages/airflow/example_dags/example_short_circuit_operator.py took 0.076 seconds
[2024-12-18T15:57:14.447+0000] {processor.py:186} INFO - Started process (PID=4909) to work on /home/ubuntu/demo8/lib/python3.12/site-packages/airflow/example_dags/example_short_circuit_operator.py
[2024-12-18T15:57:14.449+0000] {processor.py:914} INFO - Processing file /home/ubuntu/demo8/lib/python3.12/site-packages/airflow/example_dags/example_short_circuit_operator.py for tasks to queue
[2024-12-18T15:57:14.451+0000] {logging_mixin.py:190} INFO - [2024-12-18T15:57:14.451+0000] {dagbag.py:588} INFO - Filling up the DagBag from /home/ubuntu/demo8/lib/python3.12/site-packages/airflow/example_dags/example_short_circuit_operator.py
[2024-12-18T15:57:14.460+0000] {processor.py:925} INFO - DAG(s) 'example_short_circuit_operator' retrieved from /home/ubuntu/demo8/lib/python3.12/site-packages/airflow/example_dags/example_short_circuit_operator.py
[2024-12-18T15:57:14.483+0000] {logging_mixin.py:190} INFO - [2024-12-18T15:57:14.482+0000] {dag.py:3239} INFO - Sync 1 DAGs
[2024-12-18T15:57:14.496+0000] {logging_mixin.py:190} INFO - [2024-12-18T15:57:14.496+0000] {dag.py:4180} INFO - Setting next_dagrun for example_short_circuit_operator to None, run_after=None
[2024-12-18T15:57:14.519+0000] {processor.py:208} INFO - Processing /home/ubuntu/demo8/lib/python3.12/site-packages/airflow/example_dags/example_short_circuit_operator.py took 0.078 seconds
[2024-12-18T15:58:11.819+0000] {processor.py:186} INFO - Started process (PID=4967) to work on /home/ubuntu/demo8/lib/python3.12/site-packages/airflow/example_dags/example_short_circuit_operator.py
[2024-12-18T15:58:11.821+0000] {processor.py:914} INFO - Processing file /home/ubuntu/demo8/lib/python3.12/site-packages/airflow/example_dags/example_short_circuit_operator.py for tasks to queue
[2024-12-18T15:58:11.823+0000] {logging_mixin.py:190} INFO - [2024-12-18T15:58:11.822+0000] {dagbag.py:588} INFO - Filling up the DagBag from /home/ubuntu/demo8/lib/python3.12/site-packages/airflow/example_dags/example_short_circuit_operator.py
[2024-12-18T15:58:11.832+0000] {processor.py:925} INFO - DAG(s) 'example_short_circuit_operator' retrieved from /home/ubuntu/demo8/lib/python3.12/site-packages/airflow/example_dags/example_short_circuit_operator.py
[2024-12-18T15:58:11.853+0000] {logging_mixin.py:190} INFO - [2024-12-18T15:58:11.853+0000] {dag.py:3239} INFO - Sync 1 DAGs
[2024-12-18T15:58:11.866+0000] {logging_mixin.py:190} INFO - [2024-12-18T15:58:11.866+0000] {dag.py:4180} INFO - Setting next_dagrun for example_short_circuit_operator to None, run_after=None
[2024-12-18T15:58:11.889+0000] {processor.py:208} INFO - Processing /home/ubuntu/demo8/lib/python3.12/site-packages/airflow/example_dags/example_short_circuit_operator.py took 0.076 seconds
[2024-12-18T15:59:08.212+0000] {processor.py:186} INFO - Started process (PID=5025) to work on /home/ubuntu/demo8/lib/python3.12/site-packages/airflow/example_dags/example_short_circuit_operator.py
[2024-12-18T15:59:08.213+0000] {processor.py:914} INFO - Processing file /home/ubuntu/demo8/lib/python3.12/site-packages/airflow/example_dags/example_short_circuit_operator.py for tasks to queue
[2024-12-18T15:59:08.216+0000] {logging_mixin.py:190} INFO - [2024-12-18T15:59:08.215+0000] {dagbag.py:588} INFO - Filling up the DagBag from /home/ubuntu/demo8/lib/python3.12/site-packages/airflow/example_dags/example_short_circuit_operator.py
[2024-12-18T15:59:08.226+0000] {processor.py:925} INFO - DAG(s) 'example_short_circuit_operator' retrieved from /home/ubuntu/demo8/lib/python3.12/site-packages/airflow/example_dags/example_short_circuit_operator.py
[2024-12-18T15:59:08.247+0000] {logging_mixin.py:190} INFO - [2024-12-18T15:59:08.246+0000] {dag.py:3239} INFO - Sync 1 DAGs
[2024-12-18T15:59:08.260+0000] {logging_mixin.py:190} INFO - [2024-12-18T15:59:08.260+0000] {dag.py:4180} INFO - Setting next_dagrun for example_short_circuit_operator to None, run_after=None
[2024-12-18T15:59:08.283+0000] {processor.py:208} INFO - Processing /home/ubuntu/demo8/lib/python3.12/site-packages/airflow/example_dags/example_short_circuit_operator.py took 0.077 seconds
[2024-12-18T16:00:13.262+0000] {processor.py:186} INFO - Started process (PID=5090) to work on /home/ubuntu/demo8/lib/python3.12/site-packages/airflow/example_dags/example_short_circuit_operator.py
[2024-12-18T16:00:13.264+0000] {processor.py:914} INFO - Processing file /home/ubuntu/demo8/lib/python3.12/site-packages/airflow/example_dags/example_short_circuit_operator.py for tasks to queue
[2024-12-18T16:00:13.266+0000] {logging_mixin.py:190} INFO - [2024-12-18T16:00:13.265+0000] {dagbag.py:588} INFO - Filling up the DagBag from /home/ubuntu/demo8/lib/python3.12/site-packages/airflow/example_dags/example_short_circuit_operator.py
[2024-12-18T16:00:13.275+0000] {processor.py:925} INFO - DAG(s) 'example_short_circuit_operator' retrieved from /home/ubuntu/demo8/lib/python3.12/site-packages/airflow/example_dags/example_short_circuit_operator.py
[2024-12-18T16:00:13.298+0000] {logging_mixin.py:190} INFO - [2024-12-18T16:00:13.298+0000] {dag.py:3239} INFO - Sync 1 DAGs
[2024-12-18T16:00:13.312+0000] {logging_mixin.py:190} INFO - [2024-12-18T16:00:13.312+0000] {dag.py:4180} INFO - Setting next_dagrun for example_short_circuit_operator to None, run_after=None
[2024-12-18T16:00:13.336+0000] {processor.py:208} INFO - Processing /home/ubuntu/demo8/lib/python3.12/site-packages/airflow/example_dags/example_short_circuit_operator.py took 0.081 seconds
[2024-12-18T16:01:10.627+0000] {processor.py:186} INFO - Started process (PID=5152) to work on /home/ubuntu/demo8/lib/python3.12/site-packages/airflow/example_dags/example_short_circuit_operator.py
[2024-12-18T16:01:10.628+0000] {processor.py:914} INFO - Processing file /home/ubuntu/demo8/lib/python3.12/site-packages/airflow/example_dags/example_short_circuit_operator.py for tasks to queue
[2024-12-18T16:01:10.630+0000] {logging_mixin.py:190} INFO - [2024-12-18T16:01:10.630+0000] {dagbag.py:588} INFO - Filling up the DagBag from /home/ubuntu/demo8/lib/python3.12/site-packages/airflow/example_dags/example_short_circuit_operator.py
[2024-12-18T16:01:10.640+0000] {processor.py:925} INFO - DAG(s) 'example_short_circuit_operator' retrieved from /home/ubuntu/demo8/lib/python3.12/site-packages/airflow/example_dags/example_short_circuit_operator.py
[2024-12-18T16:01:10.661+0000] {logging_mixin.py:190} INFO - [2024-12-18T16:01:10.661+0000] {dag.py:3239} INFO - Sync 1 DAGs
[2024-12-18T16:01:10.675+0000] {logging_mixin.py:190} INFO - [2024-12-18T16:01:10.674+0000] {dag.py:4180} INFO - Setting next_dagrun for example_short_circuit_operator to None, run_after=None
[2024-12-18T16:01:10.698+0000] {processor.py:208} INFO - Processing /home/ubuntu/demo8/lib/python3.12/site-packages/airflow/example_dags/example_short_circuit_operator.py took 0.077 seconds
[2024-12-18T16:02:05.927+0000] {processor.py:186} INFO - Started process (PID=5211) to work on /home/ubuntu/demo8/lib/python3.12/site-packages/airflow/example_dags/example_short_circuit_operator.py
[2024-12-18T16:02:05.928+0000] {processor.py:914} INFO - Processing file /home/ubuntu/demo8/lib/python3.12/site-packages/airflow/example_dags/example_short_circuit_operator.py for tasks to queue
[2024-12-18T16:02:05.930+0000] {logging_mixin.py:190} INFO - [2024-12-18T16:02:05.930+0000] {dagbag.py:588} INFO - Filling up the DagBag from /home/ubuntu/demo8/lib/python3.12/site-packages/airflow/example_dags/example_short_circuit_operator.py
[2024-12-18T16:02:05.941+0000] {processor.py:925} INFO - DAG(s) 'example_short_circuit_operator' retrieved from /home/ubuntu/demo8/lib/python3.12/site-packages/airflow/example_dags/example_short_circuit_operator.py
[2024-12-18T16:02:05.962+0000] {logging_mixin.py:190} INFO - [2024-12-18T16:02:05.961+0000] {dag.py:3239} INFO - Sync 1 DAGs
[2024-12-18T16:02:05.976+0000] {logging_mixin.py:190} INFO - [2024-12-18T16:02:05.975+0000] {dag.py:4180} INFO - Setting next_dagrun for example_short_circuit_operator to None, run_after=None
[2024-12-18T16:02:06.000+0000] {processor.py:208} INFO - Processing /home/ubuntu/demo8/lib/python3.12/site-packages/airflow/example_dags/example_short_circuit_operator.py took 0.079 seconds
[2024-12-18T16:03:00.229+0000] {processor.py:186} INFO - Started process (PID=5266) to work on /home/ubuntu/demo8/lib/python3.12/site-packages/airflow/example_dags/example_short_circuit_operator.py
[2024-12-18T16:03:00.231+0000] {processor.py:914} INFO - Processing file /home/ubuntu/demo8/lib/python3.12/site-packages/airflow/example_dags/example_short_circuit_operator.py for tasks to queue
[2024-12-18T16:03:00.233+0000] {logging_mixin.py:190} INFO - [2024-12-18T16:03:00.233+0000] {dagbag.py:588} INFO - Filling up the DagBag from /home/ubuntu/demo8/lib/python3.12/site-packages/airflow/example_dags/example_short_circuit_operator.py
[2024-12-18T16:03:00.244+0000] {processor.py:925} INFO - DAG(s) 'example_short_circuit_operator' retrieved from /home/ubuntu/demo8/lib/python3.12/site-packages/airflow/example_dags/example_short_circuit_operator.py
[2024-12-18T16:03:00.265+0000] {logging_mixin.py:190} INFO - [2024-12-18T16:03:00.265+0000] {dag.py:3239} INFO - Sync 1 DAGs
[2024-12-18T16:03:00.279+0000] {logging_mixin.py:190} INFO - [2024-12-18T16:03:00.279+0000] {dag.py:4180} INFO - Setting next_dagrun for example_short_circuit_operator to None, run_after=None
[2024-12-18T16:03:00.302+0000] {processor.py:208} INFO - Processing /home/ubuntu/demo8/lib/python3.12/site-packages/airflow/example_dags/example_short_circuit_operator.py took 0.079 seconds
[2024-12-18T20:29:40.265+0000] {processor.py:186} INFO - Started process (PID=2746) to work on /home/ubuntu/demo8/lib/python3.12/site-packages/airflow/example_dags/example_short_circuit_operator.py
[2024-12-18T20:29:40.267+0000] {processor.py:914} INFO - Processing file /home/ubuntu/demo8/lib/python3.12/site-packages/airflow/example_dags/example_short_circuit_operator.py for tasks to queue
[2024-12-18T20:29:40.270+0000] {logging_mixin.py:190} INFO - [2024-12-18T20:29:40.269+0000] {dagbag.py:588} INFO - Filling up the DagBag from /home/ubuntu/demo8/lib/python3.12/site-packages/airflow/example_dags/example_short_circuit_operator.py
[2024-12-18T20:29:40.280+0000] {processor.py:925} INFO - DAG(s) 'example_short_circuit_operator' retrieved from /home/ubuntu/demo8/lib/python3.12/site-packages/airflow/example_dags/example_short_circuit_operator.py
[2024-12-18T20:29:40.303+0000] {logging_mixin.py:190} INFO - [2024-12-18T20:29:40.302+0000] {dag.py:3239} INFO - Sync 1 DAGs
[2024-12-18T20:29:40.317+0000] {logging_mixin.py:190} INFO - [2024-12-18T20:29:40.317+0000] {dag.py:4180} INFO - Setting next_dagrun for example_short_circuit_operator to None, run_after=None
[2024-12-18T20:29:40.341+0000] {processor.py:208} INFO - Processing /home/ubuntu/demo8/lib/python3.12/site-packages/airflow/example_dags/example_short_circuit_operator.py took 0.083 seconds
[2024-12-18T20:30:37.820+0000] {processor.py:186} INFO - Started process (PID=2929) to work on /home/ubuntu/demo8/lib/python3.12/site-packages/airflow/example_dags/example_short_circuit_operator.py
[2024-12-18T20:30:37.822+0000] {processor.py:914} INFO - Processing file /home/ubuntu/demo8/lib/python3.12/site-packages/airflow/example_dags/example_short_circuit_operator.py for tasks to queue
[2024-12-18T20:30:37.824+0000] {logging_mixin.py:190} INFO - [2024-12-18T20:30:37.824+0000] {dagbag.py:588} INFO - Filling up the DagBag from /home/ubuntu/demo8/lib/python3.12/site-packages/airflow/example_dags/example_short_circuit_operator.py
[2024-12-18T20:30:37.835+0000] {processor.py:925} INFO - DAG(s) 'example_short_circuit_operator' retrieved from /home/ubuntu/demo8/lib/python3.12/site-packages/airflow/example_dags/example_short_circuit_operator.py
[2024-12-18T20:30:37.856+0000] {logging_mixin.py:190} INFO - [2024-12-18T20:30:37.856+0000] {dag.py:3239} INFO - Sync 1 DAGs
[2024-12-18T20:30:37.870+0000] {logging_mixin.py:190} INFO - [2024-12-18T20:30:37.870+0000] {dag.py:4180} INFO - Setting next_dagrun for example_short_circuit_operator to None, run_after=None
[2024-12-18T20:30:37.895+0000] {processor.py:208} INFO - Processing /home/ubuntu/demo8/lib/python3.12/site-packages/airflow/example_dags/example_short_circuit_operator.py took 0.080 seconds
[2024-12-18T20:31:33.675+0000] {processor.py:186} INFO - Started process (PID=3144) to work on /home/ubuntu/demo8/lib/python3.12/site-packages/airflow/example_dags/example_short_circuit_operator.py
[2024-12-18T20:31:33.677+0000] {processor.py:914} INFO - Processing file /home/ubuntu/demo8/lib/python3.12/site-packages/airflow/example_dags/example_short_circuit_operator.py for tasks to queue
[2024-12-18T20:31:33.679+0000] {logging_mixin.py:190} INFO - [2024-12-18T20:31:33.679+0000] {dagbag.py:588} INFO - Filling up the DagBag from /home/ubuntu/demo8/lib/python3.12/site-packages/airflow/example_dags/example_short_circuit_operator.py
[2024-12-18T20:31:33.690+0000] {processor.py:925} INFO - DAG(s) 'example_short_circuit_operator' retrieved from /home/ubuntu/demo8/lib/python3.12/site-packages/airflow/example_dags/example_short_circuit_operator.py
[2024-12-18T20:31:33.710+0000] {logging_mixin.py:190} INFO - [2024-12-18T20:31:33.710+0000] {dag.py:3239} INFO - Sync 1 DAGs
[2024-12-18T20:31:33.724+0000] {logging_mixin.py:190} INFO - [2024-12-18T20:31:33.724+0000] {dag.py:4180} INFO - Setting next_dagrun for example_short_circuit_operator to None, run_after=None
[2024-12-18T20:31:33.747+0000] {processor.py:208} INFO - Processing /home/ubuntu/demo8/lib/python3.12/site-packages/airflow/example_dags/example_short_circuit_operator.py took 0.078 seconds
[2024-12-18T20:32:28.711+0000] {processor.py:186} INFO - Started process (PID=3366) to work on /home/ubuntu/demo8/lib/python3.12/site-packages/airflow/example_dags/example_short_circuit_operator.py
[2024-12-18T20:32:28.712+0000] {processor.py:914} INFO - Processing file /home/ubuntu/demo8/lib/python3.12/site-packages/airflow/example_dags/example_short_circuit_operator.py for tasks to queue
[2024-12-18T20:32:28.715+0000] {logging_mixin.py:190} INFO - [2024-12-18T20:32:28.714+0000] {dagbag.py:588} INFO - Filling up the DagBag from /home/ubuntu/demo8/lib/python3.12/site-packages/airflow/example_dags/example_short_circuit_operator.py
[2024-12-18T20:32:28.725+0000] {processor.py:925} INFO - DAG(s) 'example_short_circuit_operator' retrieved from /home/ubuntu/demo8/lib/python3.12/site-packages/airflow/example_dags/example_short_circuit_operator.py
[2024-12-18T20:32:28.745+0000] {logging_mixin.py:190} INFO - [2024-12-18T20:32:28.744+0000] {dag.py:3239} INFO - Sync 1 DAGs
[2024-12-18T20:32:28.758+0000] {logging_mixin.py:190} INFO - [2024-12-18T20:32:28.758+0000] {dag.py:4180} INFO - Setting next_dagrun for example_short_circuit_operator to None, run_after=None
[2024-12-18T20:32:28.782+0000] {processor.py:208} INFO - Processing /home/ubuntu/demo8/lib/python3.12/site-packages/airflow/example_dags/example_short_circuit_operator.py took 0.077 seconds
[2024-12-18T20:33:23.242+0000] {processor.py:186} INFO - Started process (PID=3515) to work on /home/ubuntu/demo8/lib/python3.12/site-packages/airflow/example_dags/example_short_circuit_operator.py
[2024-12-18T20:33:23.243+0000] {processor.py:914} INFO - Processing file /home/ubuntu/demo8/lib/python3.12/site-packages/airflow/example_dags/example_short_circuit_operator.py for tasks to queue
[2024-12-18T20:33:23.246+0000] {logging_mixin.py:190} INFO - [2024-12-18T20:33:23.245+0000] {dagbag.py:588} INFO - Filling up the DagBag from /home/ubuntu/demo8/lib/python3.12/site-packages/airflow/example_dags/example_short_circuit_operator.py
[2024-12-18T20:33:23.256+0000] {processor.py:925} INFO - DAG(s) 'example_short_circuit_operator' retrieved from /home/ubuntu/demo8/lib/python3.12/site-packages/airflow/example_dags/example_short_circuit_operator.py
[2024-12-18T20:33:23.276+0000] {logging_mixin.py:190} INFO - [2024-12-18T20:33:23.276+0000] {dag.py:3239} INFO - Sync 1 DAGs
[2024-12-18T20:33:23.291+0000] {logging_mixin.py:190} INFO - [2024-12-18T20:33:23.290+0000] {dag.py:4180} INFO - Setting next_dagrun for example_short_circuit_operator to None, run_after=None
[2024-12-18T20:33:23.314+0000] {processor.py:208} INFO - Processing /home/ubuntu/demo8/lib/python3.12/site-packages/airflow/example_dags/example_short_circuit_operator.py took 0.078 seconds
[2024-12-18T20:34:24.557+0000] {processor.py:186} INFO - Started process (PID=3694) to work on /home/ubuntu/demo8/lib/python3.12/site-packages/airflow/example_dags/example_short_circuit_operator.py
[2024-12-18T20:34:24.559+0000] {processor.py:914} INFO - Processing file /home/ubuntu/demo8/lib/python3.12/site-packages/airflow/example_dags/example_short_circuit_operator.py for tasks to queue
[2024-12-18T20:34:24.561+0000] {logging_mixin.py:190} INFO - [2024-12-18T20:34:24.561+0000] {dagbag.py:588} INFO - Filling up the DagBag from /home/ubuntu/demo8/lib/python3.12/site-packages/airflow/example_dags/example_short_circuit_operator.py
[2024-12-18T20:34:24.572+0000] {processor.py:925} INFO - DAG(s) 'example_short_circuit_operator' retrieved from /home/ubuntu/demo8/lib/python3.12/site-packages/airflow/example_dags/example_short_circuit_operator.py
[2024-12-18T20:34:24.707+0000] {logging_mixin.py:190} INFO - [2024-12-18T20:34:24.707+0000] {dag.py:3239} INFO - Sync 1 DAGs
[2024-12-18T20:34:24.718+0000] {logging_mixin.py:190} INFO - [2024-12-18T20:34:24.718+0000] {dag.py:4180} INFO - Setting next_dagrun for example_short_circuit_operator to None, run_after=None
[2024-12-18T20:34:24.739+0000] {processor.py:208} INFO - Processing /home/ubuntu/demo8/lib/python3.12/site-packages/airflow/example_dags/example_short_circuit_operator.py took 0.188 seconds
[2024-12-18T20:35:28.056+0000] {processor.py:186} INFO - Started process (PID=3821) to work on /home/ubuntu/demo8/lib/python3.12/site-packages/airflow/example_dags/example_short_circuit_operator.py
[2024-12-18T20:35:28.058+0000] {processor.py:914} INFO - Processing file /home/ubuntu/demo8/lib/python3.12/site-packages/airflow/example_dags/example_short_circuit_operator.py for tasks to queue
[2024-12-18T20:35:28.060+0000] {logging_mixin.py:190} INFO - [2024-12-18T20:35:28.060+0000] {dagbag.py:588} INFO - Filling up the DagBag from /home/ubuntu/demo8/lib/python3.12/site-packages/airflow/example_dags/example_short_circuit_operator.py
[2024-12-18T20:35:28.070+0000] {processor.py:925} INFO - DAG(s) 'example_short_circuit_operator' retrieved from /home/ubuntu/demo8/lib/python3.12/site-packages/airflow/example_dags/example_short_circuit_operator.py
[2024-12-18T20:35:28.091+0000] {logging_mixin.py:190} INFO - [2024-12-18T20:35:28.091+0000] {dag.py:3239} INFO - Sync 1 DAGs
[2024-12-18T20:35:28.105+0000] {logging_mixin.py:190} INFO - [2024-12-18T20:35:28.105+0000] {dag.py:4180} INFO - Setting next_dagrun for example_short_circuit_operator to None, run_after=None
[2024-12-18T20:35:28.128+0000] {processor.py:208} INFO - Processing /home/ubuntu/demo8/lib/python3.12/site-packages/airflow/example_dags/example_short_circuit_operator.py took 0.078 seconds
[2024-12-18T20:36:25.878+0000] {processor.py:186} INFO - Started process (PID=3941) to work on /home/ubuntu/demo8/lib/python3.12/site-packages/airflow/example_dags/example_short_circuit_operator.py
[2024-12-18T20:36:25.879+0000] {processor.py:914} INFO - Processing file /home/ubuntu/demo8/lib/python3.12/site-packages/airflow/example_dags/example_short_circuit_operator.py for tasks to queue
[2024-12-18T20:36:25.882+0000] {logging_mixin.py:190} INFO - [2024-12-18T20:36:25.881+0000] {dagbag.py:588} INFO - Filling up the DagBag from /home/ubuntu/demo8/lib/python3.12/site-packages/airflow/example_dags/example_short_circuit_operator.py
[2024-12-18T20:36:25.892+0000] {processor.py:925} INFO - DAG(s) 'example_short_circuit_operator' retrieved from /home/ubuntu/demo8/lib/python3.12/site-packages/airflow/example_dags/example_short_circuit_operator.py
[2024-12-18T20:36:25.913+0000] {logging_mixin.py:190} INFO - [2024-12-18T20:36:25.913+0000] {dag.py:3239} INFO - Sync 1 DAGs
[2024-12-18T20:36:25.929+0000] {logging_mixin.py:190} INFO - [2024-12-18T20:36:25.928+0000] {dag.py:4180} INFO - Setting next_dagrun for example_short_circuit_operator to None, run_after=None
[2024-12-18T20:36:25.952+0000] {processor.py:208} INFO - Processing /home/ubuntu/demo8/lib/python3.12/site-packages/airflow/example_dags/example_short_circuit_operator.py took 0.081 seconds
[2024-12-18T20:37:21.377+0000] {processor.py:186} INFO - Started process (PID=4061) to work on /home/ubuntu/demo8/lib/python3.12/site-packages/airflow/example_dags/example_short_circuit_operator.py
[2024-12-18T20:37:21.378+0000] {processor.py:914} INFO - Processing file /home/ubuntu/demo8/lib/python3.12/site-packages/airflow/example_dags/example_short_circuit_operator.py for tasks to queue
[2024-12-18T20:37:21.381+0000] {logging_mixin.py:190} INFO - [2024-12-18T20:37:21.380+0000] {dagbag.py:588} INFO - Filling up the DagBag from /home/ubuntu/demo8/lib/python3.12/site-packages/airflow/example_dags/example_short_circuit_operator.py
[2024-12-18T20:37:21.391+0000] {processor.py:925} INFO - DAG(s) 'example_short_circuit_operator' retrieved from /home/ubuntu/demo8/lib/python3.12/site-packages/airflow/example_dags/example_short_circuit_operator.py
[2024-12-18T20:37:21.413+0000] {logging_mixin.py:190} INFO - [2024-12-18T20:37:21.412+0000] {dag.py:3239} INFO - Sync 1 DAGs
[2024-12-18T20:37:21.427+0000] {logging_mixin.py:190} INFO - [2024-12-18T20:37:21.427+0000] {dag.py:4180} INFO - Setting next_dagrun for example_short_circuit_operator to None, run_after=None
[2024-12-18T20:37:21.451+0000] {processor.py:208} INFO - Processing /home/ubuntu/demo8/lib/python3.12/site-packages/airflow/example_dags/example_short_circuit_operator.py took 0.080 seconds
[2024-12-18T20:38:17.518+0000] {processor.py:186} INFO - Started process (PID=4176) to work on /home/ubuntu/demo8/lib/python3.12/site-packages/airflow/example_dags/example_short_circuit_operator.py
[2024-12-18T20:38:17.519+0000] {processor.py:914} INFO - Processing file /home/ubuntu/demo8/lib/python3.12/site-packages/airflow/example_dags/example_short_circuit_operator.py for tasks to queue
[2024-12-18T20:38:17.522+0000] {logging_mixin.py:190} INFO - [2024-12-18T20:38:17.521+0000] {dagbag.py:588} INFO - Filling up the DagBag from /home/ubuntu/demo8/lib/python3.12/site-packages/airflow/example_dags/example_short_circuit_operator.py
[2024-12-18T20:38:17.532+0000] {processor.py:925} INFO - DAG(s) 'example_short_circuit_operator' retrieved from /home/ubuntu/demo8/lib/python3.12/site-packages/airflow/example_dags/example_short_circuit_operator.py
[2024-12-18T20:38:17.562+0000] {logging_mixin.py:190} INFO - [2024-12-18T20:38:17.561+0000] {dag.py:3239} INFO - Sync 1 DAGs
[2024-12-18T20:38:17.576+0000] {logging_mixin.py:190} INFO - [2024-12-18T20:38:17.576+0000] {dag.py:4180} INFO - Setting next_dagrun for example_short_circuit_operator to None, run_after=None
[2024-12-18T20:38:17.600+0000] {processor.py:208} INFO - Processing /home/ubuntu/demo8/lib/python3.12/site-packages/airflow/example_dags/example_short_circuit_operator.py took 0.088 seconds
[2024-12-18T20:39:14.122+0000] {processor.py:186} INFO - Started process (PID=4235) to work on /home/ubuntu/demo8/lib/python3.12/site-packages/airflow/example_dags/example_short_circuit_operator.py
[2024-12-18T20:39:14.123+0000] {processor.py:914} INFO - Processing file /home/ubuntu/demo8/lib/python3.12/site-packages/airflow/example_dags/example_short_circuit_operator.py for tasks to queue
[2024-12-18T20:39:14.125+0000] {logging_mixin.py:190} INFO - [2024-12-18T20:39:14.125+0000] {dagbag.py:588} INFO - Filling up the DagBag from /home/ubuntu/demo8/lib/python3.12/site-packages/airflow/example_dags/example_short_circuit_operator.py
[2024-12-18T20:39:14.136+0000] {processor.py:925} INFO - DAG(s) 'example_short_circuit_operator' retrieved from /home/ubuntu/demo8/lib/python3.12/site-packages/airflow/example_dags/example_short_circuit_operator.py
[2024-12-18T20:39:14.157+0000] {logging_mixin.py:190} INFO - [2024-12-18T20:39:14.157+0000] {dag.py:3239} INFO - Sync 1 DAGs
[2024-12-18T20:39:14.171+0000] {logging_mixin.py:190} INFO - [2024-12-18T20:39:14.171+0000] {dag.py:4180} INFO - Setting next_dagrun for example_short_circuit_operator to None, run_after=None
[2024-12-18T20:39:14.193+0000] {processor.py:208} INFO - Processing /home/ubuntu/demo8/lib/python3.12/site-packages/airflow/example_dags/example_short_circuit_operator.py took 0.078 seconds
[2024-12-18T20:40:08.807+0000] {processor.py:186} INFO - Started process (PID=4430) to work on /home/ubuntu/demo8/lib/python3.12/site-packages/airflow/example_dags/example_short_circuit_operator.py
[2024-12-18T20:40:08.808+0000] {processor.py:914} INFO - Processing file /home/ubuntu/demo8/lib/python3.12/site-packages/airflow/example_dags/example_short_circuit_operator.py for tasks to queue
[2024-12-18T20:40:08.811+0000] {logging_mixin.py:190} INFO - [2024-12-18T20:40:08.810+0000] {dagbag.py:588} INFO - Filling up the DagBag from /home/ubuntu/demo8/lib/python3.12/site-packages/airflow/example_dags/example_short_circuit_operator.py
[2024-12-18T20:40:08.821+0000] {processor.py:925} INFO - DAG(s) 'example_short_circuit_operator' retrieved from /home/ubuntu/demo8/lib/python3.12/site-packages/airflow/example_dags/example_short_circuit_operator.py
[2024-12-18T20:40:08.842+0000] {logging_mixin.py:190} INFO - [2024-12-18T20:40:08.842+0000] {dag.py:3239} INFO - Sync 1 DAGs
[2024-12-18T20:40:08.856+0000] {logging_mixin.py:190} INFO - [2024-12-18T20:40:08.856+0000] {dag.py:4180} INFO - Setting next_dagrun for example_short_circuit_operator to None, run_after=None
[2024-12-18T20:40:08.879+0000] {processor.py:208} INFO - Processing /home/ubuntu/demo8/lib/python3.12/site-packages/airflow/example_dags/example_short_circuit_operator.py took 0.078 seconds
[2024-12-18T20:41:07.049+0000] {processor.py:186} INFO - Started process (PID=4549) to work on /home/ubuntu/demo8/lib/python3.12/site-packages/airflow/example_dags/example_short_circuit_operator.py
[2024-12-18T20:41:07.050+0000] {processor.py:914} INFO - Processing file /home/ubuntu/demo8/lib/python3.12/site-packages/airflow/example_dags/example_short_circuit_operator.py for tasks to queue
[2024-12-18T20:41:07.052+0000] {logging_mixin.py:190} INFO - [2024-12-18T20:41:07.052+0000] {dagbag.py:588} INFO - Filling up the DagBag from /home/ubuntu/demo8/lib/python3.12/site-packages/airflow/example_dags/example_short_circuit_operator.py
[2024-12-18T20:41:07.063+0000] {processor.py:925} INFO - DAG(s) 'example_short_circuit_operator' retrieved from /home/ubuntu/demo8/lib/python3.12/site-packages/airflow/example_dags/example_short_circuit_operator.py
[2024-12-18T20:41:07.084+0000] {logging_mixin.py:190} INFO - [2024-12-18T20:41:07.084+0000] {dag.py:3239} INFO - Sync 1 DAGs
[2024-12-18T20:41:07.098+0000] {logging_mixin.py:190} INFO - [2024-12-18T20:41:07.098+0000] {dag.py:4180} INFO - Setting next_dagrun for example_short_circuit_operator to None, run_after=None
[2024-12-18T20:41:07.120+0000] {processor.py:208} INFO - Processing /home/ubuntu/demo8/lib/python3.12/site-packages/airflow/example_dags/example_short_circuit_operator.py took 0.078 seconds
[2024-12-18T20:42:03.231+0000] {processor.py:186} INFO - Started process (PID=4671) to work on /home/ubuntu/demo8/lib/python3.12/site-packages/airflow/example_dags/example_short_circuit_operator.py
[2024-12-18T20:42:03.233+0000] {processor.py:914} INFO - Processing file /home/ubuntu/demo8/lib/python3.12/site-packages/airflow/example_dags/example_short_circuit_operator.py for tasks to queue
[2024-12-18T20:42:03.235+0000] {logging_mixin.py:190} INFO - [2024-12-18T20:42:03.235+0000] {dagbag.py:588} INFO - Filling up the DagBag from /home/ubuntu/demo8/lib/python3.12/site-packages/airflow/example_dags/example_short_circuit_operator.py
[2024-12-18T20:42:03.246+0000] {processor.py:925} INFO - DAG(s) 'example_short_circuit_operator' retrieved from /home/ubuntu/demo8/lib/python3.12/site-packages/airflow/example_dags/example_short_circuit_operator.py
[2024-12-18T20:42:03.267+0000] {logging_mixin.py:190} INFO - [2024-12-18T20:42:03.266+0000] {dag.py:3239} INFO - Sync 1 DAGs
[2024-12-18T20:42:03.281+0000] {logging_mixin.py:190} INFO - [2024-12-18T20:42:03.281+0000] {dag.py:4180} INFO - Setting next_dagrun for example_short_circuit_operator to None, run_after=None
[2024-12-18T20:42:03.304+0000] {processor.py:208} INFO - Processing /home/ubuntu/demo8/lib/python3.12/site-packages/airflow/example_dags/example_short_circuit_operator.py took 0.079 seconds
[2024-12-18T20:42:58.822+0000] {processor.py:186} INFO - Started process (PID=4787) to work on /home/ubuntu/demo8/lib/python3.12/site-packages/airflow/example_dags/example_short_circuit_operator.py
[2024-12-18T20:42:58.823+0000] {processor.py:914} INFO - Processing file /home/ubuntu/demo8/lib/python3.12/site-packages/airflow/example_dags/example_short_circuit_operator.py for tasks to queue
[2024-12-18T20:42:58.826+0000] {logging_mixin.py:190} INFO - [2024-12-18T20:42:58.826+0000] {dagbag.py:588} INFO - Filling up the DagBag from /home/ubuntu/demo8/lib/python3.12/site-packages/airflow/example_dags/example_short_circuit_operator.py
[2024-12-18T20:42:58.836+0000] {processor.py:925} INFO - DAG(s) 'example_short_circuit_operator' retrieved from /home/ubuntu/demo8/lib/python3.12/site-packages/airflow/example_dags/example_short_circuit_operator.py
[2024-12-18T20:42:58.857+0000] {logging_mixin.py:190} INFO - [2024-12-18T20:42:58.857+0000] {dag.py:3239} INFO - Sync 1 DAGs
[2024-12-18T20:42:58.872+0000] {logging_mixin.py:190} INFO - [2024-12-18T20:42:58.871+0000] {dag.py:4180} INFO - Setting next_dagrun for example_short_circuit_operator to None, run_after=None
[2024-12-18T20:42:58.896+0000] {processor.py:208} INFO - Processing /home/ubuntu/demo8/lib/python3.12/site-packages/airflow/example_dags/example_short_circuit_operator.py took 0.080 seconds
[2024-12-18T20:43:50.895+0000] {processor.py:186} INFO - Started process (PID=4902) to work on /home/ubuntu/demo8/lib/python3.12/site-packages/airflow/example_dags/example_short_circuit_operator.py
[2024-12-18T20:43:50.896+0000] {processor.py:914} INFO - Processing file /home/ubuntu/demo8/lib/python3.12/site-packages/airflow/example_dags/example_short_circuit_operator.py for tasks to queue
[2024-12-18T20:43:50.899+0000] {logging_mixin.py:190} INFO - [2024-12-18T20:43:50.899+0000] {dagbag.py:588} INFO - Filling up the DagBag from /home/ubuntu/demo8/lib/python3.12/site-packages/airflow/example_dags/example_short_circuit_operator.py
[2024-12-18T20:43:50.910+0000] {processor.py:925} INFO - DAG(s) 'example_short_circuit_operator' retrieved from /home/ubuntu/demo8/lib/python3.12/site-packages/airflow/example_dags/example_short_circuit_operator.py
[2024-12-18T20:43:50.931+0000] {logging_mixin.py:190} INFO - [2024-12-18T20:43:50.931+0000] {dag.py:3239} INFO - Sync 1 DAGs
[2024-12-18T20:43:50.946+0000] {logging_mixin.py:190} INFO - [2024-12-18T20:43:50.946+0000] {dag.py:4180} INFO - Setting next_dagrun for example_short_circuit_operator to None, run_after=None
[2024-12-18T20:43:50.969+0000] {processor.py:208} INFO - Processing /home/ubuntu/demo8/lib/python3.12/site-packages/airflow/example_dags/example_short_circuit_operator.py took 0.080 seconds
[2024-12-18T20:44:45.792+0000] {processor.py:186} INFO - Started process (PID=5080) to work on /home/ubuntu/demo8/lib/python3.12/site-packages/airflow/example_dags/example_short_circuit_operator.py
[2024-12-18T20:44:45.794+0000] {processor.py:914} INFO - Processing file /home/ubuntu/demo8/lib/python3.12/site-packages/airflow/example_dags/example_short_circuit_operator.py for tasks to queue
[2024-12-18T20:44:45.797+0000] {logging_mixin.py:190} INFO - [2024-12-18T20:44:45.796+0000] {dagbag.py:588} INFO - Filling up the DagBag from /home/ubuntu/demo8/lib/python3.12/site-packages/airflow/example_dags/example_short_circuit_operator.py
[2024-12-18T20:44:45.807+0000] {processor.py:925} INFO - DAG(s) 'example_short_circuit_operator' retrieved from /home/ubuntu/demo8/lib/python3.12/site-packages/airflow/example_dags/example_short_circuit_operator.py
[2024-12-18T20:44:45.828+0000] {logging_mixin.py:190} INFO - [2024-12-18T20:44:45.828+0000] {dag.py:3239} INFO - Sync 1 DAGs
[2024-12-18T20:44:45.842+0000] {logging_mixin.py:190} INFO - [2024-12-18T20:44:45.842+0000] {dag.py:4180} INFO - Setting next_dagrun for example_short_circuit_operator to None, run_after=None
[2024-12-18T20:44:45.866+0000] {processor.py:208} INFO - Processing /home/ubuntu/demo8/lib/python3.12/site-packages/airflow/example_dags/example_short_circuit_operator.py took 0.080 seconds
[2024-12-18T20:45:39.983+0000] {processor.py:186} INFO - Started process (PID=5201) to work on /home/ubuntu/demo8/lib/python3.12/site-packages/airflow/example_dags/example_short_circuit_operator.py
[2024-12-18T20:45:39.985+0000] {processor.py:914} INFO - Processing file /home/ubuntu/demo8/lib/python3.12/site-packages/airflow/example_dags/example_short_circuit_operator.py for tasks to queue
[2024-12-18T20:45:39.987+0000] {logging_mixin.py:190} INFO - [2024-12-18T20:45:39.987+0000] {dagbag.py:588} INFO - Filling up the DagBag from /home/ubuntu/demo8/lib/python3.12/site-packages/airflow/example_dags/example_short_circuit_operator.py
[2024-12-18T20:45:40.005+0000] {processor.py:925} INFO - DAG(s) 'example_short_circuit_operator' retrieved from /home/ubuntu/demo8/lib/python3.12/site-packages/airflow/example_dags/example_short_circuit_operator.py
[2024-12-18T20:45:40.031+0000] {logging_mixin.py:190} INFO - [2024-12-18T20:45:40.031+0000] {dag.py:3239} INFO - Sync 1 DAGs
[2024-12-18T20:45:40.046+0000] {logging_mixin.py:190} INFO - [2024-12-18T20:45:40.046+0000] {dag.py:4180} INFO - Setting next_dagrun for example_short_circuit_operator to None, run_after=None
[2024-12-18T20:45:40.070+0000] {processor.py:208} INFO - Processing /home/ubuntu/demo8/lib/python3.12/site-packages/airflow/example_dags/example_short_circuit_operator.py took 0.093 seconds
[2024-12-18T20:47:18.372+0000] {processor.py:186} INFO - Started process (PID=5827) to work on /home/ubuntu/demo8/lib/python3.12/site-packages/airflow/example_dags/example_short_circuit_operator.py
[2024-12-18T20:47:18.373+0000] {processor.py:914} INFO - Processing file /home/ubuntu/demo8/lib/python3.12/site-packages/airflow/example_dags/example_short_circuit_operator.py for tasks to queue
[2024-12-18T20:47:18.376+0000] {logging_mixin.py:190} INFO - [2024-12-18T20:47:18.376+0000] {dagbag.py:588} INFO - Filling up the DagBag from /home/ubuntu/demo8/lib/python3.12/site-packages/airflow/example_dags/example_short_circuit_operator.py
[2024-12-18T20:47:18.386+0000] {processor.py:925} INFO - DAG(s) 'example_short_circuit_operator' retrieved from /home/ubuntu/demo8/lib/python3.12/site-packages/airflow/example_dags/example_short_circuit_operator.py
[2024-12-18T20:47:18.409+0000] {logging_mixin.py:190} INFO - [2024-12-18T20:47:18.409+0000] {dag.py:3239} INFO - Sync 1 DAGs
[2024-12-18T20:47:18.425+0000] {logging_mixin.py:190} INFO - [2024-12-18T20:47:18.425+0000] {dag.py:4180} INFO - Setting next_dagrun for example_short_circuit_operator to None, run_after=None
[2024-12-18T20:47:18.449+0000] {processor.py:208} INFO - Processing /home/ubuntu/demo8/lib/python3.12/site-packages/airflow/example_dags/example_short_circuit_operator.py took 0.083 seconds
[2024-12-18T20:48:17.835+0000] {processor.py:186} INFO - Started process (PID=5947) to work on /home/ubuntu/demo8/lib/python3.12/site-packages/airflow/example_dags/example_short_circuit_operator.py
[2024-12-18T20:48:17.837+0000] {processor.py:914} INFO - Processing file /home/ubuntu/demo8/lib/python3.12/site-packages/airflow/example_dags/example_short_circuit_operator.py for tasks to queue
[2024-12-18T20:48:17.839+0000] {logging_mixin.py:190} INFO - [2024-12-18T20:48:17.839+0000] {dagbag.py:588} INFO - Filling up the DagBag from /home/ubuntu/demo8/lib/python3.12/site-packages/airflow/example_dags/example_short_circuit_operator.py
[2024-12-18T20:48:17.850+0000] {processor.py:925} INFO - DAG(s) 'example_short_circuit_operator' retrieved from /home/ubuntu/demo8/lib/python3.12/site-packages/airflow/example_dags/example_short_circuit_operator.py
[2024-12-18T20:48:17.872+0000] {logging_mixin.py:190} INFO - [2024-12-18T20:48:17.872+0000] {dag.py:3239} INFO - Sync 1 DAGs
[2024-12-18T20:48:17.887+0000] {logging_mixin.py:190} INFO - [2024-12-18T20:48:17.887+0000] {dag.py:4180} INFO - Setting next_dagrun for example_short_circuit_operator to None, run_after=None
[2024-12-18T20:48:17.911+0000] {processor.py:208} INFO - Processing /home/ubuntu/demo8/lib/python3.12/site-packages/airflow/example_dags/example_short_circuit_operator.py took 0.082 seconds
[2024-12-18T20:49:14.084+0000] {processor.py:186} INFO - Started process (PID=6428) to work on /home/ubuntu/demo8/lib/python3.12/site-packages/airflow/example_dags/example_short_circuit_operator.py
[2024-12-18T20:49:14.085+0000] {processor.py:914} INFO - Processing file /home/ubuntu/demo8/lib/python3.12/site-packages/airflow/example_dags/example_short_circuit_operator.py for tasks to queue
[2024-12-18T20:49:14.088+0000] {logging_mixin.py:190} INFO - [2024-12-18T20:49:14.088+0000] {dagbag.py:588} INFO - Filling up the DagBag from /home/ubuntu/demo8/lib/python3.12/site-packages/airflow/example_dags/example_short_circuit_operator.py
[2024-12-18T20:49:14.099+0000] {processor.py:925} INFO - DAG(s) 'example_short_circuit_operator' retrieved from /home/ubuntu/demo8/lib/python3.12/site-packages/airflow/example_dags/example_short_circuit_operator.py
[2024-12-18T20:49:14.120+0000] {logging_mixin.py:190} INFO - [2024-12-18T20:49:14.120+0000] {dag.py:3239} INFO - Sync 1 DAGs
[2024-12-18T20:49:14.135+0000] {logging_mixin.py:190} INFO - [2024-12-18T20:49:14.134+0000] {dag.py:4180} INFO - Setting next_dagrun for example_short_circuit_operator to None, run_after=None
[2024-12-18T20:49:14.159+0000] {processor.py:208} INFO - Processing /home/ubuntu/demo8/lib/python3.12/site-packages/airflow/example_dags/example_short_circuit_operator.py took 0.081 seconds
[2024-12-18T20:50:13.047+0000] {processor.py:186} INFO - Started process (PID=6670) to work on /home/ubuntu/demo8/lib/python3.12/site-packages/airflow/example_dags/example_short_circuit_operator.py
[2024-12-18T20:50:13.049+0000] {processor.py:914} INFO - Processing file /home/ubuntu/demo8/lib/python3.12/site-packages/airflow/example_dags/example_short_circuit_operator.py for tasks to queue
[2024-12-18T20:50:13.052+0000] {logging_mixin.py:190} INFO - [2024-12-18T20:50:13.051+0000] {dagbag.py:588} INFO - Filling up the DagBag from /home/ubuntu/demo8/lib/python3.12/site-packages/airflow/example_dags/example_short_circuit_operator.py
[2024-12-18T20:50:13.062+0000] {processor.py:925} INFO - DAG(s) 'example_short_circuit_operator' retrieved from /home/ubuntu/demo8/lib/python3.12/site-packages/airflow/example_dags/example_short_circuit_operator.py
[2024-12-18T20:50:13.082+0000] {logging_mixin.py:190} INFO - [2024-12-18T20:50:13.082+0000] {dag.py:3239} INFO - Sync 1 DAGs
[2024-12-18T20:50:13.096+0000] {logging_mixin.py:190} INFO - [2024-12-18T20:50:13.096+0000] {dag.py:4180} INFO - Setting next_dagrun for example_short_circuit_operator to None, run_after=None
[2024-12-18T20:50:13.120+0000] {processor.py:208} INFO - Processing /home/ubuntu/demo8/lib/python3.12/site-packages/airflow/example_dags/example_short_circuit_operator.py took 0.079 seconds
[2024-12-18T20:51:07.348+0000] {processor.py:186} INFO - Started process (PID=6956) to work on /home/ubuntu/demo8/lib/python3.12/site-packages/airflow/example_dags/example_short_circuit_operator.py
[2024-12-18T20:51:07.351+0000] {processor.py:914} INFO - Processing file /home/ubuntu/demo8/lib/python3.12/site-packages/airflow/example_dags/example_short_circuit_operator.py for tasks to queue
[2024-12-18T20:51:07.353+0000] {logging_mixin.py:190} INFO - [2024-12-18T20:51:07.353+0000] {dagbag.py:588} INFO - Filling up the DagBag from /home/ubuntu/demo8/lib/python3.12/site-packages/airflow/example_dags/example_short_circuit_operator.py
[2024-12-18T20:51:07.364+0000] {processor.py:925} INFO - DAG(s) 'example_short_circuit_operator' retrieved from /home/ubuntu/demo8/lib/python3.12/site-packages/airflow/example_dags/example_short_circuit_operator.py
[2024-12-18T20:51:07.385+0000] {logging_mixin.py:190} INFO - [2024-12-18T20:51:07.385+0000] {dag.py:3239} INFO - Sync 1 DAGs
[2024-12-18T20:51:07.399+0000] {logging_mixin.py:190} INFO - [2024-12-18T20:51:07.399+0000] {dag.py:4180} INFO - Setting next_dagrun for example_short_circuit_operator to None, run_after=None
[2024-12-18T20:51:07.423+0000] {processor.py:208} INFO - Processing /home/ubuntu/demo8/lib/python3.12/site-packages/airflow/example_dags/example_short_circuit_operator.py took 0.089 seconds
