[2024-12-18T15:44:40.029+0000] {processor.py:186} INFO - Started process (PID=3664) to work on /home/ubuntu/demo8/lib/python3.12/site-packages/airflow/example_dags/example_python_decorator.py
[2024-12-18T15:44:40.029+0000] {processor.py:914} INFO - Processing file /home/ubuntu/demo8/lib/python3.12/site-packages/airflow/example_dags/example_python_decorator.py for tasks to queue
[2024-12-18T15:44:40.031+0000] {logging_mixin.py:190} INFO - [2024-12-18T15:44:40.031+0000] {dagbag.py:588} INFO - Filling up the DagBag from /home/ubuntu/demo8/lib/python3.12/site-packages/airflow/example_dags/example_python_decorator.py
[2024-12-18T15:44:40.041+0000] {logging_mixin.py:190} INFO - [2024-12-18T15:44:40.041+0000] {example_python_decorator.py:80} WARNING - The virtalenv_python example task requires virtualenv, please install it.
[2024-12-18T15:44:40.044+0000] {processor.py:925} INFO - DAG(s) 'example_python_decorator' retrieved from /home/ubuntu/demo8/lib/python3.12/site-packages/airflow/example_dags/example_python_decorator.py
[2024-12-18T15:44:40.164+0000] {logging_mixin.py:190} INFO - [2024-12-18T15:44:40.164+0000] {override.py:1911} INFO - Created Permission View: can read on DAG:example_python_decorator
[2024-12-18T15:44:40.177+0000] {logging_mixin.py:190} INFO - [2024-12-18T15:44:40.176+0000] {override.py:1911} INFO - Created Permission View: can delete on DAG:example_python_decorator
[2024-12-18T15:44:40.186+0000] {logging_mixin.py:190} INFO - [2024-12-18T15:44:40.185+0000] {override.py:1911} INFO - Created Permission View: can edit on DAG:example_python_decorator
[2024-12-18T15:44:40.200+0000] {logging_mixin.py:190} INFO - [2024-12-18T15:44:40.200+0000] {override.py:1911} INFO - Created Permission View: can create on DAG Run:example_python_decorator
[2024-12-18T15:44:40.209+0000] {logging_mixin.py:190} INFO - [2024-12-18T15:44:40.209+0000] {override.py:1911} INFO - Created Permission View: can read on DAG Run:example_python_decorator
[2024-12-18T15:44:40.219+0000] {logging_mixin.py:190} INFO - [2024-12-18T15:44:40.219+0000] {override.py:1911} INFO - Created Permission View: menu access on DAG Run:example_python_decorator
[2024-12-18T15:44:40.229+0000] {logging_mixin.py:190} INFO - [2024-12-18T15:44:40.228+0000] {override.py:1911} INFO - Created Permission View: can delete on DAG Run:example_python_decorator
[2024-12-18T15:44:40.229+0000] {logging_mixin.py:190} INFO - [2024-12-18T15:44:40.229+0000] {dag.py:3239} INFO - Sync 1 DAGs
[2024-12-18T15:44:40.243+0000] {logging_mixin.py:190} INFO - [2024-12-18T15:44:40.243+0000] {dag.py:3262} INFO - Creating ORM DAG for example_python_decorator
[2024-12-18T15:44:40.244+0000] {logging_mixin.py:190} INFO - [2024-12-18T15:44:40.244+0000] {dag.py:4180} INFO - Setting next_dagrun for example_python_decorator to None, run_after=None
[2024-12-18T15:44:40.265+0000] {processor.py:208} INFO - Processing /home/ubuntu/demo8/lib/python3.12/site-packages/airflow/example_dags/example_python_decorator.py took 0.242 seconds
[2024-12-18T15:45:45.636+0000] {processor.py:186} INFO - Started process (PID=3762) to work on /home/ubuntu/demo8/lib/python3.12/site-packages/airflow/example_dags/example_python_decorator.py
[2024-12-18T15:45:45.638+0000] {processor.py:914} INFO - Processing file /home/ubuntu/demo8/lib/python3.12/site-packages/airflow/example_dags/example_python_decorator.py for tasks to queue
[2024-12-18T15:45:45.640+0000] {logging_mixin.py:190} INFO - [2024-12-18T15:45:45.639+0000] {dagbag.py:588} INFO - Filling up the DagBag from /home/ubuntu/demo8/lib/python3.12/site-packages/airflow/example_dags/example_python_decorator.py
[2024-12-18T15:45:45.650+0000] {logging_mixin.py:190} INFO - [2024-12-18T15:45:45.650+0000] {example_python_decorator.py:80} WARNING - The virtalenv_python example task requires virtualenv, please install it.
[2024-12-18T15:45:45.652+0000] {processor.py:925} INFO - DAG(s) 'example_python_decorator' retrieved from /home/ubuntu/demo8/lib/python3.12/site-packages/airflow/example_dags/example_python_decorator.py
[2024-12-18T15:45:45.671+0000] {logging_mixin.py:190} INFO - [2024-12-18T15:45:45.670+0000] {dag.py:3239} INFO - Sync 1 DAGs
[2024-12-18T15:45:45.685+0000] {logging_mixin.py:190} INFO - [2024-12-18T15:45:45.685+0000] {dag.py:4180} INFO - Setting next_dagrun for example_python_decorator to None, run_after=None
[2024-12-18T15:45:45.708+0000] {processor.py:208} INFO - Processing /home/ubuntu/demo8/lib/python3.12/site-packages/airflow/example_dags/example_python_decorator.py took 0.077 seconds
[2024-12-18T15:46:43.209+0000] {processor.py:186} INFO - Started process (PID=3822) to work on /home/ubuntu/demo8/lib/python3.12/site-packages/airflow/example_dags/example_python_decorator.py
[2024-12-18T15:46:43.210+0000] {processor.py:914} INFO - Processing file /home/ubuntu/demo8/lib/python3.12/site-packages/airflow/example_dags/example_python_decorator.py for tasks to queue
[2024-12-18T15:46:43.212+0000] {logging_mixin.py:190} INFO - [2024-12-18T15:46:43.212+0000] {dagbag.py:588} INFO - Filling up the DagBag from /home/ubuntu/demo8/lib/python3.12/site-packages/airflow/example_dags/example_python_decorator.py
[2024-12-18T15:46:43.222+0000] {logging_mixin.py:190} INFO - [2024-12-18T15:46:43.222+0000] {example_python_decorator.py:80} WARNING - The virtalenv_python example task requires virtualenv, please install it.
[2024-12-18T15:46:43.225+0000] {processor.py:925} INFO - DAG(s) 'example_python_decorator' retrieved from /home/ubuntu/demo8/lib/python3.12/site-packages/airflow/example_dags/example_python_decorator.py
[2024-12-18T15:46:43.243+0000] {logging_mixin.py:190} INFO - [2024-12-18T15:46:43.243+0000] {dag.py:3239} INFO - Sync 1 DAGs
[2024-12-18T15:46:43.257+0000] {logging_mixin.py:190} INFO - [2024-12-18T15:46:43.257+0000] {dag.py:4180} INFO - Setting next_dagrun for example_python_decorator to None, run_after=None
[2024-12-18T15:46:43.279+0000] {processor.py:208} INFO - Processing /home/ubuntu/demo8/lib/python3.12/site-packages/airflow/example_dags/example_python_decorator.py took 0.076 seconds
[2024-12-18T15:47:45.228+0000] {processor.py:186} INFO - Started process (PID=4292) to work on /home/ubuntu/demo8/lib/python3.12/site-packages/airflow/example_dags/example_python_decorator.py
[2024-12-18T15:47:45.230+0000] {processor.py:914} INFO - Processing file /home/ubuntu/demo8/lib/python3.12/site-packages/airflow/example_dags/example_python_decorator.py for tasks to queue
[2024-12-18T15:47:45.232+0000] {logging_mixin.py:190} INFO - [2024-12-18T15:47:45.232+0000] {dagbag.py:588} INFO - Filling up the DagBag from /home/ubuntu/demo8/lib/python3.12/site-packages/airflow/example_dags/example_python_decorator.py
[2024-12-18T15:47:45.242+0000] {logging_mixin.py:190} INFO - [2024-12-18T15:47:45.242+0000] {example_python_decorator.py:80} WARNING - The virtalenv_python example task requires virtualenv, please install it.
[2024-12-18T15:47:45.245+0000] {processor.py:925} INFO - DAG(s) 'example_python_decorator' retrieved from /home/ubuntu/demo8/lib/python3.12/site-packages/airflow/example_dags/example_python_decorator.py
[2024-12-18T15:47:45.264+0000] {logging_mixin.py:190} INFO - [2024-12-18T15:47:45.264+0000] {dag.py:3239} INFO - Sync 1 DAGs
[2024-12-18T15:47:45.278+0000] {logging_mixin.py:190} INFO - [2024-12-18T15:47:45.278+0000] {dag.py:4180} INFO - Setting next_dagrun for example_python_decorator to None, run_after=None
[2024-12-18T15:47:45.302+0000] {processor.py:208} INFO - Processing /home/ubuntu/demo8/lib/python3.12/site-packages/airflow/example_dags/example_python_decorator.py took 0.079 seconds
[2024-12-18T15:48:38.581+0000] {processor.py:186} INFO - Started process (PID=4348) to work on /home/ubuntu/demo8/lib/python3.12/site-packages/airflow/example_dags/example_python_decorator.py
[2024-12-18T15:48:38.583+0000] {processor.py:914} INFO - Processing file /home/ubuntu/demo8/lib/python3.12/site-packages/airflow/example_dags/example_python_decorator.py for tasks to queue
[2024-12-18T15:48:38.585+0000] {logging_mixin.py:190} INFO - [2024-12-18T15:48:38.584+0000] {dagbag.py:588} INFO - Filling up the DagBag from /home/ubuntu/demo8/lib/python3.12/site-packages/airflow/example_dags/example_python_decorator.py
[2024-12-18T15:48:38.594+0000] {logging_mixin.py:190} INFO - [2024-12-18T15:48:38.594+0000] {example_python_decorator.py:80} WARNING - The virtalenv_python example task requires virtualenv, please install it.
[2024-12-18T15:48:38.597+0000] {processor.py:925} INFO - DAG(s) 'example_python_decorator' retrieved from /home/ubuntu/demo8/lib/python3.12/site-packages/airflow/example_dags/example_python_decorator.py
[2024-12-18T15:48:38.616+0000] {logging_mixin.py:190} INFO - [2024-12-18T15:48:38.615+0000] {dag.py:3239} INFO - Sync 1 DAGs
[2024-12-18T15:48:38.630+0000] {logging_mixin.py:190} INFO - [2024-12-18T15:48:38.629+0000] {dag.py:4180} INFO - Setting next_dagrun for example_python_decorator to None, run_after=None
[2024-12-18T15:48:38.652+0000] {processor.py:208} INFO - Processing /home/ubuntu/demo8/lib/python3.12/site-packages/airflow/example_dags/example_python_decorator.py took 0.077 seconds
[2024-12-18T15:49:45.492+0000] {processor.py:186} INFO - Started process (PID=4409) to work on /home/ubuntu/demo8/lib/python3.12/site-packages/airflow/example_dags/example_python_decorator.py
[2024-12-18T15:49:45.494+0000] {processor.py:914} INFO - Processing file /home/ubuntu/demo8/lib/python3.12/site-packages/airflow/example_dags/example_python_decorator.py for tasks to queue
[2024-12-18T15:49:45.496+0000] {logging_mixin.py:190} INFO - [2024-12-18T15:49:45.495+0000] {dagbag.py:588} INFO - Filling up the DagBag from /home/ubuntu/demo8/lib/python3.12/site-packages/airflow/example_dags/example_python_decorator.py
[2024-12-18T15:49:45.506+0000] {logging_mixin.py:190} INFO - [2024-12-18T15:49:45.506+0000] {example_python_decorator.py:80} WARNING - The virtalenv_python example task requires virtualenv, please install it.
[2024-12-18T15:49:45.510+0000] {processor.py:925} INFO - DAG(s) 'example_python_decorator' retrieved from /home/ubuntu/demo8/lib/python3.12/site-packages/airflow/example_dags/example_python_decorator.py
[2024-12-18T15:49:45.535+0000] {logging_mixin.py:190} INFO - [2024-12-18T15:49:45.534+0000] {dag.py:3239} INFO - Sync 1 DAGs
[2024-12-18T15:49:45.549+0000] {logging_mixin.py:190} INFO - [2024-12-18T15:49:45.549+0000] {dag.py:4180} INFO - Setting next_dagrun for example_python_decorator to None, run_after=None
[2024-12-18T15:49:45.571+0000] {processor.py:208} INFO - Processing /home/ubuntu/demo8/lib/python3.12/site-packages/airflow/example_dags/example_python_decorator.py took 0.085 seconds
[2024-12-18T15:50:42.658+0000] {processor.py:186} INFO - Started process (PID=4476) to work on /home/ubuntu/demo8/lib/python3.12/site-packages/airflow/example_dags/example_python_decorator.py
[2024-12-18T15:50:42.659+0000] {processor.py:914} INFO - Processing file /home/ubuntu/demo8/lib/python3.12/site-packages/airflow/example_dags/example_python_decorator.py for tasks to queue
[2024-12-18T15:50:42.662+0000] {logging_mixin.py:190} INFO - [2024-12-18T15:50:42.661+0000] {dagbag.py:588} INFO - Filling up the DagBag from /home/ubuntu/demo8/lib/python3.12/site-packages/airflow/example_dags/example_python_decorator.py
[2024-12-18T15:50:42.672+0000] {logging_mixin.py:190} INFO - [2024-12-18T15:50:42.672+0000] {example_python_decorator.py:80} WARNING - The virtalenv_python example task requires virtualenv, please install it.
[2024-12-18T15:50:42.675+0000] {processor.py:925} INFO - DAG(s) 'example_python_decorator' retrieved from /home/ubuntu/demo8/lib/python3.12/site-packages/airflow/example_dags/example_python_decorator.py
[2024-12-18T15:50:42.694+0000] {logging_mixin.py:190} INFO - [2024-12-18T15:50:42.693+0000] {dag.py:3239} INFO - Sync 1 DAGs
[2024-12-18T15:50:42.709+0000] {logging_mixin.py:190} INFO - [2024-12-18T15:50:42.709+0000] {dag.py:4180} INFO - Setting next_dagrun for example_python_decorator to None, run_after=None
[2024-12-18T15:50:42.731+0000] {processor.py:208} INFO - Processing /home/ubuntu/demo8/lib/python3.12/site-packages/airflow/example_dags/example_python_decorator.py took 0.080 seconds
[2024-12-18T15:51:36.963+0000] {processor.py:186} INFO - Started process (PID=4538) to work on /home/ubuntu/demo8/lib/python3.12/site-packages/airflow/example_dags/example_python_decorator.py
[2024-12-18T15:51:36.964+0000] {processor.py:914} INFO - Processing file /home/ubuntu/demo8/lib/python3.12/site-packages/airflow/example_dags/example_python_decorator.py for tasks to queue
[2024-12-18T15:51:36.966+0000] {logging_mixin.py:190} INFO - [2024-12-18T15:51:36.966+0000] {dagbag.py:588} INFO - Filling up the DagBag from /home/ubuntu/demo8/lib/python3.12/site-packages/airflow/example_dags/example_python_decorator.py
[2024-12-18T15:51:36.976+0000] {logging_mixin.py:190} INFO - [2024-12-18T15:51:36.976+0000] {example_python_decorator.py:80} WARNING - The virtalenv_python example task requires virtualenv, please install it.
[2024-12-18T15:51:36.979+0000] {processor.py:925} INFO - DAG(s) 'example_python_decorator' retrieved from /home/ubuntu/demo8/lib/python3.12/site-packages/airflow/example_dags/example_python_decorator.py
[2024-12-18T15:51:36.998+0000] {logging_mixin.py:190} INFO - [2024-12-18T15:51:36.997+0000] {dag.py:3239} INFO - Sync 1 DAGs
[2024-12-18T15:51:37.012+0000] {logging_mixin.py:190} INFO - [2024-12-18T15:51:37.012+0000] {dag.py:4180} INFO - Setting next_dagrun for example_python_decorator to None, run_after=None
[2024-12-18T15:51:37.035+0000] {processor.py:208} INFO - Processing /home/ubuntu/demo8/lib/python3.12/site-packages/airflow/example_dags/example_python_decorator.py took 0.080 seconds
[2024-12-18T15:52:31.392+0000] {processor.py:186} INFO - Started process (PID=4595) to work on /home/ubuntu/demo8/lib/python3.12/site-packages/airflow/example_dags/example_python_decorator.py
[2024-12-18T15:52:31.394+0000] {processor.py:914} INFO - Processing file /home/ubuntu/demo8/lib/python3.12/site-packages/airflow/example_dags/example_python_decorator.py for tasks to queue
[2024-12-18T15:52:31.396+0000] {logging_mixin.py:190} INFO - [2024-12-18T15:52:31.396+0000] {dagbag.py:588} INFO - Filling up the DagBag from /home/ubuntu/demo8/lib/python3.12/site-packages/airflow/example_dags/example_python_decorator.py
[2024-12-18T15:52:31.406+0000] {logging_mixin.py:190} INFO - [2024-12-18T15:52:31.406+0000] {example_python_decorator.py:80} WARNING - The virtalenv_python example task requires virtualenv, please install it.
[2024-12-18T15:52:31.409+0000] {processor.py:925} INFO - DAG(s) 'example_python_decorator' retrieved from /home/ubuntu/demo8/lib/python3.12/site-packages/airflow/example_dags/example_python_decorator.py
[2024-12-18T15:52:31.429+0000] {logging_mixin.py:190} INFO - [2024-12-18T15:52:31.429+0000] {dag.py:3239} INFO - Sync 1 DAGs
[2024-12-18T15:52:31.444+0000] {logging_mixin.py:190} INFO - [2024-12-18T15:52:31.444+0000] {dag.py:4180} INFO - Setting next_dagrun for example_python_decorator to None, run_after=None
[2024-12-18T15:52:31.467+0000] {processor.py:208} INFO - Processing /home/ubuntu/demo8/lib/python3.12/site-packages/airflow/example_dags/example_python_decorator.py took 0.081 seconds
[2024-12-18T15:53:26.298+0000] {processor.py:186} INFO - Started process (PID=4651) to work on /home/ubuntu/demo8/lib/python3.12/site-packages/airflow/example_dags/example_python_decorator.py
[2024-12-18T15:53:26.299+0000] {processor.py:914} INFO - Processing file /home/ubuntu/demo8/lib/python3.12/site-packages/airflow/example_dags/example_python_decorator.py for tasks to queue
[2024-12-18T15:53:26.302+0000] {logging_mixin.py:190} INFO - [2024-12-18T15:53:26.301+0000] {dagbag.py:588} INFO - Filling up the DagBag from /home/ubuntu/demo8/lib/python3.12/site-packages/airflow/example_dags/example_python_decorator.py
[2024-12-18T15:53:26.311+0000] {logging_mixin.py:190} INFO - [2024-12-18T15:53:26.311+0000] {example_python_decorator.py:80} WARNING - The virtalenv_python example task requires virtualenv, please install it.
[2024-12-18T15:53:26.314+0000] {processor.py:925} INFO - DAG(s) 'example_python_decorator' retrieved from /home/ubuntu/demo8/lib/python3.12/site-packages/airflow/example_dags/example_python_decorator.py
[2024-12-18T15:53:26.333+0000] {logging_mixin.py:190} INFO - [2024-12-18T15:53:26.333+0000] {dag.py:3239} INFO - Sync 1 DAGs
[2024-12-18T15:53:26.356+0000] {logging_mixin.py:190} INFO - [2024-12-18T15:53:26.356+0000] {dag.py:4180} INFO - Setting next_dagrun for example_python_decorator to None, run_after=None
[2024-12-18T15:53:26.379+0000] {processor.py:208} INFO - Processing /home/ubuntu/demo8/lib/python3.12/site-packages/airflow/example_dags/example_python_decorator.py took 0.087 seconds
[2024-12-18T15:54:52.341+0000] {processor.py:186} INFO - Started process (PID=4765) to work on /home/ubuntu/demo8/lib/python3.12/site-packages/airflow/example_dags/example_python_decorator.py
[2024-12-18T15:54:52.343+0000] {processor.py:914} INFO - Processing file /home/ubuntu/demo8/lib/python3.12/site-packages/airflow/example_dags/example_python_decorator.py for tasks to queue
[2024-12-18T15:54:52.345+0000] {logging_mixin.py:190} INFO - [2024-12-18T15:54:52.344+0000] {dagbag.py:588} INFO - Filling up the DagBag from /home/ubuntu/demo8/lib/python3.12/site-packages/airflow/example_dags/example_python_decorator.py
[2024-12-18T15:54:52.355+0000] {logging_mixin.py:190} INFO - [2024-12-18T15:54:52.355+0000] {example_python_decorator.py:80} WARNING - The virtalenv_python example task requires virtualenv, please install it.
[2024-12-18T15:54:52.357+0000] {processor.py:925} INFO - DAG(s) 'example_python_decorator' retrieved from /home/ubuntu/demo8/lib/python3.12/site-packages/airflow/example_dags/example_python_decorator.py
[2024-12-18T15:54:52.378+0000] {logging_mixin.py:190} INFO - [2024-12-18T15:54:52.378+0000] {dag.py:3239} INFO - Sync 1 DAGs
[2024-12-18T15:54:52.393+0000] {logging_mixin.py:190} INFO - [2024-12-18T15:54:52.393+0000] {dag.py:4180} INFO - Setting next_dagrun for example_python_decorator to None, run_after=None
[2024-12-18T15:54:52.416+0000] {processor.py:208} INFO - Processing /home/ubuntu/demo8/lib/python3.12/site-packages/airflow/example_dags/example_python_decorator.py took 0.081 seconds
[2024-12-18T15:55:49.611+0000] {processor.py:186} INFO - Started process (PID=4828) to work on /home/ubuntu/demo8/lib/python3.12/site-packages/airflow/example_dags/example_python_decorator.py
[2024-12-18T15:55:49.612+0000] {processor.py:914} INFO - Processing file /home/ubuntu/demo8/lib/python3.12/site-packages/airflow/example_dags/example_python_decorator.py for tasks to queue
[2024-12-18T15:55:49.615+0000] {logging_mixin.py:190} INFO - [2024-12-18T15:55:49.614+0000] {dagbag.py:588} INFO - Filling up the DagBag from /home/ubuntu/demo8/lib/python3.12/site-packages/airflow/example_dags/example_python_decorator.py
[2024-12-18T15:55:49.625+0000] {logging_mixin.py:190} INFO - [2024-12-18T15:55:49.625+0000] {example_python_decorator.py:80} WARNING - The virtalenv_python example task requires virtualenv, please install it.
[2024-12-18T15:55:49.627+0000] {processor.py:925} INFO - DAG(s) 'example_python_decorator' retrieved from /home/ubuntu/demo8/lib/python3.12/site-packages/airflow/example_dags/example_python_decorator.py
[2024-12-18T15:55:49.647+0000] {logging_mixin.py:190} INFO - [2024-12-18T15:55:49.646+0000] {dag.py:3239} INFO - Sync 1 DAGs
[2024-12-18T15:55:49.661+0000] {logging_mixin.py:190} INFO - [2024-12-18T15:55:49.661+0000] {dag.py:4180} INFO - Setting next_dagrun for example_python_decorator to None, run_after=None
[2024-12-18T15:55:49.684+0000] {processor.py:208} INFO - Processing /home/ubuntu/demo8/lib/python3.12/site-packages/airflow/example_dags/example_python_decorator.py took 0.079 seconds
[2024-12-18T15:57:19.865+0000] {processor.py:186} INFO - Started process (PID=4915) to work on /home/ubuntu/demo8/lib/python3.12/site-packages/airflow/example_dags/example_python_decorator.py
[2024-12-18T15:57:19.867+0000] {processor.py:914} INFO - Processing file /home/ubuntu/demo8/lib/python3.12/site-packages/airflow/example_dags/example_python_decorator.py for tasks to queue
[2024-12-18T15:57:19.869+0000] {logging_mixin.py:190} INFO - [2024-12-18T15:57:19.868+0000] {dagbag.py:588} INFO - Filling up the DagBag from /home/ubuntu/demo8/lib/python3.12/site-packages/airflow/example_dags/example_python_decorator.py
[2024-12-18T15:57:19.879+0000] {logging_mixin.py:190} INFO - [2024-12-18T15:57:19.878+0000] {example_python_decorator.py:80} WARNING - The virtalenv_python example task requires virtualenv, please install it.
[2024-12-18T15:57:19.881+0000] {processor.py:925} INFO - DAG(s) 'example_python_decorator' retrieved from /home/ubuntu/demo8/lib/python3.12/site-packages/airflow/example_dags/example_python_decorator.py
[2024-12-18T15:57:19.902+0000] {logging_mixin.py:190} INFO - [2024-12-18T15:57:19.902+0000] {dag.py:3239} INFO - Sync 1 DAGs
[2024-12-18T15:57:19.917+0000] {logging_mixin.py:190} INFO - [2024-12-18T15:57:19.917+0000] {dag.py:4180} INFO - Setting next_dagrun for example_python_decorator to None, run_after=None
[2024-12-18T15:57:19.939+0000] {processor.py:208} INFO - Processing /home/ubuntu/demo8/lib/python3.12/site-packages/airflow/example_dags/example_python_decorator.py took 0.080 seconds
[2024-12-18T15:58:17.125+0000] {processor.py:186} INFO - Started process (PID=4973) to work on /home/ubuntu/demo8/lib/python3.12/site-packages/airflow/example_dags/example_python_decorator.py
[2024-12-18T15:58:17.126+0000] {processor.py:914} INFO - Processing file /home/ubuntu/demo8/lib/python3.12/site-packages/airflow/example_dags/example_python_decorator.py for tasks to queue
[2024-12-18T15:58:17.128+0000] {logging_mixin.py:190} INFO - [2024-12-18T15:58:17.128+0000] {dagbag.py:588} INFO - Filling up the DagBag from /home/ubuntu/demo8/lib/python3.12/site-packages/airflow/example_dags/example_python_decorator.py
[2024-12-18T15:58:17.138+0000] {logging_mixin.py:190} INFO - [2024-12-18T15:58:17.138+0000] {example_python_decorator.py:80} WARNING - The virtalenv_python example task requires virtualenv, please install it.
[2024-12-18T15:58:17.141+0000] {processor.py:925} INFO - DAG(s) 'example_python_decorator' retrieved from /home/ubuntu/demo8/lib/python3.12/site-packages/airflow/example_dags/example_python_decorator.py
[2024-12-18T15:58:17.159+0000] {logging_mixin.py:190} INFO - [2024-12-18T15:58:17.159+0000] {dag.py:3239} INFO - Sync 1 DAGs
[2024-12-18T15:58:17.173+0000] {logging_mixin.py:190} INFO - [2024-12-18T15:58:17.173+0000] {dag.py:4180} INFO - Setting next_dagrun for example_python_decorator to None, run_after=None
[2024-12-18T15:58:17.197+0000] {processor.py:208} INFO - Processing /home/ubuntu/demo8/lib/python3.12/site-packages/airflow/example_dags/example_python_decorator.py took 0.079 seconds
[2024-12-18T15:59:13.814+0000] {processor.py:186} INFO - Started process (PID=5031) to work on /home/ubuntu/demo8/lib/python3.12/site-packages/airflow/example_dags/example_python_decorator.py
[2024-12-18T15:59:13.815+0000] {processor.py:914} INFO - Processing file /home/ubuntu/demo8/lib/python3.12/site-packages/airflow/example_dags/example_python_decorator.py for tasks to queue
[2024-12-18T15:59:13.817+0000] {logging_mixin.py:190} INFO - [2024-12-18T15:59:13.817+0000] {dagbag.py:588} INFO - Filling up the DagBag from /home/ubuntu/demo8/lib/python3.12/site-packages/airflow/example_dags/example_python_decorator.py
[2024-12-18T15:59:13.827+0000] {logging_mixin.py:190} INFO - [2024-12-18T15:59:13.827+0000] {example_python_decorator.py:80} WARNING - The virtalenv_python example task requires virtualenv, please install it.
[2024-12-18T15:59:13.829+0000] {processor.py:925} INFO - DAG(s) 'example_python_decorator' retrieved from /home/ubuntu/demo8/lib/python3.12/site-packages/airflow/example_dags/example_python_decorator.py
[2024-12-18T15:59:13.847+0000] {logging_mixin.py:190} INFO - [2024-12-18T15:59:13.847+0000] {dag.py:3239} INFO - Sync 1 DAGs
[2024-12-18T15:59:13.861+0000] {logging_mixin.py:190} INFO - [2024-12-18T15:59:13.860+0000] {dag.py:4180} INFO - Setting next_dagrun for example_python_decorator to None, run_after=None
[2024-12-18T15:59:13.882+0000] {processor.py:208} INFO - Processing /home/ubuntu/demo8/lib/python3.12/site-packages/airflow/example_dags/example_python_decorator.py took 0.075 seconds
[2024-12-18T16:00:18.681+0000] {processor.py:186} INFO - Started process (PID=5099) to work on /home/ubuntu/demo8/lib/python3.12/site-packages/airflow/example_dags/example_python_decorator.py
[2024-12-18T16:00:18.683+0000] {processor.py:914} INFO - Processing file /home/ubuntu/demo8/lib/python3.12/site-packages/airflow/example_dags/example_python_decorator.py for tasks to queue
[2024-12-18T16:00:18.685+0000] {logging_mixin.py:190} INFO - [2024-12-18T16:00:18.685+0000] {dagbag.py:588} INFO - Filling up the DagBag from /home/ubuntu/demo8/lib/python3.12/site-packages/airflow/example_dags/example_python_decorator.py
[2024-12-18T16:00:18.695+0000] {logging_mixin.py:190} INFO - [2024-12-18T16:00:18.695+0000] {example_python_decorator.py:80} WARNING - The virtalenv_python example task requires virtualenv, please install it.
[2024-12-18T16:00:18.698+0000] {processor.py:925} INFO - DAG(s) 'example_python_decorator' retrieved from /home/ubuntu/demo8/lib/python3.12/site-packages/airflow/example_dags/example_python_decorator.py
[2024-12-18T16:00:18.718+0000] {logging_mixin.py:190} INFO - [2024-12-18T16:00:18.718+0000] {dag.py:3239} INFO - Sync 1 DAGs
[2024-12-18T16:00:18.734+0000] {logging_mixin.py:190} INFO - [2024-12-18T16:00:18.733+0000] {dag.py:4180} INFO - Setting next_dagrun for example_python_decorator to None, run_after=None
[2024-12-18T16:00:18.756+0000] {processor.py:208} INFO - Processing /home/ubuntu/demo8/lib/python3.12/site-packages/airflow/example_dags/example_python_decorator.py took 0.080 seconds
[2024-12-18T16:01:15.936+0000] {processor.py:186} INFO - Started process (PID=5158) to work on /home/ubuntu/demo8/lib/python3.12/site-packages/airflow/example_dags/example_python_decorator.py
[2024-12-18T16:01:15.937+0000] {processor.py:914} INFO - Processing file /home/ubuntu/demo8/lib/python3.12/site-packages/airflow/example_dags/example_python_decorator.py for tasks to queue
[2024-12-18T16:01:15.939+0000] {logging_mixin.py:190} INFO - [2024-12-18T16:01:15.939+0000] {dagbag.py:588} INFO - Filling up the DagBag from /home/ubuntu/demo8/lib/python3.12/site-packages/airflow/example_dags/example_python_decorator.py
[2024-12-18T16:01:15.949+0000] {logging_mixin.py:190} INFO - [2024-12-18T16:01:15.949+0000] {example_python_decorator.py:80} WARNING - The virtalenv_python example task requires virtualenv, please install it.
[2024-12-18T16:01:15.952+0000] {processor.py:925} INFO - DAG(s) 'example_python_decorator' retrieved from /home/ubuntu/demo8/lib/python3.12/site-packages/airflow/example_dags/example_python_decorator.py
[2024-12-18T16:01:15.970+0000] {logging_mixin.py:190} INFO - [2024-12-18T16:01:15.970+0000] {dag.py:3239} INFO - Sync 1 DAGs
[2024-12-18T16:01:15.984+0000] {logging_mixin.py:190} INFO - [2024-12-18T16:01:15.984+0000] {dag.py:4180} INFO - Setting next_dagrun for example_python_decorator to None, run_after=None
[2024-12-18T16:01:16.009+0000] {processor.py:208} INFO - Processing /home/ubuntu/demo8/lib/python3.12/site-packages/airflow/example_dags/example_python_decorator.py took 0.079 seconds
[2024-12-18T16:02:11.483+0000] {processor.py:186} INFO - Started process (PID=5217) to work on /home/ubuntu/demo8/lib/python3.12/site-packages/airflow/example_dags/example_python_decorator.py
[2024-12-18T16:02:11.485+0000] {processor.py:914} INFO - Processing file /home/ubuntu/demo8/lib/python3.12/site-packages/airflow/example_dags/example_python_decorator.py for tasks to queue
[2024-12-18T16:02:11.487+0000] {logging_mixin.py:190} INFO - [2024-12-18T16:02:11.486+0000] {dagbag.py:588} INFO - Filling up the DagBag from /home/ubuntu/demo8/lib/python3.12/site-packages/airflow/example_dags/example_python_decorator.py
[2024-12-18T16:02:11.497+0000] {logging_mixin.py:190} INFO - [2024-12-18T16:02:11.497+0000] {example_python_decorator.py:80} WARNING - The virtalenv_python example task requires virtualenv, please install it.
[2024-12-18T16:02:11.499+0000] {processor.py:925} INFO - DAG(s) 'example_python_decorator' retrieved from /home/ubuntu/demo8/lib/python3.12/site-packages/airflow/example_dags/example_python_decorator.py
[2024-12-18T16:02:11.518+0000] {logging_mixin.py:190} INFO - [2024-12-18T16:02:11.518+0000] {dag.py:3239} INFO - Sync 1 DAGs
[2024-12-18T16:02:11.532+0000] {logging_mixin.py:190} INFO - [2024-12-18T16:02:11.532+0000] {dag.py:4180} INFO - Setting next_dagrun for example_python_decorator to None, run_after=None
[2024-12-18T16:02:11.560+0000] {processor.py:208} INFO - Processing /home/ubuntu/demo8/lib/python3.12/site-packages/airflow/example_dags/example_python_decorator.py took 0.083 seconds
[2024-12-18T16:03:06.506+0000] {processor.py:186} INFO - Started process (PID=5272) to work on /home/ubuntu/demo8/lib/python3.12/site-packages/airflow/example_dags/example_python_decorator.py
[2024-12-18T16:03:06.508+0000] {processor.py:914} INFO - Processing file /home/ubuntu/demo8/lib/python3.12/site-packages/airflow/example_dags/example_python_decorator.py for tasks to queue
[2024-12-18T16:03:06.510+0000] {logging_mixin.py:190} INFO - [2024-12-18T16:03:06.510+0000] {dagbag.py:588} INFO - Filling up the DagBag from /home/ubuntu/demo8/lib/python3.12/site-packages/airflow/example_dags/example_python_decorator.py
[2024-12-18T16:03:06.520+0000] {logging_mixin.py:190} INFO - [2024-12-18T16:03:06.520+0000] {example_python_decorator.py:80} WARNING - The virtalenv_python example task requires virtualenv, please install it.
[2024-12-18T16:03:06.523+0000] {processor.py:925} INFO - DAG(s) 'example_python_decorator' retrieved from /home/ubuntu/demo8/lib/python3.12/site-packages/airflow/example_dags/example_python_decorator.py
[2024-12-18T16:03:06.541+0000] {logging_mixin.py:190} INFO - [2024-12-18T16:03:06.541+0000] {dag.py:3239} INFO - Sync 1 DAGs
[2024-12-18T16:03:06.555+0000] {logging_mixin.py:190} INFO - [2024-12-18T16:03:06.555+0000] {dag.py:4180} INFO - Setting next_dagrun for example_python_decorator to None, run_after=None
[2024-12-18T16:03:06.576+0000] {processor.py:208} INFO - Processing /home/ubuntu/demo8/lib/python3.12/site-packages/airflow/example_dags/example_python_decorator.py took 0.076 seconds
[2024-12-18T20:29:46.005+0000] {processor.py:186} INFO - Started process (PID=2752) to work on /home/ubuntu/demo8/lib/python3.12/site-packages/airflow/example_dags/example_python_decorator.py
[2024-12-18T20:29:46.008+0000] {processor.py:914} INFO - Processing file /home/ubuntu/demo8/lib/python3.12/site-packages/airflow/example_dags/example_python_decorator.py for tasks to queue
[2024-12-18T20:29:46.013+0000] {logging_mixin.py:190} INFO - [2024-12-18T20:29:46.012+0000] {dagbag.py:588} INFO - Filling up the DagBag from /home/ubuntu/demo8/lib/python3.12/site-packages/airflow/example_dags/example_python_decorator.py
[2024-12-18T20:29:46.023+0000] {logging_mixin.py:190} INFO - [2024-12-18T20:29:46.023+0000] {example_python_decorator.py:80} WARNING - The virtalenv_python example task requires virtualenv, please install it.
[2024-12-18T20:29:46.026+0000] {processor.py:925} INFO - DAG(s) 'example_python_decorator' retrieved from /home/ubuntu/demo8/lib/python3.12/site-packages/airflow/example_dags/example_python_decorator.py
[2024-12-18T20:29:46.047+0000] {logging_mixin.py:190} INFO - [2024-12-18T20:29:46.047+0000] {dag.py:3239} INFO - Sync 1 DAGs
[2024-12-18T20:29:46.062+0000] {logging_mixin.py:190} INFO - [2024-12-18T20:29:46.062+0000] {dag.py:4180} INFO - Setting next_dagrun for example_python_decorator to None, run_after=None
[2024-12-18T20:29:46.085+0000] {processor.py:208} INFO - Processing /home/ubuntu/demo8/lib/python3.12/site-packages/airflow/example_dags/example_python_decorator.py took 0.092 seconds
[2024-12-18T20:30:44.126+0000] {processor.py:186} INFO - Started process (PID=2935) to work on /home/ubuntu/demo8/lib/python3.12/site-packages/airflow/example_dags/example_python_decorator.py
[2024-12-18T20:30:44.128+0000] {processor.py:914} INFO - Processing file /home/ubuntu/demo8/lib/python3.12/site-packages/airflow/example_dags/example_python_decorator.py for tasks to queue
[2024-12-18T20:30:44.130+0000] {logging_mixin.py:190} INFO - [2024-12-18T20:30:44.130+0000] {dagbag.py:588} INFO - Filling up the DagBag from /home/ubuntu/demo8/lib/python3.12/site-packages/airflow/example_dags/example_python_decorator.py
[2024-12-18T20:30:44.140+0000] {logging_mixin.py:190} INFO - [2024-12-18T20:30:44.140+0000] {example_python_decorator.py:80} WARNING - The virtalenv_python example task requires virtualenv, please install it.
[2024-12-18T20:30:44.143+0000] {processor.py:925} INFO - DAG(s) 'example_python_decorator' retrieved from /home/ubuntu/demo8/lib/python3.12/site-packages/airflow/example_dags/example_python_decorator.py
[2024-12-18T20:30:44.169+0000] {logging_mixin.py:190} INFO - [2024-12-18T20:30:44.168+0000] {dag.py:3239} INFO - Sync 1 DAGs
[2024-12-18T20:30:44.187+0000] {logging_mixin.py:190} INFO - [2024-12-18T20:30:44.186+0000] {dag.py:4180} INFO - Setting next_dagrun for example_python_decorator to None, run_after=None
[2024-12-18T20:30:44.211+0000] {processor.py:208} INFO - Processing /home/ubuntu/demo8/lib/python3.12/site-packages/airflow/example_dags/example_python_decorator.py took 0.091 seconds
[2024-12-18T20:31:40.800+0000] {processor.py:186} INFO - Started process (PID=3151) to work on /home/ubuntu/demo8/lib/python3.12/site-packages/airflow/example_dags/example_python_decorator.py
[2024-12-18T20:31:40.801+0000] {processor.py:914} INFO - Processing file /home/ubuntu/demo8/lib/python3.12/site-packages/airflow/example_dags/example_python_decorator.py for tasks to queue
[2024-12-18T20:31:40.804+0000] {logging_mixin.py:190} INFO - [2024-12-18T20:31:40.804+0000] {dagbag.py:588} INFO - Filling up the DagBag from /home/ubuntu/demo8/lib/python3.12/site-packages/airflow/example_dags/example_python_decorator.py
[2024-12-18T20:31:40.814+0000] {logging_mixin.py:190} INFO - [2024-12-18T20:31:40.814+0000] {example_python_decorator.py:80} WARNING - The virtalenv_python example task requires virtualenv, please install it.
[2024-12-18T20:31:40.817+0000] {processor.py:925} INFO - DAG(s) 'example_python_decorator' retrieved from /home/ubuntu/demo8/lib/python3.12/site-packages/airflow/example_dags/example_python_decorator.py
[2024-12-18T20:31:40.835+0000] {logging_mixin.py:190} INFO - [2024-12-18T20:31:40.835+0000] {dag.py:3239} INFO - Sync 1 DAGs
[2024-12-18T20:31:40.849+0000] {logging_mixin.py:190} INFO - [2024-12-18T20:31:40.849+0000] {dag.py:4180} INFO - Setting next_dagrun for example_python_decorator to None, run_after=None
[2024-12-18T20:31:40.873+0000] {processor.py:208} INFO - Processing /home/ubuntu/demo8/lib/python3.12/site-packages/airflow/example_dags/example_python_decorator.py took 0.080 seconds
[2024-12-18T20:32:36.613+0000] {processor.py:186} INFO - Started process (PID=3377) to work on /home/ubuntu/demo8/lib/python3.12/site-packages/airflow/example_dags/example_python_decorator.py
[2024-12-18T20:32:36.615+0000] {processor.py:914} INFO - Processing file /home/ubuntu/demo8/lib/python3.12/site-packages/airflow/example_dags/example_python_decorator.py for tasks to queue
[2024-12-18T20:32:36.620+0000] {logging_mixin.py:190} INFO - [2024-12-18T20:32:36.618+0000] {dagbag.py:588} INFO - Filling up the DagBag from /home/ubuntu/demo8/lib/python3.12/site-packages/airflow/example_dags/example_python_decorator.py
[2024-12-18T20:32:36.640+0000] {logging_mixin.py:190} INFO - [2024-12-18T20:32:36.640+0000] {example_python_decorator.py:80} WARNING - The virtalenv_python example task requires virtualenv, please install it.
[2024-12-18T20:32:36.646+0000] {processor.py:925} INFO - DAG(s) 'example_python_decorator' retrieved from /home/ubuntu/demo8/lib/python3.12/site-packages/airflow/example_dags/example_python_decorator.py
[2024-12-18T20:32:36.688+0000] {logging_mixin.py:190} INFO - [2024-12-18T20:32:36.688+0000] {dag.py:3239} INFO - Sync 1 DAGs
[2024-12-18T20:32:36.718+0000] {logging_mixin.py:190} INFO - [2024-12-18T20:32:36.718+0000] {dag.py:4180} INFO - Setting next_dagrun for example_python_decorator to None, run_after=None
[2024-12-18T20:32:36.761+0000] {processor.py:208} INFO - Processing /home/ubuntu/demo8/lib/python3.12/site-packages/airflow/example_dags/example_python_decorator.py took 0.161 seconds
[2024-12-18T20:33:30.959+0000] {processor.py:186} INFO - Started process (PID=3523) to work on /home/ubuntu/demo8/lib/python3.12/site-packages/airflow/example_dags/example_python_decorator.py
[2024-12-18T20:33:30.961+0000] {processor.py:914} INFO - Processing file /home/ubuntu/demo8/lib/python3.12/site-packages/airflow/example_dags/example_python_decorator.py for tasks to queue
[2024-12-18T20:33:30.963+0000] {logging_mixin.py:190} INFO - [2024-12-18T20:33:30.963+0000] {dagbag.py:588} INFO - Filling up the DagBag from /home/ubuntu/demo8/lib/python3.12/site-packages/airflow/example_dags/example_python_decorator.py
[2024-12-18T20:33:30.973+0000] {logging_mixin.py:190} INFO - [2024-12-18T20:33:30.973+0000] {example_python_decorator.py:80} WARNING - The virtalenv_python example task requires virtualenv, please install it.
[2024-12-18T20:33:30.976+0000] {processor.py:925} INFO - DAG(s) 'example_python_decorator' retrieved from /home/ubuntu/demo8/lib/python3.12/site-packages/airflow/example_dags/example_python_decorator.py
[2024-12-18T20:33:30.994+0000] {logging_mixin.py:190} INFO - [2024-12-18T20:33:30.994+0000] {dag.py:3239} INFO - Sync 1 DAGs
[2024-12-18T20:33:31.008+0000] {logging_mixin.py:190} INFO - [2024-12-18T20:33:31.008+0000] {dag.py:4180} INFO - Setting next_dagrun for example_python_decorator to None, run_after=None
[2024-12-18T20:33:31.032+0000] {processor.py:208} INFO - Processing /home/ubuntu/demo8/lib/python3.12/site-packages/airflow/example_dags/example_python_decorator.py took 0.079 seconds
[2024-12-18T20:34:41.206+0000] {processor.py:186} INFO - Started process (PID=3708) to work on /home/ubuntu/demo8/lib/python3.12/site-packages/airflow/example_dags/example_python_decorator.py
[2024-12-18T20:34:41.209+0000] {processor.py:914} INFO - Processing file /home/ubuntu/demo8/lib/python3.12/site-packages/airflow/example_dags/example_python_decorator.py for tasks to queue
[2024-12-18T20:34:41.211+0000] {logging_mixin.py:190} INFO - [2024-12-18T20:34:41.211+0000] {dagbag.py:588} INFO - Filling up the DagBag from /home/ubuntu/demo8/lib/python3.12/site-packages/airflow/example_dags/example_python_decorator.py
[2024-12-18T20:34:41.339+0000] {logging_mixin.py:190} INFO - [2024-12-18T20:34:41.339+0000] {example_python_decorator.py:80} WARNING - The virtalenv_python example task requires virtualenv, please install it.
[2024-12-18T20:34:41.341+0000] {processor.py:925} INFO - DAG(s) 'example_python_decorator' retrieved from /home/ubuntu/demo8/lib/python3.12/site-packages/airflow/example_dags/example_python_decorator.py
[2024-12-18T20:34:41.356+0000] {logging_mixin.py:190} INFO - [2024-12-18T20:34:41.356+0000] {dag.py:3239} INFO - Sync 1 DAGs
[2024-12-18T20:34:41.367+0000] {logging_mixin.py:190} INFO - [2024-12-18T20:34:41.366+0000] {dag.py:4180} INFO - Setting next_dagrun for example_python_decorator to None, run_after=None
[2024-12-18T20:34:41.387+0000] {processor.py:208} INFO - Processing /home/ubuntu/demo8/lib/python3.12/site-packages/airflow/example_dags/example_python_decorator.py took 0.187 seconds
[2024-12-18T20:35:38.320+0000] {processor.py:186} INFO - Started process (PID=3832) to work on /home/ubuntu/demo8/lib/python3.12/site-packages/airflow/example_dags/example_python_decorator.py
[2024-12-18T20:35:38.321+0000] {processor.py:914} INFO - Processing file /home/ubuntu/demo8/lib/python3.12/site-packages/airflow/example_dags/example_python_decorator.py for tasks to queue
[2024-12-18T20:35:38.324+0000] {logging_mixin.py:190} INFO - [2024-12-18T20:35:38.323+0000] {dagbag.py:588} INFO - Filling up the DagBag from /home/ubuntu/demo8/lib/python3.12/site-packages/airflow/example_dags/example_python_decorator.py
[2024-12-18T20:35:38.334+0000] {logging_mixin.py:190} INFO - [2024-12-18T20:35:38.334+0000] {example_python_decorator.py:80} WARNING - The virtalenv_python example task requires virtualenv, please install it.
[2024-12-18T20:35:38.337+0000] {processor.py:925} INFO - DAG(s) 'example_python_decorator' retrieved from /home/ubuntu/demo8/lib/python3.12/site-packages/airflow/example_dags/example_python_decorator.py
[2024-12-18T20:35:38.355+0000] {logging_mixin.py:190} INFO - [2024-12-18T20:35:38.355+0000] {dag.py:3239} INFO - Sync 1 DAGs
[2024-12-18T20:35:38.369+0000] {logging_mixin.py:190} INFO - [2024-12-18T20:35:38.369+0000] {dag.py:4180} INFO - Setting next_dagrun for example_python_decorator to None, run_after=None
[2024-12-18T20:35:38.391+0000] {processor.py:208} INFO - Processing /home/ubuntu/demo8/lib/python3.12/site-packages/airflow/example_dags/example_python_decorator.py took 0.078 seconds
[2024-12-18T20:36:36.284+0000] {processor.py:186} INFO - Started process (PID=3952) to work on /home/ubuntu/demo8/lib/python3.12/site-packages/airflow/example_dags/example_python_decorator.py
[2024-12-18T20:36:36.285+0000] {processor.py:914} INFO - Processing file /home/ubuntu/demo8/lib/python3.12/site-packages/airflow/example_dags/example_python_decorator.py for tasks to queue
[2024-12-18T20:36:36.288+0000] {logging_mixin.py:190} INFO - [2024-12-18T20:36:36.288+0000] {dagbag.py:588} INFO - Filling up the DagBag from /home/ubuntu/demo8/lib/python3.12/site-packages/airflow/example_dags/example_python_decorator.py
[2024-12-18T20:36:36.298+0000] {logging_mixin.py:190} INFO - [2024-12-18T20:36:36.298+0000] {example_python_decorator.py:80} WARNING - The virtalenv_python example task requires virtualenv, please install it.
[2024-12-18T20:36:36.301+0000] {processor.py:925} INFO - DAG(s) 'example_python_decorator' retrieved from /home/ubuntu/demo8/lib/python3.12/site-packages/airflow/example_dags/example_python_decorator.py
[2024-12-18T20:36:36.321+0000] {logging_mixin.py:190} INFO - [2024-12-18T20:36:36.320+0000] {dag.py:3239} INFO - Sync 1 DAGs
[2024-12-18T20:36:36.335+0000] {logging_mixin.py:190} INFO - [2024-12-18T20:36:36.335+0000] {dag.py:4180} INFO - Setting next_dagrun for example_python_decorator to None, run_after=None
[2024-12-18T20:36:36.358+0000] {processor.py:208} INFO - Processing /home/ubuntu/demo8/lib/python3.12/site-packages/airflow/example_dags/example_python_decorator.py took 0.081 seconds
[2024-12-18T20:37:31.679+0000] {processor.py:186} INFO - Started process (PID=4071) to work on /home/ubuntu/demo8/lib/python3.12/site-packages/airflow/example_dags/example_python_decorator.py
[2024-12-18T20:37:31.681+0000] {processor.py:914} INFO - Processing file /home/ubuntu/demo8/lib/python3.12/site-packages/airflow/example_dags/example_python_decorator.py for tasks to queue
[2024-12-18T20:37:31.683+0000] {logging_mixin.py:190} INFO - [2024-12-18T20:37:31.683+0000] {dagbag.py:588} INFO - Filling up the DagBag from /home/ubuntu/demo8/lib/python3.12/site-packages/airflow/example_dags/example_python_decorator.py
[2024-12-18T20:37:31.694+0000] {logging_mixin.py:190} INFO - [2024-12-18T20:37:31.693+0000] {example_python_decorator.py:80} WARNING - The virtalenv_python example task requires virtualenv, please install it.
[2024-12-18T20:37:31.696+0000] {processor.py:925} INFO - DAG(s) 'example_python_decorator' retrieved from /home/ubuntu/demo8/lib/python3.12/site-packages/airflow/example_dags/example_python_decorator.py
[2024-12-18T20:37:31.716+0000] {logging_mixin.py:190} INFO - [2024-12-18T20:37:31.716+0000] {dag.py:3239} INFO - Sync 1 DAGs
[2024-12-18T20:37:31.730+0000] {logging_mixin.py:190} INFO - [2024-12-18T20:37:31.730+0000] {dag.py:4180} INFO - Setting next_dagrun for example_python_decorator to None, run_after=None
[2024-12-18T20:37:31.753+0000] {processor.py:208} INFO - Processing /home/ubuntu/demo8/lib/python3.12/site-packages/airflow/example_dags/example_python_decorator.py took 0.080 seconds
[2024-12-18T20:38:26.926+0000] {processor.py:186} INFO - Started process (PID=4186) to work on /home/ubuntu/demo8/lib/python3.12/site-packages/airflow/example_dags/example_python_decorator.py
[2024-12-18T20:38:26.927+0000] {processor.py:914} INFO - Processing file /home/ubuntu/demo8/lib/python3.12/site-packages/airflow/example_dags/example_python_decorator.py for tasks to queue
[2024-12-18T20:38:26.930+0000] {logging_mixin.py:190} INFO - [2024-12-18T20:38:26.929+0000] {dagbag.py:588} INFO - Filling up the DagBag from /home/ubuntu/demo8/lib/python3.12/site-packages/airflow/example_dags/example_python_decorator.py
[2024-12-18T20:38:26.940+0000] {logging_mixin.py:190} INFO - [2024-12-18T20:38:26.940+0000] {example_python_decorator.py:80} WARNING - The virtalenv_python example task requires virtualenv, please install it.
[2024-12-18T20:38:26.943+0000] {processor.py:925} INFO - DAG(s) 'example_python_decorator' retrieved from /home/ubuntu/demo8/lib/python3.12/site-packages/airflow/example_dags/example_python_decorator.py
[2024-12-18T20:38:26.961+0000] {logging_mixin.py:190} INFO - [2024-12-18T20:38:26.961+0000] {dag.py:3239} INFO - Sync 1 DAGs
[2024-12-18T20:38:26.975+0000] {logging_mixin.py:190} INFO - [2024-12-18T20:38:26.975+0000] {dag.py:4180} INFO - Setting next_dagrun for example_python_decorator to None, run_after=None
[2024-12-18T20:38:26.997+0000] {processor.py:208} INFO - Processing /home/ubuntu/demo8/lib/python3.12/site-packages/airflow/example_dags/example_python_decorator.py took 0.078 seconds
[2024-12-18T20:39:22.301+0000] {processor.py:186} INFO - Started process (PID=4365) to work on /home/ubuntu/demo8/lib/python3.12/site-packages/airflow/example_dags/example_python_decorator.py
[2024-12-18T20:39:22.302+0000] {processor.py:914} INFO - Processing file /home/ubuntu/demo8/lib/python3.12/site-packages/airflow/example_dags/example_python_decorator.py for tasks to queue
[2024-12-18T20:39:22.305+0000] {logging_mixin.py:190} INFO - [2024-12-18T20:39:22.304+0000] {dagbag.py:588} INFO - Filling up the DagBag from /home/ubuntu/demo8/lib/python3.12/site-packages/airflow/example_dags/example_python_decorator.py
[2024-12-18T20:39:22.315+0000] {logging_mixin.py:190} INFO - [2024-12-18T20:39:22.315+0000] {example_python_decorator.py:80} WARNING - The virtalenv_python example task requires virtualenv, please install it.
[2024-12-18T20:39:22.318+0000] {processor.py:925} INFO - DAG(s) 'example_python_decorator' retrieved from /home/ubuntu/demo8/lib/python3.12/site-packages/airflow/example_dags/example_python_decorator.py
[2024-12-18T20:39:22.336+0000] {logging_mixin.py:190} INFO - [2024-12-18T20:39:22.336+0000] {dag.py:3239} INFO - Sync 1 DAGs
[2024-12-18T20:39:22.351+0000] {logging_mixin.py:190} INFO - [2024-12-18T20:39:22.351+0000] {dag.py:4180} INFO - Setting next_dagrun for example_python_decorator to None, run_after=None
[2024-12-18T20:39:22.373+0000] {processor.py:208} INFO - Processing /home/ubuntu/demo8/lib/python3.12/site-packages/airflow/example_dags/example_python_decorator.py took 0.079 seconds
[2024-12-18T20:40:20.127+0000] {processor.py:186} INFO - Started process (PID=4501) to work on /home/ubuntu/demo8/lib/python3.12/site-packages/airflow/example_dags/example_python_decorator.py
[2024-12-18T20:40:20.128+0000] {processor.py:914} INFO - Processing file /home/ubuntu/demo8/lib/python3.12/site-packages/airflow/example_dags/example_python_decorator.py for tasks to queue
[2024-12-18T20:40:20.131+0000] {logging_mixin.py:190} INFO - [2024-12-18T20:40:20.130+0000] {dagbag.py:588} INFO - Filling up the DagBag from /home/ubuntu/demo8/lib/python3.12/site-packages/airflow/example_dags/example_python_decorator.py
[2024-12-18T20:40:20.140+0000] {logging_mixin.py:190} INFO - [2024-12-18T20:40:20.140+0000] {example_python_decorator.py:80} WARNING - The virtalenv_python example task requires virtualenv, please install it.
[2024-12-18T20:40:20.143+0000] {processor.py:925} INFO - DAG(s) 'example_python_decorator' retrieved from /home/ubuntu/demo8/lib/python3.12/site-packages/airflow/example_dags/example_python_decorator.py
[2024-12-18T20:40:20.162+0000] {logging_mixin.py:190} INFO - [2024-12-18T20:40:20.162+0000] {dag.py:3239} INFO - Sync 1 DAGs
[2024-12-18T20:40:20.177+0000] {logging_mixin.py:190} INFO - [2024-12-18T20:40:20.176+0000] {dag.py:4180} INFO - Setting next_dagrun for example_python_decorator to None, run_after=None
[2024-12-18T20:40:20.199+0000] {processor.py:208} INFO - Processing /home/ubuntu/demo8/lib/python3.12/site-packages/airflow/example_dags/example_python_decorator.py took 0.078 seconds
[2024-12-18T20:41:15.685+0000] {processor.py:186} INFO - Started process (PID=4558) to work on /home/ubuntu/demo8/lib/python3.12/site-packages/airflow/example_dags/example_python_decorator.py
[2024-12-18T20:41:15.687+0000] {processor.py:914} INFO - Processing file /home/ubuntu/demo8/lib/python3.12/site-packages/airflow/example_dags/example_python_decorator.py for tasks to queue
[2024-12-18T20:41:15.690+0000] {logging_mixin.py:190} INFO - [2024-12-18T20:41:15.689+0000] {dagbag.py:588} INFO - Filling up the DagBag from /home/ubuntu/demo8/lib/python3.12/site-packages/airflow/example_dags/example_python_decorator.py
[2024-12-18T20:41:15.700+0000] {logging_mixin.py:190} INFO - [2024-12-18T20:41:15.700+0000] {example_python_decorator.py:80} WARNING - The virtalenv_python example task requires virtualenv, please install it.
[2024-12-18T20:41:15.703+0000] {processor.py:925} INFO - DAG(s) 'example_python_decorator' retrieved from /home/ubuntu/demo8/lib/python3.12/site-packages/airflow/example_dags/example_python_decorator.py
[2024-12-18T20:41:15.721+0000] {logging_mixin.py:190} INFO - [2024-12-18T20:41:15.721+0000] {dag.py:3239} INFO - Sync 1 DAGs
[2024-12-18T20:41:15.735+0000] {logging_mixin.py:190} INFO - [2024-12-18T20:41:15.735+0000] {dag.py:4180} INFO - Setting next_dagrun for example_python_decorator to None, run_after=None
[2024-12-18T20:41:15.757+0000] {processor.py:208} INFO - Processing /home/ubuntu/demo8/lib/python3.12/site-packages/airflow/example_dags/example_python_decorator.py took 0.078 seconds
[2024-12-18T20:42:08.975+0000] {processor.py:186} INFO - Started process (PID=4677) to work on /home/ubuntu/demo8/lib/python3.12/site-packages/airflow/example_dags/example_python_decorator.py
[2024-12-18T20:42:08.976+0000] {processor.py:914} INFO - Processing file /home/ubuntu/demo8/lib/python3.12/site-packages/airflow/example_dags/example_python_decorator.py for tasks to queue
[2024-12-18T20:42:08.979+0000] {logging_mixin.py:190} INFO - [2024-12-18T20:42:08.978+0000] {dagbag.py:588} INFO - Filling up the DagBag from /home/ubuntu/demo8/lib/python3.12/site-packages/airflow/example_dags/example_python_decorator.py
[2024-12-18T20:42:08.990+0000] {logging_mixin.py:190} INFO - [2024-12-18T20:42:08.990+0000] {example_python_decorator.py:80} WARNING - The virtalenv_python example task requires virtualenv, please install it.
[2024-12-18T20:42:08.993+0000] {processor.py:925} INFO - DAG(s) 'example_python_decorator' retrieved from /home/ubuntu/demo8/lib/python3.12/site-packages/airflow/example_dags/example_python_decorator.py
[2024-12-18T20:42:09.014+0000] {logging_mixin.py:190} INFO - [2024-12-18T20:42:09.014+0000] {dag.py:3239} INFO - Sync 1 DAGs
[2024-12-18T20:42:09.029+0000] {logging_mixin.py:190} INFO - [2024-12-18T20:42:09.029+0000] {dag.py:4180} INFO - Setting next_dagrun for example_python_decorator to None, run_after=None
[2024-12-18T20:42:09.053+0000] {processor.py:208} INFO - Processing /home/ubuntu/demo8/lib/python3.12/site-packages/airflow/example_dags/example_python_decorator.py took 0.085 seconds
[2024-12-18T20:43:05.197+0000] {processor.py:186} INFO - Started process (PID=4793) to work on /home/ubuntu/demo8/lib/python3.12/site-packages/airflow/example_dags/example_python_decorator.py
[2024-12-18T20:43:05.199+0000] {processor.py:914} INFO - Processing file /home/ubuntu/demo8/lib/python3.12/site-packages/airflow/example_dags/example_python_decorator.py for tasks to queue
[2024-12-18T20:43:05.202+0000] {logging_mixin.py:190} INFO - [2024-12-18T20:43:05.201+0000] {dagbag.py:588} INFO - Filling up the DagBag from /home/ubuntu/demo8/lib/python3.12/site-packages/airflow/example_dags/example_python_decorator.py
[2024-12-18T20:43:05.212+0000] {logging_mixin.py:190} INFO - [2024-12-18T20:43:05.212+0000] {example_python_decorator.py:80} WARNING - The virtalenv_python example task requires virtualenv, please install it.
[2024-12-18T20:43:05.215+0000] {processor.py:925} INFO - DAG(s) 'example_python_decorator' retrieved from /home/ubuntu/demo8/lib/python3.12/site-packages/airflow/example_dags/example_python_decorator.py
[2024-12-18T20:43:05.234+0000] {logging_mixin.py:190} INFO - [2024-12-18T20:43:05.234+0000] {dag.py:3239} INFO - Sync 1 DAGs
[2024-12-18T20:43:05.248+0000] {logging_mixin.py:190} INFO - [2024-12-18T20:43:05.248+0000] {dag.py:4180} INFO - Setting next_dagrun for example_python_decorator to None, run_after=None
[2024-12-18T20:43:05.272+0000] {processor.py:208} INFO - Processing /home/ubuntu/demo8/lib/python3.12/site-packages/airflow/example_dags/example_python_decorator.py took 0.081 seconds
[2024-12-18T20:43:57.392+0000] {processor.py:186} INFO - Started process (PID=4908) to work on /home/ubuntu/demo8/lib/python3.12/site-packages/airflow/example_dags/example_python_decorator.py
[2024-12-18T20:43:57.394+0000] {processor.py:914} INFO - Processing file /home/ubuntu/demo8/lib/python3.12/site-packages/airflow/example_dags/example_python_decorator.py for tasks to queue
[2024-12-18T20:43:57.396+0000] {logging_mixin.py:190} INFO - [2024-12-18T20:43:57.396+0000] {dagbag.py:588} INFO - Filling up the DagBag from /home/ubuntu/demo8/lib/python3.12/site-packages/airflow/example_dags/example_python_decorator.py
[2024-12-18T20:43:57.407+0000] {logging_mixin.py:190} INFO - [2024-12-18T20:43:57.407+0000] {example_python_decorator.py:80} WARNING - The virtalenv_python example task requires virtualenv, please install it.
[2024-12-18T20:43:57.410+0000] {processor.py:925} INFO - DAG(s) 'example_python_decorator' retrieved from /home/ubuntu/demo8/lib/python3.12/site-packages/airflow/example_dags/example_python_decorator.py
[2024-12-18T20:43:57.428+0000] {logging_mixin.py:190} INFO - [2024-12-18T20:43:57.428+0000] {dag.py:3239} INFO - Sync 1 DAGs
[2024-12-18T20:43:57.443+0000] {logging_mixin.py:190} INFO - [2024-12-18T20:43:57.443+0000] {dag.py:4180} INFO - Setting next_dagrun for example_python_decorator to None, run_after=None
[2024-12-18T20:43:57.467+0000] {processor.py:208} INFO - Processing /home/ubuntu/demo8/lib/python3.12/site-packages/airflow/example_dags/example_python_decorator.py took 0.081 seconds
[2024-12-18T20:44:50.944+0000] {processor.py:186} INFO - Started process (PID=5086) to work on /home/ubuntu/demo8/lib/python3.12/site-packages/airflow/example_dags/example_python_decorator.py
[2024-12-18T20:44:50.945+0000] {processor.py:914} INFO - Processing file /home/ubuntu/demo8/lib/python3.12/site-packages/airflow/example_dags/example_python_decorator.py for tasks to queue
[2024-12-18T20:44:50.948+0000] {logging_mixin.py:190} INFO - [2024-12-18T20:44:50.947+0000] {dagbag.py:588} INFO - Filling up the DagBag from /home/ubuntu/demo8/lib/python3.12/site-packages/airflow/example_dags/example_python_decorator.py
[2024-12-18T20:44:50.959+0000] {logging_mixin.py:190} INFO - [2024-12-18T20:44:50.958+0000] {example_python_decorator.py:80} WARNING - The virtalenv_python example task requires virtualenv, please install it.
[2024-12-18T20:44:50.961+0000] {processor.py:925} INFO - DAG(s) 'example_python_decorator' retrieved from /home/ubuntu/demo8/lib/python3.12/site-packages/airflow/example_dags/example_python_decorator.py
[2024-12-18T20:44:50.980+0000] {logging_mixin.py:190} INFO - [2024-12-18T20:44:50.980+0000] {dag.py:3239} INFO - Sync 1 DAGs
[2024-12-18T20:44:50.994+0000] {logging_mixin.py:190} INFO - [2024-12-18T20:44:50.993+0000] {dag.py:4180} INFO - Setting next_dagrun for example_python_decorator to None, run_after=None
[2024-12-18T20:44:51.016+0000] {processor.py:208} INFO - Processing /home/ubuntu/demo8/lib/python3.12/site-packages/airflow/example_dags/example_python_decorator.py took 0.079 seconds
[2024-12-18T20:45:45.903+0000] {processor.py:186} INFO - Started process (PID=5208) to work on /home/ubuntu/demo8/lib/python3.12/site-packages/airflow/example_dags/example_python_decorator.py
[2024-12-18T20:45:45.904+0000] {processor.py:914} INFO - Processing file /home/ubuntu/demo8/lib/python3.12/site-packages/airflow/example_dags/example_python_decorator.py for tasks to queue
[2024-12-18T20:45:45.906+0000] {logging_mixin.py:190} INFO - [2024-12-18T20:45:45.906+0000] {dagbag.py:588} INFO - Filling up the DagBag from /home/ubuntu/demo8/lib/python3.12/site-packages/airflow/example_dags/example_python_decorator.py
[2024-12-18T20:45:45.917+0000] {logging_mixin.py:190} INFO - [2024-12-18T20:45:45.917+0000] {example_python_decorator.py:80} WARNING - The virtalenv_python example task requires virtualenv, please install it.
[2024-12-18T20:45:45.920+0000] {processor.py:925} INFO - DAG(s) 'example_python_decorator' retrieved from /home/ubuntu/demo8/lib/python3.12/site-packages/airflow/example_dags/example_python_decorator.py
[2024-12-18T20:45:45.939+0000] {logging_mixin.py:190} INFO - [2024-12-18T20:45:45.939+0000] {dag.py:3239} INFO - Sync 1 DAGs
[2024-12-18T20:45:45.953+0000] {logging_mixin.py:190} INFO - [2024-12-18T20:45:45.953+0000] {dag.py:4180} INFO - Setting next_dagrun for example_python_decorator to None, run_after=None
[2024-12-18T20:45:45.977+0000] {processor.py:208} INFO - Processing /home/ubuntu/demo8/lib/python3.12/site-packages/airflow/example_dags/example_python_decorator.py took 0.080 seconds
[2024-12-18T20:47:24.675+0000] {processor.py:186} INFO - Started process (PID=5833) to work on /home/ubuntu/demo8/lib/python3.12/site-packages/airflow/example_dags/example_python_decorator.py
[2024-12-18T20:47:24.677+0000] {processor.py:914} INFO - Processing file /home/ubuntu/demo8/lib/python3.12/site-packages/airflow/example_dags/example_python_decorator.py for tasks to queue
[2024-12-18T20:47:24.679+0000] {logging_mixin.py:190} INFO - [2024-12-18T20:47:24.679+0000] {dagbag.py:588} INFO - Filling up the DagBag from /home/ubuntu/demo8/lib/python3.12/site-packages/airflow/example_dags/example_python_decorator.py
[2024-12-18T20:47:24.690+0000] {logging_mixin.py:190} INFO - [2024-12-18T20:47:24.690+0000] {example_python_decorator.py:80} WARNING - The virtalenv_python example task requires virtualenv, please install it.
[2024-12-18T20:47:24.693+0000] {processor.py:925} INFO - DAG(s) 'example_python_decorator' retrieved from /home/ubuntu/demo8/lib/python3.12/site-packages/airflow/example_dags/example_python_decorator.py
[2024-12-18T20:47:24.719+0000] {logging_mixin.py:190} INFO - [2024-12-18T20:47:24.718+0000] {dag.py:3239} INFO - Sync 1 DAGs
[2024-12-18T20:47:24.733+0000] {logging_mixin.py:190} INFO - [2024-12-18T20:47:24.733+0000] {dag.py:4180} INFO - Setting next_dagrun for example_python_decorator to None, run_after=None
[2024-12-18T20:47:24.763+0000] {processor.py:208} INFO - Processing /home/ubuntu/demo8/lib/python3.12/site-packages/airflow/example_dags/example_python_decorator.py took 0.093 seconds
[2024-12-18T20:48:23.507+0000] {processor.py:186} INFO - Started process (PID=6016) to work on /home/ubuntu/demo8/lib/python3.12/site-packages/airflow/example_dags/example_python_decorator.py
[2024-12-18T20:48:23.508+0000] {processor.py:914} INFO - Processing file /home/ubuntu/demo8/lib/python3.12/site-packages/airflow/example_dags/example_python_decorator.py for tasks to queue
[2024-12-18T20:48:23.511+0000] {logging_mixin.py:190} INFO - [2024-12-18T20:48:23.510+0000] {dagbag.py:588} INFO - Filling up the DagBag from /home/ubuntu/demo8/lib/python3.12/site-packages/airflow/example_dags/example_python_decorator.py
[2024-12-18T20:48:23.521+0000] {logging_mixin.py:190} INFO - [2024-12-18T20:48:23.521+0000] {example_python_decorator.py:80} WARNING - The virtalenv_python example task requires virtualenv, please install it.
[2024-12-18T20:48:23.524+0000] {processor.py:925} INFO - DAG(s) 'example_python_decorator' retrieved from /home/ubuntu/demo8/lib/python3.12/site-packages/airflow/example_dags/example_python_decorator.py
[2024-12-18T20:48:23.544+0000] {logging_mixin.py:190} INFO - [2024-12-18T20:48:23.544+0000] {dag.py:3239} INFO - Sync 1 DAGs
[2024-12-18T20:48:23.558+0000] {logging_mixin.py:190} INFO - [2024-12-18T20:48:23.558+0000] {dag.py:4180} INFO - Setting next_dagrun for example_python_decorator to None, run_after=None
[2024-12-18T20:48:23.582+0000] {processor.py:208} INFO - Processing /home/ubuntu/demo8/lib/python3.12/site-packages/airflow/example_dags/example_python_decorator.py took 0.082 seconds
[2024-12-18T20:49:20.052+0000] {processor.py:186} INFO - Started process (PID=6434) to work on /home/ubuntu/demo8/lib/python3.12/site-packages/airflow/example_dags/example_python_decorator.py
[2024-12-18T20:49:20.054+0000] {processor.py:914} INFO - Processing file /home/ubuntu/demo8/lib/python3.12/site-packages/airflow/example_dags/example_python_decorator.py for tasks to queue
[2024-12-18T20:49:20.057+0000] {logging_mixin.py:190} INFO - [2024-12-18T20:49:20.056+0000] {dagbag.py:588} INFO - Filling up the DagBag from /home/ubuntu/demo8/lib/python3.12/site-packages/airflow/example_dags/example_python_decorator.py
[2024-12-18T20:49:20.067+0000] {logging_mixin.py:190} INFO - [2024-12-18T20:49:20.067+0000] {example_python_decorator.py:80} WARNING - The virtalenv_python example task requires virtualenv, please install it.
[2024-12-18T20:49:20.070+0000] {processor.py:925} INFO - DAG(s) 'example_python_decorator' retrieved from /home/ubuntu/demo8/lib/python3.12/site-packages/airflow/example_dags/example_python_decorator.py
[2024-12-18T20:49:20.089+0000] {logging_mixin.py:190} INFO - [2024-12-18T20:49:20.089+0000] {dag.py:3239} INFO - Sync 1 DAGs
[2024-12-18T20:49:20.104+0000] {logging_mixin.py:190} INFO - [2024-12-18T20:49:20.104+0000] {dag.py:4180} INFO - Setting next_dagrun for example_python_decorator to None, run_after=None
[2024-12-18T20:49:20.140+0000] {processor.py:208} INFO - Processing /home/ubuntu/demo8/lib/python3.12/site-packages/airflow/example_dags/example_python_decorator.py took 0.093 seconds
[2024-12-18T20:50:18.590+0000] {processor.py:186} INFO - Started process (PID=6736) to work on /home/ubuntu/demo8/lib/python3.12/site-packages/airflow/example_dags/example_python_decorator.py
[2024-12-18T20:50:18.591+0000] {processor.py:914} INFO - Processing file /home/ubuntu/demo8/lib/python3.12/site-packages/airflow/example_dags/example_python_decorator.py for tasks to queue
[2024-12-18T20:50:18.593+0000] {logging_mixin.py:190} INFO - [2024-12-18T20:50:18.593+0000] {dagbag.py:588} INFO - Filling up the DagBag from /home/ubuntu/demo8/lib/python3.12/site-packages/airflow/example_dags/example_python_decorator.py
[2024-12-18T20:50:18.603+0000] {logging_mixin.py:190} INFO - [2024-12-18T20:50:18.603+0000] {example_python_decorator.py:80} WARNING - The virtalenv_python example task requires virtualenv, please install it.
[2024-12-18T20:50:18.606+0000] {processor.py:925} INFO - DAG(s) 'example_python_decorator' retrieved from /home/ubuntu/demo8/lib/python3.12/site-packages/airflow/example_dags/example_python_decorator.py
[2024-12-18T20:50:18.626+0000] {logging_mixin.py:190} INFO - [2024-12-18T20:50:18.626+0000] {dag.py:3239} INFO - Sync 1 DAGs
[2024-12-18T20:50:18.640+0000] {logging_mixin.py:190} INFO - [2024-12-18T20:50:18.640+0000] {dag.py:4180} INFO - Setting next_dagrun for example_python_decorator to None, run_after=None
[2024-12-18T20:50:18.672+0000] {processor.py:208} INFO - Processing /home/ubuntu/demo8/lib/python3.12/site-packages/airflow/example_dags/example_python_decorator.py took 0.089 seconds
[2024-12-18T20:51:13.534+0000] {processor.py:186} INFO - Started process (PID=6962) to work on /home/ubuntu/demo8/lib/python3.12/site-packages/airflow/example_dags/example_python_decorator.py
[2024-12-18T20:51:13.535+0000] {processor.py:914} INFO - Processing file /home/ubuntu/demo8/lib/python3.12/site-packages/airflow/example_dags/example_python_decorator.py for tasks to queue
[2024-12-18T20:51:13.538+0000] {logging_mixin.py:190} INFO - [2024-12-18T20:51:13.537+0000] {dagbag.py:588} INFO - Filling up the DagBag from /home/ubuntu/demo8/lib/python3.12/site-packages/airflow/example_dags/example_python_decorator.py
[2024-12-18T20:51:13.548+0000] {logging_mixin.py:190} INFO - [2024-12-18T20:51:13.548+0000] {example_python_decorator.py:80} WARNING - The virtalenv_python example task requires virtualenv, please install it.
[2024-12-18T20:51:13.551+0000] {processor.py:925} INFO - DAG(s) 'example_python_decorator' retrieved from /home/ubuntu/demo8/lib/python3.12/site-packages/airflow/example_dags/example_python_decorator.py
[2024-12-18T20:51:13.569+0000] {logging_mixin.py:190} INFO - [2024-12-18T20:51:13.569+0000] {dag.py:3239} INFO - Sync 1 DAGs
[2024-12-18T20:51:13.583+0000] {logging_mixin.py:190} INFO - [2024-12-18T20:51:13.583+0000] {dag.py:4180} INFO - Setting next_dagrun for example_python_decorator to None, run_after=None
[2024-12-18T20:51:13.606+0000] {processor.py:208} INFO - Processing /home/ubuntu/demo8/lib/python3.12/site-packages/airflow/example_dags/example_python_decorator.py took 0.078 seconds
