[2024-12-18T15:45:03.220+0000] {processor.py:186} INFO - Started process (PID=3686) to work on /home/ubuntu/demo8/lib/python3.12/site-packages/airflow/example_dags/example_branch_python_dop_operator_3.py
[2024-12-18T15:45:03.221+0000] {processor.py:914} INFO - Processing file /home/ubuntu/demo8/lib/python3.12/site-packages/airflow/example_dags/example_branch_python_dop_operator_3.py for tasks to queue
[2024-12-18T15:45:03.223+0000] {logging_mixin.py:190} INFO - [2024-12-18T15:45:03.222+0000] {dagbag.py:588} INFO - Filling up the DagBag from /home/ubuntu/demo8/lib/python3.12/site-packages/airflow/example_dags/example_branch_python_dop_operator_3.py
[2024-12-18T15:45:03.235+0000] {processor.py:925} INFO - DAG(s) 'example_branch_dop_operator_v3' retrieved from /home/ubuntu/demo8/lib/python3.12/site-packages/airflow/example_dags/example_branch_python_dop_operator_3.py
[2024-12-18T15:45:03.352+0000] {logging_mixin.py:190} INFO - [2024-12-18T15:45:03.351+0000] {override.py:1911} INFO - Created Permission View: can read on DAG:example_branch_dop_operator_v3
[2024-12-18T15:45:03.365+0000] {logging_mixin.py:190} INFO - [2024-12-18T15:45:03.365+0000] {override.py:1911} INFO - Created Permission View: can delete on DAG:example_branch_dop_operator_v3
[2024-12-18T15:45:03.374+0000] {logging_mixin.py:190} INFO - [2024-12-18T15:45:03.373+0000] {override.py:1911} INFO - Created Permission View: can edit on DAG:example_branch_dop_operator_v3
[2024-12-18T15:45:03.388+0000] {logging_mixin.py:190} INFO - [2024-12-18T15:45:03.388+0000] {override.py:1911} INFO - Created Permission View: can create on DAG Run:example_branch_dop_operator_v3
[2024-12-18T15:45:03.398+0000] {logging_mixin.py:190} INFO - [2024-12-18T15:45:03.398+0000] {override.py:1911} INFO - Created Permission View: can read on DAG Run:example_branch_dop_operator_v3
[2024-12-18T15:45:03.408+0000] {logging_mixin.py:190} INFO - [2024-12-18T15:45:03.407+0000] {override.py:1911} INFO - Created Permission View: menu access on DAG Run:example_branch_dop_operator_v3
[2024-12-18T15:45:03.417+0000] {logging_mixin.py:190} INFO - [2024-12-18T15:45:03.416+0000] {override.py:1911} INFO - Created Permission View: can delete on DAG Run:example_branch_dop_operator_v3
[2024-12-18T15:45:03.417+0000] {logging_mixin.py:190} INFO - [2024-12-18T15:45:03.417+0000] {dag.py:3239} INFO - Sync 1 DAGs
[2024-12-18T15:45:03.430+0000] {logging_mixin.py:190} INFO - [2024-12-18T15:45:03.429+0000] {dag.py:3262} INFO - Creating ORM DAG for example_branch_dop_operator_v3
[2024-12-18T15:45:03.442+0000] {logging_mixin.py:190} INFO - [2024-12-18T15:45:03.442+0000] {dag.py:4180} INFO - Setting next_dagrun for example_branch_dop_operator_v3 to 2024-12-18 15:44:00+00:00, run_after=2024-12-18 15:45:00+00:00
[2024-12-18T15:45:03.463+0000] {processor.py:208} INFO - Processing /home/ubuntu/demo8/lib/python3.12/site-packages/airflow/example_dags/example_branch_python_dop_operator_3.py took 0.249 seconds
[2024-12-18T15:46:08.289+0000] {processor.py:186} INFO - Started process (PID=3785) to work on /home/ubuntu/demo8/lib/python3.12/site-packages/airflow/example_dags/example_branch_python_dop_operator_3.py
[2024-12-18T15:46:08.290+0000] {processor.py:914} INFO - Processing file /home/ubuntu/demo8/lib/python3.12/site-packages/airflow/example_dags/example_branch_python_dop_operator_3.py for tasks to queue
[2024-12-18T15:46:08.292+0000] {logging_mixin.py:190} INFO - [2024-12-18T15:46:08.292+0000] {dagbag.py:588} INFO - Filling up the DagBag from /home/ubuntu/demo8/lib/python3.12/site-packages/airflow/example_dags/example_branch_python_dop_operator_3.py
[2024-12-18T15:46:08.305+0000] {processor.py:925} INFO - DAG(s) 'example_branch_dop_operator_v3' retrieved from /home/ubuntu/demo8/lib/python3.12/site-packages/airflow/example_dags/example_branch_python_dop_operator_3.py
[2024-12-18T15:46:08.321+0000] {logging_mixin.py:190} INFO - [2024-12-18T15:46:08.321+0000] {dag.py:3239} INFO - Sync 1 DAGs
[2024-12-18T15:46:08.346+0000] {logging_mixin.py:190} INFO - [2024-12-18T15:46:08.346+0000] {dag.py:4180} INFO - Setting next_dagrun for example_branch_dop_operator_v3 to 2024-12-18 15:45:00+00:00, run_after=2024-12-18 15:46:00+00:00
[2024-12-18T15:46:08.367+0000] {processor.py:208} INFO - Processing /home/ubuntu/demo8/lib/python3.12/site-packages/airflow/example_dags/example_branch_python_dop_operator_3.py took 0.085 seconds
[2024-12-18T15:47:05.631+0000] {processor.py:186} INFO - Started process (PID=4252) to work on /home/ubuntu/demo8/lib/python3.12/site-packages/airflow/example_dags/example_branch_python_dop_operator_3.py
[2024-12-18T15:47:05.633+0000] {processor.py:914} INFO - Processing file /home/ubuntu/demo8/lib/python3.12/site-packages/airflow/example_dags/example_branch_python_dop_operator_3.py for tasks to queue
[2024-12-18T15:47:05.635+0000] {logging_mixin.py:190} INFO - [2024-12-18T15:47:05.634+0000] {dagbag.py:588} INFO - Filling up the DagBag from /home/ubuntu/demo8/lib/python3.12/site-packages/airflow/example_dags/example_branch_python_dop_operator_3.py
[2024-12-18T15:47:05.647+0000] {processor.py:925} INFO - DAG(s) 'example_branch_dop_operator_v3' retrieved from /home/ubuntu/demo8/lib/python3.12/site-packages/airflow/example_dags/example_branch_python_dop_operator_3.py
[2024-12-18T15:47:05.664+0000] {logging_mixin.py:190} INFO - [2024-12-18T15:47:05.664+0000] {dag.py:3239} INFO - Sync 1 DAGs
[2024-12-18T15:47:05.690+0000] {logging_mixin.py:190} INFO - [2024-12-18T15:47:05.690+0000] {dag.py:4180} INFO - Setting next_dagrun for example_branch_dop_operator_v3 to 2024-12-18 15:46:00+00:00, run_after=2024-12-18 15:47:00+00:00
[2024-12-18T15:47:05.713+0000] {processor.py:208} INFO - Processing /home/ubuntu/demo8/lib/python3.12/site-packages/airflow/example_dags/example_branch_python_dop_operator_3.py took 0.088 seconds
[2024-12-18T15:48:02.818+0000] {processor.py:186} INFO - Started process (PID=4310) to work on /home/ubuntu/demo8/lib/python3.12/site-packages/airflow/example_dags/example_branch_python_dop_operator_3.py
[2024-12-18T15:48:02.820+0000] {processor.py:914} INFO - Processing file /home/ubuntu/demo8/lib/python3.12/site-packages/airflow/example_dags/example_branch_python_dop_operator_3.py for tasks to queue
[2024-12-18T15:48:02.822+0000] {logging_mixin.py:190} INFO - [2024-12-18T15:48:02.822+0000] {dagbag.py:588} INFO - Filling up the DagBag from /home/ubuntu/demo8/lib/python3.12/site-packages/airflow/example_dags/example_branch_python_dop_operator_3.py
[2024-12-18T15:48:02.834+0000] {processor.py:925} INFO - DAG(s) 'example_branch_dop_operator_v3' retrieved from /home/ubuntu/demo8/lib/python3.12/site-packages/airflow/example_dags/example_branch_python_dop_operator_3.py
[2024-12-18T15:48:02.851+0000] {logging_mixin.py:190} INFO - [2024-12-18T15:48:02.851+0000] {dag.py:3239} INFO - Sync 1 DAGs
[2024-12-18T15:48:02.876+0000] {logging_mixin.py:190} INFO - [2024-12-18T15:48:02.876+0000] {dag.py:4180} INFO - Setting next_dagrun for example_branch_dop_operator_v3 to 2024-12-18 15:47:00+00:00, run_after=2024-12-18 15:48:00+00:00
[2024-12-18T15:48:02.898+0000] {processor.py:208} INFO - Processing /home/ubuntu/demo8/lib/python3.12/site-packages/airflow/example_dags/example_branch_python_dop_operator_3.py took 0.086 seconds
[2024-12-18T15:48:58.405+0000] {processor.py:186} INFO - Started process (PID=4366) to work on /home/ubuntu/demo8/lib/python3.12/site-packages/airflow/example_dags/example_branch_python_dop_operator_3.py
[2024-12-18T15:48:58.407+0000] {processor.py:914} INFO - Processing file /home/ubuntu/demo8/lib/python3.12/site-packages/airflow/example_dags/example_branch_python_dop_operator_3.py for tasks to queue
[2024-12-18T15:48:58.409+0000] {logging_mixin.py:190} INFO - [2024-12-18T15:48:58.409+0000] {dagbag.py:588} INFO - Filling up the DagBag from /home/ubuntu/demo8/lib/python3.12/site-packages/airflow/example_dags/example_branch_python_dop_operator_3.py
[2024-12-18T15:48:58.421+0000] {processor.py:925} INFO - DAG(s) 'example_branch_dop_operator_v3' retrieved from /home/ubuntu/demo8/lib/python3.12/site-packages/airflow/example_dags/example_branch_python_dop_operator_3.py
[2024-12-18T15:48:58.438+0000] {logging_mixin.py:190} INFO - [2024-12-18T15:48:58.438+0000] {dag.py:3239} INFO - Sync 1 DAGs
[2024-12-18T15:48:58.579+0000] {logging_mixin.py:190} INFO - [2024-12-18T15:48:58.579+0000] {dag.py:4180} INFO - Setting next_dagrun for example_branch_dop_operator_v3 to 2024-12-18 15:47:00+00:00, run_after=2024-12-18 15:48:00+00:00
[2024-12-18T15:48:58.601+0000] {processor.py:208} INFO - Processing /home/ubuntu/demo8/lib/python3.12/site-packages/airflow/example_dags/example_branch_python_dop_operator_3.py took 0.202 seconds
[2024-12-18T15:50:02.479+0000] {processor.py:186} INFO - Started process (PID=4428) to work on /home/ubuntu/demo8/lib/python3.12/site-packages/airflow/example_dags/example_branch_python_dop_operator_3.py
[2024-12-18T15:50:02.481+0000] {processor.py:914} INFO - Processing file /home/ubuntu/demo8/lib/python3.12/site-packages/airflow/example_dags/example_branch_python_dop_operator_3.py for tasks to queue
[2024-12-18T15:50:02.483+0000] {logging_mixin.py:190} INFO - [2024-12-18T15:50:02.483+0000] {dagbag.py:588} INFO - Filling up the DagBag from /home/ubuntu/demo8/lib/python3.12/site-packages/airflow/example_dags/example_branch_python_dop_operator_3.py
[2024-12-18T15:50:02.495+0000] {processor.py:925} INFO - DAG(s) 'example_branch_dop_operator_v3' retrieved from /home/ubuntu/demo8/lib/python3.12/site-packages/airflow/example_dags/example_branch_python_dop_operator_3.py
[2024-12-18T15:50:02.512+0000] {logging_mixin.py:190} INFO - [2024-12-18T15:50:02.511+0000] {dag.py:3239} INFO - Sync 1 DAGs
[2024-12-18T15:50:02.538+0000] {logging_mixin.py:190} INFO - [2024-12-18T15:50:02.538+0000] {dag.py:4180} INFO - Setting next_dagrun for example_branch_dop_operator_v3 to 2024-12-18 15:49:00+00:00, run_after=2024-12-18 15:50:00+00:00
[2024-12-18T15:50:02.559+0000] {processor.py:208} INFO - Processing /home/ubuntu/demo8/lib/python3.12/site-packages/airflow/example_dags/example_branch_python_dop_operator_3.py took 0.086 seconds
[2024-12-18T15:51:00.629+0000] {processor.py:186} INFO - Started process (PID=4498) to work on /home/ubuntu/demo8/lib/python3.12/site-packages/airflow/example_dags/example_branch_python_dop_operator_3.py
[2024-12-18T15:51:00.630+0000] {processor.py:914} INFO - Processing file /home/ubuntu/demo8/lib/python3.12/site-packages/airflow/example_dags/example_branch_python_dop_operator_3.py for tasks to queue
[2024-12-18T15:51:00.633+0000] {logging_mixin.py:190} INFO - [2024-12-18T15:51:00.632+0000] {dagbag.py:588} INFO - Filling up the DagBag from /home/ubuntu/demo8/lib/python3.12/site-packages/airflow/example_dags/example_branch_python_dop_operator_3.py
[2024-12-18T15:51:00.645+0000] {processor.py:925} INFO - DAG(s) 'example_branch_dop_operator_v3' retrieved from /home/ubuntu/demo8/lib/python3.12/site-packages/airflow/example_dags/example_branch_python_dop_operator_3.py
[2024-12-18T15:51:00.662+0000] {logging_mixin.py:190} INFO - [2024-12-18T15:51:00.662+0000] {dag.py:3239} INFO - Sync 1 DAGs
[2024-12-18T15:51:00.689+0000] {logging_mixin.py:190} INFO - [2024-12-18T15:51:00.689+0000] {dag.py:4180} INFO - Setting next_dagrun for example_branch_dop_operator_v3 to 2024-12-18 15:50:00+00:00, run_after=2024-12-18 15:51:00+00:00
[2024-12-18T15:51:00.714+0000] {processor.py:208} INFO - Processing /home/ubuntu/demo8/lib/python3.12/site-packages/airflow/example_dags/example_branch_python_dop_operator_3.py took 0.092 seconds
[2024-12-18T15:52:19.368+0000] {processor.py:186} INFO - Started process (PID=4581) to work on /home/ubuntu/demo8/lib/python3.12/site-packages/airflow/example_dags/example_branch_python_dop_operator_3.py
[2024-12-18T15:52:19.369+0000] {processor.py:914} INFO - Processing file /home/ubuntu/demo8/lib/python3.12/site-packages/airflow/example_dags/example_branch_python_dop_operator_3.py for tasks to queue
[2024-12-18T15:52:19.371+0000] {logging_mixin.py:190} INFO - [2024-12-18T15:52:19.371+0000] {dagbag.py:588} INFO - Filling up the DagBag from /home/ubuntu/demo8/lib/python3.12/site-packages/airflow/example_dags/example_branch_python_dop_operator_3.py
[2024-12-18T15:52:19.384+0000] {processor.py:925} INFO - DAG(s) 'example_branch_dop_operator_v3' retrieved from /home/ubuntu/demo8/lib/python3.12/site-packages/airflow/example_dags/example_branch_python_dop_operator_3.py
[2024-12-18T15:52:19.400+0000] {logging_mixin.py:190} INFO - [2024-12-18T15:52:19.400+0000] {dag.py:3239} INFO - Sync 1 DAGs
[2024-12-18T15:52:19.426+0000] {logging_mixin.py:190} INFO - [2024-12-18T15:52:19.426+0000] {dag.py:4180} INFO - Setting next_dagrun for example_branch_dop_operator_v3 to 2024-12-18 15:51:00+00:00, run_after=2024-12-18 15:52:00+00:00
[2024-12-18T15:52:19.449+0000] {processor.py:208} INFO - Processing /home/ubuntu/demo8/lib/python3.12/site-packages/airflow/example_dags/example_branch_python_dop_operator_3.py took 0.088 seconds
[2024-12-18T15:53:14.963+0000] {processor.py:186} INFO - Started process (PID=4639) to work on /home/ubuntu/demo8/lib/python3.12/site-packages/airflow/example_dags/example_branch_python_dop_operator_3.py
[2024-12-18T15:53:14.964+0000] {processor.py:914} INFO - Processing file /home/ubuntu/demo8/lib/python3.12/site-packages/airflow/example_dags/example_branch_python_dop_operator_3.py for tasks to queue
[2024-12-18T15:53:14.966+0000] {logging_mixin.py:190} INFO - [2024-12-18T15:53:14.966+0000] {dagbag.py:588} INFO - Filling up the DagBag from /home/ubuntu/demo8/lib/python3.12/site-packages/airflow/example_dags/example_branch_python_dop_operator_3.py
[2024-12-18T15:53:14.979+0000] {processor.py:925} INFO - DAG(s) 'example_branch_dop_operator_v3' retrieved from /home/ubuntu/demo8/lib/python3.12/site-packages/airflow/example_dags/example_branch_python_dop_operator_3.py
[2024-12-18T15:53:14.996+0000] {logging_mixin.py:190} INFO - [2024-12-18T15:53:14.996+0000] {dag.py:3239} INFO - Sync 1 DAGs
[2024-12-18T15:53:15.022+0000] {logging_mixin.py:190} INFO - [2024-12-18T15:53:15.022+0000] {dag.py:4180} INFO - Setting next_dagrun for example_branch_dop_operator_v3 to 2024-12-18 15:52:00+00:00, run_after=2024-12-18 15:53:00+00:00
[2024-12-18T15:53:15.044+0000] {processor.py:208} INFO - Processing /home/ubuntu/demo8/lib/python3.12/site-packages/airflow/example_dags/example_branch_python_dop_operator_3.py took 0.088 seconds
[2024-12-18T15:55:10.612+0000] {processor.py:186} INFO - Started process (PID=4786) to work on /home/ubuntu/demo8/lib/python3.12/site-packages/airflow/example_dags/example_branch_python_dop_operator_3.py
[2024-12-18T15:55:10.613+0000] {processor.py:914} INFO - Processing file /home/ubuntu/demo8/lib/python3.12/site-packages/airflow/example_dags/example_branch_python_dop_operator_3.py for tasks to queue
[2024-12-18T15:55:10.615+0000] {logging_mixin.py:190} INFO - [2024-12-18T15:55:10.615+0000] {dagbag.py:588} INFO - Filling up the DagBag from /home/ubuntu/demo8/lib/python3.12/site-packages/airflow/example_dags/example_branch_python_dop_operator_3.py
[2024-12-18T15:55:10.627+0000] {processor.py:925} INFO - DAG(s) 'example_branch_dop_operator_v3' retrieved from /home/ubuntu/demo8/lib/python3.12/site-packages/airflow/example_dags/example_branch_python_dop_operator_3.py
[2024-12-18T15:55:10.643+0000] {logging_mixin.py:190} INFO - [2024-12-18T15:55:10.643+0000] {dag.py:3239} INFO - Sync 1 DAGs
[2024-12-18T15:55:10.668+0000] {logging_mixin.py:190} INFO - [2024-12-18T15:55:10.668+0000] {dag.py:4180} INFO - Setting next_dagrun for example_branch_dop_operator_v3 to 2024-12-18 15:54:00+00:00, run_after=2024-12-18 15:55:00+00:00
[2024-12-18T15:55:10.691+0000] {processor.py:208} INFO - Processing /home/ubuntu/demo8/lib/python3.12/site-packages/airflow/example_dags/example_branch_python_dop_operator_3.py took 0.085 seconds
[2024-12-18T15:56:07.462+0000] {processor.py:186} INFO - Started process (PID=4846) to work on /home/ubuntu/demo8/lib/python3.12/site-packages/airflow/example_dags/example_branch_python_dop_operator_3.py
[2024-12-18T15:56:07.464+0000] {processor.py:914} INFO - Processing file /home/ubuntu/demo8/lib/python3.12/site-packages/airflow/example_dags/example_branch_python_dop_operator_3.py for tasks to queue
[2024-12-18T15:56:07.466+0000] {logging_mixin.py:190} INFO - [2024-12-18T15:56:07.465+0000] {dagbag.py:588} INFO - Filling up the DagBag from /home/ubuntu/demo8/lib/python3.12/site-packages/airflow/example_dags/example_branch_python_dop_operator_3.py
[2024-12-18T15:56:07.478+0000] {processor.py:925} INFO - DAG(s) 'example_branch_dop_operator_v3' retrieved from /home/ubuntu/demo8/lib/python3.12/site-packages/airflow/example_dags/example_branch_python_dop_operator_3.py
[2024-12-18T15:56:07.495+0000] {logging_mixin.py:190} INFO - [2024-12-18T15:56:07.494+0000] {dag.py:3239} INFO - Sync 1 DAGs
[2024-12-18T15:56:07.520+0000] {logging_mixin.py:190} INFO - [2024-12-18T15:56:07.520+0000] {dag.py:4180} INFO - Setting next_dagrun for example_branch_dop_operator_v3 to 2024-12-18 15:55:00+00:00, run_after=2024-12-18 15:56:00+00:00
[2024-12-18T15:56:07.543+0000] {processor.py:208} INFO - Processing /home/ubuntu/demo8/lib/python3.12/site-packages/airflow/example_dags/example_branch_python_dop_operator_3.py took 0.087 seconds
[2024-12-18T15:57:38.125+0000] {processor.py:186} INFO - Started process (PID=4933) to work on /home/ubuntu/demo8/lib/python3.12/site-packages/airflow/example_dags/example_branch_python_dop_operator_3.py
[2024-12-18T15:57:38.127+0000] {processor.py:914} INFO - Processing file /home/ubuntu/demo8/lib/python3.12/site-packages/airflow/example_dags/example_branch_python_dop_operator_3.py for tasks to queue
[2024-12-18T15:57:38.129+0000] {logging_mixin.py:190} INFO - [2024-12-18T15:57:38.128+0000] {dagbag.py:588} INFO - Filling up the DagBag from /home/ubuntu/demo8/lib/python3.12/site-packages/airflow/example_dags/example_branch_python_dop_operator_3.py
[2024-12-18T15:57:38.141+0000] {processor.py:925} INFO - DAG(s) 'example_branch_dop_operator_v3' retrieved from /home/ubuntu/demo8/lib/python3.12/site-packages/airflow/example_dags/example_branch_python_dop_operator_3.py
[2024-12-18T15:57:38.157+0000] {logging_mixin.py:190} INFO - [2024-12-18T15:57:38.157+0000] {dag.py:3239} INFO - Sync 1 DAGs
[2024-12-18T15:57:38.183+0000] {logging_mixin.py:190} INFO - [2024-12-18T15:57:38.183+0000] {dag.py:4180} INFO - Setting next_dagrun for example_branch_dop_operator_v3 to 2024-12-18 15:56:00+00:00, run_after=2024-12-18 15:57:00+00:00
[2024-12-18T15:57:38.205+0000] {processor.py:208} INFO - Processing /home/ubuntu/demo8/lib/python3.12/site-packages/airflow/example_dags/example_branch_python_dop_operator_3.py took 0.086 seconds
[2024-12-18T15:58:34.971+0000] {processor.py:186} INFO - Started process (PID=4991) to work on /home/ubuntu/demo8/lib/python3.12/site-packages/airflow/example_dags/example_branch_python_dop_operator_3.py
[2024-12-18T15:58:34.973+0000] {processor.py:914} INFO - Processing file /home/ubuntu/demo8/lib/python3.12/site-packages/airflow/example_dags/example_branch_python_dop_operator_3.py for tasks to queue
[2024-12-18T15:58:34.975+0000] {logging_mixin.py:190} INFO - [2024-12-18T15:58:34.974+0000] {dagbag.py:588} INFO - Filling up the DagBag from /home/ubuntu/demo8/lib/python3.12/site-packages/airflow/example_dags/example_branch_python_dop_operator_3.py
[2024-12-18T15:58:34.986+0000] {processor.py:925} INFO - DAG(s) 'example_branch_dop_operator_v3' retrieved from /home/ubuntu/demo8/lib/python3.12/site-packages/airflow/example_dags/example_branch_python_dop_operator_3.py
[2024-12-18T15:58:35.003+0000] {logging_mixin.py:190} INFO - [2024-12-18T15:58:35.002+0000] {dag.py:3239} INFO - Sync 1 DAGs
[2024-12-18T15:58:35.027+0000] {logging_mixin.py:190} INFO - [2024-12-18T15:58:35.027+0000] {dag.py:4180} INFO - Setting next_dagrun for example_branch_dop_operator_v3 to 2024-12-18 15:57:00+00:00, run_after=2024-12-18 15:58:00+00:00
[2024-12-18T15:58:35.050+0000] {processor.py:208} INFO - Processing /home/ubuntu/demo8/lib/python3.12/site-packages/airflow/example_dags/example_branch_python_dop_operator_3.py took 0.085 seconds
[2024-12-18T16:00:36.948+0000] {processor.py:186} INFO - Started process (PID=5117) to work on /home/ubuntu/demo8/lib/python3.12/site-packages/airflow/example_dags/example_branch_python_dop_operator_3.py
[2024-12-18T16:00:36.950+0000] {processor.py:914} INFO - Processing file /home/ubuntu/demo8/lib/python3.12/site-packages/airflow/example_dags/example_branch_python_dop_operator_3.py for tasks to queue
[2024-12-18T16:00:36.952+0000] {logging_mixin.py:190} INFO - [2024-12-18T16:00:36.952+0000] {dagbag.py:588} INFO - Filling up the DagBag from /home/ubuntu/demo8/lib/python3.12/site-packages/airflow/example_dags/example_branch_python_dop_operator_3.py
[2024-12-18T16:00:36.964+0000] {processor.py:925} INFO - DAG(s) 'example_branch_dop_operator_v3' retrieved from /home/ubuntu/demo8/lib/python3.12/site-packages/airflow/example_dags/example_branch_python_dop_operator_3.py
[2024-12-18T16:00:36.981+0000] {logging_mixin.py:190} INFO - [2024-12-18T16:00:36.981+0000] {dag.py:3239} INFO - Sync 1 DAGs
[2024-12-18T16:00:37.008+0000] {logging_mixin.py:190} INFO - [2024-12-18T16:00:37.007+0000] {dag.py:4180} INFO - Setting next_dagrun for example_branch_dop_operator_v3 to 2024-12-18 15:59:00+00:00, run_after=2024-12-18 16:00:00+00:00
[2024-12-18T16:00:37.031+0000] {processor.py:208} INFO - Processing /home/ubuntu/demo8/lib/python3.12/site-packages/airflow/example_dags/example_branch_python_dop_operator_3.py took 0.088 seconds
[2024-12-18T16:01:33.686+0000] {processor.py:186} INFO - Started process (PID=5177) to work on /home/ubuntu/demo8/lib/python3.12/site-packages/airflow/example_dags/example_branch_python_dop_operator_3.py
[2024-12-18T16:01:33.688+0000] {processor.py:914} INFO - Processing file /home/ubuntu/demo8/lib/python3.12/site-packages/airflow/example_dags/example_branch_python_dop_operator_3.py for tasks to queue
[2024-12-18T16:01:33.690+0000] {logging_mixin.py:190} INFO - [2024-12-18T16:01:33.689+0000] {dagbag.py:588} INFO - Filling up the DagBag from /home/ubuntu/demo8/lib/python3.12/site-packages/airflow/example_dags/example_branch_python_dop_operator_3.py
[2024-12-18T16:01:33.702+0000] {processor.py:925} INFO - DAG(s) 'example_branch_dop_operator_v3' retrieved from /home/ubuntu/demo8/lib/python3.12/site-packages/airflow/example_dags/example_branch_python_dop_operator_3.py
[2024-12-18T16:01:33.719+0000] {logging_mixin.py:190} INFO - [2024-12-18T16:01:33.718+0000] {dag.py:3239} INFO - Sync 1 DAGs
[2024-12-18T16:01:33.744+0000] {logging_mixin.py:190} INFO - [2024-12-18T16:01:33.744+0000] {dag.py:4180} INFO - Setting next_dagrun for example_branch_dop_operator_v3 to 2024-12-18 16:00:00+00:00, run_after=2024-12-18 16:01:00+00:00
[2024-12-18T16:01:33.766+0000] {processor.py:208} INFO - Processing /home/ubuntu/demo8/lib/python3.12/site-packages/airflow/example_dags/example_branch_python_dop_operator_3.py took 0.086 seconds
[2024-12-18T16:02:30.529+0000] {processor.py:186} INFO - Started process (PID=5235) to work on /home/ubuntu/demo8/lib/python3.12/site-packages/airflow/example_dags/example_branch_python_dop_operator_3.py
[2024-12-18T16:02:30.530+0000] {processor.py:914} INFO - Processing file /home/ubuntu/demo8/lib/python3.12/site-packages/airflow/example_dags/example_branch_python_dop_operator_3.py for tasks to queue
[2024-12-18T16:02:30.532+0000] {logging_mixin.py:190} INFO - [2024-12-18T16:02:30.532+0000] {dagbag.py:588} INFO - Filling up the DagBag from /home/ubuntu/demo8/lib/python3.12/site-packages/airflow/example_dags/example_branch_python_dop_operator_3.py
[2024-12-18T16:02:30.544+0000] {processor.py:925} INFO - DAG(s) 'example_branch_dop_operator_v3' retrieved from /home/ubuntu/demo8/lib/python3.12/site-packages/airflow/example_dags/example_branch_python_dop_operator_3.py
[2024-12-18T16:02:30.561+0000] {logging_mixin.py:190} INFO - [2024-12-18T16:02:30.560+0000] {dag.py:3239} INFO - Sync 1 DAGs
[2024-12-18T16:02:30.585+0000] {logging_mixin.py:190} INFO - [2024-12-18T16:02:30.585+0000] {dag.py:4180} INFO - Setting next_dagrun for example_branch_dop_operator_v3 to 2024-12-18 16:01:00+00:00, run_after=2024-12-18 16:02:00+00:00
[2024-12-18T16:02:30.608+0000] {processor.py:208} INFO - Processing /home/ubuntu/demo8/lib/python3.12/site-packages/airflow/example_dags/example_branch_python_dop_operator_3.py took 0.085 seconds
[2024-12-18T20:30:05.195+0000] {processor.py:186} INFO - Started process (PID=2770) to work on /home/ubuntu/demo8/lib/python3.12/site-packages/airflow/example_dags/example_branch_python_dop_operator_3.py
[2024-12-18T20:30:05.197+0000] {processor.py:914} INFO - Processing file /home/ubuntu/demo8/lib/python3.12/site-packages/airflow/example_dags/example_branch_python_dop_operator_3.py for tasks to queue
[2024-12-18T20:30:05.199+0000] {logging_mixin.py:190} INFO - [2024-12-18T20:30:05.199+0000] {dagbag.py:588} INFO - Filling up the DagBag from /home/ubuntu/demo8/lib/python3.12/site-packages/airflow/example_dags/example_branch_python_dop_operator_3.py
[2024-12-18T20:30:05.211+0000] {processor.py:925} INFO - DAG(s) 'example_branch_dop_operator_v3' retrieved from /home/ubuntu/demo8/lib/python3.12/site-packages/airflow/example_dags/example_branch_python_dop_operator_3.py
[2024-12-18T20:30:05.228+0000] {logging_mixin.py:190} INFO - [2024-12-18T20:30:05.228+0000] {dag.py:3239} INFO - Sync 1 DAGs
[2024-12-18T20:30:05.269+0000] {logging_mixin.py:190} INFO - [2024-12-18T20:30:05.268+0000] {dag.py:4180} INFO - Setting next_dagrun for example_branch_dop_operator_v3 to 2024-12-18 20:29:00+00:00, run_after=2024-12-18 20:30:00+00:00
[2024-12-18T20:30:05.292+0000] {processor.py:208} INFO - Processing /home/ubuntu/demo8/lib/python3.12/site-packages/airflow/example_dags/example_branch_python_dop_operator_3.py took 0.103 seconds
[2024-12-18T20:31:02.251+0000] {processor.py:186} INFO - Started process (PID=2953) to work on /home/ubuntu/demo8/lib/python3.12/site-packages/airflow/example_dags/example_branch_python_dop_operator_3.py
[2024-12-18T20:31:02.253+0000] {processor.py:914} INFO - Processing file /home/ubuntu/demo8/lib/python3.12/site-packages/airflow/example_dags/example_branch_python_dop_operator_3.py for tasks to queue
[2024-12-18T20:31:02.255+0000] {logging_mixin.py:190} INFO - [2024-12-18T20:31:02.255+0000] {dagbag.py:588} INFO - Filling up the DagBag from /home/ubuntu/demo8/lib/python3.12/site-packages/airflow/example_dags/example_branch_python_dop_operator_3.py
[2024-12-18T20:31:02.267+0000] {processor.py:925} INFO - DAG(s) 'example_branch_dop_operator_v3' retrieved from /home/ubuntu/demo8/lib/python3.12/site-packages/airflow/example_dags/example_branch_python_dop_operator_3.py
[2024-12-18T20:31:02.284+0000] {logging_mixin.py:190} INFO - [2024-12-18T20:31:02.284+0000] {dag.py:3239} INFO - Sync 1 DAGs
[2024-12-18T20:31:02.309+0000] {logging_mixin.py:190} INFO - [2024-12-18T20:31:02.309+0000] {dag.py:4180} INFO - Setting next_dagrun for example_branch_dop_operator_v3 to 2024-12-18 20:30:00+00:00, run_after=2024-12-18 20:31:00+00:00
[2024-12-18T20:31:02.334+0000] {processor.py:208} INFO - Processing /home/ubuntu/demo8/lib/python3.12/site-packages/airflow/example_dags/example_branch_python_dop_operator_3.py took 0.088 seconds
[2024-12-18T20:31:58.282+0000] {processor.py:186} INFO - Started process (PID=3229) to work on /home/ubuntu/demo8/lib/python3.12/site-packages/airflow/example_dags/example_branch_python_dop_operator_3.py
[2024-12-18T20:31:58.283+0000] {processor.py:914} INFO - Processing file /home/ubuntu/demo8/lib/python3.12/site-packages/airflow/example_dags/example_branch_python_dop_operator_3.py for tasks to queue
[2024-12-18T20:31:58.286+0000] {logging_mixin.py:190} INFO - [2024-12-18T20:31:58.285+0000] {dagbag.py:588} INFO - Filling up the DagBag from /home/ubuntu/demo8/lib/python3.12/site-packages/airflow/example_dags/example_branch_python_dop_operator_3.py
[2024-12-18T20:31:58.298+0000] {processor.py:925} INFO - DAG(s) 'example_branch_dop_operator_v3' retrieved from /home/ubuntu/demo8/lib/python3.12/site-packages/airflow/example_dags/example_branch_python_dop_operator_3.py
[2024-12-18T20:31:58.314+0000] {logging_mixin.py:190} INFO - [2024-12-18T20:31:58.314+0000] {dag.py:3239} INFO - Sync 1 DAGs
[2024-12-18T20:31:58.339+0000] {logging_mixin.py:190} INFO - [2024-12-18T20:31:58.339+0000] {dag.py:4180} INFO - Setting next_dagrun for example_branch_dop_operator_v3 to 2024-12-18 20:30:00+00:00, run_after=2024-12-18 20:31:00+00:00
[2024-12-18T20:31:58.362+0000] {processor.py:208} INFO - Processing /home/ubuntu/demo8/lib/python3.12/site-packages/airflow/example_dags/example_branch_python_dop_operator_3.py took 0.087 seconds
[2024-12-18T20:32:55.720+0000] {processor.py:186} INFO - Started process (PID=3424) to work on /home/ubuntu/demo8/lib/python3.12/site-packages/airflow/example_dags/example_branch_python_dop_operator_3.py
[2024-12-18T20:32:55.721+0000] {processor.py:914} INFO - Processing file /home/ubuntu/demo8/lib/python3.12/site-packages/airflow/example_dags/example_branch_python_dop_operator_3.py for tasks to queue
[2024-12-18T20:32:55.724+0000] {logging_mixin.py:190} INFO - [2024-12-18T20:32:55.723+0000] {dagbag.py:588} INFO - Filling up the DagBag from /home/ubuntu/demo8/lib/python3.12/site-packages/airflow/example_dags/example_branch_python_dop_operator_3.py
[2024-12-18T20:32:55.736+0000] {processor.py:925} INFO - DAG(s) 'example_branch_dop_operator_v3' retrieved from /home/ubuntu/demo8/lib/python3.12/site-packages/airflow/example_dags/example_branch_python_dop_operator_3.py
[2024-12-18T20:32:55.752+0000] {logging_mixin.py:190} INFO - [2024-12-18T20:32:55.752+0000] {dag.py:3239} INFO - Sync 1 DAGs
[2024-12-18T20:32:55.778+0000] {logging_mixin.py:190} INFO - [2024-12-18T20:32:55.777+0000] {dag.py:4180} INFO - Setting next_dagrun for example_branch_dop_operator_v3 to 2024-12-18 20:31:00+00:00, run_after=2024-12-18 20:32:00+00:00
[2024-12-18T20:32:55.802+0000] {processor.py:208} INFO - Processing /home/ubuntu/demo8/lib/python3.12/site-packages/airflow/example_dags/example_branch_python_dop_operator_3.py took 0.088 seconds
[2024-12-18T20:33:49.313+0000] {processor.py:186} INFO - Started process (PID=3541) to work on /home/ubuntu/demo8/lib/python3.12/site-packages/airflow/example_dags/example_branch_python_dop_operator_3.py
[2024-12-18T20:33:49.315+0000] {processor.py:914} INFO - Processing file /home/ubuntu/demo8/lib/python3.12/site-packages/airflow/example_dags/example_branch_python_dop_operator_3.py for tasks to queue
[2024-12-18T20:33:49.317+0000] {logging_mixin.py:190} INFO - [2024-12-18T20:33:49.316+0000] {dagbag.py:588} INFO - Filling up the DagBag from /home/ubuntu/demo8/lib/python3.12/site-packages/airflow/example_dags/example_branch_python_dop_operator_3.py
[2024-12-18T20:33:49.328+0000] {processor.py:925} INFO - DAG(s) 'example_branch_dop_operator_v3' retrieved from /home/ubuntu/demo8/lib/python3.12/site-packages/airflow/example_dags/example_branch_python_dop_operator_3.py
[2024-12-18T20:33:49.355+0000] {logging_mixin.py:190} INFO - [2024-12-18T20:33:49.355+0000] {dag.py:3239} INFO - Sync 1 DAGs
[2024-12-18T20:33:49.380+0000] {logging_mixin.py:190} INFO - [2024-12-18T20:33:49.380+0000] {dag.py:4180} INFO - Setting next_dagrun for example_branch_dop_operator_v3 to 2024-12-18 20:32:00+00:00, run_after=2024-12-18 20:33:00+00:00
[2024-12-18T20:33:49.523+0000] {processor.py:208} INFO - Processing /home/ubuntu/demo8/lib/python3.12/site-packages/airflow/example_dags/example_branch_python_dop_operator_3.py took 0.216 seconds
[2024-12-18T20:34:58.297+0000] {processor.py:186} INFO - Started process (PID=3727) to work on /home/ubuntu/demo8/lib/python3.12/site-packages/airflow/example_dags/example_branch_python_dop_operator_3.py
[2024-12-18T20:34:58.299+0000] {processor.py:914} INFO - Processing file /home/ubuntu/demo8/lib/python3.12/site-packages/airflow/example_dags/example_branch_python_dop_operator_3.py for tasks to queue
[2024-12-18T20:34:58.301+0000] {logging_mixin.py:190} INFO - [2024-12-18T20:34:58.301+0000] {dagbag.py:588} INFO - Filling up the DagBag from /home/ubuntu/demo8/lib/python3.12/site-packages/airflow/example_dags/example_branch_python_dop_operator_3.py
[2024-12-18T20:34:58.313+0000] {processor.py:925} INFO - DAG(s) 'example_branch_dop_operator_v3' retrieved from /home/ubuntu/demo8/lib/python3.12/site-packages/airflow/example_dags/example_branch_python_dop_operator_3.py
[2024-12-18T20:34:58.330+0000] {logging_mixin.py:190} INFO - [2024-12-18T20:34:58.330+0000] {dag.py:3239} INFO - Sync 1 DAGs
[2024-12-18T20:34:58.356+0000] {logging_mixin.py:190} INFO - [2024-12-18T20:34:58.356+0000] {dag.py:4180} INFO - Setting next_dagrun for example_branch_dop_operator_v3 to 2024-12-18 20:33:00+00:00, run_after=2024-12-18 20:34:00+00:00
[2024-12-18T20:34:58.380+0000] {processor.py:208} INFO - Processing /home/ubuntu/demo8/lib/python3.12/site-packages/airflow/example_dags/example_branch_python_dop_operator_3.py took 0.089 seconds
[2024-12-18T20:35:57.294+0000] {processor.py:186} INFO - Started process (PID=3852) to work on /home/ubuntu/demo8/lib/python3.12/site-packages/airflow/example_dags/example_branch_python_dop_operator_3.py
[2024-12-18T20:35:57.296+0000] {processor.py:914} INFO - Processing file /home/ubuntu/demo8/lib/python3.12/site-packages/airflow/example_dags/example_branch_python_dop_operator_3.py for tasks to queue
[2024-12-18T20:35:57.299+0000] {logging_mixin.py:190} INFO - [2024-12-18T20:35:57.298+0000] {dagbag.py:588} INFO - Filling up the DagBag from /home/ubuntu/demo8/lib/python3.12/site-packages/airflow/example_dags/example_branch_python_dop_operator_3.py
[2024-12-18T20:35:57.311+0000] {processor.py:925} INFO - DAG(s) 'example_branch_dop_operator_v3' retrieved from /home/ubuntu/demo8/lib/python3.12/site-packages/airflow/example_dags/example_branch_python_dop_operator_3.py
[2024-12-18T20:35:57.328+0000] {logging_mixin.py:190} INFO - [2024-12-18T20:35:57.328+0000] {dag.py:3239} INFO - Sync 1 DAGs
[2024-12-18T20:35:57.354+0000] {logging_mixin.py:190} INFO - [2024-12-18T20:35:57.354+0000] {dag.py:4180} INFO - Setting next_dagrun for example_branch_dop_operator_v3 to 2024-12-18 20:34:00+00:00, run_after=2024-12-18 20:35:00+00:00
[2024-12-18T20:35:57.379+0000] {processor.py:208} INFO - Processing /home/ubuntu/demo8/lib/python3.12/site-packages/airflow/example_dags/example_branch_python_dop_operator_3.py took 0.091 seconds
[2024-12-18T20:36:54.392+0000] {processor.py:186} INFO - Started process (PID=3971) to work on /home/ubuntu/demo8/lib/python3.12/site-packages/airflow/example_dags/example_branch_python_dop_operator_3.py
[2024-12-18T20:36:54.394+0000] {processor.py:914} INFO - Processing file /home/ubuntu/demo8/lib/python3.12/site-packages/airflow/example_dags/example_branch_python_dop_operator_3.py for tasks to queue
[2024-12-18T20:36:54.396+0000] {logging_mixin.py:190} INFO - [2024-12-18T20:36:54.396+0000] {dagbag.py:588} INFO - Filling up the DagBag from /home/ubuntu/demo8/lib/python3.12/site-packages/airflow/example_dags/example_branch_python_dop_operator_3.py
[2024-12-18T20:36:54.409+0000] {processor.py:925} INFO - DAG(s) 'example_branch_dop_operator_v3' retrieved from /home/ubuntu/demo8/lib/python3.12/site-packages/airflow/example_dags/example_branch_python_dop_operator_3.py
[2024-12-18T20:36:54.426+0000] {logging_mixin.py:190} INFO - [2024-12-18T20:36:54.426+0000] {dag.py:3239} INFO - Sync 1 DAGs
[2024-12-18T20:36:54.451+0000] {logging_mixin.py:190} INFO - [2024-12-18T20:36:54.451+0000] {dag.py:4180} INFO - Setting next_dagrun for example_branch_dop_operator_v3 to 2024-12-18 20:35:00+00:00, run_after=2024-12-18 20:36:00+00:00
[2024-12-18T20:36:54.475+0000] {processor.py:208} INFO - Processing /home/ubuntu/demo8/lib/python3.12/site-packages/airflow/example_dags/example_branch_python_dop_operator_3.py took 0.089 seconds
[2024-12-18T20:37:50.406+0000] {processor.py:186} INFO - Started process (PID=4089) to work on /home/ubuntu/demo8/lib/python3.12/site-packages/airflow/example_dags/example_branch_python_dop_operator_3.py
[2024-12-18T20:37:50.408+0000] {processor.py:914} INFO - Processing file /home/ubuntu/demo8/lib/python3.12/site-packages/airflow/example_dags/example_branch_python_dop_operator_3.py for tasks to queue
[2024-12-18T20:37:50.411+0000] {logging_mixin.py:190} INFO - [2024-12-18T20:37:50.411+0000] {dagbag.py:588} INFO - Filling up the DagBag from /home/ubuntu/demo8/lib/python3.12/site-packages/airflow/example_dags/example_branch_python_dop_operator_3.py
[2024-12-18T20:37:50.424+0000] {processor.py:925} INFO - DAG(s) 'example_branch_dop_operator_v3' retrieved from /home/ubuntu/demo8/lib/python3.12/site-packages/airflow/example_dags/example_branch_python_dop_operator_3.py
[2024-12-18T20:37:50.440+0000] {logging_mixin.py:190} INFO - [2024-12-18T20:37:50.440+0000] {dag.py:3239} INFO - Sync 1 DAGs
[2024-12-18T20:37:50.467+0000] {logging_mixin.py:190} INFO - [2024-12-18T20:37:50.466+0000] {dag.py:4180} INFO - Setting next_dagrun for example_branch_dop_operator_v3 to 2024-12-18 20:36:00+00:00, run_after=2024-12-18 20:37:00+00:00
[2024-12-18T20:37:50.492+0000] {processor.py:208} INFO - Processing /home/ubuntu/demo8/lib/python3.12/site-packages/airflow/example_dags/example_branch_python_dop_operator_3.py took 0.093 seconds
[2024-12-18T20:38:43.940+0000] {processor.py:186} INFO - Started process (PID=4205) to work on /home/ubuntu/demo8/lib/python3.12/site-packages/airflow/example_dags/example_branch_python_dop_operator_3.py
[2024-12-18T20:38:43.942+0000] {processor.py:914} INFO - Processing file /home/ubuntu/demo8/lib/python3.12/site-packages/airflow/example_dags/example_branch_python_dop_operator_3.py for tasks to queue
[2024-12-18T20:38:43.944+0000] {logging_mixin.py:190} INFO - [2024-12-18T20:38:43.944+0000] {dagbag.py:588} INFO - Filling up the DagBag from /home/ubuntu/demo8/lib/python3.12/site-packages/airflow/example_dags/example_branch_python_dop_operator_3.py
[2024-12-18T20:38:43.957+0000] {processor.py:925} INFO - DAG(s) 'example_branch_dop_operator_v3' retrieved from /home/ubuntu/demo8/lib/python3.12/site-packages/airflow/example_dags/example_branch_python_dop_operator_3.py
[2024-12-18T20:38:43.975+0000] {logging_mixin.py:190} INFO - [2024-12-18T20:38:43.975+0000] {dag.py:3239} INFO - Sync 1 DAGs
[2024-12-18T20:38:44.002+0000] {logging_mixin.py:190} INFO - [2024-12-18T20:38:44.001+0000] {dag.py:4180} INFO - Setting next_dagrun for example_branch_dop_operator_v3 to 2024-12-18 20:37:00+00:00, run_after=2024-12-18 20:38:00+00:00
[2024-12-18T20:38:44.025+0000] {processor.py:208} INFO - Processing /home/ubuntu/demo8/lib/python3.12/site-packages/airflow/example_dags/example_branch_python_dop_operator_3.py took 0.091 seconds
[2024-12-18T20:39:40.789+0000] {processor.py:186} INFO - Started process (PID=4383) to work on /home/ubuntu/demo8/lib/python3.12/site-packages/airflow/example_dags/example_branch_python_dop_operator_3.py
[2024-12-18T20:39:40.790+0000] {processor.py:914} INFO - Processing file /home/ubuntu/demo8/lib/python3.12/site-packages/airflow/example_dags/example_branch_python_dop_operator_3.py for tasks to queue
[2024-12-18T20:39:40.793+0000] {logging_mixin.py:190} INFO - [2024-12-18T20:39:40.793+0000] {dagbag.py:588} INFO - Filling up the DagBag from /home/ubuntu/demo8/lib/python3.12/site-packages/airflow/example_dags/example_branch_python_dop_operator_3.py
[2024-12-18T20:39:40.806+0000] {processor.py:925} INFO - DAG(s) 'example_branch_dop_operator_v3' retrieved from /home/ubuntu/demo8/lib/python3.12/site-packages/airflow/example_dags/example_branch_python_dop_operator_3.py
[2024-12-18T20:39:40.823+0000] {logging_mixin.py:190} INFO - [2024-12-18T20:39:40.823+0000] {dag.py:3239} INFO - Sync 1 DAGs
[2024-12-18T20:39:40.850+0000] {logging_mixin.py:190} INFO - [2024-12-18T20:39:40.850+0000] {dag.py:4180} INFO - Setting next_dagrun for example_branch_dop_operator_v3 to 2024-12-18 20:38:00+00:00, run_after=2024-12-18 20:39:00+00:00
[2024-12-18T20:39:40.874+0000] {processor.py:208} INFO - Processing /home/ubuntu/demo8/lib/python3.12/site-packages/airflow/example_dags/example_branch_python_dop_operator_3.py took 0.092 seconds
[2024-12-18T20:40:37.227+0000] {processor.py:186} INFO - Started process (PID=4519) to work on /home/ubuntu/demo8/lib/python3.12/site-packages/airflow/example_dags/example_branch_python_dop_operator_3.py
[2024-12-18T20:40:37.229+0000] {processor.py:914} INFO - Processing file /home/ubuntu/demo8/lib/python3.12/site-packages/airflow/example_dags/example_branch_python_dop_operator_3.py for tasks to queue
[2024-12-18T20:40:37.232+0000] {logging_mixin.py:190} INFO - [2024-12-18T20:40:37.231+0000] {dagbag.py:588} INFO - Filling up the DagBag from /home/ubuntu/demo8/lib/python3.12/site-packages/airflow/example_dags/example_branch_python_dop_operator_3.py
[2024-12-18T20:40:37.244+0000] {processor.py:925} INFO - DAG(s) 'example_branch_dop_operator_v3' retrieved from /home/ubuntu/demo8/lib/python3.12/site-packages/airflow/example_dags/example_branch_python_dop_operator_3.py
[2024-12-18T20:40:37.261+0000] {logging_mixin.py:190} INFO - [2024-12-18T20:40:37.261+0000] {dag.py:3239} INFO - Sync 1 DAGs
[2024-12-18T20:40:37.287+0000] {logging_mixin.py:190} INFO - [2024-12-18T20:40:37.287+0000] {dag.py:4180} INFO - Setting next_dagrun for example_branch_dop_operator_v3 to 2024-12-18 20:39:00+00:00, run_after=2024-12-18 20:40:00+00:00
[2024-12-18T20:40:37.310+0000] {processor.py:208} INFO - Processing /home/ubuntu/demo8/lib/python3.12/site-packages/airflow/example_dags/example_branch_python_dop_operator_3.py took 0.089 seconds
[2024-12-18T20:41:32.220+0000] {processor.py:186} INFO - Started process (PID=4638) to work on /home/ubuntu/demo8/lib/python3.12/site-packages/airflow/example_dags/example_branch_python_dop_operator_3.py
[2024-12-18T20:41:32.221+0000] {processor.py:914} INFO - Processing file /home/ubuntu/demo8/lib/python3.12/site-packages/airflow/example_dags/example_branch_python_dop_operator_3.py for tasks to queue
[2024-12-18T20:41:32.224+0000] {logging_mixin.py:190} INFO - [2024-12-18T20:41:32.224+0000] {dagbag.py:588} INFO - Filling up the DagBag from /home/ubuntu/demo8/lib/python3.12/site-packages/airflow/example_dags/example_branch_python_dop_operator_3.py
[2024-12-18T20:41:32.236+0000] {processor.py:925} INFO - DAG(s) 'example_branch_dop_operator_v3' retrieved from /home/ubuntu/demo8/lib/python3.12/site-packages/airflow/example_dags/example_branch_python_dop_operator_3.py
[2024-12-18T20:41:32.253+0000] {logging_mixin.py:190} INFO - [2024-12-18T20:41:32.252+0000] {dag.py:3239} INFO - Sync 1 DAGs
[2024-12-18T20:41:32.277+0000] {logging_mixin.py:190} INFO - [2024-12-18T20:41:32.277+0000] {dag.py:4180} INFO - Setting next_dagrun for example_branch_dop_operator_v3 to 2024-12-18 20:40:00+00:00, run_after=2024-12-18 20:41:00+00:00
[2024-12-18T20:41:32.301+0000] {processor.py:208} INFO - Processing /home/ubuntu/demo8/lib/python3.12/site-packages/airflow/example_dags/example_branch_python_dop_operator_3.py took 0.087 seconds
[2024-12-18T20:42:52.512+0000] {processor.py:186} INFO - Started process (PID=4781) to work on /home/ubuntu/demo8/lib/python3.12/site-packages/airflow/example_dags/example_branch_python_dop_operator_3.py
[2024-12-18T20:42:52.514+0000] {processor.py:914} INFO - Processing file /home/ubuntu/demo8/lib/python3.12/site-packages/airflow/example_dags/example_branch_python_dop_operator_3.py for tasks to queue
[2024-12-18T20:42:52.516+0000] {logging_mixin.py:190} INFO - [2024-12-18T20:42:52.516+0000] {dagbag.py:588} INFO - Filling up the DagBag from /home/ubuntu/demo8/lib/python3.12/site-packages/airflow/example_dags/example_branch_python_dop_operator_3.py
[2024-12-18T20:42:52.528+0000] {processor.py:925} INFO - DAG(s) 'example_branch_dop_operator_v3' retrieved from /home/ubuntu/demo8/lib/python3.12/site-packages/airflow/example_dags/example_branch_python_dop_operator_3.py
[2024-12-18T20:42:52.545+0000] {logging_mixin.py:190} INFO - [2024-12-18T20:42:52.545+0000] {dag.py:3239} INFO - Sync 1 DAGs
[2024-12-18T20:42:52.571+0000] {logging_mixin.py:190} INFO - [2024-12-18T20:42:52.571+0000] {dag.py:4180} INFO - Setting next_dagrun for example_branch_dop_operator_v3 to 2024-12-18 20:41:00+00:00, run_after=2024-12-18 20:42:00+00:00
[2024-12-18T20:42:52.597+0000] {processor.py:208} INFO - Processing /home/ubuntu/demo8/lib/python3.12/site-packages/airflow/example_dags/example_branch_python_dop_operator_3.py took 0.091 seconds
[2024-12-18T20:43:47.402+0000] {processor.py:186} INFO - Started process (PID=4898) to work on /home/ubuntu/demo8/lib/python3.12/site-packages/airflow/example_dags/example_branch_python_dop_operator_3.py
[2024-12-18T20:43:47.403+0000] {processor.py:914} INFO - Processing file /home/ubuntu/demo8/lib/python3.12/site-packages/airflow/example_dags/example_branch_python_dop_operator_3.py for tasks to queue
[2024-12-18T20:43:47.406+0000] {logging_mixin.py:190} INFO - [2024-12-18T20:43:47.405+0000] {dagbag.py:588} INFO - Filling up the DagBag from /home/ubuntu/demo8/lib/python3.12/site-packages/airflow/example_dags/example_branch_python_dop_operator_3.py
[2024-12-18T20:43:47.419+0000] {processor.py:925} INFO - DAG(s) 'example_branch_dop_operator_v3' retrieved from /home/ubuntu/demo8/lib/python3.12/site-packages/airflow/example_dags/example_branch_python_dop_operator_3.py
[2024-12-18T20:43:47.447+0000] {logging_mixin.py:190} INFO - [2024-12-18T20:43:47.447+0000] {dag.py:3239} INFO - Sync 1 DAGs
[2024-12-18T20:43:47.473+0000] {logging_mixin.py:190} INFO - [2024-12-18T20:43:47.473+0000] {dag.py:4180} INFO - Setting next_dagrun for example_branch_dop_operator_v3 to 2024-12-18 20:42:00+00:00, run_after=2024-12-18 20:43:00+00:00
[2024-12-18T20:43:47.498+0000] {processor.py:208} INFO - Processing /home/ubuntu/demo8/lib/python3.12/site-packages/airflow/example_dags/example_branch_python_dop_operator_3.py took 0.103 seconds
[2024-12-18T20:45:08.883+0000] {processor.py:186} INFO - Started process (PID=5109) to work on /home/ubuntu/demo8/lib/python3.12/site-packages/airflow/example_dags/example_branch_python_dop_operator_3.py
[2024-12-18T20:45:08.884+0000] {processor.py:914} INFO - Processing file /home/ubuntu/demo8/lib/python3.12/site-packages/airflow/example_dags/example_branch_python_dop_operator_3.py for tasks to queue
[2024-12-18T20:45:08.887+0000] {logging_mixin.py:190} INFO - [2024-12-18T20:45:08.886+0000] {dagbag.py:588} INFO - Filling up the DagBag from /home/ubuntu/demo8/lib/python3.12/site-packages/airflow/example_dags/example_branch_python_dop_operator_3.py
[2024-12-18T20:45:08.899+0000] {processor.py:925} INFO - DAG(s) 'example_branch_dop_operator_v3' retrieved from /home/ubuntu/demo8/lib/python3.12/site-packages/airflow/example_dags/example_branch_python_dop_operator_3.py
[2024-12-18T20:45:08.916+0000] {logging_mixin.py:190} INFO - [2024-12-18T20:45:08.915+0000] {dag.py:3239} INFO - Sync 1 DAGs
[2024-12-18T20:45:08.942+0000] {logging_mixin.py:190} INFO - [2024-12-18T20:45:08.942+0000] {dag.py:4180} INFO - Setting next_dagrun for example_branch_dop_operator_v3 to 2024-12-18 20:44:00+00:00, run_after=2024-12-18 20:45:00+00:00
[2024-12-18T20:45:08.968+0000] {processor.py:208} INFO - Processing /home/ubuntu/demo8/lib/python3.12/site-packages/airflow/example_dags/example_branch_python_dop_operator_3.py took 0.092 seconds
[2024-12-18T20:47:43.185+0000] {processor.py:186} INFO - Started process (PID=5852) to work on /home/ubuntu/demo8/lib/python3.12/site-packages/airflow/example_dags/example_branch_python_dop_operator_3.py
[2024-12-18T20:47:43.186+0000] {processor.py:914} INFO - Processing file /home/ubuntu/demo8/lib/python3.12/site-packages/airflow/example_dags/example_branch_python_dop_operator_3.py for tasks to queue
[2024-12-18T20:47:43.189+0000] {logging_mixin.py:190} INFO - [2024-12-18T20:47:43.188+0000] {dagbag.py:588} INFO - Filling up the DagBag from /home/ubuntu/demo8/lib/python3.12/site-packages/airflow/example_dags/example_branch_python_dop_operator_3.py
[2024-12-18T20:47:43.201+0000] {processor.py:925} INFO - DAG(s) 'example_branch_dop_operator_v3' retrieved from /home/ubuntu/demo8/lib/python3.12/site-packages/airflow/example_dags/example_branch_python_dop_operator_3.py
[2024-12-18T20:47:43.220+0000] {logging_mixin.py:190} INFO - [2024-12-18T20:47:43.219+0000] {dag.py:3239} INFO - Sync 1 DAGs
[2024-12-18T20:47:43.244+0000] {logging_mixin.py:190} INFO - [2024-12-18T20:47:43.244+0000] {dag.py:4180} INFO - Setting next_dagrun for example_branch_dop_operator_v3 to 2024-12-18 20:46:00+00:00, run_after=2024-12-18 20:47:00+00:00
[2024-12-18T20:47:43.269+0000] {processor.py:208} INFO - Processing /home/ubuntu/demo8/lib/python3.12/site-packages/airflow/example_dags/example_branch_python_dop_operator_3.py took 0.091 seconds
[2024-12-18T20:48:41.462+0000] {processor.py:186} INFO - Started process (PID=6239) to work on /home/ubuntu/demo8/lib/python3.12/site-packages/airflow/example_dags/example_branch_python_dop_operator_3.py
[2024-12-18T20:48:41.463+0000] {processor.py:914} INFO - Processing file /home/ubuntu/demo8/lib/python3.12/site-packages/airflow/example_dags/example_branch_python_dop_operator_3.py for tasks to queue
[2024-12-18T20:48:41.466+0000] {logging_mixin.py:190} INFO - [2024-12-18T20:48:41.466+0000] {dagbag.py:588} INFO - Filling up the DagBag from /home/ubuntu/demo8/lib/python3.12/site-packages/airflow/example_dags/example_branch_python_dop_operator_3.py
[2024-12-18T20:48:41.478+0000] {processor.py:925} INFO - DAG(s) 'example_branch_dop_operator_v3' retrieved from /home/ubuntu/demo8/lib/python3.12/site-packages/airflow/example_dags/example_branch_python_dop_operator_3.py
[2024-12-18T20:48:41.496+0000] {logging_mixin.py:190} INFO - [2024-12-18T20:48:41.496+0000] {dag.py:3239} INFO - Sync 1 DAGs
[2024-12-18T20:48:41.521+0000] {logging_mixin.py:190} INFO - [2024-12-18T20:48:41.521+0000] {dag.py:4180} INFO - Setting next_dagrun for example_branch_dop_operator_v3 to 2024-12-18 20:47:00+00:00, run_after=2024-12-18 20:48:00+00:00
[2024-12-18T20:48:41.547+0000] {processor.py:208} INFO - Processing /home/ubuntu/demo8/lib/python3.12/site-packages/airflow/example_dags/example_branch_python_dop_operator_3.py took 0.091 seconds
[2024-12-18T20:49:38.182+0000] {processor.py:186} INFO - Started process (PID=6452) to work on /home/ubuntu/demo8/lib/python3.12/site-packages/airflow/example_dags/example_branch_python_dop_operator_3.py
[2024-12-18T20:49:38.184+0000] {processor.py:914} INFO - Processing file /home/ubuntu/demo8/lib/python3.12/site-packages/airflow/example_dags/example_branch_python_dop_operator_3.py for tasks to queue
[2024-12-18T20:49:38.187+0000] {logging_mixin.py:190} INFO - [2024-12-18T20:49:38.186+0000] {dagbag.py:588} INFO - Filling up the DagBag from /home/ubuntu/demo8/lib/python3.12/site-packages/airflow/example_dags/example_branch_python_dop_operator_3.py
[2024-12-18T20:49:38.199+0000] {processor.py:925} INFO - DAG(s) 'example_branch_dop_operator_v3' retrieved from /home/ubuntu/demo8/lib/python3.12/site-packages/airflow/example_dags/example_branch_python_dop_operator_3.py
[2024-12-18T20:49:38.217+0000] {logging_mixin.py:190} INFO - [2024-12-18T20:49:38.217+0000] {dag.py:3239} INFO - Sync 1 DAGs
[2024-12-18T20:49:38.243+0000] {logging_mixin.py:190} INFO - [2024-12-18T20:49:38.243+0000] {dag.py:4180} INFO - Setting next_dagrun for example_branch_dop_operator_v3 to 2024-12-18 20:48:00+00:00, run_after=2024-12-18 20:49:00+00:00
[2024-12-18T20:49:38.268+0000] {processor.py:208} INFO - Processing /home/ubuntu/demo8/lib/python3.12/site-packages/airflow/example_dags/example_branch_python_dop_operator_3.py took 0.092 seconds
[2024-12-18T20:50:36.463+0000] {processor.py:186} INFO - Started process (PID=6816) to work on /home/ubuntu/demo8/lib/python3.12/site-packages/airflow/example_dags/example_branch_python_dop_operator_3.py
[2024-12-18T20:50:36.465+0000] {processor.py:914} INFO - Processing file /home/ubuntu/demo8/lib/python3.12/site-packages/airflow/example_dags/example_branch_python_dop_operator_3.py for tasks to queue
[2024-12-18T20:50:36.467+0000] {logging_mixin.py:190} INFO - [2024-12-18T20:50:36.467+0000] {dagbag.py:588} INFO - Filling up the DagBag from /home/ubuntu/demo8/lib/python3.12/site-packages/airflow/example_dags/example_branch_python_dop_operator_3.py
[2024-12-18T20:50:36.479+0000] {processor.py:925} INFO - DAG(s) 'example_branch_dop_operator_v3' retrieved from /home/ubuntu/demo8/lib/python3.12/site-packages/airflow/example_dags/example_branch_python_dop_operator_3.py
[2024-12-18T20:50:36.496+0000] {logging_mixin.py:190} INFO - [2024-12-18T20:50:36.496+0000] {dag.py:3239} INFO - Sync 1 DAGs
[2024-12-18T20:50:36.520+0000] {logging_mixin.py:190} INFO - [2024-12-18T20:50:36.520+0000] {dag.py:4180} INFO - Setting next_dagrun for example_branch_dop_operator_v3 to 2024-12-18 20:49:00+00:00, run_after=2024-12-18 20:50:00+00:00
[2024-12-18T20:50:36.544+0000] {processor.py:208} INFO - Processing /home/ubuntu/demo8/lib/python3.12/site-packages/airflow/example_dags/example_branch_python_dop_operator_3.py took 0.087 seconds
[2024-12-18T20:51:30.908+0000] {processor.py:186} INFO - Started process (PID=7020) to work on /home/ubuntu/demo8/lib/python3.12/site-packages/airflow/example_dags/example_branch_python_dop_operator_3.py
[2024-12-18T20:51:30.909+0000] {processor.py:914} INFO - Processing file /home/ubuntu/demo8/lib/python3.12/site-packages/airflow/example_dags/example_branch_python_dop_operator_3.py for tasks to queue
[2024-12-18T20:51:30.912+0000] {logging_mixin.py:190} INFO - [2024-12-18T20:51:30.911+0000] {dagbag.py:588} INFO - Filling up the DagBag from /home/ubuntu/demo8/lib/python3.12/site-packages/airflow/example_dags/example_branch_python_dop_operator_3.py
[2024-12-18T20:51:30.924+0000] {processor.py:925} INFO - DAG(s) 'example_branch_dop_operator_v3' retrieved from /home/ubuntu/demo8/lib/python3.12/site-packages/airflow/example_dags/example_branch_python_dop_operator_3.py
[2024-12-18T20:51:30.941+0000] {logging_mixin.py:190} INFO - [2024-12-18T20:51:30.941+0000] {dag.py:3239} INFO - Sync 1 DAGs
[2024-12-18T20:51:30.966+0000] {logging_mixin.py:190} INFO - [2024-12-18T20:51:30.966+0000] {dag.py:4180} INFO - Setting next_dagrun for example_branch_dop_operator_v3 to 2024-12-18 20:50:00+00:00, run_after=2024-12-18 20:51:00+00:00
[2024-12-18T20:51:30.989+0000] {processor.py:208} INFO - Processing /home/ubuntu/demo8/lib/python3.12/site-packages/airflow/example_dags/example_branch_python_dop_operator_3.py took 0.088 seconds
