[2024-12-18T15:44:44.372+0000] {processor.py:186} INFO - Started process (PID=3667) to work on /home/ubuntu/demo8/lib/python3.12/site-packages/airflow/example_dags/example_params_ui_tutorial.py
[2024-12-18T15:44:44.373+0000] {processor.py:914} INFO - Processing file /home/ubuntu/demo8/lib/python3.12/site-packages/airflow/example_dags/example_params_ui_tutorial.py for tasks to queue
[2024-12-18T15:44:44.375+0000] {logging_mixin.py:190} INFO - [2024-12-18T15:44:44.374+0000] {dagbag.py:588} INFO - Filling up the DagBag from /home/ubuntu/demo8/lib/python3.12/site-packages/airflow/example_dags/example_params_ui_tutorial.py
[2024-12-18T15:44:44.385+0000] {processor.py:925} INFO - DAG(s) 'example_params_ui_tutorial' retrieved from /home/ubuntu/demo8/lib/python3.12/site-packages/airflow/example_dags/example_params_ui_tutorial.py
[2024-12-18T15:44:44.536+0000] {logging_mixin.py:190} INFO - [2024-12-18T15:44:44.535+0000] {override.py:1911} INFO - Created Permission View: can read on DAG:example_params_ui_tutorial
[2024-12-18T15:44:44.548+0000] {logging_mixin.py:190} INFO - [2024-12-18T15:44:44.548+0000] {override.py:1911} INFO - Created Permission View: can delete on DAG:example_params_ui_tutorial
[2024-12-18T15:44:44.557+0000] {logging_mixin.py:190} INFO - [2024-12-18T15:44:44.557+0000] {override.py:1911} INFO - Created Permission View: can edit on DAG:example_params_ui_tutorial
[2024-12-18T15:44:44.572+0000] {logging_mixin.py:190} INFO - [2024-12-18T15:44:44.572+0000] {override.py:1911} INFO - Created Permission View: can create on DAG Run:example_params_ui_tutorial
[2024-12-18T15:44:44.582+0000] {logging_mixin.py:190} INFO - [2024-12-18T15:44:44.582+0000] {override.py:1911} INFO - Created Permission View: can read on DAG Run:example_params_ui_tutorial
[2024-12-18T15:44:44.591+0000] {logging_mixin.py:190} INFO - [2024-12-18T15:44:44.591+0000] {override.py:1911} INFO - Created Permission View: menu access on DAG Run:example_params_ui_tutorial
[2024-12-18T15:44:44.601+0000] {logging_mixin.py:190} INFO - [2024-12-18T15:44:44.600+0000] {override.py:1911} INFO - Created Permission View: can delete on DAG Run:example_params_ui_tutorial
[2024-12-18T15:44:44.601+0000] {logging_mixin.py:190} INFO - [2024-12-18T15:44:44.601+0000] {dag.py:3239} INFO - Sync 1 DAGs
[2024-12-18T15:44:44.613+0000] {logging_mixin.py:190} INFO - [2024-12-18T15:44:44.613+0000] {dag.py:3262} INFO - Creating ORM DAG for example_params_ui_tutorial
[2024-12-18T15:44:44.614+0000] {logging_mixin.py:190} INFO - [2024-12-18T15:44:44.614+0000] {dag.py:4180} INFO - Setting next_dagrun for example_params_ui_tutorial to None, run_after=None
[2024-12-18T15:44:44.635+0000] {processor.py:208} INFO - Processing /home/ubuntu/demo8/lib/python3.12/site-packages/airflow/example_dags/example_params_ui_tutorial.py took 0.269 seconds
[2024-12-18T15:45:54.420+0000] {processor.py:186} INFO - Started process (PID=3770) to work on /home/ubuntu/demo8/lib/python3.12/site-packages/airflow/example_dags/example_params_ui_tutorial.py
[2024-12-18T15:45:54.422+0000] {processor.py:914} INFO - Processing file /home/ubuntu/demo8/lib/python3.12/site-packages/airflow/example_dags/example_params_ui_tutorial.py for tasks to queue
[2024-12-18T15:45:54.424+0000] {logging_mixin.py:190} INFO - [2024-12-18T15:45:54.423+0000] {dagbag.py:588} INFO - Filling up the DagBag from /home/ubuntu/demo8/lib/python3.12/site-packages/airflow/example_dags/example_params_ui_tutorial.py
[2024-12-18T15:45:54.435+0000] {processor.py:925} INFO - DAG(s) 'example_params_ui_tutorial' retrieved from /home/ubuntu/demo8/lib/python3.12/site-packages/airflow/example_dags/example_params_ui_tutorial.py
[2024-12-18T15:45:54.482+0000] {logging_mixin.py:190} INFO - [2024-12-18T15:45:54.482+0000] {dag.py:3239} INFO - Sync 1 DAGs
[2024-12-18T15:45:54.496+0000] {logging_mixin.py:190} INFO - [2024-12-18T15:45:54.496+0000] {dag.py:4180} INFO - Setting next_dagrun for example_params_ui_tutorial to None, run_after=None
[2024-12-18T15:45:54.519+0000] {processor.py:208} INFO - Processing /home/ubuntu/demo8/lib/python3.12/site-packages/airflow/example_dags/example_params_ui_tutorial.py took 0.105 seconds
[2024-12-18T15:46:50.111+0000] {processor.py:186} INFO - Started process (PID=4121) to work on /home/ubuntu/demo8/lib/python3.12/site-packages/airflow/example_dags/example_params_ui_tutorial.py
[2024-12-18T15:46:50.113+0000] {processor.py:914} INFO - Processing file /home/ubuntu/demo8/lib/python3.12/site-packages/airflow/example_dags/example_params_ui_tutorial.py for tasks to queue
[2024-12-18T15:46:50.117+0000] {logging_mixin.py:190} INFO - [2024-12-18T15:46:50.117+0000] {dagbag.py:588} INFO - Filling up the DagBag from /home/ubuntu/demo8/lib/python3.12/site-packages/airflow/example_dags/example_params_ui_tutorial.py
[2024-12-18T15:46:50.139+0000] {processor.py:925} INFO - DAG(s) 'example_params_ui_tutorial' retrieved from /home/ubuntu/demo8/lib/python3.12/site-packages/airflow/example_dags/example_params_ui_tutorial.py
[2024-12-18T15:46:50.240+0000] {logging_mixin.py:190} INFO - [2024-12-18T15:46:50.240+0000] {dag.py:3239} INFO - Sync 1 DAGs
[2024-12-18T15:46:50.270+0000] {logging_mixin.py:190} INFO - [2024-12-18T15:46:50.270+0000] {dag.py:4180} INFO - Setting next_dagrun for example_params_ui_tutorial to None, run_after=None
[2024-12-18T15:46:50.311+0000] {processor.py:208} INFO - Processing /home/ubuntu/demo8/lib/python3.12/site-packages/airflow/example_dags/example_params_ui_tutorial.py took 0.212 seconds
[2024-12-18T15:47:48.203+0000] {processor.py:186} INFO - Started process (PID=4295) to work on /home/ubuntu/demo8/lib/python3.12/site-packages/airflow/example_dags/example_params_ui_tutorial.py
[2024-12-18T15:47:48.204+0000] {processor.py:914} INFO - Processing file /home/ubuntu/demo8/lib/python3.12/site-packages/airflow/example_dags/example_params_ui_tutorial.py for tasks to queue
[2024-12-18T15:47:48.206+0000] {logging_mixin.py:190} INFO - [2024-12-18T15:47:48.206+0000] {dagbag.py:588} INFO - Filling up the DagBag from /home/ubuntu/demo8/lib/python3.12/site-packages/airflow/example_dags/example_params_ui_tutorial.py
[2024-12-18T15:47:48.217+0000] {processor.py:925} INFO - DAG(s) 'example_params_ui_tutorial' retrieved from /home/ubuntu/demo8/lib/python3.12/site-packages/airflow/example_dags/example_params_ui_tutorial.py
[2024-12-18T15:47:48.262+0000] {logging_mixin.py:190} INFO - [2024-12-18T15:47:48.262+0000] {dag.py:3239} INFO - Sync 1 DAGs
[2024-12-18T15:47:48.277+0000] {logging_mixin.py:190} INFO - [2024-12-18T15:47:48.277+0000] {dag.py:4180} INFO - Setting next_dagrun for example_params_ui_tutorial to None, run_after=None
[2024-12-18T15:47:48.300+0000] {processor.py:208} INFO - Processing /home/ubuntu/demo8/lib/python3.12/site-packages/airflow/example_dags/example_params_ui_tutorial.py took 0.104 seconds
[2024-12-18T15:48:42.316+0000] {processor.py:186} INFO - Started process (PID=4351) to work on /home/ubuntu/demo8/lib/python3.12/site-packages/airflow/example_dags/example_params_ui_tutorial.py
[2024-12-18T15:48:42.318+0000] {processor.py:914} INFO - Processing file /home/ubuntu/demo8/lib/python3.12/site-packages/airflow/example_dags/example_params_ui_tutorial.py for tasks to queue
[2024-12-18T15:48:42.320+0000] {logging_mixin.py:190} INFO - [2024-12-18T15:48:42.319+0000] {dagbag.py:588} INFO - Filling up the DagBag from /home/ubuntu/demo8/lib/python3.12/site-packages/airflow/example_dags/example_params_ui_tutorial.py
[2024-12-18T15:48:42.331+0000] {processor.py:925} INFO - DAG(s) 'example_params_ui_tutorial' retrieved from /home/ubuntu/demo8/lib/python3.12/site-packages/airflow/example_dags/example_params_ui_tutorial.py
[2024-12-18T15:48:42.376+0000] {logging_mixin.py:190} INFO - [2024-12-18T15:48:42.376+0000] {dag.py:3239} INFO - Sync 1 DAGs
[2024-12-18T15:48:42.390+0000] {logging_mixin.py:190} INFO - [2024-12-18T15:48:42.390+0000] {dag.py:4180} INFO - Setting next_dagrun for example_params_ui_tutorial to None, run_after=None
[2024-12-18T15:48:42.412+0000] {processor.py:208} INFO - Processing /home/ubuntu/demo8/lib/python3.12/site-packages/airflow/example_dags/example_params_ui_tutorial.py took 0.102 seconds
[2024-12-18T15:49:48.394+0000] {processor.py:186} INFO - Started process (PID=4412) to work on /home/ubuntu/demo8/lib/python3.12/site-packages/airflow/example_dags/example_params_ui_tutorial.py
[2024-12-18T15:49:48.395+0000] {processor.py:914} INFO - Processing file /home/ubuntu/demo8/lib/python3.12/site-packages/airflow/example_dags/example_params_ui_tutorial.py for tasks to queue
[2024-12-18T15:49:48.398+0000] {logging_mixin.py:190} INFO - [2024-12-18T15:49:48.397+0000] {dagbag.py:588} INFO - Filling up the DagBag from /home/ubuntu/demo8/lib/python3.12/site-packages/airflow/example_dags/example_params_ui_tutorial.py
[2024-12-18T15:49:48.408+0000] {processor.py:925} INFO - DAG(s) 'example_params_ui_tutorial' retrieved from /home/ubuntu/demo8/lib/python3.12/site-packages/airflow/example_dags/example_params_ui_tutorial.py
[2024-12-18T15:49:48.456+0000] {logging_mixin.py:190} INFO - [2024-12-18T15:49:48.455+0000] {dag.py:3239} INFO - Sync 1 DAGs
[2024-12-18T15:49:48.471+0000] {logging_mixin.py:190} INFO - [2024-12-18T15:49:48.471+0000] {dag.py:4180} INFO - Setting next_dagrun for example_params_ui_tutorial to None, run_after=None
[2024-12-18T15:49:48.503+0000] {processor.py:208} INFO - Processing /home/ubuntu/demo8/lib/python3.12/site-packages/airflow/example_dags/example_params_ui_tutorial.py took 0.115 seconds
[2024-12-18T15:50:45.422+0000] {processor.py:186} INFO - Started process (PID=4479) to work on /home/ubuntu/demo8/lib/python3.12/site-packages/airflow/example_dags/example_params_ui_tutorial.py
[2024-12-18T15:50:45.423+0000] {processor.py:914} INFO - Processing file /home/ubuntu/demo8/lib/python3.12/site-packages/airflow/example_dags/example_params_ui_tutorial.py for tasks to queue
[2024-12-18T15:50:45.426+0000] {logging_mixin.py:190} INFO - [2024-12-18T15:50:45.425+0000] {dagbag.py:588} INFO - Filling up the DagBag from /home/ubuntu/demo8/lib/python3.12/site-packages/airflow/example_dags/example_params_ui_tutorial.py
[2024-12-18T15:50:45.436+0000] {processor.py:925} INFO - DAG(s) 'example_params_ui_tutorial' retrieved from /home/ubuntu/demo8/lib/python3.12/site-packages/airflow/example_dags/example_params_ui_tutorial.py
[2024-12-18T15:50:45.484+0000] {logging_mixin.py:190} INFO - [2024-12-18T15:50:45.483+0000] {dag.py:3239} INFO - Sync 1 DAGs
[2024-12-18T15:50:45.499+0000] {logging_mixin.py:190} INFO - [2024-12-18T15:50:45.499+0000] {dag.py:4180} INFO - Setting next_dagrun for example_params_ui_tutorial to None, run_after=None
[2024-12-18T15:50:45.522+0000] {processor.py:208} INFO - Processing /home/ubuntu/demo8/lib/python3.12/site-packages/airflow/example_dags/example_params_ui_tutorial.py took 0.107 seconds
[2024-12-18T15:51:39.813+0000] {processor.py:186} INFO - Started process (PID=4541) to work on /home/ubuntu/demo8/lib/python3.12/site-packages/airflow/example_dags/example_params_ui_tutorial.py
[2024-12-18T15:51:39.814+0000] {processor.py:914} INFO - Processing file /home/ubuntu/demo8/lib/python3.12/site-packages/airflow/example_dags/example_params_ui_tutorial.py for tasks to queue
[2024-12-18T15:51:39.817+0000] {logging_mixin.py:190} INFO - [2024-12-18T15:51:39.816+0000] {dagbag.py:588} INFO - Filling up the DagBag from /home/ubuntu/demo8/lib/python3.12/site-packages/airflow/example_dags/example_params_ui_tutorial.py
[2024-12-18T15:51:39.828+0000] {processor.py:925} INFO - DAG(s) 'example_params_ui_tutorial' retrieved from /home/ubuntu/demo8/lib/python3.12/site-packages/airflow/example_dags/example_params_ui_tutorial.py
[2024-12-18T15:51:39.877+0000] {logging_mixin.py:190} INFO - [2024-12-18T15:51:39.876+0000] {dag.py:3239} INFO - Sync 1 DAGs
[2024-12-18T15:51:39.892+0000] {logging_mixin.py:190} INFO - [2024-12-18T15:51:39.892+0000] {dag.py:4180} INFO - Setting next_dagrun for example_params_ui_tutorial to None, run_after=None
[2024-12-18T15:51:39.915+0000] {processor.py:208} INFO - Processing /home/ubuntu/demo8/lib/python3.12/site-packages/airflow/example_dags/example_params_ui_tutorial.py took 0.109 seconds
[2024-12-18T15:52:35.026+0000] {processor.py:186} INFO - Started process (PID=4598) to work on /home/ubuntu/demo8/lib/python3.12/site-packages/airflow/example_dags/example_params_ui_tutorial.py
[2024-12-18T15:52:35.028+0000] {processor.py:914} INFO - Processing file /home/ubuntu/demo8/lib/python3.12/site-packages/airflow/example_dags/example_params_ui_tutorial.py for tasks to queue
[2024-12-18T15:52:35.030+0000] {logging_mixin.py:190} INFO - [2024-12-18T15:52:35.030+0000] {dagbag.py:588} INFO - Filling up the DagBag from /home/ubuntu/demo8/lib/python3.12/site-packages/airflow/example_dags/example_params_ui_tutorial.py
[2024-12-18T15:52:35.042+0000] {processor.py:925} INFO - DAG(s) 'example_params_ui_tutorial' retrieved from /home/ubuntu/demo8/lib/python3.12/site-packages/airflow/example_dags/example_params_ui_tutorial.py
[2024-12-18T15:52:35.088+0000] {logging_mixin.py:190} INFO - [2024-12-18T15:52:35.088+0000] {dag.py:3239} INFO - Sync 1 DAGs
[2024-12-18T15:52:35.103+0000] {logging_mixin.py:190} INFO - [2024-12-18T15:52:35.103+0000] {dag.py:4180} INFO - Setting next_dagrun for example_params_ui_tutorial to None, run_after=None
[2024-12-18T15:52:35.125+0000] {processor.py:208} INFO - Processing /home/ubuntu/demo8/lib/python3.12/site-packages/airflow/example_dags/example_params_ui_tutorial.py took 0.106 seconds
[2024-12-18T15:53:29.478+0000] {processor.py:186} INFO - Started process (PID=4654) to work on /home/ubuntu/demo8/lib/python3.12/site-packages/airflow/example_dags/example_params_ui_tutorial.py
[2024-12-18T15:53:29.479+0000] {processor.py:914} INFO - Processing file /home/ubuntu/demo8/lib/python3.12/site-packages/airflow/example_dags/example_params_ui_tutorial.py for tasks to queue
[2024-12-18T15:53:29.482+0000] {logging_mixin.py:190} INFO - [2024-12-18T15:53:29.481+0000] {dagbag.py:588} INFO - Filling up the DagBag from /home/ubuntu/demo8/lib/python3.12/site-packages/airflow/example_dags/example_params_ui_tutorial.py
[2024-12-18T15:53:29.492+0000] {processor.py:925} INFO - DAG(s) 'example_params_ui_tutorial' retrieved from /home/ubuntu/demo8/lib/python3.12/site-packages/airflow/example_dags/example_params_ui_tutorial.py
[2024-12-18T15:53:29.548+0000] {logging_mixin.py:190} INFO - [2024-12-18T15:53:29.548+0000] {dag.py:3239} INFO - Sync 1 DAGs
[2024-12-18T15:53:29.562+0000] {logging_mixin.py:190} INFO - [2024-12-18T15:53:29.562+0000] {dag.py:4180} INFO - Setting next_dagrun for example_params_ui_tutorial to None, run_after=None
[2024-12-18T15:53:29.585+0000] {processor.py:208} INFO - Processing /home/ubuntu/demo8/lib/python3.12/site-packages/airflow/example_dags/example_params_ui_tutorial.py took 0.114 seconds
[2024-12-18T15:54:55.151+0000] {processor.py:186} INFO - Started process (PID=4768) to work on /home/ubuntu/demo8/lib/python3.12/site-packages/airflow/example_dags/example_params_ui_tutorial.py
[2024-12-18T15:54:55.152+0000] {processor.py:914} INFO - Processing file /home/ubuntu/demo8/lib/python3.12/site-packages/airflow/example_dags/example_params_ui_tutorial.py for tasks to queue
[2024-12-18T15:54:55.154+0000] {logging_mixin.py:190} INFO - [2024-12-18T15:54:55.154+0000] {dagbag.py:588} INFO - Filling up the DagBag from /home/ubuntu/demo8/lib/python3.12/site-packages/airflow/example_dags/example_params_ui_tutorial.py
[2024-12-18T15:54:55.165+0000] {processor.py:925} INFO - DAG(s) 'example_params_ui_tutorial' retrieved from /home/ubuntu/demo8/lib/python3.12/site-packages/airflow/example_dags/example_params_ui_tutorial.py
[2024-12-18T15:54:55.215+0000] {logging_mixin.py:190} INFO - [2024-12-18T15:54:55.215+0000] {dag.py:3239} INFO - Sync 1 DAGs
[2024-12-18T15:54:55.230+0000] {logging_mixin.py:190} INFO - [2024-12-18T15:54:55.230+0000] {dag.py:4180} INFO - Setting next_dagrun for example_params_ui_tutorial to None, run_after=None
[2024-12-18T15:54:55.254+0000] {processor.py:208} INFO - Processing /home/ubuntu/demo8/lib/python3.12/site-packages/airflow/example_dags/example_params_ui_tutorial.py took 0.109 seconds
[2024-12-18T15:55:52.842+0000] {processor.py:186} INFO - Started process (PID=4831) to work on /home/ubuntu/demo8/lib/python3.12/site-packages/airflow/example_dags/example_params_ui_tutorial.py
[2024-12-18T15:55:52.844+0000] {processor.py:914} INFO - Processing file /home/ubuntu/demo8/lib/python3.12/site-packages/airflow/example_dags/example_params_ui_tutorial.py for tasks to queue
[2024-12-18T15:55:52.846+0000] {logging_mixin.py:190} INFO - [2024-12-18T15:55:52.845+0000] {dagbag.py:588} INFO - Filling up the DagBag from /home/ubuntu/demo8/lib/python3.12/site-packages/airflow/example_dags/example_params_ui_tutorial.py
[2024-12-18T15:55:52.857+0000] {processor.py:925} INFO - DAG(s) 'example_params_ui_tutorial' retrieved from /home/ubuntu/demo8/lib/python3.12/site-packages/airflow/example_dags/example_params_ui_tutorial.py
[2024-12-18T15:55:52.907+0000] {logging_mixin.py:190} INFO - [2024-12-18T15:55:52.907+0000] {dag.py:3239} INFO - Sync 1 DAGs
[2024-12-18T15:55:52.921+0000] {logging_mixin.py:190} INFO - [2024-12-18T15:55:52.921+0000] {dag.py:4180} INFO - Setting next_dagrun for example_params_ui_tutorial to None, run_after=None
[2024-12-18T15:55:52.944+0000] {processor.py:208} INFO - Processing /home/ubuntu/demo8/lib/python3.12/site-packages/airflow/example_dags/example_params_ui_tutorial.py took 0.109 seconds
[2024-12-18T15:57:22.671+0000] {processor.py:186} INFO - Started process (PID=4918) to work on /home/ubuntu/demo8/lib/python3.12/site-packages/airflow/example_dags/example_params_ui_tutorial.py
[2024-12-18T15:57:22.672+0000] {processor.py:914} INFO - Processing file /home/ubuntu/demo8/lib/python3.12/site-packages/airflow/example_dags/example_params_ui_tutorial.py for tasks to queue
[2024-12-18T15:57:22.675+0000] {logging_mixin.py:190} INFO - [2024-12-18T15:57:22.674+0000] {dagbag.py:588} INFO - Filling up the DagBag from /home/ubuntu/demo8/lib/python3.12/site-packages/airflow/example_dags/example_params_ui_tutorial.py
[2024-12-18T15:57:22.685+0000] {processor.py:925} INFO - DAG(s) 'example_params_ui_tutorial' retrieved from /home/ubuntu/demo8/lib/python3.12/site-packages/airflow/example_dags/example_params_ui_tutorial.py
[2024-12-18T15:57:22.735+0000] {logging_mixin.py:190} INFO - [2024-12-18T15:57:22.735+0000] {dag.py:3239} INFO - Sync 1 DAGs
[2024-12-18T15:57:22.749+0000] {logging_mixin.py:190} INFO - [2024-12-18T15:57:22.749+0000] {dag.py:4180} INFO - Setting next_dagrun for example_params_ui_tutorial to None, run_after=None
[2024-12-18T15:57:22.774+0000] {processor.py:208} INFO - Processing /home/ubuntu/demo8/lib/python3.12/site-packages/airflow/example_dags/example_params_ui_tutorial.py took 0.109 seconds
[2024-12-18T15:58:20.285+0000] {processor.py:186} INFO - Started process (PID=4976) to work on /home/ubuntu/demo8/lib/python3.12/site-packages/airflow/example_dags/example_params_ui_tutorial.py
[2024-12-18T15:58:20.287+0000] {processor.py:914} INFO - Processing file /home/ubuntu/demo8/lib/python3.12/site-packages/airflow/example_dags/example_params_ui_tutorial.py for tasks to queue
[2024-12-18T15:58:20.289+0000] {logging_mixin.py:190} INFO - [2024-12-18T15:58:20.288+0000] {dagbag.py:588} INFO - Filling up the DagBag from /home/ubuntu/demo8/lib/python3.12/site-packages/airflow/example_dags/example_params_ui_tutorial.py
[2024-12-18T15:58:20.299+0000] {processor.py:925} INFO - DAG(s) 'example_params_ui_tutorial' retrieved from /home/ubuntu/demo8/lib/python3.12/site-packages/airflow/example_dags/example_params_ui_tutorial.py
[2024-12-18T15:58:20.346+0000] {logging_mixin.py:190} INFO - [2024-12-18T15:58:20.346+0000] {dag.py:3239} INFO - Sync 1 DAGs
[2024-12-18T15:58:20.360+0000] {logging_mixin.py:190} INFO - [2024-12-18T15:58:20.359+0000] {dag.py:4180} INFO - Setting next_dagrun for example_params_ui_tutorial to None, run_after=None
[2024-12-18T15:58:20.382+0000] {processor.py:208} INFO - Processing /home/ubuntu/demo8/lib/python3.12/site-packages/airflow/example_dags/example_params_ui_tutorial.py took 0.103 seconds
[2024-12-18T15:59:17.450+0000] {processor.py:186} INFO - Started process (PID=5034) to work on /home/ubuntu/demo8/lib/python3.12/site-packages/airflow/example_dags/example_params_ui_tutorial.py
[2024-12-18T15:59:17.451+0000] {processor.py:914} INFO - Processing file /home/ubuntu/demo8/lib/python3.12/site-packages/airflow/example_dags/example_params_ui_tutorial.py for tasks to queue
[2024-12-18T15:59:17.453+0000] {logging_mixin.py:190} INFO - [2024-12-18T15:59:17.453+0000] {dagbag.py:588} INFO - Filling up the DagBag from /home/ubuntu/demo8/lib/python3.12/site-packages/airflow/example_dags/example_params_ui_tutorial.py
[2024-12-18T15:59:17.464+0000] {processor.py:925} INFO - DAG(s) 'example_params_ui_tutorial' retrieved from /home/ubuntu/demo8/lib/python3.12/site-packages/airflow/example_dags/example_params_ui_tutorial.py
[2024-12-18T15:59:17.510+0000] {logging_mixin.py:190} INFO - [2024-12-18T15:59:17.510+0000] {dag.py:3239} INFO - Sync 1 DAGs
[2024-12-18T15:59:17.525+0000] {logging_mixin.py:190} INFO - [2024-12-18T15:59:17.525+0000] {dag.py:4180} INFO - Setting next_dagrun for example_params_ui_tutorial to None, run_after=None
[2024-12-18T15:59:17.549+0000] {processor.py:208} INFO - Processing /home/ubuntu/demo8/lib/python3.12/site-packages/airflow/example_dags/example_params_ui_tutorial.py took 0.105 seconds
[2024-12-18T16:00:21.484+0000] {processor.py:186} INFO - Started process (PID=5102) to work on /home/ubuntu/demo8/lib/python3.12/site-packages/airflow/example_dags/example_params_ui_tutorial.py
[2024-12-18T16:00:21.486+0000] {processor.py:914} INFO - Processing file /home/ubuntu/demo8/lib/python3.12/site-packages/airflow/example_dags/example_params_ui_tutorial.py for tasks to queue
[2024-12-18T16:00:21.488+0000] {logging_mixin.py:190} INFO - [2024-12-18T16:00:21.488+0000] {dagbag.py:588} INFO - Filling up the DagBag from /home/ubuntu/demo8/lib/python3.12/site-packages/airflow/example_dags/example_params_ui_tutorial.py
[2024-12-18T16:00:21.498+0000] {processor.py:925} INFO - DAG(s) 'example_params_ui_tutorial' retrieved from /home/ubuntu/demo8/lib/python3.12/site-packages/airflow/example_dags/example_params_ui_tutorial.py
[2024-12-18T16:00:21.547+0000] {logging_mixin.py:190} INFO - [2024-12-18T16:00:21.547+0000] {dag.py:3239} INFO - Sync 1 DAGs
[2024-12-18T16:00:21.561+0000] {logging_mixin.py:190} INFO - [2024-12-18T16:00:21.560+0000] {dag.py:4180} INFO - Setting next_dagrun for example_params_ui_tutorial to None, run_after=None
[2024-12-18T16:00:21.583+0000] {processor.py:208} INFO - Processing /home/ubuntu/demo8/lib/python3.12/site-packages/airflow/example_dags/example_params_ui_tutorial.py took 0.105 seconds
[2024-12-18T16:01:19.126+0000] {processor.py:186} INFO - Started process (PID=5161) to work on /home/ubuntu/demo8/lib/python3.12/site-packages/airflow/example_dags/example_params_ui_tutorial.py
[2024-12-18T16:01:19.129+0000] {processor.py:914} INFO - Processing file /home/ubuntu/demo8/lib/python3.12/site-packages/airflow/example_dags/example_params_ui_tutorial.py for tasks to queue
[2024-12-18T16:01:19.134+0000] {logging_mixin.py:190} INFO - [2024-12-18T16:01:19.133+0000] {dagbag.py:588} INFO - Filling up the DagBag from /home/ubuntu/demo8/lib/python3.12/site-packages/airflow/example_dags/example_params_ui_tutorial.py
[2024-12-18T16:01:19.154+0000] {processor.py:925} INFO - DAG(s) 'example_params_ui_tutorial' retrieved from /home/ubuntu/demo8/lib/python3.12/site-packages/airflow/example_dags/example_params_ui_tutorial.py
[2024-12-18T16:01:19.201+0000] {logging_mixin.py:190} INFO - [2024-12-18T16:01:19.200+0000] {dag.py:3239} INFO - Sync 1 DAGs
[2024-12-18T16:01:19.214+0000] {logging_mixin.py:190} INFO - [2024-12-18T16:01:19.214+0000] {dag.py:4180} INFO - Setting next_dagrun for example_params_ui_tutorial to None, run_after=None
[2024-12-18T16:01:19.236+0000] {processor.py:208} INFO - Processing /home/ubuntu/demo8/lib/python3.12/site-packages/airflow/example_dags/example_params_ui_tutorial.py took 0.123 seconds
[2024-12-18T16:02:15.101+0000] {processor.py:186} INFO - Started process (PID=5220) to work on /home/ubuntu/demo8/lib/python3.12/site-packages/airflow/example_dags/example_params_ui_tutorial.py
[2024-12-18T16:02:15.102+0000] {processor.py:914} INFO - Processing file /home/ubuntu/demo8/lib/python3.12/site-packages/airflow/example_dags/example_params_ui_tutorial.py for tasks to queue
[2024-12-18T16:02:15.104+0000] {logging_mixin.py:190} INFO - [2024-12-18T16:02:15.104+0000] {dagbag.py:588} INFO - Filling up the DagBag from /home/ubuntu/demo8/lib/python3.12/site-packages/airflow/example_dags/example_params_ui_tutorial.py
[2024-12-18T16:02:15.115+0000] {processor.py:925} INFO - DAG(s) 'example_params_ui_tutorial' retrieved from /home/ubuntu/demo8/lib/python3.12/site-packages/airflow/example_dags/example_params_ui_tutorial.py
[2024-12-18T16:02:15.160+0000] {logging_mixin.py:190} INFO - [2024-12-18T16:02:15.160+0000] {dag.py:3239} INFO - Sync 1 DAGs
[2024-12-18T16:02:15.175+0000] {logging_mixin.py:190} INFO - [2024-12-18T16:02:15.175+0000] {dag.py:4180} INFO - Setting next_dagrun for example_params_ui_tutorial to None, run_after=None
[2024-12-18T16:02:15.197+0000] {processor.py:208} INFO - Processing /home/ubuntu/demo8/lib/python3.12/site-packages/airflow/example_dags/example_params_ui_tutorial.py took 0.103 seconds
[2024-12-18T16:03:09.382+0000] {processor.py:186} INFO - Started process (PID=5275) to work on /home/ubuntu/demo8/lib/python3.12/site-packages/airflow/example_dags/example_params_ui_tutorial.py
[2024-12-18T16:03:09.384+0000] {processor.py:914} INFO - Processing file /home/ubuntu/demo8/lib/python3.12/site-packages/airflow/example_dags/example_params_ui_tutorial.py for tasks to queue
[2024-12-18T16:03:09.386+0000] {logging_mixin.py:190} INFO - [2024-12-18T16:03:09.385+0000] {dagbag.py:588} INFO - Filling up the DagBag from /home/ubuntu/demo8/lib/python3.12/site-packages/airflow/example_dags/example_params_ui_tutorial.py
[2024-12-18T16:03:09.396+0000] {processor.py:925} INFO - DAG(s) 'example_params_ui_tutorial' retrieved from /home/ubuntu/demo8/lib/python3.12/site-packages/airflow/example_dags/example_params_ui_tutorial.py
[2024-12-18T16:03:09.441+0000] {logging_mixin.py:190} INFO - [2024-12-18T16:03:09.441+0000] {dag.py:3239} INFO - Sync 1 DAGs
[2024-12-18T16:03:09.455+0000] {logging_mixin.py:190} INFO - [2024-12-18T16:03:09.455+0000] {dag.py:4180} INFO - Setting next_dagrun for example_params_ui_tutorial to None, run_after=None
[2024-12-18T16:03:09.478+0000] {processor.py:208} INFO - Processing /home/ubuntu/demo8/lib/python3.12/site-packages/airflow/example_dags/example_params_ui_tutorial.py took 0.102 seconds
[2024-12-18T20:29:49.639+0000] {processor.py:186} INFO - Started process (PID=2755) to work on /home/ubuntu/demo8/lib/python3.12/site-packages/airflow/example_dags/example_params_ui_tutorial.py
[2024-12-18T20:29:49.641+0000] {processor.py:914} INFO - Processing file /home/ubuntu/demo8/lib/python3.12/site-packages/airflow/example_dags/example_params_ui_tutorial.py for tasks to queue
[2024-12-18T20:29:49.644+0000] {logging_mixin.py:190} INFO - [2024-12-18T20:29:49.643+0000] {dagbag.py:588} INFO - Filling up the DagBag from /home/ubuntu/demo8/lib/python3.12/site-packages/airflow/example_dags/example_params_ui_tutorial.py
[2024-12-18T20:29:49.662+0000] {processor.py:925} INFO - DAG(s) 'example_params_ui_tutorial' retrieved from /home/ubuntu/demo8/lib/python3.12/site-packages/airflow/example_dags/example_params_ui_tutorial.py
[2024-12-18T20:29:49.711+0000] {logging_mixin.py:190} INFO - [2024-12-18T20:29:49.710+0000] {dag.py:3239} INFO - Sync 1 DAGs
[2024-12-18T20:29:49.725+0000] {logging_mixin.py:190} INFO - [2024-12-18T20:29:49.725+0000] {dag.py:4180} INFO - Setting next_dagrun for example_params_ui_tutorial to None, run_after=None
[2024-12-18T20:29:49.749+0000] {processor.py:208} INFO - Processing /home/ubuntu/demo8/lib/python3.12/site-packages/airflow/example_dags/example_params_ui_tutorial.py took 0.116 seconds
[2024-12-18T20:30:47.111+0000] {processor.py:186} INFO - Started process (PID=2938) to work on /home/ubuntu/demo8/lib/python3.12/site-packages/airflow/example_dags/example_params_ui_tutorial.py
[2024-12-18T20:30:47.113+0000] {processor.py:914} INFO - Processing file /home/ubuntu/demo8/lib/python3.12/site-packages/airflow/example_dags/example_params_ui_tutorial.py for tasks to queue
[2024-12-18T20:30:47.116+0000] {logging_mixin.py:190} INFO - [2024-12-18T20:30:47.115+0000] {dagbag.py:588} INFO - Filling up the DagBag from /home/ubuntu/demo8/lib/python3.12/site-packages/airflow/example_dags/example_params_ui_tutorial.py
[2024-12-18T20:30:47.126+0000] {processor.py:925} INFO - DAG(s) 'example_params_ui_tutorial' retrieved from /home/ubuntu/demo8/lib/python3.12/site-packages/airflow/example_dags/example_params_ui_tutorial.py
[2024-12-18T20:30:47.173+0000] {logging_mixin.py:190} INFO - [2024-12-18T20:30:47.173+0000] {dag.py:3239} INFO - Sync 1 DAGs
[2024-12-18T20:30:47.187+0000] {logging_mixin.py:190} INFO - [2024-12-18T20:30:47.187+0000] {dag.py:4180} INFO - Setting next_dagrun for example_params_ui_tutorial to None, run_after=None
[2024-12-18T20:30:47.220+0000] {processor.py:208} INFO - Processing /home/ubuntu/demo8/lib/python3.12/site-packages/airflow/example_dags/example_params_ui_tutorial.py took 0.115 seconds
[2024-12-18T20:31:44.441+0000] {processor.py:186} INFO - Started process (PID=3166) to work on /home/ubuntu/demo8/lib/python3.12/site-packages/airflow/example_dags/example_params_ui_tutorial.py
[2024-12-18T20:31:44.443+0000] {processor.py:914} INFO - Processing file /home/ubuntu/demo8/lib/python3.12/site-packages/airflow/example_dags/example_params_ui_tutorial.py for tasks to queue
[2024-12-18T20:31:44.445+0000] {logging_mixin.py:190} INFO - [2024-12-18T20:31:44.445+0000] {dagbag.py:588} INFO - Filling up the DagBag from /home/ubuntu/demo8/lib/python3.12/site-packages/airflow/example_dags/example_params_ui_tutorial.py
[2024-12-18T20:31:44.456+0000] {processor.py:925} INFO - DAG(s) 'example_params_ui_tutorial' retrieved from /home/ubuntu/demo8/lib/python3.12/site-packages/airflow/example_dags/example_params_ui_tutorial.py
[2024-12-18T20:31:44.504+0000] {logging_mixin.py:190} INFO - [2024-12-18T20:31:44.504+0000] {dag.py:3239} INFO - Sync 1 DAGs
[2024-12-18T20:31:44.519+0000] {logging_mixin.py:190} INFO - [2024-12-18T20:31:44.518+0000] {dag.py:4180} INFO - Setting next_dagrun for example_params_ui_tutorial to None, run_after=None
[2024-12-18T20:31:44.542+0000] {processor.py:208} INFO - Processing /home/ubuntu/demo8/lib/python3.12/site-packages/airflow/example_dags/example_params_ui_tutorial.py took 0.106 seconds
[2024-12-18T20:32:40.342+0000] {processor.py:186} INFO - Started process (PID=3397) to work on /home/ubuntu/demo8/lib/python3.12/site-packages/airflow/example_dags/example_params_ui_tutorial.py
[2024-12-18T20:32:40.343+0000] {processor.py:914} INFO - Processing file /home/ubuntu/demo8/lib/python3.12/site-packages/airflow/example_dags/example_params_ui_tutorial.py for tasks to queue
[2024-12-18T20:32:40.346+0000] {logging_mixin.py:190} INFO - [2024-12-18T20:32:40.345+0000] {dagbag.py:588} INFO - Filling up the DagBag from /home/ubuntu/demo8/lib/python3.12/site-packages/airflow/example_dags/example_params_ui_tutorial.py
[2024-12-18T20:32:40.356+0000] {processor.py:925} INFO - DAG(s) 'example_params_ui_tutorial' retrieved from /home/ubuntu/demo8/lib/python3.12/site-packages/airflow/example_dags/example_params_ui_tutorial.py
[2024-12-18T20:32:40.405+0000] {logging_mixin.py:190} INFO - [2024-12-18T20:32:40.403+0000] {dag.py:3239} INFO - Sync 1 DAGs
[2024-12-18T20:32:40.426+0000] {logging_mixin.py:190} INFO - [2024-12-18T20:32:40.426+0000] {dag.py:4180} INFO - Setting next_dagrun for example_params_ui_tutorial to None, run_after=None
[2024-12-18T20:32:40.449+0000] {processor.py:208} INFO - Processing /home/ubuntu/demo8/lib/python3.12/site-packages/airflow/example_dags/example_params_ui_tutorial.py took 0.113 seconds
[2024-12-18T20:33:33.548+0000] {processor.py:186} INFO - Started process (PID=3526) to work on /home/ubuntu/demo8/lib/python3.12/site-packages/airflow/example_dags/example_params_ui_tutorial.py
[2024-12-18T20:33:33.549+0000] {processor.py:914} INFO - Processing file /home/ubuntu/demo8/lib/python3.12/site-packages/airflow/example_dags/example_params_ui_tutorial.py for tasks to queue
[2024-12-18T20:33:33.551+0000] {logging_mixin.py:190} INFO - [2024-12-18T20:33:33.551+0000] {dagbag.py:588} INFO - Filling up the DagBag from /home/ubuntu/demo8/lib/python3.12/site-packages/airflow/example_dags/example_params_ui_tutorial.py
[2024-12-18T20:33:33.562+0000] {processor.py:925} INFO - DAG(s) 'example_params_ui_tutorial' retrieved from /home/ubuntu/demo8/lib/python3.12/site-packages/airflow/example_dags/example_params_ui_tutorial.py
[2024-12-18T20:33:33.607+0000] {logging_mixin.py:190} INFO - [2024-12-18T20:33:33.606+0000] {dag.py:3239} INFO - Sync 1 DAGs
[2024-12-18T20:33:33.620+0000] {logging_mixin.py:190} INFO - [2024-12-18T20:33:33.620+0000] {dag.py:4180} INFO - Setting next_dagrun for example_params_ui_tutorial to None, run_after=None
[2024-12-18T20:33:33.642+0000] {processor.py:208} INFO - Processing /home/ubuntu/demo8/lib/python3.12/site-packages/airflow/example_dags/example_params_ui_tutorial.py took 0.101 seconds
[2024-12-18T20:34:44.187+0000] {processor.py:186} INFO - Started process (PID=3711) to work on /home/ubuntu/demo8/lib/python3.12/site-packages/airflow/example_dags/example_params_ui_tutorial.py
[2024-12-18T20:34:44.189+0000] {processor.py:914} INFO - Processing file /home/ubuntu/demo8/lib/python3.12/site-packages/airflow/example_dags/example_params_ui_tutorial.py for tasks to queue
[2024-12-18T20:34:44.191+0000] {logging_mixin.py:190} INFO - [2024-12-18T20:34:44.191+0000] {dagbag.py:588} INFO - Filling up the DagBag from /home/ubuntu/demo8/lib/python3.12/site-packages/airflow/example_dags/example_params_ui_tutorial.py
[2024-12-18T20:34:44.202+0000] {processor.py:925} INFO - DAG(s) 'example_params_ui_tutorial' retrieved from /home/ubuntu/demo8/lib/python3.12/site-packages/airflow/example_dags/example_params_ui_tutorial.py
[2024-12-18T20:34:44.247+0000] {logging_mixin.py:190} INFO - [2024-12-18T20:34:44.247+0000] {dag.py:3239} INFO - Sync 1 DAGs
[2024-12-18T20:34:44.262+0000] {logging_mixin.py:190} INFO - [2024-12-18T20:34:44.261+0000] {dag.py:4180} INFO - Setting next_dagrun for example_params_ui_tutorial to None, run_after=None
[2024-12-18T20:34:44.285+0000] {processor.py:208} INFO - Processing /home/ubuntu/demo8/lib/python3.12/site-packages/airflow/example_dags/example_params_ui_tutorial.py took 0.104 seconds
[2024-12-18T20:35:41.020+0000] {processor.py:186} INFO - Started process (PID=3835) to work on /home/ubuntu/demo8/lib/python3.12/site-packages/airflow/example_dags/example_params_ui_tutorial.py
[2024-12-18T20:35:41.022+0000] {processor.py:914} INFO - Processing file /home/ubuntu/demo8/lib/python3.12/site-packages/airflow/example_dags/example_params_ui_tutorial.py for tasks to queue
[2024-12-18T20:35:41.024+0000] {logging_mixin.py:190} INFO - [2024-12-18T20:35:41.024+0000] {dagbag.py:588} INFO - Filling up the DagBag from /home/ubuntu/demo8/lib/python3.12/site-packages/airflow/example_dags/example_params_ui_tutorial.py
[2024-12-18T20:35:41.035+0000] {processor.py:925} INFO - DAG(s) 'example_params_ui_tutorial' retrieved from /home/ubuntu/demo8/lib/python3.12/site-packages/airflow/example_dags/example_params_ui_tutorial.py
[2024-12-18T20:35:41.080+0000] {logging_mixin.py:190} INFO - [2024-12-18T20:35:41.080+0000] {dag.py:3239} INFO - Sync 1 DAGs
[2024-12-18T20:35:41.094+0000] {logging_mixin.py:190} INFO - [2024-12-18T20:35:41.094+0000] {dag.py:4180} INFO - Setting next_dagrun for example_params_ui_tutorial to None, run_after=None
[2024-12-18T20:35:41.122+0000] {processor.py:208} INFO - Processing /home/ubuntu/demo8/lib/python3.12/site-packages/airflow/example_dags/example_params_ui_tutorial.py took 0.107 seconds
[2024-12-18T20:36:39.910+0000] {processor.py:186} INFO - Started process (PID=3955) to work on /home/ubuntu/demo8/lib/python3.12/site-packages/airflow/example_dags/example_params_ui_tutorial.py
[2024-12-18T20:36:39.911+0000] {processor.py:914} INFO - Processing file /home/ubuntu/demo8/lib/python3.12/site-packages/airflow/example_dags/example_params_ui_tutorial.py for tasks to queue
[2024-12-18T20:36:39.914+0000] {logging_mixin.py:190} INFO - [2024-12-18T20:36:39.913+0000] {dagbag.py:588} INFO - Filling up the DagBag from /home/ubuntu/demo8/lib/python3.12/site-packages/airflow/example_dags/example_params_ui_tutorial.py
[2024-12-18T20:36:39.924+0000] {processor.py:925} INFO - DAG(s) 'example_params_ui_tutorial' retrieved from /home/ubuntu/demo8/lib/python3.12/site-packages/airflow/example_dags/example_params_ui_tutorial.py
[2024-12-18T20:36:39.970+0000] {logging_mixin.py:190} INFO - [2024-12-18T20:36:39.969+0000] {dag.py:3239} INFO - Sync 1 DAGs
[2024-12-18T20:36:39.984+0000] {logging_mixin.py:190} INFO - [2024-12-18T20:36:39.983+0000] {dag.py:4180} INFO - Setting next_dagrun for example_params_ui_tutorial to None, run_after=None
[2024-12-18T20:36:40.007+0000] {processor.py:208} INFO - Processing /home/ubuntu/demo8/lib/python3.12/site-packages/airflow/example_dags/example_params_ui_tutorial.py took 0.104 seconds
[2024-12-18T20:37:35.163+0000] {processor.py:186} INFO - Started process (PID=4074) to work on /home/ubuntu/demo8/lib/python3.12/site-packages/airflow/example_dags/example_params_ui_tutorial.py
[2024-12-18T20:37:35.164+0000] {processor.py:914} INFO - Processing file /home/ubuntu/demo8/lib/python3.12/site-packages/airflow/example_dags/example_params_ui_tutorial.py for tasks to queue
[2024-12-18T20:37:35.167+0000] {logging_mixin.py:190} INFO - [2024-12-18T20:37:35.167+0000] {dagbag.py:588} INFO - Filling up the DagBag from /home/ubuntu/demo8/lib/python3.12/site-packages/airflow/example_dags/example_params_ui_tutorial.py
[2024-12-18T20:37:35.178+0000] {processor.py:925} INFO - DAG(s) 'example_params_ui_tutorial' retrieved from /home/ubuntu/demo8/lib/python3.12/site-packages/airflow/example_dags/example_params_ui_tutorial.py
[2024-12-18T20:37:35.224+0000] {logging_mixin.py:190} INFO - [2024-12-18T20:37:35.223+0000] {dag.py:3239} INFO - Sync 1 DAGs
[2024-12-18T20:37:35.238+0000] {logging_mixin.py:190} INFO - [2024-12-18T20:37:35.237+0000] {dag.py:4180} INFO - Setting next_dagrun for example_params_ui_tutorial to None, run_after=None
[2024-12-18T20:37:35.260+0000] {processor.py:208} INFO - Processing /home/ubuntu/demo8/lib/python3.12/site-packages/airflow/example_dags/example_params_ui_tutorial.py took 0.103 seconds
[2024-12-18T20:38:29.632+0000] {processor.py:186} INFO - Started process (PID=4189) to work on /home/ubuntu/demo8/lib/python3.12/site-packages/airflow/example_dags/example_params_ui_tutorial.py
[2024-12-18T20:38:29.633+0000] {processor.py:914} INFO - Processing file /home/ubuntu/demo8/lib/python3.12/site-packages/airflow/example_dags/example_params_ui_tutorial.py for tasks to queue
[2024-12-18T20:38:29.636+0000] {logging_mixin.py:190} INFO - [2024-12-18T20:38:29.635+0000] {dagbag.py:588} INFO - Filling up the DagBag from /home/ubuntu/demo8/lib/python3.12/site-packages/airflow/example_dags/example_params_ui_tutorial.py
[2024-12-18T20:38:29.647+0000] {processor.py:925} INFO - DAG(s) 'example_params_ui_tutorial' retrieved from /home/ubuntu/demo8/lib/python3.12/site-packages/airflow/example_dags/example_params_ui_tutorial.py
[2024-12-18T20:38:29.704+0000] {logging_mixin.py:190} INFO - [2024-12-18T20:38:29.704+0000] {dag.py:3239} INFO - Sync 1 DAGs
[2024-12-18T20:38:29.720+0000] {logging_mixin.py:190} INFO - [2024-12-18T20:38:29.719+0000] {dag.py:4180} INFO - Setting next_dagrun for example_params_ui_tutorial to None, run_after=None
[2024-12-18T20:38:29.743+0000] {processor.py:208} INFO - Processing /home/ubuntu/demo8/lib/python3.12/site-packages/airflow/example_dags/example_params_ui_tutorial.py took 0.118 seconds
[2024-12-18T20:39:25.131+0000] {processor.py:186} INFO - Started process (PID=4368) to work on /home/ubuntu/demo8/lib/python3.12/site-packages/airflow/example_dags/example_params_ui_tutorial.py
[2024-12-18T20:39:25.133+0000] {processor.py:914} INFO - Processing file /home/ubuntu/demo8/lib/python3.12/site-packages/airflow/example_dags/example_params_ui_tutorial.py for tasks to queue
[2024-12-18T20:39:25.135+0000] {logging_mixin.py:190} INFO - [2024-12-18T20:39:25.135+0000] {dagbag.py:588} INFO - Filling up the DagBag from /home/ubuntu/demo8/lib/python3.12/site-packages/airflow/example_dags/example_params_ui_tutorial.py
[2024-12-18T20:39:25.146+0000] {processor.py:925} INFO - DAG(s) 'example_params_ui_tutorial' retrieved from /home/ubuntu/demo8/lib/python3.12/site-packages/airflow/example_dags/example_params_ui_tutorial.py
[2024-12-18T20:39:25.193+0000] {logging_mixin.py:190} INFO - [2024-12-18T20:39:25.193+0000] {dag.py:3239} INFO - Sync 1 DAGs
[2024-12-18T20:39:25.207+0000] {logging_mixin.py:190} INFO - [2024-12-18T20:39:25.207+0000] {dag.py:4180} INFO - Setting next_dagrun for example_params_ui_tutorial to None, run_after=None
[2024-12-18T20:39:25.241+0000] {processor.py:208} INFO - Processing /home/ubuntu/demo8/lib/python3.12/site-packages/airflow/example_dags/example_params_ui_tutorial.py took 0.116 seconds
[2024-12-18T20:40:22.922+0000] {processor.py:186} INFO - Started process (PID=4504) to work on /home/ubuntu/demo8/lib/python3.12/site-packages/airflow/example_dags/example_params_ui_tutorial.py
[2024-12-18T20:40:22.923+0000] {processor.py:914} INFO - Processing file /home/ubuntu/demo8/lib/python3.12/site-packages/airflow/example_dags/example_params_ui_tutorial.py for tasks to queue
[2024-12-18T20:40:22.926+0000] {logging_mixin.py:190} INFO - [2024-12-18T20:40:22.925+0000] {dagbag.py:588} INFO - Filling up the DagBag from /home/ubuntu/demo8/lib/python3.12/site-packages/airflow/example_dags/example_params_ui_tutorial.py
[2024-12-18T20:40:22.936+0000] {processor.py:925} INFO - DAG(s) 'example_params_ui_tutorial' retrieved from /home/ubuntu/demo8/lib/python3.12/site-packages/airflow/example_dags/example_params_ui_tutorial.py
[2024-12-18T20:40:22.981+0000] {logging_mixin.py:190} INFO - [2024-12-18T20:40:22.981+0000] {dag.py:3239} INFO - Sync 1 DAGs
[2024-12-18T20:40:22.994+0000] {logging_mixin.py:190} INFO - [2024-12-18T20:40:22.994+0000] {dag.py:4180} INFO - Setting next_dagrun for example_params_ui_tutorial to None, run_after=None
[2024-12-18T20:40:23.018+0000] {processor.py:208} INFO - Processing /home/ubuntu/demo8/lib/python3.12/site-packages/airflow/example_dags/example_params_ui_tutorial.py took 0.102 seconds
[2024-12-18T20:41:18.088+0000] {processor.py:186} INFO - Started process (PID=4623) to work on /home/ubuntu/demo8/lib/python3.12/site-packages/airflow/example_dags/example_params_ui_tutorial.py
[2024-12-18T20:41:18.090+0000] {processor.py:914} INFO - Processing file /home/ubuntu/demo8/lib/python3.12/site-packages/airflow/example_dags/example_params_ui_tutorial.py for tasks to queue
[2024-12-18T20:41:18.093+0000] {logging_mixin.py:190} INFO - [2024-12-18T20:41:18.092+0000] {dagbag.py:588} INFO - Filling up the DagBag from /home/ubuntu/demo8/lib/python3.12/site-packages/airflow/example_dags/example_params_ui_tutorial.py
[2024-12-18T20:41:18.104+0000] {processor.py:925} INFO - DAG(s) 'example_params_ui_tutorial' retrieved from /home/ubuntu/demo8/lib/python3.12/site-packages/airflow/example_dags/example_params_ui_tutorial.py
[2024-12-18T20:41:18.150+0000] {logging_mixin.py:190} INFO - [2024-12-18T20:41:18.150+0000] {dag.py:3239} INFO - Sync 1 DAGs
[2024-12-18T20:41:18.164+0000] {logging_mixin.py:190} INFO - [2024-12-18T20:41:18.164+0000] {dag.py:4180} INFO - Setting next_dagrun for example_params_ui_tutorial to None, run_after=None
[2024-12-18T20:41:18.189+0000] {processor.py:208} INFO - Processing /home/ubuntu/demo8/lib/python3.12/site-packages/airflow/example_dags/example_params_ui_tutorial.py took 0.107 seconds
[2024-12-18T20:42:12.603+0000] {processor.py:186} INFO - Started process (PID=4680) to work on /home/ubuntu/demo8/lib/python3.12/site-packages/airflow/example_dags/example_params_ui_tutorial.py
[2024-12-18T20:42:12.605+0000] {processor.py:914} INFO - Processing file /home/ubuntu/demo8/lib/python3.12/site-packages/airflow/example_dags/example_params_ui_tutorial.py for tasks to queue
[2024-12-18T20:42:12.607+0000] {logging_mixin.py:190} INFO - [2024-12-18T20:42:12.607+0000] {dagbag.py:588} INFO - Filling up the DagBag from /home/ubuntu/demo8/lib/python3.12/site-packages/airflow/example_dags/example_params_ui_tutorial.py
[2024-12-18T20:42:12.618+0000] {processor.py:925} INFO - DAG(s) 'example_params_ui_tutorial' retrieved from /home/ubuntu/demo8/lib/python3.12/site-packages/airflow/example_dags/example_params_ui_tutorial.py
[2024-12-18T20:42:12.663+0000] {logging_mixin.py:190} INFO - [2024-12-18T20:42:12.663+0000] {dag.py:3239} INFO - Sync 1 DAGs
[2024-12-18T20:42:12.677+0000] {logging_mixin.py:190} INFO - [2024-12-18T20:42:12.677+0000] {dag.py:4180} INFO - Setting next_dagrun for example_params_ui_tutorial to None, run_after=None
[2024-12-18T20:42:12.701+0000] {processor.py:208} INFO - Processing /home/ubuntu/demo8/lib/python3.12/site-packages/airflow/example_dags/example_params_ui_tutorial.py took 0.104 seconds
[2024-12-18T20:43:07.822+0000] {processor.py:186} INFO - Started process (PID=4796) to work on /home/ubuntu/demo8/lib/python3.12/site-packages/airflow/example_dags/example_params_ui_tutorial.py
[2024-12-18T20:43:07.824+0000] {processor.py:914} INFO - Processing file /home/ubuntu/demo8/lib/python3.12/site-packages/airflow/example_dags/example_params_ui_tutorial.py for tasks to queue
[2024-12-18T20:43:07.826+0000] {logging_mixin.py:190} INFO - [2024-12-18T20:43:07.826+0000] {dagbag.py:588} INFO - Filling up the DagBag from /home/ubuntu/demo8/lib/python3.12/site-packages/airflow/example_dags/example_params_ui_tutorial.py
[2024-12-18T20:43:07.837+0000] {processor.py:925} INFO - DAG(s) 'example_params_ui_tutorial' retrieved from /home/ubuntu/demo8/lib/python3.12/site-packages/airflow/example_dags/example_params_ui_tutorial.py
[2024-12-18T20:43:07.882+0000] {logging_mixin.py:190} INFO - [2024-12-18T20:43:07.882+0000] {dag.py:3239} INFO - Sync 1 DAGs
[2024-12-18T20:43:07.896+0000] {logging_mixin.py:190} INFO - [2024-12-18T20:43:07.896+0000] {dag.py:4180} INFO - Setting next_dagrun for example_params_ui_tutorial to None, run_after=None
[2024-12-18T20:43:07.920+0000] {processor.py:208} INFO - Processing /home/ubuntu/demo8/lib/python3.12/site-packages/airflow/example_dags/example_params_ui_tutorial.py took 0.104 seconds
[2024-12-18T20:44:00.000+0000] {processor.py:186} INFO - Started process (PID=4911) to work on /home/ubuntu/demo8/lib/python3.12/site-packages/airflow/example_dags/example_params_ui_tutorial.py
[2024-12-18T20:44:00.001+0000] {processor.py:914} INFO - Processing file /home/ubuntu/demo8/lib/python3.12/site-packages/airflow/example_dags/example_params_ui_tutorial.py for tasks to queue
[2024-12-18T20:44:00.004+0000] {logging_mixin.py:190} INFO - [2024-12-18T20:44:00.003+0000] {dagbag.py:588} INFO - Filling up the DagBag from /home/ubuntu/demo8/lib/python3.12/site-packages/airflow/example_dags/example_params_ui_tutorial.py
[2024-12-18T20:44:00.015+0000] {processor.py:925} INFO - DAG(s) 'example_params_ui_tutorial' retrieved from /home/ubuntu/demo8/lib/python3.12/site-packages/airflow/example_dags/example_params_ui_tutorial.py
[2024-12-18T20:44:00.061+0000] {logging_mixin.py:190} INFO - [2024-12-18T20:44:00.061+0000] {dag.py:3239} INFO - Sync 1 DAGs
[2024-12-18T20:44:00.076+0000] {logging_mixin.py:190} INFO - [2024-12-18T20:44:00.076+0000] {dag.py:4180} INFO - Setting next_dagrun for example_params_ui_tutorial to None, run_after=None
[2024-12-18T20:44:00.099+0000] {processor.py:208} INFO - Processing /home/ubuntu/demo8/lib/python3.12/site-packages/airflow/example_dags/example_params_ui_tutorial.py took 0.106 seconds
[2024-12-18T20:44:54.441+0000] {processor.py:186} INFO - Started process (PID=5089) to work on /home/ubuntu/demo8/lib/python3.12/site-packages/airflow/example_dags/example_params_ui_tutorial.py
[2024-12-18T20:44:54.442+0000] {processor.py:914} INFO - Processing file /home/ubuntu/demo8/lib/python3.12/site-packages/airflow/example_dags/example_params_ui_tutorial.py for tasks to queue
[2024-12-18T20:44:54.445+0000] {logging_mixin.py:190} INFO - [2024-12-18T20:44:54.444+0000] {dagbag.py:588} INFO - Filling up the DagBag from /home/ubuntu/demo8/lib/python3.12/site-packages/airflow/example_dags/example_params_ui_tutorial.py
[2024-12-18T20:44:54.456+0000] {processor.py:925} INFO - DAG(s) 'example_params_ui_tutorial' retrieved from /home/ubuntu/demo8/lib/python3.12/site-packages/airflow/example_dags/example_params_ui_tutorial.py
[2024-12-18T20:44:54.503+0000] {logging_mixin.py:190} INFO - [2024-12-18T20:44:54.503+0000] {dag.py:3239} INFO - Sync 1 DAGs
[2024-12-18T20:44:54.518+0000] {logging_mixin.py:190} INFO - [2024-12-18T20:44:54.518+0000] {dag.py:4180} INFO - Setting next_dagrun for example_params_ui_tutorial to None, run_after=None
[2024-12-18T20:44:54.544+0000] {processor.py:208} INFO - Processing /home/ubuntu/demo8/lib/python3.12/site-packages/airflow/example_dags/example_params_ui_tutorial.py took 0.110 seconds
[2024-12-18T20:45:48.964+0000] {processor.py:186} INFO - Started process (PID=5211) to work on /home/ubuntu/demo8/lib/python3.12/site-packages/airflow/example_dags/example_params_ui_tutorial.py
[2024-12-18T20:45:48.966+0000] {processor.py:914} INFO - Processing file /home/ubuntu/demo8/lib/python3.12/site-packages/airflow/example_dags/example_params_ui_tutorial.py for tasks to queue
[2024-12-18T20:45:48.969+0000] {logging_mixin.py:190} INFO - [2024-12-18T20:45:48.968+0000] {dagbag.py:588} INFO - Filling up the DagBag from /home/ubuntu/demo8/lib/python3.12/site-packages/airflow/example_dags/example_params_ui_tutorial.py
[2024-12-18T20:45:48.980+0000] {processor.py:925} INFO - DAG(s) 'example_params_ui_tutorial' retrieved from /home/ubuntu/demo8/lib/python3.12/site-packages/airflow/example_dags/example_params_ui_tutorial.py
[2024-12-18T20:45:49.027+0000] {logging_mixin.py:190} INFO - [2024-12-18T20:45:49.027+0000] {dag.py:3239} INFO - Sync 1 DAGs
[2024-12-18T20:45:49.043+0000] {logging_mixin.py:190} INFO - [2024-12-18T20:45:49.042+0000] {dag.py:4180} INFO - Setting next_dagrun for example_params_ui_tutorial to None, run_after=None
[2024-12-18T20:45:49.066+0000] {processor.py:208} INFO - Processing /home/ubuntu/demo8/lib/python3.12/site-packages/airflow/example_dags/example_params_ui_tutorial.py took 0.109 seconds
[2024-12-18T20:47:27.528+0000] {processor.py:186} INFO - Started process (PID=5836) to work on /home/ubuntu/demo8/lib/python3.12/site-packages/airflow/example_dags/example_params_ui_tutorial.py
[2024-12-18T20:47:27.530+0000] {processor.py:914} INFO - Processing file /home/ubuntu/demo8/lib/python3.12/site-packages/airflow/example_dags/example_params_ui_tutorial.py for tasks to queue
[2024-12-18T20:47:27.533+0000] {logging_mixin.py:190} INFO - [2024-12-18T20:47:27.532+0000] {dagbag.py:588} INFO - Filling up the DagBag from /home/ubuntu/demo8/lib/python3.12/site-packages/airflow/example_dags/example_params_ui_tutorial.py
[2024-12-18T20:47:27.544+0000] {processor.py:925} INFO - DAG(s) 'example_params_ui_tutorial' retrieved from /home/ubuntu/demo8/lib/python3.12/site-packages/airflow/example_dags/example_params_ui_tutorial.py
[2024-12-18T20:47:27.592+0000] {logging_mixin.py:190} INFO - [2024-12-18T20:47:27.592+0000] {dag.py:3239} INFO - Sync 1 DAGs
[2024-12-18T20:47:27.606+0000] {logging_mixin.py:190} INFO - [2024-12-18T20:47:27.606+0000] {dag.py:4180} INFO - Setting next_dagrun for example_params_ui_tutorial to None, run_after=None
[2024-12-18T20:47:27.629+0000] {processor.py:208} INFO - Processing /home/ubuntu/demo8/lib/python3.12/site-packages/airflow/example_dags/example_params_ui_tutorial.py took 0.106 seconds
[2024-12-18T20:48:27.267+0000] {processor.py:186} INFO - Started process (PID=6079) to work on /home/ubuntu/demo8/lib/python3.12/site-packages/airflow/example_dags/example_params_ui_tutorial.py
[2024-12-18T20:48:27.268+0000] {processor.py:914} INFO - Processing file /home/ubuntu/demo8/lib/python3.12/site-packages/airflow/example_dags/example_params_ui_tutorial.py for tasks to queue
[2024-12-18T20:48:27.271+0000] {logging_mixin.py:190} INFO - [2024-12-18T20:48:27.270+0000] {dagbag.py:588} INFO - Filling up the DagBag from /home/ubuntu/demo8/lib/python3.12/site-packages/airflow/example_dags/example_params_ui_tutorial.py
[2024-12-18T20:48:27.282+0000] {processor.py:925} INFO - DAG(s) 'example_params_ui_tutorial' retrieved from /home/ubuntu/demo8/lib/python3.12/site-packages/airflow/example_dags/example_params_ui_tutorial.py
[2024-12-18T20:48:27.327+0000] {logging_mixin.py:190} INFO - [2024-12-18T20:48:27.327+0000] {dag.py:3239} INFO - Sync 1 DAGs
[2024-12-18T20:48:27.341+0000] {logging_mixin.py:190} INFO - [2024-12-18T20:48:27.341+0000] {dag.py:4180} INFO - Setting next_dagrun for example_params_ui_tutorial to None, run_after=None
[2024-12-18T20:48:27.365+0000] {processor.py:208} INFO - Processing /home/ubuntu/demo8/lib/python3.12/site-packages/airflow/example_dags/example_params_ui_tutorial.py took 0.105 seconds
[2024-12-18T20:49:22.938+0000] {processor.py:186} INFO - Started process (PID=6437) to work on /home/ubuntu/demo8/lib/python3.12/site-packages/airflow/example_dags/example_params_ui_tutorial.py
[2024-12-18T20:49:22.940+0000] {processor.py:914} INFO - Processing file /home/ubuntu/demo8/lib/python3.12/site-packages/airflow/example_dags/example_params_ui_tutorial.py for tasks to queue
[2024-12-18T20:49:22.943+0000] {logging_mixin.py:190} INFO - [2024-12-18T20:49:22.942+0000] {dagbag.py:588} INFO - Filling up the DagBag from /home/ubuntu/demo8/lib/python3.12/site-packages/airflow/example_dags/example_params_ui_tutorial.py
[2024-12-18T20:49:22.953+0000] {processor.py:925} INFO - DAG(s) 'example_params_ui_tutorial' retrieved from /home/ubuntu/demo8/lib/python3.12/site-packages/airflow/example_dags/example_params_ui_tutorial.py
[2024-12-18T20:49:22.998+0000] {logging_mixin.py:190} INFO - [2024-12-18T20:49:22.997+0000] {dag.py:3239} INFO - Sync 1 DAGs
[2024-12-18T20:49:23.012+0000] {logging_mixin.py:190} INFO - [2024-12-18T20:49:23.012+0000] {dag.py:4180} INFO - Setting next_dagrun for example_params_ui_tutorial to None, run_after=None
[2024-12-18T20:49:23.035+0000] {processor.py:208} INFO - Processing /home/ubuntu/demo8/lib/python3.12/site-packages/airflow/example_dags/example_params_ui_tutorial.py took 0.102 seconds
[2024-12-18T20:50:22.248+0000] {processor.py:186} INFO - Started process (PID=6764) to work on /home/ubuntu/demo8/lib/python3.12/site-packages/airflow/example_dags/example_params_ui_tutorial.py
[2024-12-18T20:50:22.249+0000] {processor.py:914} INFO - Processing file /home/ubuntu/demo8/lib/python3.12/site-packages/airflow/example_dags/example_params_ui_tutorial.py for tasks to queue
[2024-12-18T20:50:22.252+0000] {logging_mixin.py:190} INFO - [2024-12-18T20:50:22.251+0000] {dagbag.py:588} INFO - Filling up the DagBag from /home/ubuntu/demo8/lib/python3.12/site-packages/airflow/example_dags/example_params_ui_tutorial.py
[2024-12-18T20:50:22.262+0000] {processor.py:925} INFO - DAG(s) 'example_params_ui_tutorial' retrieved from /home/ubuntu/demo8/lib/python3.12/site-packages/airflow/example_dags/example_params_ui_tutorial.py
[2024-12-18T20:50:22.307+0000] {logging_mixin.py:190} INFO - [2024-12-18T20:50:22.307+0000] {dag.py:3239} INFO - Sync 1 DAGs
[2024-12-18T20:50:22.321+0000] {logging_mixin.py:190} INFO - [2024-12-18T20:50:22.321+0000] {dag.py:4180} INFO - Setting next_dagrun for example_params_ui_tutorial to None, run_after=None
[2024-12-18T20:50:22.347+0000] {processor.py:208} INFO - Processing /home/ubuntu/demo8/lib/python3.12/site-packages/airflow/example_dags/example_params_ui_tutorial.py took 0.105 seconds
[2024-12-18T20:51:16.502+0000] {processor.py:186} INFO - Started process (PID=6965) to work on /home/ubuntu/demo8/lib/python3.12/site-packages/airflow/example_dags/example_params_ui_tutorial.py
[2024-12-18T20:51:16.504+0000] {processor.py:914} INFO - Processing file /home/ubuntu/demo8/lib/python3.12/site-packages/airflow/example_dags/example_params_ui_tutorial.py for tasks to queue
[2024-12-18T20:51:16.506+0000] {logging_mixin.py:190} INFO - [2024-12-18T20:51:16.506+0000] {dagbag.py:588} INFO - Filling up the DagBag from /home/ubuntu/demo8/lib/python3.12/site-packages/airflow/example_dags/example_params_ui_tutorial.py
[2024-12-18T20:51:16.517+0000] {processor.py:925} INFO - DAG(s) 'example_params_ui_tutorial' retrieved from /home/ubuntu/demo8/lib/python3.12/site-packages/airflow/example_dags/example_params_ui_tutorial.py
[2024-12-18T20:51:16.561+0000] {logging_mixin.py:190} INFO - [2024-12-18T20:51:16.561+0000] {dag.py:3239} INFO - Sync 1 DAGs
[2024-12-18T20:51:16.576+0000] {logging_mixin.py:190} INFO - [2024-12-18T20:51:16.575+0000] {dag.py:4180} INFO - Setting next_dagrun for example_params_ui_tutorial to None, run_after=None
[2024-12-18T20:51:16.601+0000] {processor.py:208} INFO - Processing /home/ubuntu/demo8/lib/python3.12/site-packages/airflow/example_dags/example_params_ui_tutorial.py took 0.105 seconds
