[2024-12-18T15:45:10.732+0000] {processor.py:186} INFO - Started process (PID=3692) to work on /home/ubuntu/demo8/lib/python3.12/site-packages/airflow/example_dags/example_branch_operator.py
[2024-12-18T15:45:10.733+0000] {processor.py:914} INFO - Processing file /home/ubuntu/demo8/lib/python3.12/site-packages/airflow/example_dags/example_branch_operator.py for tasks to queue
[2024-12-18T15:45:10.735+0000] {logging_mixin.py:190} INFO - [2024-12-18T15:45:10.735+0000] {dagbag.py:588} INFO - Filling up the DagBag from /home/ubuntu/demo8/lib/python3.12/site-packages/airflow/example_dags/example_branch_operator.py
[2024-12-18T15:45:10.738+0000] {processor.py:927} WARNING - No viable dags retrieved from /home/ubuntu/demo8/lib/python3.12/site-packages/airflow/example_dags/example_branch_operator.py
[2024-12-18T15:45:10.750+0000] {processor.py:208} INFO - Processing /home/ubuntu/demo8/lib/python3.12/site-packages/airflow/example_dags/example_branch_operator.py took 0.024 seconds
[2024-12-18T15:46:13.974+0000] {processor.py:186} INFO - Started process (PID=3791) to work on /home/ubuntu/demo8/lib/python3.12/site-packages/airflow/example_dags/example_branch_operator.py
[2024-12-18T15:46:13.976+0000] {processor.py:914} INFO - Processing file /home/ubuntu/demo8/lib/python3.12/site-packages/airflow/example_dags/example_branch_operator.py for tasks to queue
[2024-12-18T15:46:13.978+0000] {logging_mixin.py:190} INFO - [2024-12-18T15:46:13.978+0000] {dagbag.py:588} INFO - Filling up the DagBag from /home/ubuntu/demo8/lib/python3.12/site-packages/airflow/example_dags/example_branch_operator.py
[2024-12-18T15:46:13.981+0000] {processor.py:927} WARNING - No viable dags retrieved from /home/ubuntu/demo8/lib/python3.12/site-packages/airflow/example_dags/example_branch_operator.py
[2024-12-18T15:46:13.993+0000] {processor.py:208} INFO - Processing /home/ubuntu/demo8/lib/python3.12/site-packages/airflow/example_dags/example_branch_operator.py took 0.024 seconds
[2024-12-18T15:47:11.031+0000] {processor.py:186} INFO - Started process (PID=4258) to work on /home/ubuntu/demo8/lib/python3.12/site-packages/airflow/example_dags/example_branch_operator.py
[2024-12-18T15:47:11.032+0000] {processor.py:914} INFO - Processing file /home/ubuntu/demo8/lib/python3.12/site-packages/airflow/example_dags/example_branch_operator.py for tasks to queue
[2024-12-18T15:47:11.034+0000] {logging_mixin.py:190} INFO - [2024-12-18T15:47:11.034+0000] {dagbag.py:588} INFO - Filling up the DagBag from /home/ubuntu/demo8/lib/python3.12/site-packages/airflow/example_dags/example_branch_operator.py
[2024-12-18T15:47:11.037+0000] {processor.py:927} WARNING - No viable dags retrieved from /home/ubuntu/demo8/lib/python3.12/site-packages/airflow/example_dags/example_branch_operator.py
[2024-12-18T15:47:11.049+0000] {processor.py:208} INFO - Processing /home/ubuntu/demo8/lib/python3.12/site-packages/airflow/example_dags/example_branch_operator.py took 0.024 seconds
[2024-12-18T15:48:32.854+0000] {processor.py:186} INFO - Started process (PID=4342) to work on /home/ubuntu/demo8/lib/python3.12/site-packages/airflow/example_dags/example_branch_operator.py
[2024-12-18T15:48:32.855+0000] {processor.py:914} INFO - Processing file /home/ubuntu/demo8/lib/python3.12/site-packages/airflow/example_dags/example_branch_operator.py for tasks to queue
[2024-12-18T15:48:32.857+0000] {logging_mixin.py:190} INFO - [2024-12-18T15:48:32.857+0000] {dagbag.py:588} INFO - Filling up the DagBag from /home/ubuntu/demo8/lib/python3.12/site-packages/airflow/example_dags/example_branch_operator.py
[2024-12-18T15:48:32.860+0000] {processor.py:927} WARNING - No viable dags retrieved from /home/ubuntu/demo8/lib/python3.12/site-packages/airflow/example_dags/example_branch_operator.py
[2024-12-18T15:48:32.879+0000] {processor.py:208} INFO - Processing /home/ubuntu/demo8/lib/python3.12/site-packages/airflow/example_dags/example_branch_operator.py took 0.031 seconds
[2024-12-18T15:50:04.287+0000] {processor.py:186} INFO - Started process (PID=4430) to work on /home/ubuntu/demo8/lib/python3.12/site-packages/airflow/example_dags/example_branch_operator.py
[2024-12-18T15:50:04.289+0000] {processor.py:914} INFO - Processing file /home/ubuntu/demo8/lib/python3.12/site-packages/airflow/example_dags/example_branch_operator.py for tasks to queue
[2024-12-18T15:50:04.291+0000] {logging_mixin.py:190} INFO - [2024-12-18T15:50:04.290+0000] {dagbag.py:588} INFO - Filling up the DagBag from /home/ubuntu/demo8/lib/python3.12/site-packages/airflow/example_dags/example_branch_operator.py
[2024-12-18T15:50:04.294+0000] {processor.py:927} WARNING - No viable dags retrieved from /home/ubuntu/demo8/lib/python3.12/site-packages/airflow/example_dags/example_branch_operator.py
[2024-12-18T15:50:04.306+0000] {processor.py:208} INFO - Processing /home/ubuntu/demo8/lib/python3.12/site-packages/airflow/example_dags/example_branch_operator.py took 0.025 seconds
[2024-12-18T15:51:03.011+0000] {processor.py:186} INFO - Started process (PID=4500) to work on /home/ubuntu/demo8/lib/python3.12/site-packages/airflow/example_dags/example_branch_operator.py
[2024-12-18T15:51:03.013+0000] {processor.py:914} INFO - Processing file /home/ubuntu/demo8/lib/python3.12/site-packages/airflow/example_dags/example_branch_operator.py for tasks to queue
[2024-12-18T15:51:03.015+0000] {logging_mixin.py:190} INFO - [2024-12-18T15:51:03.015+0000] {dagbag.py:588} INFO - Filling up the DagBag from /home/ubuntu/demo8/lib/python3.12/site-packages/airflow/example_dags/example_branch_operator.py
[2024-12-18T15:51:03.018+0000] {processor.py:927} WARNING - No viable dags retrieved from /home/ubuntu/demo8/lib/python3.12/site-packages/airflow/example_dags/example_branch_operator.py
[2024-12-18T15:51:03.031+0000] {processor.py:208} INFO - Processing /home/ubuntu/demo8/lib/python3.12/site-packages/airflow/example_dags/example_branch_operator.py took 0.026 seconds
[2024-12-18T15:52:21.085+0000] {processor.py:186} INFO - Started process (PID=4584) to work on /home/ubuntu/demo8/lib/python3.12/site-packages/airflow/example_dags/example_branch_operator.py
[2024-12-18T15:52:21.087+0000] {processor.py:914} INFO - Processing file /home/ubuntu/demo8/lib/python3.12/site-packages/airflow/example_dags/example_branch_operator.py for tasks to queue
[2024-12-18T15:52:21.089+0000] {logging_mixin.py:190} INFO - [2024-12-18T15:52:21.089+0000] {dagbag.py:588} INFO - Filling up the DagBag from /home/ubuntu/demo8/lib/python3.12/site-packages/airflow/example_dags/example_branch_operator.py
[2024-12-18T15:52:21.093+0000] {processor.py:927} WARNING - No viable dags retrieved from /home/ubuntu/demo8/lib/python3.12/site-packages/airflow/example_dags/example_branch_operator.py
[2024-12-18T15:52:21.104+0000] {processor.py:208} INFO - Processing /home/ubuntu/demo8/lib/python3.12/site-packages/airflow/example_dags/example_branch_operator.py took 0.025 seconds
[2024-12-18T15:53:43.780+0000] {processor.py:186} INFO - Started process (PID=4669) to work on /home/ubuntu/demo8/lib/python3.12/site-packages/airflow/example_dags/example_branch_operator.py
[2024-12-18T15:53:43.782+0000] {processor.py:914} INFO - Processing file /home/ubuntu/demo8/lib/python3.12/site-packages/airflow/example_dags/example_branch_operator.py for tasks to queue
[2024-12-18T15:53:43.784+0000] {logging_mixin.py:190} INFO - [2024-12-18T15:53:43.783+0000] {dagbag.py:588} INFO - Filling up the DagBag from /home/ubuntu/demo8/lib/python3.12/site-packages/airflow/example_dags/example_branch_operator.py
[2024-12-18T15:53:43.787+0000] {processor.py:927} WARNING - No viable dags retrieved from /home/ubuntu/demo8/lib/python3.12/site-packages/airflow/example_dags/example_branch_operator.py
[2024-12-18T15:53:43.799+0000] {processor.py:208} INFO - Processing /home/ubuntu/demo8/lib/python3.12/site-packages/airflow/example_dags/example_branch_operator.py took 0.025 seconds
[2024-12-18T15:55:16.903+0000] {processor.py:186} INFO - Started process (PID=4792) to work on /home/ubuntu/demo8/lib/python3.12/site-packages/airflow/example_dags/example_branch_operator.py
[2024-12-18T15:55:16.904+0000] {processor.py:914} INFO - Processing file /home/ubuntu/demo8/lib/python3.12/site-packages/airflow/example_dags/example_branch_operator.py for tasks to queue
[2024-12-18T15:55:16.906+0000] {logging_mixin.py:190} INFO - [2024-12-18T15:55:16.906+0000] {dagbag.py:588} INFO - Filling up the DagBag from /home/ubuntu/demo8/lib/python3.12/site-packages/airflow/example_dags/example_branch_operator.py
[2024-12-18T15:55:16.910+0000] {processor.py:927} WARNING - No viable dags retrieved from /home/ubuntu/demo8/lib/python3.12/site-packages/airflow/example_dags/example_branch_operator.py
[2024-12-18T15:55:16.921+0000] {processor.py:208} INFO - Processing /home/ubuntu/demo8/lib/python3.12/site-packages/airflow/example_dags/example_branch_operator.py took 0.025 seconds
[2024-12-18T15:56:37.235+0000] {processor.py:186} INFO - Started process (PID=4877) to work on /home/ubuntu/demo8/lib/python3.12/site-packages/airflow/example_dags/example_branch_operator.py
[2024-12-18T15:56:37.237+0000] {processor.py:914} INFO - Processing file /home/ubuntu/demo8/lib/python3.12/site-packages/airflow/example_dags/example_branch_operator.py for tasks to queue
[2024-12-18T15:56:37.239+0000] {logging_mixin.py:190} INFO - [2024-12-18T15:56:37.239+0000] {dagbag.py:588} INFO - Filling up the DagBag from /home/ubuntu/demo8/lib/python3.12/site-packages/airflow/example_dags/example_branch_operator.py
[2024-12-18T15:56:37.242+0000] {processor.py:927} WARNING - No viable dags retrieved from /home/ubuntu/demo8/lib/python3.12/site-packages/airflow/example_dags/example_branch_operator.py
[2024-12-18T15:56:37.254+0000] {processor.py:208} INFO - Processing /home/ubuntu/demo8/lib/python3.12/site-packages/airflow/example_dags/example_branch_operator.py took 0.025 seconds
[2024-12-18T15:57:44.421+0000] {processor.py:186} INFO - Started process (PID=4939) to work on /home/ubuntu/demo8/lib/python3.12/site-packages/airflow/example_dags/example_branch_operator.py
[2024-12-18T15:57:44.423+0000] {processor.py:914} INFO - Processing file /home/ubuntu/demo8/lib/python3.12/site-packages/airflow/example_dags/example_branch_operator.py for tasks to queue
[2024-12-18T15:57:44.425+0000] {logging_mixin.py:190} INFO - [2024-12-18T15:57:44.424+0000] {dagbag.py:588} INFO - Filling up the DagBag from /home/ubuntu/demo8/lib/python3.12/site-packages/airflow/example_dags/example_branch_operator.py
[2024-12-18T15:57:44.428+0000] {processor.py:927} WARNING - No viable dags retrieved from /home/ubuntu/demo8/lib/python3.12/site-packages/airflow/example_dags/example_branch_operator.py
[2024-12-18T15:57:44.440+0000] {processor.py:208} INFO - Processing /home/ubuntu/demo8/lib/python3.12/site-packages/airflow/example_dags/example_branch_operator.py took 0.025 seconds
[2024-12-18T15:59:04.734+0000] {processor.py:186} INFO - Started process (PID=5022) to work on /home/ubuntu/demo8/lib/python3.12/site-packages/airflow/example_dags/example_branch_operator.py
[2024-12-18T15:59:04.736+0000] {processor.py:914} INFO - Processing file /home/ubuntu/demo8/lib/python3.12/site-packages/airflow/example_dags/example_branch_operator.py for tasks to queue
[2024-12-18T15:59:04.738+0000] {logging_mixin.py:190} INFO - [2024-12-18T15:59:04.737+0000] {dagbag.py:588} INFO - Filling up the DagBag from /home/ubuntu/demo8/lib/python3.12/site-packages/airflow/example_dags/example_branch_operator.py
[2024-12-18T15:59:04.741+0000] {processor.py:927} WARNING - No viable dags retrieved from /home/ubuntu/demo8/lib/python3.12/site-packages/airflow/example_dags/example_branch_operator.py
[2024-12-18T15:59:04.753+0000] {processor.py:208} INFO - Processing /home/ubuntu/demo8/lib/python3.12/site-packages/airflow/example_dags/example_branch_operator.py took 0.024 seconds
[2024-12-18T16:00:43.242+0000] {processor.py:186} INFO - Started process (PID=5123) to work on /home/ubuntu/demo8/lib/python3.12/site-packages/airflow/example_dags/example_branch_operator.py
[2024-12-18T16:00:43.244+0000] {processor.py:914} INFO - Processing file /home/ubuntu/demo8/lib/python3.12/site-packages/airflow/example_dags/example_branch_operator.py for tasks to queue
[2024-12-18T16:00:43.246+0000] {logging_mixin.py:190} INFO - [2024-12-18T16:00:43.245+0000] {dagbag.py:588} INFO - Filling up the DagBag from /home/ubuntu/demo8/lib/python3.12/site-packages/airflow/example_dags/example_branch_operator.py
[2024-12-18T16:00:43.249+0000] {processor.py:927} WARNING - No viable dags retrieved from /home/ubuntu/demo8/lib/python3.12/site-packages/airflow/example_dags/example_branch_operator.py
[2024-12-18T16:00:43.261+0000] {processor.py:208} INFO - Processing /home/ubuntu/demo8/lib/python3.12/site-packages/airflow/example_dags/example_branch_operator.py took 0.025 seconds
[2024-12-18T16:02:03.454+0000] {processor.py:186} INFO - Started process (PID=5208) to work on /home/ubuntu/demo8/lib/python3.12/site-packages/airflow/example_dags/example_branch_operator.py
[2024-12-18T16:02:03.456+0000] {processor.py:914} INFO - Processing file /home/ubuntu/demo8/lib/python3.12/site-packages/airflow/example_dags/example_branch_operator.py for tasks to queue
[2024-12-18T16:02:03.458+0000] {logging_mixin.py:190} INFO - [2024-12-18T16:02:03.457+0000] {dagbag.py:588} INFO - Filling up the DagBag from /home/ubuntu/demo8/lib/python3.12/site-packages/airflow/example_dags/example_branch_operator.py
[2024-12-18T16:02:03.461+0000] {processor.py:927} WARNING - No viable dags retrieved from /home/ubuntu/demo8/lib/python3.12/site-packages/airflow/example_dags/example_branch_operator.py
[2024-12-18T16:02:03.472+0000] {processor.py:208} INFO - Processing /home/ubuntu/demo8/lib/python3.12/site-packages/airflow/example_dags/example_branch_operator.py took 0.024 seconds
[2024-12-18T16:03:25.033+0000] {processor.py:186} INFO - Started process (PID=5290) to work on /home/ubuntu/demo8/lib/python3.12/site-packages/airflow/example_dags/example_branch_operator.py
[2024-12-18T16:03:25.035+0000] {processor.py:914} INFO - Processing file /home/ubuntu/demo8/lib/python3.12/site-packages/airflow/example_dags/example_branch_operator.py for tasks to queue
[2024-12-18T16:03:25.037+0000] {logging_mixin.py:190} INFO - [2024-12-18T16:03:25.037+0000] {dagbag.py:588} INFO - Filling up the DagBag from /home/ubuntu/demo8/lib/python3.12/site-packages/airflow/example_dags/example_branch_operator.py
[2024-12-18T16:03:25.040+0000] {processor.py:927} WARNING - No viable dags retrieved from /home/ubuntu/demo8/lib/python3.12/site-packages/airflow/example_dags/example_branch_operator.py
[2024-12-18T16:03:25.052+0000] {processor.py:208} INFO - Processing /home/ubuntu/demo8/lib/python3.12/site-packages/airflow/example_dags/example_branch_operator.py took 0.025 seconds
[2024-12-18T20:30:11.483+0000] {processor.py:186} INFO - Started process (PID=2779) to work on /home/ubuntu/demo8/lib/python3.12/site-packages/airflow/example_dags/example_branch_operator.py
[2024-12-18T20:30:11.484+0000] {processor.py:914} INFO - Processing file /home/ubuntu/demo8/lib/python3.12/site-packages/airflow/example_dags/example_branch_operator.py for tasks to queue
[2024-12-18T20:30:11.487+0000] {logging_mixin.py:190} INFO - [2024-12-18T20:30:11.486+0000] {dagbag.py:588} INFO - Filling up the DagBag from /home/ubuntu/demo8/lib/python3.12/site-packages/airflow/example_dags/example_branch_operator.py
[2024-12-18T20:30:11.490+0000] {processor.py:927} WARNING - No viable dags retrieved from /home/ubuntu/demo8/lib/python3.12/site-packages/airflow/example_dags/example_branch_operator.py
[2024-12-18T20:30:11.502+0000] {processor.py:208} INFO - Processing /home/ubuntu/demo8/lib/python3.12/site-packages/airflow/example_dags/example_branch_operator.py took 0.025 seconds
[2024-12-18T20:31:07.498+0000] {processor.py:186} INFO - Started process (PID=3045) to work on /home/ubuntu/demo8/lib/python3.12/site-packages/airflow/example_dags/example_branch_operator.py
[2024-12-18T20:31:07.499+0000] {processor.py:914} INFO - Processing file /home/ubuntu/demo8/lib/python3.12/site-packages/airflow/example_dags/example_branch_operator.py for tasks to queue
[2024-12-18T20:31:07.502+0000] {logging_mixin.py:190} INFO - [2024-12-18T20:31:07.502+0000] {dagbag.py:588} INFO - Filling up the DagBag from /home/ubuntu/demo8/lib/python3.12/site-packages/airflow/example_dags/example_branch_operator.py
[2024-12-18T20:31:07.505+0000] {processor.py:927} WARNING - No viable dags retrieved from /home/ubuntu/demo8/lib/python3.12/site-packages/airflow/example_dags/example_branch_operator.py
[2024-12-18T20:31:07.517+0000] {processor.py:208} INFO - Processing /home/ubuntu/demo8/lib/python3.12/site-packages/airflow/example_dags/example_branch_operator.py took 0.025 seconds
[2024-12-18T20:32:30.991+0000] {processor.py:186} INFO - Started process (PID=3368) to work on /home/ubuntu/demo8/lib/python3.12/site-packages/airflow/example_dags/example_branch_operator.py
[2024-12-18T20:32:30.992+0000] {processor.py:914} INFO - Processing file /home/ubuntu/demo8/lib/python3.12/site-packages/airflow/example_dags/example_branch_operator.py for tasks to queue
[2024-12-18T20:32:30.995+0000] {logging_mixin.py:190} INFO - [2024-12-18T20:32:30.995+0000] {dagbag.py:588} INFO - Filling up the DagBag from /home/ubuntu/demo8/lib/python3.12/site-packages/airflow/example_dags/example_branch_operator.py
[2024-12-18T20:32:30.998+0000] {processor.py:927} WARNING - No viable dags retrieved from /home/ubuntu/demo8/lib/python3.12/site-packages/airflow/example_dags/example_branch_operator.py
[2024-12-18T20:32:31.010+0000] {processor.py:208} INFO - Processing /home/ubuntu/demo8/lib/python3.12/site-packages/airflow/example_dags/example_branch_operator.py took 0.025 seconds
[2024-12-18T20:33:53.351+0000] {processor.py:186} INFO - Started process (PID=3544) to work on /home/ubuntu/demo8/lib/python3.12/site-packages/airflow/example_dags/example_branch_operator.py
[2024-12-18T20:33:53.353+0000] {processor.py:914} INFO - Processing file /home/ubuntu/demo8/lib/python3.12/site-packages/airflow/example_dags/example_branch_operator.py for tasks to queue
[2024-12-18T20:33:53.355+0000] {logging_mixin.py:190} INFO - [2024-12-18T20:33:53.355+0000] {dagbag.py:588} INFO - Filling up the DagBag from /home/ubuntu/demo8/lib/python3.12/site-packages/airflow/example_dags/example_branch_operator.py
[2024-12-18T20:33:53.359+0000] {processor.py:927} WARNING - No viable dags retrieved from /home/ubuntu/demo8/lib/python3.12/site-packages/airflow/example_dags/example_branch_operator.py
[2024-12-18T20:33:53.370+0000] {processor.py:208} INFO - Processing /home/ubuntu/demo8/lib/python3.12/site-packages/airflow/example_dags/example_branch_operator.py took 0.025 seconds
[2024-12-18T20:35:02.297+0000] {processor.py:186} INFO - Started process (PID=3734) to work on /home/ubuntu/demo8/lib/python3.12/site-packages/airflow/example_dags/example_branch_operator.py
[2024-12-18T20:35:02.299+0000] {processor.py:914} INFO - Processing file /home/ubuntu/demo8/lib/python3.12/site-packages/airflow/example_dags/example_branch_operator.py for tasks to queue
[2024-12-18T20:35:02.302+0000] {logging_mixin.py:190} INFO - [2024-12-18T20:35:02.301+0000] {dagbag.py:588} INFO - Filling up the DagBag from /home/ubuntu/demo8/lib/python3.12/site-packages/airflow/example_dags/example_branch_operator.py
[2024-12-18T20:35:02.308+0000] {processor.py:927} WARNING - No viable dags retrieved from /home/ubuntu/demo8/lib/python3.12/site-packages/airflow/example_dags/example_branch_operator.py
[2024-12-18T20:35:02.328+0000] {processor.py:208} INFO - Processing /home/ubuntu/demo8/lib/python3.12/site-packages/airflow/example_dags/example_branch_operator.py took 0.036 seconds
[2024-12-18T20:36:01.392+0000] {processor.py:186} INFO - Started process (PID=3856) to work on /home/ubuntu/demo8/lib/python3.12/site-packages/airflow/example_dags/example_branch_operator.py
[2024-12-18T20:36:01.394+0000] {processor.py:914} INFO - Processing file /home/ubuntu/demo8/lib/python3.12/site-packages/airflow/example_dags/example_branch_operator.py for tasks to queue
[2024-12-18T20:36:01.396+0000] {logging_mixin.py:190} INFO - [2024-12-18T20:36:01.396+0000] {dagbag.py:588} INFO - Filling up the DagBag from /home/ubuntu/demo8/lib/python3.12/site-packages/airflow/example_dags/example_branch_operator.py
[2024-12-18T20:36:01.400+0000] {processor.py:927} WARNING - No viable dags retrieved from /home/ubuntu/demo8/lib/python3.12/site-packages/airflow/example_dags/example_branch_operator.py
[2024-12-18T20:36:01.412+0000] {processor.py:208} INFO - Processing /home/ubuntu/demo8/lib/python3.12/site-packages/airflow/example_dags/example_branch_operator.py took 0.026 seconds
[2024-12-18T20:36:59.277+0000] {processor.py:186} INFO - Started process (PID=3975) to work on /home/ubuntu/demo8/lib/python3.12/site-packages/airflow/example_dags/example_branch_operator.py
[2024-12-18T20:36:59.278+0000] {processor.py:914} INFO - Processing file /home/ubuntu/demo8/lib/python3.12/site-packages/airflow/example_dags/example_branch_operator.py for tasks to queue
[2024-12-18T20:36:59.281+0000] {logging_mixin.py:190} INFO - [2024-12-18T20:36:59.280+0000] {dagbag.py:588} INFO - Filling up the DagBag from /home/ubuntu/demo8/lib/python3.12/site-packages/airflow/example_dags/example_branch_operator.py
[2024-12-18T20:36:59.284+0000] {processor.py:927} WARNING - No viable dags retrieved from /home/ubuntu/demo8/lib/python3.12/site-packages/airflow/example_dags/example_branch_operator.py
[2024-12-18T20:36:59.296+0000] {processor.py:208} INFO - Processing /home/ubuntu/demo8/lib/python3.12/site-packages/airflow/example_dags/example_branch_operator.py took 0.026 seconds
[2024-12-18T20:38:21.716+0000] {processor.py:186} INFO - Started process (PID=4180) to work on /home/ubuntu/demo8/lib/python3.12/site-packages/airflow/example_dags/example_branch_operator.py
[2024-12-18T20:38:21.717+0000] {processor.py:914} INFO - Processing file /home/ubuntu/demo8/lib/python3.12/site-packages/airflow/example_dags/example_branch_operator.py for tasks to queue
[2024-12-18T20:38:21.720+0000] {logging_mixin.py:190} INFO - [2024-12-18T20:38:21.720+0000] {dagbag.py:588} INFO - Filling up the DagBag from /home/ubuntu/demo8/lib/python3.12/site-packages/airflow/example_dags/example_branch_operator.py
[2024-12-18T20:38:21.723+0000] {processor.py:927} WARNING - No viable dags retrieved from /home/ubuntu/demo8/lib/python3.12/site-packages/airflow/example_dags/example_branch_operator.py
[2024-12-18T20:38:21.735+0000] {processor.py:208} INFO - Processing /home/ubuntu/demo8/lib/python3.12/site-packages/airflow/example_dags/example_branch_operator.py took 0.026 seconds
[2024-12-18T20:39:44.655+0000] {processor.py:186} INFO - Started process (PID=4387) to work on /home/ubuntu/demo8/lib/python3.12/site-packages/airflow/example_dags/example_branch_operator.py
[2024-12-18T20:39:44.656+0000] {processor.py:914} INFO - Processing file /home/ubuntu/demo8/lib/python3.12/site-packages/airflow/example_dags/example_branch_operator.py for tasks to queue
[2024-12-18T20:39:44.658+0000] {logging_mixin.py:190} INFO - [2024-12-18T20:39:44.658+0000] {dagbag.py:588} INFO - Filling up the DagBag from /home/ubuntu/demo8/lib/python3.12/site-packages/airflow/example_dags/example_branch_operator.py
[2024-12-18T20:39:44.662+0000] {processor.py:927} WARNING - No viable dags retrieved from /home/ubuntu/demo8/lib/python3.12/site-packages/airflow/example_dags/example_branch_operator.py
[2024-12-18T20:39:44.674+0000] {processor.py:208} INFO - Processing /home/ubuntu/demo8/lib/python3.12/site-packages/airflow/example_dags/example_branch_operator.py took 0.026 seconds
[2024-12-18T20:40:41.905+0000] {processor.py:186} INFO - Started process (PID=4523) to work on /home/ubuntu/demo8/lib/python3.12/site-packages/airflow/example_dags/example_branch_operator.py
[2024-12-18T20:40:41.906+0000] {processor.py:914} INFO - Processing file /home/ubuntu/demo8/lib/python3.12/site-packages/airflow/example_dags/example_branch_operator.py for tasks to queue
[2024-12-18T20:40:41.909+0000] {logging_mixin.py:190} INFO - [2024-12-18T20:40:41.909+0000] {dagbag.py:588} INFO - Filling up the DagBag from /home/ubuntu/demo8/lib/python3.12/site-packages/airflow/example_dags/example_branch_operator.py
[2024-12-18T20:40:41.912+0000] {processor.py:927} WARNING - No viable dags retrieved from /home/ubuntu/demo8/lib/python3.12/site-packages/airflow/example_dags/example_branch_operator.py
[2024-12-18T20:40:41.924+0000] {processor.py:208} INFO - Processing /home/ubuntu/demo8/lib/python3.12/site-packages/airflow/example_dags/example_branch_operator.py took 0.026 seconds
[2024-12-18T20:42:00.951+0000] {processor.py:186} INFO - Started process (PID=4669) to work on /home/ubuntu/demo8/lib/python3.12/site-packages/airflow/example_dags/example_branch_operator.py
[2024-12-18T20:42:00.953+0000] {processor.py:914} INFO - Processing file /home/ubuntu/demo8/lib/python3.12/site-packages/airflow/example_dags/example_branch_operator.py for tasks to queue
[2024-12-18T20:42:00.956+0000] {logging_mixin.py:190} INFO - [2024-12-18T20:42:00.955+0000] {dagbag.py:588} INFO - Filling up the DagBag from /home/ubuntu/demo8/lib/python3.12/site-packages/airflow/example_dags/example_branch_operator.py
[2024-12-18T20:42:00.959+0000] {processor.py:927} WARNING - No viable dags retrieved from /home/ubuntu/demo8/lib/python3.12/site-packages/airflow/example_dags/example_branch_operator.py
[2024-12-18T20:42:00.971+0000] {processor.py:208} INFO - Processing /home/ubuntu/demo8/lib/python3.12/site-packages/airflow/example_dags/example_branch_operator.py took 0.026 seconds
[2024-12-18T20:43:23.377+0000] {processor.py:186} INFO - Started process (PID=4873) to work on /home/ubuntu/demo8/lib/python3.12/site-packages/airflow/example_dags/example_branch_operator.py
[2024-12-18T20:43:23.378+0000] {processor.py:914} INFO - Processing file /home/ubuntu/demo8/lib/python3.12/site-packages/airflow/example_dags/example_branch_operator.py for tasks to queue
[2024-12-18T20:43:23.381+0000] {logging_mixin.py:190} INFO - [2024-12-18T20:43:23.380+0000] {dagbag.py:588} INFO - Filling up the DagBag from /home/ubuntu/demo8/lib/python3.12/site-packages/airflow/example_dags/example_branch_operator.py
[2024-12-18T20:43:23.384+0000] {processor.py:927} WARNING - No viable dags retrieved from /home/ubuntu/demo8/lib/python3.12/site-packages/airflow/example_dags/example_branch_operator.py
[2024-12-18T20:43:23.396+0000] {processor.py:208} INFO - Processing /home/ubuntu/demo8/lib/python3.12/site-packages/airflow/example_dags/example_branch_operator.py took 0.026 seconds
[2024-12-18T20:44:44.181+0000] {processor.py:186} INFO - Started process (PID=5078) to work on /home/ubuntu/demo8/lib/python3.12/site-packages/airflow/example_dags/example_branch_operator.py
[2024-12-18T20:44:44.182+0000] {processor.py:914} INFO - Processing file /home/ubuntu/demo8/lib/python3.12/site-packages/airflow/example_dags/example_branch_operator.py for tasks to queue
[2024-12-18T20:44:44.185+0000] {logging_mixin.py:190} INFO - [2024-12-18T20:44:44.184+0000] {dagbag.py:588} INFO - Filling up the DagBag from /home/ubuntu/demo8/lib/python3.12/site-packages/airflow/example_dags/example_branch_operator.py
[2024-12-18T20:44:44.188+0000] {processor.py:927} WARNING - No viable dags retrieved from /home/ubuntu/demo8/lib/python3.12/site-packages/airflow/example_dags/example_branch_operator.py
[2024-12-18T20:44:44.200+0000] {processor.py:208} INFO - Processing /home/ubuntu/demo8/lib/python3.12/site-packages/airflow/example_dags/example_branch_operator.py took 0.027 seconds
[2024-12-18T20:47:49.588+0000] {processor.py:186} INFO - Started process (PID=5858) to work on /home/ubuntu/demo8/lib/python3.12/site-packages/airflow/example_dags/example_branch_operator.py
[2024-12-18T20:47:49.590+0000] {processor.py:914} INFO - Processing file /home/ubuntu/demo8/lib/python3.12/site-packages/airflow/example_dags/example_branch_operator.py for tasks to queue
[2024-12-18T20:47:49.593+0000] {logging_mixin.py:190} INFO - [2024-12-18T20:47:49.592+0000] {dagbag.py:588} INFO - Filling up the DagBag from /home/ubuntu/demo8/lib/python3.12/site-packages/airflow/example_dags/example_branch_operator.py
[2024-12-18T20:47:49.596+0000] {processor.py:927} WARNING - No viable dags retrieved from /home/ubuntu/demo8/lib/python3.12/site-packages/airflow/example_dags/example_branch_operator.py
[2024-12-18T20:47:49.608+0000] {processor.py:208} INFO - Processing /home/ubuntu/demo8/lib/python3.12/site-packages/airflow/example_dags/example_branch_operator.py took 0.026 seconds
[2024-12-18T20:48:47.858+0000] {processor.py:186} INFO - Started process (PID=6280) to work on /home/ubuntu/demo8/lib/python3.12/site-packages/airflow/example_dags/example_branch_operator.py
[2024-12-18T20:48:47.859+0000] {processor.py:914} INFO - Processing file /home/ubuntu/demo8/lib/python3.12/site-packages/airflow/example_dags/example_branch_operator.py for tasks to queue
[2024-12-18T20:48:47.862+0000] {logging_mixin.py:190} INFO - [2024-12-18T20:48:47.862+0000] {dagbag.py:588} INFO - Filling up the DagBag from /home/ubuntu/demo8/lib/python3.12/site-packages/airflow/example_dags/example_branch_operator.py
[2024-12-18T20:48:47.865+0000] {processor.py:927} WARNING - No viable dags retrieved from /home/ubuntu/demo8/lib/python3.12/site-packages/airflow/example_dags/example_branch_operator.py
[2024-12-18T20:48:47.877+0000] {processor.py:208} INFO - Processing /home/ubuntu/demo8/lib/python3.12/site-packages/airflow/example_dags/example_branch_operator.py took 0.026 seconds
[2024-12-18T20:50:09.523+0000] {processor.py:186} INFO - Started process (PID=6667) to work on /home/ubuntu/demo8/lib/python3.12/site-packages/airflow/example_dags/example_branch_operator.py
[2024-12-18T20:50:09.524+0000] {processor.py:914} INFO - Processing file /home/ubuntu/demo8/lib/python3.12/site-packages/airflow/example_dags/example_branch_operator.py for tasks to queue
[2024-12-18T20:50:09.527+0000] {logging_mixin.py:190} INFO - [2024-12-18T20:50:09.526+0000] {dagbag.py:588} INFO - Filling up the DagBag from /home/ubuntu/demo8/lib/python3.12/site-packages/airflow/example_dags/example_branch_operator.py
[2024-12-18T20:50:09.530+0000] {processor.py:927} WARNING - No viable dags retrieved from /home/ubuntu/demo8/lib/python3.12/site-packages/airflow/example_dags/example_branch_operator.py
[2024-12-18T20:50:09.542+0000] {processor.py:208} INFO - Processing /home/ubuntu/demo8/lib/python3.12/site-packages/airflow/example_dags/example_branch_operator.py took 0.025 seconds
[2024-12-18T20:51:04.939+0000] {processor.py:186} INFO - Started process (PID=6942) to work on /home/ubuntu/demo8/lib/python3.12/site-packages/airflow/example_dags/example_branch_operator.py
[2024-12-18T20:51:04.940+0000] {processor.py:914} INFO - Processing file /home/ubuntu/demo8/lib/python3.12/site-packages/airflow/example_dags/example_branch_operator.py for tasks to queue
[2024-12-18T20:51:04.943+0000] {logging_mixin.py:190} INFO - [2024-12-18T20:51:04.942+0000] {dagbag.py:588} INFO - Filling up the DagBag from /home/ubuntu/demo8/lib/python3.12/site-packages/airflow/example_dags/example_branch_operator.py
[2024-12-18T20:51:04.947+0000] {processor.py:927} WARNING - No viable dags retrieved from /home/ubuntu/demo8/lib/python3.12/site-packages/airflow/example_dags/example_branch_operator.py
[2024-12-18T20:51:04.959+0000] {processor.py:208} INFO - Processing /home/ubuntu/demo8/lib/python3.12/site-packages/airflow/example_dags/example_branch_operator.py took 0.026 seconds
