[2024-12-18T15:44:19.983+0000] {processor.py:186} INFO - Started process (PID=3647) to work on /home/ubuntu/demo8/lib/python3.12/site-packages/airflow/example_dags/example_xcom.py
[2024-12-18T15:44:19.984+0000] {processor.py:914} INFO - Processing file /home/ubuntu/demo8/lib/python3.12/site-packages/airflow/example_dags/example_xcom.py for tasks to queue
[2024-12-18T15:44:19.986+0000] {logging_mixin.py:190} INFO - [2024-12-18T15:44:19.985+0000] {dagbag.py:588} INFO - Filling up the DagBag from /home/ubuntu/demo8/lib/python3.12/site-packages/airflow/example_dags/example_xcom.py
[2024-12-18T15:44:19.997+0000] {processor.py:925} INFO - DAG(s) 'example_xcom' retrieved from /home/ubuntu/demo8/lib/python3.12/site-packages/airflow/example_dags/example_xcom.py
[2024-12-18T15:44:20.124+0000] {logging_mixin.py:190} INFO - [2024-12-18T15:44:20.123+0000] {override.py:1911} INFO - Created Permission View: can read on DAG:example_xcom
[2024-12-18T15:44:20.137+0000] {logging_mixin.py:190} INFO - [2024-12-18T15:44:20.136+0000] {override.py:1911} INFO - Created Permission View: can delete on DAG:example_xcom
[2024-12-18T15:44:20.146+0000] {logging_mixin.py:190} INFO - [2024-12-18T15:44:20.146+0000] {override.py:1911} INFO - Created Permission View: can edit on DAG:example_xcom
[2024-12-18T15:44:20.161+0000] {logging_mixin.py:190} INFO - [2024-12-18T15:44:20.161+0000] {override.py:1911} INFO - Created Permission View: can create on DAG Run:example_xcom
[2024-12-18T15:44:20.170+0000] {logging_mixin.py:190} INFO - [2024-12-18T15:44:20.170+0000] {override.py:1911} INFO - Created Permission View: can read on DAG Run:example_xcom
[2024-12-18T15:44:20.180+0000] {logging_mixin.py:190} INFO - [2024-12-18T15:44:20.180+0000] {override.py:1911} INFO - Created Permission View: menu access on DAG Run:example_xcom
[2024-12-18T15:44:20.189+0000] {logging_mixin.py:190} INFO - [2024-12-18T15:44:20.189+0000] {override.py:1911} INFO - Created Permission View: can delete on DAG Run:example_xcom
[2024-12-18T15:44:20.190+0000] {logging_mixin.py:190} INFO - [2024-12-18T15:44:20.190+0000] {dag.py:3239} INFO - Sync 1 DAGs
[2024-12-18T15:44:20.204+0000] {logging_mixin.py:190} INFO - [2024-12-18T15:44:20.204+0000] {dag.py:3262} INFO - Creating ORM DAG for example_xcom
[2024-12-18T15:44:20.213+0000] {logging_mixin.py:190} INFO - [2024-12-18T15:44:20.213+0000] {dag.py:4180} INFO - Setting next_dagrun for example_xcom to 2021-01-01 00:00:00+00:00, run_after=2021-01-01 00:00:00+00:00
[2024-12-18T15:44:20.233+0000] {processor.py:208} INFO - Processing /home/ubuntu/demo8/lib/python3.12/site-packages/airflow/example_dags/example_xcom.py took 0.257 seconds
[2024-12-18T15:45:28.781+0000] {processor.py:186} INFO - Started process (PID=3744) to work on /home/ubuntu/demo8/lib/python3.12/site-packages/airflow/example_dags/example_xcom.py
[2024-12-18T15:45:28.783+0000] {processor.py:914} INFO - Processing file /home/ubuntu/demo8/lib/python3.12/site-packages/airflow/example_dags/example_xcom.py for tasks to queue
[2024-12-18T15:45:28.785+0000] {logging_mixin.py:190} INFO - [2024-12-18T15:45:28.785+0000] {dagbag.py:588} INFO - Filling up the DagBag from /home/ubuntu/demo8/lib/python3.12/site-packages/airflow/example_dags/example_xcom.py
[2024-12-18T15:45:28.796+0000] {processor.py:925} INFO - DAG(s) 'example_xcom' retrieved from /home/ubuntu/demo8/lib/python3.12/site-packages/airflow/example_dags/example_xcom.py
[2024-12-18T15:45:28.814+0000] {logging_mixin.py:190} INFO - [2024-12-18T15:45:28.814+0000] {dag.py:3239} INFO - Sync 1 DAGs
[2024-12-18T15:45:28.835+0000] {logging_mixin.py:190} INFO - [2024-12-18T15:45:28.835+0000] {dag.py:4180} INFO - Setting next_dagrun for example_xcom to 2021-01-01 00:00:00+00:00, run_after=2021-01-01 00:00:00+00:00
[2024-12-18T15:45:28.858+0000] {processor.py:208} INFO - Processing /home/ubuntu/demo8/lib/python3.12/site-packages/airflow/example_dags/example_xcom.py took 0.083 seconds
[2024-12-18T15:46:26.194+0000] {processor.py:186} INFO - Started process (PID=3803) to work on /home/ubuntu/demo8/lib/python3.12/site-packages/airflow/example_dags/example_xcom.py
[2024-12-18T15:46:26.196+0000] {processor.py:914} INFO - Processing file /home/ubuntu/demo8/lib/python3.12/site-packages/airflow/example_dags/example_xcom.py for tasks to queue
[2024-12-18T15:46:26.199+0000] {logging_mixin.py:190} INFO - [2024-12-18T15:46:26.198+0000] {dagbag.py:588} INFO - Filling up the DagBag from /home/ubuntu/demo8/lib/python3.12/site-packages/airflow/example_dags/example_xcom.py
[2024-12-18T15:46:26.209+0000] {processor.py:925} INFO - DAG(s) 'example_xcom' retrieved from /home/ubuntu/demo8/lib/python3.12/site-packages/airflow/example_dags/example_xcom.py
[2024-12-18T15:46:26.226+0000] {logging_mixin.py:190} INFO - [2024-12-18T15:46:26.226+0000] {dag.py:3239} INFO - Sync 1 DAGs
[2024-12-18T15:46:26.247+0000] {logging_mixin.py:190} INFO - [2024-12-18T15:46:26.247+0000] {dag.py:4180} INFO - Setting next_dagrun for example_xcom to 2021-01-01 00:00:00+00:00, run_after=2021-01-01 00:00:00+00:00
[2024-12-18T15:46:26.270+0000] {processor.py:208} INFO - Processing /home/ubuntu/demo8/lib/python3.12/site-packages/airflow/example_dags/example_xcom.py took 0.082 seconds
[2024-12-18T15:47:21.191+0000] {processor.py:186} INFO - Started process (PID=4268) to work on /home/ubuntu/demo8/lib/python3.12/site-packages/airflow/example_dags/example_xcom.py
[2024-12-18T15:47:21.193+0000] {processor.py:914} INFO - Processing file /home/ubuntu/demo8/lib/python3.12/site-packages/airflow/example_dags/example_xcom.py for tasks to queue
[2024-12-18T15:47:21.195+0000] {logging_mixin.py:190} INFO - [2024-12-18T15:47:21.195+0000] {dagbag.py:588} INFO - Filling up the DagBag from /home/ubuntu/demo8/lib/python3.12/site-packages/airflow/example_dags/example_xcom.py
[2024-12-18T15:47:21.205+0000] {processor.py:925} INFO - DAG(s) 'example_xcom' retrieved from /home/ubuntu/demo8/lib/python3.12/site-packages/airflow/example_dags/example_xcom.py
[2024-12-18T15:47:21.224+0000] {logging_mixin.py:190} INFO - [2024-12-18T15:47:21.224+0000] {dag.py:3239} INFO - Sync 1 DAGs
[2024-12-18T15:47:21.245+0000] {logging_mixin.py:190} INFO - [2024-12-18T15:47:21.245+0000] {dag.py:4180} INFO - Setting next_dagrun for example_xcom to 2021-01-01 00:00:00+00:00, run_after=2021-01-01 00:00:00+00:00
[2024-12-18T15:47:21.270+0000] {processor.py:208} INFO - Processing /home/ubuntu/demo8/lib/python3.12/site-packages/airflow/example_dags/example_xcom.py took 0.085 seconds
[2024-12-18T15:48:16.658+0000] {processor.py:186} INFO - Started process (PID=4324) to work on /home/ubuntu/demo8/lib/python3.12/site-packages/airflow/example_dags/example_xcom.py
[2024-12-18T15:48:16.659+0000] {processor.py:914} INFO - Processing file /home/ubuntu/demo8/lib/python3.12/site-packages/airflow/example_dags/example_xcom.py for tasks to queue
[2024-12-18T15:48:16.662+0000] {logging_mixin.py:190} INFO - [2024-12-18T15:48:16.661+0000] {dagbag.py:588} INFO - Filling up the DagBag from /home/ubuntu/demo8/lib/python3.12/site-packages/airflow/example_dags/example_xcom.py
[2024-12-18T15:48:16.672+0000] {processor.py:925} INFO - DAG(s) 'example_xcom' retrieved from /home/ubuntu/demo8/lib/python3.12/site-packages/airflow/example_dags/example_xcom.py
[2024-12-18T15:48:16.691+0000] {logging_mixin.py:190} INFO - [2024-12-18T15:48:16.691+0000] {dag.py:3239} INFO - Sync 1 DAGs
[2024-12-18T15:48:16.712+0000] {logging_mixin.py:190} INFO - [2024-12-18T15:48:16.712+0000] {dag.py:4180} INFO - Setting next_dagrun for example_xcom to 2021-01-01 00:00:00+00:00, run_after=2021-01-01 00:00:00+00:00
[2024-12-18T15:48:16.741+0000] {processor.py:208} INFO - Processing /home/ubuntu/demo8/lib/python3.12/site-packages/airflow/example_dags/example_xcom.py took 0.089 seconds
[2024-12-18T15:49:09.724+0000] {processor.py:186} INFO - Started process (PID=4378) to work on /home/ubuntu/demo8/lib/python3.12/site-packages/airflow/example_dags/example_xcom.py
[2024-12-18T15:49:09.726+0000] {processor.py:914} INFO - Processing file /home/ubuntu/demo8/lib/python3.12/site-packages/airflow/example_dags/example_xcom.py for tasks to queue
[2024-12-18T15:49:09.728+0000] {logging_mixin.py:190} INFO - [2024-12-18T15:49:09.727+0000] {dagbag.py:588} INFO - Filling up the DagBag from /home/ubuntu/demo8/lib/python3.12/site-packages/airflow/example_dags/example_xcom.py
[2024-12-18T15:49:09.739+0000] {processor.py:925} INFO - DAG(s) 'example_xcom' retrieved from /home/ubuntu/demo8/lib/python3.12/site-packages/airflow/example_dags/example_xcom.py
[2024-12-18T15:49:09.757+0000] {logging_mixin.py:190} INFO - [2024-12-18T15:49:09.757+0000] {dag.py:3239} INFO - Sync 1 DAGs
[2024-12-18T15:49:09.901+0000] {logging_mixin.py:190} INFO - [2024-12-18T15:49:09.901+0000] {dag.py:4180} INFO - Setting next_dagrun for example_xcom to 2021-01-01 00:00:00+00:00, run_after=2021-01-01 00:00:00+00:00
[2024-12-18T15:49:09.921+0000] {processor.py:208} INFO - Processing /home/ubuntu/demo8/lib/python3.12/site-packages/airflow/example_dags/example_xcom.py took 0.203 seconds
[2024-12-18T15:50:15.357+0000] {processor.py:186} INFO - Started process (PID=4440) to work on /home/ubuntu/demo8/lib/python3.12/site-packages/airflow/example_dags/example_xcom.py
[2024-12-18T15:50:15.358+0000] {processor.py:914} INFO - Processing file /home/ubuntu/demo8/lib/python3.12/site-packages/airflow/example_dags/example_xcom.py for tasks to queue
[2024-12-18T15:50:15.360+0000] {logging_mixin.py:190} INFO - [2024-12-18T15:50:15.360+0000] {dagbag.py:588} INFO - Filling up the DagBag from /home/ubuntu/demo8/lib/python3.12/site-packages/airflow/example_dags/example_xcom.py
[2024-12-18T15:50:15.371+0000] {processor.py:925} INFO - DAG(s) 'example_xcom' retrieved from /home/ubuntu/demo8/lib/python3.12/site-packages/airflow/example_dags/example_xcom.py
[2024-12-18T15:50:15.389+0000] {logging_mixin.py:190} INFO - [2024-12-18T15:50:15.389+0000] {dag.py:3239} INFO - Sync 1 DAGs
[2024-12-18T15:50:15.411+0000] {logging_mixin.py:190} INFO - [2024-12-18T15:50:15.411+0000] {dag.py:4180} INFO - Setting next_dagrun for example_xcom to 2021-01-01 00:00:00+00:00, run_after=2021-01-01 00:00:00+00:00
[2024-12-18T15:50:15.433+0000] {processor.py:208} INFO - Processing /home/ubuntu/demo8/lib/python3.12/site-packages/airflow/example_dags/example_xcom.py took 0.082 seconds
[2024-12-18T15:51:09.629+0000] {processor.py:186} INFO - Started process (PID=4509) to work on /home/ubuntu/demo8/lib/python3.12/site-packages/airflow/example_dags/example_xcom.py
[2024-12-18T15:51:09.631+0000] {processor.py:914} INFO - Processing file /home/ubuntu/demo8/lib/python3.12/site-packages/airflow/example_dags/example_xcom.py for tasks to queue
[2024-12-18T15:51:09.634+0000] {logging_mixin.py:190} INFO - [2024-12-18T15:51:09.633+0000] {dagbag.py:588} INFO - Filling up the DagBag from /home/ubuntu/demo8/lib/python3.12/site-packages/airflow/example_dags/example_xcom.py
[2024-12-18T15:51:09.645+0000] {processor.py:925} INFO - DAG(s) 'example_xcom' retrieved from /home/ubuntu/demo8/lib/python3.12/site-packages/airflow/example_dags/example_xcom.py
[2024-12-18T15:51:09.664+0000] {logging_mixin.py:190} INFO - [2024-12-18T15:51:09.664+0000] {dag.py:3239} INFO - Sync 1 DAGs
[2024-12-18T15:51:09.687+0000] {logging_mixin.py:190} INFO - [2024-12-18T15:51:09.687+0000] {dag.py:4180} INFO - Setting next_dagrun for example_xcom to 2021-01-01 00:00:00+00:00, run_after=2021-01-01 00:00:00+00:00
[2024-12-18T15:51:09.710+0000] {processor.py:208} INFO - Processing /home/ubuntu/demo8/lib/python3.12/site-packages/airflow/example_dags/example_xcom.py took 0.088 seconds
[2024-12-18T15:52:01.630+0000] {processor.py:186} INFO - Started process (PID=4563) to work on /home/ubuntu/demo8/lib/python3.12/site-packages/airflow/example_dags/example_xcom.py
[2024-12-18T15:52:01.631+0000] {processor.py:914} INFO - Processing file /home/ubuntu/demo8/lib/python3.12/site-packages/airflow/example_dags/example_xcom.py for tasks to queue
[2024-12-18T15:52:01.634+0000] {logging_mixin.py:190} INFO - [2024-12-18T15:52:01.634+0000] {dagbag.py:588} INFO - Filling up the DagBag from /home/ubuntu/demo8/lib/python3.12/site-packages/airflow/example_dags/example_xcom.py
[2024-12-18T15:52:01.645+0000] {processor.py:925} INFO - DAG(s) 'example_xcom' retrieved from /home/ubuntu/demo8/lib/python3.12/site-packages/airflow/example_dags/example_xcom.py
[2024-12-18T15:52:01.663+0000] {logging_mixin.py:190} INFO - [2024-12-18T15:52:01.663+0000] {dag.py:3239} INFO - Sync 1 DAGs
[2024-12-18T15:52:01.693+0000] {logging_mixin.py:190} INFO - [2024-12-18T15:52:01.693+0000] {dag.py:4180} INFO - Setting next_dagrun for example_xcom to 2021-01-01 00:00:00+00:00, run_after=2021-01-01 00:00:00+00:00
[2024-12-18T15:52:01.717+0000] {processor.py:208} INFO - Processing /home/ubuntu/demo8/lib/python3.12/site-packages/airflow/example_dags/example_xcom.py took 0.093 seconds
[2024-12-18T15:52:57.009+0000] {processor.py:186} INFO - Started process (PID=4621) to work on /home/ubuntu/demo8/lib/python3.12/site-packages/airflow/example_dags/example_xcom.py
[2024-12-18T15:52:57.010+0000] {processor.py:914} INFO - Processing file /home/ubuntu/demo8/lib/python3.12/site-packages/airflow/example_dags/example_xcom.py for tasks to queue
[2024-12-18T15:52:57.013+0000] {logging_mixin.py:190} INFO - [2024-12-18T15:52:57.013+0000] {dagbag.py:588} INFO - Filling up the DagBag from /home/ubuntu/demo8/lib/python3.12/site-packages/airflow/example_dags/example_xcom.py
[2024-12-18T15:52:57.025+0000] {processor.py:925} INFO - DAG(s) 'example_xcom' retrieved from /home/ubuntu/demo8/lib/python3.12/site-packages/airflow/example_dags/example_xcom.py
[2024-12-18T15:52:57.049+0000] {logging_mixin.py:190} INFO - [2024-12-18T15:52:57.047+0000] {dag.py:3239} INFO - Sync 1 DAGs
[2024-12-18T15:52:57.078+0000] {logging_mixin.py:190} INFO - [2024-12-18T15:52:57.078+0000] {dag.py:4180} INFO - Setting next_dagrun for example_xcom to 2021-01-01 00:00:00+00:00, run_after=2021-01-01 00:00:00+00:00
[2024-12-18T15:52:57.101+0000] {processor.py:208} INFO - Processing /home/ubuntu/demo8/lib/python3.12/site-packages/airflow/example_dags/example_xcom.py took 0.098 seconds
[2024-12-18T15:53:52.200+0000] {processor.py:186} INFO - Started process (PID=4683) to work on /home/ubuntu/demo8/lib/python3.12/site-packages/airflow/example_dags/example_xcom.py
[2024-12-18T15:53:52.202+0000] {processor.py:914} INFO - Processing file /home/ubuntu/demo8/lib/python3.12/site-packages/airflow/example_dags/example_xcom.py for tasks to queue
[2024-12-18T15:53:52.205+0000] {logging_mixin.py:190} INFO - [2024-12-18T15:53:52.204+0000] {dagbag.py:588} INFO - Filling up the DagBag from /home/ubuntu/demo8/lib/python3.12/site-packages/airflow/example_dags/example_xcom.py
[2024-12-18T15:53:52.215+0000] {processor.py:925} INFO - DAG(s) 'example_xcom' retrieved from /home/ubuntu/demo8/lib/python3.12/site-packages/airflow/example_dags/example_xcom.py
[2024-12-18T15:53:52.235+0000] {logging_mixin.py:190} INFO - [2024-12-18T15:53:52.234+0000] {dag.py:3239} INFO - Sync 1 DAGs
[2024-12-18T15:53:52.258+0000] {logging_mixin.py:190} INFO - [2024-12-18T15:53:52.258+0000] {dag.py:4180} INFO - Setting next_dagrun for example_xcom to 2021-01-01 00:00:00+00:00, run_after=2021-01-01 00:00:00+00:00
[2024-12-18T15:53:52.281+0000] {processor.py:208} INFO - Processing /home/ubuntu/demo8/lib/python3.12/site-packages/airflow/example_dags/example_xcom.py took 0.087 seconds
[2024-12-18T15:54:37.045+0000] {processor.py:186} INFO - Started process (PID=4748) to work on /home/ubuntu/demo8/lib/python3.12/site-packages/airflow/example_dags/example_xcom.py
[2024-12-18T15:54:37.046+0000] {processor.py:914} INFO - Processing file /home/ubuntu/demo8/lib/python3.12/site-packages/airflow/example_dags/example_xcom.py for tasks to queue
[2024-12-18T15:54:37.048+0000] {logging_mixin.py:190} INFO - [2024-12-18T15:54:37.048+0000] {dagbag.py:588} INFO - Filling up the DagBag from /home/ubuntu/demo8/lib/python3.12/site-packages/airflow/example_dags/example_xcom.py
[2024-12-18T15:54:37.059+0000] {processor.py:925} INFO - DAG(s) 'example_xcom' retrieved from /home/ubuntu/demo8/lib/python3.12/site-packages/airflow/example_dags/example_xcom.py
[2024-12-18T15:54:37.085+0000] {logging_mixin.py:190} INFO - [2024-12-18T15:54:37.085+0000] {dag.py:3239} INFO - Sync 1 DAGs
[2024-12-18T15:54:37.108+0000] {logging_mixin.py:190} INFO - [2024-12-18T15:54:37.108+0000] {dag.py:4180} INFO - Setting next_dagrun for example_xcom to 2021-01-01 00:00:00+00:00, run_after=2021-01-01 00:00:00+00:00
[2024-12-18T15:54:37.131+0000] {processor.py:208} INFO - Processing /home/ubuntu/demo8/lib/python3.12/site-packages/airflow/example_dags/example_xcom.py took 0.092 seconds
[2024-12-18T15:55:33.011+0000] {processor.py:186} INFO - Started process (PID=4809) to work on /home/ubuntu/demo8/lib/python3.12/site-packages/airflow/example_dags/example_xcom.py
[2024-12-18T15:55:33.013+0000] {processor.py:914} INFO - Processing file /home/ubuntu/demo8/lib/python3.12/site-packages/airflow/example_dags/example_xcom.py for tasks to queue
[2024-12-18T15:55:33.015+0000] {logging_mixin.py:190} INFO - [2024-12-18T15:55:33.015+0000] {dagbag.py:588} INFO - Filling up the DagBag from /home/ubuntu/demo8/lib/python3.12/site-packages/airflow/example_dags/example_xcom.py
[2024-12-18T15:55:33.026+0000] {processor.py:925} INFO - DAG(s) 'example_xcom' retrieved from /home/ubuntu/demo8/lib/python3.12/site-packages/airflow/example_dags/example_xcom.py
[2024-12-18T15:55:33.044+0000] {logging_mixin.py:190} INFO - [2024-12-18T15:55:33.044+0000] {dag.py:3239} INFO - Sync 1 DAGs
[2024-12-18T15:55:33.066+0000] {logging_mixin.py:190} INFO - [2024-12-18T15:55:33.065+0000] {dag.py:4180} INFO - Setting next_dagrun for example_xcom to 2021-01-01 00:00:00+00:00, run_after=2021-01-01 00:00:00+00:00
[2024-12-18T15:55:33.088+0000] {processor.py:208} INFO - Processing /home/ubuntu/demo8/lib/python3.12/site-packages/airflow/example_dags/example_xcom.py took 0.083 seconds
[2024-12-18T15:56:25.773+0000] {processor.py:186} INFO - Started process (PID=4866) to work on /home/ubuntu/demo8/lib/python3.12/site-packages/airflow/example_dags/example_xcom.py
[2024-12-18T15:56:25.775+0000] {processor.py:914} INFO - Processing file /home/ubuntu/demo8/lib/python3.12/site-packages/airflow/example_dags/example_xcom.py for tasks to queue
[2024-12-18T15:56:25.778+0000] {logging_mixin.py:190} INFO - [2024-12-18T15:56:25.778+0000] {dagbag.py:588} INFO - Filling up the DagBag from /home/ubuntu/demo8/lib/python3.12/site-packages/airflow/example_dags/example_xcom.py
[2024-12-18T15:56:25.788+0000] {processor.py:925} INFO - DAG(s) 'example_xcom' retrieved from /home/ubuntu/demo8/lib/python3.12/site-packages/airflow/example_dags/example_xcom.py
[2024-12-18T15:56:25.807+0000] {logging_mixin.py:190} INFO - [2024-12-18T15:56:25.806+0000] {dag.py:3239} INFO - Sync 1 DAGs
[2024-12-18T15:56:25.828+0000] {logging_mixin.py:190} INFO - [2024-12-18T15:56:25.827+0000] {dag.py:4180} INFO - Setting next_dagrun for example_xcom to 2021-01-01 00:00:00+00:00, run_after=2021-01-01 00:00:00+00:00
[2024-12-18T15:56:25.850+0000] {processor.py:208} INFO - Processing /home/ubuntu/demo8/lib/python3.12/site-packages/airflow/example_dags/example_xcom.py took 0.083 seconds
[2024-12-18T15:57:04.566+0000] {processor.py:186} INFO - Started process (PID=4898) to work on /home/ubuntu/demo8/lib/python3.12/site-packages/airflow/example_dags/example_xcom.py
[2024-12-18T15:57:04.568+0000] {processor.py:914} INFO - Processing file /home/ubuntu/demo8/lib/python3.12/site-packages/airflow/example_dags/example_xcom.py for tasks to queue
[2024-12-18T15:57:04.570+0000] {logging_mixin.py:190} INFO - [2024-12-18T15:57:04.569+0000] {dagbag.py:588} INFO - Filling up the DagBag from /home/ubuntu/demo8/lib/python3.12/site-packages/airflow/example_dags/example_xcom.py
[2024-12-18T15:57:04.581+0000] {processor.py:925} INFO - DAG(s) 'example_xcom' retrieved from /home/ubuntu/demo8/lib/python3.12/site-packages/airflow/example_dags/example_xcom.py
[2024-12-18T15:57:04.607+0000] {logging_mixin.py:190} INFO - [2024-12-18T15:57:04.607+0000] {dag.py:3239} INFO - Sync 1 DAGs
[2024-12-18T15:57:04.630+0000] {logging_mixin.py:190} INFO - [2024-12-18T15:57:04.629+0000] {dag.py:4180} INFO - Setting next_dagrun for example_xcom to 2021-01-01 00:00:00+00:00, run_after=2021-01-01 00:00:00+00:00
[2024-12-18T15:57:04.655+0000] {processor.py:208} INFO - Processing /home/ubuntu/demo8/lib/python3.12/site-packages/airflow/example_dags/example_xcom.py took 0.094 seconds
[2024-12-18T15:58:00.534+0000] {processor.py:186} INFO - Started process (PID=4956) to work on /home/ubuntu/demo8/lib/python3.12/site-packages/airflow/example_dags/example_xcom.py
[2024-12-18T15:58:00.536+0000] {processor.py:914} INFO - Processing file /home/ubuntu/demo8/lib/python3.12/site-packages/airflow/example_dags/example_xcom.py for tasks to queue
[2024-12-18T15:58:00.539+0000] {logging_mixin.py:190} INFO - [2024-12-18T15:58:00.538+0000] {dagbag.py:588} INFO - Filling up the DagBag from /home/ubuntu/demo8/lib/python3.12/site-packages/airflow/example_dags/example_xcom.py
[2024-12-18T15:58:00.549+0000] {processor.py:925} INFO - DAG(s) 'example_xcom' retrieved from /home/ubuntu/demo8/lib/python3.12/site-packages/airflow/example_dags/example_xcom.py
[2024-12-18T15:58:00.568+0000] {logging_mixin.py:190} INFO - [2024-12-18T15:58:00.567+0000] {dag.py:3239} INFO - Sync 1 DAGs
[2024-12-18T15:58:00.589+0000] {logging_mixin.py:190} INFO - [2024-12-18T15:58:00.589+0000] {dag.py:4180} INFO - Setting next_dagrun for example_xcom to 2021-01-01 00:00:00+00:00, run_after=2021-01-01 00:00:00+00:00
[2024-12-18T15:58:00.611+0000] {processor.py:208} INFO - Processing /home/ubuntu/demo8/lib/python3.12/site-packages/airflow/example_dags/example_xcom.py took 0.082 seconds
[2024-12-18T15:58:53.280+0000] {processor.py:186} INFO - Started process (PID=5011) to work on /home/ubuntu/demo8/lib/python3.12/site-packages/airflow/example_dags/example_xcom.py
[2024-12-18T15:58:53.282+0000] {processor.py:914} INFO - Processing file /home/ubuntu/demo8/lib/python3.12/site-packages/airflow/example_dags/example_xcom.py for tasks to queue
[2024-12-18T15:58:53.285+0000] {logging_mixin.py:190} INFO - [2024-12-18T15:58:53.284+0000] {dagbag.py:588} INFO - Filling up the DagBag from /home/ubuntu/demo8/lib/python3.12/site-packages/airflow/example_dags/example_xcom.py
[2024-12-18T15:58:53.295+0000] {processor.py:925} INFO - DAG(s) 'example_xcom' retrieved from /home/ubuntu/demo8/lib/python3.12/site-packages/airflow/example_dags/example_xcom.py
[2024-12-18T15:58:53.313+0000] {logging_mixin.py:190} INFO - [2024-12-18T15:58:53.313+0000] {dag.py:3239} INFO - Sync 1 DAGs
[2024-12-18T15:58:53.334+0000] {logging_mixin.py:190} INFO - [2024-12-18T15:58:53.334+0000] {dag.py:4180} INFO - Setting next_dagrun for example_xcom to 2021-01-01 00:00:00+00:00, run_after=2021-01-01 00:00:00+00:00
[2024-12-18T15:58:53.357+0000] {processor.py:208} INFO - Processing /home/ubuntu/demo8/lib/python3.12/site-packages/airflow/example_dags/example_xcom.py took 0.083 seconds
[2024-12-18T16:00:03.383+0000] {processor.py:186} INFO - Started process (PID=5079) to work on /home/ubuntu/demo8/lib/python3.12/site-packages/airflow/example_dags/example_xcom.py
[2024-12-18T16:00:03.384+0000] {processor.py:914} INFO - Processing file /home/ubuntu/demo8/lib/python3.12/site-packages/airflow/example_dags/example_xcom.py for tasks to queue
[2024-12-18T16:00:03.386+0000] {logging_mixin.py:190} INFO - [2024-12-18T16:00:03.386+0000] {dagbag.py:588} INFO - Filling up the DagBag from /home/ubuntu/demo8/lib/python3.12/site-packages/airflow/example_dags/example_xcom.py
[2024-12-18T16:00:03.398+0000] {processor.py:925} INFO - DAG(s) 'example_xcom' retrieved from /home/ubuntu/demo8/lib/python3.12/site-packages/airflow/example_dags/example_xcom.py
[2024-12-18T16:00:03.423+0000] {logging_mixin.py:190} INFO - [2024-12-18T16:00:03.423+0000] {dag.py:3239} INFO - Sync 1 DAGs
[2024-12-18T16:00:03.446+0000] {logging_mixin.py:190} INFO - [2024-12-18T16:00:03.446+0000] {dag.py:4180} INFO - Setting next_dagrun for example_xcom to 2021-01-01 00:00:00+00:00, run_after=2021-01-01 00:00:00+00:00
[2024-12-18T16:00:03.468+0000] {processor.py:208} INFO - Processing /home/ubuntu/demo8/lib/python3.12/site-packages/airflow/example_dags/example_xcom.py took 0.091 seconds
[2024-12-18T16:00:59.342+0000] {processor.py:186} INFO - Started process (PID=5141) to work on /home/ubuntu/demo8/lib/python3.12/site-packages/airflow/example_dags/example_xcom.py
[2024-12-18T16:00:59.343+0000] {processor.py:914} INFO - Processing file /home/ubuntu/demo8/lib/python3.12/site-packages/airflow/example_dags/example_xcom.py for tasks to queue
[2024-12-18T16:00:59.346+0000] {logging_mixin.py:190} INFO - [2024-12-18T16:00:59.345+0000] {dagbag.py:588} INFO - Filling up the DagBag from /home/ubuntu/demo8/lib/python3.12/site-packages/airflow/example_dags/example_xcom.py
[2024-12-18T16:00:59.356+0000] {processor.py:925} INFO - DAG(s) 'example_xcom' retrieved from /home/ubuntu/demo8/lib/python3.12/site-packages/airflow/example_dags/example_xcom.py
[2024-12-18T16:00:59.374+0000] {logging_mixin.py:190} INFO - [2024-12-18T16:00:59.374+0000] {dag.py:3239} INFO - Sync 1 DAGs
[2024-12-18T16:00:59.396+0000] {logging_mixin.py:190} INFO - [2024-12-18T16:00:59.395+0000] {dag.py:4180} INFO - Setting next_dagrun for example_xcom to 2021-01-01 00:00:00+00:00, run_after=2021-01-01 00:00:00+00:00
[2024-12-18T16:00:59.418+0000] {processor.py:208} INFO - Processing /home/ubuntu/demo8/lib/python3.12/site-packages/airflow/example_dags/example_xcom.py took 0.082 seconds
[2024-12-18T16:01:51.999+0000] {processor.py:186} INFO - Started process (PID=5197) to work on /home/ubuntu/demo8/lib/python3.12/site-packages/airflow/example_dags/example_xcom.py
[2024-12-18T16:01:52.001+0000] {processor.py:914} INFO - Processing file /home/ubuntu/demo8/lib/python3.12/site-packages/airflow/example_dags/example_xcom.py for tasks to queue
[2024-12-18T16:01:52.003+0000] {logging_mixin.py:190} INFO - [2024-12-18T16:01:52.003+0000] {dagbag.py:588} INFO - Filling up the DagBag from /home/ubuntu/demo8/lib/python3.12/site-packages/airflow/example_dags/example_xcom.py
[2024-12-18T16:01:52.013+0000] {processor.py:925} INFO - DAG(s) 'example_xcom' retrieved from /home/ubuntu/demo8/lib/python3.12/site-packages/airflow/example_dags/example_xcom.py
[2024-12-18T16:01:52.031+0000] {logging_mixin.py:190} INFO - [2024-12-18T16:01:52.031+0000] {dag.py:3239} INFO - Sync 1 DAGs
[2024-12-18T16:01:52.052+0000] {logging_mixin.py:190} INFO - [2024-12-18T16:01:52.052+0000] {dag.py:4180} INFO - Setting next_dagrun for example_xcom to 2021-01-01 00:00:00+00:00, run_after=2021-01-01 00:00:00+00:00
[2024-12-18T16:01:52.075+0000] {processor.py:208} INFO - Processing /home/ubuntu/demo8/lib/python3.12/site-packages/airflow/example_dags/example_xcom.py took 0.082 seconds
[2024-12-18T16:02:47.084+0000] {processor.py:186} INFO - Started process (PID=5252) to work on /home/ubuntu/demo8/lib/python3.12/site-packages/airflow/example_dags/example_xcom.py
[2024-12-18T16:02:47.085+0000] {processor.py:914} INFO - Processing file /home/ubuntu/demo8/lib/python3.12/site-packages/airflow/example_dags/example_xcom.py for tasks to queue
[2024-12-18T16:02:47.088+0000] {logging_mixin.py:190} INFO - [2024-12-18T16:02:47.088+0000] {dagbag.py:588} INFO - Filling up the DagBag from /home/ubuntu/demo8/lib/python3.12/site-packages/airflow/example_dags/example_xcom.py
[2024-12-18T16:02:47.098+0000] {processor.py:925} INFO - DAG(s) 'example_xcom' retrieved from /home/ubuntu/demo8/lib/python3.12/site-packages/airflow/example_dags/example_xcom.py
[2024-12-18T16:02:47.116+0000] {logging_mixin.py:190} INFO - [2024-12-18T16:02:47.116+0000] {dag.py:3239} INFO - Sync 1 DAGs
[2024-12-18T16:02:47.136+0000] {logging_mixin.py:190} INFO - [2024-12-18T16:02:47.136+0000] {dag.py:4180} INFO - Setting next_dagrun for example_xcom to 2021-01-01 00:00:00+00:00, run_after=2021-01-01 00:00:00+00:00
[2024-12-18T16:02:47.158+0000] {processor.py:208} INFO - Processing /home/ubuntu/demo8/lib/python3.12/site-packages/airflow/example_dags/example_xcom.py took 0.080 seconds
[2024-12-18T16:03:40.486+0000] {processor.py:186} INFO - Started process (PID=5307) to work on /home/ubuntu/demo8/lib/python3.12/site-packages/airflow/example_dags/example_xcom.py
[2024-12-18T16:03:40.487+0000] {processor.py:914} INFO - Processing file /home/ubuntu/demo8/lib/python3.12/site-packages/airflow/example_dags/example_xcom.py for tasks to queue
[2024-12-18T16:03:40.490+0000] {logging_mixin.py:190} INFO - [2024-12-18T16:03:40.489+0000] {dagbag.py:588} INFO - Filling up the DagBag from /home/ubuntu/demo8/lib/python3.12/site-packages/airflow/example_dags/example_xcom.py
[2024-12-18T16:03:40.500+0000] {processor.py:925} INFO - DAG(s) 'example_xcom' retrieved from /home/ubuntu/demo8/lib/python3.12/site-packages/airflow/example_dags/example_xcom.py
[2024-12-18T16:03:40.518+0000] {logging_mixin.py:190} INFO - [2024-12-18T16:03:40.518+0000] {dag.py:3239} INFO - Sync 1 DAGs
[2024-12-18T16:03:40.539+0000] {logging_mixin.py:190} INFO - [2024-12-18T16:03:40.539+0000] {dag.py:4180} INFO - Setting next_dagrun for example_xcom to 2021-01-01 00:00:00+00:00, run_after=2021-01-01 00:00:00+00:00
[2024-12-18T16:03:40.561+0000] {processor.py:208} INFO - Processing /home/ubuntu/demo8/lib/python3.12/site-packages/airflow/example_dags/example_xcom.py took 0.082 seconds
[2024-12-18T20:29:29.869+0000] {processor.py:186} INFO - Started process (PID=2734) to work on /home/ubuntu/demo8/lib/python3.12/site-packages/airflow/example_dags/example_xcom.py
[2024-12-18T20:29:29.871+0000] {processor.py:914} INFO - Processing file /home/ubuntu/demo8/lib/python3.12/site-packages/airflow/example_dags/example_xcom.py for tasks to queue
[2024-12-18T20:29:29.874+0000] {logging_mixin.py:190} INFO - [2024-12-18T20:29:29.873+0000] {dagbag.py:588} INFO - Filling up the DagBag from /home/ubuntu/demo8/lib/python3.12/site-packages/airflow/example_dags/example_xcom.py
[2024-12-18T20:29:29.885+0000] {processor.py:925} INFO - DAG(s) 'example_xcom' retrieved from /home/ubuntu/demo8/lib/python3.12/site-packages/airflow/example_dags/example_xcom.py
[2024-12-18T20:29:29.912+0000] {logging_mixin.py:190} INFO - [2024-12-18T20:29:29.912+0000] {dag.py:3239} INFO - Sync 1 DAGs
[2024-12-18T20:29:29.934+0000] {logging_mixin.py:190} INFO - [2024-12-18T20:29:29.934+0000] {dag.py:4180} INFO - Setting next_dagrun for example_xcom to 2021-01-01 00:00:00+00:00, run_after=2021-01-01 00:00:00+00:00
[2024-12-18T20:29:29.957+0000] {processor.py:208} INFO - Processing /home/ubuntu/demo8/lib/python3.12/site-packages/airflow/example_dags/example_xcom.py took 0.094 seconds
[2024-12-18T20:30:26.948+0000] {processor.py:186} INFO - Started process (PID=2918) to work on /home/ubuntu/demo8/lib/python3.12/site-packages/airflow/example_dags/example_xcom.py
[2024-12-18T20:30:26.949+0000] {processor.py:914} INFO - Processing file /home/ubuntu/demo8/lib/python3.12/site-packages/airflow/example_dags/example_xcom.py for tasks to queue
[2024-12-18T20:30:26.952+0000] {logging_mixin.py:190} INFO - [2024-12-18T20:30:26.952+0000] {dagbag.py:588} INFO - Filling up the DagBag from /home/ubuntu/demo8/lib/python3.12/site-packages/airflow/example_dags/example_xcom.py
[2024-12-18T20:30:26.963+0000] {processor.py:925} INFO - DAG(s) 'example_xcom' retrieved from /home/ubuntu/demo8/lib/python3.12/site-packages/airflow/example_dags/example_xcom.py
[2024-12-18T20:30:26.980+0000] {logging_mixin.py:190} INFO - [2024-12-18T20:30:26.980+0000] {dag.py:3239} INFO - Sync 1 DAGs
[2024-12-18T20:30:27.010+0000] {logging_mixin.py:190} INFO - [2024-12-18T20:30:27.010+0000] {dag.py:4180} INFO - Setting next_dagrun for example_xcom to 2021-01-01 00:00:00+00:00, run_after=2021-01-01 00:00:00+00:00
[2024-12-18T20:30:27.035+0000] {processor.py:208} INFO - Processing /home/ubuntu/demo8/lib/python3.12/site-packages/airflow/example_dags/example_xcom.py took 0.093 seconds
[2024-12-18T20:31:22.468+0000] {processor.py:186} INFO - Started process (PID=3133) to work on /home/ubuntu/demo8/lib/python3.12/site-packages/airflow/example_dags/example_xcom.py
[2024-12-18T20:31:22.470+0000] {processor.py:914} INFO - Processing file /home/ubuntu/demo8/lib/python3.12/site-packages/airflow/example_dags/example_xcom.py for tasks to queue
[2024-12-18T20:31:22.473+0000] {logging_mixin.py:190} INFO - [2024-12-18T20:31:22.472+0000] {dagbag.py:588} INFO - Filling up the DagBag from /home/ubuntu/demo8/lib/python3.12/site-packages/airflow/example_dags/example_xcom.py
[2024-12-18T20:31:22.483+0000] {processor.py:925} INFO - DAG(s) 'example_xcom' retrieved from /home/ubuntu/demo8/lib/python3.12/site-packages/airflow/example_dags/example_xcom.py
[2024-12-18T20:31:22.501+0000] {logging_mixin.py:190} INFO - [2024-12-18T20:31:22.500+0000] {dag.py:3239} INFO - Sync 1 DAGs
[2024-12-18T20:31:22.530+0000] {logging_mixin.py:190} INFO - [2024-12-18T20:31:22.529+0000] {dag.py:4180} INFO - Setting next_dagrun for example_xcom to 2021-01-01 00:00:00+00:00, run_after=2021-01-01 00:00:00+00:00
[2024-12-18T20:31:22.554+0000] {processor.py:208} INFO - Processing /home/ubuntu/demo8/lib/python3.12/site-packages/airflow/example_dags/example_xcom.py took 0.091 seconds
[2024-12-18T20:32:17.424+0000] {processor.py:186} INFO - Started process (PID=3324) to work on /home/ubuntu/demo8/lib/python3.12/site-packages/airflow/example_dags/example_xcom.py
[2024-12-18T20:32:17.425+0000] {processor.py:914} INFO - Processing file /home/ubuntu/demo8/lib/python3.12/site-packages/airflow/example_dags/example_xcom.py for tasks to queue
[2024-12-18T20:32:17.428+0000] {logging_mixin.py:190} INFO - [2024-12-18T20:32:17.428+0000] {dagbag.py:588} INFO - Filling up the DagBag from /home/ubuntu/demo8/lib/python3.12/site-packages/airflow/example_dags/example_xcom.py
[2024-12-18T20:32:17.439+0000] {processor.py:925} INFO - DAG(s) 'example_xcom' retrieved from /home/ubuntu/demo8/lib/python3.12/site-packages/airflow/example_dags/example_xcom.py
[2024-12-18T20:32:17.457+0000] {logging_mixin.py:190} INFO - [2024-12-18T20:32:17.457+0000] {dag.py:3239} INFO - Sync 1 DAGs
[2024-12-18T20:32:17.479+0000] {logging_mixin.py:190} INFO - [2024-12-18T20:32:17.479+0000] {dag.py:4180} INFO - Setting next_dagrun for example_xcom to 2021-01-01 00:00:00+00:00, run_after=2021-01-01 00:00:00+00:00
[2024-12-18T20:32:17.502+0000] {processor.py:208} INFO - Processing /home/ubuntu/demo8/lib/python3.12/site-packages/airflow/example_dags/example_xcom.py took 0.084 seconds
[2024-12-18T20:33:14.092+0000] {processor.py:186} INFO - Started process (PID=3444) to work on /home/ubuntu/demo8/lib/python3.12/site-packages/airflow/example_dags/example_xcom.py
[2024-12-18T20:33:14.094+0000] {processor.py:914} INFO - Processing file /home/ubuntu/demo8/lib/python3.12/site-packages/airflow/example_dags/example_xcom.py for tasks to queue
[2024-12-18T20:33:14.097+0000] {logging_mixin.py:190} INFO - [2024-12-18T20:33:14.096+0000] {dagbag.py:588} INFO - Filling up the DagBag from /home/ubuntu/demo8/lib/python3.12/site-packages/airflow/example_dags/example_xcom.py
[2024-12-18T20:33:14.108+0000] {processor.py:925} INFO - DAG(s) 'example_xcom' retrieved from /home/ubuntu/demo8/lib/python3.12/site-packages/airflow/example_dags/example_xcom.py
[2024-12-18T20:33:14.126+0000] {logging_mixin.py:190} INFO - [2024-12-18T20:33:14.126+0000] {dag.py:3239} INFO - Sync 1 DAGs
[2024-12-18T20:33:14.148+0000] {logging_mixin.py:190} INFO - [2024-12-18T20:33:14.148+0000] {dag.py:4180} INFO - Setting next_dagrun for example_xcom to 2021-01-01 00:00:00+00:00, run_after=2021-01-01 00:00:00+00:00
[2024-12-18T20:33:14.172+0000] {processor.py:208} INFO - Processing /home/ubuntu/demo8/lib/python3.12/site-packages/airflow/example_dags/example_xcom.py took 0.086 seconds
[2024-12-18T20:34:11.525+0000] {processor.py:186} INFO - Started process (PID=3560) to work on /home/ubuntu/demo8/lib/python3.12/site-packages/airflow/example_dags/example_xcom.py
[2024-12-18T20:34:11.527+0000] {processor.py:914} INFO - Processing file /home/ubuntu/demo8/lib/python3.12/site-packages/airflow/example_dags/example_xcom.py for tasks to queue
[2024-12-18T20:34:11.530+0000] {logging_mixin.py:190} INFO - [2024-12-18T20:34:11.529+0000] {dagbag.py:588} INFO - Filling up the DagBag from /home/ubuntu/demo8/lib/python3.12/site-packages/airflow/example_dags/example_xcom.py
[2024-12-18T20:34:11.540+0000] {processor.py:925} INFO - DAG(s) 'example_xcom' retrieved from /home/ubuntu/demo8/lib/python3.12/site-packages/airflow/example_dags/example_xcom.py
[2024-12-18T20:34:11.558+0000] {logging_mixin.py:190} INFO - [2024-12-18T20:34:11.558+0000] {dag.py:3239} INFO - Sync 1 DAGs
[2024-12-18T20:34:11.702+0000] {logging_mixin.py:190} INFO - [2024-12-18T20:34:11.702+0000] {dag.py:4180} INFO - Setting next_dagrun for example_xcom to 2021-01-01 00:00:00+00:00, run_after=2021-01-01 00:00:00+00:00
[2024-12-18T20:34:11.723+0000] {processor.py:208} INFO - Processing /home/ubuntu/demo8/lib/python3.12/site-packages/airflow/example_dags/example_xcom.py took 0.204 seconds
[2024-12-18T20:35:17.083+0000] {processor.py:186} INFO - Started process (PID=3810) to work on /home/ubuntu/demo8/lib/python3.12/site-packages/airflow/example_dags/example_xcom.py
[2024-12-18T20:35:17.085+0000] {processor.py:914} INFO - Processing file /home/ubuntu/demo8/lib/python3.12/site-packages/airflow/example_dags/example_xcom.py for tasks to queue
[2024-12-18T20:35:17.088+0000] {logging_mixin.py:190} INFO - [2024-12-18T20:35:17.087+0000] {dagbag.py:588} INFO - Filling up the DagBag from /home/ubuntu/demo8/lib/python3.12/site-packages/airflow/example_dags/example_xcom.py
[2024-12-18T20:35:17.098+0000] {processor.py:925} INFO - DAG(s) 'example_xcom' retrieved from /home/ubuntu/demo8/lib/python3.12/site-packages/airflow/example_dags/example_xcom.py
[2024-12-18T20:35:17.117+0000] {logging_mixin.py:190} INFO - [2024-12-18T20:35:17.116+0000] {dag.py:3239} INFO - Sync 1 DAGs
[2024-12-18T20:35:17.138+0000] {logging_mixin.py:190} INFO - [2024-12-18T20:35:17.137+0000] {dag.py:4180} INFO - Setting next_dagrun for example_xcom to 2021-01-01 00:00:00+00:00, run_after=2021-01-01 00:00:00+00:00
[2024-12-18T20:35:17.161+0000] {processor.py:208} INFO - Processing /home/ubuntu/demo8/lib/python3.12/site-packages/airflow/example_dags/example_xcom.py took 0.084 seconds
[2024-12-18T20:36:15.577+0000] {processor.py:186} INFO - Started process (PID=3870) to work on /home/ubuntu/demo8/lib/python3.12/site-packages/airflow/example_dags/example_xcom.py
[2024-12-18T20:36:15.579+0000] {processor.py:914} INFO - Processing file /home/ubuntu/demo8/lib/python3.12/site-packages/airflow/example_dags/example_xcom.py for tasks to queue
[2024-12-18T20:36:15.582+0000] {logging_mixin.py:190} INFO - [2024-12-18T20:36:15.582+0000] {dagbag.py:588} INFO - Filling up the DagBag from /home/ubuntu/demo8/lib/python3.12/site-packages/airflow/example_dags/example_xcom.py
[2024-12-18T20:36:15.593+0000] {processor.py:925} INFO - DAG(s) 'example_xcom' retrieved from /home/ubuntu/demo8/lib/python3.12/site-packages/airflow/example_dags/example_xcom.py
[2024-12-18T20:36:15.612+0000] {logging_mixin.py:190} INFO - [2024-12-18T20:36:15.612+0000] {dag.py:3239} INFO - Sync 1 DAGs
[2024-12-18T20:36:15.635+0000] {logging_mixin.py:190} INFO - [2024-12-18T20:36:15.635+0000] {dag.py:4180} INFO - Setting next_dagrun for example_xcom to 2021-01-01 00:00:00+00:00, run_after=2021-01-01 00:00:00+00:00
[2024-12-18T20:36:15.657+0000] {processor.py:208} INFO - Processing /home/ubuntu/demo8/lib/python3.12/site-packages/airflow/example_dags/example_xcom.py took 0.087 seconds
[2024-12-18T20:37:12.251+0000] {processor.py:186} INFO - Started process (PID=3990) to work on /home/ubuntu/demo8/lib/python3.12/site-packages/airflow/example_dags/example_xcom.py
[2024-12-18T20:37:12.252+0000] {processor.py:914} INFO - Processing file /home/ubuntu/demo8/lib/python3.12/site-packages/airflow/example_dags/example_xcom.py for tasks to queue
[2024-12-18T20:37:12.255+0000] {logging_mixin.py:190} INFO - [2024-12-18T20:37:12.255+0000] {dagbag.py:588} INFO - Filling up the DagBag from /home/ubuntu/demo8/lib/python3.12/site-packages/airflow/example_dags/example_xcom.py
[2024-12-18T20:37:12.266+0000] {processor.py:925} INFO - DAG(s) 'example_xcom' retrieved from /home/ubuntu/demo8/lib/python3.12/site-packages/airflow/example_dags/example_xcom.py
[2024-12-18T20:37:12.284+0000] {logging_mixin.py:190} INFO - [2024-12-18T20:37:12.284+0000] {dag.py:3239} INFO - Sync 1 DAGs
[2024-12-18T20:37:12.306+0000] {logging_mixin.py:190} INFO - [2024-12-18T20:37:12.306+0000] {dag.py:4180} INFO - Setting next_dagrun for example_xcom to 2021-01-01 00:00:00+00:00, run_after=2021-01-01 00:00:00+00:00
[2024-12-18T20:37:12.330+0000] {processor.py:208} INFO - Processing /home/ubuntu/demo8/lib/python3.12/site-packages/airflow/example_dags/example_xcom.py took 0.085 seconds
[2024-12-18T20:38:06.623+0000] {processor.py:186} INFO - Started process (PID=4105) to work on /home/ubuntu/demo8/lib/python3.12/site-packages/airflow/example_dags/example_xcom.py
[2024-12-18T20:38:06.625+0000] {processor.py:914} INFO - Processing file /home/ubuntu/demo8/lib/python3.12/site-packages/airflow/example_dags/example_xcom.py for tasks to queue
[2024-12-18T20:38:06.628+0000] {logging_mixin.py:190} INFO - [2024-12-18T20:38:06.628+0000] {dagbag.py:588} INFO - Filling up the DagBag from /home/ubuntu/demo8/lib/python3.12/site-packages/airflow/example_dags/example_xcom.py
[2024-12-18T20:38:06.639+0000] {processor.py:925} INFO - DAG(s) 'example_xcom' retrieved from /home/ubuntu/demo8/lib/python3.12/site-packages/airflow/example_dags/example_xcom.py
[2024-12-18T20:38:06.657+0000] {logging_mixin.py:190} INFO - [2024-12-18T20:38:06.657+0000] {dag.py:3239} INFO - Sync 1 DAGs
[2024-12-18T20:38:06.679+0000] {logging_mixin.py:190} INFO - [2024-12-18T20:38:06.678+0000] {dag.py:4180} INFO - Setting next_dagrun for example_xcom to 2021-01-01 00:00:00+00:00, run_after=2021-01-01 00:00:00+00:00
[2024-12-18T20:38:06.701+0000] {processor.py:208} INFO - Processing /home/ubuntu/demo8/lib/python3.12/site-packages/airflow/example_dags/example_xcom.py took 0.084 seconds
[2024-12-18T20:39:02.839+0000] {processor.py:186} INFO - Started process (PID=4224) to work on /home/ubuntu/demo8/lib/python3.12/site-packages/airflow/example_dags/example_xcom.py
[2024-12-18T20:39:02.840+0000] {processor.py:914} INFO - Processing file /home/ubuntu/demo8/lib/python3.12/site-packages/airflow/example_dags/example_xcom.py for tasks to queue
[2024-12-18T20:39:02.843+0000] {logging_mixin.py:190} INFO - [2024-12-18T20:39:02.843+0000] {dagbag.py:588} INFO - Filling up the DagBag from /home/ubuntu/demo8/lib/python3.12/site-packages/airflow/example_dags/example_xcom.py
[2024-12-18T20:39:02.855+0000] {processor.py:925} INFO - DAG(s) 'example_xcom' retrieved from /home/ubuntu/demo8/lib/python3.12/site-packages/airflow/example_dags/example_xcom.py
[2024-12-18T20:39:02.874+0000] {logging_mixin.py:190} INFO - [2024-12-18T20:39:02.874+0000] {dag.py:3239} INFO - Sync 1 DAGs
[2024-12-18T20:39:02.896+0000] {logging_mixin.py:190} INFO - [2024-12-18T20:39:02.896+0000] {dag.py:4180} INFO - Setting next_dagrun for example_xcom to 2021-01-01 00:00:00+00:00, run_after=2021-01-01 00:00:00+00:00
[2024-12-18T20:39:02.919+0000] {processor.py:208} INFO - Processing /home/ubuntu/demo8/lib/python3.12/site-packages/airflow/example_dags/example_xcom.py took 0.087 seconds
[2024-12-18T20:39:58.403+0000] {processor.py:186} INFO - Started process (PID=4401) to work on /home/ubuntu/demo8/lib/python3.12/site-packages/airflow/example_dags/example_xcom.py
[2024-12-18T20:39:58.405+0000] {processor.py:914} INFO - Processing file /home/ubuntu/demo8/lib/python3.12/site-packages/airflow/example_dags/example_xcom.py for tasks to queue
[2024-12-18T20:39:58.407+0000] {logging_mixin.py:190} INFO - [2024-12-18T20:39:58.407+0000] {dagbag.py:588} INFO - Filling up the DagBag from /home/ubuntu/demo8/lib/python3.12/site-packages/airflow/example_dags/example_xcom.py
[2024-12-18T20:39:58.418+0000] {processor.py:925} INFO - DAG(s) 'example_xcom' retrieved from /home/ubuntu/demo8/lib/python3.12/site-packages/airflow/example_dags/example_xcom.py
[2024-12-18T20:39:58.436+0000] {logging_mixin.py:190} INFO - [2024-12-18T20:39:58.436+0000] {dag.py:3239} INFO - Sync 1 DAGs
[2024-12-18T20:39:58.457+0000] {logging_mixin.py:190} INFO - [2024-12-18T20:39:58.457+0000] {dag.py:4180} INFO - Setting next_dagrun for example_xcom to 2021-01-01 00:00:00+00:00, run_after=2021-01-01 00:00:00+00:00
[2024-12-18T20:39:58.480+0000] {processor.py:208} INFO - Processing /home/ubuntu/demo8/lib/python3.12/site-packages/airflow/example_dags/example_xcom.py took 0.083 seconds
[2024-12-18T20:40:55.762+0000] {processor.py:186} INFO - Started process (PID=4538) to work on /home/ubuntu/demo8/lib/python3.12/site-packages/airflow/example_dags/example_xcom.py
[2024-12-18T20:40:55.764+0000] {processor.py:914} INFO - Processing file /home/ubuntu/demo8/lib/python3.12/site-packages/airflow/example_dags/example_xcom.py for tasks to queue
[2024-12-18T20:40:55.767+0000] {logging_mixin.py:190} INFO - [2024-12-18T20:40:55.766+0000] {dagbag.py:588} INFO - Filling up the DagBag from /home/ubuntu/demo8/lib/python3.12/site-packages/airflow/example_dags/example_xcom.py
[2024-12-18T20:40:55.778+0000] {processor.py:925} INFO - DAG(s) 'example_xcom' retrieved from /home/ubuntu/demo8/lib/python3.12/site-packages/airflow/example_dags/example_xcom.py
[2024-12-18T20:40:55.797+0000] {logging_mixin.py:190} INFO - [2024-12-18T20:40:55.797+0000] {dag.py:3239} INFO - Sync 1 DAGs
[2024-12-18T20:40:55.820+0000] {logging_mixin.py:190} INFO - [2024-12-18T20:40:55.819+0000] {dag.py:4180} INFO - Setting next_dagrun for example_xcom to 2021-01-01 00:00:00+00:00, run_after=2021-01-01 00:00:00+00:00
[2024-12-18T20:40:55.845+0000] {processor.py:208} INFO - Processing /home/ubuntu/demo8/lib/python3.12/site-packages/airflow/example_dags/example_xcom.py took 0.089 seconds
[2024-12-18T20:41:48.975+0000] {processor.py:186} INFO - Started process (PID=4657) to work on /home/ubuntu/demo8/lib/python3.12/site-packages/airflow/example_dags/example_xcom.py
[2024-12-18T20:41:48.976+0000] {processor.py:914} INFO - Processing file /home/ubuntu/demo8/lib/python3.12/site-packages/airflow/example_dags/example_xcom.py for tasks to queue
[2024-12-18T20:41:48.979+0000] {logging_mixin.py:190} INFO - [2024-12-18T20:41:48.978+0000] {dagbag.py:588} INFO - Filling up the DagBag from /home/ubuntu/demo8/lib/python3.12/site-packages/airflow/example_dags/example_xcom.py
[2024-12-18T20:41:48.990+0000] {processor.py:925} INFO - DAG(s) 'example_xcom' retrieved from /home/ubuntu/demo8/lib/python3.12/site-packages/airflow/example_dags/example_xcom.py
[2024-12-18T20:41:49.009+0000] {logging_mixin.py:190} INFO - [2024-12-18T20:41:49.009+0000] {dag.py:3239} INFO - Sync 1 DAGs
[2024-12-18T20:41:49.032+0000] {logging_mixin.py:190} INFO - [2024-12-18T20:41:49.032+0000] {dag.py:4180} INFO - Setting next_dagrun for example_xcom to 2021-01-01 00:00:00+00:00, run_after=2021-01-01 00:00:00+00:00
[2024-12-18T20:41:49.056+0000] {processor.py:208} INFO - Processing /home/ubuntu/demo8/lib/python3.12/site-packages/airflow/example_dags/example_xcom.py took 0.088 seconds
[2024-12-18T20:42:42.212+0000] {processor.py:186} INFO - Started process (PID=4770) to work on /home/ubuntu/demo8/lib/python3.12/site-packages/airflow/example_dags/example_xcom.py
[2024-12-18T20:42:42.214+0000] {processor.py:914} INFO - Processing file /home/ubuntu/demo8/lib/python3.12/site-packages/airflow/example_dags/example_xcom.py for tasks to queue
[2024-12-18T20:42:42.217+0000] {logging_mixin.py:190} INFO - [2024-12-18T20:42:42.217+0000] {dagbag.py:588} INFO - Filling up the DagBag from /home/ubuntu/demo8/lib/python3.12/site-packages/airflow/example_dags/example_xcom.py
[2024-12-18T20:42:42.229+0000] {processor.py:925} INFO - DAG(s) 'example_xcom' retrieved from /home/ubuntu/demo8/lib/python3.12/site-packages/airflow/example_dags/example_xcom.py
[2024-12-18T20:42:42.247+0000] {logging_mixin.py:190} INFO - [2024-12-18T20:42:42.247+0000] {dag.py:3239} INFO - Sync 1 DAGs
[2024-12-18T20:42:42.268+0000] {logging_mixin.py:190} INFO - [2024-12-18T20:42:42.268+0000] {dag.py:4180} INFO - Setting next_dagrun for example_xcom to 2021-01-01 00:00:00+00:00, run_after=2021-01-01 00:00:00+00:00
[2024-12-18T20:42:42.293+0000] {processor.py:208} INFO - Processing /home/ubuntu/demo8/lib/python3.12/site-packages/airflow/example_dags/example_xcom.py took 0.087 seconds
[2024-12-18T20:43:37.100+0000] {processor.py:186} INFO - Started process (PID=4887) to work on /home/ubuntu/demo8/lib/python3.12/site-packages/airflow/example_dags/example_xcom.py
[2024-12-18T20:43:37.101+0000] {processor.py:914} INFO - Processing file /home/ubuntu/demo8/lib/python3.12/site-packages/airflow/example_dags/example_xcom.py for tasks to queue
[2024-12-18T20:43:37.104+0000] {logging_mixin.py:190} INFO - [2024-12-18T20:43:37.104+0000] {dagbag.py:588} INFO - Filling up the DagBag from /home/ubuntu/demo8/lib/python3.12/site-packages/airflow/example_dags/example_xcom.py
[2024-12-18T20:43:37.115+0000] {processor.py:925} INFO - DAG(s) 'example_xcom' retrieved from /home/ubuntu/demo8/lib/python3.12/site-packages/airflow/example_dags/example_xcom.py
[2024-12-18T20:43:37.133+0000] {logging_mixin.py:190} INFO - [2024-12-18T20:43:37.133+0000] {dag.py:3239} INFO - Sync 1 DAGs
[2024-12-18T20:43:37.155+0000] {logging_mixin.py:190} INFO - [2024-12-18T20:43:37.154+0000] {dag.py:4180} INFO - Setting next_dagrun for example_xcom to 2021-01-01 00:00:00+00:00, run_after=2021-01-01 00:00:00+00:00
[2024-12-18T20:43:37.178+0000] {processor.py:208} INFO - Processing /home/ubuntu/demo8/lib/python3.12/site-packages/airflow/example_dags/example_xcom.py took 0.085 seconds
[2024-12-18T20:44:30.339+0000] {processor.py:186} INFO - Started process (PID=5063) to work on /home/ubuntu/demo8/lib/python3.12/site-packages/airflow/example_dags/example_xcom.py
[2024-12-18T20:44:30.340+0000] {processor.py:914} INFO - Processing file /home/ubuntu/demo8/lib/python3.12/site-packages/airflow/example_dags/example_xcom.py for tasks to queue
[2024-12-18T20:44:30.343+0000] {logging_mixin.py:190} INFO - [2024-12-18T20:44:30.343+0000] {dagbag.py:588} INFO - Filling up the DagBag from /home/ubuntu/demo8/lib/python3.12/site-packages/airflow/example_dags/example_xcom.py
[2024-12-18T20:44:30.355+0000] {processor.py:925} INFO - DAG(s) 'example_xcom' retrieved from /home/ubuntu/demo8/lib/python3.12/site-packages/airflow/example_dags/example_xcom.py
[2024-12-18T20:44:30.374+0000] {logging_mixin.py:190} INFO - [2024-12-18T20:44:30.374+0000] {dag.py:3239} INFO - Sync 1 DAGs
[2024-12-18T20:44:30.396+0000] {logging_mixin.py:190} INFO - [2024-12-18T20:44:30.396+0000] {dag.py:4180} INFO - Setting next_dagrun for example_xcom to 2021-01-01 00:00:00+00:00, run_after=2021-01-01 00:00:00+00:00
[2024-12-18T20:44:30.420+0000] {processor.py:208} INFO - Processing /home/ubuntu/demo8/lib/python3.12/site-packages/airflow/example_dags/example_xcom.py took 0.087 seconds
[2024-12-18T20:45:24.139+0000] {processor.py:186} INFO - Started process (PID=5185) to work on /home/ubuntu/demo8/lib/python3.12/site-packages/airflow/example_dags/example_xcom.py
[2024-12-18T20:45:24.140+0000] {processor.py:914} INFO - Processing file /home/ubuntu/demo8/lib/python3.12/site-packages/airflow/example_dags/example_xcom.py for tasks to queue
[2024-12-18T20:45:24.143+0000] {logging_mixin.py:190} INFO - [2024-12-18T20:45:24.142+0000] {dagbag.py:588} INFO - Filling up the DagBag from /home/ubuntu/demo8/lib/python3.12/site-packages/airflow/example_dags/example_xcom.py
[2024-12-18T20:45:24.154+0000] {processor.py:925} INFO - DAG(s) 'example_xcom' retrieved from /home/ubuntu/demo8/lib/python3.12/site-packages/airflow/example_dags/example_xcom.py
[2024-12-18T20:45:24.172+0000] {logging_mixin.py:190} INFO - [2024-12-18T20:45:24.172+0000] {dag.py:3239} INFO - Sync 1 DAGs
[2024-12-18T20:45:24.194+0000] {logging_mixin.py:190} INFO - [2024-12-18T20:45:24.194+0000] {dag.py:4180} INFO - Setting next_dagrun for example_xcom to 2021-01-01 00:00:00+00:00, run_after=2021-01-01 00:00:00+00:00
[2024-12-18T20:45:24.216+0000] {processor.py:208} INFO - Processing /home/ubuntu/demo8/lib/python3.12/site-packages/airflow/example_dags/example_xcom.py took 0.084 seconds
[2024-12-18T20:47:06.928+0000] {processor.py:186} INFO - Started process (PID=5756) to work on /home/ubuntu/demo8/lib/python3.12/site-packages/airflow/example_dags/example_xcom.py
[2024-12-18T20:47:06.929+0000] {processor.py:914} INFO - Processing file /home/ubuntu/demo8/lib/python3.12/site-packages/airflow/example_dags/example_xcom.py for tasks to queue
[2024-12-18T20:47:06.932+0000] {logging_mixin.py:190} INFO - [2024-12-18T20:47:06.931+0000] {dagbag.py:588} INFO - Filling up the DagBag from /home/ubuntu/demo8/lib/python3.12/site-packages/airflow/example_dags/example_xcom.py
[2024-12-18T20:47:06.944+0000] {processor.py:925} INFO - DAG(s) 'example_xcom' retrieved from /home/ubuntu/demo8/lib/python3.12/site-packages/airflow/example_dags/example_xcom.py
[2024-12-18T20:47:06.971+0000] {logging_mixin.py:190} INFO - [2024-12-18T20:47:06.970+0000] {dag.py:3239} INFO - Sync 1 DAGs
[2024-12-18T20:47:06.993+0000] {logging_mixin.py:190} INFO - [2024-12-18T20:47:06.993+0000] {dag.py:4180} INFO - Setting next_dagrun for example_xcom to 2021-01-01 00:00:00+00:00, run_after=2021-01-01 00:00:00+00:00
[2024-12-18T20:47:07.018+0000] {processor.py:208} INFO - Processing /home/ubuntu/demo8/lib/python3.12/site-packages/airflow/example_dags/example_xcom.py took 0.096 seconds
[2024-12-18T20:48:06.288+0000] {processor.py:186} INFO - Started process (PID=5935) to work on /home/ubuntu/demo8/lib/python3.12/site-packages/airflow/example_dags/example_xcom.py
[2024-12-18T20:48:06.290+0000] {processor.py:914} INFO - Processing file /home/ubuntu/demo8/lib/python3.12/site-packages/airflow/example_dags/example_xcom.py for tasks to queue
[2024-12-18T20:48:06.293+0000] {logging_mixin.py:190} INFO - [2024-12-18T20:48:06.292+0000] {dagbag.py:588} INFO - Filling up the DagBag from /home/ubuntu/demo8/lib/python3.12/site-packages/airflow/example_dags/example_xcom.py
[2024-12-18T20:48:06.304+0000] {processor.py:925} INFO - DAG(s) 'example_xcom' retrieved from /home/ubuntu/demo8/lib/python3.12/site-packages/airflow/example_dags/example_xcom.py
[2024-12-18T20:48:06.323+0000] {logging_mixin.py:190} INFO - [2024-12-18T20:48:06.322+0000] {dag.py:3239} INFO - Sync 1 DAGs
[2024-12-18T20:48:06.345+0000] {logging_mixin.py:190} INFO - [2024-12-18T20:48:06.345+0000] {dag.py:4180} INFO - Setting next_dagrun for example_xcom to 2021-01-01 00:00:00+00:00, run_after=2021-01-01 00:00:00+00:00
[2024-12-18T20:48:06.369+0000] {processor.py:208} INFO - Processing /home/ubuntu/demo8/lib/python3.12/site-packages/airflow/example_dags/example_xcom.py took 0.087 seconds
[2024-12-18T20:49:03.941+0000] {processor.py:186} INFO - Started process (PID=6417) to work on /home/ubuntu/demo8/lib/python3.12/site-packages/airflow/example_dags/example_xcom.py
[2024-12-18T20:49:03.942+0000] {processor.py:914} INFO - Processing file /home/ubuntu/demo8/lib/python3.12/site-packages/airflow/example_dags/example_xcom.py for tasks to queue
[2024-12-18T20:49:03.945+0000] {logging_mixin.py:190} INFO - [2024-12-18T20:49:03.945+0000] {dagbag.py:588} INFO - Filling up the DagBag from /home/ubuntu/demo8/lib/python3.12/site-packages/airflow/example_dags/example_xcom.py
[2024-12-18T20:49:03.956+0000] {processor.py:925} INFO - DAG(s) 'example_xcom' retrieved from /home/ubuntu/demo8/lib/python3.12/site-packages/airflow/example_dags/example_xcom.py
[2024-12-18T20:49:03.975+0000] {logging_mixin.py:190} INFO - [2024-12-18T20:49:03.975+0000] {dag.py:3239} INFO - Sync 1 DAGs
[2024-12-18T20:49:03.997+0000] {logging_mixin.py:190} INFO - [2024-12-18T20:49:03.997+0000] {dag.py:4180} INFO - Setting next_dagrun for example_xcom to 2021-01-01 00:00:00+00:00, run_after=2021-01-01 00:00:00+00:00
[2024-12-18T20:49:04.021+0000] {processor.py:208} INFO - Processing /home/ubuntu/demo8/lib/python3.12/site-packages/airflow/example_dags/example_xcom.py took 0.086 seconds
[2024-12-18T20:49:57.148+0000] {processor.py:186} INFO - Started process (PID=6531) to work on /home/ubuntu/demo8/lib/python3.12/site-packages/airflow/example_dags/example_xcom.py
[2024-12-18T20:49:57.149+0000] {processor.py:914} INFO - Processing file /home/ubuntu/demo8/lib/python3.12/site-packages/airflow/example_dags/example_xcom.py for tasks to queue
[2024-12-18T20:49:57.152+0000] {logging_mixin.py:190} INFO - [2024-12-18T20:49:57.152+0000] {dagbag.py:588} INFO - Filling up the DagBag from /home/ubuntu/demo8/lib/python3.12/site-packages/airflow/example_dags/example_xcom.py
[2024-12-18T20:49:57.163+0000] {processor.py:925} INFO - DAG(s) 'example_xcom' retrieved from /home/ubuntu/demo8/lib/python3.12/site-packages/airflow/example_dags/example_xcom.py
[2024-12-18T20:49:57.181+0000] {logging_mixin.py:190} INFO - [2024-12-18T20:49:57.181+0000] {dag.py:3239} INFO - Sync 1 DAGs
[2024-12-18T20:49:57.202+0000] {logging_mixin.py:190} INFO - [2024-12-18T20:49:57.202+0000] {dag.py:4180} INFO - Setting next_dagrun for example_xcom to 2021-01-01 00:00:00+00:00, run_after=2021-01-01 00:00:00+00:00
[2024-12-18T20:49:57.231+0000] {processor.py:208} INFO - Processing /home/ubuntu/demo8/lib/python3.12/site-packages/airflow/example_dags/example_xcom.py took 0.089 seconds
[2024-12-18T20:50:54.475+0000] {processor.py:186} INFO - Started process (PID=6895) to work on /home/ubuntu/demo8/lib/python3.12/site-packages/airflow/example_dags/example_xcom.py
[2024-12-18T20:50:54.477+0000] {processor.py:914} INFO - Processing file /home/ubuntu/demo8/lib/python3.12/site-packages/airflow/example_dags/example_xcom.py for tasks to queue
[2024-12-18T20:50:54.480+0000] {logging_mixin.py:190} INFO - [2024-12-18T20:50:54.479+0000] {dagbag.py:588} INFO - Filling up the DagBag from /home/ubuntu/demo8/lib/python3.12/site-packages/airflow/example_dags/example_xcom.py
[2024-12-18T20:50:54.491+0000] {processor.py:925} INFO - DAG(s) 'example_xcom' retrieved from /home/ubuntu/demo8/lib/python3.12/site-packages/airflow/example_dags/example_xcom.py
[2024-12-18T20:50:54.510+0000] {logging_mixin.py:190} INFO - [2024-12-18T20:50:54.509+0000] {dag.py:3239} INFO - Sync 1 DAGs
[2024-12-18T20:50:54.532+0000] {logging_mixin.py:190} INFO - [2024-12-18T20:50:54.531+0000] {dag.py:4180} INFO - Setting next_dagrun for example_xcom to 2021-01-01 00:00:00+00:00, run_after=2021-01-01 00:00:00+00:00
[2024-12-18T20:50:54.555+0000] {processor.py:208} INFO - Processing /home/ubuntu/demo8/lib/python3.12/site-packages/airflow/example_dags/example_xcom.py took 0.086 seconds
