[2024-12-18T15:44:34.320+0000] {processor.py:186} INFO - Started process (PID=3659) to work on /home/ubuntu/demo8/lib/python3.12/site-packages/airflow/example_dags/example_setup_teardown_taskflow.py
[2024-12-18T15:44:34.321+0000] {processor.py:914} INFO - Processing file /home/ubuntu/demo8/lib/python3.12/site-packages/airflow/example_dags/example_setup_teardown_taskflow.py for tasks to queue
[2024-12-18T15:44:34.323+0000] {logging_mixin.py:190} INFO - [2024-12-18T15:44:34.323+0000] {dagbag.py:588} INFO - Filling up the DagBag from /home/ubuntu/demo8/lib/python3.12/site-packages/airflow/example_dags/example_setup_teardown_taskflow.py
[2024-12-18T15:44:34.335+0000] {processor.py:925} INFO - DAG(s) 'example_setup_teardown_taskflow' retrieved from /home/ubuntu/demo8/lib/python3.12/site-packages/airflow/example_dags/example_setup_teardown_taskflow.py
[2024-12-18T15:44:34.458+0000] {logging_mixin.py:190} INFO - [2024-12-18T15:44:34.458+0000] {override.py:1911} INFO - Created Permission View: can read on DAG:example_setup_teardown_taskflow
[2024-12-18T15:44:34.471+0000] {logging_mixin.py:190} INFO - [2024-12-18T15:44:34.470+0000] {override.py:1911} INFO - Created Permission View: can delete on DAG:example_setup_teardown_taskflow
[2024-12-18T15:44:34.480+0000] {logging_mixin.py:190} INFO - [2024-12-18T15:44:34.479+0000] {override.py:1911} INFO - Created Permission View: can edit on DAG:example_setup_teardown_taskflow
[2024-12-18T15:44:34.494+0000] {logging_mixin.py:190} INFO - [2024-12-18T15:44:34.494+0000] {override.py:1911} INFO - Created Permission View: can create on DAG Run:example_setup_teardown_taskflow
[2024-12-18T15:44:34.503+0000] {logging_mixin.py:190} INFO - [2024-12-18T15:44:34.503+0000] {override.py:1911} INFO - Created Permission View: can read on DAG Run:example_setup_teardown_taskflow
[2024-12-18T15:44:34.513+0000] {logging_mixin.py:190} INFO - [2024-12-18T15:44:34.513+0000] {override.py:1911} INFO - Created Permission View: menu access on DAG Run:example_setup_teardown_taskflow
[2024-12-18T15:44:34.522+0000] {logging_mixin.py:190} INFO - [2024-12-18T15:44:34.522+0000] {override.py:1911} INFO - Created Permission View: can delete on DAG Run:example_setup_teardown_taskflow
[2024-12-18T15:44:34.523+0000] {logging_mixin.py:190} INFO - [2024-12-18T15:44:34.522+0000] {dag.py:3239} INFO - Sync 1 DAGs
[2024-12-18T15:44:34.537+0000] {logging_mixin.py:190} INFO - [2024-12-18T15:44:34.537+0000] {dag.py:3262} INFO - Creating ORM DAG for example_setup_teardown_taskflow
[2024-12-18T15:44:34.538+0000] {logging_mixin.py:190} INFO - [2024-12-18T15:44:34.538+0000] {dag.py:4180} INFO - Setting next_dagrun for example_setup_teardown_taskflow to None, run_after=None
[2024-12-18T15:44:34.558+0000] {processor.py:208} INFO - Processing /home/ubuntu/demo8/lib/python3.12/site-packages/airflow/example_dags/example_setup_teardown_taskflow.py took 0.244 seconds
[2024-12-18T15:45:41.359+0000] {processor.py:186} INFO - Started process (PID=3757) to work on /home/ubuntu/demo8/lib/python3.12/site-packages/airflow/example_dags/example_setup_teardown_taskflow.py
[2024-12-18T15:45:41.361+0000] {processor.py:914} INFO - Processing file /home/ubuntu/demo8/lib/python3.12/site-packages/airflow/example_dags/example_setup_teardown_taskflow.py for tasks to queue
[2024-12-18T15:45:41.363+0000] {logging_mixin.py:190} INFO - [2024-12-18T15:45:41.363+0000] {dagbag.py:588} INFO - Filling up the DagBag from /home/ubuntu/demo8/lib/python3.12/site-packages/airflow/example_dags/example_setup_teardown_taskflow.py
[2024-12-18T15:45:41.376+0000] {processor.py:925} INFO - DAG(s) 'example_setup_teardown_taskflow' retrieved from /home/ubuntu/demo8/lib/python3.12/site-packages/airflow/example_dags/example_setup_teardown_taskflow.py
[2024-12-18T15:45:41.395+0000] {logging_mixin.py:190} INFO - [2024-12-18T15:45:41.395+0000] {dag.py:3239} INFO - Sync 1 DAGs
[2024-12-18T15:45:41.408+0000] {logging_mixin.py:190} INFO - [2024-12-18T15:45:41.408+0000] {dag.py:4180} INFO - Setting next_dagrun for example_setup_teardown_taskflow to None, run_after=None
[2024-12-18T15:45:41.432+0000] {processor.py:208} INFO - Processing /home/ubuntu/demo8/lib/python3.12/site-packages/airflow/example_dags/example_setup_teardown_taskflow.py took 0.079 seconds
[2024-12-18T15:46:37.481+0000] {processor.py:186} INFO - Started process (PID=3817) to work on /home/ubuntu/demo8/lib/python3.12/site-packages/airflow/example_dags/example_setup_teardown_taskflow.py
[2024-12-18T15:46:37.482+0000] {processor.py:914} INFO - Processing file /home/ubuntu/demo8/lib/python3.12/site-packages/airflow/example_dags/example_setup_teardown_taskflow.py for tasks to queue
[2024-12-18T15:46:37.484+0000] {logging_mixin.py:190} INFO - [2024-12-18T15:46:37.484+0000] {dagbag.py:588} INFO - Filling up the DagBag from /home/ubuntu/demo8/lib/python3.12/site-packages/airflow/example_dags/example_setup_teardown_taskflow.py
[2024-12-18T15:46:37.497+0000] {processor.py:925} INFO - DAG(s) 'example_setup_teardown_taskflow' retrieved from /home/ubuntu/demo8/lib/python3.12/site-packages/airflow/example_dags/example_setup_teardown_taskflow.py
[2024-12-18T15:46:37.518+0000] {logging_mixin.py:190} INFO - [2024-12-18T15:46:37.518+0000] {dag.py:3239} INFO - Sync 1 DAGs
[2024-12-18T15:46:37.532+0000] {logging_mixin.py:190} INFO - [2024-12-18T15:46:37.532+0000] {dag.py:4180} INFO - Setting next_dagrun for example_setup_teardown_taskflow to None, run_after=None
[2024-12-18T15:46:37.555+0000] {processor.py:208} INFO - Processing /home/ubuntu/demo8/lib/python3.12/site-packages/airflow/example_dags/example_setup_teardown_taskflow.py took 0.081 seconds
[2024-12-18T15:47:33.791+0000] {processor.py:186} INFO - Started process (PID=4280) to work on /home/ubuntu/demo8/lib/python3.12/site-packages/airflow/example_dags/example_setup_teardown_taskflow.py
[2024-12-18T15:47:33.793+0000] {processor.py:914} INFO - Processing file /home/ubuntu/demo8/lib/python3.12/site-packages/airflow/example_dags/example_setup_teardown_taskflow.py for tasks to queue
[2024-12-18T15:47:33.795+0000] {logging_mixin.py:190} INFO - [2024-12-18T15:47:33.794+0000] {dagbag.py:588} INFO - Filling up the DagBag from /home/ubuntu/demo8/lib/python3.12/site-packages/airflow/example_dags/example_setup_teardown_taskflow.py
[2024-12-18T15:47:33.807+0000] {processor.py:925} INFO - DAG(s) 'example_setup_teardown_taskflow' retrieved from /home/ubuntu/demo8/lib/python3.12/site-packages/airflow/example_dags/example_setup_teardown_taskflow.py
[2024-12-18T15:47:33.826+0000] {logging_mixin.py:190} INFO - [2024-12-18T15:47:33.826+0000] {dag.py:3239} INFO - Sync 1 DAGs
[2024-12-18T15:47:33.840+0000] {logging_mixin.py:190} INFO - [2024-12-18T15:47:33.840+0000] {dag.py:4180} INFO - Setting next_dagrun for example_setup_teardown_taskflow to None, run_after=None
[2024-12-18T15:47:33.864+0000] {processor.py:208} INFO - Processing /home/ubuntu/demo8/lib/python3.12/site-packages/airflow/example_dags/example_setup_teardown_taskflow.py took 0.079 seconds
[2024-12-18T15:48:26.800+0000] {processor.py:186} INFO - Started process (PID=4336) to work on /home/ubuntu/demo8/lib/python3.12/site-packages/airflow/example_dags/example_setup_teardown_taskflow.py
[2024-12-18T15:48:26.802+0000] {processor.py:914} INFO - Processing file /home/ubuntu/demo8/lib/python3.12/site-packages/airflow/example_dags/example_setup_teardown_taskflow.py for tasks to queue
[2024-12-18T15:48:26.804+0000] {logging_mixin.py:190} INFO - [2024-12-18T15:48:26.804+0000] {dagbag.py:588} INFO - Filling up the DagBag from /home/ubuntu/demo8/lib/python3.12/site-packages/airflow/example_dags/example_setup_teardown_taskflow.py
[2024-12-18T15:48:26.824+0000] {processor.py:925} INFO - DAG(s) 'example_setup_teardown_taskflow' retrieved from /home/ubuntu/demo8/lib/python3.12/site-packages/airflow/example_dags/example_setup_teardown_taskflow.py
[2024-12-18T15:48:26.843+0000] {logging_mixin.py:190} INFO - [2024-12-18T15:48:26.843+0000] {dag.py:3239} INFO - Sync 1 DAGs
[2024-12-18T15:48:26.857+0000] {logging_mixin.py:190} INFO - [2024-12-18T15:48:26.856+0000] {dag.py:4180} INFO - Setting next_dagrun for example_setup_teardown_taskflow to None, run_after=None
[2024-12-18T15:48:26.879+0000] {processor.py:208} INFO - Processing /home/ubuntu/demo8/lib/python3.12/site-packages/airflow/example_dags/example_setup_teardown_taskflow.py took 0.084 seconds
[2024-12-18T15:49:24.896+0000] {processor.py:186} INFO - Started process (PID=4390) to work on /home/ubuntu/demo8/lib/python3.12/site-packages/airflow/example_dags/example_setup_teardown_taskflow.py
[2024-12-18T15:49:24.898+0000] {processor.py:914} INFO - Processing file /home/ubuntu/demo8/lib/python3.12/site-packages/airflow/example_dags/example_setup_teardown_taskflow.py for tasks to queue
[2024-12-18T15:49:24.900+0000] {logging_mixin.py:190} INFO - [2024-12-18T15:49:24.900+0000] {dagbag.py:588} INFO - Filling up the DagBag from /home/ubuntu/demo8/lib/python3.12/site-packages/airflow/example_dags/example_setup_teardown_taskflow.py
[2024-12-18T15:49:24.913+0000] {processor.py:925} INFO - DAG(s) 'example_setup_teardown_taskflow' retrieved from /home/ubuntu/demo8/lib/python3.12/site-packages/airflow/example_dags/example_setup_teardown_taskflow.py
[2024-12-18T15:49:25.053+0000] {logging_mixin.py:190} INFO - [2024-12-18T15:49:25.053+0000] {dag.py:3239} INFO - Sync 1 DAGs
[2024-12-18T15:49:25.065+0000] {logging_mixin.py:190} INFO - [2024-12-18T15:49:25.065+0000] {dag.py:4180} INFO - Setting next_dagrun for example_setup_teardown_taskflow to None, run_after=None
[2024-12-18T15:49:25.086+0000] {processor.py:208} INFO - Processing /home/ubuntu/demo8/lib/python3.12/site-packages/airflow/example_dags/example_setup_teardown_taskflow.py took 0.195 seconds
[2024-12-18T15:50:26.800+0000] {processor.py:186} INFO - Started process (PID=4452) to work on /home/ubuntu/demo8/lib/python3.12/site-packages/airflow/example_dags/example_setup_teardown_taskflow.py
[2024-12-18T15:50:26.801+0000] {processor.py:914} INFO - Processing file /home/ubuntu/demo8/lib/python3.12/site-packages/airflow/example_dags/example_setup_teardown_taskflow.py for tasks to queue
[2024-12-18T15:50:26.804+0000] {logging_mixin.py:190} INFO - [2024-12-18T15:50:26.803+0000] {dagbag.py:588} INFO - Filling up the DagBag from /home/ubuntu/demo8/lib/python3.12/site-packages/airflow/example_dags/example_setup_teardown_taskflow.py
[2024-12-18T15:50:26.817+0000] {processor.py:925} INFO - DAG(s) 'example_setup_teardown_taskflow' retrieved from /home/ubuntu/demo8/lib/python3.12/site-packages/airflow/example_dags/example_setup_teardown_taskflow.py
[2024-12-18T15:50:26.837+0000] {logging_mixin.py:190} INFO - [2024-12-18T15:50:26.836+0000] {dag.py:3239} INFO - Sync 1 DAGs
[2024-12-18T15:50:26.851+0000] {logging_mixin.py:190} INFO - [2024-12-18T15:50:26.850+0000] {dag.py:4180} INFO - Setting next_dagrun for example_setup_teardown_taskflow to None, run_after=None
[2024-12-18T15:50:26.881+0000] {processor.py:208} INFO - Processing /home/ubuntu/demo8/lib/python3.12/site-packages/airflow/example_dags/example_setup_teardown_taskflow.py took 0.087 seconds
[2024-12-18T15:51:22.056+0000] {processor.py:186} INFO - Started process (PID=4522) to work on /home/ubuntu/demo8/lib/python3.12/site-packages/airflow/example_dags/example_setup_teardown_taskflow.py
[2024-12-18T15:51:22.057+0000] {processor.py:914} INFO - Processing file /home/ubuntu/demo8/lib/python3.12/site-packages/airflow/example_dags/example_setup_teardown_taskflow.py for tasks to queue
[2024-12-18T15:51:22.059+0000] {logging_mixin.py:190} INFO - [2024-12-18T15:51:22.059+0000] {dagbag.py:588} INFO - Filling up the DagBag from /home/ubuntu/demo8/lib/python3.12/site-packages/airflow/example_dags/example_setup_teardown_taskflow.py
[2024-12-18T15:51:22.072+0000] {processor.py:925} INFO - DAG(s) 'example_setup_teardown_taskflow' retrieved from /home/ubuntu/demo8/lib/python3.12/site-packages/airflow/example_dags/example_setup_teardown_taskflow.py
[2024-12-18T15:51:22.091+0000] {logging_mixin.py:190} INFO - [2024-12-18T15:51:22.091+0000] {dag.py:3239} INFO - Sync 1 DAGs
[2024-12-18T15:51:22.105+0000] {logging_mixin.py:190} INFO - [2024-12-18T15:51:22.105+0000] {dag.py:4180} INFO - Setting next_dagrun for example_setup_teardown_taskflow to None, run_after=None
[2024-12-18T15:51:22.128+0000] {processor.py:208} INFO - Processing /home/ubuntu/demo8/lib/python3.12/site-packages/airflow/example_dags/example_setup_teardown_taskflow.py took 0.079 seconds
[2024-12-18T15:52:13.073+0000] {processor.py:186} INFO - Started process (PID=4575) to work on /home/ubuntu/demo8/lib/python3.12/site-packages/airflow/example_dags/example_setup_teardown_taskflow.py
[2024-12-18T15:52:13.075+0000] {processor.py:914} INFO - Processing file /home/ubuntu/demo8/lib/python3.12/site-packages/airflow/example_dags/example_setup_teardown_taskflow.py for tasks to queue
[2024-12-18T15:52:13.077+0000] {logging_mixin.py:190} INFO - [2024-12-18T15:52:13.076+0000] {dagbag.py:588} INFO - Filling up the DagBag from /home/ubuntu/demo8/lib/python3.12/site-packages/airflow/example_dags/example_setup_teardown_taskflow.py
[2024-12-18T15:52:13.090+0000] {processor.py:925} INFO - DAG(s) 'example_setup_teardown_taskflow' retrieved from /home/ubuntu/demo8/lib/python3.12/site-packages/airflow/example_dags/example_setup_teardown_taskflow.py
[2024-12-18T15:52:13.109+0000] {logging_mixin.py:190} INFO - [2024-12-18T15:52:13.109+0000] {dag.py:3239} INFO - Sync 1 DAGs
[2024-12-18T15:52:13.123+0000] {logging_mixin.py:190} INFO - [2024-12-18T15:52:13.123+0000] {dag.py:4180} INFO - Setting next_dagrun for example_setup_teardown_taskflow to None, run_after=None
[2024-12-18T15:52:13.145+0000] {processor.py:208} INFO - Processing /home/ubuntu/demo8/lib/python3.12/site-packages/airflow/example_dags/example_setup_teardown_taskflow.py took 0.078 seconds
[2024-12-18T15:53:08.774+0000] {processor.py:186} INFO - Started process (PID=4633) to work on /home/ubuntu/demo8/lib/python3.12/site-packages/airflow/example_dags/example_setup_teardown_taskflow.py
[2024-12-18T15:53:08.777+0000] {processor.py:914} INFO - Processing file /home/ubuntu/demo8/lib/python3.12/site-packages/airflow/example_dags/example_setup_teardown_taskflow.py for tasks to queue
[2024-12-18T15:53:08.780+0000] {logging_mixin.py:190} INFO - [2024-12-18T15:53:08.780+0000] {dagbag.py:588} INFO - Filling up the DagBag from /home/ubuntu/demo8/lib/python3.12/site-packages/airflow/example_dags/example_setup_teardown_taskflow.py
[2024-12-18T15:53:08.798+0000] {processor.py:925} INFO - DAG(s) 'example_setup_teardown_taskflow' retrieved from /home/ubuntu/demo8/lib/python3.12/site-packages/airflow/example_dags/example_setup_teardown_taskflow.py
[2024-12-18T15:53:08.819+0000] {logging_mixin.py:190} INFO - [2024-12-18T15:53:08.818+0000] {dag.py:3239} INFO - Sync 1 DAGs
[2024-12-18T15:53:08.833+0000] {logging_mixin.py:190} INFO - [2024-12-18T15:53:08.833+0000] {dag.py:4180} INFO - Setting next_dagrun for example_setup_teardown_taskflow to None, run_after=None
[2024-12-18T15:53:08.856+0000] {processor.py:208} INFO - Processing /home/ubuntu/demo8/lib/python3.12/site-packages/airflow/example_dags/example_setup_teardown_taskflow.py took 0.096 seconds
[2024-12-18T15:54:02.632+0000] {processor.py:186} INFO - Started process (PID=4702) to work on /home/ubuntu/demo8/lib/python3.12/site-packages/airflow/example_dags/example_setup_teardown_taskflow.py
[2024-12-18T15:54:02.634+0000] {processor.py:914} INFO - Processing file /home/ubuntu/demo8/lib/python3.12/site-packages/airflow/example_dags/example_setup_teardown_taskflow.py for tasks to queue
[2024-12-18T15:54:02.636+0000] {logging_mixin.py:190} INFO - [2024-12-18T15:54:02.636+0000] {dagbag.py:588} INFO - Filling up the DagBag from /home/ubuntu/demo8/lib/python3.12/site-packages/airflow/example_dags/example_setup_teardown_taskflow.py
[2024-12-18T15:54:02.649+0000] {processor.py:925} INFO - DAG(s) 'example_setup_teardown_taskflow' retrieved from /home/ubuntu/demo8/lib/python3.12/site-packages/airflow/example_dags/example_setup_teardown_taskflow.py
[2024-12-18T15:54:02.670+0000] {logging_mixin.py:190} INFO - [2024-12-18T15:54:02.669+0000] {dag.py:3239} INFO - Sync 1 DAGs
[2024-12-18T15:54:02.691+0000] {logging_mixin.py:190} INFO - [2024-12-18T15:54:02.690+0000] {dag.py:4180} INFO - Setting next_dagrun for example_setup_teardown_taskflow to None, run_after=None
[2024-12-18T15:54:02.715+0000] {processor.py:208} INFO - Processing /home/ubuntu/demo8/lib/python3.12/site-packages/airflow/example_dags/example_setup_teardown_taskflow.py took 0.089 seconds
[2024-12-18T15:54:47.502+0000] {processor.py:186} INFO - Started process (PID=4760) to work on /home/ubuntu/demo8/lib/python3.12/site-packages/airflow/example_dags/example_setup_teardown_taskflow.py
[2024-12-18T15:54:47.503+0000] {processor.py:914} INFO - Processing file /home/ubuntu/demo8/lib/python3.12/site-packages/airflow/example_dags/example_setup_teardown_taskflow.py for tasks to queue
[2024-12-18T15:54:47.505+0000] {logging_mixin.py:190} INFO - [2024-12-18T15:54:47.505+0000] {dagbag.py:588} INFO - Filling up the DagBag from /home/ubuntu/demo8/lib/python3.12/site-packages/airflow/example_dags/example_setup_teardown_taskflow.py
[2024-12-18T15:54:47.518+0000] {processor.py:925} INFO - DAG(s) 'example_setup_teardown_taskflow' retrieved from /home/ubuntu/demo8/lib/python3.12/site-packages/airflow/example_dags/example_setup_teardown_taskflow.py
[2024-12-18T15:54:47.541+0000] {logging_mixin.py:190} INFO - [2024-12-18T15:54:47.540+0000] {dag.py:3239} INFO - Sync 1 DAGs
[2024-12-18T15:54:47.557+0000] {logging_mixin.py:190} INFO - [2024-12-18T15:54:47.557+0000] {dag.py:4180} INFO - Setting next_dagrun for example_setup_teardown_taskflow to None, run_after=None
[2024-12-18T15:54:47.580+0000] {processor.py:208} INFO - Processing /home/ubuntu/demo8/lib/python3.12/site-packages/airflow/example_dags/example_setup_teardown_taskflow.py took 0.085 seconds
[2024-12-18T15:55:44.459+0000] {processor.py:186} INFO - Started process (PID=4823) to work on /home/ubuntu/demo8/lib/python3.12/site-packages/airflow/example_dags/example_setup_teardown_taskflow.py
[2024-12-18T15:55:44.460+0000] {processor.py:914} INFO - Processing file /home/ubuntu/demo8/lib/python3.12/site-packages/airflow/example_dags/example_setup_teardown_taskflow.py for tasks to queue
[2024-12-18T15:55:44.463+0000] {logging_mixin.py:190} INFO - [2024-12-18T15:55:44.462+0000] {dagbag.py:588} INFO - Filling up the DagBag from /home/ubuntu/demo8/lib/python3.12/site-packages/airflow/example_dags/example_setup_teardown_taskflow.py
[2024-12-18T15:55:44.475+0000] {processor.py:925} INFO - DAG(s) 'example_setup_teardown_taskflow' retrieved from /home/ubuntu/demo8/lib/python3.12/site-packages/airflow/example_dags/example_setup_teardown_taskflow.py
[2024-12-18T15:55:44.495+0000] {logging_mixin.py:190} INFO - [2024-12-18T15:55:44.495+0000] {dag.py:3239} INFO - Sync 1 DAGs
[2024-12-18T15:55:44.508+0000] {logging_mixin.py:190} INFO - [2024-12-18T15:55:44.508+0000] {dag.py:4180} INFO - Setting next_dagrun for example_setup_teardown_taskflow to None, run_after=None
[2024-12-18T15:55:44.542+0000] {processor.py:208} INFO - Processing /home/ubuntu/demo8/lib/python3.12/site-packages/airflow/example_dags/example_setup_teardown_taskflow.py took 0.089 seconds
[2024-12-18T15:57:15.025+0000] {processor.py:186} INFO - Started process (PID=4910) to work on /home/ubuntu/demo8/lib/python3.12/site-packages/airflow/example_dags/example_setup_teardown_taskflow.py
[2024-12-18T15:57:15.026+0000] {processor.py:914} INFO - Processing file /home/ubuntu/demo8/lib/python3.12/site-packages/airflow/example_dags/example_setup_teardown_taskflow.py for tasks to queue
[2024-12-18T15:57:15.028+0000] {logging_mixin.py:190} INFO - [2024-12-18T15:57:15.028+0000] {dagbag.py:588} INFO - Filling up the DagBag from /home/ubuntu/demo8/lib/python3.12/site-packages/airflow/example_dags/example_setup_teardown_taskflow.py
[2024-12-18T15:57:15.040+0000] {processor.py:925} INFO - DAG(s) 'example_setup_teardown_taskflow' retrieved from /home/ubuntu/demo8/lib/python3.12/site-packages/airflow/example_dags/example_setup_teardown_taskflow.py
[2024-12-18T15:57:15.061+0000] {logging_mixin.py:190} INFO - [2024-12-18T15:57:15.060+0000] {dag.py:3239} INFO - Sync 1 DAGs
[2024-12-18T15:57:15.076+0000] {logging_mixin.py:190} INFO - [2024-12-18T15:57:15.075+0000] {dag.py:4180} INFO - Setting next_dagrun for example_setup_teardown_taskflow to None, run_after=None
[2024-12-18T15:57:15.098+0000] {processor.py:208} INFO - Processing /home/ubuntu/demo8/lib/python3.12/site-packages/airflow/example_dags/example_setup_teardown_taskflow.py took 0.079 seconds
[2024-12-18T15:58:11.974+0000] {processor.py:186} INFO - Started process (PID=4968) to work on /home/ubuntu/demo8/lib/python3.12/site-packages/airflow/example_dags/example_setup_teardown_taskflow.py
[2024-12-18T15:58:11.976+0000] {processor.py:914} INFO - Processing file /home/ubuntu/demo8/lib/python3.12/site-packages/airflow/example_dags/example_setup_teardown_taskflow.py for tasks to queue
[2024-12-18T15:58:11.978+0000] {logging_mixin.py:190} INFO - [2024-12-18T15:58:11.977+0000] {dagbag.py:588} INFO - Filling up the DagBag from /home/ubuntu/demo8/lib/python3.12/site-packages/airflow/example_dags/example_setup_teardown_taskflow.py
[2024-12-18T15:58:11.990+0000] {processor.py:925} INFO - DAG(s) 'example_setup_teardown_taskflow' retrieved from /home/ubuntu/demo8/lib/python3.12/site-packages/airflow/example_dags/example_setup_teardown_taskflow.py
[2024-12-18T15:58:12.010+0000] {logging_mixin.py:190} INFO - [2024-12-18T15:58:12.010+0000] {dag.py:3239} INFO - Sync 1 DAGs
[2024-12-18T15:58:12.023+0000] {logging_mixin.py:190} INFO - [2024-12-18T15:58:12.023+0000] {dag.py:4180} INFO - Setting next_dagrun for example_setup_teardown_taskflow to None, run_after=None
[2024-12-18T15:58:12.046+0000] {processor.py:208} INFO - Processing /home/ubuntu/demo8/lib/python3.12/site-packages/airflow/example_dags/example_setup_teardown_taskflow.py took 0.078 seconds
[2024-12-18T15:59:08.733+0000] {processor.py:186} INFO - Started process (PID=5026) to work on /home/ubuntu/demo8/lib/python3.12/site-packages/airflow/example_dags/example_setup_teardown_taskflow.py
[2024-12-18T15:59:08.734+0000] {processor.py:914} INFO - Processing file /home/ubuntu/demo8/lib/python3.12/site-packages/airflow/example_dags/example_setup_teardown_taskflow.py for tasks to queue
[2024-12-18T15:59:08.736+0000] {logging_mixin.py:190} INFO - [2024-12-18T15:59:08.736+0000] {dagbag.py:588} INFO - Filling up the DagBag from /home/ubuntu/demo8/lib/python3.12/site-packages/airflow/example_dags/example_setup_teardown_taskflow.py
[2024-12-18T15:59:08.749+0000] {processor.py:925} INFO - DAG(s) 'example_setup_teardown_taskflow' retrieved from /home/ubuntu/demo8/lib/python3.12/site-packages/airflow/example_dags/example_setup_teardown_taskflow.py
[2024-12-18T15:59:08.768+0000] {logging_mixin.py:190} INFO - [2024-12-18T15:59:08.768+0000] {dag.py:3239} INFO - Sync 1 DAGs
[2024-12-18T15:59:08.782+0000] {logging_mixin.py:190} INFO - [2024-12-18T15:59:08.782+0000] {dag.py:4180} INFO - Setting next_dagrun for example_setup_teardown_taskflow to None, run_after=None
[2024-12-18T15:59:08.806+0000] {processor.py:208} INFO - Processing /home/ubuntu/demo8/lib/python3.12/site-packages/airflow/example_dags/example_setup_teardown_taskflow.py took 0.079 seconds
[2024-12-18T16:00:13.840+0000] {processor.py:186} INFO - Started process (PID=5091) to work on /home/ubuntu/demo8/lib/python3.12/site-packages/airflow/example_dags/example_setup_teardown_taskflow.py
[2024-12-18T16:00:13.842+0000] {processor.py:914} INFO - Processing file /home/ubuntu/demo8/lib/python3.12/site-packages/airflow/example_dags/example_setup_teardown_taskflow.py for tasks to queue
[2024-12-18T16:00:13.844+0000] {logging_mixin.py:190} INFO - [2024-12-18T16:00:13.843+0000] {dagbag.py:588} INFO - Filling up the DagBag from /home/ubuntu/demo8/lib/python3.12/site-packages/airflow/example_dags/example_setup_teardown_taskflow.py
[2024-12-18T16:00:13.856+0000] {processor.py:925} INFO - DAG(s) 'example_setup_teardown_taskflow' retrieved from /home/ubuntu/demo8/lib/python3.12/site-packages/airflow/example_dags/example_setup_teardown_taskflow.py
[2024-12-18T16:00:13.877+0000] {logging_mixin.py:190} INFO - [2024-12-18T16:00:13.877+0000] {dag.py:3239} INFO - Sync 1 DAGs
[2024-12-18T16:00:13.893+0000] {logging_mixin.py:190} INFO - [2024-12-18T16:00:13.892+0000] {dag.py:4180} INFO - Setting next_dagrun for example_setup_teardown_taskflow to None, run_after=None
[2024-12-18T16:00:13.914+0000] {processor.py:208} INFO - Processing /home/ubuntu/demo8/lib/python3.12/site-packages/airflow/example_dags/example_setup_teardown_taskflow.py took 0.080 seconds
[2024-12-18T16:01:10.785+0000] {processor.py:186} INFO - Started process (PID=5153) to work on /home/ubuntu/demo8/lib/python3.12/site-packages/airflow/example_dags/example_setup_teardown_taskflow.py
[2024-12-18T16:01:10.787+0000] {processor.py:914} INFO - Processing file /home/ubuntu/demo8/lib/python3.12/site-packages/airflow/example_dags/example_setup_teardown_taskflow.py for tasks to queue
[2024-12-18T16:01:10.789+0000] {logging_mixin.py:190} INFO - [2024-12-18T16:01:10.789+0000] {dagbag.py:588} INFO - Filling up the DagBag from /home/ubuntu/demo8/lib/python3.12/site-packages/airflow/example_dags/example_setup_teardown_taskflow.py
[2024-12-18T16:01:10.801+0000] {processor.py:925} INFO - DAG(s) 'example_setup_teardown_taskflow' retrieved from /home/ubuntu/demo8/lib/python3.12/site-packages/airflow/example_dags/example_setup_teardown_taskflow.py
[2024-12-18T16:01:10.821+0000] {logging_mixin.py:190} INFO - [2024-12-18T16:01:10.820+0000] {dag.py:3239} INFO - Sync 1 DAGs
[2024-12-18T16:01:10.834+0000] {logging_mixin.py:190} INFO - [2024-12-18T16:01:10.834+0000] {dag.py:4180} INFO - Setting next_dagrun for example_setup_teardown_taskflow to None, run_after=None
[2024-12-18T16:01:10.857+0000] {processor.py:208} INFO - Processing /home/ubuntu/demo8/lib/python3.12/site-packages/airflow/example_dags/example_setup_teardown_taskflow.py took 0.078 seconds
[2024-12-18T16:02:07.067+0000] {processor.py:186} INFO - Started process (PID=5212) to work on /home/ubuntu/demo8/lib/python3.12/site-packages/airflow/example_dags/example_setup_teardown_taskflow.py
[2024-12-18T16:02:07.068+0000] {processor.py:914} INFO - Processing file /home/ubuntu/demo8/lib/python3.12/site-packages/airflow/example_dags/example_setup_teardown_taskflow.py for tasks to queue
[2024-12-18T16:02:07.070+0000] {logging_mixin.py:190} INFO - [2024-12-18T16:02:07.070+0000] {dagbag.py:588} INFO - Filling up the DagBag from /home/ubuntu/demo8/lib/python3.12/site-packages/airflow/example_dags/example_setup_teardown_taskflow.py
[2024-12-18T16:02:07.083+0000] {processor.py:925} INFO - DAG(s) 'example_setup_teardown_taskflow' retrieved from /home/ubuntu/demo8/lib/python3.12/site-packages/airflow/example_dags/example_setup_teardown_taskflow.py
[2024-12-18T16:02:07.103+0000] {logging_mixin.py:190} INFO - [2024-12-18T16:02:07.103+0000] {dag.py:3239} INFO - Sync 1 DAGs
[2024-12-18T16:02:07.117+0000] {logging_mixin.py:190} INFO - [2024-12-18T16:02:07.116+0000] {dag.py:4180} INFO - Setting next_dagrun for example_setup_teardown_taskflow to None, run_after=None
[2024-12-18T16:02:07.140+0000] {processor.py:208} INFO - Processing /home/ubuntu/demo8/lib/python3.12/site-packages/airflow/example_dags/example_setup_teardown_taskflow.py took 0.079 seconds
[2024-12-18T16:03:01.082+0000] {processor.py:186} INFO - Started process (PID=5267) to work on /home/ubuntu/demo8/lib/python3.12/site-packages/airflow/example_dags/example_setup_teardown_taskflow.py
[2024-12-18T16:03:01.084+0000] {processor.py:914} INFO - Processing file /home/ubuntu/demo8/lib/python3.12/site-packages/airflow/example_dags/example_setup_teardown_taskflow.py for tasks to queue
[2024-12-18T16:03:01.086+0000] {logging_mixin.py:190} INFO - [2024-12-18T16:03:01.086+0000] {dagbag.py:588} INFO - Filling up the DagBag from /home/ubuntu/demo8/lib/python3.12/site-packages/airflow/example_dags/example_setup_teardown_taskflow.py
[2024-12-18T16:03:01.099+0000] {processor.py:925} INFO - DAG(s) 'example_setup_teardown_taskflow' retrieved from /home/ubuntu/demo8/lib/python3.12/site-packages/airflow/example_dags/example_setup_teardown_taskflow.py
[2024-12-18T16:03:01.119+0000] {logging_mixin.py:190} INFO - [2024-12-18T16:03:01.119+0000] {dag.py:3239} INFO - Sync 1 DAGs
[2024-12-18T16:03:01.134+0000] {logging_mixin.py:190} INFO - [2024-12-18T16:03:01.134+0000] {dag.py:4180} INFO - Setting next_dagrun for example_setup_teardown_taskflow to None, run_after=None
[2024-12-18T16:03:01.157+0000] {processor.py:208} INFO - Processing /home/ubuntu/demo8/lib/python3.12/site-packages/airflow/example_dags/example_setup_teardown_taskflow.py took 0.081 seconds
[2024-12-18T20:29:40.845+0000] {processor.py:186} INFO - Started process (PID=2747) to work on /home/ubuntu/demo8/lib/python3.12/site-packages/airflow/example_dags/example_setup_teardown_taskflow.py
[2024-12-18T20:29:40.848+0000] {processor.py:914} INFO - Processing file /home/ubuntu/demo8/lib/python3.12/site-packages/airflow/example_dags/example_setup_teardown_taskflow.py for tasks to queue
[2024-12-18T20:29:40.850+0000] {logging_mixin.py:190} INFO - [2024-12-18T20:29:40.849+0000] {dagbag.py:588} INFO - Filling up the DagBag from /home/ubuntu/demo8/lib/python3.12/site-packages/airflow/example_dags/example_setup_teardown_taskflow.py
[2024-12-18T20:29:40.862+0000] {processor.py:925} INFO - DAG(s) 'example_setup_teardown_taskflow' retrieved from /home/ubuntu/demo8/lib/python3.12/site-packages/airflow/example_dags/example_setup_teardown_taskflow.py
[2024-12-18T20:29:40.883+0000] {logging_mixin.py:190} INFO - [2024-12-18T20:29:40.883+0000] {dag.py:3239} INFO - Sync 1 DAGs
[2024-12-18T20:29:40.898+0000] {logging_mixin.py:190} INFO - [2024-12-18T20:29:40.898+0000] {dag.py:4180} INFO - Setting next_dagrun for example_setup_teardown_taskflow to None, run_after=None
[2024-12-18T20:29:40.921+0000] {processor.py:208} INFO - Processing /home/ubuntu/demo8/lib/python3.12/site-packages/airflow/example_dags/example_setup_teardown_taskflow.py took 0.082 seconds
[2024-12-18T20:30:38.970+0000] {processor.py:186} INFO - Started process (PID=2930) to work on /home/ubuntu/demo8/lib/python3.12/site-packages/airflow/example_dags/example_setup_teardown_taskflow.py
[2024-12-18T20:30:38.971+0000] {processor.py:914} INFO - Processing file /home/ubuntu/demo8/lib/python3.12/site-packages/airflow/example_dags/example_setup_teardown_taskflow.py for tasks to queue
[2024-12-18T20:30:38.974+0000] {logging_mixin.py:190} INFO - [2024-12-18T20:30:38.973+0000] {dagbag.py:588} INFO - Filling up the DagBag from /home/ubuntu/demo8/lib/python3.12/site-packages/airflow/example_dags/example_setup_teardown_taskflow.py
[2024-12-18T20:30:38.986+0000] {processor.py:925} INFO - DAG(s) 'example_setup_teardown_taskflow' retrieved from /home/ubuntu/demo8/lib/python3.12/site-packages/airflow/example_dags/example_setup_teardown_taskflow.py
[2024-12-18T20:30:39.005+0000] {logging_mixin.py:190} INFO - [2024-12-18T20:30:39.005+0000] {dag.py:3239} INFO - Sync 1 DAGs
[2024-12-18T20:30:39.019+0000] {logging_mixin.py:190} INFO - [2024-12-18T20:30:39.019+0000] {dag.py:4180} INFO - Setting next_dagrun for example_setup_teardown_taskflow to None, run_after=None
[2024-12-18T20:30:39.043+0000] {processor.py:208} INFO - Processing /home/ubuntu/demo8/lib/python3.12/site-packages/airflow/example_dags/example_setup_teardown_taskflow.py took 0.078 seconds
[2024-12-18T20:31:34.494+0000] {processor.py:186} INFO - Started process (PID=3145) to work on /home/ubuntu/demo8/lib/python3.12/site-packages/airflow/example_dags/example_setup_teardown_taskflow.py
[2024-12-18T20:31:34.495+0000] {processor.py:914} INFO - Processing file /home/ubuntu/demo8/lib/python3.12/site-packages/airflow/example_dags/example_setup_teardown_taskflow.py for tasks to queue
[2024-12-18T20:31:34.497+0000] {logging_mixin.py:190} INFO - [2024-12-18T20:31:34.497+0000] {dagbag.py:588} INFO - Filling up the DagBag from /home/ubuntu/demo8/lib/python3.12/site-packages/airflow/example_dags/example_setup_teardown_taskflow.py
[2024-12-18T20:31:34.510+0000] {processor.py:925} INFO - DAG(s) 'example_setup_teardown_taskflow' retrieved from /home/ubuntu/demo8/lib/python3.12/site-packages/airflow/example_dags/example_setup_teardown_taskflow.py
[2024-12-18T20:31:34.529+0000] {logging_mixin.py:190} INFO - [2024-12-18T20:31:34.528+0000] {dag.py:3239} INFO - Sync 1 DAGs
[2024-12-18T20:31:34.542+0000] {logging_mixin.py:190} INFO - [2024-12-18T20:31:34.542+0000] {dag.py:4180} INFO - Setting next_dagrun for example_setup_teardown_taskflow to None, run_after=None
[2024-12-18T20:31:34.565+0000] {processor.py:208} INFO - Processing /home/ubuntu/demo8/lib/python3.12/site-packages/airflow/example_dags/example_setup_teardown_taskflow.py took 0.077 seconds
[2024-12-18T20:32:29.851+0000] {processor.py:186} INFO - Started process (PID=3367) to work on /home/ubuntu/demo8/lib/python3.12/site-packages/airflow/example_dags/example_setup_teardown_taskflow.py
[2024-12-18T20:32:29.853+0000] {processor.py:914} INFO - Processing file /home/ubuntu/demo8/lib/python3.12/site-packages/airflow/example_dags/example_setup_teardown_taskflow.py for tasks to queue
[2024-12-18T20:32:29.855+0000] {logging_mixin.py:190} INFO - [2024-12-18T20:32:29.855+0000] {dagbag.py:588} INFO - Filling up the DagBag from /home/ubuntu/demo8/lib/python3.12/site-packages/airflow/example_dags/example_setup_teardown_taskflow.py
[2024-12-18T20:32:29.868+0000] {processor.py:925} INFO - DAG(s) 'example_setup_teardown_taskflow' retrieved from /home/ubuntu/demo8/lib/python3.12/site-packages/airflow/example_dags/example_setup_teardown_taskflow.py
[2024-12-18T20:32:29.887+0000] {logging_mixin.py:190} INFO - [2024-12-18T20:32:29.887+0000] {dag.py:3239} INFO - Sync 1 DAGs
[2024-12-18T20:32:29.901+0000] {logging_mixin.py:190} INFO - [2024-12-18T20:32:29.901+0000] {dag.py:4180} INFO - Setting next_dagrun for example_setup_teardown_taskflow to None, run_after=None
[2024-12-18T20:32:29.924+0000] {processor.py:208} INFO - Processing /home/ubuntu/demo8/lib/python3.12/site-packages/airflow/example_dags/example_setup_teardown_taskflow.py took 0.079 seconds
[2024-12-18T20:33:24.395+0000] {processor.py:186} INFO - Started process (PID=3516) to work on /home/ubuntu/demo8/lib/python3.12/site-packages/airflow/example_dags/example_setup_teardown_taskflow.py
[2024-12-18T20:33:24.396+0000] {processor.py:914} INFO - Processing file /home/ubuntu/demo8/lib/python3.12/site-packages/airflow/example_dags/example_setup_teardown_taskflow.py for tasks to queue
[2024-12-18T20:33:24.399+0000] {logging_mixin.py:190} INFO - [2024-12-18T20:33:24.398+0000] {dagbag.py:588} INFO - Filling up the DagBag from /home/ubuntu/demo8/lib/python3.12/site-packages/airflow/example_dags/example_setup_teardown_taskflow.py
[2024-12-18T20:33:24.412+0000] {processor.py:925} INFO - DAG(s) 'example_setup_teardown_taskflow' retrieved from /home/ubuntu/demo8/lib/python3.12/site-packages/airflow/example_dags/example_setup_teardown_taskflow.py
[2024-12-18T20:33:24.432+0000] {logging_mixin.py:190} INFO - [2024-12-18T20:33:24.431+0000] {dag.py:3239} INFO - Sync 1 DAGs
[2024-12-18T20:33:24.445+0000] {logging_mixin.py:190} INFO - [2024-12-18T20:33:24.445+0000] {dag.py:4180} INFO - Setting next_dagrun for example_setup_teardown_taskflow to None, run_after=None
[2024-12-18T20:33:24.468+0000] {processor.py:208} INFO - Processing /home/ubuntu/demo8/lib/python3.12/site-packages/airflow/example_dags/example_setup_teardown_taskflow.py took 0.079 seconds
[2024-12-18T20:34:25.800+0000] {processor.py:186} INFO - Started process (PID=3695) to work on /home/ubuntu/demo8/lib/python3.12/site-packages/airflow/example_dags/example_setup_teardown_taskflow.py
[2024-12-18T20:34:25.801+0000] {processor.py:914} INFO - Processing file /home/ubuntu/demo8/lib/python3.12/site-packages/airflow/example_dags/example_setup_teardown_taskflow.py for tasks to queue
[2024-12-18T20:34:25.804+0000] {logging_mixin.py:190} INFO - [2024-12-18T20:34:25.803+0000] {dagbag.py:588} INFO - Filling up the DagBag from /home/ubuntu/demo8/lib/python3.12/site-packages/airflow/example_dags/example_setup_teardown_taskflow.py
[2024-12-18T20:34:25.828+0000] {processor.py:925} INFO - DAG(s) 'example_setup_teardown_taskflow' retrieved from /home/ubuntu/demo8/lib/python3.12/site-packages/airflow/example_dags/example_setup_teardown_taskflow.py
[2024-12-18T20:34:25.970+0000] {logging_mixin.py:190} INFO - [2024-12-18T20:34:25.969+0000] {dag.py:3239} INFO - Sync 1 DAGs
[2024-12-18T20:34:25.982+0000] {logging_mixin.py:190} INFO - [2024-12-18T20:34:25.981+0000] {dag.py:4180} INFO - Setting next_dagrun for example_setup_teardown_taskflow to None, run_after=None
[2024-12-18T20:34:26.004+0000] {processor.py:208} INFO - Processing /home/ubuntu/demo8/lib/python3.12/site-packages/airflow/example_dags/example_setup_teardown_taskflow.py took 0.210 seconds
[2024-12-18T20:35:29.206+0000] {processor.py:186} INFO - Started process (PID=3822) to work on /home/ubuntu/demo8/lib/python3.12/site-packages/airflow/example_dags/example_setup_teardown_taskflow.py
[2024-12-18T20:35:29.208+0000] {processor.py:914} INFO - Processing file /home/ubuntu/demo8/lib/python3.12/site-packages/airflow/example_dags/example_setup_teardown_taskflow.py for tasks to queue
[2024-12-18T20:35:29.211+0000] {logging_mixin.py:190} INFO - [2024-12-18T20:35:29.210+0000] {dagbag.py:588} INFO - Filling up the DagBag from /home/ubuntu/demo8/lib/python3.12/site-packages/airflow/example_dags/example_setup_teardown_taskflow.py
[2024-12-18T20:35:29.223+0000] {processor.py:925} INFO - DAG(s) 'example_setup_teardown_taskflow' retrieved from /home/ubuntu/demo8/lib/python3.12/site-packages/airflow/example_dags/example_setup_teardown_taskflow.py
[2024-12-18T20:35:29.243+0000] {logging_mixin.py:190} INFO - [2024-12-18T20:35:29.242+0000] {dag.py:3239} INFO - Sync 1 DAGs
[2024-12-18T20:35:29.256+0000] {logging_mixin.py:190} INFO - [2024-12-18T20:35:29.256+0000] {dag.py:4180} INFO - Setting next_dagrun for example_setup_teardown_taskflow to None, run_after=None
[2024-12-18T20:35:29.279+0000] {processor.py:208} INFO - Processing /home/ubuntu/demo8/lib/python3.12/site-packages/airflow/example_dags/example_setup_teardown_taskflow.py took 0.079 seconds
[2024-12-18T20:36:27.024+0000] {processor.py:186} INFO - Started process (PID=3942) to work on /home/ubuntu/demo8/lib/python3.12/site-packages/airflow/example_dags/example_setup_teardown_taskflow.py
[2024-12-18T20:36:27.026+0000] {processor.py:914} INFO - Processing file /home/ubuntu/demo8/lib/python3.12/site-packages/airflow/example_dags/example_setup_teardown_taskflow.py for tasks to queue
[2024-12-18T20:36:27.029+0000] {logging_mixin.py:190} INFO - [2024-12-18T20:36:27.029+0000] {dagbag.py:588} INFO - Filling up the DagBag from /home/ubuntu/demo8/lib/python3.12/site-packages/airflow/example_dags/example_setup_teardown_taskflow.py
[2024-12-18T20:36:27.042+0000] {processor.py:925} INFO - DAG(s) 'example_setup_teardown_taskflow' retrieved from /home/ubuntu/demo8/lib/python3.12/site-packages/airflow/example_dags/example_setup_teardown_taskflow.py
[2024-12-18T20:36:27.063+0000] {logging_mixin.py:190} INFO - [2024-12-18T20:36:27.063+0000] {dag.py:3239} INFO - Sync 1 DAGs
[2024-12-18T20:36:27.079+0000] {logging_mixin.py:190} INFO - [2024-12-18T20:36:27.078+0000] {dag.py:4180} INFO - Setting next_dagrun for example_setup_teardown_taskflow to None, run_after=None
[2024-12-18T20:36:27.102+0000] {processor.py:208} INFO - Processing /home/ubuntu/demo8/lib/python3.12/site-packages/airflow/example_dags/example_setup_teardown_taskflow.py took 0.084 seconds
[2024-12-18T20:37:22.527+0000] {processor.py:186} INFO - Started process (PID=4062) to work on /home/ubuntu/demo8/lib/python3.12/site-packages/airflow/example_dags/example_setup_teardown_taskflow.py
[2024-12-18T20:37:22.529+0000] {processor.py:914} INFO - Processing file /home/ubuntu/demo8/lib/python3.12/site-packages/airflow/example_dags/example_setup_teardown_taskflow.py for tasks to queue
[2024-12-18T20:37:22.531+0000] {logging_mixin.py:190} INFO - [2024-12-18T20:37:22.531+0000] {dagbag.py:588} INFO - Filling up the DagBag from /home/ubuntu/demo8/lib/python3.12/site-packages/airflow/example_dags/example_setup_teardown_taskflow.py
[2024-12-18T20:37:22.545+0000] {processor.py:925} INFO - DAG(s) 'example_setup_teardown_taskflow' retrieved from /home/ubuntu/demo8/lib/python3.12/site-packages/airflow/example_dags/example_setup_teardown_taskflow.py
[2024-12-18T20:37:22.565+0000] {logging_mixin.py:190} INFO - [2024-12-18T20:37:22.565+0000] {dag.py:3239} INFO - Sync 1 DAGs
[2024-12-18T20:37:22.580+0000] {logging_mixin.py:190} INFO - [2024-12-18T20:37:22.579+0000] {dag.py:4180} INFO - Setting next_dagrun for example_setup_teardown_taskflow to None, run_after=None
[2024-12-18T20:37:22.604+0000] {processor.py:208} INFO - Processing /home/ubuntu/demo8/lib/python3.12/site-packages/airflow/example_dags/example_setup_teardown_taskflow.py took 0.084 seconds
[2024-12-18T20:38:18.072+0000] {processor.py:186} INFO - Started process (PID=4177) to work on /home/ubuntu/demo8/lib/python3.12/site-packages/airflow/example_dags/example_setup_teardown_taskflow.py
[2024-12-18T20:38:18.074+0000] {processor.py:914} INFO - Processing file /home/ubuntu/demo8/lib/python3.12/site-packages/airflow/example_dags/example_setup_teardown_taskflow.py for tasks to queue
[2024-12-18T20:38:18.076+0000] {logging_mixin.py:190} INFO - [2024-12-18T20:38:18.076+0000] {dagbag.py:588} INFO - Filling up the DagBag from /home/ubuntu/demo8/lib/python3.12/site-packages/airflow/example_dags/example_setup_teardown_taskflow.py
[2024-12-18T20:38:18.090+0000] {processor.py:925} INFO - DAG(s) 'example_setup_teardown_taskflow' retrieved from /home/ubuntu/demo8/lib/python3.12/site-packages/airflow/example_dags/example_setup_teardown_taskflow.py
[2024-12-18T20:38:18.110+0000] {logging_mixin.py:190} INFO - [2024-12-18T20:38:18.110+0000] {dag.py:3239} INFO - Sync 1 DAGs
[2024-12-18T20:38:18.125+0000] {logging_mixin.py:190} INFO - [2024-12-18T20:38:18.125+0000] {dag.py:4180} INFO - Setting next_dagrun for example_setup_teardown_taskflow to None, run_after=None
[2024-12-18T20:38:18.149+0000] {processor.py:208} INFO - Processing /home/ubuntu/demo8/lib/python3.12/site-packages/airflow/example_dags/example_setup_teardown_taskflow.py took 0.083 seconds
[2024-12-18T20:39:14.957+0000] {processor.py:186} INFO - Started process (PID=4236) to work on /home/ubuntu/demo8/lib/python3.12/site-packages/airflow/example_dags/example_setup_teardown_taskflow.py
[2024-12-18T20:39:14.958+0000] {processor.py:914} INFO - Processing file /home/ubuntu/demo8/lib/python3.12/site-packages/airflow/example_dags/example_setup_teardown_taskflow.py for tasks to queue
[2024-12-18T20:39:14.961+0000] {logging_mixin.py:190} INFO - [2024-12-18T20:39:14.961+0000] {dagbag.py:588} INFO - Filling up the DagBag from /home/ubuntu/demo8/lib/python3.12/site-packages/airflow/example_dags/example_setup_teardown_taskflow.py
[2024-12-18T20:39:14.974+0000] {processor.py:925} INFO - DAG(s) 'example_setup_teardown_taskflow' retrieved from /home/ubuntu/demo8/lib/python3.12/site-packages/airflow/example_dags/example_setup_teardown_taskflow.py
[2024-12-18T20:39:14.993+0000] {logging_mixin.py:190} INFO - [2024-12-18T20:39:14.993+0000] {dag.py:3239} INFO - Sync 1 DAGs
[2024-12-18T20:39:15.007+0000] {logging_mixin.py:190} INFO - [2024-12-18T20:39:15.007+0000] {dag.py:4180} INFO - Setting next_dagrun for example_setup_teardown_taskflow to None, run_after=None
[2024-12-18T20:39:15.031+0000] {processor.py:208} INFO - Processing /home/ubuntu/demo8/lib/python3.12/site-packages/airflow/example_dags/example_setup_teardown_taskflow.py took 0.080 seconds
[2024-12-18T20:40:09.947+0000] {processor.py:186} INFO - Started process (PID=4431) to work on /home/ubuntu/demo8/lib/python3.12/site-packages/airflow/example_dags/example_setup_teardown_taskflow.py
[2024-12-18T20:40:09.949+0000] {processor.py:914} INFO - Processing file /home/ubuntu/demo8/lib/python3.12/site-packages/airflow/example_dags/example_setup_teardown_taskflow.py for tasks to queue
[2024-12-18T20:40:09.952+0000] {logging_mixin.py:190} INFO - [2024-12-18T20:40:09.951+0000] {dagbag.py:588} INFO - Filling up the DagBag from /home/ubuntu/demo8/lib/python3.12/site-packages/airflow/example_dags/example_setup_teardown_taskflow.py
[2024-12-18T20:40:09.965+0000] {processor.py:925} INFO - DAG(s) 'example_setup_teardown_taskflow' retrieved from /home/ubuntu/demo8/lib/python3.12/site-packages/airflow/example_dags/example_setup_teardown_taskflow.py
[2024-12-18T20:40:09.985+0000] {logging_mixin.py:190} INFO - [2024-12-18T20:40:09.985+0000] {dag.py:3239} INFO - Sync 1 DAGs
[2024-12-18T20:40:09.999+0000] {logging_mixin.py:190} INFO - [2024-12-18T20:40:09.999+0000] {dag.py:4180} INFO - Setting next_dagrun for example_setup_teardown_taskflow to None, run_after=None
[2024-12-18T20:40:10.021+0000] {processor.py:208} INFO - Processing /home/ubuntu/demo8/lib/python3.12/site-packages/airflow/example_dags/example_setup_teardown_taskflow.py took 0.080 seconds
[2024-12-18T20:41:07.224+0000] {processor.py:186} INFO - Started process (PID=4550) to work on /home/ubuntu/demo8/lib/python3.12/site-packages/airflow/example_dags/example_setup_teardown_taskflow.py
[2024-12-18T20:41:07.226+0000] {processor.py:914} INFO - Processing file /home/ubuntu/demo8/lib/python3.12/site-packages/airflow/example_dags/example_setup_teardown_taskflow.py for tasks to queue
[2024-12-18T20:41:07.228+0000] {logging_mixin.py:190} INFO - [2024-12-18T20:41:07.228+0000] {dagbag.py:588} INFO - Filling up the DagBag from /home/ubuntu/demo8/lib/python3.12/site-packages/airflow/example_dags/example_setup_teardown_taskflow.py
[2024-12-18T20:41:07.241+0000] {processor.py:925} INFO - DAG(s) 'example_setup_teardown_taskflow' retrieved from /home/ubuntu/demo8/lib/python3.12/site-packages/airflow/example_dags/example_setup_teardown_taskflow.py
[2024-12-18T20:41:07.262+0000] {logging_mixin.py:190} INFO - [2024-12-18T20:41:07.262+0000] {dag.py:3239} INFO - Sync 1 DAGs
[2024-12-18T20:41:07.276+0000] {logging_mixin.py:190} INFO - [2024-12-18T20:41:07.276+0000] {dag.py:4180} INFO - Setting next_dagrun for example_setup_teardown_taskflow to None, run_after=None
[2024-12-18T20:41:07.298+0000] {processor.py:208} INFO - Processing /home/ubuntu/demo8/lib/python3.12/site-packages/airflow/example_dags/example_setup_teardown_taskflow.py took 0.082 seconds
[2024-12-18T20:42:04.372+0000] {processor.py:186} INFO - Started process (PID=4672) to work on /home/ubuntu/demo8/lib/python3.12/site-packages/airflow/example_dags/example_setup_teardown_taskflow.py
[2024-12-18T20:42:04.373+0000] {processor.py:914} INFO - Processing file /home/ubuntu/demo8/lib/python3.12/site-packages/airflow/example_dags/example_setup_teardown_taskflow.py for tasks to queue
[2024-12-18T20:42:04.376+0000] {logging_mixin.py:190} INFO - [2024-12-18T20:42:04.375+0000] {dagbag.py:588} INFO - Filling up the DagBag from /home/ubuntu/demo8/lib/python3.12/site-packages/airflow/example_dags/example_setup_teardown_taskflow.py
[2024-12-18T20:42:04.388+0000] {processor.py:925} INFO - DAG(s) 'example_setup_teardown_taskflow' retrieved from /home/ubuntu/demo8/lib/python3.12/site-packages/airflow/example_dags/example_setup_teardown_taskflow.py
[2024-12-18T20:42:04.408+0000] {logging_mixin.py:190} INFO - [2024-12-18T20:42:04.408+0000] {dag.py:3239} INFO - Sync 1 DAGs
[2024-12-18T20:42:04.423+0000] {logging_mixin.py:190} INFO - [2024-12-18T20:42:04.422+0000] {dag.py:4180} INFO - Setting next_dagrun for example_setup_teardown_taskflow to None, run_after=None
[2024-12-18T20:42:04.455+0000] {processor.py:208} INFO - Processing /home/ubuntu/demo8/lib/python3.12/site-packages/airflow/example_dags/example_setup_teardown_taskflow.py took 0.090 seconds
[2024-12-18T20:42:59.964+0000] {processor.py:186} INFO - Started process (PID=4788) to work on /home/ubuntu/demo8/lib/python3.12/site-packages/airflow/example_dags/example_setup_teardown_taskflow.py
[2024-12-18T20:42:59.965+0000] {processor.py:914} INFO - Processing file /home/ubuntu/demo8/lib/python3.12/site-packages/airflow/example_dags/example_setup_teardown_taskflow.py for tasks to queue
[2024-12-18T20:42:59.968+0000] {logging_mixin.py:190} INFO - [2024-12-18T20:42:59.967+0000] {dagbag.py:588} INFO - Filling up the DagBag from /home/ubuntu/demo8/lib/python3.12/site-packages/airflow/example_dags/example_setup_teardown_taskflow.py
[2024-12-18T20:42:59.981+0000] {processor.py:925} INFO - DAG(s) 'example_setup_teardown_taskflow' retrieved from /home/ubuntu/demo8/lib/python3.12/site-packages/airflow/example_dags/example_setup_teardown_taskflow.py
[2024-12-18T20:43:00.000+0000] {logging_mixin.py:190} INFO - [2024-12-18T20:43:00.000+0000] {dag.py:3239} INFO - Sync 1 DAGs
[2024-12-18T20:43:00.015+0000] {logging_mixin.py:190} INFO - [2024-12-18T20:43:00.015+0000] {dag.py:4180} INFO - Setting next_dagrun for example_setup_teardown_taskflow to None, run_after=None
[2024-12-18T20:43:00.039+0000] {processor.py:208} INFO - Processing /home/ubuntu/demo8/lib/python3.12/site-packages/airflow/example_dags/example_setup_teardown_taskflow.py took 0.082 seconds
[2024-12-18T20:43:52.034+0000] {processor.py:186} INFO - Started process (PID=4903) to work on /home/ubuntu/demo8/lib/python3.12/site-packages/airflow/example_dags/example_setup_teardown_taskflow.py
[2024-12-18T20:43:52.036+0000] {processor.py:914} INFO - Processing file /home/ubuntu/demo8/lib/python3.12/site-packages/airflow/example_dags/example_setup_teardown_taskflow.py for tasks to queue
[2024-12-18T20:43:52.038+0000] {logging_mixin.py:190} INFO - [2024-12-18T20:43:52.038+0000] {dagbag.py:588} INFO - Filling up the DagBag from /home/ubuntu/demo8/lib/python3.12/site-packages/airflow/example_dags/example_setup_teardown_taskflow.py
[2024-12-18T20:43:52.051+0000] {processor.py:925} INFO - DAG(s) 'example_setup_teardown_taskflow' retrieved from /home/ubuntu/demo8/lib/python3.12/site-packages/airflow/example_dags/example_setup_teardown_taskflow.py
[2024-12-18T20:43:52.071+0000] {logging_mixin.py:190} INFO - [2024-12-18T20:43:52.071+0000] {dag.py:3239} INFO - Sync 1 DAGs
[2024-12-18T20:43:52.085+0000] {logging_mixin.py:190} INFO - [2024-12-18T20:43:52.085+0000] {dag.py:4180} INFO - Setting next_dagrun for example_setup_teardown_taskflow to None, run_after=None
[2024-12-18T20:43:52.107+0000] {processor.py:208} INFO - Processing /home/ubuntu/demo8/lib/python3.12/site-packages/airflow/example_dags/example_setup_teardown_taskflow.py took 0.079 seconds
[2024-12-18T20:44:46.934+0000] {processor.py:186} INFO - Started process (PID=5081) to work on /home/ubuntu/demo8/lib/python3.12/site-packages/airflow/example_dags/example_setup_teardown_taskflow.py
[2024-12-18T20:44:46.936+0000] {processor.py:914} INFO - Processing file /home/ubuntu/demo8/lib/python3.12/site-packages/airflow/example_dags/example_setup_teardown_taskflow.py for tasks to queue
[2024-12-18T20:44:46.939+0000] {logging_mixin.py:190} INFO - [2024-12-18T20:44:46.938+0000] {dagbag.py:588} INFO - Filling up the DagBag from /home/ubuntu/demo8/lib/python3.12/site-packages/airflow/example_dags/example_setup_teardown_taskflow.py
[2024-12-18T20:44:46.952+0000] {processor.py:925} INFO - DAG(s) 'example_setup_teardown_taskflow' retrieved from /home/ubuntu/demo8/lib/python3.12/site-packages/airflow/example_dags/example_setup_teardown_taskflow.py
[2024-12-18T20:44:46.972+0000] {logging_mixin.py:190} INFO - [2024-12-18T20:44:46.971+0000] {dag.py:3239} INFO - Sync 1 DAGs
[2024-12-18T20:44:46.985+0000] {logging_mixin.py:190} INFO - [2024-12-18T20:44:46.985+0000] {dag.py:4180} INFO - Setting next_dagrun for example_setup_teardown_taskflow to None, run_after=None
[2024-12-18T20:44:47.009+0000] {processor.py:208} INFO - Processing /home/ubuntu/demo8/lib/python3.12/site-packages/airflow/example_dags/example_setup_teardown_taskflow.py took 0.081 seconds
[2024-12-18T20:45:41.129+0000] {processor.py:186} INFO - Started process (PID=5203) to work on /home/ubuntu/demo8/lib/python3.12/site-packages/airflow/example_dags/example_setup_teardown_taskflow.py
[2024-12-18T20:45:41.131+0000] {processor.py:914} INFO - Processing file /home/ubuntu/demo8/lib/python3.12/site-packages/airflow/example_dags/example_setup_teardown_taskflow.py for tasks to queue
[2024-12-18T20:45:41.134+0000] {logging_mixin.py:190} INFO - [2024-12-18T20:45:41.133+0000] {dagbag.py:588} INFO - Filling up the DagBag from /home/ubuntu/demo8/lib/python3.12/site-packages/airflow/example_dags/example_setup_teardown_taskflow.py
[2024-12-18T20:45:41.147+0000] {processor.py:925} INFO - DAG(s) 'example_setup_teardown_taskflow' retrieved from /home/ubuntu/demo8/lib/python3.12/site-packages/airflow/example_dags/example_setup_teardown_taskflow.py
[2024-12-18T20:45:41.167+0000] {logging_mixin.py:190} INFO - [2024-12-18T20:45:41.167+0000] {dag.py:3239} INFO - Sync 1 DAGs
[2024-12-18T20:45:41.181+0000] {logging_mixin.py:190} INFO - [2024-12-18T20:45:41.181+0000] {dag.py:4180} INFO - Setting next_dagrun for example_setup_teardown_taskflow to None, run_after=None
[2024-12-18T20:45:41.205+0000] {processor.py:208} INFO - Processing /home/ubuntu/demo8/lib/python3.12/site-packages/airflow/example_dags/example_setup_teardown_taskflow.py took 0.082 seconds
[2024-12-18T20:47:19.513+0000] {processor.py:186} INFO - Started process (PID=5828) to work on /home/ubuntu/demo8/lib/python3.12/site-packages/airflow/example_dags/example_setup_teardown_taskflow.py
[2024-12-18T20:47:19.514+0000] {processor.py:914} INFO - Processing file /home/ubuntu/demo8/lib/python3.12/site-packages/airflow/example_dags/example_setup_teardown_taskflow.py for tasks to queue
[2024-12-18T20:47:19.517+0000] {logging_mixin.py:190} INFO - [2024-12-18T20:47:19.517+0000] {dagbag.py:588} INFO - Filling up the DagBag from /home/ubuntu/demo8/lib/python3.12/site-packages/airflow/example_dags/example_setup_teardown_taskflow.py
[2024-12-18T20:47:19.529+0000] {processor.py:925} INFO - DAG(s) 'example_setup_teardown_taskflow' retrieved from /home/ubuntu/demo8/lib/python3.12/site-packages/airflow/example_dags/example_setup_teardown_taskflow.py
[2024-12-18T20:47:19.551+0000] {logging_mixin.py:190} INFO - [2024-12-18T20:47:19.551+0000] {dag.py:3239} INFO - Sync 1 DAGs
[2024-12-18T20:47:19.567+0000] {logging_mixin.py:190} INFO - [2024-12-18T20:47:19.567+0000] {dag.py:4180} INFO - Setting next_dagrun for example_setup_teardown_taskflow to None, run_after=None
[2024-12-18T20:47:19.591+0000] {processor.py:208} INFO - Processing /home/ubuntu/demo8/lib/python3.12/site-packages/airflow/example_dags/example_setup_teardown_taskflow.py took 0.085 seconds
[2024-12-18T20:48:18.978+0000] {processor.py:186} INFO - Started process (PID=5948) to work on /home/ubuntu/demo8/lib/python3.12/site-packages/airflow/example_dags/example_setup_teardown_taskflow.py
[2024-12-18T20:48:18.980+0000] {processor.py:914} INFO - Processing file /home/ubuntu/demo8/lib/python3.12/site-packages/airflow/example_dags/example_setup_teardown_taskflow.py for tasks to queue
[2024-12-18T20:48:18.982+0000] {logging_mixin.py:190} INFO - [2024-12-18T20:48:18.982+0000] {dagbag.py:588} INFO - Filling up the DagBag from /home/ubuntu/demo8/lib/python3.12/site-packages/airflow/example_dags/example_setup_teardown_taskflow.py
[2024-12-18T20:48:18.995+0000] {processor.py:925} INFO - DAG(s) 'example_setup_teardown_taskflow' retrieved from /home/ubuntu/demo8/lib/python3.12/site-packages/airflow/example_dags/example_setup_teardown_taskflow.py
[2024-12-18T20:48:19.016+0000] {logging_mixin.py:190} INFO - [2024-12-18T20:48:19.016+0000] {dag.py:3239} INFO - Sync 1 DAGs
[2024-12-18T20:48:19.031+0000] {logging_mixin.py:190} INFO - [2024-12-18T20:48:19.031+0000] {dag.py:4180} INFO - Setting next_dagrun for example_setup_teardown_taskflow to None, run_after=None
[2024-12-18T20:48:19.056+0000] {processor.py:208} INFO - Processing /home/ubuntu/demo8/lib/python3.12/site-packages/airflow/example_dags/example_setup_teardown_taskflow.py took 0.083 seconds
[2024-12-18T20:49:15.226+0000] {processor.py:186} INFO - Started process (PID=6429) to work on /home/ubuntu/demo8/lib/python3.12/site-packages/airflow/example_dags/example_setup_teardown_taskflow.py
[2024-12-18T20:49:15.227+0000] {processor.py:914} INFO - Processing file /home/ubuntu/demo8/lib/python3.12/site-packages/airflow/example_dags/example_setup_teardown_taskflow.py for tasks to queue
[2024-12-18T20:49:15.230+0000] {logging_mixin.py:190} INFO - [2024-12-18T20:49:15.230+0000] {dagbag.py:588} INFO - Filling up the DagBag from /home/ubuntu/demo8/lib/python3.12/site-packages/airflow/example_dags/example_setup_teardown_taskflow.py
[2024-12-18T20:49:15.243+0000] {processor.py:925} INFO - DAG(s) 'example_setup_teardown_taskflow' retrieved from /home/ubuntu/demo8/lib/python3.12/site-packages/airflow/example_dags/example_setup_teardown_taskflow.py
[2024-12-18T20:49:15.263+0000] {logging_mixin.py:190} INFO - [2024-12-18T20:49:15.263+0000] {dag.py:3239} INFO - Sync 1 DAGs
[2024-12-18T20:49:15.278+0000] {logging_mixin.py:190} INFO - [2024-12-18T20:49:15.278+0000] {dag.py:4180} INFO - Setting next_dagrun for example_setup_teardown_taskflow to None, run_after=None
[2024-12-18T20:49:15.312+0000] {processor.py:208} INFO - Processing /home/ubuntu/demo8/lib/python3.12/site-packages/airflow/example_dags/example_setup_teardown_taskflow.py took 0.092 seconds
[2024-12-18T20:50:13.519+0000] {processor.py:186} INFO - Started process (PID=6671) to work on /home/ubuntu/demo8/lib/python3.12/site-packages/airflow/example_dags/example_setup_teardown_taskflow.py
[2024-12-18T20:50:13.520+0000] {processor.py:914} INFO - Processing file /home/ubuntu/demo8/lib/python3.12/site-packages/airflow/example_dags/example_setup_teardown_taskflow.py for tasks to queue
[2024-12-18T20:50:13.522+0000] {logging_mixin.py:190} INFO - [2024-12-18T20:50:13.522+0000] {dagbag.py:588} INFO - Filling up the DagBag from /home/ubuntu/demo8/lib/python3.12/site-packages/airflow/example_dags/example_setup_teardown_taskflow.py
[2024-12-18T20:50:13.535+0000] {processor.py:925} INFO - DAG(s) 'example_setup_teardown_taskflow' retrieved from /home/ubuntu/demo8/lib/python3.12/site-packages/airflow/example_dags/example_setup_teardown_taskflow.py
[2024-12-18T20:50:13.554+0000] {logging_mixin.py:190} INFO - [2024-12-18T20:50:13.554+0000] {dag.py:3239} INFO - Sync 1 DAGs
[2024-12-18T20:50:13.568+0000] {logging_mixin.py:190} INFO - [2024-12-18T20:50:13.568+0000] {dag.py:4180} INFO - Setting next_dagrun for example_setup_teardown_taskflow to None, run_after=None
[2024-12-18T20:50:13.592+0000] {processor.py:208} INFO - Processing /home/ubuntu/demo8/lib/python3.12/site-packages/airflow/example_dags/example_setup_teardown_taskflow.py took 0.079 seconds
[2024-12-18T20:51:08.480+0000] {processor.py:186} INFO - Started process (PID=6957) to work on /home/ubuntu/demo8/lib/python3.12/site-packages/airflow/example_dags/example_setup_teardown_taskflow.py
[2024-12-18T20:51:08.481+0000] {processor.py:914} INFO - Processing file /home/ubuntu/demo8/lib/python3.12/site-packages/airflow/example_dags/example_setup_teardown_taskflow.py for tasks to queue
[2024-12-18T20:51:08.484+0000] {logging_mixin.py:190} INFO - [2024-12-18T20:51:08.483+0000] {dagbag.py:588} INFO - Filling up the DagBag from /home/ubuntu/demo8/lib/python3.12/site-packages/airflow/example_dags/example_setup_teardown_taskflow.py
[2024-12-18T20:51:08.496+0000] {processor.py:925} INFO - DAG(s) 'example_setup_teardown_taskflow' retrieved from /home/ubuntu/demo8/lib/python3.12/site-packages/airflow/example_dags/example_setup_teardown_taskflow.py
[2024-12-18T20:51:08.516+0000] {logging_mixin.py:190} INFO - [2024-12-18T20:51:08.516+0000] {dag.py:3239} INFO - Sync 1 DAGs
[2024-12-18T20:51:08.530+0000] {logging_mixin.py:190} INFO - [2024-12-18T20:51:08.529+0000] {dag.py:4180} INFO - Setting next_dagrun for example_setup_teardown_taskflow to None, run_after=None
[2024-12-18T20:51:08.553+0000] {processor.py:208} INFO - Processing /home/ubuntu/demo8/lib/python3.12/site-packages/airflow/example_dags/example_setup_teardown_taskflow.py took 0.079 seconds
