[2024-12-18T15:45:02.288+0000] {processor.py:186} INFO - Started process (PID=3685) to work on /home/ubuntu/demo8/lib/python3.12/site-packages/airflow/example_dags/example_branch_operator_decorator.py
[2024-12-18T15:45:02.289+0000] {processor.py:914} INFO - Processing file /home/ubuntu/demo8/lib/python3.12/site-packages/airflow/example_dags/example_branch_operator_decorator.py for tasks to queue
[2024-12-18T15:45:02.291+0000] {logging_mixin.py:190} INFO - [2024-12-18T15:45:02.290+0000] {dagbag.py:588} INFO - Filling up the DagBag from /home/ubuntu/demo8/lib/python3.12/site-packages/airflow/example_dags/example_branch_operator_decorator.py
[2024-12-18T15:45:02.294+0000] {processor.py:927} WARNING - No viable dags retrieved from /home/ubuntu/demo8/lib/python3.12/site-packages/airflow/example_dags/example_branch_operator_decorator.py
[2024-12-18T15:45:02.306+0000] {processor.py:208} INFO - Processing /home/ubuntu/demo8/lib/python3.12/site-packages/airflow/example_dags/example_branch_operator_decorator.py took 0.024 seconds
[2024-12-18T15:46:07.149+0000] {processor.py:186} INFO - Started process (PID=3784) to work on /home/ubuntu/demo8/lib/python3.12/site-packages/airflow/example_dags/example_branch_operator_decorator.py
[2024-12-18T15:46:07.150+0000] {processor.py:914} INFO - Processing file /home/ubuntu/demo8/lib/python3.12/site-packages/airflow/example_dags/example_branch_operator_decorator.py for tasks to queue
[2024-12-18T15:46:07.152+0000] {logging_mixin.py:190} INFO - [2024-12-18T15:46:07.152+0000] {dagbag.py:588} INFO - Filling up the DagBag from /home/ubuntu/demo8/lib/python3.12/site-packages/airflow/example_dags/example_branch_operator_decorator.py
[2024-12-18T15:46:07.155+0000] {processor.py:927} WARNING - No viable dags retrieved from /home/ubuntu/demo8/lib/python3.12/site-packages/airflow/example_dags/example_branch_operator_decorator.py
[2024-12-18T15:46:07.168+0000] {processor.py:208} INFO - Processing /home/ubuntu/demo8/lib/python3.12/site-packages/airflow/example_dags/example_branch_operator_decorator.py took 0.025 seconds
[2024-12-18T15:47:04.900+0000] {processor.py:186} INFO - Started process (PID=4251) to work on /home/ubuntu/demo8/lib/python3.12/site-packages/airflow/example_dags/example_branch_operator_decorator.py
[2024-12-18T15:47:04.902+0000] {processor.py:914} INFO - Processing file /home/ubuntu/demo8/lib/python3.12/site-packages/airflow/example_dags/example_branch_operator_decorator.py for tasks to queue
[2024-12-18T15:47:04.904+0000] {logging_mixin.py:190} INFO - [2024-12-18T15:47:04.903+0000] {dagbag.py:588} INFO - Filling up the DagBag from /home/ubuntu/demo8/lib/python3.12/site-packages/airflow/example_dags/example_branch_operator_decorator.py
[2024-12-18T15:47:04.907+0000] {processor.py:927} WARNING - No viable dags retrieved from /home/ubuntu/demo8/lib/python3.12/site-packages/airflow/example_dags/example_branch_operator_decorator.py
[2024-12-18T15:47:04.919+0000] {processor.py:208} INFO - Processing /home/ubuntu/demo8/lib/python3.12/site-packages/airflow/example_dags/example_branch_operator_decorator.py took 0.025 seconds
[2024-12-18T15:48:02.507+0000] {processor.py:186} INFO - Started process (PID=4309) to work on /home/ubuntu/demo8/lib/python3.12/site-packages/airflow/example_dags/example_branch_operator_decorator.py
[2024-12-18T15:48:02.508+0000] {processor.py:914} INFO - Processing file /home/ubuntu/demo8/lib/python3.12/site-packages/airflow/example_dags/example_branch_operator_decorator.py for tasks to queue
[2024-12-18T15:48:02.510+0000] {logging_mixin.py:190} INFO - [2024-12-18T15:48:02.510+0000] {dagbag.py:588} INFO - Filling up the DagBag from /home/ubuntu/demo8/lib/python3.12/site-packages/airflow/example_dags/example_branch_operator_decorator.py
[2024-12-18T15:48:02.513+0000] {processor.py:927} WARNING - No viable dags retrieved from /home/ubuntu/demo8/lib/python3.12/site-packages/airflow/example_dags/example_branch_operator_decorator.py
[2024-12-18T15:48:02.525+0000] {processor.py:208} INFO - Processing /home/ubuntu/demo8/lib/python3.12/site-packages/airflow/example_dags/example_branch_operator_decorator.py took 0.023 seconds
[2024-12-18T15:48:57.263+0000] {processor.py:186} INFO - Started process (PID=4365) to work on /home/ubuntu/demo8/lib/python3.12/site-packages/airflow/example_dags/example_branch_operator_decorator.py
[2024-12-18T15:48:57.264+0000] {processor.py:914} INFO - Processing file /home/ubuntu/demo8/lib/python3.12/site-packages/airflow/example_dags/example_branch_operator_decorator.py for tasks to queue
[2024-12-18T15:48:57.267+0000] {logging_mixin.py:190} INFO - [2024-12-18T15:48:57.266+0000] {dagbag.py:588} INFO - Filling up the DagBag from /home/ubuntu/demo8/lib/python3.12/site-packages/airflow/example_dags/example_branch_operator_decorator.py
[2024-12-18T15:48:57.270+0000] {processor.py:927} WARNING - No viable dags retrieved from /home/ubuntu/demo8/lib/python3.12/site-packages/airflow/example_dags/example_branch_operator_decorator.py
[2024-12-18T15:48:57.282+0000] {processor.py:208} INFO - Processing /home/ubuntu/demo8/lib/python3.12/site-packages/airflow/example_dags/example_branch_operator_decorator.py took 0.026 seconds
[2024-12-18T15:50:01.638+0000] {processor.py:186} INFO - Started process (PID=4426) to work on /home/ubuntu/demo8/lib/python3.12/site-packages/airflow/example_dags/example_branch_operator_decorator.py
[2024-12-18T15:50:01.639+0000] {processor.py:914} INFO - Processing file /home/ubuntu/demo8/lib/python3.12/site-packages/airflow/example_dags/example_branch_operator_decorator.py for tasks to queue
[2024-12-18T15:50:01.641+0000] {logging_mixin.py:190} INFO - [2024-12-18T15:50:01.641+0000] {dagbag.py:588} INFO - Filling up the DagBag from /home/ubuntu/demo8/lib/python3.12/site-packages/airflow/example_dags/example_branch_operator_decorator.py
[2024-12-18T15:50:01.644+0000] {processor.py:927} WARNING - No viable dags retrieved from /home/ubuntu/demo8/lib/python3.12/site-packages/airflow/example_dags/example_branch_operator_decorator.py
[2024-12-18T15:50:01.666+0000] {processor.py:208} INFO - Processing /home/ubuntu/demo8/lib/python3.12/site-packages/airflow/example_dags/example_branch_operator_decorator.py took 0.035 seconds
[2024-12-18T15:50:59.485+0000] {processor.py:186} INFO - Started process (PID=4497) to work on /home/ubuntu/demo8/lib/python3.12/site-packages/airflow/example_dags/example_branch_operator_decorator.py
[2024-12-18T15:50:59.487+0000] {processor.py:914} INFO - Processing file /home/ubuntu/demo8/lib/python3.12/site-packages/airflow/example_dags/example_branch_operator_decorator.py for tasks to queue
[2024-12-18T15:50:59.489+0000] {logging_mixin.py:190} INFO - [2024-12-18T15:50:59.489+0000] {dagbag.py:588} INFO - Filling up the DagBag from /home/ubuntu/demo8/lib/python3.12/site-packages/airflow/example_dags/example_branch_operator_decorator.py
[2024-12-18T15:50:59.493+0000] {processor.py:927} WARNING - No viable dags retrieved from /home/ubuntu/demo8/lib/python3.12/site-packages/airflow/example_dags/example_branch_operator_decorator.py
[2024-12-18T15:50:59.504+0000] {processor.py:208} INFO - Processing /home/ubuntu/demo8/lib/python3.12/site-packages/airflow/example_dags/example_branch_operator_decorator.py took 0.025 seconds
[2024-12-18T15:52:18.227+0000] {processor.py:186} INFO - Started process (PID=4580) to work on /home/ubuntu/demo8/lib/python3.12/site-packages/airflow/example_dags/example_branch_operator_decorator.py
[2024-12-18T15:52:18.229+0000] {processor.py:914} INFO - Processing file /home/ubuntu/demo8/lib/python3.12/site-packages/airflow/example_dags/example_branch_operator_decorator.py for tasks to queue
[2024-12-18T15:52:18.231+0000] {logging_mixin.py:190} INFO - [2024-12-18T15:52:18.231+0000] {dagbag.py:588} INFO - Filling up the DagBag from /home/ubuntu/demo8/lib/python3.12/site-packages/airflow/example_dags/example_branch_operator_decorator.py
[2024-12-18T15:52:18.235+0000] {processor.py:927} WARNING - No viable dags retrieved from /home/ubuntu/demo8/lib/python3.12/site-packages/airflow/example_dags/example_branch_operator_decorator.py
[2024-12-18T15:52:18.246+0000] {processor.py:208} INFO - Processing /home/ubuntu/demo8/lib/python3.12/site-packages/airflow/example_dags/example_branch_operator_decorator.py took 0.025 seconds
[2024-12-18T15:53:13.821+0000] {processor.py:186} INFO - Started process (PID=4638) to work on /home/ubuntu/demo8/lib/python3.12/site-packages/airflow/example_dags/example_branch_operator_decorator.py
[2024-12-18T15:53:13.823+0000] {processor.py:914} INFO - Processing file /home/ubuntu/demo8/lib/python3.12/site-packages/airflow/example_dags/example_branch_operator_decorator.py for tasks to queue
[2024-12-18T15:53:13.825+0000] {logging_mixin.py:190} INFO - [2024-12-18T15:53:13.825+0000] {dagbag.py:588} INFO - Filling up the DagBag from /home/ubuntu/demo8/lib/python3.12/site-packages/airflow/example_dags/example_branch_operator_decorator.py
[2024-12-18T15:53:13.828+0000] {processor.py:927} WARNING - No viable dags retrieved from /home/ubuntu/demo8/lib/python3.12/site-packages/airflow/example_dags/example_branch_operator_decorator.py
[2024-12-18T15:53:13.839+0000] {processor.py:208} INFO - Processing /home/ubuntu/demo8/lib/python3.12/site-packages/airflow/example_dags/example_branch_operator_decorator.py took 0.024 seconds
[2024-12-18T15:55:09.472+0000] {processor.py:186} INFO - Started process (PID=4785) to work on /home/ubuntu/demo8/lib/python3.12/site-packages/airflow/example_dags/example_branch_operator_decorator.py
[2024-12-18T15:55:09.473+0000] {processor.py:914} INFO - Processing file /home/ubuntu/demo8/lib/python3.12/site-packages/airflow/example_dags/example_branch_operator_decorator.py for tasks to queue
[2024-12-18T15:55:09.475+0000] {logging_mixin.py:190} INFO - [2024-12-18T15:55:09.475+0000] {dagbag.py:588} INFO - Filling up the DagBag from /home/ubuntu/demo8/lib/python3.12/site-packages/airflow/example_dags/example_branch_operator_decorator.py
[2024-12-18T15:55:09.478+0000] {processor.py:927} WARNING - No viable dags retrieved from /home/ubuntu/demo8/lib/python3.12/site-packages/airflow/example_dags/example_branch_operator_decorator.py
[2024-12-18T15:55:09.490+0000] {processor.py:208} INFO - Processing /home/ubuntu/demo8/lib/python3.12/site-packages/airflow/example_dags/example_branch_operator_decorator.py took 0.024 seconds
[2024-12-18T15:56:06.322+0000] {processor.py:186} INFO - Started process (PID=4845) to work on /home/ubuntu/demo8/lib/python3.12/site-packages/airflow/example_dags/example_branch_operator_decorator.py
[2024-12-18T15:56:06.324+0000] {processor.py:914} INFO - Processing file /home/ubuntu/demo8/lib/python3.12/site-packages/airflow/example_dags/example_branch_operator_decorator.py for tasks to queue
[2024-12-18T15:56:06.326+0000] {logging_mixin.py:190} INFO - [2024-12-18T15:56:06.326+0000] {dagbag.py:588} INFO - Filling up the DagBag from /home/ubuntu/demo8/lib/python3.12/site-packages/airflow/example_dags/example_branch_operator_decorator.py
[2024-12-18T15:56:06.329+0000] {processor.py:927} WARNING - No viable dags retrieved from /home/ubuntu/demo8/lib/python3.12/site-packages/airflow/example_dags/example_branch_operator_decorator.py
[2024-12-18T15:56:06.341+0000] {processor.py:208} INFO - Processing /home/ubuntu/demo8/lib/python3.12/site-packages/airflow/example_dags/example_branch_operator_decorator.py took 0.025 seconds
[2024-12-18T15:57:36.985+0000] {processor.py:186} INFO - Started process (PID=4932) to work on /home/ubuntu/demo8/lib/python3.12/site-packages/airflow/example_dags/example_branch_operator_decorator.py
[2024-12-18T15:57:36.987+0000] {processor.py:914} INFO - Processing file /home/ubuntu/demo8/lib/python3.12/site-packages/airflow/example_dags/example_branch_operator_decorator.py for tasks to queue
[2024-12-18T15:57:36.989+0000] {logging_mixin.py:190} INFO - [2024-12-18T15:57:36.989+0000] {dagbag.py:588} INFO - Filling up the DagBag from /home/ubuntu/demo8/lib/python3.12/site-packages/airflow/example_dags/example_branch_operator_decorator.py
[2024-12-18T15:57:36.992+0000] {processor.py:927} WARNING - No viable dags retrieved from /home/ubuntu/demo8/lib/python3.12/site-packages/airflow/example_dags/example_branch_operator_decorator.py
[2024-12-18T15:57:37.004+0000] {processor.py:208} INFO - Processing /home/ubuntu/demo8/lib/python3.12/site-packages/airflow/example_dags/example_branch_operator_decorator.py took 0.025 seconds
[2024-12-18T15:58:33.830+0000] {processor.py:186} INFO - Started process (PID=4990) to work on /home/ubuntu/demo8/lib/python3.12/site-packages/airflow/example_dags/example_branch_operator_decorator.py
[2024-12-18T15:58:33.831+0000] {processor.py:914} INFO - Processing file /home/ubuntu/demo8/lib/python3.12/site-packages/airflow/example_dags/example_branch_operator_decorator.py for tasks to queue
[2024-12-18T15:58:33.833+0000] {logging_mixin.py:190} INFO - [2024-12-18T15:58:33.833+0000] {dagbag.py:588} INFO - Filling up the DagBag from /home/ubuntu/demo8/lib/python3.12/site-packages/airflow/example_dags/example_branch_operator_decorator.py
[2024-12-18T15:58:33.836+0000] {processor.py:927} WARNING - No viable dags retrieved from /home/ubuntu/demo8/lib/python3.12/site-packages/airflow/example_dags/example_branch_operator_decorator.py
[2024-12-18T15:58:33.848+0000] {processor.py:208} INFO - Processing /home/ubuntu/demo8/lib/python3.12/site-packages/airflow/example_dags/example_branch_operator_decorator.py took 0.024 seconds
[2024-12-18T16:00:35.807+0000] {processor.py:186} INFO - Started process (PID=5116) to work on /home/ubuntu/demo8/lib/python3.12/site-packages/airflow/example_dags/example_branch_operator_decorator.py
[2024-12-18T16:00:35.808+0000] {processor.py:914} INFO - Processing file /home/ubuntu/demo8/lib/python3.12/site-packages/airflow/example_dags/example_branch_operator_decorator.py for tasks to queue
[2024-12-18T16:00:35.811+0000] {logging_mixin.py:190} INFO - [2024-12-18T16:00:35.810+0000] {dagbag.py:588} INFO - Filling up the DagBag from /home/ubuntu/demo8/lib/python3.12/site-packages/airflow/example_dags/example_branch_operator_decorator.py
[2024-12-18T16:00:35.814+0000] {processor.py:927} WARNING - No viable dags retrieved from /home/ubuntu/demo8/lib/python3.12/site-packages/airflow/example_dags/example_branch_operator_decorator.py
[2024-12-18T16:00:35.826+0000] {processor.py:208} INFO - Processing /home/ubuntu/demo8/lib/python3.12/site-packages/airflow/example_dags/example_branch_operator_decorator.py took 0.025 seconds
[2024-12-18T16:01:32.545+0000] {processor.py:186} INFO - Started process (PID=5176) to work on /home/ubuntu/demo8/lib/python3.12/site-packages/airflow/example_dags/example_branch_operator_decorator.py
[2024-12-18T16:01:32.546+0000] {processor.py:914} INFO - Processing file /home/ubuntu/demo8/lib/python3.12/site-packages/airflow/example_dags/example_branch_operator_decorator.py for tasks to queue
[2024-12-18T16:01:32.549+0000] {logging_mixin.py:190} INFO - [2024-12-18T16:01:32.548+0000] {dagbag.py:588} INFO - Filling up the DagBag from /home/ubuntu/demo8/lib/python3.12/site-packages/airflow/example_dags/example_branch_operator_decorator.py
[2024-12-18T16:01:32.552+0000] {processor.py:927} WARNING - No viable dags retrieved from /home/ubuntu/demo8/lib/python3.12/site-packages/airflow/example_dags/example_branch_operator_decorator.py
[2024-12-18T16:01:32.564+0000] {processor.py:208} INFO - Processing /home/ubuntu/demo8/lib/python3.12/site-packages/airflow/example_dags/example_branch_operator_decorator.py took 0.025 seconds
[2024-12-18T16:02:29.388+0000] {processor.py:186} INFO - Started process (PID=5234) to work on /home/ubuntu/demo8/lib/python3.12/site-packages/airflow/example_dags/example_branch_operator_decorator.py
[2024-12-18T16:02:29.390+0000] {processor.py:914} INFO - Processing file /home/ubuntu/demo8/lib/python3.12/site-packages/airflow/example_dags/example_branch_operator_decorator.py for tasks to queue
[2024-12-18T16:02:29.392+0000] {logging_mixin.py:190} INFO - [2024-12-18T16:02:29.392+0000] {dagbag.py:588} INFO - Filling up the DagBag from /home/ubuntu/demo8/lib/python3.12/site-packages/airflow/example_dags/example_branch_operator_decorator.py
[2024-12-18T16:02:29.395+0000] {processor.py:927} WARNING - No viable dags retrieved from /home/ubuntu/demo8/lib/python3.12/site-packages/airflow/example_dags/example_branch_operator_decorator.py
[2024-12-18T16:02:29.407+0000] {processor.py:208} INFO - Processing /home/ubuntu/demo8/lib/python3.12/site-packages/airflow/example_dags/example_branch_operator_decorator.py took 0.025 seconds
[2024-12-18T16:03:23.955+0000] {processor.py:186} INFO - Started process (PID=5289) to work on /home/ubuntu/demo8/lib/python3.12/site-packages/airflow/example_dags/example_branch_operator_decorator.py
[2024-12-18T16:03:23.957+0000] {processor.py:914} INFO - Processing file /home/ubuntu/demo8/lib/python3.12/site-packages/airflow/example_dags/example_branch_operator_decorator.py for tasks to queue
[2024-12-18T16:03:23.959+0000] {logging_mixin.py:190} INFO - [2024-12-18T16:03:23.959+0000] {dagbag.py:588} INFO - Filling up the DagBag from /home/ubuntu/demo8/lib/python3.12/site-packages/airflow/example_dags/example_branch_operator_decorator.py
[2024-12-18T16:03:23.962+0000] {processor.py:927} WARNING - No viable dags retrieved from /home/ubuntu/demo8/lib/python3.12/site-packages/airflow/example_dags/example_branch_operator_decorator.py
[2024-12-18T16:03:23.974+0000] {processor.py:208} INFO - Processing /home/ubuntu/demo8/lib/python3.12/site-packages/airflow/example_dags/example_branch_operator_decorator.py took 0.024 seconds
[2024-12-18T20:30:04.056+0000] {processor.py:186} INFO - Started process (PID=2769) to work on /home/ubuntu/demo8/lib/python3.12/site-packages/airflow/example_dags/example_branch_operator_decorator.py
[2024-12-18T20:30:04.058+0000] {processor.py:914} INFO - Processing file /home/ubuntu/demo8/lib/python3.12/site-packages/airflow/example_dags/example_branch_operator_decorator.py for tasks to queue
[2024-12-18T20:30:04.060+0000] {logging_mixin.py:190} INFO - [2024-12-18T20:30:04.060+0000] {dagbag.py:588} INFO - Filling up the DagBag from /home/ubuntu/demo8/lib/python3.12/site-packages/airflow/example_dags/example_branch_operator_decorator.py
[2024-12-18T20:30:04.063+0000] {processor.py:927} WARNING - No viable dags retrieved from /home/ubuntu/demo8/lib/python3.12/site-packages/airflow/example_dags/example_branch_operator_decorator.py
[2024-12-18T20:30:04.075+0000] {processor.py:208} INFO - Processing /home/ubuntu/demo8/lib/python3.12/site-packages/airflow/example_dags/example_branch_operator_decorator.py took 0.025 seconds
[2024-12-18T20:31:01.109+0000] {processor.py:186} INFO - Started process (PID=2952) to work on /home/ubuntu/demo8/lib/python3.12/site-packages/airflow/example_dags/example_branch_operator_decorator.py
[2024-12-18T20:31:01.111+0000] {processor.py:914} INFO - Processing file /home/ubuntu/demo8/lib/python3.12/site-packages/airflow/example_dags/example_branch_operator_decorator.py for tasks to queue
[2024-12-18T20:31:01.113+0000] {logging_mixin.py:190} INFO - [2024-12-18T20:31:01.113+0000] {dagbag.py:588} INFO - Filling up the DagBag from /home/ubuntu/demo8/lib/python3.12/site-packages/airflow/example_dags/example_branch_operator_decorator.py
[2024-12-18T20:31:01.117+0000] {processor.py:927} WARNING - No viable dags retrieved from /home/ubuntu/demo8/lib/python3.12/site-packages/airflow/example_dags/example_branch_operator_decorator.py
[2024-12-18T20:31:01.131+0000] {processor.py:208} INFO - Processing /home/ubuntu/demo8/lib/python3.12/site-packages/airflow/example_dags/example_branch_operator_decorator.py took 0.028 seconds
[2024-12-18T20:31:57.142+0000] {processor.py:186} INFO - Started process (PID=3214) to work on /home/ubuntu/demo8/lib/python3.12/site-packages/airflow/example_dags/example_branch_operator_decorator.py
[2024-12-18T20:31:57.145+0000] {processor.py:914} INFO - Processing file /home/ubuntu/demo8/lib/python3.12/site-packages/airflow/example_dags/example_branch_operator_decorator.py for tasks to queue
[2024-12-18T20:31:57.149+0000] {logging_mixin.py:190} INFO - [2024-12-18T20:31:57.149+0000] {dagbag.py:588} INFO - Filling up the DagBag from /home/ubuntu/demo8/lib/python3.12/site-packages/airflow/example_dags/example_branch_operator_decorator.py
[2024-12-18T20:31:57.156+0000] {processor.py:927} WARNING - No viable dags retrieved from /home/ubuntu/demo8/lib/python3.12/site-packages/airflow/example_dags/example_branch_operator_decorator.py
[2024-12-18T20:31:57.180+0000] {processor.py:208} INFO - Processing /home/ubuntu/demo8/lib/python3.12/site-packages/airflow/example_dags/example_branch_operator_decorator.py took 0.049 seconds
[2024-12-18T20:32:54.580+0000] {processor.py:186} INFO - Started process (PID=3423) to work on /home/ubuntu/demo8/lib/python3.12/site-packages/airflow/example_dags/example_branch_operator_decorator.py
[2024-12-18T20:32:54.583+0000] {processor.py:914} INFO - Processing file /home/ubuntu/demo8/lib/python3.12/site-packages/airflow/example_dags/example_branch_operator_decorator.py for tasks to queue
[2024-12-18T20:32:54.587+0000] {logging_mixin.py:190} INFO - [2024-12-18T20:32:54.587+0000] {dagbag.py:588} INFO - Filling up the DagBag from /home/ubuntu/demo8/lib/python3.12/site-packages/airflow/example_dags/example_branch_operator_decorator.py
[2024-12-18T20:32:54.595+0000] {processor.py:927} WARNING - No viable dags retrieved from /home/ubuntu/demo8/lib/python3.12/site-packages/airflow/example_dags/example_branch_operator_decorator.py
[2024-12-18T20:32:54.608+0000] {processor.py:208} INFO - Processing /home/ubuntu/demo8/lib/python3.12/site-packages/airflow/example_dags/example_branch_operator_decorator.py took 0.036 seconds
[2024-12-18T20:33:48.956+0000] {processor.py:186} INFO - Started process (PID=3540) to work on /home/ubuntu/demo8/lib/python3.12/site-packages/airflow/example_dags/example_branch_operator_decorator.py
[2024-12-18T20:33:48.958+0000] {processor.py:914} INFO - Processing file /home/ubuntu/demo8/lib/python3.12/site-packages/airflow/example_dags/example_branch_operator_decorator.py for tasks to queue
[2024-12-18T20:33:48.960+0000] {logging_mixin.py:190} INFO - [2024-12-18T20:33:48.960+0000] {dagbag.py:588} INFO - Filling up the DagBag from /home/ubuntu/demo8/lib/python3.12/site-packages/airflow/example_dags/example_branch_operator_decorator.py
[2024-12-18T20:33:48.963+0000] {processor.py:927} WARNING - No viable dags retrieved from /home/ubuntu/demo8/lib/python3.12/site-packages/airflow/example_dags/example_branch_operator_decorator.py
[2024-12-18T20:33:48.974+0000] {processor.py:208} INFO - Processing /home/ubuntu/demo8/lib/python3.12/site-packages/airflow/example_dags/example_branch_operator_decorator.py took 0.024 seconds
[2024-12-18T20:34:57.134+0000] {processor.py:186} INFO - Started process (PID=3726) to work on /home/ubuntu/demo8/lib/python3.12/site-packages/airflow/example_dags/example_branch_operator_decorator.py
[2024-12-18T20:34:57.136+0000] {processor.py:914} INFO - Processing file /home/ubuntu/demo8/lib/python3.12/site-packages/airflow/example_dags/example_branch_operator_decorator.py for tasks to queue
[2024-12-18T20:34:57.138+0000] {logging_mixin.py:190} INFO - [2024-12-18T20:34:57.138+0000] {dagbag.py:588} INFO - Filling up the DagBag from /home/ubuntu/demo8/lib/python3.12/site-packages/airflow/example_dags/example_branch_operator_decorator.py
[2024-12-18T20:34:57.142+0000] {processor.py:927} WARNING - No viable dags retrieved from /home/ubuntu/demo8/lib/python3.12/site-packages/airflow/example_dags/example_branch_operator_decorator.py
[2024-12-18T20:34:57.154+0000] {processor.py:208} INFO - Processing /home/ubuntu/demo8/lib/python3.12/site-packages/airflow/example_dags/example_branch_operator_decorator.py took 0.026 seconds
[2024-12-18T20:35:56.151+0000] {processor.py:186} INFO - Started process (PID=3851) to work on /home/ubuntu/demo8/lib/python3.12/site-packages/airflow/example_dags/example_branch_operator_decorator.py
[2024-12-18T20:35:56.153+0000] {processor.py:914} INFO - Processing file /home/ubuntu/demo8/lib/python3.12/site-packages/airflow/example_dags/example_branch_operator_decorator.py for tasks to queue
[2024-12-18T20:35:56.155+0000] {logging_mixin.py:190} INFO - [2024-12-18T20:35:56.155+0000] {dagbag.py:588} INFO - Filling up the DagBag from /home/ubuntu/demo8/lib/python3.12/site-packages/airflow/example_dags/example_branch_operator_decorator.py
[2024-12-18T20:35:56.159+0000] {processor.py:927} WARNING - No viable dags retrieved from /home/ubuntu/demo8/lib/python3.12/site-packages/airflow/example_dags/example_branch_operator_decorator.py
[2024-12-18T20:35:56.171+0000] {processor.py:208} INFO - Processing /home/ubuntu/demo8/lib/python3.12/site-packages/airflow/example_dags/example_branch_operator_decorator.py took 0.026 seconds
[2024-12-18T20:36:53.253+0000] {processor.py:186} INFO - Started process (PID=3970) to work on /home/ubuntu/demo8/lib/python3.12/site-packages/airflow/example_dags/example_branch_operator_decorator.py
[2024-12-18T20:36:53.254+0000] {processor.py:914} INFO - Processing file /home/ubuntu/demo8/lib/python3.12/site-packages/airflow/example_dags/example_branch_operator_decorator.py for tasks to queue
[2024-12-18T20:36:53.257+0000] {logging_mixin.py:190} INFO - [2024-12-18T20:36:53.257+0000] {dagbag.py:588} INFO - Filling up the DagBag from /home/ubuntu/demo8/lib/python3.12/site-packages/airflow/example_dags/example_branch_operator_decorator.py
[2024-12-18T20:36:53.260+0000] {processor.py:927} WARNING - No viable dags retrieved from /home/ubuntu/demo8/lib/python3.12/site-packages/airflow/example_dags/example_branch_operator_decorator.py
[2024-12-18T20:36:53.272+0000] {processor.py:208} INFO - Processing /home/ubuntu/demo8/lib/python3.12/site-packages/airflow/example_dags/example_branch_operator_decorator.py took 0.026 seconds
[2024-12-18T20:37:49.528+0000] {processor.py:186} INFO - Started process (PID=4088) to work on /home/ubuntu/demo8/lib/python3.12/site-packages/airflow/example_dags/example_branch_operator_decorator.py
[2024-12-18T20:37:49.532+0000] {processor.py:914} INFO - Processing file /home/ubuntu/demo8/lib/python3.12/site-packages/airflow/example_dags/example_branch_operator_decorator.py for tasks to queue
[2024-12-18T20:37:49.534+0000] {logging_mixin.py:190} INFO - [2024-12-18T20:37:49.534+0000] {dagbag.py:588} INFO - Filling up the DagBag from /home/ubuntu/demo8/lib/python3.12/site-packages/airflow/example_dags/example_branch_operator_decorator.py
[2024-12-18T20:37:49.543+0000] {processor.py:927} WARNING - No viable dags retrieved from /home/ubuntu/demo8/lib/python3.12/site-packages/airflow/example_dags/example_branch_operator_decorator.py
[2024-12-18T20:37:49.558+0000] {processor.py:208} INFO - Processing /home/ubuntu/demo8/lib/python3.12/site-packages/airflow/example_dags/example_branch_operator_decorator.py took 0.036 seconds
[2024-12-18T20:38:43.783+0000] {processor.py:186} INFO - Started process (PID=4204) to work on /home/ubuntu/demo8/lib/python3.12/site-packages/airflow/example_dags/example_branch_operator_decorator.py
[2024-12-18T20:38:43.785+0000] {processor.py:914} INFO - Processing file /home/ubuntu/demo8/lib/python3.12/site-packages/airflow/example_dags/example_branch_operator_decorator.py for tasks to queue
[2024-12-18T20:38:43.787+0000] {logging_mixin.py:190} INFO - [2024-12-18T20:38:43.787+0000] {dagbag.py:588} INFO - Filling up the DagBag from /home/ubuntu/demo8/lib/python3.12/site-packages/airflow/example_dags/example_branch_operator_decorator.py
[2024-12-18T20:38:43.791+0000] {processor.py:927} WARNING - No viable dags retrieved from /home/ubuntu/demo8/lib/python3.12/site-packages/airflow/example_dags/example_branch_operator_decorator.py
[2024-12-18T20:38:43.803+0000] {processor.py:208} INFO - Processing /home/ubuntu/demo8/lib/python3.12/site-packages/airflow/example_dags/example_branch_operator_decorator.py took 0.026 seconds
[2024-12-18T20:39:39.929+0000] {processor.py:186} INFO - Started process (PID=4382) to work on /home/ubuntu/demo8/lib/python3.12/site-packages/airflow/example_dags/example_branch_operator_decorator.py
[2024-12-18T20:39:39.930+0000] {processor.py:914} INFO - Processing file /home/ubuntu/demo8/lib/python3.12/site-packages/airflow/example_dags/example_branch_operator_decorator.py for tasks to queue
[2024-12-18T20:39:39.933+0000] {logging_mixin.py:190} INFO - [2024-12-18T20:39:39.933+0000] {dagbag.py:588} INFO - Filling up the DagBag from /home/ubuntu/demo8/lib/python3.12/site-packages/airflow/example_dags/example_branch_operator_decorator.py
[2024-12-18T20:39:39.936+0000] {processor.py:927} WARNING - No viable dags retrieved from /home/ubuntu/demo8/lib/python3.12/site-packages/airflow/example_dags/example_branch_operator_decorator.py
[2024-12-18T20:39:39.948+0000] {processor.py:208} INFO - Processing /home/ubuntu/demo8/lib/python3.12/site-packages/airflow/example_dags/example_branch_operator_decorator.py took 0.026 seconds
[2024-12-18T20:40:36.920+0000] {processor.py:186} INFO - Started process (PID=4518) to work on /home/ubuntu/demo8/lib/python3.12/site-packages/airflow/example_dags/example_branch_operator_decorator.py
[2024-12-18T20:40:36.922+0000] {processor.py:914} INFO - Processing file /home/ubuntu/demo8/lib/python3.12/site-packages/airflow/example_dags/example_branch_operator_decorator.py for tasks to queue
[2024-12-18T20:40:36.924+0000] {logging_mixin.py:190} INFO - [2024-12-18T20:40:36.924+0000] {dagbag.py:588} INFO - Filling up the DagBag from /home/ubuntu/demo8/lib/python3.12/site-packages/airflow/example_dags/example_branch_operator_decorator.py
[2024-12-18T20:40:36.927+0000] {processor.py:927} WARNING - No viable dags retrieved from /home/ubuntu/demo8/lib/python3.12/site-packages/airflow/example_dags/example_branch_operator_decorator.py
[2024-12-18T20:40:36.939+0000] {processor.py:208} INFO - Processing /home/ubuntu/demo8/lib/python3.12/site-packages/airflow/example_dags/example_branch_operator_decorator.py took 0.025 seconds
[2024-12-18T20:41:31.080+0000] {processor.py:186} INFO - Started process (PID=4637) to work on /home/ubuntu/demo8/lib/python3.12/site-packages/airflow/example_dags/example_branch_operator_decorator.py
[2024-12-18T20:41:31.081+0000] {processor.py:914} INFO - Processing file /home/ubuntu/demo8/lib/python3.12/site-packages/airflow/example_dags/example_branch_operator_decorator.py for tasks to queue
[2024-12-18T20:41:31.084+0000] {logging_mixin.py:190} INFO - [2024-12-18T20:41:31.084+0000] {dagbag.py:588} INFO - Filling up the DagBag from /home/ubuntu/demo8/lib/python3.12/site-packages/airflow/example_dags/example_branch_operator_decorator.py
[2024-12-18T20:41:31.087+0000] {processor.py:927} WARNING - No viable dags retrieved from /home/ubuntu/demo8/lib/python3.12/site-packages/airflow/example_dags/example_branch_operator_decorator.py
[2024-12-18T20:41:31.099+0000] {processor.py:208} INFO - Processing /home/ubuntu/demo8/lib/python3.12/site-packages/airflow/example_dags/example_branch_operator_decorator.py took 0.025 seconds
[2024-12-18T20:42:26.813+0000] {processor.py:186} INFO - Started process (PID=4754) to work on /home/ubuntu/demo8/lib/python3.12/site-packages/airflow/example_dags/example_branch_operator_decorator.py
[2024-12-18T20:42:26.815+0000] {processor.py:914} INFO - Processing file /home/ubuntu/demo8/lib/python3.12/site-packages/airflow/example_dags/example_branch_operator_decorator.py for tasks to queue
[2024-12-18T20:42:26.817+0000] {logging_mixin.py:190} INFO - [2024-12-18T20:42:26.817+0000] {dagbag.py:588} INFO - Filling up the DagBag from /home/ubuntu/demo8/lib/python3.12/site-packages/airflow/example_dags/example_branch_operator_decorator.py
[2024-12-18T20:42:26.820+0000] {processor.py:927} WARNING - No viable dags retrieved from /home/ubuntu/demo8/lib/python3.12/site-packages/airflow/example_dags/example_branch_operator_decorator.py
[2024-12-18T20:42:26.832+0000] {processor.py:208} INFO - Processing /home/ubuntu/demo8/lib/python3.12/site-packages/airflow/example_dags/example_branch_operator_decorator.py took 0.026 seconds
[2024-12-18T20:43:20.562+0000] {processor.py:186} INFO - Started process (PID=4870) to work on /home/ubuntu/demo8/lib/python3.12/site-packages/airflow/example_dags/example_branch_operator_decorator.py
[2024-12-18T20:43:20.564+0000] {processor.py:914} INFO - Processing file /home/ubuntu/demo8/lib/python3.12/site-packages/airflow/example_dags/example_branch_operator_decorator.py for tasks to queue
[2024-12-18T20:43:20.567+0000] {logging_mixin.py:190} INFO - [2024-12-18T20:43:20.566+0000] {dagbag.py:588} INFO - Filling up the DagBag from /home/ubuntu/demo8/lib/python3.12/site-packages/airflow/example_dags/example_branch_operator_decorator.py
[2024-12-18T20:43:20.570+0000] {processor.py:927} WARNING - No viable dags retrieved from /home/ubuntu/demo8/lib/python3.12/site-packages/airflow/example_dags/example_branch_operator_decorator.py
[2024-12-18T20:43:20.582+0000] {processor.py:208} INFO - Processing /home/ubuntu/demo8/lib/python3.12/site-packages/airflow/example_dags/example_branch_operator_decorator.py took 0.027 seconds
[2024-12-18T20:44:40.640+0000] {processor.py:186} INFO - Started process (PID=5075) to work on /home/ubuntu/demo8/lib/python3.12/site-packages/airflow/example_dags/example_branch_operator_decorator.py
[2024-12-18T20:44:40.641+0000] {processor.py:914} INFO - Processing file /home/ubuntu/demo8/lib/python3.12/site-packages/airflow/example_dags/example_branch_operator_decorator.py for tasks to queue
[2024-12-18T20:44:40.644+0000] {logging_mixin.py:190} INFO - [2024-12-18T20:44:40.643+0000] {dagbag.py:588} INFO - Filling up the DagBag from /home/ubuntu/demo8/lib/python3.12/site-packages/airflow/example_dags/example_branch_operator_decorator.py
[2024-12-18T20:44:40.647+0000] {processor.py:927} WARNING - No viable dags retrieved from /home/ubuntu/demo8/lib/python3.12/site-packages/airflow/example_dags/example_branch_operator_decorator.py
[2024-12-18T20:44:40.659+0000] {processor.py:208} INFO - Processing /home/ubuntu/demo8/lib/python3.12/site-packages/airflow/example_dags/example_branch_operator_decorator.py took 0.025 seconds
[2024-12-18T20:45:35.586+0000] {processor.py:186} INFO - Started process (PID=5196) to work on /home/ubuntu/demo8/lib/python3.12/site-packages/airflow/example_dags/example_branch_operator_decorator.py
[2024-12-18T20:45:35.587+0000] {processor.py:914} INFO - Processing file /home/ubuntu/demo8/lib/python3.12/site-packages/airflow/example_dags/example_branch_operator_decorator.py for tasks to queue
[2024-12-18T20:45:35.590+0000] {logging_mixin.py:190} INFO - [2024-12-18T20:45:35.589+0000] {dagbag.py:588} INFO - Filling up the DagBag from /home/ubuntu/demo8/lib/python3.12/site-packages/airflow/example_dags/example_branch_operator_decorator.py
[2024-12-18T20:45:35.593+0000] {processor.py:927} WARNING - No viable dags retrieved from /home/ubuntu/demo8/lib/python3.12/site-packages/airflow/example_dags/example_branch_operator_decorator.py
[2024-12-18T20:45:35.605+0000] {processor.py:208} INFO - Processing /home/ubuntu/demo8/lib/python3.12/site-packages/airflow/example_dags/example_branch_operator_decorator.py took 0.025 seconds
[2024-12-18T20:47:42.067+0000] {processor.py:186} INFO - Started process (PID=5851) to work on /home/ubuntu/demo8/lib/python3.12/site-packages/airflow/example_dags/example_branch_operator_decorator.py
[2024-12-18T20:47:42.068+0000] {processor.py:914} INFO - Processing file /home/ubuntu/demo8/lib/python3.12/site-packages/airflow/example_dags/example_branch_operator_decorator.py for tasks to queue
[2024-12-18T20:47:42.071+0000] {logging_mixin.py:190} INFO - [2024-12-18T20:47:42.070+0000] {dagbag.py:588} INFO - Filling up the DagBag from /home/ubuntu/demo8/lib/python3.12/site-packages/airflow/example_dags/example_branch_operator_decorator.py
[2024-12-18T20:47:42.074+0000] {processor.py:927} WARNING - No viable dags retrieved from /home/ubuntu/demo8/lib/python3.12/site-packages/airflow/example_dags/example_branch_operator_decorator.py
[2024-12-18T20:47:42.086+0000] {processor.py:208} INFO - Processing /home/ubuntu/demo8/lib/python3.12/site-packages/airflow/example_dags/example_branch_operator_decorator.py took 0.025 seconds
[2024-12-18T20:48:40.309+0000] {processor.py:186} INFO - Started process (PID=6213) to work on /home/ubuntu/demo8/lib/python3.12/site-packages/airflow/example_dags/example_branch_operator_decorator.py
[2024-12-18T20:48:40.311+0000] {processor.py:914} INFO - Processing file /home/ubuntu/demo8/lib/python3.12/site-packages/airflow/example_dags/example_branch_operator_decorator.py for tasks to queue
[2024-12-18T20:48:40.313+0000] {logging_mixin.py:190} INFO - [2024-12-18T20:48:40.313+0000] {dagbag.py:588} INFO - Filling up the DagBag from /home/ubuntu/demo8/lib/python3.12/site-packages/airflow/example_dags/example_branch_operator_decorator.py
[2024-12-18T20:48:40.317+0000] {processor.py:927} WARNING - No viable dags retrieved from /home/ubuntu/demo8/lib/python3.12/site-packages/airflow/example_dags/example_branch_operator_decorator.py
[2024-12-18T20:48:40.329+0000] {processor.py:208} INFO - Processing /home/ubuntu/demo8/lib/python3.12/site-packages/airflow/example_dags/example_branch_operator_decorator.py took 0.026 seconds
[2024-12-18T20:49:37.325+0000] {processor.py:186} INFO - Started process (PID=6451) to work on /home/ubuntu/demo8/lib/python3.12/site-packages/airflow/example_dags/example_branch_operator_decorator.py
[2024-12-18T20:49:37.327+0000] {processor.py:914} INFO - Processing file /home/ubuntu/demo8/lib/python3.12/site-packages/airflow/example_dags/example_branch_operator_decorator.py for tasks to queue
[2024-12-18T20:49:37.329+0000] {logging_mixin.py:190} INFO - [2024-12-18T20:49:37.329+0000] {dagbag.py:588} INFO - Filling up the DagBag from /home/ubuntu/demo8/lib/python3.12/site-packages/airflow/example_dags/example_branch_operator_decorator.py
[2024-12-18T20:49:37.332+0000] {processor.py:927} WARNING - No viable dags retrieved from /home/ubuntu/demo8/lib/python3.12/site-packages/airflow/example_dags/example_branch_operator_decorator.py
[2024-12-18T20:49:37.344+0000] {processor.py:208} INFO - Processing /home/ubuntu/demo8/lib/python3.12/site-packages/airflow/example_dags/example_branch_operator_decorator.py took 0.026 seconds
[2024-12-18T20:50:35.322+0000] {processor.py:186} INFO - Started process (PID=6814) to work on /home/ubuntu/demo8/lib/python3.12/site-packages/airflow/example_dags/example_branch_operator_decorator.py
[2024-12-18T20:50:35.324+0000] {processor.py:914} INFO - Processing file /home/ubuntu/demo8/lib/python3.12/site-packages/airflow/example_dags/example_branch_operator_decorator.py for tasks to queue
[2024-12-18T20:50:35.326+0000] {logging_mixin.py:190} INFO - [2024-12-18T20:50:35.326+0000] {dagbag.py:588} INFO - Filling up the DagBag from /home/ubuntu/demo8/lib/python3.12/site-packages/airflow/example_dags/example_branch_operator_decorator.py
[2024-12-18T20:50:35.330+0000] {processor.py:927} WARNING - No viable dags retrieved from /home/ubuntu/demo8/lib/python3.12/site-packages/airflow/example_dags/example_branch_operator_decorator.py
[2024-12-18T20:50:35.341+0000] {processor.py:208} INFO - Processing /home/ubuntu/demo8/lib/python3.12/site-packages/airflow/example_dags/example_branch_operator_decorator.py took 0.025 seconds
[2024-12-18T20:51:30.639+0000] {processor.py:186} INFO - Started process (PID=7019) to work on /home/ubuntu/demo8/lib/python3.12/site-packages/airflow/example_dags/example_branch_operator_decorator.py
[2024-12-18T20:51:30.640+0000] {processor.py:914} INFO - Processing file /home/ubuntu/demo8/lib/python3.12/site-packages/airflow/example_dags/example_branch_operator_decorator.py for tasks to queue
[2024-12-18T20:51:30.642+0000] {logging_mixin.py:190} INFO - [2024-12-18T20:51:30.642+0000] {dagbag.py:588} INFO - Filling up the DagBag from /home/ubuntu/demo8/lib/python3.12/site-packages/airflow/example_dags/example_branch_operator_decorator.py
[2024-12-18T20:51:30.646+0000] {processor.py:927} WARNING - No viable dags retrieved from /home/ubuntu/demo8/lib/python3.12/site-packages/airflow/example_dags/example_branch_operator_decorator.py
[2024-12-18T20:51:30.657+0000] {processor.py:208} INFO - Processing /home/ubuntu/demo8/lib/python3.12/site-packages/airflow/example_dags/example_branch_operator_decorator.py took 0.025 seconds
