[2024-12-18T15:44:56.056+0000] {processor.py:186} INFO - Started process (PID=3677) to work on /home/ubuntu/demo8/lib/python3.12/site-packages/airflow/example_dags/example_dataset_alias_with_no_taskflow.py
[2024-12-18T15:44:56.056+0000] {processor.py:914} INFO - Processing file /home/ubuntu/demo8/lib/python3.12/site-packages/airflow/example_dags/example_dataset_alias_with_no_taskflow.py for tasks to queue
[2024-12-18T15:44:56.060+0000] {logging_mixin.py:190} INFO - [2024-12-18T15:44:56.058+0000] {dagbag.py:588} INFO - Filling up the DagBag from /home/ubuntu/demo8/lib/python3.12/site-packages/airflow/example_dags/example_dataset_alias_with_no_taskflow.py
[2024-12-18T15:44:56.087+0000] {processor.py:925} INFO - DAG(s) 'dataset_alias_example_alias_consumer_with_no_taskflow', 'dataset_alias_example_alias_producer_with_no_taskflow', 'dataset_s3_bucket_producer_with_no_taskflow', 'dataset_s3_bucket_consumer_with_no_taskflow' retrieved from /home/ubuntu/demo8/lib/python3.12/site-packages/airflow/example_dags/example_dataset_alias_with_no_taskflow.py
[2024-12-18T15:44:56.197+0000] {logging_mixin.py:190} INFO - [2024-12-18T15:44:56.196+0000] {override.py:1911} INFO - Created Permission View: can read on DAG:dataset_alias_example_alias_consumer_with_no_taskflow
[2024-12-18T15:44:56.216+0000] {logging_mixin.py:190} INFO - [2024-12-18T15:44:56.215+0000] {override.py:1911} INFO - Created Permission View: can delete on DAG:dataset_alias_example_alias_consumer_with_no_taskflow
[2024-12-18T15:44:56.226+0000] {logging_mixin.py:190} INFO - [2024-12-18T15:44:56.225+0000] {override.py:1911} INFO - Created Permission View: can edit on DAG:dataset_alias_example_alias_consumer_with_no_taskflow
[2024-12-18T15:44:56.239+0000] {logging_mixin.py:190} INFO - [2024-12-18T15:44:56.239+0000] {override.py:1911} INFO - Created Permission View: can create on DAG Run:dataset_alias_example_alias_consumer_with_no_taskflow
[2024-12-18T15:44:56.249+0000] {logging_mixin.py:190} INFO - [2024-12-18T15:44:56.249+0000] {override.py:1911} INFO - Created Permission View: can read on DAG Run:dataset_alias_example_alias_consumer_with_no_taskflow
[2024-12-18T15:44:56.258+0000] {logging_mixin.py:190} INFO - [2024-12-18T15:44:56.258+0000] {override.py:1911} INFO - Created Permission View: menu access on DAG Run:dataset_alias_example_alias_consumer_with_no_taskflow
[2024-12-18T15:44:56.267+0000] {logging_mixin.py:190} INFO - [2024-12-18T15:44:56.267+0000] {override.py:1911} INFO - Created Permission View: can delete on DAG Run:dataset_alias_example_alias_consumer_with_no_taskflow
[2024-12-18T15:44:56.289+0000] {logging_mixin.py:190} INFO - [2024-12-18T15:44:56.289+0000] {override.py:1911} INFO - Created Permission View: can read on DAG:dataset_alias_example_alias_producer_with_no_taskflow
[2024-12-18T15:44:56.301+0000] {logging_mixin.py:190} INFO - [2024-12-18T15:44:56.301+0000] {override.py:1911} INFO - Created Permission View: can delete on DAG:dataset_alias_example_alias_producer_with_no_taskflow
[2024-12-18T15:44:56.312+0000] {logging_mixin.py:190} INFO - [2024-12-18T15:44:56.312+0000] {override.py:1911} INFO - Created Permission View: can edit on DAG:dataset_alias_example_alias_producer_with_no_taskflow
[2024-12-18T15:44:56.327+0000] {logging_mixin.py:190} INFO - [2024-12-18T15:44:56.327+0000] {override.py:1911} INFO - Created Permission View: can create on DAG Run:dataset_alias_example_alias_producer_with_no_taskflow
[2024-12-18T15:44:56.336+0000] {logging_mixin.py:190} INFO - [2024-12-18T15:44:56.336+0000] {override.py:1911} INFO - Created Permission View: can read on DAG Run:dataset_alias_example_alias_producer_with_no_taskflow
[2024-12-18T15:44:56.345+0000] {logging_mixin.py:190} INFO - [2024-12-18T15:44:56.345+0000] {override.py:1911} INFO - Created Permission View: menu access on DAG Run:dataset_alias_example_alias_producer_with_no_taskflow
[2024-12-18T15:44:56.356+0000] {logging_mixin.py:190} INFO - [2024-12-18T15:44:56.355+0000] {override.py:1911} INFO - Created Permission View: can delete on DAG Run:dataset_alias_example_alias_producer_with_no_taskflow
[2024-12-18T15:44:56.377+0000] {logging_mixin.py:190} INFO - [2024-12-18T15:44:56.376+0000] {override.py:1911} INFO - Created Permission View: can read on DAG:dataset_s3_bucket_producer_with_no_taskflow
[2024-12-18T15:44:56.386+0000] {logging_mixin.py:190} INFO - [2024-12-18T15:44:56.385+0000] {override.py:1911} INFO - Created Permission View: can delete on DAG:dataset_s3_bucket_producer_with_no_taskflow
[2024-12-18T15:44:56.395+0000] {logging_mixin.py:190} INFO - [2024-12-18T15:44:56.395+0000] {override.py:1911} INFO - Created Permission View: can edit on DAG:dataset_s3_bucket_producer_with_no_taskflow
[2024-12-18T15:44:56.410+0000] {logging_mixin.py:190} INFO - [2024-12-18T15:44:56.409+0000] {override.py:1911} INFO - Created Permission View: can create on DAG Run:dataset_s3_bucket_producer_with_no_taskflow
[2024-12-18T15:44:56.419+0000] {logging_mixin.py:190} INFO - [2024-12-18T15:44:56.419+0000] {override.py:1911} INFO - Created Permission View: can read on DAG Run:dataset_s3_bucket_producer_with_no_taskflow
[2024-12-18T15:44:56.429+0000] {logging_mixin.py:190} INFO - [2024-12-18T15:44:56.428+0000] {override.py:1911} INFO - Created Permission View: menu access on DAG Run:dataset_s3_bucket_producer_with_no_taskflow
[2024-12-18T15:44:56.438+0000] {logging_mixin.py:190} INFO - [2024-12-18T15:44:56.437+0000] {override.py:1911} INFO - Created Permission View: can delete on DAG Run:dataset_s3_bucket_producer_with_no_taskflow
[2024-12-18T15:44:56.458+0000] {logging_mixin.py:190} INFO - [2024-12-18T15:44:56.458+0000] {override.py:1911} INFO - Created Permission View: can read on DAG:dataset_s3_bucket_consumer_with_no_taskflow
[2024-12-18T15:44:56.467+0000] {logging_mixin.py:190} INFO - [2024-12-18T15:44:56.467+0000] {override.py:1911} INFO - Created Permission View: can delete on DAG:dataset_s3_bucket_consumer_with_no_taskflow
[2024-12-18T15:44:56.476+0000] {logging_mixin.py:190} INFO - [2024-12-18T15:44:56.476+0000] {override.py:1911} INFO - Created Permission View: can edit on DAG:dataset_s3_bucket_consumer_with_no_taskflow
[2024-12-18T15:44:56.491+0000] {logging_mixin.py:190} INFO - [2024-12-18T15:44:56.491+0000] {override.py:1911} INFO - Created Permission View: can create on DAG Run:dataset_s3_bucket_consumer_with_no_taskflow
[2024-12-18T15:44:56.500+0000] {logging_mixin.py:190} INFO - [2024-12-18T15:44:56.499+0000] {override.py:1911} INFO - Created Permission View: can read on DAG Run:dataset_s3_bucket_consumer_with_no_taskflow
[2024-12-18T15:44:56.509+0000] {logging_mixin.py:190} INFO - [2024-12-18T15:44:56.509+0000] {override.py:1911} INFO - Created Permission View: menu access on DAG Run:dataset_s3_bucket_consumer_with_no_taskflow
[2024-12-18T15:44:56.518+0000] {logging_mixin.py:190} INFO - [2024-12-18T15:44:56.518+0000] {override.py:1911} INFO - Created Permission View: can delete on DAG Run:dataset_s3_bucket_consumer_with_no_taskflow
[2024-12-18T15:44:56.519+0000] {logging_mixin.py:190} INFO - [2024-12-18T15:44:56.519+0000] {dag.py:3239} INFO - Sync 4 DAGs
[2024-12-18T15:44:56.532+0000] {logging_mixin.py:190} INFO - [2024-12-18T15:44:56.532+0000] {dag.py:3262} INFO - Creating ORM DAG for dataset_alias_example_alias_producer_with_no_taskflow
[2024-12-18T15:44:56.533+0000] {logging_mixin.py:190} INFO - [2024-12-18T15:44:56.532+0000] {dag.py:3262} INFO - Creating ORM DAG for dataset_s3_bucket_consumer_with_no_taskflow
[2024-12-18T15:44:56.533+0000] {logging_mixin.py:190} INFO - [2024-12-18T15:44:56.533+0000] {dag.py:3262} INFO - Creating ORM DAG for dataset_s3_bucket_producer_with_no_taskflow
[2024-12-18T15:44:56.534+0000] {logging_mixin.py:190} INFO - [2024-12-18T15:44:56.534+0000] {dag.py:3262} INFO - Creating ORM DAG for dataset_alias_example_alias_consumer_with_no_taskflow
[2024-12-18T15:44:56.542+0000] {logging_mixin.py:190} INFO - [2024-12-18T15:44:56.542+0000] {dag.py:4180} INFO - Setting next_dagrun for dataset_alias_example_alias_consumer_with_no_taskflow to None, run_after=None
[2024-12-18T15:44:56.543+0000] {logging_mixin.py:190} INFO - [2024-12-18T15:44:56.543+0000] {dag.py:4180} INFO - Setting next_dagrun for dataset_alias_example_alias_producer_with_no_taskflow to None, run_after=None
[2024-12-18T15:44:56.544+0000] {logging_mixin.py:190} INFO - [2024-12-18T15:44:56.544+0000] {dag.py:4180} INFO - Setting next_dagrun for dataset_s3_bucket_consumer_with_no_taskflow to None, run_after=None
[2024-12-18T15:44:56.544+0000] {logging_mixin.py:190} INFO - [2024-12-18T15:44:56.544+0000] {dag.py:4180} INFO - Setting next_dagrun for dataset_s3_bucket_producer_with_no_taskflow to None, run_after=None
[2024-12-18T15:44:56.575+0000] {processor.py:208} INFO - Processing /home/ubuntu/demo8/lib/python3.12/site-packages/airflow/example_dags/example_dataset_alias_with_no_taskflow.py took 0.526 seconds
[2024-12-18T15:46:03.571+0000] {processor.py:186} INFO - Started process (PID=3780) to work on /home/ubuntu/demo8/lib/python3.12/site-packages/airflow/example_dags/example_dataset_alias_with_no_taskflow.py
[2024-12-18T15:46:03.573+0000] {processor.py:914} INFO - Processing file /home/ubuntu/demo8/lib/python3.12/site-packages/airflow/example_dags/example_dataset_alias_with_no_taskflow.py for tasks to queue
[2024-12-18T15:46:03.575+0000] {logging_mixin.py:190} INFO - [2024-12-18T15:46:03.575+0000] {dagbag.py:588} INFO - Filling up the DagBag from /home/ubuntu/demo8/lib/python3.12/site-packages/airflow/example_dags/example_dataset_alias_with_no_taskflow.py
[2024-12-18T15:46:03.601+0000] {processor.py:925} INFO - DAG(s) 'dataset_s3_bucket_producer_with_no_taskflow', 'dataset_s3_bucket_consumer_with_no_taskflow', 'dataset_alias_example_alias_producer_with_no_taskflow', 'dataset_alias_example_alias_consumer_with_no_taskflow' retrieved from /home/ubuntu/demo8/lib/python3.12/site-packages/airflow/example_dags/example_dataset_alias_with_no_taskflow.py
[2024-12-18T15:46:03.627+0000] {logging_mixin.py:190} INFO - [2024-12-18T15:46:03.627+0000] {dag.py:3239} INFO - Sync 4 DAGs
[2024-12-18T15:46:03.649+0000] {logging_mixin.py:190} INFO - [2024-12-18T15:46:03.649+0000] {dag.py:4180} INFO - Setting next_dagrun for dataset_alias_example_alias_consumer_with_no_taskflow to None, run_after=None
[2024-12-18T15:46:03.651+0000] {logging_mixin.py:190} INFO - [2024-12-18T15:46:03.651+0000] {dag.py:4180} INFO - Setting next_dagrun for dataset_alias_example_alias_producer_with_no_taskflow to None, run_after=None
[2024-12-18T15:46:03.652+0000] {logging_mixin.py:190} INFO - [2024-12-18T15:46:03.652+0000] {dag.py:4180} INFO - Setting next_dagrun for dataset_s3_bucket_consumer_with_no_taskflow to None, run_after=None
[2024-12-18T15:46:03.653+0000] {logging_mixin.py:190} INFO - [2024-12-18T15:46:03.653+0000] {dag.py:4180} INFO - Setting next_dagrun for dataset_s3_bucket_producer_with_no_taskflow to None, run_after=None
[2024-12-18T15:46:03.678+0000] {processor.py:208} INFO - Processing /home/ubuntu/demo8/lib/python3.12/site-packages/airflow/example_dags/example_dataset_alias_with_no_taskflow.py took 0.113 seconds
[2024-12-18T15:47:00.628+0000] {processor.py:186} INFO - Started process (PID=4247) to work on /home/ubuntu/demo8/lib/python3.12/site-packages/airflow/example_dags/example_dataset_alias_with_no_taskflow.py
[2024-12-18T15:47:00.629+0000] {processor.py:914} INFO - Processing file /home/ubuntu/demo8/lib/python3.12/site-packages/airflow/example_dags/example_dataset_alias_with_no_taskflow.py for tasks to queue
[2024-12-18T15:47:00.632+0000] {logging_mixin.py:190} INFO - [2024-12-18T15:47:00.631+0000] {dagbag.py:588} INFO - Filling up the DagBag from /home/ubuntu/demo8/lib/python3.12/site-packages/airflow/example_dags/example_dataset_alias_with_no_taskflow.py
[2024-12-18T15:47:00.657+0000] {processor.py:925} INFO - DAG(s) 'dataset_alias_example_alias_consumer_with_no_taskflow', 'dataset_s3_bucket_consumer_with_no_taskflow', 'dataset_s3_bucket_producer_with_no_taskflow', 'dataset_alias_example_alias_producer_with_no_taskflow' retrieved from /home/ubuntu/demo8/lib/python3.12/site-packages/airflow/example_dags/example_dataset_alias_with_no_taskflow.py
[2024-12-18T15:47:00.677+0000] {logging_mixin.py:190} INFO - [2024-12-18T15:47:00.677+0000] {dag.py:3239} INFO - Sync 4 DAGs
[2024-12-18T15:47:00.699+0000] {logging_mixin.py:190} INFO - [2024-12-18T15:47:00.699+0000] {dag.py:4180} INFO - Setting next_dagrun for dataset_alias_example_alias_consumer_with_no_taskflow to None, run_after=None
[2024-12-18T15:47:00.701+0000] {logging_mixin.py:190} INFO - [2024-12-18T15:47:00.701+0000] {dag.py:4180} INFO - Setting next_dagrun for dataset_alias_example_alias_producer_with_no_taskflow to None, run_after=None
[2024-12-18T15:47:00.702+0000] {logging_mixin.py:190} INFO - [2024-12-18T15:47:00.702+0000] {dag.py:4180} INFO - Setting next_dagrun for dataset_s3_bucket_consumer_with_no_taskflow to None, run_after=None
[2024-12-18T15:47:00.703+0000] {logging_mixin.py:190} INFO - [2024-12-18T15:47:00.703+0000] {dag.py:4180} INFO - Setting next_dagrun for dataset_s3_bucket_producer_with_no_taskflow to None, run_after=None
[2024-12-18T15:47:00.729+0000] {processor.py:208} INFO - Processing /home/ubuntu/demo8/lib/python3.12/site-packages/airflow/example_dags/example_dataset_alias_with_no_taskflow.py took 0.107 seconds
[2024-12-18T15:47:58.508+0000] {processor.py:186} INFO - Started process (PID=4305) to work on /home/ubuntu/demo8/lib/python3.12/site-packages/airflow/example_dags/example_dataset_alias_with_no_taskflow.py
[2024-12-18T15:47:58.510+0000] {processor.py:914} INFO - Processing file /home/ubuntu/demo8/lib/python3.12/site-packages/airflow/example_dags/example_dataset_alias_with_no_taskflow.py for tasks to queue
[2024-12-18T15:47:58.512+0000] {logging_mixin.py:190} INFO - [2024-12-18T15:47:58.512+0000] {dagbag.py:588} INFO - Filling up the DagBag from /home/ubuntu/demo8/lib/python3.12/site-packages/airflow/example_dags/example_dataset_alias_with_no_taskflow.py
[2024-12-18T15:47:58.539+0000] {processor.py:925} INFO - DAG(s) 'dataset_alias_example_alias_producer_with_no_taskflow', 'dataset_alias_example_alias_consumer_with_no_taskflow', 'dataset_s3_bucket_consumer_with_no_taskflow', 'dataset_s3_bucket_producer_with_no_taskflow' retrieved from /home/ubuntu/demo8/lib/python3.12/site-packages/airflow/example_dags/example_dataset_alias_with_no_taskflow.py
[2024-12-18T15:47:58.559+0000] {logging_mixin.py:190} INFO - [2024-12-18T15:47:58.559+0000] {dag.py:3239} INFO - Sync 4 DAGs
[2024-12-18T15:47:58.590+0000] {logging_mixin.py:190} INFO - [2024-12-18T15:47:58.590+0000] {dag.py:4180} INFO - Setting next_dagrun for dataset_alias_example_alias_consumer_with_no_taskflow to None, run_after=None
[2024-12-18T15:47:58.592+0000] {logging_mixin.py:190} INFO - [2024-12-18T15:47:58.592+0000] {dag.py:4180} INFO - Setting next_dagrun for dataset_alias_example_alias_producer_with_no_taskflow to None, run_after=None
[2024-12-18T15:47:58.593+0000] {logging_mixin.py:190} INFO - [2024-12-18T15:47:58.593+0000] {dag.py:4180} INFO - Setting next_dagrun for dataset_s3_bucket_consumer_with_no_taskflow to None, run_after=None
[2024-12-18T15:47:58.594+0000] {logging_mixin.py:190} INFO - [2024-12-18T15:47:58.594+0000] {dag.py:4180} INFO - Setting next_dagrun for dataset_s3_bucket_producer_with_no_taskflow to None, run_after=None
[2024-12-18T15:47:58.620+0000] {processor.py:208} INFO - Processing /home/ubuntu/demo8/lib/python3.12/site-packages/airflow/example_dags/example_dataset_alias_with_no_taskflow.py took 0.117 seconds
[2024-12-18T15:48:53.153+0000] {processor.py:186} INFO - Started process (PID=4361) to work on /home/ubuntu/demo8/lib/python3.12/site-packages/airflow/example_dags/example_dataset_alias_with_no_taskflow.py
[2024-12-18T15:48:53.155+0000] {processor.py:914} INFO - Processing file /home/ubuntu/demo8/lib/python3.12/site-packages/airflow/example_dags/example_dataset_alias_with_no_taskflow.py for tasks to queue
[2024-12-18T15:48:53.157+0000] {logging_mixin.py:190} INFO - [2024-12-18T15:48:53.156+0000] {dagbag.py:588} INFO - Filling up the DagBag from /home/ubuntu/demo8/lib/python3.12/site-packages/airflow/example_dags/example_dataset_alias_with_no_taskflow.py
[2024-12-18T15:48:53.183+0000] {processor.py:925} INFO - DAG(s) 'dataset_alias_example_alias_producer_with_no_taskflow', 'dataset_alias_example_alias_consumer_with_no_taskflow', 'dataset_s3_bucket_consumer_with_no_taskflow', 'dataset_s3_bucket_producer_with_no_taskflow' retrieved from /home/ubuntu/demo8/lib/python3.12/site-packages/airflow/example_dags/example_dataset_alias_with_no_taskflow.py
[2024-12-18T15:48:53.204+0000] {logging_mixin.py:190} INFO - [2024-12-18T15:48:53.203+0000] {dag.py:3239} INFO - Sync 4 DAGs
[2024-12-18T15:48:53.341+0000] {logging_mixin.py:190} INFO - [2024-12-18T15:48:53.341+0000] {dag.py:4180} INFO - Setting next_dagrun for dataset_alias_example_alias_consumer_with_no_taskflow to None, run_after=None
[2024-12-18T15:48:53.344+0000] {logging_mixin.py:190} INFO - [2024-12-18T15:48:53.344+0000] {dag.py:4180} INFO - Setting next_dagrun for dataset_alias_example_alias_producer_with_no_taskflow to None, run_after=None
[2024-12-18T15:48:53.345+0000] {logging_mixin.py:190} INFO - [2024-12-18T15:48:53.345+0000] {dag.py:4180} INFO - Setting next_dagrun for dataset_s3_bucket_consumer_with_no_taskflow to None, run_after=None
[2024-12-18T15:48:53.346+0000] {logging_mixin.py:190} INFO - [2024-12-18T15:48:53.346+0000] {dag.py:4180} INFO - Setting next_dagrun for dataset_s3_bucket_producer_with_no_taskflow to None, run_after=None
[2024-12-18T15:48:53.369+0000] {processor.py:208} INFO - Processing /home/ubuntu/demo8/lib/python3.12/site-packages/airflow/example_dags/example_dataset_alias_with_no_taskflow.py took 0.222 seconds
[2024-12-18T15:49:57.646+0000] {processor.py:186} INFO - Started process (PID=4422) to work on /home/ubuntu/demo8/lib/python3.12/site-packages/airflow/example_dags/example_dataset_alias_with_no_taskflow.py
[2024-12-18T15:49:57.648+0000] {processor.py:914} INFO - Processing file /home/ubuntu/demo8/lib/python3.12/site-packages/airflow/example_dags/example_dataset_alias_with_no_taskflow.py for tasks to queue
[2024-12-18T15:49:57.651+0000] {logging_mixin.py:190} INFO - [2024-12-18T15:49:57.650+0000] {dagbag.py:588} INFO - Filling up the DagBag from /home/ubuntu/demo8/lib/python3.12/site-packages/airflow/example_dags/example_dataset_alias_with_no_taskflow.py
[2024-12-18T15:49:57.677+0000] {processor.py:925} INFO - DAG(s) 'dataset_alias_example_alias_producer_with_no_taskflow', 'dataset_alias_example_alias_consumer_with_no_taskflow', 'dataset_s3_bucket_producer_with_no_taskflow', 'dataset_s3_bucket_consumer_with_no_taskflow' retrieved from /home/ubuntu/demo8/lib/python3.12/site-packages/airflow/example_dags/example_dataset_alias_with_no_taskflow.py
[2024-12-18T15:49:57.697+0000] {logging_mixin.py:190} INFO - [2024-12-18T15:49:57.697+0000] {dag.py:3239} INFO - Sync 4 DAGs
[2024-12-18T15:49:57.721+0000] {logging_mixin.py:190} INFO - [2024-12-18T15:49:57.721+0000] {dag.py:4180} INFO - Setting next_dagrun for dataset_alias_example_alias_consumer_with_no_taskflow to None, run_after=None
[2024-12-18T15:49:57.723+0000] {logging_mixin.py:190} INFO - [2024-12-18T15:49:57.723+0000] {dag.py:4180} INFO - Setting next_dagrun for dataset_alias_example_alias_producer_with_no_taskflow to None, run_after=None
[2024-12-18T15:49:57.724+0000] {logging_mixin.py:190} INFO - [2024-12-18T15:49:57.724+0000] {dag.py:4180} INFO - Setting next_dagrun for dataset_s3_bucket_consumer_with_no_taskflow to None, run_after=None
[2024-12-18T15:49:57.725+0000] {logging_mixin.py:190} INFO - [2024-12-18T15:49:57.725+0000] {dag.py:4180} INFO - Setting next_dagrun for dataset_s3_bucket_producer_with_no_taskflow to None, run_after=None
[2024-12-18T15:49:57.750+0000] {processor.py:208} INFO - Processing /home/ubuntu/demo8/lib/python3.12/site-packages/airflow/example_dags/example_dataset_alias_with_no_taskflow.py took 0.110 seconds
[2024-12-18T15:50:55.632+0000] {processor.py:186} INFO - Started process (PID=4492) to work on /home/ubuntu/demo8/lib/python3.12/site-packages/airflow/example_dags/example_dataset_alias_with_no_taskflow.py
[2024-12-18T15:50:55.634+0000] {processor.py:914} INFO - Processing file /home/ubuntu/demo8/lib/python3.12/site-packages/airflow/example_dags/example_dataset_alias_with_no_taskflow.py for tasks to queue
[2024-12-18T15:50:55.636+0000] {logging_mixin.py:190} INFO - [2024-12-18T15:50:55.636+0000] {dagbag.py:588} INFO - Filling up the DagBag from /home/ubuntu/demo8/lib/python3.12/site-packages/airflow/example_dags/example_dataset_alias_with_no_taskflow.py
[2024-12-18T15:50:55.662+0000] {processor.py:925} INFO - DAG(s) 'dataset_s3_bucket_consumer_with_no_taskflow', 'dataset_alias_example_alias_producer_with_no_taskflow', 'dataset_s3_bucket_producer_with_no_taskflow', 'dataset_alias_example_alias_consumer_with_no_taskflow' retrieved from /home/ubuntu/demo8/lib/python3.12/site-packages/airflow/example_dags/example_dataset_alias_with_no_taskflow.py
[2024-12-18T15:50:55.682+0000] {logging_mixin.py:190} INFO - [2024-12-18T15:50:55.682+0000] {dag.py:3239} INFO - Sync 4 DAGs
[2024-12-18T15:50:55.704+0000] {logging_mixin.py:190} INFO - [2024-12-18T15:50:55.704+0000] {dag.py:4180} INFO - Setting next_dagrun for dataset_alias_example_alias_consumer_with_no_taskflow to None, run_after=None
[2024-12-18T15:50:55.706+0000] {logging_mixin.py:190} INFO - [2024-12-18T15:50:55.706+0000] {dag.py:4180} INFO - Setting next_dagrun for dataset_alias_example_alias_producer_with_no_taskflow to None, run_after=None
[2024-12-18T15:50:55.707+0000] {logging_mixin.py:190} INFO - [2024-12-18T15:50:55.707+0000] {dag.py:4180} INFO - Setting next_dagrun for dataset_s3_bucket_consumer_with_no_taskflow to None, run_after=None
[2024-12-18T15:50:55.708+0000] {logging_mixin.py:190} INFO - [2024-12-18T15:50:55.708+0000] {dag.py:4180} INFO - Setting next_dagrun for dataset_s3_bucket_producer_with_no_taskflow to None, run_after=None
[2024-12-18T15:50:55.734+0000] {processor.py:208} INFO - Processing /home/ubuntu/demo8/lib/python3.12/site-packages/airflow/example_dags/example_dataset_alias_with_no_taskflow.py took 0.108 seconds
[2024-12-18T15:51:50.076+0000] {processor.py:186} INFO - Started process (PID=4551) to work on /home/ubuntu/demo8/lib/python3.12/site-packages/airflow/example_dags/example_dataset_alias_with_no_taskflow.py
[2024-12-18T15:51:50.078+0000] {processor.py:914} INFO - Processing file /home/ubuntu/demo8/lib/python3.12/site-packages/airflow/example_dags/example_dataset_alias_with_no_taskflow.py for tasks to queue
[2024-12-18T15:51:50.080+0000] {logging_mixin.py:190} INFO - [2024-12-18T15:51:50.080+0000] {dagbag.py:588} INFO - Filling up the DagBag from /home/ubuntu/demo8/lib/python3.12/site-packages/airflow/example_dags/example_dataset_alias_with_no_taskflow.py
[2024-12-18T15:51:50.106+0000] {processor.py:925} INFO - DAG(s) 'dataset_alias_example_alias_consumer_with_no_taskflow', 'dataset_s3_bucket_producer_with_no_taskflow', 'dataset_s3_bucket_consumer_with_no_taskflow', 'dataset_alias_example_alias_producer_with_no_taskflow' retrieved from /home/ubuntu/demo8/lib/python3.12/site-packages/airflow/example_dags/example_dataset_alias_with_no_taskflow.py
[2024-12-18T15:51:50.126+0000] {logging_mixin.py:190} INFO - [2024-12-18T15:51:50.126+0000] {dag.py:3239} INFO - Sync 4 DAGs
[2024-12-18T15:51:50.154+0000] {logging_mixin.py:190} INFO - [2024-12-18T15:51:50.154+0000] {dag.py:4180} INFO - Setting next_dagrun for dataset_alias_example_alias_consumer_with_no_taskflow to None, run_after=None
[2024-12-18T15:51:50.160+0000] {logging_mixin.py:190} INFO - [2024-12-18T15:51:50.159+0000] {dag.py:4180} INFO - Setting next_dagrun for dataset_alias_example_alias_producer_with_no_taskflow to None, run_after=None
[2024-12-18T15:51:50.162+0000] {logging_mixin.py:190} INFO - [2024-12-18T15:51:50.162+0000] {dag.py:4180} INFO - Setting next_dagrun for dataset_s3_bucket_consumer_with_no_taskflow to None, run_after=None
[2024-12-18T15:51:50.163+0000] {logging_mixin.py:190} INFO - [2024-12-18T15:51:50.163+0000] {dag.py:4180} INFO - Setting next_dagrun for dataset_s3_bucket_producer_with_no_taskflow to None, run_after=None
[2024-12-18T15:51:50.188+0000] {processor.py:208} INFO - Processing /home/ubuntu/demo8/lib/python3.12/site-packages/airflow/example_dags/example_dataset_alias_with_no_taskflow.py took 0.118 seconds
[2024-12-18T15:52:43.987+0000] {processor.py:186} INFO - Started process (PID=4608) to work on /home/ubuntu/demo8/lib/python3.12/site-packages/airflow/example_dags/example_dataset_alias_with_no_taskflow.py
[2024-12-18T15:52:43.989+0000] {processor.py:914} INFO - Processing file /home/ubuntu/demo8/lib/python3.12/site-packages/airflow/example_dags/example_dataset_alias_with_no_taskflow.py for tasks to queue
[2024-12-18T15:52:43.991+0000] {logging_mixin.py:190} INFO - [2024-12-18T15:52:43.991+0000] {dagbag.py:588} INFO - Filling up the DagBag from /home/ubuntu/demo8/lib/python3.12/site-packages/airflow/example_dags/example_dataset_alias_with_no_taskflow.py
[2024-12-18T15:52:44.027+0000] {processor.py:925} INFO - DAG(s) 'dataset_alias_example_alias_consumer_with_no_taskflow', 'dataset_alias_example_alias_producer_with_no_taskflow', 'dataset_s3_bucket_consumer_with_no_taskflow', 'dataset_s3_bucket_producer_with_no_taskflow' retrieved from /home/ubuntu/demo8/lib/python3.12/site-packages/airflow/example_dags/example_dataset_alias_with_no_taskflow.py
[2024-12-18T15:52:44.047+0000] {logging_mixin.py:190} INFO - [2024-12-18T15:52:44.047+0000] {dag.py:3239} INFO - Sync 4 DAGs
[2024-12-18T15:52:44.070+0000] {logging_mixin.py:190} INFO - [2024-12-18T15:52:44.070+0000] {dag.py:4180} INFO - Setting next_dagrun for dataset_alias_example_alias_consumer_with_no_taskflow to None, run_after=None
[2024-12-18T15:52:44.073+0000] {logging_mixin.py:190} INFO - [2024-12-18T15:52:44.072+0000] {dag.py:4180} INFO - Setting next_dagrun for dataset_alias_example_alias_producer_with_no_taskflow to None, run_after=None
[2024-12-18T15:52:44.074+0000] {logging_mixin.py:190} INFO - [2024-12-18T15:52:44.073+0000] {dag.py:4180} INFO - Setting next_dagrun for dataset_s3_bucket_consumer_with_no_taskflow to None, run_after=None
[2024-12-18T15:52:44.075+0000] {logging_mixin.py:190} INFO - [2024-12-18T15:52:44.074+0000] {dag.py:4180} INFO - Setting next_dagrun for dataset_s3_bucket_producer_with_no_taskflow to None, run_after=None
[2024-12-18T15:52:44.100+0000] {processor.py:208} INFO - Processing /home/ubuntu/demo8/lib/python3.12/site-packages/airflow/example_dags/example_dataset_alias_with_no_taskflow.py took 0.118 seconds
[2024-12-18T15:53:39.157+0000] {processor.py:186} INFO - Started process (PID=4664) to work on /home/ubuntu/demo8/lib/python3.12/site-packages/airflow/example_dags/example_dataset_alias_with_no_taskflow.py
[2024-12-18T15:53:39.159+0000] {processor.py:914} INFO - Processing file /home/ubuntu/demo8/lib/python3.12/site-packages/airflow/example_dags/example_dataset_alias_with_no_taskflow.py for tasks to queue
[2024-12-18T15:53:39.161+0000] {logging_mixin.py:190} INFO - [2024-12-18T15:53:39.161+0000] {dagbag.py:588} INFO - Filling up the DagBag from /home/ubuntu/demo8/lib/python3.12/site-packages/airflow/example_dags/example_dataset_alias_with_no_taskflow.py
[2024-12-18T15:53:39.188+0000] {processor.py:925} INFO - DAG(s) 'dataset_alias_example_alias_producer_with_no_taskflow', 'dataset_alias_example_alias_consumer_with_no_taskflow', 'dataset_s3_bucket_producer_with_no_taskflow', 'dataset_s3_bucket_consumer_with_no_taskflow' retrieved from /home/ubuntu/demo8/lib/python3.12/site-packages/airflow/example_dags/example_dataset_alias_with_no_taskflow.py
[2024-12-18T15:53:39.208+0000] {logging_mixin.py:190} INFO - [2024-12-18T15:53:39.208+0000] {dag.py:3239} INFO - Sync 4 DAGs
[2024-12-18T15:53:39.232+0000] {logging_mixin.py:190} INFO - [2024-12-18T15:53:39.232+0000] {dag.py:4180} INFO - Setting next_dagrun for dataset_alias_example_alias_consumer_with_no_taskflow to None, run_after=None
[2024-12-18T15:53:39.234+0000] {logging_mixin.py:190} INFO - [2024-12-18T15:53:39.234+0000] {dag.py:4180} INFO - Setting next_dagrun for dataset_alias_example_alias_producer_with_no_taskflow to None, run_after=None
[2024-12-18T15:53:39.235+0000] {logging_mixin.py:190} INFO - [2024-12-18T15:53:39.235+0000] {dag.py:4180} INFO - Setting next_dagrun for dataset_s3_bucket_consumer_with_no_taskflow to None, run_after=None
[2024-12-18T15:53:39.236+0000] {logging_mixin.py:190} INFO - [2024-12-18T15:53:39.236+0000] {dag.py:4180} INFO - Setting next_dagrun for dataset_s3_bucket_producer_with_no_taskflow to None, run_after=None
[2024-12-18T15:53:39.260+0000] {processor.py:208} INFO - Processing /home/ubuntu/demo8/lib/python3.12/site-packages/airflow/example_dags/example_dataset_alias_with_no_taskflow.py took 0.110 seconds
[2024-12-18T15:55:05.348+0000] {processor.py:186} INFO - Started process (PID=4781) to work on /home/ubuntu/demo8/lib/python3.12/site-packages/airflow/example_dags/example_dataset_alias_with_no_taskflow.py
[2024-12-18T15:55:05.349+0000] {processor.py:914} INFO - Processing file /home/ubuntu/demo8/lib/python3.12/site-packages/airflow/example_dags/example_dataset_alias_with_no_taskflow.py for tasks to queue
[2024-12-18T15:55:05.351+0000] {logging_mixin.py:190} INFO - [2024-12-18T15:55:05.351+0000] {dagbag.py:588} INFO - Filling up the DagBag from /home/ubuntu/demo8/lib/python3.12/site-packages/airflow/example_dags/example_dataset_alias_with_no_taskflow.py
[2024-12-18T15:55:05.378+0000] {processor.py:925} INFO - DAG(s) 'dataset_s3_bucket_producer_with_no_taskflow', 'dataset_alias_example_alias_producer_with_no_taskflow', 'dataset_alias_example_alias_consumer_with_no_taskflow', 'dataset_s3_bucket_consumer_with_no_taskflow' retrieved from /home/ubuntu/demo8/lib/python3.12/site-packages/airflow/example_dags/example_dataset_alias_with_no_taskflow.py
[2024-12-18T15:55:05.400+0000] {logging_mixin.py:190} INFO - [2024-12-18T15:55:05.400+0000] {dag.py:3239} INFO - Sync 4 DAGs
[2024-12-18T15:55:05.425+0000] {logging_mixin.py:190} INFO - [2024-12-18T15:55:05.425+0000] {dag.py:4180} INFO - Setting next_dagrun for dataset_alias_example_alias_consumer_with_no_taskflow to None, run_after=None
[2024-12-18T15:55:05.428+0000] {logging_mixin.py:190} INFO - [2024-12-18T15:55:05.427+0000] {dag.py:4180} INFO - Setting next_dagrun for dataset_alias_example_alias_producer_with_no_taskflow to None, run_after=None
[2024-12-18T15:55:05.429+0000] {logging_mixin.py:190} INFO - [2024-12-18T15:55:05.428+0000] {dag.py:4180} INFO - Setting next_dagrun for dataset_s3_bucket_consumer_with_no_taskflow to None, run_after=None
[2024-12-18T15:55:05.430+0000] {logging_mixin.py:190} INFO - [2024-12-18T15:55:05.429+0000] {dag.py:4180} INFO - Setting next_dagrun for dataset_s3_bucket_producer_with_no_taskflow to None, run_after=None
[2024-12-18T15:55:05.453+0000] {processor.py:208} INFO - Processing /home/ubuntu/demo8/lib/python3.12/site-packages/airflow/example_dags/example_dataset_alias_with_no_taskflow.py took 0.111 seconds
[2024-12-18T15:56:02.311+0000] {processor.py:186} INFO - Started process (PID=4841) to work on /home/ubuntu/demo8/lib/python3.12/site-packages/airflow/example_dags/example_dataset_alias_with_no_taskflow.py
[2024-12-18T15:56:02.313+0000] {processor.py:914} INFO - Processing file /home/ubuntu/demo8/lib/python3.12/site-packages/airflow/example_dags/example_dataset_alias_with_no_taskflow.py for tasks to queue
[2024-12-18T15:56:02.315+0000] {logging_mixin.py:190} INFO - [2024-12-18T15:56:02.315+0000] {dagbag.py:588} INFO - Filling up the DagBag from /home/ubuntu/demo8/lib/python3.12/site-packages/airflow/example_dags/example_dataset_alias_with_no_taskflow.py
[2024-12-18T15:56:02.341+0000] {processor.py:925} INFO - DAG(s) 'dataset_alias_example_alias_consumer_with_no_taskflow', 'dataset_s3_bucket_producer_with_no_taskflow', 'dataset_alias_example_alias_producer_with_no_taskflow', 'dataset_s3_bucket_consumer_with_no_taskflow' retrieved from /home/ubuntu/demo8/lib/python3.12/site-packages/airflow/example_dags/example_dataset_alias_with_no_taskflow.py
[2024-12-18T15:56:02.362+0000] {logging_mixin.py:190} INFO - [2024-12-18T15:56:02.361+0000] {dag.py:3239} INFO - Sync 4 DAGs
[2024-12-18T15:56:02.383+0000] {logging_mixin.py:190} INFO - [2024-12-18T15:56:02.383+0000] {dag.py:4180} INFO - Setting next_dagrun for dataset_alias_example_alias_consumer_with_no_taskflow to None, run_after=None
[2024-12-18T15:56:02.385+0000] {logging_mixin.py:190} INFO - [2024-12-18T15:56:02.385+0000] {dag.py:4180} INFO - Setting next_dagrun for dataset_alias_example_alias_producer_with_no_taskflow to None, run_after=None
[2024-12-18T15:56:02.387+0000] {logging_mixin.py:190} INFO - [2024-12-18T15:56:02.386+0000] {dag.py:4180} INFO - Setting next_dagrun for dataset_s3_bucket_consumer_with_no_taskflow to None, run_after=None
[2024-12-18T15:56:02.388+0000] {logging_mixin.py:190} INFO - [2024-12-18T15:56:02.387+0000] {dag.py:4180} INFO - Setting next_dagrun for dataset_s3_bucket_producer_with_no_taskflow to None, run_after=None
[2024-12-18T15:56:02.412+0000] {processor.py:208} INFO - Processing /home/ubuntu/demo8/lib/python3.12/site-packages/airflow/example_dags/example_dataset_alias_with_no_taskflow.py took 0.107 seconds
[2024-12-18T15:57:32.871+0000] {processor.py:186} INFO - Started process (PID=4928) to work on /home/ubuntu/demo8/lib/python3.12/site-packages/airflow/example_dags/example_dataset_alias_with_no_taskflow.py
[2024-12-18T15:57:32.873+0000] {processor.py:914} INFO - Processing file /home/ubuntu/demo8/lib/python3.12/site-packages/airflow/example_dags/example_dataset_alias_with_no_taskflow.py for tasks to queue
[2024-12-18T15:57:32.875+0000] {logging_mixin.py:190} INFO - [2024-12-18T15:57:32.874+0000] {dagbag.py:588} INFO - Filling up the DagBag from /home/ubuntu/demo8/lib/python3.12/site-packages/airflow/example_dags/example_dataset_alias_with_no_taskflow.py
[2024-12-18T15:57:32.901+0000] {processor.py:925} INFO - DAG(s) 'dataset_s3_bucket_consumer_with_no_taskflow', 'dataset_alias_example_alias_consumer_with_no_taskflow', 'dataset_alias_example_alias_producer_with_no_taskflow', 'dataset_s3_bucket_producer_with_no_taskflow' retrieved from /home/ubuntu/demo8/lib/python3.12/site-packages/airflow/example_dags/example_dataset_alias_with_no_taskflow.py
[2024-12-18T15:57:32.920+0000] {logging_mixin.py:190} INFO - [2024-12-18T15:57:32.920+0000] {dag.py:3239} INFO - Sync 4 DAGs
[2024-12-18T15:57:32.941+0000] {logging_mixin.py:190} INFO - [2024-12-18T15:57:32.941+0000] {dag.py:4180} INFO - Setting next_dagrun for dataset_alias_example_alias_consumer_with_no_taskflow to None, run_after=None
[2024-12-18T15:57:32.943+0000] {logging_mixin.py:190} INFO - [2024-12-18T15:57:32.943+0000] {dag.py:4180} INFO - Setting next_dagrun for dataset_alias_example_alias_producer_with_no_taskflow to None, run_after=None
[2024-12-18T15:57:32.944+0000] {logging_mixin.py:190} INFO - [2024-12-18T15:57:32.944+0000] {dag.py:4180} INFO - Setting next_dagrun for dataset_s3_bucket_consumer_with_no_taskflow to None, run_after=None
[2024-12-18T15:57:32.945+0000] {logging_mixin.py:190} INFO - [2024-12-18T15:57:32.945+0000] {dag.py:4180} INFO - Setting next_dagrun for dataset_s3_bucket_producer_with_no_taskflow to None, run_after=None
[2024-12-18T15:57:32.969+0000] {processor.py:208} INFO - Processing /home/ubuntu/demo8/lib/python3.12/site-packages/airflow/example_dags/example_dataset_alias_with_no_taskflow.py took 0.104 seconds
[2024-12-18T15:58:29.718+0000] {processor.py:186} INFO - Started process (PID=4986) to work on /home/ubuntu/demo8/lib/python3.12/site-packages/airflow/example_dags/example_dataset_alias_with_no_taskflow.py
[2024-12-18T15:58:29.719+0000] {processor.py:914} INFO - Processing file /home/ubuntu/demo8/lib/python3.12/site-packages/airflow/example_dags/example_dataset_alias_with_no_taskflow.py for tasks to queue
[2024-12-18T15:58:29.721+0000] {logging_mixin.py:190} INFO - [2024-12-18T15:58:29.721+0000] {dagbag.py:588} INFO - Filling up the DagBag from /home/ubuntu/demo8/lib/python3.12/site-packages/airflow/example_dags/example_dataset_alias_with_no_taskflow.py
[2024-12-18T15:58:29.747+0000] {processor.py:925} INFO - DAG(s) 'dataset_alias_example_alias_producer_with_no_taskflow', 'dataset_alias_example_alias_consumer_with_no_taskflow', 'dataset_s3_bucket_producer_with_no_taskflow', 'dataset_s3_bucket_consumer_with_no_taskflow' retrieved from /home/ubuntu/demo8/lib/python3.12/site-packages/airflow/example_dags/example_dataset_alias_with_no_taskflow.py
[2024-12-18T15:58:29.767+0000] {logging_mixin.py:190} INFO - [2024-12-18T15:58:29.767+0000] {dag.py:3239} INFO - Sync 4 DAGs
[2024-12-18T15:58:29.788+0000] {logging_mixin.py:190} INFO - [2024-12-18T15:58:29.788+0000] {dag.py:4180} INFO - Setting next_dagrun for dataset_alias_example_alias_consumer_with_no_taskflow to None, run_after=None
[2024-12-18T15:58:29.790+0000] {logging_mixin.py:190} INFO - [2024-12-18T15:58:29.790+0000] {dag.py:4180} INFO - Setting next_dagrun for dataset_alias_example_alias_producer_with_no_taskflow to None, run_after=None
[2024-12-18T15:58:29.791+0000] {logging_mixin.py:190} INFO - [2024-12-18T15:58:29.791+0000] {dag.py:4180} INFO - Setting next_dagrun for dataset_s3_bucket_consumer_with_no_taskflow to None, run_after=None
[2024-12-18T15:58:29.792+0000] {logging_mixin.py:190} INFO - [2024-12-18T15:58:29.792+0000] {dag.py:4180} INFO - Setting next_dagrun for dataset_s3_bucket_producer_with_no_taskflow to None, run_after=None
[2024-12-18T15:58:29.817+0000] {processor.py:208} INFO - Processing /home/ubuntu/demo8/lib/python3.12/site-packages/airflow/example_dags/example_dataset_alias_with_no_taskflow.py took 0.105 seconds
[2024-12-18T16:00:31.682+0000] {processor.py:186} INFO - Started process (PID=5112) to work on /home/ubuntu/demo8/lib/python3.12/site-packages/airflow/example_dags/example_dataset_alias_with_no_taskflow.py
[2024-12-18T16:00:31.683+0000] {processor.py:914} INFO - Processing file /home/ubuntu/demo8/lib/python3.12/site-packages/airflow/example_dags/example_dataset_alias_with_no_taskflow.py for tasks to queue
[2024-12-18T16:00:31.686+0000] {logging_mixin.py:190} INFO - [2024-12-18T16:00:31.685+0000] {dagbag.py:588} INFO - Filling up the DagBag from /home/ubuntu/demo8/lib/python3.12/site-packages/airflow/example_dags/example_dataset_alias_with_no_taskflow.py
[2024-12-18T16:00:31.716+0000] {processor.py:925} INFO - DAG(s) 'dataset_alias_example_alias_producer_with_no_taskflow', 'dataset_s3_bucket_producer_with_no_taskflow', 'dataset_alias_example_alias_consumer_with_no_taskflow', 'dataset_s3_bucket_consumer_with_no_taskflow' retrieved from /home/ubuntu/demo8/lib/python3.12/site-packages/airflow/example_dags/example_dataset_alias_with_no_taskflow.py
[2024-12-18T16:00:31.741+0000] {logging_mixin.py:190} INFO - [2024-12-18T16:00:31.741+0000] {dag.py:3239} INFO - Sync 4 DAGs
[2024-12-18T16:00:31.763+0000] {logging_mixin.py:190} INFO - [2024-12-18T16:00:31.763+0000] {dag.py:4180} INFO - Setting next_dagrun for dataset_alias_example_alias_consumer_with_no_taskflow to None, run_after=None
[2024-12-18T16:00:31.766+0000] {logging_mixin.py:190} INFO - [2024-12-18T16:00:31.766+0000] {dag.py:4180} INFO - Setting next_dagrun for dataset_alias_example_alias_producer_with_no_taskflow to None, run_after=None
[2024-12-18T16:00:31.767+0000] {logging_mixin.py:190} INFO - [2024-12-18T16:00:31.767+0000] {dag.py:4180} INFO - Setting next_dagrun for dataset_s3_bucket_consumer_with_no_taskflow to None, run_after=None
[2024-12-18T16:00:31.768+0000] {logging_mixin.py:190} INFO - [2024-12-18T16:00:31.768+0000] {dag.py:4180} INFO - Setting next_dagrun for dataset_s3_bucket_producer_with_no_taskflow to None, run_after=None
[2024-12-18T16:00:31.792+0000] {processor.py:208} INFO - Processing /home/ubuntu/demo8/lib/python3.12/site-packages/airflow/example_dags/example_dataset_alias_with_no_taskflow.py took 0.116 seconds
[2024-12-18T16:01:28.534+0000] {processor.py:186} INFO - Started process (PID=5172) to work on /home/ubuntu/demo8/lib/python3.12/site-packages/airflow/example_dags/example_dataset_alias_with_no_taskflow.py
[2024-12-18T16:01:28.535+0000] {processor.py:914} INFO - Processing file /home/ubuntu/demo8/lib/python3.12/site-packages/airflow/example_dags/example_dataset_alias_with_no_taskflow.py for tasks to queue
[2024-12-18T16:01:28.537+0000] {logging_mixin.py:190} INFO - [2024-12-18T16:01:28.537+0000] {dagbag.py:588} INFO - Filling up the DagBag from /home/ubuntu/demo8/lib/python3.12/site-packages/airflow/example_dags/example_dataset_alias_with_no_taskflow.py
[2024-12-18T16:01:28.563+0000] {processor.py:925} INFO - DAG(s) 'dataset_s3_bucket_producer_with_no_taskflow', 'dataset_s3_bucket_consumer_with_no_taskflow', 'dataset_alias_example_alias_consumer_with_no_taskflow', 'dataset_alias_example_alias_producer_with_no_taskflow' retrieved from /home/ubuntu/demo8/lib/python3.12/site-packages/airflow/example_dags/example_dataset_alias_with_no_taskflow.py
[2024-12-18T16:01:28.583+0000] {logging_mixin.py:190} INFO - [2024-12-18T16:01:28.583+0000] {dag.py:3239} INFO - Sync 4 DAGs
[2024-12-18T16:01:28.605+0000] {logging_mixin.py:190} INFO - [2024-12-18T16:01:28.605+0000] {dag.py:4180} INFO - Setting next_dagrun for dataset_alias_example_alias_consumer_with_no_taskflow to None, run_after=None
[2024-12-18T16:01:28.607+0000] {logging_mixin.py:190} INFO - [2024-12-18T16:01:28.607+0000] {dag.py:4180} INFO - Setting next_dagrun for dataset_alias_example_alias_producer_with_no_taskflow to None, run_after=None
[2024-12-18T16:01:28.608+0000] {logging_mixin.py:190} INFO - [2024-12-18T16:01:28.608+0000] {dag.py:4180} INFO - Setting next_dagrun for dataset_s3_bucket_consumer_with_no_taskflow to None, run_after=None
[2024-12-18T16:01:28.609+0000] {logging_mixin.py:190} INFO - [2024-12-18T16:01:28.609+0000] {dag.py:4180} INFO - Setting next_dagrun for dataset_s3_bucket_producer_with_no_taskflow to None, run_after=None
[2024-12-18T16:01:28.634+0000] {processor.py:208} INFO - Processing /home/ubuntu/demo8/lib/python3.12/site-packages/airflow/example_dags/example_dataset_alias_with_no_taskflow.py took 0.107 seconds
[2024-12-18T16:02:25.276+0000] {processor.py:186} INFO - Started process (PID=5230) to work on /home/ubuntu/demo8/lib/python3.12/site-packages/airflow/example_dags/example_dataset_alias_with_no_taskflow.py
[2024-12-18T16:02:25.277+0000] {processor.py:914} INFO - Processing file /home/ubuntu/demo8/lib/python3.12/site-packages/airflow/example_dags/example_dataset_alias_with_no_taskflow.py for tasks to queue
[2024-12-18T16:02:25.279+0000] {logging_mixin.py:190} INFO - [2024-12-18T16:02:25.279+0000] {dagbag.py:588} INFO - Filling up the DagBag from /home/ubuntu/demo8/lib/python3.12/site-packages/airflow/example_dags/example_dataset_alias_with_no_taskflow.py
[2024-12-18T16:02:25.305+0000] {processor.py:925} INFO - DAG(s) 'dataset_s3_bucket_consumer_with_no_taskflow', 'dataset_s3_bucket_producer_with_no_taskflow', 'dataset_alias_example_alias_consumer_with_no_taskflow', 'dataset_alias_example_alias_producer_with_no_taskflow' retrieved from /home/ubuntu/demo8/lib/python3.12/site-packages/airflow/example_dags/example_dataset_alias_with_no_taskflow.py
[2024-12-18T16:02:25.326+0000] {logging_mixin.py:190} INFO - [2024-12-18T16:02:25.326+0000] {dag.py:3239} INFO - Sync 4 DAGs
[2024-12-18T16:02:25.347+0000] {logging_mixin.py:190} INFO - [2024-12-18T16:02:25.347+0000] {dag.py:4180} INFO - Setting next_dagrun for dataset_alias_example_alias_consumer_with_no_taskflow to None, run_after=None
[2024-12-18T16:02:25.350+0000] {logging_mixin.py:190} INFO - [2024-12-18T16:02:25.350+0000] {dag.py:4180} INFO - Setting next_dagrun for dataset_alias_example_alias_producer_with_no_taskflow to None, run_after=None
[2024-12-18T16:02:25.351+0000] {logging_mixin.py:190} INFO - [2024-12-18T16:02:25.351+0000] {dag.py:4180} INFO - Setting next_dagrun for dataset_s3_bucket_consumer_with_no_taskflow to None, run_after=None
[2024-12-18T16:02:25.352+0000] {logging_mixin.py:190} INFO - [2024-12-18T16:02:25.352+0000] {dag.py:4180} INFO - Setting next_dagrun for dataset_s3_bucket_producer_with_no_taskflow to None, run_after=None
[2024-12-18T16:02:25.376+0000] {processor.py:208} INFO - Processing /home/ubuntu/demo8/lib/python3.12/site-packages/airflow/example_dags/example_dataset_alias_with_no_taskflow.py took 0.106 seconds
[2024-12-18T16:03:19.782+0000] {processor.py:186} INFO - Started process (PID=5285) to work on /home/ubuntu/demo8/lib/python3.12/site-packages/airflow/example_dags/example_dataset_alias_with_no_taskflow.py
[2024-12-18T16:03:19.783+0000] {processor.py:914} INFO - Processing file /home/ubuntu/demo8/lib/python3.12/site-packages/airflow/example_dags/example_dataset_alias_with_no_taskflow.py for tasks to queue
[2024-12-18T16:03:19.786+0000] {logging_mixin.py:190} INFO - [2024-12-18T16:03:19.785+0000] {dagbag.py:588} INFO - Filling up the DagBag from /home/ubuntu/demo8/lib/python3.12/site-packages/airflow/example_dags/example_dataset_alias_with_no_taskflow.py
[2024-12-18T16:03:19.811+0000] {processor.py:925} INFO - DAG(s) 'dataset_s3_bucket_producer_with_no_taskflow', 'dataset_alias_example_alias_producer_with_no_taskflow', 'dataset_s3_bucket_consumer_with_no_taskflow', 'dataset_alias_example_alias_consumer_with_no_taskflow' retrieved from /home/ubuntu/demo8/lib/python3.12/site-packages/airflow/example_dags/example_dataset_alias_with_no_taskflow.py
[2024-12-18T16:03:19.832+0000] {logging_mixin.py:190} INFO - [2024-12-18T16:03:19.832+0000] {dag.py:3239} INFO - Sync 4 DAGs
[2024-12-18T16:03:19.854+0000] {logging_mixin.py:190} INFO - [2024-12-18T16:03:19.854+0000] {dag.py:4180} INFO - Setting next_dagrun for dataset_alias_example_alias_consumer_with_no_taskflow to None, run_after=None
[2024-12-18T16:03:19.856+0000] {logging_mixin.py:190} INFO - [2024-12-18T16:03:19.856+0000] {dag.py:4180} INFO - Setting next_dagrun for dataset_alias_example_alias_producer_with_no_taskflow to None, run_after=None
[2024-12-18T16:03:19.857+0000] {logging_mixin.py:190} INFO - [2024-12-18T16:03:19.857+0000] {dag.py:4180} INFO - Setting next_dagrun for dataset_s3_bucket_consumer_with_no_taskflow to None, run_after=None
[2024-12-18T16:03:19.858+0000] {logging_mixin.py:190} INFO - [2024-12-18T16:03:19.858+0000] {dag.py:4180} INFO - Setting next_dagrun for dataset_s3_bucket_producer_with_no_taskflow to None, run_after=None
[2024-12-18T16:03:19.882+0000] {processor.py:208} INFO - Processing /home/ubuntu/demo8/lib/python3.12/site-packages/airflow/example_dags/example_dataset_alias_with_no_taskflow.py took 0.107 seconds
[2024-12-18T20:29:59.744+0000] {processor.py:186} INFO - Started process (PID=2765) to work on /home/ubuntu/demo8/lib/python3.12/site-packages/airflow/example_dags/example_dataset_alias_with_no_taskflow.py
[2024-12-18T20:29:59.747+0000] {processor.py:914} INFO - Processing file /home/ubuntu/demo8/lib/python3.12/site-packages/airflow/example_dags/example_dataset_alias_with_no_taskflow.py for tasks to queue
[2024-12-18T20:29:59.752+0000] {logging_mixin.py:190} INFO - [2024-12-18T20:29:59.752+0000] {dagbag.py:588} INFO - Filling up the DagBag from /home/ubuntu/demo8/lib/python3.12/site-packages/airflow/example_dags/example_dataset_alias_with_no_taskflow.py
[2024-12-18T20:29:59.780+0000] {processor.py:925} INFO - DAG(s) 'dataset_s3_bucket_producer_with_no_taskflow', 'dataset_alias_example_alias_producer_with_no_taskflow', 'dataset_s3_bucket_consumer_with_no_taskflow', 'dataset_alias_example_alias_consumer_with_no_taskflow' retrieved from /home/ubuntu/demo8/lib/python3.12/site-packages/airflow/example_dags/example_dataset_alias_with_no_taskflow.py
[2024-12-18T20:29:59.801+0000] {logging_mixin.py:190} INFO - [2024-12-18T20:29:59.801+0000] {dag.py:3239} INFO - Sync 4 DAGs
[2024-12-18T20:29:59.823+0000] {logging_mixin.py:190} INFO - [2024-12-18T20:29:59.823+0000] {dag.py:4180} INFO - Setting next_dagrun for dataset_alias_example_alias_consumer_with_no_taskflow to None, run_after=None
[2024-12-18T20:29:59.826+0000] {logging_mixin.py:190} INFO - [2024-12-18T20:29:59.826+0000] {dag.py:4180} INFO - Setting next_dagrun for dataset_alias_example_alias_producer_with_no_taskflow to None, run_after=None
[2024-12-18T20:29:59.828+0000] {logging_mixin.py:190} INFO - [2024-12-18T20:29:59.827+0000] {dag.py:4180} INFO - Setting next_dagrun for dataset_s3_bucket_consumer_with_no_taskflow to None, run_after=None
[2024-12-18T20:29:59.829+0000] {logging_mixin.py:190} INFO - [2024-12-18T20:29:59.829+0000] {dag.py:4180} INFO - Setting next_dagrun for dataset_s3_bucket_producer_with_no_taskflow to None, run_after=None
[2024-12-18T20:29:59.855+0000] {processor.py:208} INFO - Processing /home/ubuntu/demo8/lib/python3.12/site-packages/airflow/example_dags/example_dataset_alias_with_no_taskflow.py took 0.120 seconds
[2024-12-18T20:30:57.252+0000] {processor.py:186} INFO - Started process (PID=2948) to work on /home/ubuntu/demo8/lib/python3.12/site-packages/airflow/example_dags/example_dataset_alias_with_no_taskflow.py
[2024-12-18T20:30:57.254+0000] {processor.py:914} INFO - Processing file /home/ubuntu/demo8/lib/python3.12/site-packages/airflow/example_dags/example_dataset_alias_with_no_taskflow.py for tasks to queue
[2024-12-18T20:30:57.256+0000] {logging_mixin.py:190} INFO - [2024-12-18T20:30:57.256+0000] {dagbag.py:588} INFO - Filling up the DagBag from /home/ubuntu/demo8/lib/python3.12/site-packages/airflow/example_dags/example_dataset_alias_with_no_taskflow.py
[2024-12-18T20:30:57.283+0000] {processor.py:925} INFO - DAG(s) 'dataset_alias_example_alias_producer_with_no_taskflow', 'dataset_s3_bucket_consumer_with_no_taskflow', 'dataset_alias_example_alias_consumer_with_no_taskflow', 'dataset_s3_bucket_producer_with_no_taskflow' retrieved from /home/ubuntu/demo8/lib/python3.12/site-packages/airflow/example_dags/example_dataset_alias_with_no_taskflow.py
[2024-12-18T20:30:57.309+0000] {logging_mixin.py:190} INFO - [2024-12-18T20:30:57.309+0000] {dag.py:3239} INFO - Sync 4 DAGs
[2024-12-18T20:30:57.334+0000] {logging_mixin.py:190} INFO - [2024-12-18T20:30:57.334+0000] {dag.py:4180} INFO - Setting next_dagrun for dataset_alias_example_alias_consumer_with_no_taskflow to None, run_after=None
[2024-12-18T20:30:57.337+0000] {logging_mixin.py:190} INFO - [2024-12-18T20:30:57.336+0000] {dag.py:4180} INFO - Setting next_dagrun for dataset_alias_example_alias_producer_with_no_taskflow to None, run_after=None
[2024-12-18T20:30:57.338+0000] {logging_mixin.py:190} INFO - [2024-12-18T20:30:57.337+0000] {dag.py:4180} INFO - Setting next_dagrun for dataset_s3_bucket_consumer_with_no_taskflow to None, run_after=None
[2024-12-18T20:30:57.339+0000] {logging_mixin.py:190} INFO - [2024-12-18T20:30:57.339+0000] {dag.py:4180} INFO - Setting next_dagrun for dataset_s3_bucket_producer_with_no_taskflow to None, run_after=None
[2024-12-18T20:30:57.364+0000] {processor.py:208} INFO - Processing /home/ubuntu/demo8/lib/python3.12/site-packages/airflow/example_dags/example_dataset_alias_with_no_taskflow.py took 0.118 seconds
[2024-12-18T20:31:53.487+0000] {processor.py:186} INFO - Started process (PID=3207) to work on /home/ubuntu/demo8/lib/python3.12/site-packages/airflow/example_dags/example_dataset_alias_with_no_taskflow.py
[2024-12-18T20:31:53.489+0000] {processor.py:914} INFO - Processing file /home/ubuntu/demo8/lib/python3.12/site-packages/airflow/example_dags/example_dataset_alias_with_no_taskflow.py for tasks to queue
[2024-12-18T20:31:53.491+0000] {logging_mixin.py:190} INFO - [2024-12-18T20:31:53.491+0000] {dagbag.py:588} INFO - Filling up the DagBag from /home/ubuntu/demo8/lib/python3.12/site-packages/airflow/example_dags/example_dataset_alias_with_no_taskflow.py
[2024-12-18T20:31:53.516+0000] {processor.py:925} INFO - DAG(s) 'dataset_alias_example_alias_producer_with_no_taskflow', 'dataset_s3_bucket_consumer_with_no_taskflow', 'dataset_s3_bucket_producer_with_no_taskflow', 'dataset_alias_example_alias_consumer_with_no_taskflow' retrieved from /home/ubuntu/demo8/lib/python3.12/site-packages/airflow/example_dags/example_dataset_alias_with_no_taskflow.py
[2024-12-18T20:31:53.537+0000] {logging_mixin.py:190} INFO - [2024-12-18T20:31:53.537+0000] {dag.py:3239} INFO - Sync 4 DAGs
[2024-12-18T20:31:53.562+0000] {logging_mixin.py:190} INFO - [2024-12-18T20:31:53.561+0000] {dag.py:4180} INFO - Setting next_dagrun for dataset_alias_example_alias_consumer_with_no_taskflow to None, run_after=None
[2024-12-18T20:31:53.564+0000] {logging_mixin.py:190} INFO - [2024-12-18T20:31:53.564+0000] {dag.py:4180} INFO - Setting next_dagrun for dataset_alias_example_alias_producer_with_no_taskflow to None, run_after=None
[2024-12-18T20:31:53.565+0000] {logging_mixin.py:190} INFO - [2024-12-18T20:31:53.565+0000] {dag.py:4180} INFO - Setting next_dagrun for dataset_s3_bucket_consumer_with_no_taskflow to None, run_after=None
[2024-12-18T20:31:53.567+0000] {logging_mixin.py:190} INFO - [2024-12-18T20:31:53.567+0000] {dag.py:4180} INFO - Setting next_dagrun for dataset_s3_bucket_producer_with_no_taskflow to None, run_after=None
[2024-12-18T20:31:53.592+0000] {processor.py:208} INFO - Processing /home/ubuntu/demo8/lib/python3.12/site-packages/airflow/example_dags/example_dataset_alias_with_no_taskflow.py took 0.112 seconds
[2024-12-18T20:32:50.382+0000] {processor.py:186} INFO - Started process (PID=3419) to work on /home/ubuntu/demo8/lib/python3.12/site-packages/airflow/example_dags/example_dataset_alias_with_no_taskflow.py
[2024-12-18T20:32:50.383+0000] {processor.py:914} INFO - Processing file /home/ubuntu/demo8/lib/python3.12/site-packages/airflow/example_dags/example_dataset_alias_with_no_taskflow.py for tasks to queue
[2024-12-18T20:32:50.386+0000] {logging_mixin.py:190} INFO - [2024-12-18T20:32:50.386+0000] {dagbag.py:588} INFO - Filling up the DagBag from /home/ubuntu/demo8/lib/python3.12/site-packages/airflow/example_dags/example_dataset_alias_with_no_taskflow.py
[2024-12-18T20:32:50.419+0000] {processor.py:925} INFO - DAG(s) 'dataset_alias_example_alias_consumer_with_no_taskflow', 'dataset_alias_example_alias_producer_with_no_taskflow', 'dataset_s3_bucket_consumer_with_no_taskflow', 'dataset_s3_bucket_producer_with_no_taskflow' retrieved from /home/ubuntu/demo8/lib/python3.12/site-packages/airflow/example_dags/example_dataset_alias_with_no_taskflow.py
[2024-12-18T20:32:50.439+0000] {logging_mixin.py:190} INFO - [2024-12-18T20:32:50.439+0000] {dag.py:3239} INFO - Sync 4 DAGs
[2024-12-18T20:32:50.461+0000] {logging_mixin.py:190} INFO - [2024-12-18T20:32:50.460+0000] {dag.py:4180} INFO - Setting next_dagrun for dataset_alias_example_alias_consumer_with_no_taskflow to None, run_after=None
[2024-12-18T20:32:50.464+0000] {logging_mixin.py:190} INFO - [2024-12-18T20:32:50.463+0000] {dag.py:4180} INFO - Setting next_dagrun for dataset_alias_example_alias_producer_with_no_taskflow to None, run_after=None
[2024-12-18T20:32:50.465+0000] {logging_mixin.py:190} INFO - [2024-12-18T20:32:50.465+0000] {dag.py:4180} INFO - Setting next_dagrun for dataset_s3_bucket_consumer_with_no_taskflow to None, run_after=None
[2024-12-18T20:32:50.466+0000] {logging_mixin.py:190} INFO - [2024-12-18T20:32:50.466+0000] {dag.py:4180} INFO - Setting next_dagrun for dataset_s3_bucket_producer_with_no_taskflow to None, run_after=None
[2024-12-18T20:32:50.491+0000] {processor.py:208} INFO - Processing /home/ubuntu/demo8/lib/python3.12/site-packages/airflow/example_dags/example_dataset_alias_with_no_taskflow.py took 0.115 seconds
[2024-12-18T20:33:43.960+0000] {processor.py:186} INFO - Started process (PID=3536) to work on /home/ubuntu/demo8/lib/python3.12/site-packages/airflow/example_dags/example_dataset_alias_with_no_taskflow.py
[2024-12-18T20:33:43.961+0000] {processor.py:914} INFO - Processing file /home/ubuntu/demo8/lib/python3.12/site-packages/airflow/example_dags/example_dataset_alias_with_no_taskflow.py for tasks to queue
[2024-12-18T20:33:43.964+0000] {logging_mixin.py:190} INFO - [2024-12-18T20:33:43.963+0000] {dagbag.py:588} INFO - Filling up the DagBag from /home/ubuntu/demo8/lib/python3.12/site-packages/airflow/example_dags/example_dataset_alias_with_no_taskflow.py
[2024-12-18T20:33:43.990+0000] {processor.py:925} INFO - DAG(s) 'dataset_s3_bucket_consumer_with_no_taskflow', 'dataset_s3_bucket_producer_with_no_taskflow', 'dataset_alias_example_alias_producer_with_no_taskflow', 'dataset_alias_example_alias_consumer_with_no_taskflow' retrieved from /home/ubuntu/demo8/lib/python3.12/site-packages/airflow/example_dags/example_dataset_alias_with_no_taskflow.py
[2024-12-18T20:33:44.011+0000] {logging_mixin.py:190} INFO - [2024-12-18T20:33:44.011+0000] {dag.py:3239} INFO - Sync 4 DAGs
[2024-12-18T20:33:44.034+0000] {logging_mixin.py:190} INFO - [2024-12-18T20:33:44.034+0000] {dag.py:4180} INFO - Setting next_dagrun for dataset_alias_example_alias_consumer_with_no_taskflow to None, run_after=None
[2024-12-18T20:33:44.037+0000] {logging_mixin.py:190} INFO - [2024-12-18T20:33:44.036+0000] {dag.py:4180} INFO - Setting next_dagrun for dataset_alias_example_alias_producer_with_no_taskflow to None, run_after=None
[2024-12-18T20:33:44.154+0000] {logging_mixin.py:190} INFO - [2024-12-18T20:33:44.153+0000] {dag.py:4180} INFO - Setting next_dagrun for dataset_s3_bucket_consumer_with_no_taskflow to None, run_after=None
[2024-12-18T20:33:44.155+0000] {logging_mixin.py:190} INFO - [2024-12-18T20:33:44.155+0000] {dag.py:4180} INFO - Setting next_dagrun for dataset_s3_bucket_producer_with_no_taskflow to None, run_after=None
[2024-12-18T20:33:44.180+0000] {processor.py:208} INFO - Processing /home/ubuntu/demo8/lib/python3.12/site-packages/airflow/example_dags/example_dataset_alias_with_no_taskflow.py took 0.227 seconds
[2024-12-18T20:34:53.135+0000] {processor.py:186} INFO - Started process (PID=3722) to work on /home/ubuntu/demo8/lib/python3.12/site-packages/airflow/example_dags/example_dataset_alias_with_no_taskflow.py
[2024-12-18T20:34:53.136+0000] {processor.py:914} INFO - Processing file /home/ubuntu/demo8/lib/python3.12/site-packages/airflow/example_dags/example_dataset_alias_with_no_taskflow.py for tasks to queue
[2024-12-18T20:34:53.139+0000] {logging_mixin.py:190} INFO - [2024-12-18T20:34:53.139+0000] {dagbag.py:588} INFO - Filling up the DagBag from /home/ubuntu/demo8/lib/python3.12/site-packages/airflow/example_dags/example_dataset_alias_with_no_taskflow.py
[2024-12-18T20:34:53.166+0000] {processor.py:925} INFO - DAG(s) 'dataset_s3_bucket_producer_with_no_taskflow', 'dataset_s3_bucket_consumer_with_no_taskflow', 'dataset_alias_example_alias_consumer_with_no_taskflow', 'dataset_alias_example_alias_producer_with_no_taskflow' retrieved from /home/ubuntu/demo8/lib/python3.12/site-packages/airflow/example_dags/example_dataset_alias_with_no_taskflow.py
[2024-12-18T20:34:53.198+0000] {logging_mixin.py:190} INFO - [2024-12-18T20:34:53.198+0000] {dag.py:3239} INFO - Sync 4 DAGs
[2024-12-18T20:34:53.222+0000] {logging_mixin.py:190} INFO - [2024-12-18T20:34:53.222+0000] {dag.py:4180} INFO - Setting next_dagrun for dataset_alias_example_alias_consumer_with_no_taskflow to None, run_after=None
[2024-12-18T20:34:53.226+0000] {logging_mixin.py:190} INFO - [2024-12-18T20:34:53.226+0000] {dag.py:4180} INFO - Setting next_dagrun for dataset_alias_example_alias_producer_with_no_taskflow to None, run_after=None
[2024-12-18T20:34:53.227+0000] {logging_mixin.py:190} INFO - [2024-12-18T20:34:53.227+0000] {dag.py:4180} INFO - Setting next_dagrun for dataset_s3_bucket_consumer_with_no_taskflow to None, run_after=None
[2024-12-18T20:34:53.229+0000] {logging_mixin.py:190} INFO - [2024-12-18T20:34:53.228+0000] {dag.py:4180} INFO - Setting next_dagrun for dataset_s3_bucket_producer_with_no_taskflow to None, run_after=None
[2024-12-18T20:34:53.254+0000] {processor.py:208} INFO - Processing /home/ubuntu/demo8/lib/python3.12/site-packages/airflow/example_dags/example_dataset_alias_with_no_taskflow.py took 0.126 seconds
[2024-12-18T20:35:51.263+0000] {processor.py:186} INFO - Started process (PID=3847) to work on /home/ubuntu/demo8/lib/python3.12/site-packages/airflow/example_dags/example_dataset_alias_with_no_taskflow.py
[2024-12-18T20:35:51.265+0000] {processor.py:914} INFO - Processing file /home/ubuntu/demo8/lib/python3.12/site-packages/airflow/example_dags/example_dataset_alias_with_no_taskflow.py for tasks to queue
[2024-12-18T20:35:51.267+0000] {logging_mixin.py:190} INFO - [2024-12-18T20:35:51.266+0000] {dagbag.py:588} INFO - Filling up the DagBag from /home/ubuntu/demo8/lib/python3.12/site-packages/airflow/example_dags/example_dataset_alias_with_no_taskflow.py
[2024-12-18T20:35:51.292+0000] {processor.py:925} INFO - DAG(s) 'dataset_s3_bucket_consumer_with_no_taskflow', 'dataset_s3_bucket_producer_with_no_taskflow', 'dataset_alias_example_alias_consumer_with_no_taskflow', 'dataset_alias_example_alias_producer_with_no_taskflow' retrieved from /home/ubuntu/demo8/lib/python3.12/site-packages/airflow/example_dags/example_dataset_alias_with_no_taskflow.py
[2024-12-18T20:35:51.312+0000] {logging_mixin.py:190} INFO - [2024-12-18T20:35:51.312+0000] {dag.py:3239} INFO - Sync 4 DAGs
[2024-12-18T20:35:51.333+0000] {logging_mixin.py:190} INFO - [2024-12-18T20:35:51.333+0000] {dag.py:4180} INFO - Setting next_dagrun for dataset_alias_example_alias_consumer_with_no_taskflow to None, run_after=None
[2024-12-18T20:35:51.336+0000] {logging_mixin.py:190} INFO - [2024-12-18T20:35:51.336+0000] {dag.py:4180} INFO - Setting next_dagrun for dataset_alias_example_alias_producer_with_no_taskflow to None, run_after=None
[2024-12-18T20:35:51.337+0000] {logging_mixin.py:190} INFO - [2024-12-18T20:35:51.337+0000] {dag.py:4180} INFO - Setting next_dagrun for dataset_s3_bucket_consumer_with_no_taskflow to None, run_after=None
[2024-12-18T20:35:51.338+0000] {logging_mixin.py:190} INFO - [2024-12-18T20:35:51.338+0000] {dag.py:4180} INFO - Setting next_dagrun for dataset_s3_bucket_producer_with_no_taskflow to None, run_after=None
[2024-12-18T20:35:51.367+0000] {processor.py:208} INFO - Processing /home/ubuntu/demo8/lib/python3.12/site-packages/airflow/example_dags/example_dataset_alias_with_no_taskflow.py took 0.111 seconds
[2024-12-18T20:36:49.664+0000] {processor.py:186} INFO - Started process (PID=3966) to work on /home/ubuntu/demo8/lib/python3.12/site-packages/airflow/example_dags/example_dataset_alias_with_no_taskflow.py
[2024-12-18T20:36:49.666+0000] {processor.py:914} INFO - Processing file /home/ubuntu/demo8/lib/python3.12/site-packages/airflow/example_dags/example_dataset_alias_with_no_taskflow.py for tasks to queue
[2024-12-18T20:36:49.669+0000] {logging_mixin.py:190} INFO - [2024-12-18T20:36:49.668+0000] {dagbag.py:588} INFO - Filling up the DagBag from /home/ubuntu/demo8/lib/python3.12/site-packages/airflow/example_dags/example_dataset_alias_with_no_taskflow.py
[2024-12-18T20:36:49.695+0000] {processor.py:925} INFO - DAG(s) 'dataset_alias_example_alias_producer_with_no_taskflow', 'dataset_alias_example_alias_consumer_with_no_taskflow', 'dataset_s3_bucket_consumer_with_no_taskflow', 'dataset_s3_bucket_producer_with_no_taskflow' retrieved from /home/ubuntu/demo8/lib/python3.12/site-packages/airflow/example_dags/example_dataset_alias_with_no_taskflow.py
[2024-12-18T20:36:49.718+0000] {logging_mixin.py:190} INFO - [2024-12-18T20:36:49.718+0000] {dag.py:3239} INFO - Sync 4 DAGs
[2024-12-18T20:36:49.758+0000] {logging_mixin.py:190} INFO - [2024-12-18T20:36:49.758+0000] {dag.py:4180} INFO - Setting next_dagrun for dataset_alias_example_alias_consumer_with_no_taskflow to None, run_after=None
[2024-12-18T20:36:49.760+0000] {logging_mixin.py:190} INFO - [2024-12-18T20:36:49.760+0000] {dag.py:4180} INFO - Setting next_dagrun for dataset_alias_example_alias_producer_with_no_taskflow to None, run_after=None
[2024-12-18T20:36:49.762+0000] {logging_mixin.py:190} INFO - [2024-12-18T20:36:49.761+0000] {dag.py:4180} INFO - Setting next_dagrun for dataset_s3_bucket_consumer_with_no_taskflow to None, run_after=None
[2024-12-18T20:36:49.763+0000] {logging_mixin.py:190} INFO - [2024-12-18T20:36:49.763+0000] {dag.py:4180} INFO - Setting next_dagrun for dataset_s3_bucket_producer_with_no_taskflow to None, run_after=None
[2024-12-18T20:36:49.789+0000] {processor.py:208} INFO - Processing /home/ubuntu/demo8/lib/python3.12/site-packages/airflow/example_dags/example_dataset_alias_with_no_taskflow.py took 0.131 seconds
[2024-12-18T20:37:45.198+0000] {processor.py:186} INFO - Started process (PID=4084) to work on /home/ubuntu/demo8/lib/python3.12/site-packages/airflow/example_dags/example_dataset_alias_with_no_taskflow.py
[2024-12-18T20:37:45.200+0000] {processor.py:914} INFO - Processing file /home/ubuntu/demo8/lib/python3.12/site-packages/airflow/example_dags/example_dataset_alias_with_no_taskflow.py for tasks to queue
[2024-12-18T20:37:45.203+0000] {logging_mixin.py:190} INFO - [2024-12-18T20:37:45.202+0000] {dagbag.py:588} INFO - Filling up the DagBag from /home/ubuntu/demo8/lib/python3.12/site-packages/airflow/example_dags/example_dataset_alias_with_no_taskflow.py
[2024-12-18T20:37:45.229+0000] {processor.py:925} INFO - DAG(s) 'dataset_alias_example_alias_consumer_with_no_taskflow', 'dataset_alias_example_alias_producer_with_no_taskflow', 'dataset_s3_bucket_producer_with_no_taskflow', 'dataset_s3_bucket_consumer_with_no_taskflow' retrieved from /home/ubuntu/demo8/lib/python3.12/site-packages/airflow/example_dags/example_dataset_alias_with_no_taskflow.py
[2024-12-18T20:37:45.261+0000] {logging_mixin.py:190} INFO - [2024-12-18T20:37:45.261+0000] {dag.py:3239} INFO - Sync 4 DAGs
[2024-12-18T20:37:45.284+0000] {logging_mixin.py:190} INFO - [2024-12-18T20:37:45.284+0000] {dag.py:4180} INFO - Setting next_dagrun for dataset_alias_example_alias_consumer_with_no_taskflow to None, run_after=None
[2024-12-18T20:37:45.286+0000] {logging_mixin.py:190} INFO - [2024-12-18T20:37:45.286+0000] {dag.py:4180} INFO - Setting next_dagrun for dataset_alias_example_alias_producer_with_no_taskflow to None, run_after=None
[2024-12-18T20:37:45.288+0000] {logging_mixin.py:190} INFO - [2024-12-18T20:37:45.287+0000] {dag.py:4180} INFO - Setting next_dagrun for dataset_s3_bucket_consumer_with_no_taskflow to None, run_after=None
[2024-12-18T20:37:45.289+0000] {logging_mixin.py:190} INFO - [2024-12-18T20:37:45.289+0000] {dag.py:4180} INFO - Setting next_dagrun for dataset_s3_bucket_producer_with_no_taskflow to None, run_after=None
[2024-12-18T20:37:45.317+0000] {processor.py:208} INFO - Processing /home/ubuntu/demo8/lib/python3.12/site-packages/airflow/example_dags/example_dataset_alias_with_no_taskflow.py took 0.125 seconds
[2024-12-18T20:38:39.941+0000] {processor.py:186} INFO - Started process (PID=4200) to work on /home/ubuntu/demo8/lib/python3.12/site-packages/airflow/example_dags/example_dataset_alias_with_no_taskflow.py
[2024-12-18T20:38:39.943+0000] {processor.py:914} INFO - Processing file /home/ubuntu/demo8/lib/python3.12/site-packages/airflow/example_dags/example_dataset_alias_with_no_taskflow.py for tasks to queue
[2024-12-18T20:38:39.946+0000] {logging_mixin.py:190} INFO - [2024-12-18T20:38:39.945+0000] {dagbag.py:588} INFO - Filling up the DagBag from /home/ubuntu/demo8/lib/python3.12/site-packages/airflow/example_dags/example_dataset_alias_with_no_taskflow.py
[2024-12-18T20:38:39.972+0000] {processor.py:925} INFO - DAG(s) 'dataset_s3_bucket_consumer_with_no_taskflow', 'dataset_alias_example_alias_producer_with_no_taskflow', 'dataset_alias_example_alias_consumer_with_no_taskflow', 'dataset_s3_bucket_producer_with_no_taskflow' retrieved from /home/ubuntu/demo8/lib/python3.12/site-packages/airflow/example_dags/example_dataset_alias_with_no_taskflow.py
[2024-12-18T20:38:39.993+0000] {logging_mixin.py:190} INFO - [2024-12-18T20:38:39.992+0000] {dag.py:3239} INFO - Sync 4 DAGs
[2024-12-18T20:38:40.016+0000] {logging_mixin.py:190} INFO - [2024-12-18T20:38:40.015+0000] {dag.py:4180} INFO - Setting next_dagrun for dataset_alias_example_alias_consumer_with_no_taskflow to None, run_after=None
[2024-12-18T20:38:40.018+0000] {logging_mixin.py:190} INFO - [2024-12-18T20:38:40.018+0000] {dag.py:4180} INFO - Setting next_dagrun for dataset_alias_example_alias_producer_with_no_taskflow to None, run_after=None
[2024-12-18T20:38:40.019+0000] {logging_mixin.py:190} INFO - [2024-12-18T20:38:40.019+0000] {dag.py:4180} INFO - Setting next_dagrun for dataset_s3_bucket_consumer_with_no_taskflow to None, run_after=None
[2024-12-18T20:38:40.021+0000] {logging_mixin.py:190} INFO - [2024-12-18T20:38:40.021+0000] {dag.py:4180} INFO - Setting next_dagrun for dataset_s3_bucket_producer_with_no_taskflow to None, run_after=None
[2024-12-18T20:38:40.050+0000] {processor.py:208} INFO - Processing /home/ubuntu/demo8/lib/python3.12/site-packages/airflow/example_dags/example_dataset_alias_with_no_taskflow.py took 0.115 seconds
[2024-12-18T20:39:35.536+0000] {processor.py:186} INFO - Started process (PID=4378) to work on /home/ubuntu/demo8/lib/python3.12/site-packages/airflow/example_dags/example_dataset_alias_with_no_taskflow.py
[2024-12-18T20:39:35.537+0000] {processor.py:914} INFO - Processing file /home/ubuntu/demo8/lib/python3.12/site-packages/airflow/example_dags/example_dataset_alias_with_no_taskflow.py for tasks to queue
[2024-12-18T20:39:35.540+0000] {logging_mixin.py:190} INFO - [2024-12-18T20:39:35.539+0000] {dagbag.py:588} INFO - Filling up the DagBag from /home/ubuntu/demo8/lib/python3.12/site-packages/airflow/example_dags/example_dataset_alias_with_no_taskflow.py
[2024-12-18T20:39:35.566+0000] {processor.py:925} INFO - DAG(s) 'dataset_alias_example_alias_producer_with_no_taskflow', 'dataset_s3_bucket_consumer_with_no_taskflow', 'dataset_alias_example_alias_consumer_with_no_taskflow', 'dataset_s3_bucket_producer_with_no_taskflow' retrieved from /home/ubuntu/demo8/lib/python3.12/site-packages/airflow/example_dags/example_dataset_alias_with_no_taskflow.py
[2024-12-18T20:39:35.587+0000] {logging_mixin.py:190} INFO - [2024-12-18T20:39:35.587+0000] {dag.py:3239} INFO - Sync 4 DAGs
[2024-12-18T20:39:35.612+0000] {logging_mixin.py:190} INFO - [2024-12-18T20:39:35.611+0000] {dag.py:4180} INFO - Setting next_dagrun for dataset_alias_example_alias_consumer_with_no_taskflow to None, run_after=None
[2024-12-18T20:39:35.615+0000] {logging_mixin.py:190} INFO - [2024-12-18T20:39:35.614+0000] {dag.py:4180} INFO - Setting next_dagrun for dataset_alias_example_alias_producer_with_no_taskflow to None, run_after=None
[2024-12-18T20:39:35.616+0000] {logging_mixin.py:190} INFO - [2024-12-18T20:39:35.616+0000] {dag.py:4180} INFO - Setting next_dagrun for dataset_s3_bucket_consumer_with_no_taskflow to None, run_after=None
[2024-12-18T20:39:35.618+0000] {logging_mixin.py:190} INFO - [2024-12-18T20:39:35.617+0000] {dag.py:4180} INFO - Setting next_dagrun for dataset_s3_bucket_producer_with_no_taskflow to None, run_after=None
[2024-12-18T20:39:35.644+0000] {processor.py:208} INFO - Processing /home/ubuntu/demo8/lib/python3.12/site-packages/airflow/example_dags/example_dataset_alias_with_no_taskflow.py took 0.115 seconds
[2024-12-18T20:40:33.229+0000] {processor.py:186} INFO - Started process (PID=4514) to work on /home/ubuntu/demo8/lib/python3.12/site-packages/airflow/example_dags/example_dataset_alias_with_no_taskflow.py
[2024-12-18T20:40:33.230+0000] {processor.py:914} INFO - Processing file /home/ubuntu/demo8/lib/python3.12/site-packages/airflow/example_dags/example_dataset_alias_with_no_taskflow.py for tasks to queue
[2024-12-18T20:40:33.233+0000] {logging_mixin.py:190} INFO - [2024-12-18T20:40:33.232+0000] {dagbag.py:588} INFO - Filling up the DagBag from /home/ubuntu/demo8/lib/python3.12/site-packages/airflow/example_dags/example_dataset_alias_with_no_taskflow.py
[2024-12-18T20:40:33.259+0000] {processor.py:925} INFO - DAG(s) 'dataset_s3_bucket_producer_with_no_taskflow', 'dataset_s3_bucket_consumer_with_no_taskflow', 'dataset_alias_example_alias_consumer_with_no_taskflow', 'dataset_alias_example_alias_producer_with_no_taskflow' retrieved from /home/ubuntu/demo8/lib/python3.12/site-packages/airflow/example_dags/example_dataset_alias_with_no_taskflow.py
[2024-12-18T20:40:33.279+0000] {logging_mixin.py:190} INFO - [2024-12-18T20:40:33.278+0000] {dag.py:3239} INFO - Sync 4 DAGs
[2024-12-18T20:40:33.300+0000] {logging_mixin.py:190} INFO - [2024-12-18T20:40:33.300+0000] {dag.py:4180} INFO - Setting next_dagrun for dataset_alias_example_alias_consumer_with_no_taskflow to None, run_after=None
[2024-12-18T20:40:33.302+0000] {logging_mixin.py:190} INFO - [2024-12-18T20:40:33.302+0000] {dag.py:4180} INFO - Setting next_dagrun for dataset_alias_example_alias_producer_with_no_taskflow to None, run_after=None
[2024-12-18T20:40:33.303+0000] {logging_mixin.py:190} INFO - [2024-12-18T20:40:33.303+0000] {dag.py:4180} INFO - Setting next_dagrun for dataset_s3_bucket_consumer_with_no_taskflow to None, run_after=None
[2024-12-18T20:40:33.306+0000] {logging_mixin.py:190} INFO - [2024-12-18T20:40:33.306+0000] {dag.py:4180} INFO - Setting next_dagrun for dataset_s3_bucket_producer_with_no_taskflow to None, run_after=None
[2024-12-18T20:40:33.332+0000] {processor.py:208} INFO - Processing /home/ubuntu/demo8/lib/python3.12/site-packages/airflow/example_dags/example_dataset_alias_with_no_taskflow.py took 0.110 seconds
[2024-12-18T20:41:26.300+0000] {processor.py:186} INFO - Started process (PID=4633) to work on /home/ubuntu/demo8/lib/python3.12/site-packages/airflow/example_dags/example_dataset_alias_with_no_taskflow.py
[2024-12-18T20:41:26.302+0000] {processor.py:914} INFO - Processing file /home/ubuntu/demo8/lib/python3.12/site-packages/airflow/example_dags/example_dataset_alias_with_no_taskflow.py for tasks to queue
[2024-12-18T20:41:26.304+0000] {logging_mixin.py:190} INFO - [2024-12-18T20:41:26.304+0000] {dagbag.py:588} INFO - Filling up the DagBag from /home/ubuntu/demo8/lib/python3.12/site-packages/airflow/example_dags/example_dataset_alias_with_no_taskflow.py
[2024-12-18T20:41:26.330+0000] {processor.py:925} INFO - DAG(s) 'dataset_alias_example_alias_consumer_with_no_taskflow', 'dataset_s3_bucket_consumer_with_no_taskflow', 'dataset_s3_bucket_producer_with_no_taskflow', 'dataset_alias_example_alias_producer_with_no_taskflow' retrieved from /home/ubuntu/demo8/lib/python3.12/site-packages/airflow/example_dags/example_dataset_alias_with_no_taskflow.py
[2024-12-18T20:41:26.351+0000] {logging_mixin.py:190} INFO - [2024-12-18T20:41:26.351+0000] {dag.py:3239} INFO - Sync 4 DAGs
[2024-12-18T20:41:26.373+0000] {logging_mixin.py:190} INFO - [2024-12-18T20:41:26.373+0000] {dag.py:4180} INFO - Setting next_dagrun for dataset_alias_example_alias_consumer_with_no_taskflow to None, run_after=None
[2024-12-18T20:41:26.376+0000] {logging_mixin.py:190} INFO - [2024-12-18T20:41:26.376+0000] {dag.py:4180} INFO - Setting next_dagrun for dataset_alias_example_alias_producer_with_no_taskflow to None, run_after=None
[2024-12-18T20:41:26.377+0000] {logging_mixin.py:190} INFO - [2024-12-18T20:41:26.377+0000] {dag.py:4180} INFO - Setting next_dagrun for dataset_s3_bucket_consumer_with_no_taskflow to None, run_after=None
[2024-12-18T20:41:26.378+0000] {logging_mixin.py:190} INFO - [2024-12-18T20:41:26.378+0000] {dag.py:4180} INFO - Setting next_dagrun for dataset_s3_bucket_producer_with_no_taskflow to None, run_after=None
[2024-12-18T20:41:26.412+0000] {processor.py:208} INFO - Processing /home/ubuntu/demo8/lib/python3.12/site-packages/airflow/example_dags/example_dataset_alias_with_no_taskflow.py took 0.119 seconds
[2024-12-18T20:42:22.804+0000] {processor.py:186} INFO - Started process (PID=4750) to work on /home/ubuntu/demo8/lib/python3.12/site-packages/airflow/example_dags/example_dataset_alias_with_no_taskflow.py
[2024-12-18T20:42:22.805+0000] {processor.py:914} INFO - Processing file /home/ubuntu/demo8/lib/python3.12/site-packages/airflow/example_dags/example_dataset_alias_with_no_taskflow.py for tasks to queue
[2024-12-18T20:42:22.808+0000] {logging_mixin.py:190} INFO - [2024-12-18T20:42:22.808+0000] {dagbag.py:588} INFO - Filling up the DagBag from /home/ubuntu/demo8/lib/python3.12/site-packages/airflow/example_dags/example_dataset_alias_with_no_taskflow.py
[2024-12-18T20:42:22.834+0000] {processor.py:925} INFO - DAG(s) 'dataset_s3_bucket_producer_with_no_taskflow', 'dataset_alias_example_alias_consumer_with_no_taskflow', 'dataset_alias_example_alias_producer_with_no_taskflow', 'dataset_s3_bucket_consumer_with_no_taskflow' retrieved from /home/ubuntu/demo8/lib/python3.12/site-packages/airflow/example_dags/example_dataset_alias_with_no_taskflow.py
[2024-12-18T20:42:22.855+0000] {logging_mixin.py:190} INFO - [2024-12-18T20:42:22.854+0000] {dag.py:3239} INFO - Sync 4 DAGs
[2024-12-18T20:42:22.876+0000] {logging_mixin.py:190} INFO - [2024-12-18T20:42:22.876+0000] {dag.py:4180} INFO - Setting next_dagrun for dataset_alias_example_alias_consumer_with_no_taskflow to None, run_after=None
[2024-12-18T20:42:22.878+0000] {logging_mixin.py:190} INFO - [2024-12-18T20:42:22.878+0000] {dag.py:4180} INFO - Setting next_dagrun for dataset_alias_example_alias_producer_with_no_taskflow to None, run_after=None
[2024-12-18T20:42:22.879+0000] {logging_mixin.py:190} INFO - [2024-12-18T20:42:22.879+0000] {dag.py:4180} INFO - Setting next_dagrun for dataset_s3_bucket_consumer_with_no_taskflow to None, run_after=None
[2024-12-18T20:42:22.881+0000] {logging_mixin.py:190} INFO - [2024-12-18T20:42:22.880+0000] {dag.py:4180} INFO - Setting next_dagrun for dataset_s3_bucket_producer_with_no_taskflow to None, run_after=None
[2024-12-18T20:42:22.907+0000] {processor.py:208} INFO - Processing /home/ubuntu/demo8/lib/python3.12/site-packages/airflow/example_dags/example_dataset_alias_with_no_taskflow.py took 0.109 seconds
[2024-12-18T20:43:16.969+0000] {processor.py:186} INFO - Started process (PID=4831) to work on /home/ubuntu/demo8/lib/python3.12/site-packages/airflow/example_dags/example_dataset_alias_with_no_taskflow.py
[2024-12-18T20:43:16.971+0000] {processor.py:914} INFO - Processing file /home/ubuntu/demo8/lib/python3.12/site-packages/airflow/example_dags/example_dataset_alias_with_no_taskflow.py for tasks to queue
[2024-12-18T20:43:16.974+0000] {logging_mixin.py:190} INFO - [2024-12-18T20:43:16.973+0000] {dagbag.py:588} INFO - Filling up the DagBag from /home/ubuntu/demo8/lib/python3.12/site-packages/airflow/example_dags/example_dataset_alias_with_no_taskflow.py
[2024-12-18T20:43:16.999+0000] {processor.py:925} INFO - DAG(s) 'dataset_alias_example_alias_consumer_with_no_taskflow', 'dataset_s3_bucket_producer_with_no_taskflow', 'dataset_alias_example_alias_producer_with_no_taskflow', 'dataset_s3_bucket_consumer_with_no_taskflow' retrieved from /home/ubuntu/demo8/lib/python3.12/site-packages/airflow/example_dags/example_dataset_alias_with_no_taskflow.py
[2024-12-18T20:43:17.020+0000] {logging_mixin.py:190} INFO - [2024-12-18T20:43:17.020+0000] {dag.py:3239} INFO - Sync 4 DAGs
[2024-12-18T20:43:17.043+0000] {logging_mixin.py:190} INFO - [2024-12-18T20:43:17.043+0000] {dag.py:4180} INFO - Setting next_dagrun for dataset_alias_example_alias_consumer_with_no_taskflow to None, run_after=None
[2024-12-18T20:43:17.049+0000] {logging_mixin.py:190} INFO - [2024-12-18T20:43:17.049+0000] {dag.py:4180} INFO - Setting next_dagrun for dataset_alias_example_alias_producer_with_no_taskflow to None, run_after=None
[2024-12-18T20:43:17.051+0000] {logging_mixin.py:190} INFO - [2024-12-18T20:43:17.051+0000] {dag.py:4180} INFO - Setting next_dagrun for dataset_s3_bucket_consumer_with_no_taskflow to None, run_after=None
[2024-12-18T20:43:17.053+0000] {logging_mixin.py:190} INFO - [2024-12-18T20:43:17.053+0000] {dag.py:4180} INFO - Setting next_dagrun for dataset_s3_bucket_producer_with_no_taskflow to None, run_after=None
[2024-12-18T20:43:17.084+0000] {processor.py:208} INFO - Processing /home/ubuntu/demo8/lib/python3.12/site-packages/airflow/example_dags/example_dataset_alias_with_no_taskflow.py took 0.121 seconds
[2024-12-18T20:44:10.144+0000] {processor.py:186} INFO - Started process (PID=4921) to work on /home/ubuntu/demo8/lib/python3.12/site-packages/airflow/example_dags/example_dataset_alias_with_no_taskflow.py
[2024-12-18T20:44:10.146+0000] {processor.py:914} INFO - Processing file /home/ubuntu/demo8/lib/python3.12/site-packages/airflow/example_dags/example_dataset_alias_with_no_taskflow.py for tasks to queue
[2024-12-18T20:44:10.148+0000] {logging_mixin.py:190} INFO - [2024-12-18T20:44:10.148+0000] {dagbag.py:588} INFO - Filling up the DagBag from /home/ubuntu/demo8/lib/python3.12/site-packages/airflow/example_dags/example_dataset_alias_with_no_taskflow.py
[2024-12-18T20:44:10.174+0000] {processor.py:925} INFO - DAG(s) 'dataset_s3_bucket_consumer_with_no_taskflow', 'dataset_s3_bucket_producer_with_no_taskflow', 'dataset_alias_example_alias_producer_with_no_taskflow', 'dataset_alias_example_alias_consumer_with_no_taskflow' retrieved from /home/ubuntu/demo8/lib/python3.12/site-packages/airflow/example_dags/example_dataset_alias_with_no_taskflow.py
[2024-12-18T20:44:10.194+0000] {logging_mixin.py:190} INFO - [2024-12-18T20:44:10.194+0000] {dag.py:3239} INFO - Sync 4 DAGs
[2024-12-18T20:44:10.216+0000] {logging_mixin.py:190} INFO - [2024-12-18T20:44:10.215+0000] {dag.py:4180} INFO - Setting next_dagrun for dataset_alias_example_alias_consumer_with_no_taskflow to None, run_after=None
[2024-12-18T20:44:10.218+0000] {logging_mixin.py:190} INFO - [2024-12-18T20:44:10.218+0000] {dag.py:4180} INFO - Setting next_dagrun for dataset_alias_example_alias_producer_with_no_taskflow to None, run_after=None
[2024-12-18T20:44:10.219+0000] {logging_mixin.py:190} INFO - [2024-12-18T20:44:10.219+0000] {dag.py:4180} INFO - Setting next_dagrun for dataset_s3_bucket_consumer_with_no_taskflow to None, run_after=None
[2024-12-18T20:44:10.221+0000] {logging_mixin.py:190} INFO - [2024-12-18T20:44:10.221+0000] {dag.py:4180} INFO - Setting next_dagrun for dataset_s3_bucket_producer_with_no_taskflow to None, run_after=None
[2024-12-18T20:44:10.246+0000] {processor.py:208} INFO - Processing /home/ubuntu/demo8/lib/python3.12/site-packages/airflow/example_dags/example_dataset_alias_with_no_taskflow.py took 0.108 seconds
[2024-12-18T20:45:04.686+0000] {processor.py:186} INFO - Started process (PID=5102) to work on /home/ubuntu/demo8/lib/python3.12/site-packages/airflow/example_dags/example_dataset_alias_with_no_taskflow.py
[2024-12-18T20:45:04.687+0000] {processor.py:914} INFO - Processing file /home/ubuntu/demo8/lib/python3.12/site-packages/airflow/example_dags/example_dataset_alias_with_no_taskflow.py for tasks to queue
[2024-12-18T20:45:04.690+0000] {logging_mixin.py:190} INFO - [2024-12-18T20:45:04.690+0000] {dagbag.py:588} INFO - Filling up the DagBag from /home/ubuntu/demo8/lib/python3.12/site-packages/airflow/example_dags/example_dataset_alias_with_no_taskflow.py
[2024-12-18T20:45:04.716+0000] {processor.py:925} INFO - DAG(s) 'dataset_s3_bucket_producer_with_no_taskflow', 'dataset_s3_bucket_consumer_with_no_taskflow', 'dataset_alias_example_alias_consumer_with_no_taskflow', 'dataset_alias_example_alias_producer_with_no_taskflow' retrieved from /home/ubuntu/demo8/lib/python3.12/site-packages/airflow/example_dags/example_dataset_alias_with_no_taskflow.py
[2024-12-18T20:45:04.736+0000] {logging_mixin.py:190} INFO - [2024-12-18T20:45:04.735+0000] {dag.py:3239} INFO - Sync 4 DAGs
[2024-12-18T20:45:04.758+0000] {logging_mixin.py:190} INFO - [2024-12-18T20:45:04.758+0000] {dag.py:4180} INFO - Setting next_dagrun for dataset_alias_example_alias_consumer_with_no_taskflow to None, run_after=None
[2024-12-18T20:45:04.760+0000] {logging_mixin.py:190} INFO - [2024-12-18T20:45:04.760+0000] {dag.py:4180} INFO - Setting next_dagrun for dataset_alias_example_alias_producer_with_no_taskflow to None, run_after=None
[2024-12-18T20:45:04.761+0000] {logging_mixin.py:190} INFO - [2024-12-18T20:45:04.761+0000] {dag.py:4180} INFO - Setting next_dagrun for dataset_s3_bucket_consumer_with_no_taskflow to None, run_after=None
[2024-12-18T20:45:04.762+0000] {logging_mixin.py:190} INFO - [2024-12-18T20:45:04.762+0000] {dag.py:4180} INFO - Setting next_dagrun for dataset_s3_bucket_producer_with_no_taskflow to None, run_after=None
[2024-12-18T20:45:04.788+0000] {processor.py:208} INFO - Processing /home/ubuntu/demo8/lib/python3.12/site-packages/airflow/example_dags/example_dataset_alias_with_no_taskflow.py took 0.109 seconds
[2024-12-18T20:47:37.934+0000] {processor.py:186} INFO - Started process (PID=5847) to work on /home/ubuntu/demo8/lib/python3.12/site-packages/airflow/example_dags/example_dataset_alias_with_no_taskflow.py
[2024-12-18T20:47:37.936+0000] {processor.py:914} INFO - Processing file /home/ubuntu/demo8/lib/python3.12/site-packages/airflow/example_dags/example_dataset_alias_with_no_taskflow.py for tasks to queue
[2024-12-18T20:47:37.939+0000] {logging_mixin.py:190} INFO - [2024-12-18T20:47:37.938+0000] {dagbag.py:588} INFO - Filling up the DagBag from /home/ubuntu/demo8/lib/python3.12/site-packages/airflow/example_dags/example_dataset_alias_with_no_taskflow.py
[2024-12-18T20:47:37.965+0000] {processor.py:925} INFO - DAG(s) 'dataset_alias_example_alias_producer_with_no_taskflow', 'dataset_alias_example_alias_consumer_with_no_taskflow', 'dataset_s3_bucket_consumer_with_no_taskflow', 'dataset_s3_bucket_producer_with_no_taskflow' retrieved from /home/ubuntu/demo8/lib/python3.12/site-packages/airflow/example_dags/example_dataset_alias_with_no_taskflow.py
[2024-12-18T20:47:37.986+0000] {logging_mixin.py:190} INFO - [2024-12-18T20:47:37.986+0000] {dag.py:3239} INFO - Sync 4 DAGs
[2024-12-18T20:47:38.007+0000] {logging_mixin.py:190} INFO - [2024-12-18T20:47:38.007+0000] {dag.py:4180} INFO - Setting next_dagrun for dataset_alias_example_alias_consumer_with_no_taskflow to None, run_after=None
[2024-12-18T20:47:38.010+0000] {logging_mixin.py:190} INFO - [2024-12-18T20:47:38.010+0000] {dag.py:4180} INFO - Setting next_dagrun for dataset_alias_example_alias_producer_with_no_taskflow to None, run_after=None
[2024-12-18T20:47:38.011+0000] {logging_mixin.py:190} INFO - [2024-12-18T20:47:38.011+0000] {dag.py:4180} INFO - Setting next_dagrun for dataset_s3_bucket_consumer_with_no_taskflow to None, run_after=None
[2024-12-18T20:47:38.013+0000] {logging_mixin.py:190} INFO - [2024-12-18T20:47:38.012+0000] {dag.py:4180} INFO - Setting next_dagrun for dataset_s3_bucket_producer_with_no_taskflow to None, run_after=None
[2024-12-18T20:47:38.052+0000] {processor.py:208} INFO - Processing /home/ubuntu/demo8/lib/python3.12/site-packages/airflow/example_dags/example_dataset_alias_with_no_taskflow.py took 0.125 seconds
[2024-12-18T20:48:36.310+0000] {processor.py:186} INFO - Started process (PID=6174) to work on /home/ubuntu/demo8/lib/python3.12/site-packages/airflow/example_dags/example_dataset_alias_with_no_taskflow.py
[2024-12-18T20:48:36.312+0000] {processor.py:914} INFO - Processing file /home/ubuntu/demo8/lib/python3.12/site-packages/airflow/example_dags/example_dataset_alias_with_no_taskflow.py for tasks to queue
[2024-12-18T20:48:36.315+0000] {logging_mixin.py:190} INFO - [2024-12-18T20:48:36.314+0000] {dagbag.py:588} INFO - Filling up the DagBag from /home/ubuntu/demo8/lib/python3.12/site-packages/airflow/example_dags/example_dataset_alias_with_no_taskflow.py
[2024-12-18T20:48:36.342+0000] {processor.py:925} INFO - DAG(s) 'dataset_s3_bucket_consumer_with_no_taskflow', 'dataset_s3_bucket_producer_with_no_taskflow', 'dataset_alias_example_alias_consumer_with_no_taskflow', 'dataset_alias_example_alias_producer_with_no_taskflow' retrieved from /home/ubuntu/demo8/lib/python3.12/site-packages/airflow/example_dags/example_dataset_alias_with_no_taskflow.py
[2024-12-18T20:48:36.364+0000] {logging_mixin.py:190} INFO - [2024-12-18T20:48:36.364+0000] {dag.py:3239} INFO - Sync 4 DAGs
[2024-12-18T20:48:36.386+0000] {logging_mixin.py:190} INFO - [2024-12-18T20:48:36.386+0000] {dag.py:4180} INFO - Setting next_dagrun for dataset_alias_example_alias_consumer_with_no_taskflow to None, run_after=None
[2024-12-18T20:48:36.389+0000] {logging_mixin.py:190} INFO - [2024-12-18T20:48:36.389+0000] {dag.py:4180} INFO - Setting next_dagrun for dataset_alias_example_alias_producer_with_no_taskflow to None, run_after=None
[2024-12-18T20:48:36.390+0000] {logging_mixin.py:190} INFO - [2024-12-18T20:48:36.390+0000] {dag.py:4180} INFO - Setting next_dagrun for dataset_s3_bucket_consumer_with_no_taskflow to None, run_after=None
[2024-12-18T20:48:36.391+0000] {logging_mixin.py:190} INFO - [2024-12-18T20:48:36.391+0000] {dag.py:4180} INFO - Setting next_dagrun for dataset_s3_bucket_producer_with_no_taskflow to None, run_after=None
[2024-12-18T20:48:36.421+0000] {processor.py:208} INFO - Processing /home/ubuntu/demo8/lib/python3.12/site-packages/airflow/example_dags/example_dataset_alias_with_no_taskflow.py took 0.117 seconds
[2024-12-18T20:49:33.186+0000] {processor.py:186} INFO - Started process (PID=6447) to work on /home/ubuntu/demo8/lib/python3.12/site-packages/airflow/example_dags/example_dataset_alias_with_no_taskflow.py
[2024-12-18T20:49:33.188+0000] {processor.py:914} INFO - Processing file /home/ubuntu/demo8/lib/python3.12/site-packages/airflow/example_dags/example_dataset_alias_with_no_taskflow.py for tasks to queue
[2024-12-18T20:49:33.190+0000] {logging_mixin.py:190} INFO - [2024-12-18T20:49:33.190+0000] {dagbag.py:588} INFO - Filling up the DagBag from /home/ubuntu/demo8/lib/python3.12/site-packages/airflow/example_dags/example_dataset_alias_with_no_taskflow.py
[2024-12-18T20:49:33.216+0000] {processor.py:925} INFO - DAG(s) 'dataset_s3_bucket_consumer_with_no_taskflow', 'dataset_alias_example_alias_consumer_with_no_taskflow', 'dataset_s3_bucket_producer_with_no_taskflow', 'dataset_alias_example_alias_producer_with_no_taskflow' retrieved from /home/ubuntu/demo8/lib/python3.12/site-packages/airflow/example_dags/example_dataset_alias_with_no_taskflow.py
[2024-12-18T20:49:33.237+0000] {logging_mixin.py:190} INFO - [2024-12-18T20:49:33.237+0000] {dag.py:3239} INFO - Sync 4 DAGs
[2024-12-18T20:49:33.259+0000] {logging_mixin.py:190} INFO - [2024-12-18T20:49:33.258+0000] {dag.py:4180} INFO - Setting next_dagrun for dataset_alias_example_alias_consumer_with_no_taskflow to None, run_after=None
[2024-12-18T20:49:33.261+0000] {logging_mixin.py:190} INFO - [2024-12-18T20:49:33.261+0000] {dag.py:4180} INFO - Setting next_dagrun for dataset_alias_example_alias_producer_with_no_taskflow to None, run_after=None
[2024-12-18T20:49:33.262+0000] {logging_mixin.py:190} INFO - [2024-12-18T20:49:33.262+0000] {dag.py:4180} INFO - Setting next_dagrun for dataset_s3_bucket_consumer_with_no_taskflow to None, run_after=None
[2024-12-18T20:49:33.264+0000] {logging_mixin.py:190} INFO - [2024-12-18T20:49:33.263+0000] {dag.py:4180} INFO - Setting next_dagrun for dataset_s3_bucket_producer_with_no_taskflow to None, run_after=None
[2024-12-18T20:49:33.290+0000] {processor.py:208} INFO - Processing /home/ubuntu/demo8/lib/python3.12/site-packages/airflow/example_dags/example_dataset_alias_with_no_taskflow.py took 0.110 seconds
[2024-12-18T20:50:31.209+0000] {processor.py:186} INFO - Started process (PID=6810) to work on /home/ubuntu/demo8/lib/python3.12/site-packages/airflow/example_dags/example_dataset_alias_with_no_taskflow.py
[2024-12-18T20:50:31.210+0000] {processor.py:914} INFO - Processing file /home/ubuntu/demo8/lib/python3.12/site-packages/airflow/example_dags/example_dataset_alias_with_no_taskflow.py for tasks to queue
[2024-12-18T20:50:31.213+0000] {logging_mixin.py:190} INFO - [2024-12-18T20:50:31.213+0000] {dagbag.py:588} INFO - Filling up the DagBag from /home/ubuntu/demo8/lib/python3.12/site-packages/airflow/example_dags/example_dataset_alias_with_no_taskflow.py
[2024-12-18T20:50:31.239+0000] {processor.py:925} INFO - DAG(s) 'dataset_alias_example_alias_producer_with_no_taskflow', 'dataset_s3_bucket_consumer_with_no_taskflow', 'dataset_alias_example_alias_consumer_with_no_taskflow', 'dataset_s3_bucket_producer_with_no_taskflow' retrieved from /home/ubuntu/demo8/lib/python3.12/site-packages/airflow/example_dags/example_dataset_alias_with_no_taskflow.py
[2024-12-18T20:50:31.261+0000] {logging_mixin.py:190} INFO - [2024-12-18T20:50:31.261+0000] {dag.py:3239} INFO - Sync 4 DAGs
[2024-12-18T20:50:31.284+0000] {logging_mixin.py:190} INFO - [2024-12-18T20:50:31.284+0000] {dag.py:4180} INFO - Setting next_dagrun for dataset_alias_example_alias_consumer_with_no_taskflow to None, run_after=None
[2024-12-18T20:50:31.286+0000] {logging_mixin.py:190} INFO - [2024-12-18T20:50:31.286+0000] {dag.py:4180} INFO - Setting next_dagrun for dataset_alias_example_alias_producer_with_no_taskflow to None, run_after=None
[2024-12-18T20:50:31.288+0000] {logging_mixin.py:190} INFO - [2024-12-18T20:50:31.288+0000] {dag.py:4180} INFO - Setting next_dagrun for dataset_s3_bucket_consumer_with_no_taskflow to None, run_after=None
[2024-12-18T20:50:31.289+0000] {logging_mixin.py:190} INFO - [2024-12-18T20:50:31.289+0000] {dag.py:4180} INFO - Setting next_dagrun for dataset_s3_bucket_producer_with_no_taskflow to None, run_after=None
[2024-12-18T20:50:31.317+0000] {processor.py:208} INFO - Processing /home/ubuntu/demo8/lib/python3.12/site-packages/airflow/example_dags/example_dataset_alias_with_no_taskflow.py took 0.115 seconds
[2024-12-18T20:51:25.654+0000] {processor.py:186} INFO - Started process (PID=6991) to work on /home/ubuntu/demo8/lib/python3.12/site-packages/airflow/example_dags/example_dataset_alias_with_no_taskflow.py
[2024-12-18T20:51:25.656+0000] {processor.py:914} INFO - Processing file /home/ubuntu/demo8/lib/python3.12/site-packages/airflow/example_dags/example_dataset_alias_with_no_taskflow.py for tasks to queue
[2024-12-18T20:51:25.659+0000] {logging_mixin.py:190} INFO - [2024-12-18T20:51:25.658+0000] {dagbag.py:588} INFO - Filling up the DagBag from /home/ubuntu/demo8/lib/python3.12/site-packages/airflow/example_dags/example_dataset_alias_with_no_taskflow.py
[2024-12-18T20:51:25.687+0000] {processor.py:925} INFO - DAG(s) 'dataset_alias_example_alias_producer_with_no_taskflow', 'dataset_s3_bucket_producer_with_no_taskflow', 'dataset_s3_bucket_consumer_with_no_taskflow', 'dataset_alias_example_alias_consumer_with_no_taskflow' retrieved from /home/ubuntu/demo8/lib/python3.12/site-packages/airflow/example_dags/example_dataset_alias_with_no_taskflow.py
[2024-12-18T20:51:25.709+0000] {logging_mixin.py:190} INFO - [2024-12-18T20:51:25.709+0000] {dag.py:3239} INFO - Sync 4 DAGs
[2024-12-18T20:51:25.731+0000] {logging_mixin.py:190} INFO - [2024-12-18T20:51:25.731+0000] {dag.py:4180} INFO - Setting next_dagrun for dataset_alias_example_alias_consumer_with_no_taskflow to None, run_after=None
[2024-12-18T20:51:25.735+0000] {logging_mixin.py:190} INFO - [2024-12-18T20:51:25.734+0000] {dag.py:4180} INFO - Setting next_dagrun for dataset_alias_example_alias_producer_with_no_taskflow to None, run_after=None
[2024-12-18T20:51:25.736+0000] {logging_mixin.py:190} INFO - [2024-12-18T20:51:25.736+0000] {dag.py:4180} INFO - Setting next_dagrun for dataset_s3_bucket_consumer_with_no_taskflow to None, run_after=None
[2024-12-18T20:51:25.737+0000] {logging_mixin.py:190} INFO - [2024-12-18T20:51:25.737+0000] {dag.py:4180} INFO - Setting next_dagrun for dataset_s3_bucket_producer_with_no_taskflow to None, run_after=None
[2024-12-18T20:51:25.764+0000] {processor.py:208} INFO - Processing /home/ubuntu/demo8/lib/python3.12/site-packages/airflow/example_dags/example_dataset_alias_with_no_taskflow.py took 0.116 seconds
