[2024-12-18T15:45:05.059+0000] {processor.py:186} INFO - Started process (PID=3688) to work on /home/ubuntu/demo8/lib/python3.12/site-packages/airflow/example_dags/example_dataset_alias.py
[2024-12-18T15:45:05.060+0000] {processor.py:914} INFO - Processing file /home/ubuntu/demo8/lib/python3.12/site-packages/airflow/example_dags/example_dataset_alias.py for tasks to queue
[2024-12-18T15:45:05.062+0000] {logging_mixin.py:190} INFO - [2024-12-18T15:45:05.061+0000] {dagbag.py:588} INFO - Filling up the DagBag from /home/ubuntu/demo8/lib/python3.12/site-packages/airflow/example_dags/example_dataset_alias.py
[2024-12-18T15:45:05.083+0000] {processor.py:925} INFO - DAG(s) 'dataset_alias_example_alias_producer', 'dataset_s3_bucket_producer', 'dataset_alias_example_alias_consumer', 'dataset_s3_bucket_consumer' retrieved from /home/ubuntu/demo8/lib/python3.12/site-packages/airflow/example_dags/example_dataset_alias.py
[2024-12-18T15:45:05.199+0000] {logging_mixin.py:190} INFO - [2024-12-18T15:45:05.198+0000] {override.py:1911} INFO - Created Permission View: can read on DAG:dataset_alias_example_alias_producer
[2024-12-18T15:45:05.211+0000] {logging_mixin.py:190} INFO - [2024-12-18T15:45:05.211+0000] {override.py:1911} INFO - Created Permission View: can delete on DAG:dataset_alias_example_alias_producer
[2024-12-18T15:45:05.222+0000] {logging_mixin.py:190} INFO - [2024-12-18T15:45:05.222+0000] {override.py:1911} INFO - Created Permission View: can edit on DAG:dataset_alias_example_alias_producer
[2024-12-18T15:45:05.239+0000] {logging_mixin.py:190} INFO - [2024-12-18T15:45:05.239+0000] {override.py:1911} INFO - Created Permission View: can create on DAG Run:dataset_alias_example_alias_producer
[2024-12-18T15:45:05.249+0000] {logging_mixin.py:190} INFO - [2024-12-18T15:45:05.248+0000] {override.py:1911} INFO - Created Permission View: can read on DAG Run:dataset_alias_example_alias_producer
[2024-12-18T15:45:05.259+0000] {logging_mixin.py:190} INFO - [2024-12-18T15:45:05.259+0000] {override.py:1911} INFO - Created Permission View: menu access on DAG Run:dataset_alias_example_alias_producer
[2024-12-18T15:45:05.269+0000] {logging_mixin.py:190} INFO - [2024-12-18T15:45:05.269+0000] {override.py:1911} INFO - Created Permission View: can delete on DAG Run:dataset_alias_example_alias_producer
[2024-12-18T15:45:05.290+0000] {logging_mixin.py:190} INFO - [2024-12-18T15:45:05.289+0000] {override.py:1911} INFO - Created Permission View: can read on DAG:dataset_s3_bucket_producer
[2024-12-18T15:45:05.299+0000] {logging_mixin.py:190} INFO - [2024-12-18T15:45:05.298+0000] {override.py:1911} INFO - Created Permission View: can delete on DAG:dataset_s3_bucket_producer
[2024-12-18T15:45:05.308+0000] {logging_mixin.py:190} INFO - [2024-12-18T15:45:05.308+0000] {override.py:1911} INFO - Created Permission View: can edit on DAG:dataset_s3_bucket_producer
[2024-12-18T15:45:05.325+0000] {logging_mixin.py:190} INFO - [2024-12-18T15:45:05.325+0000] {override.py:1911} INFO - Created Permission View: can create on DAG Run:dataset_s3_bucket_producer
[2024-12-18T15:45:05.336+0000] {logging_mixin.py:190} INFO - [2024-12-18T15:45:05.335+0000] {override.py:1911} INFO - Created Permission View: can read on DAG Run:dataset_s3_bucket_producer
[2024-12-18T15:45:05.345+0000] {logging_mixin.py:190} INFO - [2024-12-18T15:45:05.345+0000] {override.py:1911} INFO - Created Permission View: menu access on DAG Run:dataset_s3_bucket_producer
[2024-12-18T15:45:05.354+0000] {logging_mixin.py:190} INFO - [2024-12-18T15:45:05.354+0000] {override.py:1911} INFO - Created Permission View: can delete on DAG Run:dataset_s3_bucket_producer
[2024-12-18T15:45:05.374+0000] {logging_mixin.py:190} INFO - [2024-12-18T15:45:05.374+0000] {override.py:1911} INFO - Created Permission View: can read on DAG:dataset_alias_example_alias_consumer
[2024-12-18T15:45:05.385+0000] {logging_mixin.py:190} INFO - [2024-12-18T15:45:05.384+0000] {override.py:1911} INFO - Created Permission View: can delete on DAG:dataset_alias_example_alias_consumer
[2024-12-18T15:45:05.394+0000] {logging_mixin.py:190} INFO - [2024-12-18T15:45:05.394+0000] {override.py:1911} INFO - Created Permission View: can edit on DAG:dataset_alias_example_alias_consumer
[2024-12-18T15:45:05.409+0000] {logging_mixin.py:190} INFO - [2024-12-18T15:45:05.408+0000] {override.py:1911} INFO - Created Permission View: can create on DAG Run:dataset_alias_example_alias_consumer
[2024-12-18T15:45:05.419+0000] {logging_mixin.py:190} INFO - [2024-12-18T15:45:05.418+0000] {override.py:1911} INFO - Created Permission View: can read on DAG Run:dataset_alias_example_alias_consumer
[2024-12-18T15:45:05.428+0000] {logging_mixin.py:190} INFO - [2024-12-18T15:45:05.428+0000] {override.py:1911} INFO - Created Permission View: menu access on DAG Run:dataset_alias_example_alias_consumer
[2024-12-18T15:45:05.438+0000] {logging_mixin.py:190} INFO - [2024-12-18T15:45:05.437+0000] {override.py:1911} INFO - Created Permission View: can delete on DAG Run:dataset_alias_example_alias_consumer
[2024-12-18T15:45:05.458+0000] {logging_mixin.py:190} INFO - [2024-12-18T15:45:05.457+0000] {override.py:1911} INFO - Created Permission View: can read on DAG:dataset_s3_bucket_consumer
[2024-12-18T15:45:05.467+0000] {logging_mixin.py:190} INFO - [2024-12-18T15:45:05.467+0000] {override.py:1911} INFO - Created Permission View: can delete on DAG:dataset_s3_bucket_consumer
[2024-12-18T15:45:05.476+0000] {logging_mixin.py:190} INFO - [2024-12-18T15:45:05.476+0000] {override.py:1911} INFO - Created Permission View: can edit on DAG:dataset_s3_bucket_consumer
[2024-12-18T15:45:05.491+0000] {logging_mixin.py:190} INFO - [2024-12-18T15:45:05.491+0000] {override.py:1911} INFO - Created Permission View: can create on DAG Run:dataset_s3_bucket_consumer
[2024-12-18T15:45:05.501+0000] {logging_mixin.py:190} INFO - [2024-12-18T15:45:05.500+0000] {override.py:1911} INFO - Created Permission View: can read on DAG Run:dataset_s3_bucket_consumer
[2024-12-18T15:45:05.510+0000] {logging_mixin.py:190} INFO - [2024-12-18T15:45:05.510+0000] {override.py:1911} INFO - Created Permission View: menu access on DAG Run:dataset_s3_bucket_consumer
[2024-12-18T15:45:05.520+0000] {logging_mixin.py:190} INFO - [2024-12-18T15:45:05.519+0000] {override.py:1911} INFO - Created Permission View: can delete on DAG Run:dataset_s3_bucket_consumer
[2024-12-18T15:45:05.520+0000] {logging_mixin.py:190} INFO - [2024-12-18T15:45:05.520+0000] {dag.py:3239} INFO - Sync 4 DAGs
[2024-12-18T15:45:05.532+0000] {logging_mixin.py:190} INFO - [2024-12-18T15:45:05.532+0000] {dag.py:3262} INFO - Creating ORM DAG for dataset_s3_bucket_producer
[2024-12-18T15:45:05.533+0000] {logging_mixin.py:190} INFO - [2024-12-18T15:45:05.533+0000] {dag.py:3262} INFO - Creating ORM DAG for dataset_alias_example_alias_consumer
[2024-12-18T15:45:05.534+0000] {logging_mixin.py:190} INFO - [2024-12-18T15:45:05.534+0000] {dag.py:3262} INFO - Creating ORM DAG for dataset_alias_example_alias_producer
[2024-12-18T15:45:05.534+0000] {logging_mixin.py:190} INFO - [2024-12-18T15:45:05.534+0000] {dag.py:3262} INFO - Creating ORM DAG for dataset_s3_bucket_consumer
[2024-12-18T15:45:05.544+0000] {logging_mixin.py:190} INFO - [2024-12-18T15:45:05.544+0000] {dag.py:4180} INFO - Setting next_dagrun for dataset_alias_example_alias_consumer to None, run_after=None
[2024-12-18T15:45:05.545+0000] {logging_mixin.py:190} INFO - [2024-12-18T15:45:05.545+0000] {dag.py:4180} INFO - Setting next_dagrun for dataset_alias_example_alias_producer to None, run_after=None
[2024-12-18T15:45:05.545+0000] {logging_mixin.py:190} INFO - [2024-12-18T15:45:05.545+0000] {dag.py:4180} INFO - Setting next_dagrun for dataset_s3_bucket_consumer to None, run_after=None
[2024-12-18T15:45:05.546+0000] {logging_mixin.py:190} INFO - [2024-12-18T15:45:05.546+0000] {dag.py:4180} INFO - Setting next_dagrun for dataset_s3_bucket_producer to None, run_after=None
[2024-12-18T15:45:05.585+0000] {processor.py:208} INFO - Processing /home/ubuntu/demo8/lib/python3.12/site-packages/airflow/example_dags/example_dataset_alias.py took 0.532 seconds
[2024-12-18T15:46:09.974+0000] {processor.py:186} INFO - Started process (PID=3787) to work on /home/ubuntu/demo8/lib/python3.12/site-packages/airflow/example_dags/example_dataset_alias.py
[2024-12-18T15:46:09.976+0000] {processor.py:914} INFO - Processing file /home/ubuntu/demo8/lib/python3.12/site-packages/airflow/example_dags/example_dataset_alias.py for tasks to queue
[2024-12-18T15:46:09.978+0000] {logging_mixin.py:190} INFO - [2024-12-18T15:46:09.978+0000] {dagbag.py:588} INFO - Filling up the DagBag from /home/ubuntu/demo8/lib/python3.12/site-packages/airflow/example_dags/example_dataset_alias.py
[2024-12-18T15:46:10.004+0000] {processor.py:925} INFO - DAG(s) 'dataset_alias_example_alias_consumer', 'dataset_s3_bucket_producer', 'dataset_alias_example_alias_producer', 'dataset_s3_bucket_consumer' retrieved from /home/ubuntu/demo8/lib/python3.12/site-packages/airflow/example_dags/example_dataset_alias.py
[2024-12-18T15:46:10.024+0000] {logging_mixin.py:190} INFO - [2024-12-18T15:46:10.023+0000] {dag.py:3239} INFO - Sync 4 DAGs
[2024-12-18T15:46:10.045+0000] {logging_mixin.py:190} INFO - [2024-12-18T15:46:10.044+0000] {dag.py:4180} INFO - Setting next_dagrun for dataset_alias_example_alias_consumer to None, run_after=None
[2024-12-18T15:46:10.047+0000] {logging_mixin.py:190} INFO - [2024-12-18T15:46:10.047+0000] {dag.py:4180} INFO - Setting next_dagrun for dataset_alias_example_alias_producer to None, run_after=None
[2024-12-18T15:46:10.048+0000] {logging_mixin.py:190} INFO - [2024-12-18T15:46:10.048+0000] {dag.py:4180} INFO - Setting next_dagrun for dataset_s3_bucket_consumer to None, run_after=None
[2024-12-18T15:46:10.049+0000] {logging_mixin.py:190} INFO - [2024-12-18T15:46:10.049+0000] {dag.py:4180} INFO - Setting next_dagrun for dataset_s3_bucket_producer to None, run_after=None
[2024-12-18T15:46:10.073+0000] {processor.py:208} INFO - Processing /home/ubuntu/demo8/lib/python3.12/site-packages/airflow/example_dags/example_dataset_alias.py took 0.104 seconds
[2024-12-18T15:47:07.031+0000] {processor.py:186} INFO - Started process (PID=4254) to work on /home/ubuntu/demo8/lib/python3.12/site-packages/airflow/example_dags/example_dataset_alias.py
[2024-12-18T15:47:07.032+0000] {processor.py:914} INFO - Processing file /home/ubuntu/demo8/lib/python3.12/site-packages/airflow/example_dags/example_dataset_alias.py for tasks to queue
[2024-12-18T15:47:07.035+0000] {logging_mixin.py:190} INFO - [2024-12-18T15:47:07.034+0000] {dagbag.py:588} INFO - Filling up the DagBag from /home/ubuntu/demo8/lib/python3.12/site-packages/airflow/example_dags/example_dataset_alias.py
[2024-12-18T15:47:07.061+0000] {processor.py:925} INFO - DAG(s) 'dataset_alias_example_alias_consumer', 'dataset_s3_bucket_consumer', 'dataset_s3_bucket_producer', 'dataset_alias_example_alias_producer' retrieved from /home/ubuntu/demo8/lib/python3.12/site-packages/airflow/example_dags/example_dataset_alias.py
[2024-12-18T15:47:07.080+0000] {logging_mixin.py:190} INFO - [2024-12-18T15:47:07.080+0000] {dag.py:3239} INFO - Sync 4 DAGs
[2024-12-18T15:47:07.101+0000] {logging_mixin.py:190} INFO - [2024-12-18T15:47:07.101+0000] {dag.py:4180} INFO - Setting next_dagrun for dataset_alias_example_alias_consumer to None, run_after=None
[2024-12-18T15:47:07.103+0000] {logging_mixin.py:190} INFO - [2024-12-18T15:47:07.103+0000] {dag.py:4180} INFO - Setting next_dagrun for dataset_alias_example_alias_producer to None, run_after=None
[2024-12-18T15:47:07.104+0000] {logging_mixin.py:190} INFO - [2024-12-18T15:47:07.104+0000] {dag.py:4180} INFO - Setting next_dagrun for dataset_s3_bucket_consumer to None, run_after=None
[2024-12-18T15:47:07.105+0000] {logging_mixin.py:190} INFO - [2024-12-18T15:47:07.105+0000] {dag.py:4180} INFO - Setting next_dagrun for dataset_s3_bucket_producer to None, run_after=None
[2024-12-18T15:47:07.129+0000] {processor.py:208} INFO - Processing /home/ubuntu/demo8/lib/python3.12/site-packages/airflow/example_dags/example_dataset_alias.py took 0.104 seconds
[2024-12-18T15:48:05.118+0000] {processor.py:186} INFO - Started process (PID=4312) to work on /home/ubuntu/demo8/lib/python3.12/site-packages/airflow/example_dags/example_dataset_alias.py
[2024-12-18T15:48:05.120+0000] {processor.py:914} INFO - Processing file /home/ubuntu/demo8/lib/python3.12/site-packages/airflow/example_dags/example_dataset_alias.py for tasks to queue
[2024-12-18T15:48:05.122+0000] {logging_mixin.py:190} INFO - [2024-12-18T15:48:05.122+0000] {dagbag.py:588} INFO - Filling up the DagBag from /home/ubuntu/demo8/lib/python3.12/site-packages/airflow/example_dags/example_dataset_alias.py
[2024-12-18T15:48:05.149+0000] {processor.py:925} INFO - DAG(s) 'dataset_s3_bucket_producer', 'dataset_alias_example_alias_consumer', 'dataset_s3_bucket_consumer', 'dataset_alias_example_alias_producer' retrieved from /home/ubuntu/demo8/lib/python3.12/site-packages/airflow/example_dags/example_dataset_alias.py
[2024-12-18T15:48:05.168+0000] {logging_mixin.py:190} INFO - [2024-12-18T15:48:05.168+0000] {dag.py:3239} INFO - Sync 4 DAGs
[2024-12-18T15:48:05.189+0000] {logging_mixin.py:190} INFO - [2024-12-18T15:48:05.189+0000] {dag.py:4180} INFO - Setting next_dagrun for dataset_alias_example_alias_consumer to None, run_after=None
[2024-12-18T15:48:05.191+0000] {logging_mixin.py:190} INFO - [2024-12-18T15:48:05.191+0000] {dag.py:4180} INFO - Setting next_dagrun for dataset_alias_example_alias_producer to None, run_after=None
[2024-12-18T15:48:05.192+0000] {logging_mixin.py:190} INFO - [2024-12-18T15:48:05.192+0000] {dag.py:4180} INFO - Setting next_dagrun for dataset_s3_bucket_consumer to None, run_after=None
[2024-12-18T15:48:05.193+0000] {logging_mixin.py:190} INFO - [2024-12-18T15:48:05.193+0000] {dag.py:4180} INFO - Setting next_dagrun for dataset_s3_bucket_producer to None, run_after=None
[2024-12-18T15:48:05.223+0000] {processor.py:208} INFO - Processing /home/ubuntu/demo8/lib/python3.12/site-packages/airflow/example_dags/example_dataset_alias.py took 0.111 seconds
[2024-12-18T15:49:31.842+0000] {processor.py:186} INFO - Started process (PID=4396) to work on /home/ubuntu/demo8/lib/python3.12/site-packages/airflow/example_dags/example_dataset_alias.py
[2024-12-18T15:49:31.843+0000] {processor.py:914} INFO - Processing file /home/ubuntu/demo8/lib/python3.12/site-packages/airflow/example_dags/example_dataset_alias.py for tasks to queue
[2024-12-18T15:49:31.845+0000] {logging_mixin.py:190} INFO - [2024-12-18T15:49:31.845+0000] {dagbag.py:588} INFO - Filling up the DagBag from /home/ubuntu/demo8/lib/python3.12/site-packages/airflow/example_dags/example_dataset_alias.py
[2024-12-18T15:49:31.988+0000] {processor.py:925} INFO - DAG(s) 'dataset_alias_example_alias_producer', 'dataset_alias_example_alias_consumer', 'dataset_s3_bucket_producer', 'dataset_s3_bucket_consumer' retrieved from /home/ubuntu/demo8/lib/python3.12/site-packages/airflow/example_dags/example_dataset_alias.py
[2024-12-18T15:49:32.006+0000] {logging_mixin.py:190} INFO - [2024-12-18T15:49:32.005+0000] {dag.py:3239} INFO - Sync 4 DAGs
[2024-12-18T15:49:32.024+0000] {logging_mixin.py:190} INFO - [2024-12-18T15:49:32.024+0000] {dag.py:4180} INFO - Setting next_dagrun for dataset_alias_example_alias_consumer to None, run_after=None
[2024-12-18T15:49:32.026+0000] {logging_mixin.py:190} INFO - [2024-12-18T15:49:32.026+0000] {dag.py:4180} INFO - Setting next_dagrun for dataset_alias_example_alias_producer to None, run_after=None
[2024-12-18T15:49:32.027+0000] {logging_mixin.py:190} INFO - [2024-12-18T15:49:32.027+0000] {dag.py:4180} INFO - Setting next_dagrun for dataset_s3_bucket_consumer to None, run_after=None
[2024-12-18T15:49:32.028+0000] {logging_mixin.py:190} INFO - [2024-12-18T15:49:32.028+0000] {dag.py:4180} INFO - Setting next_dagrun for dataset_s3_bucket_producer to None, run_after=None
[2024-12-18T15:49:32.051+0000] {processor.py:208} INFO - Processing /home/ubuntu/demo8/lib/python3.12/site-packages/airflow/example_dags/example_dataset_alias.py took 0.216 seconds
[2024-12-18T15:50:32.520+0000] {processor.py:186} INFO - Started process (PID=4458) to work on /home/ubuntu/demo8/lib/python3.12/site-packages/airflow/example_dags/example_dataset_alias.py
[2024-12-18T15:50:32.522+0000] {processor.py:914} INFO - Processing file /home/ubuntu/demo8/lib/python3.12/site-packages/airflow/example_dags/example_dataset_alias.py for tasks to queue
[2024-12-18T15:50:32.524+0000] {logging_mixin.py:190} INFO - [2024-12-18T15:50:32.523+0000] {dagbag.py:588} INFO - Filling up the DagBag from /home/ubuntu/demo8/lib/python3.12/site-packages/airflow/example_dags/example_dataset_alias.py
[2024-12-18T15:50:32.551+0000] {processor.py:925} INFO - DAG(s) 'dataset_s3_bucket_producer', 'dataset_alias_example_alias_producer', 'dataset_alias_example_alias_consumer', 'dataset_s3_bucket_consumer' retrieved from /home/ubuntu/demo8/lib/python3.12/site-packages/airflow/example_dags/example_dataset_alias.py
[2024-12-18T15:50:32.571+0000] {logging_mixin.py:190} INFO - [2024-12-18T15:50:32.571+0000] {dag.py:3239} INFO - Sync 4 DAGs
[2024-12-18T15:50:32.593+0000] {logging_mixin.py:190} INFO - [2024-12-18T15:50:32.593+0000] {dag.py:4180} INFO - Setting next_dagrun for dataset_alias_example_alias_consumer to None, run_after=None
[2024-12-18T15:50:32.596+0000] {logging_mixin.py:190} INFO - [2024-12-18T15:50:32.596+0000] {dag.py:4180} INFO - Setting next_dagrun for dataset_alias_example_alias_producer to None, run_after=None
[2024-12-18T15:50:32.597+0000] {logging_mixin.py:190} INFO - [2024-12-18T15:50:32.597+0000] {dag.py:4180} INFO - Setting next_dagrun for dataset_s3_bucket_consumer to None, run_after=None
[2024-12-18T15:50:32.598+0000] {logging_mixin.py:190} INFO - [2024-12-18T15:50:32.598+0000] {dag.py:4180} INFO - Setting next_dagrun for dataset_s3_bucket_producer to None, run_after=None
[2024-12-18T15:50:32.623+0000] {processor.py:208} INFO - Processing /home/ubuntu/demo8/lib/python3.12/site-packages/airflow/example_dags/example_dataset_alias.py took 0.109 seconds
[2024-12-18T15:51:27.795+0000] {processor.py:186} INFO - Started process (PID=4528) to work on /home/ubuntu/demo8/lib/python3.12/site-packages/airflow/example_dags/example_dataset_alias.py
[2024-12-18T15:51:27.796+0000] {processor.py:914} INFO - Processing file /home/ubuntu/demo8/lib/python3.12/site-packages/airflow/example_dags/example_dataset_alias.py for tasks to queue
[2024-12-18T15:51:27.799+0000] {logging_mixin.py:190} INFO - [2024-12-18T15:51:27.798+0000] {dagbag.py:588} INFO - Filling up the DagBag from /home/ubuntu/demo8/lib/python3.12/site-packages/airflow/example_dags/example_dataset_alias.py
[2024-12-18T15:51:27.837+0000] {processor.py:925} INFO - DAG(s) 'dataset_s3_bucket_producer', 'dataset_alias_example_alias_producer', 'dataset_alias_example_alias_consumer', 'dataset_s3_bucket_consumer' retrieved from /home/ubuntu/demo8/lib/python3.12/site-packages/airflow/example_dags/example_dataset_alias.py
[2024-12-18T15:51:27.860+0000] {logging_mixin.py:190} INFO - [2024-12-18T15:51:27.859+0000] {dag.py:3239} INFO - Sync 4 DAGs
[2024-12-18T15:51:27.883+0000] {logging_mixin.py:190} INFO - [2024-12-18T15:51:27.882+0000] {dag.py:4180} INFO - Setting next_dagrun for dataset_alias_example_alias_consumer to None, run_after=None
[2024-12-18T15:51:27.885+0000] {logging_mixin.py:190} INFO - [2024-12-18T15:51:27.885+0000] {dag.py:4180} INFO - Setting next_dagrun for dataset_alias_example_alias_producer to None, run_after=None
[2024-12-18T15:51:27.886+0000] {logging_mixin.py:190} INFO - [2024-12-18T15:51:27.886+0000] {dag.py:4180} INFO - Setting next_dagrun for dataset_s3_bucket_consumer to None, run_after=None
[2024-12-18T15:51:27.887+0000] {logging_mixin.py:190} INFO - [2024-12-18T15:51:27.887+0000] {dag.py:4180} INFO - Setting next_dagrun for dataset_s3_bucket_producer to None, run_after=None
[2024-12-18T15:51:27.912+0000] {processor.py:208} INFO - Processing /home/ubuntu/demo8/lib/python3.12/site-packages/airflow/example_dags/example_dataset_alias.py took 0.124 seconds
[2024-12-18T15:52:49.345+0000] {processor.py:186} INFO - Started process (PID=4613) to work on /home/ubuntu/demo8/lib/python3.12/site-packages/airflow/example_dags/example_dataset_alias.py
[2024-12-18T15:52:49.347+0000] {processor.py:914} INFO - Processing file /home/ubuntu/demo8/lib/python3.12/site-packages/airflow/example_dags/example_dataset_alias.py for tasks to queue
[2024-12-18T15:52:49.349+0000] {logging_mixin.py:190} INFO - [2024-12-18T15:52:49.348+0000] {dagbag.py:588} INFO - Filling up the DagBag from /home/ubuntu/demo8/lib/python3.12/site-packages/airflow/example_dags/example_dataset_alias.py
[2024-12-18T15:52:49.376+0000] {processor.py:925} INFO - DAG(s) 'dataset_alias_example_alias_producer', 'dataset_s3_bucket_consumer', 'dataset_alias_example_alias_consumer', 'dataset_s3_bucket_producer' retrieved from /home/ubuntu/demo8/lib/python3.12/site-packages/airflow/example_dags/example_dataset_alias.py
[2024-12-18T15:52:49.397+0000] {logging_mixin.py:190} INFO - [2024-12-18T15:52:49.397+0000] {dag.py:3239} INFO - Sync 4 DAGs
[2024-12-18T15:52:49.421+0000] {logging_mixin.py:190} INFO - [2024-12-18T15:52:49.420+0000] {dag.py:4180} INFO - Setting next_dagrun for dataset_alias_example_alias_consumer to None, run_after=None
[2024-12-18T15:52:49.423+0000] {logging_mixin.py:190} INFO - [2024-12-18T15:52:49.423+0000] {dag.py:4180} INFO - Setting next_dagrun for dataset_alias_example_alias_producer to None, run_after=None
[2024-12-18T15:52:49.424+0000] {logging_mixin.py:190} INFO - [2024-12-18T15:52:49.424+0000] {dag.py:4180} INFO - Setting next_dagrun for dataset_s3_bucket_consumer to None, run_after=None
[2024-12-18T15:52:49.425+0000] {logging_mixin.py:190} INFO - [2024-12-18T15:52:49.425+0000] {dag.py:4180} INFO - Setting next_dagrun for dataset_s3_bucket_producer to None, run_after=None
[2024-12-18T15:52:49.460+0000] {processor.py:208} INFO - Processing /home/ubuntu/demo8/lib/python3.12/site-packages/airflow/example_dags/example_dataset_alias.py took 0.121 seconds
[2024-12-18T15:55:12.626+0000] {processor.py:186} INFO - Started process (PID=4788) to work on /home/ubuntu/demo8/lib/python3.12/site-packages/airflow/example_dags/example_dataset_alias.py
[2024-12-18T15:55:12.627+0000] {processor.py:914} INFO - Processing file /home/ubuntu/demo8/lib/python3.12/site-packages/airflow/example_dags/example_dataset_alias.py for tasks to queue
[2024-12-18T15:55:12.629+0000] {logging_mixin.py:190} INFO - [2024-12-18T15:55:12.629+0000] {dagbag.py:588} INFO - Filling up the DagBag from /home/ubuntu/demo8/lib/python3.12/site-packages/airflow/example_dags/example_dataset_alias.py
[2024-12-18T15:55:12.655+0000] {processor.py:925} INFO - DAG(s) 'dataset_s3_bucket_consumer', 'dataset_alias_example_alias_producer', 'dataset_s3_bucket_producer', 'dataset_alias_example_alias_consumer' retrieved from /home/ubuntu/demo8/lib/python3.12/site-packages/airflow/example_dags/example_dataset_alias.py
[2024-12-18T15:55:12.674+0000] {logging_mixin.py:190} INFO - [2024-12-18T15:55:12.674+0000] {dag.py:3239} INFO - Sync 4 DAGs
[2024-12-18T15:55:12.695+0000] {logging_mixin.py:190} INFO - [2024-12-18T15:55:12.695+0000] {dag.py:4180} INFO - Setting next_dagrun for dataset_alias_example_alias_consumer to None, run_after=None
[2024-12-18T15:55:12.697+0000] {logging_mixin.py:190} INFO - [2024-12-18T15:55:12.697+0000] {dag.py:4180} INFO - Setting next_dagrun for dataset_alias_example_alias_producer to None, run_after=None
[2024-12-18T15:55:12.698+0000] {logging_mixin.py:190} INFO - [2024-12-18T15:55:12.698+0000] {dag.py:4180} INFO - Setting next_dagrun for dataset_s3_bucket_consumer to None, run_after=None
[2024-12-18T15:55:12.699+0000] {logging_mixin.py:190} INFO - [2024-12-18T15:55:12.699+0000] {dag.py:4180} INFO - Setting next_dagrun for dataset_s3_bucket_producer to None, run_after=None
[2024-12-18T15:55:12.724+0000] {processor.py:208} INFO - Processing /home/ubuntu/demo8/lib/python3.12/site-packages/airflow/example_dags/example_dataset_alias.py took 0.104 seconds
[2024-12-18T15:56:09.238+0000] {processor.py:186} INFO - Started process (PID=4848) to work on /home/ubuntu/demo8/lib/python3.12/site-packages/airflow/example_dags/example_dataset_alias.py
[2024-12-18T15:56:09.239+0000] {processor.py:914} INFO - Processing file /home/ubuntu/demo8/lib/python3.12/site-packages/airflow/example_dags/example_dataset_alias.py for tasks to queue
[2024-12-18T15:56:09.242+0000] {logging_mixin.py:190} INFO - [2024-12-18T15:56:09.241+0000] {dagbag.py:588} INFO - Filling up the DagBag from /home/ubuntu/demo8/lib/python3.12/site-packages/airflow/example_dags/example_dataset_alias.py
[2024-12-18T15:56:09.269+0000] {processor.py:925} INFO - DAG(s) 'dataset_alias_example_alias_producer', 'dataset_s3_bucket_consumer', 'dataset_s3_bucket_producer', 'dataset_alias_example_alias_consumer' retrieved from /home/ubuntu/demo8/lib/python3.12/site-packages/airflow/example_dags/example_dataset_alias.py
[2024-12-18T15:56:09.289+0000] {logging_mixin.py:190} INFO - [2024-12-18T15:56:09.289+0000] {dag.py:3239} INFO - Sync 4 DAGs
[2024-12-18T15:56:09.310+0000] {logging_mixin.py:190} INFO - [2024-12-18T15:56:09.310+0000] {dag.py:4180} INFO - Setting next_dagrun for dataset_alias_example_alias_consumer to None, run_after=None
[2024-12-18T15:56:09.313+0000] {logging_mixin.py:190} INFO - [2024-12-18T15:56:09.312+0000] {dag.py:4180} INFO - Setting next_dagrun for dataset_alias_example_alias_producer to None, run_after=None
[2024-12-18T15:56:09.314+0000] {logging_mixin.py:190} INFO - [2024-12-18T15:56:09.313+0000] {dag.py:4180} INFO - Setting next_dagrun for dataset_s3_bucket_consumer to None, run_after=None
[2024-12-18T15:56:09.315+0000] {logging_mixin.py:190} INFO - [2024-12-18T15:56:09.315+0000] {dag.py:4180} INFO - Setting next_dagrun for dataset_s3_bucket_producer to None, run_after=None
[2024-12-18T15:56:09.341+0000] {processor.py:208} INFO - Processing /home/ubuntu/demo8/lib/python3.12/site-packages/airflow/example_dags/example_dataset_alias.py took 0.109 seconds
[2024-12-18T15:57:40.146+0000] {processor.py:186} INFO - Started process (PID=4935) to work on /home/ubuntu/demo8/lib/python3.12/site-packages/airflow/example_dags/example_dataset_alias.py
[2024-12-18T15:57:40.148+0000] {processor.py:914} INFO - Processing file /home/ubuntu/demo8/lib/python3.12/site-packages/airflow/example_dags/example_dataset_alias.py for tasks to queue
[2024-12-18T15:57:40.150+0000] {logging_mixin.py:190} INFO - [2024-12-18T15:57:40.150+0000] {dagbag.py:588} INFO - Filling up the DagBag from /home/ubuntu/demo8/lib/python3.12/site-packages/airflow/example_dags/example_dataset_alias.py
[2024-12-18T15:57:40.176+0000] {processor.py:925} INFO - DAG(s) 'dataset_alias_example_alias_producer', 'dataset_s3_bucket_producer', 'dataset_s3_bucket_consumer', 'dataset_alias_example_alias_consumer' retrieved from /home/ubuntu/demo8/lib/python3.12/site-packages/airflow/example_dags/example_dataset_alias.py
[2024-12-18T15:57:40.196+0000] {logging_mixin.py:190} INFO - [2024-12-18T15:57:40.196+0000] {dag.py:3239} INFO - Sync 4 DAGs
[2024-12-18T15:57:40.216+0000] {logging_mixin.py:190} INFO - [2024-12-18T15:57:40.216+0000] {dag.py:4180} INFO - Setting next_dagrun for dataset_alias_example_alias_consumer to None, run_after=None
[2024-12-18T15:57:40.219+0000] {logging_mixin.py:190} INFO - [2024-12-18T15:57:40.218+0000] {dag.py:4180} INFO - Setting next_dagrun for dataset_alias_example_alias_producer to None, run_after=None
[2024-12-18T15:57:40.220+0000] {logging_mixin.py:190} INFO - [2024-12-18T15:57:40.219+0000] {dag.py:4180} INFO - Setting next_dagrun for dataset_s3_bucket_consumer to None, run_after=None
[2024-12-18T15:57:40.221+0000] {logging_mixin.py:190} INFO - [2024-12-18T15:57:40.220+0000] {dag.py:4180} INFO - Setting next_dagrun for dataset_s3_bucket_producer to None, run_after=None
[2024-12-18T15:57:40.247+0000] {processor.py:208} INFO - Processing /home/ubuntu/demo8/lib/python3.12/site-packages/airflow/example_dags/example_dataset_alias.py took 0.106 seconds
[2024-12-18T15:58:36.676+0000] {processor.py:186} INFO - Started process (PID=4993) to work on /home/ubuntu/demo8/lib/python3.12/site-packages/airflow/example_dags/example_dataset_alias.py
[2024-12-18T15:58:36.678+0000] {processor.py:914} INFO - Processing file /home/ubuntu/demo8/lib/python3.12/site-packages/airflow/example_dags/example_dataset_alias.py for tasks to queue
[2024-12-18T15:58:36.680+0000] {logging_mixin.py:190} INFO - [2024-12-18T15:58:36.679+0000] {dagbag.py:588} INFO - Filling up the DagBag from /home/ubuntu/demo8/lib/python3.12/site-packages/airflow/example_dags/example_dataset_alias.py
[2024-12-18T15:58:36.706+0000] {processor.py:925} INFO - DAG(s) 'dataset_s3_bucket_consumer', 'dataset_s3_bucket_producer', 'dataset_alias_example_alias_consumer', 'dataset_alias_example_alias_producer' retrieved from /home/ubuntu/demo8/lib/python3.12/site-packages/airflow/example_dags/example_dataset_alias.py
[2024-12-18T15:58:36.726+0000] {logging_mixin.py:190} INFO - [2024-12-18T15:58:36.726+0000] {dag.py:3239} INFO - Sync 4 DAGs
[2024-12-18T15:58:36.747+0000] {logging_mixin.py:190} INFO - [2024-12-18T15:58:36.747+0000] {dag.py:4180} INFO - Setting next_dagrun for dataset_alias_example_alias_consumer to None, run_after=None
[2024-12-18T15:58:36.749+0000] {logging_mixin.py:190} INFO - [2024-12-18T15:58:36.749+0000] {dag.py:4180} INFO - Setting next_dagrun for dataset_alias_example_alias_producer to None, run_after=None
[2024-12-18T15:58:36.750+0000] {logging_mixin.py:190} INFO - [2024-12-18T15:58:36.750+0000] {dag.py:4180} INFO - Setting next_dagrun for dataset_s3_bucket_consumer to None, run_after=None
[2024-12-18T15:58:36.751+0000] {logging_mixin.py:190} INFO - [2024-12-18T15:58:36.751+0000] {dag.py:4180} INFO - Setting next_dagrun for dataset_s3_bucket_producer to None, run_after=None
[2024-12-18T15:58:36.777+0000] {processor.py:208} INFO - Processing /home/ubuntu/demo8/lib/python3.12/site-packages/airflow/example_dags/example_dataset_alias.py took 0.107 seconds
[2024-12-18T16:00:38.958+0000] {processor.py:186} INFO - Started process (PID=5119) to work on /home/ubuntu/demo8/lib/python3.12/site-packages/airflow/example_dags/example_dataset_alias.py
[2024-12-18T16:00:38.960+0000] {processor.py:914} INFO - Processing file /home/ubuntu/demo8/lib/python3.12/site-packages/airflow/example_dags/example_dataset_alias.py for tasks to queue
[2024-12-18T16:00:38.962+0000] {logging_mixin.py:190} INFO - [2024-12-18T16:00:38.961+0000] {dagbag.py:588} INFO - Filling up the DagBag from /home/ubuntu/demo8/lib/python3.12/site-packages/airflow/example_dags/example_dataset_alias.py
[2024-12-18T16:00:38.988+0000] {processor.py:925} INFO - DAG(s) 'dataset_alias_example_alias_consumer', 'dataset_s3_bucket_producer', 'dataset_alias_example_alias_producer', 'dataset_s3_bucket_consumer' retrieved from /home/ubuntu/demo8/lib/python3.12/site-packages/airflow/example_dags/example_dataset_alias.py
[2024-12-18T16:00:39.008+0000] {logging_mixin.py:190} INFO - [2024-12-18T16:00:39.008+0000] {dag.py:3239} INFO - Sync 4 DAGs
[2024-12-18T16:00:39.030+0000] {logging_mixin.py:190} INFO - [2024-12-18T16:00:39.030+0000] {dag.py:4180} INFO - Setting next_dagrun for dataset_alias_example_alias_consumer to None, run_after=None
[2024-12-18T16:00:39.032+0000] {logging_mixin.py:190} INFO - [2024-12-18T16:00:39.032+0000] {dag.py:4180} INFO - Setting next_dagrun for dataset_alias_example_alias_producer to None, run_after=None
[2024-12-18T16:00:39.033+0000] {logging_mixin.py:190} INFO - [2024-12-18T16:00:39.033+0000] {dag.py:4180} INFO - Setting next_dagrun for dataset_s3_bucket_consumer to None, run_after=None
[2024-12-18T16:00:39.034+0000] {logging_mixin.py:190} INFO - [2024-12-18T16:00:39.034+0000] {dag.py:4180} INFO - Setting next_dagrun for dataset_s3_bucket_producer to None, run_after=None
[2024-12-18T16:00:39.059+0000] {processor.py:208} INFO - Processing /home/ubuntu/demo8/lib/python3.12/site-packages/airflow/example_dags/example_dataset_alias.py took 0.107 seconds
[2024-12-18T16:01:35.517+0000] {processor.py:186} INFO - Started process (PID=5179) to work on /home/ubuntu/demo8/lib/python3.12/site-packages/airflow/example_dags/example_dataset_alias.py
[2024-12-18T16:01:35.519+0000] {processor.py:914} INFO - Processing file /home/ubuntu/demo8/lib/python3.12/site-packages/airflow/example_dags/example_dataset_alias.py for tasks to queue
[2024-12-18T16:01:35.521+0000] {logging_mixin.py:190} INFO - [2024-12-18T16:01:35.520+0000] {dagbag.py:588} INFO - Filling up the DagBag from /home/ubuntu/demo8/lib/python3.12/site-packages/airflow/example_dags/example_dataset_alias.py
[2024-12-18T16:01:35.547+0000] {processor.py:925} INFO - DAG(s) 'dataset_s3_bucket_producer', 'dataset_alias_example_alias_producer', 'dataset_alias_example_alias_consumer', 'dataset_s3_bucket_consumer' retrieved from /home/ubuntu/demo8/lib/python3.12/site-packages/airflow/example_dags/example_dataset_alias.py
[2024-12-18T16:01:35.567+0000] {logging_mixin.py:190} INFO - [2024-12-18T16:01:35.566+0000] {dag.py:3239} INFO - Sync 4 DAGs
[2024-12-18T16:01:35.587+0000] {logging_mixin.py:190} INFO - [2024-12-18T16:01:35.587+0000] {dag.py:4180} INFO - Setting next_dagrun for dataset_alias_example_alias_consumer to None, run_after=None
[2024-12-18T16:01:35.590+0000] {logging_mixin.py:190} INFO - [2024-12-18T16:01:35.589+0000] {dag.py:4180} INFO - Setting next_dagrun for dataset_alias_example_alias_producer to None, run_after=None
[2024-12-18T16:01:35.591+0000] {logging_mixin.py:190} INFO - [2024-12-18T16:01:35.590+0000] {dag.py:4180} INFO - Setting next_dagrun for dataset_s3_bucket_consumer to None, run_after=None
[2024-12-18T16:01:35.592+0000] {logging_mixin.py:190} INFO - [2024-12-18T16:01:35.591+0000] {dag.py:4180} INFO - Setting next_dagrun for dataset_s3_bucket_producer to None, run_after=None
[2024-12-18T16:01:35.618+0000] {processor.py:208} INFO - Processing /home/ubuntu/demo8/lib/python3.12/site-packages/airflow/example_dags/example_dataset_alias.py took 0.106 seconds
[2024-12-18T16:02:31.887+0000] {processor.py:186} INFO - Started process (PID=5237) to work on /home/ubuntu/demo8/lib/python3.12/site-packages/airflow/example_dags/example_dataset_alias.py
[2024-12-18T16:02:31.889+0000] {processor.py:914} INFO - Processing file /home/ubuntu/demo8/lib/python3.12/site-packages/airflow/example_dags/example_dataset_alias.py for tasks to queue
[2024-12-18T16:02:31.891+0000] {logging_mixin.py:190} INFO - [2024-12-18T16:02:31.891+0000] {dagbag.py:588} INFO - Filling up the DagBag from /home/ubuntu/demo8/lib/python3.12/site-packages/airflow/example_dags/example_dataset_alias.py
[2024-12-18T16:02:31.917+0000] {processor.py:925} INFO - DAG(s) 'dataset_alias_example_alias_consumer', 'dataset_s3_bucket_producer', 'dataset_alias_example_alias_producer', 'dataset_s3_bucket_consumer' retrieved from /home/ubuntu/demo8/lib/python3.12/site-packages/airflow/example_dags/example_dataset_alias.py
[2024-12-18T16:02:31.938+0000] {logging_mixin.py:190} INFO - [2024-12-18T16:02:31.937+0000] {dag.py:3239} INFO - Sync 4 DAGs
[2024-12-18T16:02:31.959+0000] {logging_mixin.py:190} INFO - [2024-12-18T16:02:31.958+0000] {dag.py:4180} INFO - Setting next_dagrun for dataset_alias_example_alias_consumer to None, run_after=None
[2024-12-18T16:02:31.961+0000] {logging_mixin.py:190} INFO - [2024-12-18T16:02:31.961+0000] {dag.py:4180} INFO - Setting next_dagrun for dataset_alias_example_alias_producer to None, run_after=None
[2024-12-18T16:02:31.962+0000] {logging_mixin.py:190} INFO - [2024-12-18T16:02:31.962+0000] {dag.py:4180} INFO - Setting next_dagrun for dataset_s3_bucket_consumer to None, run_after=None
[2024-12-18T16:02:31.963+0000] {logging_mixin.py:190} INFO - [2024-12-18T16:02:31.963+0000] {dag.py:4180} INFO - Setting next_dagrun for dataset_s3_bucket_producer to None, run_after=None
[2024-12-18T16:02:31.988+0000] {processor.py:208} INFO - Processing /home/ubuntu/demo8/lib/python3.12/site-packages/airflow/example_dags/example_dataset_alias.py took 0.107 seconds
[2024-12-18T20:30:06.713+0000] {processor.py:186} INFO - Started process (PID=2772) to work on /home/ubuntu/demo8/lib/python3.12/site-packages/airflow/example_dags/example_dataset_alias.py
[2024-12-18T20:30:06.716+0000] {processor.py:914} INFO - Processing file /home/ubuntu/demo8/lib/python3.12/site-packages/airflow/example_dags/example_dataset_alias.py for tasks to queue
[2024-12-18T20:30:06.718+0000] {logging_mixin.py:190} INFO - [2024-12-18T20:30:06.718+0000] {dagbag.py:588} INFO - Filling up the DagBag from /home/ubuntu/demo8/lib/python3.12/site-packages/airflow/example_dags/example_dataset_alias.py
[2024-12-18T20:30:06.762+0000] {processor.py:925} INFO - DAG(s) 'dataset_alias_example_alias_consumer', 'dataset_s3_bucket_producer', 'dataset_s3_bucket_consumer', 'dataset_alias_example_alias_producer' retrieved from /home/ubuntu/demo8/lib/python3.12/site-packages/airflow/example_dags/example_dataset_alias.py
[2024-12-18T20:30:06.781+0000] {logging_mixin.py:190} INFO - [2024-12-18T20:30:06.781+0000] {dag.py:3239} INFO - Sync 4 DAGs
[2024-12-18T20:30:06.803+0000] {logging_mixin.py:190} INFO - [2024-12-18T20:30:06.803+0000] {dag.py:4180} INFO - Setting next_dagrun for dataset_alias_example_alias_consumer to None, run_after=None
[2024-12-18T20:30:06.805+0000] {logging_mixin.py:190} INFO - [2024-12-18T20:30:06.805+0000] {dag.py:4180} INFO - Setting next_dagrun for dataset_alias_example_alias_producer to None, run_after=None
[2024-12-18T20:30:06.807+0000] {logging_mixin.py:190} INFO - [2024-12-18T20:30:06.806+0000] {dag.py:4180} INFO - Setting next_dagrun for dataset_s3_bucket_consumer to None, run_after=None
[2024-12-18T20:30:06.808+0000] {logging_mixin.py:190} INFO - [2024-12-18T20:30:06.807+0000] {dag.py:4180} INFO - Setting next_dagrun for dataset_s3_bucket_producer to None, run_after=None
[2024-12-18T20:30:06.843+0000] {processor.py:208} INFO - Processing /home/ubuntu/demo8/lib/python3.12/site-packages/airflow/example_dags/example_dataset_alias.py took 0.136 seconds
[2024-12-18T20:31:03.615+0000] {processor.py:186} INFO - Started process (PID=2962) to work on /home/ubuntu/demo8/lib/python3.12/site-packages/airflow/example_dags/example_dataset_alias.py
[2024-12-18T20:31:03.618+0000] {processor.py:914} INFO - Processing file /home/ubuntu/demo8/lib/python3.12/site-packages/airflow/example_dags/example_dataset_alias.py for tasks to queue
[2024-12-18T20:31:03.623+0000] {logging_mixin.py:190} INFO - [2024-12-18T20:31:03.622+0000] {dagbag.py:588} INFO - Filling up the DagBag from /home/ubuntu/demo8/lib/python3.12/site-packages/airflow/example_dags/example_dataset_alias.py
[2024-12-18T20:31:03.656+0000] {processor.py:925} INFO - DAG(s) 'dataset_s3_bucket_consumer', 'dataset_s3_bucket_producer', 'dataset_alias_example_alias_producer', 'dataset_alias_example_alias_consumer' retrieved from /home/ubuntu/demo8/lib/python3.12/site-packages/airflow/example_dags/example_dataset_alias.py
[2024-12-18T20:31:03.677+0000] {logging_mixin.py:190} INFO - [2024-12-18T20:31:03.677+0000] {dag.py:3239} INFO - Sync 4 DAGs
[2024-12-18T20:31:03.698+0000] {logging_mixin.py:190} INFO - [2024-12-18T20:31:03.698+0000] {dag.py:4180} INFO - Setting next_dagrun for dataset_alias_example_alias_consumer to None, run_after=None
[2024-12-18T20:31:03.701+0000] {logging_mixin.py:190} INFO - [2024-12-18T20:31:03.701+0000] {dag.py:4180} INFO - Setting next_dagrun for dataset_alias_example_alias_producer to None, run_after=None
[2024-12-18T20:31:03.703+0000] {logging_mixin.py:190} INFO - [2024-12-18T20:31:03.703+0000] {dag.py:4180} INFO - Setting next_dagrun for dataset_s3_bucket_consumer to None, run_after=None
[2024-12-18T20:31:03.704+0000] {logging_mixin.py:190} INFO - [2024-12-18T20:31:03.704+0000] {dag.py:4180} INFO - Setting next_dagrun for dataset_s3_bucket_producer to None, run_after=None
[2024-12-18T20:31:03.731+0000] {processor.py:208} INFO - Processing /home/ubuntu/demo8/lib/python3.12/site-packages/airflow/example_dags/example_dataset_alias.py took 0.129 seconds
[2024-12-18T20:32:00.453+0000] {processor.py:186} INFO - Started process (PID=3243) to work on /home/ubuntu/demo8/lib/python3.12/site-packages/airflow/example_dags/example_dataset_alias.py
[2024-12-18T20:32:00.455+0000] {processor.py:914} INFO - Processing file /home/ubuntu/demo8/lib/python3.12/site-packages/airflow/example_dags/example_dataset_alias.py for tasks to queue
[2024-12-18T20:32:00.457+0000] {logging_mixin.py:190} INFO - [2024-12-18T20:32:00.457+0000] {dagbag.py:588} INFO - Filling up the DagBag from /home/ubuntu/demo8/lib/python3.12/site-packages/airflow/example_dags/example_dataset_alias.py
[2024-12-18T20:32:00.484+0000] {processor.py:925} INFO - DAG(s) 'dataset_alias_example_alias_producer', 'dataset_s3_bucket_producer', 'dataset_alias_example_alias_consumer', 'dataset_s3_bucket_consumer' retrieved from /home/ubuntu/demo8/lib/python3.12/site-packages/airflow/example_dags/example_dataset_alias.py
[2024-12-18T20:32:00.505+0000] {logging_mixin.py:190} INFO - [2024-12-18T20:32:00.504+0000] {dag.py:3239} INFO - Sync 4 DAGs
[2024-12-18T20:32:00.526+0000] {logging_mixin.py:190} INFO - [2024-12-18T20:32:00.526+0000] {dag.py:4180} INFO - Setting next_dagrun for dataset_alias_example_alias_consumer to None, run_after=None
[2024-12-18T20:32:00.528+0000] {logging_mixin.py:190} INFO - [2024-12-18T20:32:00.528+0000] {dag.py:4180} INFO - Setting next_dagrun for dataset_alias_example_alias_producer to None, run_after=None
[2024-12-18T20:32:00.530+0000] {logging_mixin.py:190} INFO - [2024-12-18T20:32:00.529+0000] {dag.py:4180} INFO - Setting next_dagrun for dataset_s3_bucket_consumer to None, run_after=None
[2024-12-18T20:32:00.531+0000] {logging_mixin.py:190} INFO - [2024-12-18T20:32:00.531+0000] {dag.py:4180} INFO - Setting next_dagrun for dataset_s3_bucket_producer to None, run_after=None
[2024-12-18T20:32:00.557+0000] {processor.py:208} INFO - Processing /home/ubuntu/demo8/lib/python3.12/site-packages/airflow/example_dags/example_dataset_alias.py took 0.110 seconds
[2024-12-18T20:32:57.436+0000] {processor.py:186} INFO - Started process (PID=3426) to work on /home/ubuntu/demo8/lib/python3.12/site-packages/airflow/example_dags/example_dataset_alias.py
[2024-12-18T20:32:57.439+0000] {processor.py:914} INFO - Processing file /home/ubuntu/demo8/lib/python3.12/site-packages/airflow/example_dags/example_dataset_alias.py for tasks to queue
[2024-12-18T20:32:57.441+0000] {logging_mixin.py:190} INFO - [2024-12-18T20:32:57.440+0000] {dagbag.py:588} INFO - Filling up the DagBag from /home/ubuntu/demo8/lib/python3.12/site-packages/airflow/example_dags/example_dataset_alias.py
[2024-12-18T20:32:57.468+0000] {processor.py:925} INFO - DAG(s) 'dataset_s3_bucket_consumer', 'dataset_s3_bucket_producer', 'dataset_alias_example_alias_producer', 'dataset_alias_example_alias_consumer' retrieved from /home/ubuntu/demo8/lib/python3.12/site-packages/airflow/example_dags/example_dataset_alias.py
[2024-12-18T20:32:57.499+0000] {logging_mixin.py:190} INFO - [2024-12-18T20:32:57.498+0000] {dag.py:3239} INFO - Sync 4 DAGs
[2024-12-18T20:32:57.520+0000] {logging_mixin.py:190} INFO - [2024-12-18T20:32:57.520+0000] {dag.py:4180} INFO - Setting next_dagrun for dataset_alias_example_alias_consumer to None, run_after=None
[2024-12-18T20:32:57.523+0000] {logging_mixin.py:190} INFO - [2024-12-18T20:32:57.523+0000] {dag.py:4180} INFO - Setting next_dagrun for dataset_alias_example_alias_producer to None, run_after=None
[2024-12-18T20:32:57.524+0000] {logging_mixin.py:190} INFO - [2024-12-18T20:32:57.524+0000] {dag.py:4180} INFO - Setting next_dagrun for dataset_s3_bucket_consumer to None, run_after=None
[2024-12-18T20:32:57.525+0000] {logging_mixin.py:190} INFO - [2024-12-18T20:32:57.525+0000] {dag.py:4180} INFO - Setting next_dagrun for dataset_s3_bucket_producer to None, run_after=None
[2024-12-18T20:32:57.551+0000] {processor.py:208} INFO - Processing /home/ubuntu/demo8/lib/python3.12/site-packages/airflow/example_dags/example_dataset_alias.py took 0.121 seconds
[2024-12-18T20:33:52.013+0000] {processor.py:186} INFO - Started process (PID=3543) to work on /home/ubuntu/demo8/lib/python3.12/site-packages/airflow/example_dags/example_dataset_alias.py
[2024-12-18T20:33:52.015+0000] {processor.py:914} INFO - Processing file /home/ubuntu/demo8/lib/python3.12/site-packages/airflow/example_dags/example_dataset_alias.py for tasks to queue
[2024-12-18T20:33:52.021+0000] {logging_mixin.py:190} INFO - [2024-12-18T20:33:52.019+0000] {dagbag.py:588} INFO - Filling up the DagBag from /home/ubuntu/demo8/lib/python3.12/site-packages/airflow/example_dags/example_dataset_alias.py
[2024-12-18T20:33:52.049+0000] {processor.py:925} INFO - DAG(s) 'dataset_s3_bucket_producer', 'dataset_alias_example_alias_consumer', 'dataset_alias_example_alias_producer', 'dataset_s3_bucket_consumer' retrieved from /home/ubuntu/demo8/lib/python3.12/site-packages/airflow/example_dags/example_dataset_alias.py
[2024-12-18T20:33:52.069+0000] {logging_mixin.py:190} INFO - [2024-12-18T20:33:52.069+0000] {dag.py:3239} INFO - Sync 4 DAGs
[2024-12-18T20:33:52.204+0000] {logging_mixin.py:190} INFO - [2024-12-18T20:33:52.204+0000] {dag.py:4180} INFO - Setting next_dagrun for dataset_alias_example_alias_consumer to None, run_after=None
[2024-12-18T20:33:52.207+0000] {logging_mixin.py:190} INFO - [2024-12-18T20:33:52.206+0000] {dag.py:4180} INFO - Setting next_dagrun for dataset_alias_example_alias_producer to None, run_after=None
[2024-12-18T20:33:52.208+0000] {logging_mixin.py:190} INFO - [2024-12-18T20:33:52.208+0000] {dag.py:4180} INFO - Setting next_dagrun for dataset_s3_bucket_consumer to None, run_after=None
[2024-12-18T20:33:52.209+0000] {logging_mixin.py:190} INFO - [2024-12-18T20:33:52.209+0000] {dag.py:4180} INFO - Setting next_dagrun for dataset_s3_bucket_producer to None, run_after=None
[2024-12-18T20:33:52.232+0000] {processor.py:208} INFO - Processing /home/ubuntu/demo8/lib/python3.12/site-packages/airflow/example_dags/example_dataset_alias.py took 0.228 seconds
[2024-12-18T20:35:00.351+0000] {processor.py:186} INFO - Started process (PID=3729) to work on /home/ubuntu/demo8/lib/python3.12/site-packages/airflow/example_dags/example_dataset_alias.py
[2024-12-18T20:35:00.353+0000] {processor.py:914} INFO - Processing file /home/ubuntu/demo8/lib/python3.12/site-packages/airflow/example_dags/example_dataset_alias.py for tasks to queue
[2024-12-18T20:35:00.355+0000] {logging_mixin.py:190} INFO - [2024-12-18T20:35:00.355+0000] {dagbag.py:588} INFO - Filling up the DagBag from /home/ubuntu/demo8/lib/python3.12/site-packages/airflow/example_dags/example_dataset_alias.py
[2024-12-18T20:35:00.382+0000] {processor.py:925} INFO - DAG(s) 'dataset_alias_example_alias_producer', 'dataset_alias_example_alias_consumer', 'dataset_s3_bucket_consumer', 'dataset_s3_bucket_producer' retrieved from /home/ubuntu/demo8/lib/python3.12/site-packages/airflow/example_dags/example_dataset_alias.py
[2024-12-18T20:35:00.403+0000] {logging_mixin.py:190} INFO - [2024-12-18T20:35:00.403+0000] {dag.py:3239} INFO - Sync 4 DAGs
[2024-12-18T20:35:00.426+0000] {logging_mixin.py:190} INFO - [2024-12-18T20:35:00.425+0000] {dag.py:4180} INFO - Setting next_dagrun for dataset_alias_example_alias_consumer to None, run_after=None
[2024-12-18T20:35:00.428+0000] {logging_mixin.py:190} INFO - [2024-12-18T20:35:00.428+0000] {dag.py:4180} INFO - Setting next_dagrun for dataset_alias_example_alias_producer to None, run_after=None
[2024-12-18T20:35:00.430+0000] {logging_mixin.py:190} INFO - [2024-12-18T20:35:00.429+0000] {dag.py:4180} INFO - Setting next_dagrun for dataset_s3_bucket_consumer to None, run_after=None
[2024-12-18T20:35:00.431+0000] {logging_mixin.py:190} INFO - [2024-12-18T20:35:00.431+0000] {dag.py:4180} INFO - Setting next_dagrun for dataset_s3_bucket_producer to None, run_after=None
[2024-12-18T20:35:00.458+0000] {processor.py:208} INFO - Processing /home/ubuntu/demo8/lib/python3.12/site-packages/airflow/example_dags/example_dataset_alias.py took 0.113 seconds
[2024-12-18T20:35:58.900+0000] {processor.py:186} INFO - Started process (PID=3854) to work on /home/ubuntu/demo8/lib/python3.12/site-packages/airflow/example_dags/example_dataset_alias.py
[2024-12-18T20:35:58.902+0000] {processor.py:914} INFO - Processing file /home/ubuntu/demo8/lib/python3.12/site-packages/airflow/example_dags/example_dataset_alias.py for tasks to queue
[2024-12-18T20:35:58.904+0000] {logging_mixin.py:190} INFO - [2024-12-18T20:35:58.904+0000] {dagbag.py:588} INFO - Filling up the DagBag from /home/ubuntu/demo8/lib/python3.12/site-packages/airflow/example_dags/example_dataset_alias.py
[2024-12-18T20:35:58.932+0000] {processor.py:925} INFO - DAG(s) 'dataset_s3_bucket_producer', 'dataset_alias_example_alias_consumer', 'dataset_s3_bucket_consumer', 'dataset_alias_example_alias_producer' retrieved from /home/ubuntu/demo8/lib/python3.12/site-packages/airflow/example_dags/example_dataset_alias.py
[2024-12-18T20:35:58.952+0000] {logging_mixin.py:190} INFO - [2024-12-18T20:35:58.952+0000] {dag.py:3239} INFO - Sync 4 DAGs
[2024-12-18T20:35:58.975+0000] {logging_mixin.py:190} INFO - [2024-12-18T20:35:58.975+0000] {dag.py:4180} INFO - Setting next_dagrun for dataset_alias_example_alias_consumer to None, run_after=None
[2024-12-18T20:35:58.977+0000] {logging_mixin.py:190} INFO - [2024-12-18T20:35:58.977+0000] {dag.py:4180} INFO - Setting next_dagrun for dataset_alias_example_alias_producer to None, run_after=None
[2024-12-18T20:35:58.979+0000] {logging_mixin.py:190} INFO - [2024-12-18T20:35:58.978+0000] {dag.py:4180} INFO - Setting next_dagrun for dataset_s3_bucket_consumer to None, run_after=None
[2024-12-18T20:35:58.980+0000] {logging_mixin.py:190} INFO - [2024-12-18T20:35:58.979+0000] {dag.py:4180} INFO - Setting next_dagrun for dataset_s3_bucket_producer to None, run_after=None
[2024-12-18T20:35:59.006+0000] {processor.py:208} INFO - Processing /home/ubuntu/demo8/lib/python3.12/site-packages/airflow/example_dags/example_dataset_alias.py took 0.112 seconds
[2024-12-18T20:36:56.787+0000] {processor.py:186} INFO - Started process (PID=3973) to work on /home/ubuntu/demo8/lib/python3.12/site-packages/airflow/example_dags/example_dataset_alias.py
[2024-12-18T20:36:56.789+0000] {processor.py:914} INFO - Processing file /home/ubuntu/demo8/lib/python3.12/site-packages/airflow/example_dags/example_dataset_alias.py for tasks to queue
[2024-12-18T20:36:56.791+0000] {logging_mixin.py:190} INFO - [2024-12-18T20:36:56.791+0000] {dagbag.py:588} INFO - Filling up the DagBag from /home/ubuntu/demo8/lib/python3.12/site-packages/airflow/example_dags/example_dataset_alias.py
[2024-12-18T20:36:56.827+0000] {processor.py:925} INFO - DAG(s) 'dataset_s3_bucket_consumer', 'dataset_alias_example_alias_producer', 'dataset_alias_example_alias_consumer', 'dataset_s3_bucket_producer' retrieved from /home/ubuntu/demo8/lib/python3.12/site-packages/airflow/example_dags/example_dataset_alias.py
[2024-12-18T20:36:56.858+0000] {logging_mixin.py:190} INFO - [2024-12-18T20:36:56.858+0000] {dag.py:3239} INFO - Sync 4 DAGs
[2024-12-18T20:36:56.881+0000] {logging_mixin.py:190} INFO - [2024-12-18T20:36:56.881+0000] {dag.py:4180} INFO - Setting next_dagrun for dataset_alias_example_alias_consumer to None, run_after=None
[2024-12-18T20:36:56.883+0000] {logging_mixin.py:190} INFO - [2024-12-18T20:36:56.883+0000] {dag.py:4180} INFO - Setting next_dagrun for dataset_alias_example_alias_producer to None, run_after=None
[2024-12-18T20:36:56.885+0000] {logging_mixin.py:190} INFO - [2024-12-18T20:36:56.884+0000] {dag.py:4180} INFO - Setting next_dagrun for dataset_s3_bucket_consumer to None, run_after=None
[2024-12-18T20:36:56.886+0000] {logging_mixin.py:190} INFO - [2024-12-18T20:36:56.886+0000] {dag.py:4180} INFO - Setting next_dagrun for dataset_s3_bucket_producer to None, run_after=None
[2024-12-18T20:36:56.914+0000] {processor.py:208} INFO - Processing /home/ubuntu/demo8/lib/python3.12/site-packages/airflow/example_dags/example_dataset_alias.py took 0.133 seconds
[2024-12-18T20:38:19.225+0000] {processor.py:186} INFO - Started process (PID=4178) to work on /home/ubuntu/demo8/lib/python3.12/site-packages/airflow/example_dags/example_dataset_alias.py
[2024-12-18T20:38:19.227+0000] {processor.py:914} INFO - Processing file /home/ubuntu/demo8/lib/python3.12/site-packages/airflow/example_dags/example_dataset_alias.py for tasks to queue
[2024-12-18T20:38:19.229+0000] {logging_mixin.py:190} INFO - [2024-12-18T20:38:19.229+0000] {dagbag.py:588} INFO - Filling up the DagBag from /home/ubuntu/demo8/lib/python3.12/site-packages/airflow/example_dags/example_dataset_alias.py
[2024-12-18T20:38:19.257+0000] {processor.py:925} INFO - DAG(s) 'dataset_alias_example_alias_producer', 'dataset_s3_bucket_producer', 'dataset_alias_example_alias_consumer', 'dataset_s3_bucket_consumer' retrieved from /home/ubuntu/demo8/lib/python3.12/site-packages/airflow/example_dags/example_dataset_alias.py
[2024-12-18T20:38:19.278+0000] {logging_mixin.py:190} INFO - [2024-12-18T20:38:19.278+0000] {dag.py:3239} INFO - Sync 4 DAGs
[2024-12-18T20:38:19.300+0000] {logging_mixin.py:190} INFO - [2024-12-18T20:38:19.300+0000] {dag.py:4180} INFO - Setting next_dagrun for dataset_alias_example_alias_consumer to None, run_after=None
[2024-12-18T20:38:19.302+0000] {logging_mixin.py:190} INFO - [2024-12-18T20:38:19.302+0000] {dag.py:4180} INFO - Setting next_dagrun for dataset_alias_example_alias_producer to None, run_after=None
[2024-12-18T20:38:19.304+0000] {logging_mixin.py:190} INFO - [2024-12-18T20:38:19.304+0000] {dag.py:4180} INFO - Setting next_dagrun for dataset_s3_bucket_consumer to None, run_after=None
[2024-12-18T20:38:19.306+0000] {logging_mixin.py:190} INFO - [2024-12-18T20:38:19.305+0000] {dag.py:4180} INFO - Setting next_dagrun for dataset_s3_bucket_producer to None, run_after=None
[2024-12-18T20:38:19.334+0000] {processor.py:208} INFO - Processing /home/ubuntu/demo8/lib/python3.12/site-packages/airflow/example_dags/example_dataset_alias.py took 0.115 seconds
[2024-12-18T20:39:15.484+0000] {processor.py:186} INFO - Started process (PID=4237) to work on /home/ubuntu/demo8/lib/python3.12/site-packages/airflow/example_dags/example_dataset_alias.py
[2024-12-18T20:39:15.486+0000] {processor.py:914} INFO - Processing file /home/ubuntu/demo8/lib/python3.12/site-packages/airflow/example_dags/example_dataset_alias.py for tasks to queue
[2024-12-18T20:39:15.488+0000] {logging_mixin.py:190} INFO - [2024-12-18T20:39:15.488+0000] {dagbag.py:588} INFO - Filling up the DagBag from /home/ubuntu/demo8/lib/python3.12/site-packages/airflow/example_dags/example_dataset_alias.py
[2024-12-18T20:39:15.516+0000] {processor.py:925} INFO - DAG(s) 'dataset_s3_bucket_consumer', 'dataset_alias_example_alias_consumer', 'dataset_s3_bucket_producer', 'dataset_alias_example_alias_producer' retrieved from /home/ubuntu/demo8/lib/python3.12/site-packages/airflow/example_dags/example_dataset_alias.py
[2024-12-18T20:39:15.536+0000] {logging_mixin.py:190} INFO - [2024-12-18T20:39:15.536+0000] {dag.py:3239} INFO - Sync 4 DAGs
[2024-12-18T20:39:15.557+0000] {logging_mixin.py:190} INFO - [2024-12-18T20:39:15.557+0000] {dag.py:4180} INFO - Setting next_dagrun for dataset_alias_example_alias_consumer to None, run_after=None
[2024-12-18T20:39:15.560+0000] {logging_mixin.py:190} INFO - [2024-12-18T20:39:15.559+0000] {dag.py:4180} INFO - Setting next_dagrun for dataset_alias_example_alias_producer to None, run_after=None
[2024-12-18T20:39:15.561+0000] {logging_mixin.py:190} INFO - [2024-12-18T20:39:15.561+0000] {dag.py:4180} INFO - Setting next_dagrun for dataset_s3_bucket_consumer to None, run_after=None
[2024-12-18T20:39:15.562+0000] {logging_mixin.py:190} INFO - [2024-12-18T20:39:15.562+0000] {dag.py:4180} INFO - Setting next_dagrun for dataset_s3_bucket_producer to None, run_after=None
[2024-12-18T20:39:15.588+0000] {processor.py:208} INFO - Processing /home/ubuntu/demo8/lib/python3.12/site-packages/airflow/example_dags/example_dataset_alias.py took 0.110 seconds
[2024-12-18T20:40:11.087+0000] {processor.py:186} INFO - Started process (PID=4432) to work on /home/ubuntu/demo8/lib/python3.12/site-packages/airflow/example_dags/example_dataset_alias.py
[2024-12-18T20:40:11.088+0000] {processor.py:914} INFO - Processing file /home/ubuntu/demo8/lib/python3.12/site-packages/airflow/example_dags/example_dataset_alias.py for tasks to queue
[2024-12-18T20:40:11.091+0000] {logging_mixin.py:190} INFO - [2024-12-18T20:40:11.091+0000] {dagbag.py:588} INFO - Filling up the DagBag from /home/ubuntu/demo8/lib/python3.12/site-packages/airflow/example_dags/example_dataset_alias.py
[2024-12-18T20:40:11.118+0000] {processor.py:925} INFO - DAG(s) 'dataset_s3_bucket_producer', 'dataset_s3_bucket_consumer', 'dataset_alias_example_alias_producer', 'dataset_alias_example_alias_consumer' retrieved from /home/ubuntu/demo8/lib/python3.12/site-packages/airflow/example_dags/example_dataset_alias.py
[2024-12-18T20:40:11.140+0000] {logging_mixin.py:190} INFO - [2024-12-18T20:40:11.139+0000] {dag.py:3239} INFO - Sync 4 DAGs
[2024-12-18T20:40:11.162+0000] {logging_mixin.py:190} INFO - [2024-12-18T20:40:11.162+0000] {dag.py:4180} INFO - Setting next_dagrun for dataset_alias_example_alias_consumer to None, run_after=None
[2024-12-18T20:40:11.164+0000] {logging_mixin.py:190} INFO - [2024-12-18T20:40:11.164+0000] {dag.py:4180} INFO - Setting next_dagrun for dataset_alias_example_alias_producer to None, run_after=None
[2024-12-18T20:40:11.166+0000] {logging_mixin.py:190} INFO - [2024-12-18T20:40:11.165+0000] {dag.py:4180} INFO - Setting next_dagrun for dataset_s3_bucket_consumer to None, run_after=None
[2024-12-18T20:40:11.167+0000] {logging_mixin.py:190} INFO - [2024-12-18T20:40:11.167+0000] {dag.py:4180} INFO - Setting next_dagrun for dataset_s3_bucket_producer to None, run_after=None
[2024-12-18T20:40:11.193+0000] {processor.py:208} INFO - Processing /home/ubuntu/demo8/lib/python3.12/site-packages/airflow/example_dags/example_dataset_alias.py took 0.113 seconds
[2024-12-18T20:41:08.142+0000] {processor.py:186} INFO - Started process (PID=4551) to work on /home/ubuntu/demo8/lib/python3.12/site-packages/airflow/example_dags/example_dataset_alias.py
[2024-12-18T20:41:08.144+0000] {processor.py:914} INFO - Processing file /home/ubuntu/demo8/lib/python3.12/site-packages/airflow/example_dags/example_dataset_alias.py for tasks to queue
[2024-12-18T20:41:08.147+0000] {logging_mixin.py:190} INFO - [2024-12-18T20:41:08.146+0000] {dagbag.py:588} INFO - Filling up the DagBag from /home/ubuntu/demo8/lib/python3.12/site-packages/airflow/example_dags/example_dataset_alias.py
[2024-12-18T20:41:08.173+0000] {processor.py:925} INFO - DAG(s) 'dataset_alias_example_alias_consumer', 'dataset_alias_example_alias_producer', 'dataset_s3_bucket_consumer', 'dataset_s3_bucket_producer' retrieved from /home/ubuntu/demo8/lib/python3.12/site-packages/airflow/example_dags/example_dataset_alias.py
[2024-12-18T20:41:08.193+0000] {logging_mixin.py:190} INFO - [2024-12-18T20:41:08.193+0000] {dag.py:3239} INFO - Sync 4 DAGs
[2024-12-18T20:41:08.218+0000] {logging_mixin.py:190} INFO - [2024-12-18T20:41:08.218+0000] {dag.py:4180} INFO - Setting next_dagrun for dataset_alias_example_alias_consumer to None, run_after=None
[2024-12-18T20:41:08.223+0000] {logging_mixin.py:190} INFO - [2024-12-18T20:41:08.223+0000] {dag.py:4180} INFO - Setting next_dagrun for dataset_alias_example_alias_producer to None, run_after=None
[2024-12-18T20:41:08.228+0000] {logging_mixin.py:190} INFO - [2024-12-18T20:41:08.227+0000] {dag.py:4180} INFO - Setting next_dagrun for dataset_s3_bucket_consumer to None, run_after=None
[2024-12-18T20:41:08.230+0000] {logging_mixin.py:190} INFO - [2024-12-18T20:41:08.230+0000] {dag.py:4180} INFO - Setting next_dagrun for dataset_s3_bucket_producer to None, run_after=None
[2024-12-18T20:41:08.265+0000] {processor.py:208} INFO - Processing /home/ubuntu/demo8/lib/python3.12/site-packages/airflow/example_dags/example_dataset_alias.py took 0.128 seconds
[2024-12-18T20:42:27.236+0000] {processor.py:186} INFO - Started process (PID=4755) to work on /home/ubuntu/demo8/lib/python3.12/site-packages/airflow/example_dags/example_dataset_alias.py
[2024-12-18T20:42:27.238+0000] {processor.py:914} INFO - Processing file /home/ubuntu/demo8/lib/python3.12/site-packages/airflow/example_dags/example_dataset_alias.py for tasks to queue
[2024-12-18T20:42:27.240+0000] {logging_mixin.py:190} INFO - [2024-12-18T20:42:27.240+0000] {dagbag.py:588} INFO - Filling up the DagBag from /home/ubuntu/demo8/lib/python3.12/site-packages/airflow/example_dags/example_dataset_alias.py
[2024-12-18T20:42:27.267+0000] {processor.py:925} INFO - DAG(s) 'dataset_alias_example_alias_consumer', 'dataset_s3_bucket_consumer', 'dataset_s3_bucket_producer', 'dataset_alias_example_alias_producer' retrieved from /home/ubuntu/demo8/lib/python3.12/site-packages/airflow/example_dags/example_dataset_alias.py
[2024-12-18T20:42:27.287+0000] {logging_mixin.py:190} INFO - [2024-12-18T20:42:27.286+0000] {dag.py:3239} INFO - Sync 4 DAGs
[2024-12-18T20:42:27.308+0000] {logging_mixin.py:190} INFO - [2024-12-18T20:42:27.308+0000] {dag.py:4180} INFO - Setting next_dagrun for dataset_alias_example_alias_consumer to None, run_after=None
[2024-12-18T20:42:27.310+0000] {logging_mixin.py:190} INFO - [2024-12-18T20:42:27.310+0000] {dag.py:4180} INFO - Setting next_dagrun for dataset_alias_example_alias_producer to None, run_after=None
[2024-12-18T20:42:27.311+0000] {logging_mixin.py:190} INFO - [2024-12-18T20:42:27.311+0000] {dag.py:4180} INFO - Setting next_dagrun for dataset_s3_bucket_consumer to None, run_after=None
[2024-12-18T20:42:27.312+0000] {logging_mixin.py:190} INFO - [2024-12-18T20:42:27.312+0000] {dag.py:4180} INFO - Setting next_dagrun for dataset_s3_bucket_producer to None, run_after=None
[2024-12-18T20:42:27.339+0000] {processor.py:208} INFO - Processing /home/ubuntu/demo8/lib/python3.12/site-packages/airflow/example_dags/example_dataset_alias.py took 0.109 seconds
[2024-12-18T20:43:21.702+0000] {processor.py:186} INFO - Started process (PID=4871) to work on /home/ubuntu/demo8/lib/python3.12/site-packages/airflow/example_dags/example_dataset_alias.py
[2024-12-18T20:43:21.704+0000] {processor.py:914} INFO - Processing file /home/ubuntu/demo8/lib/python3.12/site-packages/airflow/example_dags/example_dataset_alias.py for tasks to queue
[2024-12-18T20:43:21.707+0000] {logging_mixin.py:190} INFO - [2024-12-18T20:43:21.706+0000] {dagbag.py:588} INFO - Filling up the DagBag from /home/ubuntu/demo8/lib/python3.12/site-packages/airflow/example_dags/example_dataset_alias.py
[2024-12-18T20:43:21.734+0000] {processor.py:925} INFO - DAG(s) 'dataset_s3_bucket_consumer', 'dataset_alias_example_alias_consumer', 'dataset_s3_bucket_producer', 'dataset_alias_example_alias_producer' retrieved from /home/ubuntu/demo8/lib/python3.12/site-packages/airflow/example_dags/example_dataset_alias.py
[2024-12-18T20:43:21.755+0000] {logging_mixin.py:190} INFO - [2024-12-18T20:43:21.755+0000] {dag.py:3239} INFO - Sync 4 DAGs
[2024-12-18T20:43:21.778+0000] {logging_mixin.py:190} INFO - [2024-12-18T20:43:21.777+0000] {dag.py:4180} INFO - Setting next_dagrun for dataset_alias_example_alias_consumer to None, run_after=None
[2024-12-18T20:43:21.780+0000] {logging_mixin.py:190} INFO - [2024-12-18T20:43:21.780+0000] {dag.py:4180} INFO - Setting next_dagrun for dataset_alias_example_alias_producer to None, run_after=None
[2024-12-18T20:43:21.782+0000] {logging_mixin.py:190} INFO - [2024-12-18T20:43:21.782+0000] {dag.py:4180} INFO - Setting next_dagrun for dataset_s3_bucket_consumer to None, run_after=None
[2024-12-18T20:43:21.783+0000] {logging_mixin.py:190} INFO - [2024-12-18T20:43:21.783+0000] {dag.py:4180} INFO - Setting next_dagrun for dataset_s3_bucket_producer to None, run_after=None
[2024-12-18T20:43:21.809+0000] {processor.py:208} INFO - Processing /home/ubuntu/demo8/lib/python3.12/site-packages/airflow/example_dags/example_dataset_alias.py took 0.113 seconds
[2024-12-18T20:44:41.782+0000] {processor.py:186} INFO - Started process (PID=5076) to work on /home/ubuntu/demo8/lib/python3.12/site-packages/airflow/example_dags/example_dataset_alias.py
[2024-12-18T20:44:41.783+0000] {processor.py:914} INFO - Processing file /home/ubuntu/demo8/lib/python3.12/site-packages/airflow/example_dags/example_dataset_alias.py for tasks to queue
[2024-12-18T20:44:41.786+0000] {logging_mixin.py:190} INFO - [2024-12-18T20:44:41.785+0000] {dagbag.py:588} INFO - Filling up the DagBag from /home/ubuntu/demo8/lib/python3.12/site-packages/airflow/example_dags/example_dataset_alias.py
[2024-12-18T20:44:41.813+0000] {processor.py:925} INFO - DAG(s) 'dataset_alias_example_alias_producer', 'dataset_s3_bucket_producer', 'dataset_alias_example_alias_consumer', 'dataset_s3_bucket_consumer' retrieved from /home/ubuntu/demo8/lib/python3.12/site-packages/airflow/example_dags/example_dataset_alias.py
[2024-12-18T20:44:41.834+0000] {logging_mixin.py:190} INFO - [2024-12-18T20:44:41.833+0000] {dag.py:3239} INFO - Sync 4 DAGs
[2024-12-18T20:44:41.856+0000] {logging_mixin.py:190} INFO - [2024-12-18T20:44:41.856+0000] {dag.py:4180} INFO - Setting next_dagrun for dataset_alias_example_alias_consumer to None, run_after=None
[2024-12-18T20:44:41.858+0000] {logging_mixin.py:190} INFO - [2024-12-18T20:44:41.858+0000] {dag.py:4180} INFO - Setting next_dagrun for dataset_alias_example_alias_producer to None, run_after=None
[2024-12-18T20:44:41.859+0000] {logging_mixin.py:190} INFO - [2024-12-18T20:44:41.859+0000] {dag.py:4180} INFO - Setting next_dagrun for dataset_s3_bucket_consumer to None, run_after=None
[2024-12-18T20:44:41.861+0000] {logging_mixin.py:190} INFO - [2024-12-18T20:44:41.861+0000] {dag.py:4180} INFO - Setting next_dagrun for dataset_s3_bucket_producer to None, run_after=None
[2024-12-18T20:44:41.888+0000] {processor.py:208} INFO - Processing /home/ubuntu/demo8/lib/python3.12/site-packages/airflow/example_dags/example_dataset_alias.py took 0.113 seconds
[2024-12-18T20:47:45.578+0000] {processor.py:186} INFO - Started process (PID=5854) to work on /home/ubuntu/demo8/lib/python3.12/site-packages/airflow/example_dags/example_dataset_alias.py
[2024-12-18T20:47:45.579+0000] {processor.py:914} INFO - Processing file /home/ubuntu/demo8/lib/python3.12/site-packages/airflow/example_dags/example_dataset_alias.py for tasks to queue
[2024-12-18T20:47:45.582+0000] {logging_mixin.py:190} INFO - [2024-12-18T20:47:45.582+0000] {dagbag.py:588} INFO - Filling up the DagBag from /home/ubuntu/demo8/lib/python3.12/site-packages/airflow/example_dags/example_dataset_alias.py
[2024-12-18T20:47:45.610+0000] {processor.py:925} INFO - DAG(s) 'dataset_alias_example_alias_producer', 'dataset_s3_bucket_consumer', 'dataset_s3_bucket_producer', 'dataset_alias_example_alias_consumer' retrieved from /home/ubuntu/demo8/lib/python3.12/site-packages/airflow/example_dags/example_dataset_alias.py
[2024-12-18T20:47:45.630+0000] {logging_mixin.py:190} INFO - [2024-12-18T20:47:45.630+0000] {dag.py:3239} INFO - Sync 4 DAGs
[2024-12-18T20:47:45.652+0000] {logging_mixin.py:190} INFO - [2024-12-18T20:47:45.652+0000] {dag.py:4180} INFO - Setting next_dagrun for dataset_alias_example_alias_consumer to None, run_after=None
[2024-12-18T20:47:45.655+0000] {logging_mixin.py:190} INFO - [2024-12-18T20:47:45.654+0000] {dag.py:4180} INFO - Setting next_dagrun for dataset_alias_example_alias_producer to None, run_after=None
[2024-12-18T20:47:45.656+0000] {logging_mixin.py:190} INFO - [2024-12-18T20:47:45.656+0000] {dag.py:4180} INFO - Setting next_dagrun for dataset_s3_bucket_consumer to None, run_after=None
[2024-12-18T20:47:45.657+0000] {logging_mixin.py:190} INFO - [2024-12-18T20:47:45.657+0000] {dag.py:4180} INFO - Setting next_dagrun for dataset_s3_bucket_producer to None, run_after=None
[2024-12-18T20:47:45.683+0000] {processor.py:208} INFO - Processing /home/ubuntu/demo8/lib/python3.12/site-packages/airflow/example_dags/example_dataset_alias.py took 0.111 seconds
[2024-12-18T20:48:43.754+0000] {processor.py:186} INFO - Started process (PID=6276) to work on /home/ubuntu/demo8/lib/python3.12/site-packages/airflow/example_dags/example_dataset_alias.py
[2024-12-18T20:48:43.756+0000] {processor.py:914} INFO - Processing file /home/ubuntu/demo8/lib/python3.12/site-packages/airflow/example_dags/example_dataset_alias.py for tasks to queue
[2024-12-18T20:48:43.759+0000] {logging_mixin.py:190} INFO - [2024-12-18T20:48:43.758+0000] {dagbag.py:588} INFO - Filling up the DagBag from /home/ubuntu/demo8/lib/python3.12/site-packages/airflow/example_dags/example_dataset_alias.py
[2024-12-18T20:48:43.786+0000] {processor.py:925} INFO - DAG(s) 'dataset_s3_bucket_consumer', 'dataset_alias_example_alias_consumer', 'dataset_alias_example_alias_producer', 'dataset_s3_bucket_producer' retrieved from /home/ubuntu/demo8/lib/python3.12/site-packages/airflow/example_dags/example_dataset_alias.py
[2024-12-18T20:48:43.808+0000] {logging_mixin.py:190} INFO - [2024-12-18T20:48:43.808+0000] {dag.py:3239} INFO - Sync 4 DAGs
[2024-12-18T20:48:43.830+0000] {logging_mixin.py:190} INFO - [2024-12-18T20:48:43.830+0000] {dag.py:4180} INFO - Setting next_dagrun for dataset_alias_example_alias_consumer to None, run_after=None
[2024-12-18T20:48:43.835+0000] {logging_mixin.py:190} INFO - [2024-12-18T20:48:43.834+0000] {dag.py:4180} INFO - Setting next_dagrun for dataset_alias_example_alias_producer to None, run_after=None
[2024-12-18T20:48:43.836+0000] {logging_mixin.py:190} INFO - [2024-12-18T20:48:43.836+0000] {dag.py:4180} INFO - Setting next_dagrun for dataset_s3_bucket_consumer to None, run_after=None
[2024-12-18T20:48:43.837+0000] {logging_mixin.py:190} INFO - [2024-12-18T20:48:43.837+0000] {dag.py:4180} INFO - Setting next_dagrun for dataset_s3_bucket_producer to None, run_after=None
[2024-12-18T20:48:43.864+0000] {processor.py:208} INFO - Processing /home/ubuntu/demo8/lib/python3.12/site-packages/airflow/example_dags/example_dataset_alias.py took 0.116 seconds
[2024-12-18T20:49:40.471+0000] {processor.py:186} INFO - Started process (PID=6454) to work on /home/ubuntu/demo8/lib/python3.12/site-packages/airflow/example_dags/example_dataset_alias.py
[2024-12-18T20:49:40.472+0000] {processor.py:914} INFO - Processing file /home/ubuntu/demo8/lib/python3.12/site-packages/airflow/example_dags/example_dataset_alias.py for tasks to queue
[2024-12-18T20:49:40.475+0000] {logging_mixin.py:190} INFO - [2024-12-18T20:49:40.475+0000] {dagbag.py:588} INFO - Filling up the DagBag from /home/ubuntu/demo8/lib/python3.12/site-packages/airflow/example_dags/example_dataset_alias.py
[2024-12-18T20:49:40.501+0000] {processor.py:925} INFO - DAG(s) 'dataset_alias_example_alias_consumer', 'dataset_alias_example_alias_producer', 'dataset_s3_bucket_producer', 'dataset_s3_bucket_consumer' retrieved from /home/ubuntu/demo8/lib/python3.12/site-packages/airflow/example_dags/example_dataset_alias.py
[2024-12-18T20:49:40.522+0000] {logging_mixin.py:190} INFO - [2024-12-18T20:49:40.522+0000] {dag.py:3239} INFO - Sync 4 DAGs
[2024-12-18T20:49:40.553+0000] {logging_mixin.py:190} INFO - [2024-12-18T20:49:40.552+0000] {dag.py:4180} INFO - Setting next_dagrun for dataset_alias_example_alias_consumer to None, run_after=None
[2024-12-18T20:49:40.555+0000] {logging_mixin.py:190} INFO - [2024-12-18T20:49:40.555+0000] {dag.py:4180} INFO - Setting next_dagrun for dataset_alias_example_alias_producer to None, run_after=None
[2024-12-18T20:49:40.556+0000] {logging_mixin.py:190} INFO - [2024-12-18T20:49:40.556+0000] {dag.py:4180} INFO - Setting next_dagrun for dataset_s3_bucket_consumer to None, run_after=None
[2024-12-18T20:49:40.557+0000] {logging_mixin.py:190} INFO - [2024-12-18T20:49:40.557+0000] {dag.py:4180} INFO - Setting next_dagrun for dataset_s3_bucket_producer to None, run_after=None
[2024-12-18T20:49:40.586+0000] {processor.py:208} INFO - Processing /home/ubuntu/demo8/lib/python3.12/site-packages/airflow/example_dags/example_dataset_alias.py took 0.121 seconds
[2024-12-18T20:50:38.631+0000] {processor.py:186} INFO - Started process (PID=6818) to work on /home/ubuntu/demo8/lib/python3.12/site-packages/airflow/example_dags/example_dataset_alias.py
[2024-12-18T20:50:38.633+0000] {processor.py:914} INFO - Processing file /home/ubuntu/demo8/lib/python3.12/site-packages/airflow/example_dags/example_dataset_alias.py for tasks to queue
[2024-12-18T20:50:38.635+0000] {logging_mixin.py:190} INFO - [2024-12-18T20:50:38.635+0000] {dagbag.py:588} INFO - Filling up the DagBag from /home/ubuntu/demo8/lib/python3.12/site-packages/airflow/example_dags/example_dataset_alias.py
[2024-12-18T20:50:38.685+0000] {processor.py:925} INFO - DAG(s) 'dataset_s3_bucket_producer', 'dataset_alias_example_alias_producer', 'dataset_s3_bucket_consumer', 'dataset_alias_example_alias_consumer' retrieved from /home/ubuntu/demo8/lib/python3.12/site-packages/airflow/example_dags/example_dataset_alias.py
[2024-12-18T20:50:38.706+0000] {logging_mixin.py:190} INFO - [2024-12-18T20:50:38.706+0000] {dag.py:3239} INFO - Sync 4 DAGs
[2024-12-18T20:50:38.728+0000] {logging_mixin.py:190} INFO - [2024-12-18T20:50:38.728+0000] {dag.py:4180} INFO - Setting next_dagrun for dataset_alias_example_alias_consumer to None, run_after=None
[2024-12-18T20:50:38.731+0000] {logging_mixin.py:190} INFO - [2024-12-18T20:50:38.731+0000] {dag.py:4180} INFO - Setting next_dagrun for dataset_alias_example_alias_producer to None, run_after=None
[2024-12-18T20:50:38.732+0000] {logging_mixin.py:190} INFO - [2024-12-18T20:50:38.732+0000] {dag.py:4180} INFO - Setting next_dagrun for dataset_s3_bucket_consumer to None, run_after=None
[2024-12-18T20:50:38.733+0000] {logging_mixin.py:190} INFO - [2024-12-18T20:50:38.733+0000] {dag.py:4180} INFO - Setting next_dagrun for dataset_s3_bucket_producer to None, run_after=None
[2024-12-18T20:50:38.759+0000] {processor.py:208} INFO - Processing /home/ubuntu/demo8/lib/python3.12/site-packages/airflow/example_dags/example_dataset_alias.py took 0.134 seconds
