[2024-12-18T15:44:29.329+0000] {processor.py:186} INFO - Started process (PID=3654) to work on /home/ubuntu/demo8/lib/python3.12/site-packages/airflow/example_dags/example_short_circuit_decorator.py
[2024-12-18T15:44:29.329+0000] {processor.py:914} INFO - Processing file /home/ubuntu/demo8/lib/python3.12/site-packages/airflow/example_dags/example_short_circuit_decorator.py for tasks to queue
[2024-12-18T15:44:29.332+0000] {logging_mixin.py:190} INFO - [2024-12-18T15:44:29.331+0000] {dagbag.py:588} INFO - Filling up the DagBag from /home/ubuntu/demo8/lib/python3.12/site-packages/airflow/example_dags/example_short_circuit_decorator.py
[2024-12-18T15:44:29.343+0000] {processor.py:925} INFO - DAG(s) 'example_short_circuit_decorator' retrieved from /home/ubuntu/demo8/lib/python3.12/site-packages/airflow/example_dags/example_short_circuit_decorator.py
[2024-12-18T15:44:29.465+0000] {logging_mixin.py:190} INFO - [2024-12-18T15:44:29.464+0000] {override.py:1911} INFO - Created Permission View: can read on DAG:example_short_circuit_decorator
[2024-12-18T15:44:29.478+0000] {logging_mixin.py:190} INFO - [2024-12-18T15:44:29.477+0000] {override.py:1911} INFO - Created Permission View: can delete on DAG:example_short_circuit_decorator
[2024-12-18T15:44:29.487+0000] {logging_mixin.py:190} INFO - [2024-12-18T15:44:29.487+0000] {override.py:1911} INFO - Created Permission View: can edit on DAG:example_short_circuit_decorator
[2024-12-18T15:44:29.502+0000] {logging_mixin.py:190} INFO - [2024-12-18T15:44:29.502+0000] {override.py:1911} INFO - Created Permission View: can create on DAG Run:example_short_circuit_decorator
[2024-12-18T15:44:29.511+0000] {logging_mixin.py:190} INFO - [2024-12-18T15:44:29.511+0000] {override.py:1911} INFO - Created Permission View: can read on DAG Run:example_short_circuit_decorator
[2024-12-18T15:44:29.520+0000] {logging_mixin.py:190} INFO - [2024-12-18T15:44:29.520+0000] {override.py:1911} INFO - Created Permission View: menu access on DAG Run:example_short_circuit_decorator
[2024-12-18T15:44:29.530+0000] {logging_mixin.py:190} INFO - [2024-12-18T15:44:29.530+0000] {override.py:1911} INFO - Created Permission View: can delete on DAG Run:example_short_circuit_decorator
[2024-12-18T15:44:29.531+0000] {logging_mixin.py:190} INFO - [2024-12-18T15:44:29.530+0000] {dag.py:3239} INFO - Sync 1 DAGs
[2024-12-18T15:44:29.544+0000] {logging_mixin.py:190} INFO - [2024-12-18T15:44:29.544+0000] {dag.py:3262} INFO - Creating ORM DAG for example_short_circuit_decorator
[2024-12-18T15:44:29.545+0000] {logging_mixin.py:190} INFO - [2024-12-18T15:44:29.545+0000] {dag.py:4180} INFO - Setting next_dagrun for example_short_circuit_decorator to None, run_after=None
[2024-12-18T15:44:29.565+0000] {processor.py:208} INFO - Processing /home/ubuntu/demo8/lib/python3.12/site-packages/airflow/example_dags/example_short_circuit_decorator.py took 0.243 seconds
[2024-12-18T15:45:35.486+0000] {processor.py:186} INFO - Started process (PID=3751) to work on /home/ubuntu/demo8/lib/python3.12/site-packages/airflow/example_dags/example_short_circuit_decorator.py
[2024-12-18T15:45:35.487+0000] {processor.py:914} INFO - Processing file /home/ubuntu/demo8/lib/python3.12/site-packages/airflow/example_dags/example_short_circuit_decorator.py for tasks to queue
[2024-12-18T15:45:35.489+0000] {logging_mixin.py:190} INFO - [2024-12-18T15:45:35.489+0000] {dagbag.py:588} INFO - Filling up the DagBag from /home/ubuntu/demo8/lib/python3.12/site-packages/airflow/example_dags/example_short_circuit_decorator.py
[2024-12-18T15:45:35.500+0000] {processor.py:925} INFO - DAG(s) 'example_short_circuit_decorator' retrieved from /home/ubuntu/demo8/lib/python3.12/site-packages/airflow/example_dags/example_short_circuit_decorator.py
[2024-12-18T15:45:35.535+0000] {logging_mixin.py:190} INFO - [2024-12-18T15:45:35.534+0000] {dag.py:3239} INFO - Sync 1 DAGs
[2024-12-18T15:45:35.563+0000] {logging_mixin.py:190} INFO - [2024-12-18T15:45:35.562+0000] {dag.py:4180} INFO - Setting next_dagrun for example_short_circuit_decorator to None, run_after=None
[2024-12-18T15:45:35.607+0000] {processor.py:208} INFO - Processing /home/ubuntu/demo8/lib/python3.12/site-packages/airflow/example_dags/example_short_circuit_decorator.py took 0.127 seconds
[2024-12-18T15:46:34.096+0000] {processor.py:186} INFO - Started process (PID=3812) to work on /home/ubuntu/demo8/lib/python3.12/site-packages/airflow/example_dags/example_short_circuit_decorator.py
[2024-12-18T15:46:34.098+0000] {processor.py:914} INFO - Processing file /home/ubuntu/demo8/lib/python3.12/site-packages/airflow/example_dags/example_short_circuit_decorator.py for tasks to queue
[2024-12-18T15:46:34.100+0000] {logging_mixin.py:190} INFO - [2024-12-18T15:46:34.100+0000] {dagbag.py:588} INFO - Filling up the DagBag from /home/ubuntu/demo8/lib/python3.12/site-packages/airflow/example_dags/example_short_circuit_decorator.py
[2024-12-18T15:46:34.112+0000] {processor.py:925} INFO - DAG(s) 'example_short_circuit_decorator' retrieved from /home/ubuntu/demo8/lib/python3.12/site-packages/airflow/example_dags/example_short_circuit_decorator.py
[2024-12-18T15:46:34.132+0000] {logging_mixin.py:190} INFO - [2024-12-18T15:46:34.132+0000] {dag.py:3239} INFO - Sync 1 DAGs
[2024-12-18T15:46:34.146+0000] {logging_mixin.py:190} INFO - [2024-12-18T15:46:34.146+0000] {dag.py:4180} INFO - Setting next_dagrun for example_short_circuit_decorator to None, run_after=None
[2024-12-18T15:46:34.169+0000] {processor.py:208} INFO - Processing /home/ubuntu/demo8/lib/python3.12/site-packages/airflow/example_dags/example_short_circuit_decorator.py took 0.079 seconds
[2024-12-18T15:47:28.633+0000] {processor.py:186} INFO - Started process (PID=4275) to work on /home/ubuntu/demo8/lib/python3.12/site-packages/airflow/example_dags/example_short_circuit_decorator.py
[2024-12-18T15:47:28.635+0000] {processor.py:914} INFO - Processing file /home/ubuntu/demo8/lib/python3.12/site-packages/airflow/example_dags/example_short_circuit_decorator.py for tasks to queue
[2024-12-18T15:47:28.637+0000] {logging_mixin.py:190} INFO - [2024-12-18T15:47:28.637+0000] {dagbag.py:588} INFO - Filling up the DagBag from /home/ubuntu/demo8/lib/python3.12/site-packages/airflow/example_dags/example_short_circuit_decorator.py
[2024-12-18T15:47:28.648+0000] {processor.py:925} INFO - DAG(s) 'example_short_circuit_decorator' retrieved from /home/ubuntu/demo8/lib/python3.12/site-packages/airflow/example_dags/example_short_circuit_decorator.py
[2024-12-18T15:47:28.669+0000] {logging_mixin.py:190} INFO - [2024-12-18T15:47:28.668+0000] {dag.py:3239} INFO - Sync 1 DAGs
[2024-12-18T15:47:28.683+0000] {logging_mixin.py:190} INFO - [2024-12-18T15:47:28.682+0000] {dag.py:4180} INFO - Setting next_dagrun for example_short_circuit_decorator to None, run_after=None
[2024-12-18T15:47:28.706+0000] {processor.py:208} INFO - Processing /home/ubuntu/demo8/lib/python3.12/site-packages/airflow/example_dags/example_short_circuit_decorator.py took 0.079 seconds
[2024-12-18T15:48:22.902+0000] {processor.py:186} INFO - Started process (PID=4331) to work on /home/ubuntu/demo8/lib/python3.12/site-packages/airflow/example_dags/example_short_circuit_decorator.py
[2024-12-18T15:48:22.904+0000] {processor.py:914} INFO - Processing file /home/ubuntu/demo8/lib/python3.12/site-packages/airflow/example_dags/example_short_circuit_decorator.py for tasks to queue
[2024-12-18T15:48:22.906+0000] {logging_mixin.py:190} INFO - [2024-12-18T15:48:22.906+0000] {dagbag.py:588} INFO - Filling up the DagBag from /home/ubuntu/demo8/lib/python3.12/site-packages/airflow/example_dags/example_short_circuit_decorator.py
[2024-12-18T15:48:22.918+0000] {processor.py:925} INFO - DAG(s) 'example_short_circuit_decorator' retrieved from /home/ubuntu/demo8/lib/python3.12/site-packages/airflow/example_dags/example_short_circuit_decorator.py
[2024-12-18T15:48:22.938+0000] {logging_mixin.py:190} INFO - [2024-12-18T15:48:22.938+0000] {dag.py:3239} INFO - Sync 1 DAGs
[2024-12-18T15:48:22.952+0000] {logging_mixin.py:190} INFO - [2024-12-18T15:48:22.952+0000] {dag.py:4180} INFO - Setting next_dagrun for example_short_circuit_decorator to None, run_after=None
[2024-12-18T15:48:22.974+0000] {processor.py:208} INFO - Processing /home/ubuntu/demo8/lib/python3.12/site-packages/airflow/example_dags/example_short_circuit_decorator.py took 0.078 seconds
[2024-12-18T15:49:18.889+0000] {processor.py:186} INFO - Started process (PID=4385) to work on /home/ubuntu/demo8/lib/python3.12/site-packages/airflow/example_dags/example_short_circuit_decorator.py
[2024-12-18T15:49:18.890+0000] {processor.py:914} INFO - Processing file /home/ubuntu/demo8/lib/python3.12/site-packages/airflow/example_dags/example_short_circuit_decorator.py for tasks to queue
[2024-12-18T15:49:18.893+0000] {logging_mixin.py:190} INFO - [2024-12-18T15:49:18.893+0000] {dagbag.py:588} INFO - Filling up the DagBag from /home/ubuntu/demo8/lib/python3.12/site-packages/airflow/example_dags/example_short_circuit_decorator.py
[2024-12-18T15:49:18.904+0000] {processor.py:925} INFO - DAG(s) 'example_short_circuit_decorator' retrieved from /home/ubuntu/demo8/lib/python3.12/site-packages/airflow/example_dags/example_short_circuit_decorator.py
[2024-12-18T15:49:18.925+0000] {logging_mixin.py:190} INFO - [2024-12-18T15:49:18.925+0000] {dag.py:3239} INFO - Sync 1 DAGs
[2024-12-18T15:49:19.070+0000] {logging_mixin.py:190} INFO - [2024-12-18T15:49:19.069+0000] {dag.py:4180} INFO - Setting next_dagrun for example_short_circuit_decorator to None, run_after=None
[2024-12-18T15:49:19.095+0000] {processor.py:208} INFO - Processing /home/ubuntu/demo8/lib/python3.12/site-packages/airflow/example_dags/example_short_circuit_decorator.py took 0.212 seconds
[2024-12-18T15:50:21.925+0000] {processor.py:186} INFO - Started process (PID=4447) to work on /home/ubuntu/demo8/lib/python3.12/site-packages/airflow/example_dags/example_short_circuit_decorator.py
[2024-12-18T15:50:21.928+0000] {processor.py:914} INFO - Processing file /home/ubuntu/demo8/lib/python3.12/site-packages/airflow/example_dags/example_short_circuit_decorator.py for tasks to queue
[2024-12-18T15:50:21.933+0000] {logging_mixin.py:190} INFO - [2024-12-18T15:50:21.931+0000] {dagbag.py:588} INFO - Filling up the DagBag from /home/ubuntu/demo8/lib/python3.12/site-packages/airflow/example_dags/example_short_circuit_decorator.py
[2024-12-18T15:50:21.952+0000] {processor.py:925} INFO - DAG(s) 'example_short_circuit_decorator' retrieved from /home/ubuntu/demo8/lib/python3.12/site-packages/airflow/example_dags/example_short_circuit_decorator.py
[2024-12-18T15:50:21.973+0000] {logging_mixin.py:190} INFO - [2024-12-18T15:50:21.972+0000] {dag.py:3239} INFO - Sync 1 DAGs
[2024-12-18T15:50:21.987+0000] {logging_mixin.py:190} INFO - [2024-12-18T15:50:21.987+0000] {dag.py:4180} INFO - Setting next_dagrun for example_short_circuit_decorator to None, run_after=None
[2024-12-18T15:50:22.010+0000] {processor.py:208} INFO - Processing /home/ubuntu/demo8/lib/python3.12/site-packages/airflow/example_dags/example_short_circuit_decorator.py took 0.091 seconds
[2024-12-18T15:51:17.476+0000] {processor.py:186} INFO - Started process (PID=4517) to work on /home/ubuntu/demo8/lib/python3.12/site-packages/airflow/example_dags/example_short_circuit_decorator.py
[2024-12-18T15:51:17.478+0000] {processor.py:914} INFO - Processing file /home/ubuntu/demo8/lib/python3.12/site-packages/airflow/example_dags/example_short_circuit_decorator.py for tasks to queue
[2024-12-18T15:51:17.480+0000] {logging_mixin.py:190} INFO - [2024-12-18T15:51:17.480+0000] {dagbag.py:588} INFO - Filling up the DagBag from /home/ubuntu/demo8/lib/python3.12/site-packages/airflow/example_dags/example_short_circuit_decorator.py
[2024-12-18T15:51:17.492+0000] {processor.py:925} INFO - DAG(s) 'example_short_circuit_decorator' retrieved from /home/ubuntu/demo8/lib/python3.12/site-packages/airflow/example_dags/example_short_circuit_decorator.py
[2024-12-18T15:51:17.513+0000] {logging_mixin.py:190} INFO - [2024-12-18T15:51:17.512+0000] {dag.py:3239} INFO - Sync 1 DAGs
[2024-12-18T15:51:17.527+0000] {logging_mixin.py:190} INFO - [2024-12-18T15:51:17.526+0000] {dag.py:4180} INFO - Setting next_dagrun for example_short_circuit_decorator to None, run_after=None
[2024-12-18T15:51:17.550+0000] {processor.py:208} INFO - Processing /home/ubuntu/demo8/lib/python3.12/site-packages/airflow/example_dags/example_short_circuit_decorator.py took 0.080 seconds
[2024-12-18T15:52:08.150+0000] {processor.py:186} INFO - Started process (PID=4570) to work on /home/ubuntu/demo8/lib/python3.12/site-packages/airflow/example_dags/example_short_circuit_decorator.py
[2024-12-18T15:52:08.152+0000] {processor.py:914} INFO - Processing file /home/ubuntu/demo8/lib/python3.12/site-packages/airflow/example_dags/example_short_circuit_decorator.py for tasks to queue
[2024-12-18T15:52:08.154+0000] {logging_mixin.py:190} INFO - [2024-12-18T15:52:08.153+0000] {dagbag.py:588} INFO - Filling up the DagBag from /home/ubuntu/demo8/lib/python3.12/site-packages/airflow/example_dags/example_short_circuit_decorator.py
[2024-12-18T15:52:08.166+0000] {processor.py:925} INFO - DAG(s) 'example_short_circuit_decorator' retrieved from /home/ubuntu/demo8/lib/python3.12/site-packages/airflow/example_dags/example_short_circuit_decorator.py
[2024-12-18T15:52:08.187+0000] {logging_mixin.py:190} INFO - [2024-12-18T15:52:08.187+0000] {dag.py:3239} INFO - Sync 1 DAGs
[2024-12-18T15:52:08.201+0000] {logging_mixin.py:190} INFO - [2024-12-18T15:52:08.201+0000] {dag.py:4180} INFO - Setting next_dagrun for example_short_circuit_decorator to None, run_after=None
[2024-12-18T15:52:08.224+0000] {processor.py:208} INFO - Processing /home/ubuntu/demo8/lib/python3.12/site-packages/airflow/example_dags/example_short_circuit_decorator.py took 0.081 seconds
[2024-12-18T15:53:03.578+0000] {processor.py:186} INFO - Started process (PID=4628) to work on /home/ubuntu/demo8/lib/python3.12/site-packages/airflow/example_dags/example_short_circuit_decorator.py
[2024-12-18T15:53:03.579+0000] {processor.py:914} INFO - Processing file /home/ubuntu/demo8/lib/python3.12/site-packages/airflow/example_dags/example_short_circuit_decorator.py for tasks to queue
[2024-12-18T15:53:03.582+0000] {logging_mixin.py:190} INFO - [2024-12-18T15:53:03.581+0000] {dagbag.py:588} INFO - Filling up the DagBag from /home/ubuntu/demo8/lib/python3.12/site-packages/airflow/example_dags/example_short_circuit_decorator.py
[2024-12-18T15:53:03.593+0000] {processor.py:925} INFO - DAG(s) 'example_short_circuit_decorator' retrieved from /home/ubuntu/demo8/lib/python3.12/site-packages/airflow/example_dags/example_short_circuit_decorator.py
[2024-12-18T15:53:03.614+0000] {logging_mixin.py:190} INFO - [2024-12-18T15:53:03.614+0000] {dag.py:3239} INFO - Sync 1 DAGs
[2024-12-18T15:53:03.628+0000] {logging_mixin.py:190} INFO - [2024-12-18T15:53:03.628+0000] {dag.py:4180} INFO - Setting next_dagrun for example_short_circuit_decorator to None, run_after=None
[2024-12-18T15:53:03.651+0000] {processor.py:208} INFO - Processing /home/ubuntu/demo8/lib/python3.12/site-packages/airflow/example_dags/example_short_circuit_decorator.py took 0.079 seconds
[2024-12-18T15:53:59.177+0000] {processor.py:186} INFO - Started process (PID=4697) to work on /home/ubuntu/demo8/lib/python3.12/site-packages/airflow/example_dags/example_short_circuit_decorator.py
[2024-12-18T15:53:59.179+0000] {processor.py:914} INFO - Processing file /home/ubuntu/demo8/lib/python3.12/site-packages/airflow/example_dags/example_short_circuit_decorator.py for tasks to queue
[2024-12-18T15:53:59.181+0000] {logging_mixin.py:190} INFO - [2024-12-18T15:53:59.180+0000] {dagbag.py:588} INFO - Filling up the DagBag from /home/ubuntu/demo8/lib/python3.12/site-packages/airflow/example_dags/example_short_circuit_decorator.py
[2024-12-18T15:53:59.192+0000] {processor.py:925} INFO - DAG(s) 'example_short_circuit_decorator' retrieved from /home/ubuntu/demo8/lib/python3.12/site-packages/airflow/example_dags/example_short_circuit_decorator.py
[2024-12-18T15:53:59.213+0000] {logging_mixin.py:190} INFO - [2024-12-18T15:53:59.213+0000] {dag.py:3239} INFO - Sync 1 DAGs
[2024-12-18T15:53:59.227+0000] {logging_mixin.py:190} INFO - [2024-12-18T15:53:59.227+0000] {dag.py:4180} INFO - Setting next_dagrun for example_short_circuit_decorator to None, run_after=None
[2024-12-18T15:53:59.249+0000] {processor.py:208} INFO - Processing /home/ubuntu/demo8/lib/python3.12/site-packages/airflow/example_dags/example_short_circuit_decorator.py took 0.078 seconds
[2024-12-18T15:54:42.351+0000] {processor.py:186} INFO - Started process (PID=4755) to work on /home/ubuntu/demo8/lib/python3.12/site-packages/airflow/example_dags/example_short_circuit_decorator.py
[2024-12-18T15:54:42.353+0000] {processor.py:914} INFO - Processing file /home/ubuntu/demo8/lib/python3.12/site-packages/airflow/example_dags/example_short_circuit_decorator.py for tasks to queue
[2024-12-18T15:54:42.355+0000] {logging_mixin.py:190} INFO - [2024-12-18T15:54:42.355+0000] {dagbag.py:588} INFO - Filling up the DagBag from /home/ubuntu/demo8/lib/python3.12/site-packages/airflow/example_dags/example_short_circuit_decorator.py
[2024-12-18T15:54:42.366+0000] {processor.py:925} INFO - DAG(s) 'example_short_circuit_decorator' retrieved from /home/ubuntu/demo8/lib/python3.12/site-packages/airflow/example_dags/example_short_circuit_decorator.py
[2024-12-18T15:54:42.389+0000] {logging_mixin.py:190} INFO - [2024-12-18T15:54:42.388+0000] {dag.py:3239} INFO - Sync 1 DAGs
[2024-12-18T15:54:42.402+0000] {logging_mixin.py:190} INFO - [2024-12-18T15:54:42.402+0000] {dag.py:4180} INFO - Setting next_dagrun for example_short_circuit_decorator to None, run_after=None
[2024-12-18T15:54:42.426+0000] {processor.py:208} INFO - Processing /home/ubuntu/demo8/lib/python3.12/site-packages/airflow/example_dags/example_short_circuit_decorator.py took 0.081 seconds
[2024-12-18T15:55:40.459+0000] {processor.py:186} INFO - Started process (PID=4818) to work on /home/ubuntu/demo8/lib/python3.12/site-packages/airflow/example_dags/example_short_circuit_decorator.py
[2024-12-18T15:55:40.461+0000] {processor.py:914} INFO - Processing file /home/ubuntu/demo8/lib/python3.12/site-packages/airflow/example_dags/example_short_circuit_decorator.py for tasks to queue
[2024-12-18T15:55:40.463+0000] {logging_mixin.py:190} INFO - [2024-12-18T15:55:40.462+0000] {dagbag.py:588} INFO - Filling up the DagBag from /home/ubuntu/demo8/lib/python3.12/site-packages/airflow/example_dags/example_short_circuit_decorator.py
[2024-12-18T15:55:40.474+0000] {processor.py:925} INFO - DAG(s) 'example_short_circuit_decorator' retrieved from /home/ubuntu/demo8/lib/python3.12/site-packages/airflow/example_dags/example_short_circuit_decorator.py
[2024-12-18T15:55:40.495+0000] {logging_mixin.py:190} INFO - [2024-12-18T15:55:40.495+0000] {dag.py:3239} INFO - Sync 1 DAGs
[2024-12-18T15:55:40.508+0000] {logging_mixin.py:190} INFO - [2024-12-18T15:55:40.508+0000] {dag.py:4180} INFO - Setting next_dagrun for example_short_circuit_decorator to None, run_after=None
[2024-12-18T15:55:40.532+0000] {processor.py:208} INFO - Processing /home/ubuntu/demo8/lib/python3.12/site-packages/airflow/example_dags/example_short_circuit_decorator.py took 0.079 seconds
[2024-12-18T15:56:33.214+0000] {processor.py:186} INFO - Started process (PID=4873) to work on /home/ubuntu/demo8/lib/python3.12/site-packages/airflow/example_dags/example_short_circuit_decorator.py
[2024-12-18T15:56:33.215+0000] {processor.py:914} INFO - Processing file /home/ubuntu/demo8/lib/python3.12/site-packages/airflow/example_dags/example_short_circuit_decorator.py for tasks to queue
[2024-12-18T15:56:33.218+0000] {logging_mixin.py:190} INFO - [2024-12-18T15:56:33.217+0000] {dagbag.py:588} INFO - Filling up the DagBag from /home/ubuntu/demo8/lib/python3.12/site-packages/airflow/example_dags/example_short_circuit_decorator.py
[2024-12-18T15:56:33.229+0000] {processor.py:925} INFO - DAG(s) 'example_short_circuit_decorator' retrieved from /home/ubuntu/demo8/lib/python3.12/site-packages/airflow/example_dags/example_short_circuit_decorator.py
[2024-12-18T15:56:33.250+0000] {logging_mixin.py:190} INFO - [2024-12-18T15:56:33.250+0000] {dag.py:3239} INFO - Sync 1 DAGs
[2024-12-18T15:56:33.264+0000] {logging_mixin.py:190} INFO - [2024-12-18T15:56:33.264+0000] {dag.py:4180} INFO - Setting next_dagrun for example_short_circuit_decorator to None, run_after=None
[2024-12-18T15:56:33.287+0000] {processor.py:208} INFO - Processing /home/ubuntu/demo8/lib/python3.12/site-packages/airflow/example_dags/example_short_circuit_decorator.py took 0.080 seconds
[2024-12-18T15:57:09.875+0000] {processor.py:186} INFO - Started process (PID=4905) to work on /home/ubuntu/demo8/lib/python3.12/site-packages/airflow/example_dags/example_short_circuit_decorator.py
[2024-12-18T15:57:09.876+0000] {processor.py:914} INFO - Processing file /home/ubuntu/demo8/lib/python3.12/site-packages/airflow/example_dags/example_short_circuit_decorator.py for tasks to queue
[2024-12-18T15:57:09.879+0000] {logging_mixin.py:190} INFO - [2024-12-18T15:57:09.878+0000] {dagbag.py:588} INFO - Filling up the DagBag from /home/ubuntu/demo8/lib/python3.12/site-packages/airflow/example_dags/example_short_circuit_decorator.py
[2024-12-18T15:57:09.890+0000] {processor.py:925} INFO - DAG(s) 'example_short_circuit_decorator' retrieved from /home/ubuntu/demo8/lib/python3.12/site-packages/airflow/example_dags/example_short_circuit_decorator.py
[2024-12-18T15:57:09.913+0000] {logging_mixin.py:190} INFO - [2024-12-18T15:57:09.913+0000] {dag.py:3239} INFO - Sync 1 DAGs
[2024-12-18T15:57:09.927+0000] {logging_mixin.py:190} INFO - [2024-12-18T15:57:09.926+0000] {dag.py:4180} INFO - Setting next_dagrun for example_short_circuit_decorator to None, run_after=None
[2024-12-18T15:57:09.952+0000] {processor.py:208} INFO - Processing /home/ubuntu/demo8/lib/python3.12/site-packages/airflow/example_dags/example_short_circuit_decorator.py took 0.083 seconds
[2024-12-18T15:58:07.976+0000] {processor.py:186} INFO - Started process (PID=4963) to work on /home/ubuntu/demo8/lib/python3.12/site-packages/airflow/example_dags/example_short_circuit_decorator.py
[2024-12-18T15:58:07.977+0000] {processor.py:914} INFO - Processing file /home/ubuntu/demo8/lib/python3.12/site-packages/airflow/example_dags/example_short_circuit_decorator.py for tasks to queue
[2024-12-18T15:58:07.979+0000] {logging_mixin.py:190} INFO - [2024-12-18T15:58:07.979+0000] {dagbag.py:588} INFO - Filling up the DagBag from /home/ubuntu/demo8/lib/python3.12/site-packages/airflow/example_dags/example_short_circuit_decorator.py
[2024-12-18T15:58:07.990+0000] {processor.py:925} INFO - DAG(s) 'example_short_circuit_decorator' retrieved from /home/ubuntu/demo8/lib/python3.12/site-packages/airflow/example_dags/example_short_circuit_decorator.py
[2024-12-18T15:58:08.011+0000] {logging_mixin.py:190} INFO - [2024-12-18T15:58:08.011+0000] {dag.py:3239} INFO - Sync 1 DAGs
[2024-12-18T15:58:08.024+0000] {logging_mixin.py:190} INFO - [2024-12-18T15:58:08.024+0000] {dag.py:4180} INFO - Setting next_dagrun for example_short_circuit_decorator to None, run_after=None
[2024-12-18T15:58:08.046+0000] {processor.py:208} INFO - Processing /home/ubuntu/demo8/lib/python3.12/site-packages/airflow/example_dags/example_short_circuit_decorator.py took 0.077 seconds
[2024-12-18T15:59:00.723+0000] {processor.py:186} INFO - Started process (PID=5018) to work on /home/ubuntu/demo8/lib/python3.12/site-packages/airflow/example_dags/example_short_circuit_decorator.py
[2024-12-18T15:59:00.725+0000] {processor.py:914} INFO - Processing file /home/ubuntu/demo8/lib/python3.12/site-packages/airflow/example_dags/example_short_circuit_decorator.py for tasks to queue
[2024-12-18T15:59:00.727+0000] {logging_mixin.py:190} INFO - [2024-12-18T15:59:00.726+0000] {dagbag.py:588} INFO - Filling up the DagBag from /home/ubuntu/demo8/lib/python3.12/site-packages/airflow/example_dags/example_short_circuit_decorator.py
[2024-12-18T15:59:00.738+0000] {processor.py:925} INFO - DAG(s) 'example_short_circuit_decorator' retrieved from /home/ubuntu/demo8/lib/python3.12/site-packages/airflow/example_dags/example_short_circuit_decorator.py
[2024-12-18T15:59:00.760+0000] {logging_mixin.py:190} INFO - [2024-12-18T15:59:00.760+0000] {dag.py:3239} INFO - Sync 1 DAGs
[2024-12-18T15:59:00.773+0000] {logging_mixin.py:190} INFO - [2024-12-18T15:59:00.773+0000] {dag.py:4180} INFO - Setting next_dagrun for example_short_circuit_decorator to None, run_after=None
[2024-12-18T15:59:00.796+0000] {processor.py:208} INFO - Processing /home/ubuntu/demo8/lib/python3.12/site-packages/airflow/example_dags/example_short_circuit_decorator.py took 0.079 seconds
[2024-12-18T16:00:08.689+0000] {processor.py:186} INFO - Started process (PID=5086) to work on /home/ubuntu/demo8/lib/python3.12/site-packages/airflow/example_dags/example_short_circuit_decorator.py
[2024-12-18T16:00:08.690+0000] {processor.py:914} INFO - Processing file /home/ubuntu/demo8/lib/python3.12/site-packages/airflow/example_dags/example_short_circuit_decorator.py for tasks to queue
[2024-12-18T16:00:08.693+0000] {logging_mixin.py:190} INFO - [2024-12-18T16:00:08.692+0000] {dagbag.py:588} INFO - Filling up the DagBag from /home/ubuntu/demo8/lib/python3.12/site-packages/airflow/example_dags/example_short_circuit_decorator.py
[2024-12-18T16:00:08.704+0000] {processor.py:925} INFO - DAG(s) 'example_short_circuit_decorator' retrieved from /home/ubuntu/demo8/lib/python3.12/site-packages/airflow/example_dags/example_short_circuit_decorator.py
[2024-12-18T16:00:08.727+0000] {logging_mixin.py:190} INFO - [2024-12-18T16:00:08.727+0000] {dag.py:3239} INFO - Sync 1 DAGs
[2024-12-18T16:00:08.741+0000] {logging_mixin.py:190} INFO - [2024-12-18T16:00:08.741+0000] {dag.py:4180} INFO - Setting next_dagrun for example_short_circuit_decorator to None, run_after=None
[2024-12-18T16:00:08.766+0000] {processor.py:208} INFO - Processing /home/ubuntu/demo8/lib/python3.12/site-packages/airflow/example_dags/example_short_circuit_decorator.py took 0.083 seconds
[2024-12-18T16:01:06.786+0000] {processor.py:186} INFO - Started process (PID=5148) to work on /home/ubuntu/demo8/lib/python3.12/site-packages/airflow/example_dags/example_short_circuit_decorator.py
[2024-12-18T16:01:06.788+0000] {processor.py:914} INFO - Processing file /home/ubuntu/demo8/lib/python3.12/site-packages/airflow/example_dags/example_short_circuit_decorator.py for tasks to queue
[2024-12-18T16:01:06.790+0000] {logging_mixin.py:190} INFO - [2024-12-18T16:01:06.789+0000] {dagbag.py:588} INFO - Filling up the DagBag from /home/ubuntu/demo8/lib/python3.12/site-packages/airflow/example_dags/example_short_circuit_decorator.py
[2024-12-18T16:01:06.801+0000] {processor.py:925} INFO - DAG(s) 'example_short_circuit_decorator' retrieved from /home/ubuntu/demo8/lib/python3.12/site-packages/airflow/example_dags/example_short_circuit_decorator.py
[2024-12-18T16:01:06.822+0000] {logging_mixin.py:190} INFO - [2024-12-18T16:01:06.822+0000] {dag.py:3239} INFO - Sync 1 DAGs
[2024-12-18T16:01:06.836+0000] {logging_mixin.py:190} INFO - [2024-12-18T16:01:06.835+0000] {dag.py:4180} INFO - Setting next_dagrun for example_short_circuit_decorator to None, run_after=None
[2024-12-18T16:01:06.859+0000] {processor.py:208} INFO - Processing /home/ubuntu/demo8/lib/python3.12/site-packages/airflow/example_dags/example_short_circuit_decorator.py took 0.078 seconds
[2024-12-18T16:01:59.453+0000] {processor.py:186} INFO - Started process (PID=5204) to work on /home/ubuntu/demo8/lib/python3.12/site-packages/airflow/example_dags/example_short_circuit_decorator.py
[2024-12-18T16:01:59.455+0000] {processor.py:914} INFO - Processing file /home/ubuntu/demo8/lib/python3.12/site-packages/airflow/example_dags/example_short_circuit_decorator.py for tasks to queue
[2024-12-18T16:01:59.457+0000] {logging_mixin.py:190} INFO - [2024-12-18T16:01:59.456+0000] {dagbag.py:588} INFO - Filling up the DagBag from /home/ubuntu/demo8/lib/python3.12/site-packages/airflow/example_dags/example_short_circuit_decorator.py
[2024-12-18T16:01:59.469+0000] {processor.py:925} INFO - DAG(s) 'example_short_circuit_decorator' retrieved from /home/ubuntu/demo8/lib/python3.12/site-packages/airflow/example_dags/example_short_circuit_decorator.py
[2024-12-18T16:01:59.490+0000] {logging_mixin.py:190} INFO - [2024-12-18T16:01:59.490+0000] {dag.py:3239} INFO - Sync 1 DAGs
[2024-12-18T16:01:59.505+0000] {logging_mixin.py:190} INFO - [2024-12-18T16:01:59.505+0000] {dag.py:4180} INFO - Setting next_dagrun for example_short_circuit_decorator to None, run_after=None
[2024-12-18T16:01:59.529+0000] {processor.py:208} INFO - Processing /home/ubuntu/demo8/lib/python3.12/site-packages/airflow/example_dags/example_short_circuit_decorator.py took 0.089 seconds
[2024-12-18T16:02:53.222+0000] {processor.py:186} INFO - Started process (PID=5259) to work on /home/ubuntu/demo8/lib/python3.12/site-packages/airflow/example_dags/example_short_circuit_decorator.py
[2024-12-18T16:02:53.224+0000] {processor.py:914} INFO - Processing file /home/ubuntu/demo8/lib/python3.12/site-packages/airflow/example_dags/example_short_circuit_decorator.py for tasks to queue
[2024-12-18T16:02:53.226+0000] {logging_mixin.py:190} INFO - [2024-12-18T16:02:53.226+0000] {dagbag.py:588} INFO - Filling up the DagBag from /home/ubuntu/demo8/lib/python3.12/site-packages/airflow/example_dags/example_short_circuit_decorator.py
[2024-12-18T16:02:53.237+0000] {processor.py:925} INFO - DAG(s) 'example_short_circuit_decorator' retrieved from /home/ubuntu/demo8/lib/python3.12/site-packages/airflow/example_dags/example_short_circuit_decorator.py
[2024-12-18T16:02:53.257+0000] {logging_mixin.py:190} INFO - [2024-12-18T16:02:53.257+0000] {dag.py:3239} INFO - Sync 1 DAGs
[2024-12-18T16:02:53.271+0000] {logging_mixin.py:190} INFO - [2024-12-18T16:02:53.271+0000] {dag.py:4180} INFO - Setting next_dagrun for example_short_circuit_decorator to None, run_after=None
[2024-12-18T16:02:53.293+0000] {processor.py:208} INFO - Processing /home/ubuntu/demo8/lib/python3.12/site-packages/airflow/example_dags/example_short_circuit_decorator.py took 0.077 seconds
[2024-12-18T16:03:47.929+0000] {processor.py:186} INFO - Started process (PID=5314) to work on /home/ubuntu/demo8/lib/python3.12/site-packages/airflow/example_dags/example_short_circuit_decorator.py
[2024-12-18T16:03:47.931+0000] {processor.py:914} INFO - Processing file /home/ubuntu/demo8/lib/python3.12/site-packages/airflow/example_dags/example_short_circuit_decorator.py for tasks to queue
[2024-12-18T16:03:47.933+0000] {logging_mixin.py:190} INFO - [2024-12-18T16:03:47.932+0000] {dagbag.py:588} INFO - Filling up the DagBag from /home/ubuntu/demo8/lib/python3.12/site-packages/airflow/example_dags/example_short_circuit_decorator.py
[2024-12-18T16:03:47.944+0000] {processor.py:925} INFO - DAG(s) 'example_short_circuit_decorator' retrieved from /home/ubuntu/demo8/lib/python3.12/site-packages/airflow/example_dags/example_short_circuit_decorator.py
[2024-12-18T16:03:47.964+0000] {logging_mixin.py:190} INFO - [2024-12-18T16:03:47.964+0000] {dag.py:3239} INFO - Sync 1 DAGs
[2024-12-18T16:03:47.978+0000] {logging_mixin.py:190} INFO - [2024-12-18T16:03:47.977+0000] {dag.py:4180} INFO - Setting next_dagrun for example_short_circuit_decorator to None, run_after=None
[2024-12-18T16:03:48.000+0000] {processor.py:208} INFO - Processing /home/ubuntu/demo8/lib/python3.12/site-packages/airflow/example_dags/example_short_circuit_decorator.py took 0.077 seconds
[2024-12-18T20:29:35.694+0000] {processor.py:186} INFO - Started process (PID=2741) to work on /home/ubuntu/demo8/lib/python3.12/site-packages/airflow/example_dags/example_short_circuit_decorator.py
[2024-12-18T20:29:35.696+0000] {processor.py:914} INFO - Processing file /home/ubuntu/demo8/lib/python3.12/site-packages/airflow/example_dags/example_short_circuit_decorator.py for tasks to queue
[2024-12-18T20:29:35.699+0000] {logging_mixin.py:190} INFO - [2024-12-18T20:29:35.699+0000] {dagbag.py:588} INFO - Filling up the DagBag from /home/ubuntu/demo8/lib/python3.12/site-packages/airflow/example_dags/example_short_circuit_decorator.py
[2024-12-18T20:29:35.710+0000] {processor.py:925} INFO - DAG(s) 'example_short_circuit_decorator' retrieved from /home/ubuntu/demo8/lib/python3.12/site-packages/airflow/example_dags/example_short_circuit_decorator.py
[2024-12-18T20:29:35.732+0000] {logging_mixin.py:190} INFO - [2024-12-18T20:29:35.732+0000] {dag.py:3239} INFO - Sync 1 DAGs
[2024-12-18T20:29:35.745+0000] {logging_mixin.py:190} INFO - [2024-12-18T20:29:35.745+0000] {dag.py:4180} INFO - Setting next_dagrun for example_short_circuit_decorator to None, run_after=None
[2024-12-18T20:29:35.770+0000] {processor.py:208} INFO - Processing /home/ubuntu/demo8/lib/python3.12/site-packages/airflow/example_dags/example_short_circuit_decorator.py took 0.082 seconds
[2024-12-18T20:30:33.822+0000] {processor.py:186} INFO - Started process (PID=2925) to work on /home/ubuntu/demo8/lib/python3.12/site-packages/airflow/example_dags/example_short_circuit_decorator.py
[2024-12-18T20:30:33.824+0000] {processor.py:914} INFO - Processing file /home/ubuntu/demo8/lib/python3.12/site-packages/airflow/example_dags/example_short_circuit_decorator.py for tasks to queue
[2024-12-18T20:30:33.827+0000] {logging_mixin.py:190} INFO - [2024-12-18T20:30:33.826+0000] {dagbag.py:588} INFO - Filling up the DagBag from /home/ubuntu/demo8/lib/python3.12/site-packages/airflow/example_dags/example_short_circuit_decorator.py
[2024-12-18T20:30:33.839+0000] {processor.py:925} INFO - DAG(s) 'example_short_circuit_decorator' retrieved from /home/ubuntu/demo8/lib/python3.12/site-packages/airflow/example_dags/example_short_circuit_decorator.py
[2024-12-18T20:30:33.860+0000] {logging_mixin.py:190} INFO - [2024-12-18T20:30:33.860+0000] {dag.py:3239} INFO - Sync 1 DAGs
[2024-12-18T20:30:33.875+0000] {logging_mixin.py:190} INFO - [2024-12-18T20:30:33.874+0000] {dag.py:4180} INFO - Setting next_dagrun for example_short_circuit_decorator to None, run_after=None
[2024-12-18T20:30:33.900+0000] {processor.py:208} INFO - Processing /home/ubuntu/demo8/lib/python3.12/site-packages/airflow/example_dags/example_short_circuit_decorator.py took 0.084 seconds
[2024-12-18T20:31:29.341+0000] {processor.py:186} INFO - Started process (PID=3140) to work on /home/ubuntu/demo8/lib/python3.12/site-packages/airflow/example_dags/example_short_circuit_decorator.py
[2024-12-18T20:31:29.342+0000] {processor.py:914} INFO - Processing file /home/ubuntu/demo8/lib/python3.12/site-packages/airflow/example_dags/example_short_circuit_decorator.py for tasks to queue
[2024-12-18T20:31:29.344+0000] {logging_mixin.py:190} INFO - [2024-12-18T20:31:29.344+0000] {dagbag.py:588} INFO - Filling up the DagBag from /home/ubuntu/demo8/lib/python3.12/site-packages/airflow/example_dags/example_short_circuit_decorator.py
[2024-12-18T20:31:29.356+0000] {processor.py:925} INFO - DAG(s) 'example_short_circuit_decorator' retrieved from /home/ubuntu/demo8/lib/python3.12/site-packages/airflow/example_dags/example_short_circuit_decorator.py
[2024-12-18T20:31:29.387+0000] {logging_mixin.py:190} INFO - [2024-12-18T20:31:29.386+0000] {dag.py:3239} INFO - Sync 1 DAGs
[2024-12-18T20:31:29.400+0000] {logging_mixin.py:190} INFO - [2024-12-18T20:31:29.400+0000] {dag.py:4180} INFO - Setting next_dagrun for example_short_circuit_decorator to None, run_after=None
[2024-12-18T20:31:29.423+0000] {processor.py:208} INFO - Processing /home/ubuntu/demo8/lib/python3.12/site-packages/airflow/example_dags/example_short_circuit_decorator.py took 0.088 seconds
[2024-12-18T20:32:24.592+0000] {processor.py:186} INFO - Started process (PID=3343) to work on /home/ubuntu/demo8/lib/python3.12/site-packages/airflow/example_dags/example_short_circuit_decorator.py
[2024-12-18T20:32:24.594+0000] {processor.py:914} INFO - Processing file /home/ubuntu/demo8/lib/python3.12/site-packages/airflow/example_dags/example_short_circuit_decorator.py for tasks to queue
[2024-12-18T20:32:24.596+0000] {logging_mixin.py:190} INFO - [2024-12-18T20:32:24.596+0000] {dagbag.py:588} INFO - Filling up the DagBag from /home/ubuntu/demo8/lib/python3.12/site-packages/airflow/example_dags/example_short_circuit_decorator.py
[2024-12-18T20:32:24.608+0000] {processor.py:925} INFO - DAG(s) 'example_short_circuit_decorator' retrieved from /home/ubuntu/demo8/lib/python3.12/site-packages/airflow/example_dags/example_short_circuit_decorator.py
[2024-12-18T20:32:24.628+0000] {logging_mixin.py:190} INFO - [2024-12-18T20:32:24.628+0000] {dag.py:3239} INFO - Sync 1 DAGs
[2024-12-18T20:32:24.642+0000] {logging_mixin.py:190} INFO - [2024-12-18T20:32:24.642+0000] {dag.py:4180} INFO - Setting next_dagrun for example_short_circuit_decorator to None, run_after=None
[2024-12-18T20:32:24.665+0000] {processor.py:208} INFO - Processing /home/ubuntu/demo8/lib/python3.12/site-packages/airflow/example_dags/example_short_circuit_decorator.py took 0.079 seconds
[2024-12-18T20:33:19.664+0000] {processor.py:186} INFO - Started process (PID=3511) to work on /home/ubuntu/demo8/lib/python3.12/site-packages/airflow/example_dags/example_short_circuit_decorator.py
[2024-12-18T20:33:19.665+0000] {processor.py:914} INFO - Processing file /home/ubuntu/demo8/lib/python3.12/site-packages/airflow/example_dags/example_short_circuit_decorator.py for tasks to queue
[2024-12-18T20:33:19.667+0000] {logging_mixin.py:190} INFO - [2024-12-18T20:33:19.667+0000] {dagbag.py:588} INFO - Filling up the DagBag from /home/ubuntu/demo8/lib/python3.12/site-packages/airflow/example_dags/example_short_circuit_decorator.py
[2024-12-18T20:33:19.679+0000] {processor.py:925} INFO - DAG(s) 'example_short_circuit_decorator' retrieved from /home/ubuntu/demo8/lib/python3.12/site-packages/airflow/example_dags/example_short_circuit_decorator.py
[2024-12-18T20:33:19.708+0000] {logging_mixin.py:190} INFO - [2024-12-18T20:33:19.707+0000] {dag.py:3239} INFO - Sync 1 DAGs
[2024-12-18T20:33:19.722+0000] {logging_mixin.py:190} INFO - [2024-12-18T20:33:19.722+0000] {dag.py:4180} INFO - Setting next_dagrun for example_short_circuit_decorator to None, run_after=None
[2024-12-18T20:33:19.744+0000] {processor.py:208} INFO - Processing /home/ubuntu/demo8/lib/python3.12/site-packages/airflow/example_dags/example_short_circuit_decorator.py took 0.086 seconds
[2024-12-18T20:34:19.275+0000] {processor.py:186} INFO - Started process (PID=3628) to work on /home/ubuntu/demo8/lib/python3.12/site-packages/airflow/example_dags/example_short_circuit_decorator.py
[2024-12-18T20:34:19.276+0000] {processor.py:914} INFO - Processing file /home/ubuntu/demo8/lib/python3.12/site-packages/airflow/example_dags/example_short_circuit_decorator.py for tasks to queue
[2024-12-18T20:34:19.279+0000] {logging_mixin.py:190} INFO - [2024-12-18T20:34:19.278+0000] {dagbag.py:588} INFO - Filling up the DagBag from /home/ubuntu/demo8/lib/python3.12/site-packages/airflow/example_dags/example_short_circuit_decorator.py
[2024-12-18T20:34:19.291+0000] {processor.py:925} INFO - DAG(s) 'example_short_circuit_decorator' retrieved from /home/ubuntu/demo8/lib/python3.12/site-packages/airflow/example_dags/example_short_circuit_decorator.py
[2024-12-18T20:34:19.435+0000] {logging_mixin.py:190} INFO - [2024-12-18T20:34:19.434+0000] {dag.py:3239} INFO - Sync 1 DAGs
[2024-12-18T20:34:19.447+0000] {logging_mixin.py:190} INFO - [2024-12-18T20:34:19.446+0000] {dag.py:4180} INFO - Setting next_dagrun for example_short_circuit_decorator to None, run_after=None
[2024-12-18T20:34:19.468+0000] {processor.py:208} INFO - Processing /home/ubuntu/demo8/lib/python3.12/site-packages/airflow/example_dags/example_short_circuit_decorator.py took 0.200 seconds
[2024-12-18T20:35:24.056+0000] {processor.py:186} INFO - Started process (PID=3817) to work on /home/ubuntu/demo8/lib/python3.12/site-packages/airflow/example_dags/example_short_circuit_decorator.py
[2024-12-18T20:35:24.058+0000] {processor.py:914} INFO - Processing file /home/ubuntu/demo8/lib/python3.12/site-packages/airflow/example_dags/example_short_circuit_decorator.py for tasks to queue
[2024-12-18T20:35:24.060+0000] {logging_mixin.py:190} INFO - [2024-12-18T20:35:24.060+0000] {dagbag.py:588} INFO - Filling up the DagBag from /home/ubuntu/demo8/lib/python3.12/site-packages/airflow/example_dags/example_short_circuit_decorator.py
[2024-12-18T20:35:24.072+0000] {processor.py:925} INFO - DAG(s) 'example_short_circuit_decorator' retrieved from /home/ubuntu/demo8/lib/python3.12/site-packages/airflow/example_dags/example_short_circuit_decorator.py
[2024-12-18T20:35:24.093+0000] {logging_mixin.py:190} INFO - [2024-12-18T20:35:24.093+0000] {dag.py:3239} INFO - Sync 1 DAGs
[2024-12-18T20:35:24.108+0000] {logging_mixin.py:190} INFO - [2024-12-18T20:35:24.107+0000] {dag.py:4180} INFO - Setting next_dagrun for example_short_circuit_decorator to None, run_after=None
[2024-12-18T20:35:24.130+0000] {processor.py:208} INFO - Processing /home/ubuntu/demo8/lib/python3.12/site-packages/airflow/example_dags/example_short_circuit_decorator.py took 0.080 seconds
[2024-12-18T20:36:21.678+0000] {processor.py:186} INFO - Started process (PID=3937) to work on /home/ubuntu/demo8/lib/python3.12/site-packages/airflow/example_dags/example_short_circuit_decorator.py
[2024-12-18T20:36:21.680+0000] {processor.py:914} INFO - Processing file /home/ubuntu/demo8/lib/python3.12/site-packages/airflow/example_dags/example_short_circuit_decorator.py for tasks to queue
[2024-12-18T20:36:21.683+0000] {logging_mixin.py:190} INFO - [2024-12-18T20:36:21.682+0000] {dagbag.py:588} INFO - Filling up the DagBag from /home/ubuntu/demo8/lib/python3.12/site-packages/airflow/example_dags/example_short_circuit_decorator.py
[2024-12-18T20:36:21.694+0000] {processor.py:925} INFO - DAG(s) 'example_short_circuit_decorator' retrieved from /home/ubuntu/demo8/lib/python3.12/site-packages/airflow/example_dags/example_short_circuit_decorator.py
[2024-12-18T20:36:21.715+0000] {logging_mixin.py:190} INFO - [2024-12-18T20:36:21.715+0000] {dag.py:3239} INFO - Sync 1 DAGs
[2024-12-18T20:36:21.730+0000] {logging_mixin.py:190} INFO - [2024-12-18T20:36:21.729+0000] {dag.py:4180} INFO - Setting next_dagrun for example_short_circuit_decorator to None, run_after=None
[2024-12-18T20:36:21.753+0000] {processor.py:208} INFO - Processing /home/ubuntu/demo8/lib/python3.12/site-packages/airflow/example_dags/example_short_circuit_decorator.py took 0.080 seconds
[2024-12-18T20:37:18.517+0000] {processor.py:186} INFO - Started process (PID=4057) to work on /home/ubuntu/demo8/lib/python3.12/site-packages/airflow/example_dags/example_short_circuit_decorator.py
[2024-12-18T20:37:18.519+0000] {processor.py:914} INFO - Processing file /home/ubuntu/demo8/lib/python3.12/site-packages/airflow/example_dags/example_short_circuit_decorator.py for tasks to queue
[2024-12-18T20:37:18.522+0000] {logging_mixin.py:190} INFO - [2024-12-18T20:37:18.521+0000] {dagbag.py:588} INFO - Filling up the DagBag from /home/ubuntu/demo8/lib/python3.12/site-packages/airflow/example_dags/example_short_circuit_decorator.py
[2024-12-18T20:37:18.534+0000] {processor.py:925} INFO - DAG(s) 'example_short_circuit_decorator' retrieved from /home/ubuntu/demo8/lib/python3.12/site-packages/airflow/example_dags/example_short_circuit_decorator.py
[2024-12-18T20:37:18.555+0000] {logging_mixin.py:190} INFO - [2024-12-18T20:37:18.555+0000] {dag.py:3239} INFO - Sync 1 DAGs
[2024-12-18T20:37:18.569+0000] {logging_mixin.py:190} INFO - [2024-12-18T20:37:18.569+0000] {dag.py:4180} INFO - Setting next_dagrun for example_short_circuit_decorator to None, run_after=None
[2024-12-18T20:37:18.594+0000] {processor.py:208} INFO - Processing /home/ubuntu/demo8/lib/python3.12/site-packages/airflow/example_dags/example_short_circuit_decorator.py took 0.082 seconds
[2024-12-18T20:38:13.343+0000] {processor.py:186} INFO - Started process (PID=4112) to work on /home/ubuntu/demo8/lib/python3.12/site-packages/airflow/example_dags/example_short_circuit_decorator.py
[2024-12-18T20:38:13.345+0000] {processor.py:914} INFO - Processing file /home/ubuntu/demo8/lib/python3.12/site-packages/airflow/example_dags/example_short_circuit_decorator.py for tasks to queue
[2024-12-18T20:38:13.347+0000] {logging_mixin.py:190} INFO - [2024-12-18T20:38:13.347+0000] {dagbag.py:588} INFO - Filling up the DagBag from /home/ubuntu/demo8/lib/python3.12/site-packages/airflow/example_dags/example_short_circuit_decorator.py
[2024-12-18T20:38:13.358+0000] {processor.py:925} INFO - DAG(s) 'example_short_circuit_decorator' retrieved from /home/ubuntu/demo8/lib/python3.12/site-packages/airflow/example_dags/example_short_circuit_decorator.py
[2024-12-18T20:38:13.379+0000] {logging_mixin.py:190} INFO - [2024-12-18T20:38:13.379+0000] {dag.py:3239} INFO - Sync 1 DAGs
[2024-12-18T20:38:13.393+0000] {logging_mixin.py:190} INFO - [2024-12-18T20:38:13.393+0000] {dag.py:4180} INFO - Setting next_dagrun for example_short_circuit_decorator to None, run_after=None
[2024-12-18T20:38:13.415+0000] {processor.py:208} INFO - Processing /home/ubuntu/demo8/lib/python3.12/site-packages/airflow/example_dags/example_short_circuit_decorator.py took 0.078 seconds
[2024-12-18T20:39:09.806+0000] {processor.py:186} INFO - Started process (PID=4231) to work on /home/ubuntu/demo8/lib/python3.12/site-packages/airflow/example_dags/example_short_circuit_decorator.py
[2024-12-18T20:39:09.808+0000] {processor.py:914} INFO - Processing file /home/ubuntu/demo8/lib/python3.12/site-packages/airflow/example_dags/example_short_circuit_decorator.py for tasks to queue
[2024-12-18T20:39:09.810+0000] {logging_mixin.py:190} INFO - [2024-12-18T20:39:09.810+0000] {dagbag.py:588} INFO - Filling up the DagBag from /home/ubuntu/demo8/lib/python3.12/site-packages/airflow/example_dags/example_short_circuit_decorator.py
[2024-12-18T20:39:09.822+0000] {processor.py:925} INFO - DAG(s) 'example_short_circuit_decorator' retrieved from /home/ubuntu/demo8/lib/python3.12/site-packages/airflow/example_dags/example_short_circuit_decorator.py
[2024-12-18T20:39:09.843+0000] {logging_mixin.py:190} INFO - [2024-12-18T20:39:09.843+0000] {dag.py:3239} INFO - Sync 1 DAGs
[2024-12-18T20:39:09.857+0000] {logging_mixin.py:190} INFO - [2024-12-18T20:39:09.857+0000] {dag.py:4180} INFO - Setting next_dagrun for example_short_circuit_decorator to None, run_after=None
[2024-12-18T20:39:09.880+0000] {processor.py:208} INFO - Processing /home/ubuntu/demo8/lib/python3.12/site-packages/airflow/example_dags/example_short_circuit_decorator.py took 0.080 seconds
[2024-12-18T20:40:04.941+0000] {processor.py:186} INFO - Started process (PID=4408) to work on /home/ubuntu/demo8/lib/python3.12/site-packages/airflow/example_dags/example_short_circuit_decorator.py
[2024-12-18T20:40:04.943+0000] {processor.py:914} INFO - Processing file /home/ubuntu/demo8/lib/python3.12/site-packages/airflow/example_dags/example_short_circuit_decorator.py for tasks to queue
[2024-12-18T20:40:04.945+0000] {logging_mixin.py:190} INFO - [2024-12-18T20:40:04.945+0000] {dagbag.py:588} INFO - Filling up the DagBag from /home/ubuntu/demo8/lib/python3.12/site-packages/airflow/example_dags/example_short_circuit_decorator.py
[2024-12-18T20:40:04.958+0000] {processor.py:925} INFO - DAG(s) 'example_short_circuit_decorator' retrieved from /home/ubuntu/demo8/lib/python3.12/site-packages/airflow/example_dags/example_short_circuit_decorator.py
[2024-12-18T20:40:04.979+0000] {logging_mixin.py:190} INFO - [2024-12-18T20:40:04.979+0000] {dag.py:3239} INFO - Sync 1 DAGs
[2024-12-18T20:40:04.995+0000] {logging_mixin.py:190} INFO - [2024-12-18T20:40:04.995+0000] {dag.py:4180} INFO - Setting next_dagrun for example_short_circuit_decorator to None, run_after=None
[2024-12-18T20:40:05.018+0000] {processor.py:208} INFO - Processing /home/ubuntu/demo8/lib/python3.12/site-packages/airflow/example_dags/example_short_circuit_decorator.py took 0.083 seconds
[2024-12-18T20:41:02.988+0000] {processor.py:186} INFO - Started process (PID=4545) to work on /home/ubuntu/demo8/lib/python3.12/site-packages/airflow/example_dags/example_short_circuit_decorator.py
[2024-12-18T20:41:02.990+0000] {processor.py:914} INFO - Processing file /home/ubuntu/demo8/lib/python3.12/site-packages/airflow/example_dags/example_short_circuit_decorator.py for tasks to queue
[2024-12-18T20:41:02.992+0000] {logging_mixin.py:190} INFO - [2024-12-18T20:41:02.992+0000] {dagbag.py:588} INFO - Filling up the DagBag from /home/ubuntu/demo8/lib/python3.12/site-packages/airflow/example_dags/example_short_circuit_decorator.py
[2024-12-18T20:41:03.004+0000] {processor.py:925} INFO - DAG(s) 'example_short_circuit_decorator' retrieved from /home/ubuntu/demo8/lib/python3.12/site-packages/airflow/example_dags/example_short_circuit_decorator.py
[2024-12-18T20:41:03.025+0000] {logging_mixin.py:190} INFO - [2024-12-18T20:41:03.025+0000] {dag.py:3239} INFO - Sync 1 DAGs
[2024-12-18T20:41:03.039+0000] {logging_mixin.py:190} INFO - [2024-12-18T20:41:03.039+0000] {dag.py:4180} INFO - Setting next_dagrun for example_short_circuit_decorator to None, run_after=None
[2024-12-18T20:41:03.062+0000] {processor.py:208} INFO - Processing /home/ubuntu/demo8/lib/python3.12/site-packages/airflow/example_dags/example_short_circuit_decorator.py took 0.081 seconds
[2024-12-18T20:41:55.708+0000] {processor.py:186} INFO - Started process (PID=4664) to work on /home/ubuntu/demo8/lib/python3.12/site-packages/airflow/example_dags/example_short_circuit_decorator.py
[2024-12-18T20:41:55.709+0000] {processor.py:914} INFO - Processing file /home/ubuntu/demo8/lib/python3.12/site-packages/airflow/example_dags/example_short_circuit_decorator.py for tasks to queue
[2024-12-18T20:41:55.712+0000] {logging_mixin.py:190} INFO - [2024-12-18T20:41:55.712+0000] {dagbag.py:588} INFO - Filling up the DagBag from /home/ubuntu/demo8/lib/python3.12/site-packages/airflow/example_dags/example_short_circuit_decorator.py
[2024-12-18T20:41:55.724+0000] {processor.py:925} INFO - DAG(s) 'example_short_circuit_decorator' retrieved from /home/ubuntu/demo8/lib/python3.12/site-packages/airflow/example_dags/example_short_circuit_decorator.py
[2024-12-18T20:41:55.746+0000] {logging_mixin.py:190} INFO - [2024-12-18T20:41:55.746+0000] {dag.py:3239} INFO - Sync 1 DAGs
[2024-12-18T20:41:55.761+0000] {logging_mixin.py:190} INFO - [2024-12-18T20:41:55.761+0000] {dag.py:4180} INFO - Setting next_dagrun for example_short_circuit_decorator to None, run_after=None
[2024-12-18T20:41:55.784+0000] {processor.py:208} INFO - Processing /home/ubuntu/demo8/lib/python3.12/site-packages/airflow/example_dags/example_short_circuit_decorator.py took 0.090 seconds
[2024-12-18T20:42:48.767+0000] {processor.py:186} INFO - Started process (PID=4777) to work on /home/ubuntu/demo8/lib/python3.12/site-packages/airflow/example_dags/example_short_circuit_decorator.py
[2024-12-18T20:42:48.769+0000] {processor.py:914} INFO - Processing file /home/ubuntu/demo8/lib/python3.12/site-packages/airflow/example_dags/example_short_circuit_decorator.py for tasks to queue
[2024-12-18T20:42:48.771+0000] {logging_mixin.py:190} INFO - [2024-12-18T20:42:48.771+0000] {dagbag.py:588} INFO - Filling up the DagBag from /home/ubuntu/demo8/lib/python3.12/site-packages/airflow/example_dags/example_short_circuit_decorator.py
[2024-12-18T20:42:48.783+0000] {processor.py:925} INFO - DAG(s) 'example_short_circuit_decorator' retrieved from /home/ubuntu/demo8/lib/python3.12/site-packages/airflow/example_dags/example_short_circuit_decorator.py
[2024-12-18T20:42:48.804+0000] {logging_mixin.py:190} INFO - [2024-12-18T20:42:48.804+0000] {dag.py:3239} INFO - Sync 1 DAGs
[2024-12-18T20:42:48.819+0000] {logging_mixin.py:190} INFO - [2024-12-18T20:42:48.818+0000] {dag.py:4180} INFO - Setting next_dagrun for example_short_circuit_decorator to None, run_after=None
[2024-12-18T20:42:48.842+0000] {processor.py:208} INFO - Processing /home/ubuntu/demo8/lib/python3.12/site-packages/airflow/example_dags/example_short_circuit_decorator.py took 0.081 seconds
[2024-12-18T20:43:42.831+0000] {processor.py:186} INFO - Started process (PID=4894) to work on /home/ubuntu/demo8/lib/python3.12/site-packages/airflow/example_dags/example_short_circuit_decorator.py
[2024-12-18T20:43:42.833+0000] {processor.py:914} INFO - Processing file /home/ubuntu/demo8/lib/python3.12/site-packages/airflow/example_dags/example_short_circuit_decorator.py for tasks to queue
[2024-12-18T20:43:42.835+0000] {logging_mixin.py:190} INFO - [2024-12-18T20:43:42.835+0000] {dagbag.py:588} INFO - Filling up the DagBag from /home/ubuntu/demo8/lib/python3.12/site-packages/airflow/example_dags/example_short_circuit_decorator.py
[2024-12-18T20:43:42.847+0000] {processor.py:925} INFO - DAG(s) 'example_short_circuit_decorator' retrieved from /home/ubuntu/demo8/lib/python3.12/site-packages/airflow/example_dags/example_short_circuit_decorator.py
[2024-12-18T20:43:42.868+0000] {logging_mixin.py:190} INFO - [2024-12-18T20:43:42.867+0000] {dag.py:3239} INFO - Sync 1 DAGs
[2024-12-18T20:43:42.882+0000] {logging_mixin.py:190} INFO - [2024-12-18T20:43:42.881+0000] {dag.py:4180} INFO - Setting next_dagrun for example_short_circuit_decorator to None, run_after=None
[2024-12-18T20:43:42.904+0000] {processor.py:208} INFO - Processing /home/ubuntu/demo8/lib/python3.12/site-packages/airflow/example_dags/example_short_circuit_decorator.py took 0.079 seconds
[2024-12-18T20:44:37.769+0000] {processor.py:186} INFO - Started process (PID=5071) to work on /home/ubuntu/demo8/lib/python3.12/site-packages/airflow/example_dags/example_short_circuit_decorator.py
[2024-12-18T20:44:37.771+0000] {processor.py:914} INFO - Processing file /home/ubuntu/demo8/lib/python3.12/site-packages/airflow/example_dags/example_short_circuit_decorator.py for tasks to queue
[2024-12-18T20:44:37.774+0000] {logging_mixin.py:190} INFO - [2024-12-18T20:44:37.773+0000] {dagbag.py:588} INFO - Filling up the DagBag from /home/ubuntu/demo8/lib/python3.12/site-packages/airflow/example_dags/example_short_circuit_decorator.py
[2024-12-18T20:44:37.786+0000] {processor.py:925} INFO - DAG(s) 'example_short_circuit_decorator' retrieved from /home/ubuntu/demo8/lib/python3.12/site-packages/airflow/example_dags/example_short_circuit_decorator.py
[2024-12-18T20:44:37.808+0000] {logging_mixin.py:190} INFO - [2024-12-18T20:44:37.807+0000] {dag.py:3239} INFO - Sync 1 DAGs
[2024-12-18T20:44:37.821+0000] {logging_mixin.py:190} INFO - [2024-12-18T20:44:37.821+0000] {dag.py:4180} INFO - Setting next_dagrun for example_short_circuit_decorator to None, run_after=None
[2024-12-18T20:44:37.843+0000] {processor.py:208} INFO - Processing /home/ubuntu/demo8/lib/python3.12/site-packages/airflow/example_dags/example_short_circuit_decorator.py took 0.081 seconds
[2024-12-18T20:45:31.011+0000] {processor.py:186} INFO - Started process (PID=5192) to work on /home/ubuntu/demo8/lib/python3.12/site-packages/airflow/example_dags/example_short_circuit_decorator.py
[2024-12-18T20:45:31.013+0000] {processor.py:914} INFO - Processing file /home/ubuntu/demo8/lib/python3.12/site-packages/airflow/example_dags/example_short_circuit_decorator.py for tasks to queue
[2024-12-18T20:45:31.016+0000] {logging_mixin.py:190} INFO - [2024-12-18T20:45:31.015+0000] {dagbag.py:588} INFO - Filling up the DagBag from /home/ubuntu/demo8/lib/python3.12/site-packages/airflow/example_dags/example_short_circuit_decorator.py
[2024-12-18T20:45:31.028+0000] {processor.py:925} INFO - DAG(s) 'example_short_circuit_decorator' retrieved from /home/ubuntu/demo8/lib/python3.12/site-packages/airflow/example_dags/example_short_circuit_decorator.py
[2024-12-18T20:45:31.050+0000] {logging_mixin.py:190} INFO - [2024-12-18T20:45:31.050+0000] {dag.py:3239} INFO - Sync 1 DAGs
[2024-12-18T20:45:31.064+0000] {logging_mixin.py:190} INFO - [2024-12-18T20:45:31.064+0000] {dag.py:4180} INFO - Setting next_dagrun for example_short_circuit_decorator to None, run_after=None
[2024-12-18T20:45:31.088+0000] {processor.py:208} INFO - Processing /home/ubuntu/demo8/lib/python3.12/site-packages/airflow/example_dags/example_short_circuit_decorator.py took 0.083 seconds
[2024-12-18T20:47:14.362+0000] {processor.py:186} INFO - Started process (PID=5823) to work on /home/ubuntu/demo8/lib/python3.12/site-packages/airflow/example_dags/example_short_circuit_decorator.py
[2024-12-18T20:47:14.364+0000] {processor.py:914} INFO - Processing file /home/ubuntu/demo8/lib/python3.12/site-packages/airflow/example_dags/example_short_circuit_decorator.py for tasks to queue
[2024-12-18T20:47:14.367+0000] {logging_mixin.py:190} INFO - [2024-12-18T20:47:14.367+0000] {dagbag.py:588} INFO - Filling up the DagBag from /home/ubuntu/demo8/lib/python3.12/site-packages/airflow/example_dags/example_short_circuit_decorator.py
[2024-12-18T20:47:14.379+0000] {processor.py:925} INFO - DAG(s) 'example_short_circuit_decorator' retrieved from /home/ubuntu/demo8/lib/python3.12/site-packages/airflow/example_dags/example_short_circuit_decorator.py
[2024-12-18T20:47:14.402+0000] {logging_mixin.py:190} INFO - [2024-12-18T20:47:14.402+0000] {dag.py:3239} INFO - Sync 1 DAGs
[2024-12-18T20:47:14.418+0000] {logging_mixin.py:190} INFO - [2024-12-18T20:47:14.418+0000] {dag.py:4180} INFO - Setting next_dagrun for example_short_circuit_decorator to None, run_after=None
[2024-12-18T20:47:14.443+0000] {processor.py:208} INFO - Processing /home/ubuntu/demo8/lib/python3.12/site-packages/airflow/example_dags/example_short_circuit_decorator.py took 0.087 seconds
[2024-12-18T20:48:13.460+0000] {processor.py:186} INFO - Started process (PID=5943) to work on /home/ubuntu/demo8/lib/python3.12/site-packages/airflow/example_dags/example_short_circuit_decorator.py
[2024-12-18T20:48:13.462+0000] {processor.py:914} INFO - Processing file /home/ubuntu/demo8/lib/python3.12/site-packages/airflow/example_dags/example_short_circuit_decorator.py for tasks to queue
[2024-12-18T20:48:13.464+0000] {logging_mixin.py:190} INFO - [2024-12-18T20:48:13.464+0000] {dagbag.py:588} INFO - Filling up the DagBag from /home/ubuntu/demo8/lib/python3.12/site-packages/airflow/example_dags/example_short_circuit_decorator.py
[2024-12-18T20:48:13.476+0000] {processor.py:925} INFO - DAG(s) 'example_short_circuit_decorator' retrieved from /home/ubuntu/demo8/lib/python3.12/site-packages/airflow/example_dags/example_short_circuit_decorator.py
[2024-12-18T20:48:13.496+0000] {logging_mixin.py:190} INFO - [2024-12-18T20:48:13.496+0000] {dag.py:3239} INFO - Sync 1 DAGs
[2024-12-18T20:48:13.511+0000] {logging_mixin.py:190} INFO - [2024-12-18T20:48:13.510+0000] {dag.py:4180} INFO - Setting next_dagrun for example_short_circuit_decorator to None, run_after=None
[2024-12-18T20:48:13.544+0000] {processor.py:208} INFO - Processing /home/ubuntu/demo8/lib/python3.12/site-packages/airflow/example_dags/example_short_circuit_decorator.py took 0.090 seconds
[2024-12-18T20:49:11.218+0000] {processor.py:186} INFO - Started process (PID=6424) to work on /home/ubuntu/demo8/lib/python3.12/site-packages/airflow/example_dags/example_short_circuit_decorator.py
[2024-12-18T20:49:11.220+0000] {processor.py:914} INFO - Processing file /home/ubuntu/demo8/lib/python3.12/site-packages/airflow/example_dags/example_short_circuit_decorator.py for tasks to queue
[2024-12-18T20:49:11.223+0000] {logging_mixin.py:190} INFO - [2024-12-18T20:49:11.222+0000] {dagbag.py:588} INFO - Filling up the DagBag from /home/ubuntu/demo8/lib/python3.12/site-packages/airflow/example_dags/example_short_circuit_decorator.py
[2024-12-18T20:49:11.234+0000] {processor.py:925} INFO - DAG(s) 'example_short_circuit_decorator' retrieved from /home/ubuntu/demo8/lib/python3.12/site-packages/airflow/example_dags/example_short_circuit_decorator.py
[2024-12-18T20:49:11.264+0000] {logging_mixin.py:190} INFO - [2024-12-18T20:49:11.264+0000] {dag.py:3239} INFO - Sync 1 DAGs
[2024-12-18T20:49:11.281+0000] {logging_mixin.py:190} INFO - [2024-12-18T20:49:11.280+0000] {dag.py:4180} INFO - Setting next_dagrun for example_short_circuit_decorator to None, run_after=None
[2024-12-18T20:49:11.305+0000] {processor.py:208} INFO - Processing /home/ubuntu/demo8/lib/python3.12/site-packages/airflow/example_dags/example_short_circuit_decorator.py took 0.093 seconds
[2024-12-18T20:50:03.749+0000] {processor.py:186} INFO - Started process (PID=6659) to work on /home/ubuntu/demo8/lib/python3.12/site-packages/airflow/example_dags/example_short_circuit_decorator.py
[2024-12-18T20:50:03.751+0000] {processor.py:914} INFO - Processing file /home/ubuntu/demo8/lib/python3.12/site-packages/airflow/example_dags/example_short_circuit_decorator.py for tasks to queue
[2024-12-18T20:50:03.753+0000] {logging_mixin.py:190} INFO - [2024-12-18T20:50:03.752+0000] {dagbag.py:588} INFO - Filling up the DagBag from /home/ubuntu/demo8/lib/python3.12/site-packages/airflow/example_dags/example_short_circuit_decorator.py
[2024-12-18T20:50:03.764+0000] {processor.py:925} INFO - DAG(s) 'example_short_circuit_decorator' retrieved from /home/ubuntu/demo8/lib/python3.12/site-packages/airflow/example_dags/example_short_circuit_decorator.py
[2024-12-18T20:50:03.794+0000] {logging_mixin.py:190} INFO - [2024-12-18T20:50:03.793+0000] {dag.py:3239} INFO - Sync 1 DAGs
[2024-12-18T20:50:03.807+0000] {logging_mixin.py:190} INFO - [2024-12-18T20:50:03.807+0000] {dag.py:4180} INFO - Setting next_dagrun for example_short_circuit_decorator to None, run_after=None
[2024-12-18T20:50:03.830+0000] {processor.py:208} INFO - Processing /home/ubuntu/demo8/lib/python3.12/site-packages/airflow/example_dags/example_short_circuit_decorator.py took 0.087 seconds
[2024-12-18T20:51:00.939+0000] {processor.py:186} INFO - Started process (PID=6905) to work on /home/ubuntu/demo8/lib/python3.12/site-packages/airflow/example_dags/example_short_circuit_decorator.py
[2024-12-18T20:51:00.941+0000] {processor.py:914} INFO - Processing file /home/ubuntu/demo8/lib/python3.12/site-packages/airflow/example_dags/example_short_circuit_decorator.py for tasks to queue
[2024-12-18T20:51:00.943+0000] {logging_mixin.py:190} INFO - [2024-12-18T20:51:00.943+0000] {dagbag.py:588} INFO - Filling up the DagBag from /home/ubuntu/demo8/lib/python3.12/site-packages/airflow/example_dags/example_short_circuit_decorator.py
[2024-12-18T20:51:00.955+0000] {processor.py:925} INFO - DAG(s) 'example_short_circuit_decorator' retrieved from /home/ubuntu/demo8/lib/python3.12/site-packages/airflow/example_dags/example_short_circuit_decorator.py
[2024-12-18T20:51:00.979+0000] {logging_mixin.py:190} INFO - [2024-12-18T20:51:00.979+0000] {dag.py:3239} INFO - Sync 1 DAGs
[2024-12-18T20:51:01.002+0000] {logging_mixin.py:190} INFO - [2024-12-18T20:51:01.002+0000] {dag.py:4180} INFO - Setting next_dagrun for example_short_circuit_decorator to None, run_after=None
[2024-12-18T20:51:01.026+0000] {processor.py:208} INFO - Processing /home/ubuntu/demo8/lib/python3.12/site-packages/airflow/example_dags/example_short_circuit_decorator.py took 0.093 seconds
