[2024-12-18T15:44:32.630+0000] {processor.py:186} INFO - Started process (PID=3657) to work on /home/ubuntu/demo8/lib/python3.12/site-packages/airflow/example_dags/example_sla_dag.py
[2024-12-18T15:44:32.631+0000] {processor.py:914} INFO - Processing file /home/ubuntu/demo8/lib/python3.12/site-packages/airflow/example_dags/example_sla_dag.py for tasks to queue
[2024-12-18T15:44:32.633+0000] {logging_mixin.py:190} INFO - [2024-12-18T15:44:32.633+0000] {dagbag.py:588} INFO - Filling up the DagBag from /home/ubuntu/demo8/lib/python3.12/site-packages/airflow/example_dags/example_sla_dag.py
[2024-12-18T15:44:32.645+0000] {processor.py:925} INFO - DAG(s) 'example_sla_dag' retrieved from /home/ubuntu/demo8/lib/python3.12/site-packages/airflow/example_dags/example_sla_dag.py
[2024-12-18T15:44:32.766+0000] {logging_mixin.py:190} INFO - [2024-12-18T15:44:32.765+0000] {override.py:1911} INFO - Created Permission View: can read on DAG:example_sla_dag
[2024-12-18T15:44:32.778+0000] {logging_mixin.py:190} INFO - [2024-12-18T15:44:32.778+0000] {override.py:1911} INFO - Created Permission View: can delete on DAG:example_sla_dag
[2024-12-18T15:44:32.787+0000] {logging_mixin.py:190} INFO - [2024-12-18T15:44:32.787+0000] {override.py:1911} INFO - Created Permission View: can edit on DAG:example_sla_dag
[2024-12-18T15:44:32.803+0000] {logging_mixin.py:190} INFO - [2024-12-18T15:44:32.802+0000] {override.py:1911} INFO - Created Permission View: can create on DAG Run:example_sla_dag
[2024-12-18T15:44:32.811+0000] {logging_mixin.py:190} INFO - [2024-12-18T15:44:32.811+0000] {override.py:1911} INFO - Created Permission View: can read on DAG Run:example_sla_dag
[2024-12-18T15:44:32.820+0000] {logging_mixin.py:190} INFO - [2024-12-18T15:44:32.820+0000] {override.py:1911} INFO - Created Permission View: menu access on DAG Run:example_sla_dag
[2024-12-18T15:44:32.830+0000] {logging_mixin.py:190} INFO - [2024-12-18T15:44:32.829+0000] {override.py:1911} INFO - Created Permission View: can delete on DAG Run:example_sla_dag
[2024-12-18T15:44:32.830+0000] {logging_mixin.py:190} INFO - [2024-12-18T15:44:32.830+0000] {dag.py:3239} INFO - Sync 1 DAGs
[2024-12-18T15:44:32.848+0000] {logging_mixin.py:190} INFO - [2024-12-18T15:44:32.848+0000] {dag.py:3262} INFO - Creating ORM DAG for example_sla_dag
[2024-12-18T15:44:32.876+0000] {logging_mixin.py:190} INFO - [2024-12-18T15:44:32.876+0000] {dag.py:4180} INFO - Setting next_dagrun for example_sla_dag to 2024-12-18 15:42:00+00:00, run_after=2024-12-18 15:44:00+00:00
[2024-12-18T15:44:32.899+0000] {processor.py:208} INFO - Processing /home/ubuntu/demo8/lib/python3.12/site-packages/airflow/example_dags/example_sla_dag.py took 0.275 seconds
[2024-12-18T15:45:39.079+0000] {processor.py:186} INFO - Started process (PID=3755) to work on /home/ubuntu/demo8/lib/python3.12/site-packages/airflow/example_dags/example_sla_dag.py
[2024-12-18T15:45:39.081+0000] {processor.py:914} INFO - Processing file /home/ubuntu/demo8/lib/python3.12/site-packages/airflow/example_dags/example_sla_dag.py for tasks to queue
[2024-12-18T15:45:39.083+0000] {logging_mixin.py:190} INFO - [2024-12-18T15:45:39.082+0000] {dagbag.py:588} INFO - Filling up the DagBag from /home/ubuntu/demo8/lib/python3.12/site-packages/airflow/example_dags/example_sla_dag.py
[2024-12-18T15:45:39.095+0000] {processor.py:925} INFO - DAG(s) 'example_sla_dag' retrieved from /home/ubuntu/demo8/lib/python3.12/site-packages/airflow/example_dags/example_sla_dag.py
[2024-12-18T15:45:39.112+0000] {logging_mixin.py:190} INFO - [2024-12-18T15:45:39.112+0000] {dag.py:3239} INFO - Sync 1 DAGs
[2024-12-18T15:45:39.138+0000] {logging_mixin.py:190} INFO - [2024-12-18T15:45:39.137+0000] {dag.py:4180} INFO - Setting next_dagrun for example_sla_dag to 2024-12-18 15:42:00+00:00, run_after=2024-12-18 15:44:00+00:00
[2024-12-18T15:45:39.160+0000] {processor.py:208} INFO - Processing /home/ubuntu/demo8/lib/python3.12/site-packages/airflow/example_dags/example_sla_dag.py took 0.087 seconds
[2024-12-18T15:46:35.195+0000] {processor.py:186} INFO - Started process (PID=3815) to work on /home/ubuntu/demo8/lib/python3.12/site-packages/airflow/example_dags/example_sla_dag.py
[2024-12-18T15:46:35.196+0000] {processor.py:914} INFO - Processing file /home/ubuntu/demo8/lib/python3.12/site-packages/airflow/example_dags/example_sla_dag.py for tasks to queue
[2024-12-18T15:46:35.198+0000] {logging_mixin.py:190} INFO - [2024-12-18T15:46:35.198+0000] {dagbag.py:588} INFO - Filling up the DagBag from /home/ubuntu/demo8/lib/python3.12/site-packages/airflow/example_dags/example_sla_dag.py
[2024-12-18T15:46:35.210+0000] {processor.py:925} INFO - DAG(s) 'example_sla_dag' retrieved from /home/ubuntu/demo8/lib/python3.12/site-packages/airflow/example_dags/example_sla_dag.py
[2024-12-18T15:46:35.227+0000] {logging_mixin.py:190} INFO - [2024-12-18T15:46:35.226+0000] {dag.py:3239} INFO - Sync 1 DAGs
[2024-12-18T15:46:35.251+0000] {logging_mixin.py:190} INFO - [2024-12-18T15:46:35.251+0000] {dag.py:4180} INFO - Setting next_dagrun for example_sla_dag to 2024-12-18 15:44:00+00:00, run_after=2024-12-18 15:46:00+00:00
[2024-12-18T15:46:35.274+0000] {processor.py:208} INFO - Processing /home/ubuntu/demo8/lib/python3.12/site-packages/airflow/example_dags/example_sla_dag.py took 0.085 seconds
[2024-12-18T15:47:31.493+0000] {processor.py:186} INFO - Started process (PID=4278) to work on /home/ubuntu/demo8/lib/python3.12/site-packages/airflow/example_dags/example_sla_dag.py
[2024-12-18T15:47:31.494+0000] {processor.py:914} INFO - Processing file /home/ubuntu/demo8/lib/python3.12/site-packages/airflow/example_dags/example_sla_dag.py for tasks to queue
[2024-12-18T15:47:31.497+0000] {logging_mixin.py:190} INFO - [2024-12-18T15:47:31.496+0000] {dagbag.py:588} INFO - Filling up the DagBag from /home/ubuntu/demo8/lib/python3.12/site-packages/airflow/example_dags/example_sla_dag.py
[2024-12-18T15:47:31.509+0000] {processor.py:925} INFO - DAG(s) 'example_sla_dag' retrieved from /home/ubuntu/demo8/lib/python3.12/site-packages/airflow/example_dags/example_sla_dag.py
[2024-12-18T15:47:31.525+0000] {logging_mixin.py:190} INFO - [2024-12-18T15:47:31.525+0000] {dag.py:3239} INFO - Sync 1 DAGs
[2024-12-18T15:47:31.549+0000] {logging_mixin.py:190} INFO - [2024-12-18T15:47:31.548+0000] {dag.py:4180} INFO - Setting next_dagrun for example_sla_dag to 2024-12-18 15:44:00+00:00, run_after=2024-12-18 15:46:00+00:00
[2024-12-18T15:47:31.570+0000] {processor.py:208} INFO - Processing /home/ubuntu/demo8/lib/python3.12/site-packages/airflow/example_dags/example_sla_dag.py took 0.084 seconds
[2024-12-18T15:48:25.398+0000] {processor.py:186} INFO - Started process (PID=4334) to work on /home/ubuntu/demo8/lib/python3.12/site-packages/airflow/example_dags/example_sla_dag.py
[2024-12-18T15:48:25.399+0000] {processor.py:914} INFO - Processing file /home/ubuntu/demo8/lib/python3.12/site-packages/airflow/example_dags/example_sla_dag.py for tasks to queue
[2024-12-18T15:48:25.401+0000] {logging_mixin.py:190} INFO - [2024-12-18T15:48:25.401+0000] {dagbag.py:588} INFO - Filling up the DagBag from /home/ubuntu/demo8/lib/python3.12/site-packages/airflow/example_dags/example_sla_dag.py
[2024-12-18T15:48:25.413+0000] {processor.py:925} INFO - DAG(s) 'example_sla_dag' retrieved from /home/ubuntu/demo8/lib/python3.12/site-packages/airflow/example_dags/example_sla_dag.py
[2024-12-18T15:48:25.430+0000] {logging_mixin.py:190} INFO - [2024-12-18T15:48:25.429+0000] {dag.py:3239} INFO - Sync 1 DAGs
[2024-12-18T15:48:25.455+0000] {logging_mixin.py:190} INFO - [2024-12-18T15:48:25.454+0000] {dag.py:4180} INFO - Setting next_dagrun for example_sla_dag to 2024-12-18 15:46:00+00:00, run_after=2024-12-18 15:48:00+00:00
[2024-12-18T15:48:25.477+0000] {processor.py:208} INFO - Processing /home/ubuntu/demo8/lib/python3.12/site-packages/airflow/example_dags/example_sla_dag.py took 0.085 seconds
[2024-12-18T15:49:22.415+0000] {processor.py:186} INFO - Started process (PID=4388) to work on /home/ubuntu/demo8/lib/python3.12/site-packages/airflow/example_dags/example_sla_dag.py
[2024-12-18T15:49:22.416+0000] {processor.py:914} INFO - Processing file /home/ubuntu/demo8/lib/python3.12/site-packages/airflow/example_dags/example_sla_dag.py for tasks to queue
[2024-12-18T15:49:22.419+0000] {logging_mixin.py:190} INFO - [2024-12-18T15:49:22.418+0000] {dagbag.py:588} INFO - Filling up the DagBag from /home/ubuntu/demo8/lib/python3.12/site-packages/airflow/example_dags/example_sla_dag.py
[2024-12-18T15:49:22.430+0000] {processor.py:925} INFO - DAG(s) 'example_sla_dag' retrieved from /home/ubuntu/demo8/lib/python3.12/site-packages/airflow/example_dags/example_sla_dag.py
[2024-12-18T15:49:22.447+0000] {logging_mixin.py:190} INFO - [2024-12-18T15:49:22.446+0000] {dag.py:3239} INFO - Sync 1 DAGs
[2024-12-18T15:49:22.579+0000] {logging_mixin.py:190} INFO - [2024-12-18T15:49:22.579+0000] {dag.py:4180} INFO - Setting next_dagrun for example_sla_dag to 2024-12-18 15:46:00+00:00, run_after=2024-12-18 15:48:00+00:00
[2024-12-18T15:49:22.598+0000] {processor.py:208} INFO - Processing /home/ubuntu/demo8/lib/python3.12/site-packages/airflow/example_dags/example_sla_dag.py took 0.190 seconds
[2024-12-18T15:50:24.517+0000] {processor.py:186} INFO - Started process (PID=4450) to work on /home/ubuntu/demo8/lib/python3.12/site-packages/airflow/example_dags/example_sla_dag.py
[2024-12-18T15:50:24.518+0000] {processor.py:914} INFO - Processing file /home/ubuntu/demo8/lib/python3.12/site-packages/airflow/example_dags/example_sla_dag.py for tasks to queue
[2024-12-18T15:50:24.520+0000] {logging_mixin.py:190} INFO - [2024-12-18T15:50:24.520+0000] {dagbag.py:588} INFO - Filling up the DagBag from /home/ubuntu/demo8/lib/python3.12/site-packages/airflow/example_dags/example_sla_dag.py
[2024-12-18T15:50:24.532+0000] {processor.py:925} INFO - DAG(s) 'example_sla_dag' retrieved from /home/ubuntu/demo8/lib/python3.12/site-packages/airflow/example_dags/example_sla_dag.py
[2024-12-18T15:50:24.549+0000] {logging_mixin.py:190} INFO - [2024-12-18T15:50:24.548+0000] {dag.py:3239} INFO - Sync 1 DAGs
[2024-12-18T15:50:24.575+0000] {logging_mixin.py:190} INFO - [2024-12-18T15:50:24.574+0000] {dag.py:4180} INFO - Setting next_dagrun for example_sla_dag to 2024-12-18 15:48:00+00:00, run_after=2024-12-18 15:50:00+00:00
[2024-12-18T15:50:24.597+0000] {processor.py:208} INFO - Processing /home/ubuntu/demo8/lib/python3.12/site-packages/airflow/example_dags/example_sla_dag.py took 0.087 seconds
[2024-12-18T15:51:19.772+0000] {processor.py:186} INFO - Started process (PID=4520) to work on /home/ubuntu/demo8/lib/python3.12/site-packages/airflow/example_dags/example_sla_dag.py
[2024-12-18T15:51:19.774+0000] {processor.py:914} INFO - Processing file /home/ubuntu/demo8/lib/python3.12/site-packages/airflow/example_dags/example_sla_dag.py for tasks to queue
[2024-12-18T15:51:19.776+0000] {logging_mixin.py:190} INFO - [2024-12-18T15:51:19.775+0000] {dagbag.py:588} INFO - Filling up the DagBag from /home/ubuntu/demo8/lib/python3.12/site-packages/airflow/example_dags/example_sla_dag.py
[2024-12-18T15:51:19.788+0000] {processor.py:925} INFO - DAG(s) 'example_sla_dag' retrieved from /home/ubuntu/demo8/lib/python3.12/site-packages/airflow/example_dags/example_sla_dag.py
[2024-12-18T15:51:19.805+0000] {logging_mixin.py:190} INFO - [2024-12-18T15:51:19.804+0000] {dag.py:3239} INFO - Sync 1 DAGs
[2024-12-18T15:51:19.830+0000] {logging_mixin.py:190} INFO - [2024-12-18T15:51:19.830+0000] {dag.py:4180} INFO - Setting next_dagrun for example_sla_dag to 2024-12-18 15:48:00+00:00, run_after=2024-12-18 15:50:00+00:00
[2024-12-18T15:51:19.852+0000] {processor.py:208} INFO - Processing /home/ubuntu/demo8/lib/python3.12/site-packages/airflow/example_dags/example_sla_dag.py took 0.086 seconds
[2024-12-18T15:52:10.782+0000] {processor.py:186} INFO - Started process (PID=4573) to work on /home/ubuntu/demo8/lib/python3.12/site-packages/airflow/example_dags/example_sla_dag.py
[2024-12-18T15:52:10.784+0000] {processor.py:914} INFO - Processing file /home/ubuntu/demo8/lib/python3.12/site-packages/airflow/example_dags/example_sla_dag.py for tasks to queue
[2024-12-18T15:52:10.786+0000] {logging_mixin.py:190} INFO - [2024-12-18T15:52:10.786+0000] {dagbag.py:588} INFO - Filling up the DagBag from /home/ubuntu/demo8/lib/python3.12/site-packages/airflow/example_dags/example_sla_dag.py
[2024-12-18T15:52:10.798+0000] {processor.py:925} INFO - DAG(s) 'example_sla_dag' retrieved from /home/ubuntu/demo8/lib/python3.12/site-packages/airflow/example_dags/example_sla_dag.py
[2024-12-18T15:52:10.814+0000] {logging_mixin.py:190} INFO - [2024-12-18T15:52:10.814+0000] {dag.py:3239} INFO - Sync 1 DAGs
[2024-12-18T15:52:10.840+0000] {logging_mixin.py:190} INFO - [2024-12-18T15:52:10.839+0000] {dag.py:4180} INFO - Setting next_dagrun for example_sla_dag to 2024-12-18 15:50:00+00:00, run_after=2024-12-18 15:52:00+00:00
[2024-12-18T15:52:10.861+0000] {processor.py:208} INFO - Processing /home/ubuntu/demo8/lib/python3.12/site-packages/airflow/example_dags/example_sla_dag.py took 0.085 seconds
[2024-12-18T15:53:07.124+0000] {processor.py:186} INFO - Started process (PID=4631) to work on /home/ubuntu/demo8/lib/python3.12/site-packages/airflow/example_dags/example_sla_dag.py
[2024-12-18T15:53:07.125+0000] {processor.py:914} INFO - Processing file /home/ubuntu/demo8/lib/python3.12/site-packages/airflow/example_dags/example_sla_dag.py for tasks to queue
[2024-12-18T15:53:07.128+0000] {logging_mixin.py:190} INFO - [2024-12-18T15:53:07.127+0000] {dagbag.py:588} INFO - Filling up the DagBag from /home/ubuntu/demo8/lib/python3.12/site-packages/airflow/example_dags/example_sla_dag.py
[2024-12-18T15:53:07.140+0000] {processor.py:925} INFO - DAG(s) 'example_sla_dag' retrieved from /home/ubuntu/demo8/lib/python3.12/site-packages/airflow/example_dags/example_sla_dag.py
[2024-12-18T15:53:07.157+0000] {logging_mixin.py:190} INFO - [2024-12-18T15:53:07.156+0000] {dag.py:3239} INFO - Sync 1 DAGs
[2024-12-18T15:53:07.182+0000] {logging_mixin.py:190} INFO - [2024-12-18T15:53:07.182+0000] {dag.py:4180} INFO - Setting next_dagrun for example_sla_dag to 2024-12-18 15:50:00+00:00, run_after=2024-12-18 15:52:00+00:00
[2024-12-18T15:53:07.220+0000] {processor.py:208} INFO - Processing /home/ubuntu/demo8/lib/python3.12/site-packages/airflow/example_dags/example_sla_dag.py took 0.103 seconds
[2024-12-18T15:54:01.663+0000] {processor.py:186} INFO - Started process (PID=4700) to work on /home/ubuntu/demo8/lib/python3.12/site-packages/airflow/example_dags/example_sla_dag.py
[2024-12-18T15:54:01.667+0000] {processor.py:914} INFO - Processing file /home/ubuntu/demo8/lib/python3.12/site-packages/airflow/example_dags/example_sla_dag.py for tasks to queue
[2024-12-18T15:54:01.670+0000] {logging_mixin.py:190} INFO - [2024-12-18T15:54:01.670+0000] {dagbag.py:588} INFO - Filling up the DagBag from /home/ubuntu/demo8/lib/python3.12/site-packages/airflow/example_dags/example_sla_dag.py
[2024-12-18T15:54:01.686+0000] {processor.py:925} INFO - DAG(s) 'example_sla_dag' retrieved from /home/ubuntu/demo8/lib/python3.12/site-packages/airflow/example_dags/example_sla_dag.py
[2024-12-18T15:54:01.703+0000] {logging_mixin.py:190} INFO - [2024-12-18T15:54:01.703+0000] {dag.py:3239} INFO - Sync 1 DAGs
[2024-12-18T15:54:01.727+0000] {logging_mixin.py:190} INFO - [2024-12-18T15:54:01.727+0000] {dag.py:4180} INFO - Setting next_dagrun for example_sla_dag to 2024-12-18 15:52:00+00:00, run_after=2024-12-18 15:54:00+00:00
[2024-12-18T15:54:01.749+0000] {processor.py:208} INFO - Processing /home/ubuntu/demo8/lib/python3.12/site-packages/airflow/example_dags/example_sla_dag.py took 0.092 seconds
[2024-12-18T15:54:45.780+0000] {processor.py:186} INFO - Started process (PID=4758) to work on /home/ubuntu/demo8/lib/python3.12/site-packages/airflow/example_dags/example_sla_dag.py
[2024-12-18T15:54:45.782+0000] {processor.py:914} INFO - Processing file /home/ubuntu/demo8/lib/python3.12/site-packages/airflow/example_dags/example_sla_dag.py for tasks to queue
[2024-12-18T15:54:45.784+0000] {logging_mixin.py:190} INFO - [2024-12-18T15:54:45.784+0000] {dagbag.py:588} INFO - Filling up the DagBag from /home/ubuntu/demo8/lib/python3.12/site-packages/airflow/example_dags/example_sla_dag.py
[2024-12-18T15:54:45.796+0000] {processor.py:925} INFO - DAG(s) 'example_sla_dag' retrieved from /home/ubuntu/demo8/lib/python3.12/site-packages/airflow/example_dags/example_sla_dag.py
[2024-12-18T15:54:45.814+0000] {logging_mixin.py:190} INFO - [2024-12-18T15:54:45.814+0000] {dag.py:3239} INFO - Sync 1 DAGs
[2024-12-18T15:54:45.840+0000] {logging_mixin.py:190} INFO - [2024-12-18T15:54:45.840+0000] {dag.py:4180} INFO - Setting next_dagrun for example_sla_dag to 2024-12-18 15:52:00+00:00, run_after=2024-12-18 15:54:00+00:00
[2024-12-18T15:54:45.862+0000] {processor.py:208} INFO - Processing /home/ubuntu/demo8/lib/python3.12/site-packages/airflow/example_dags/example_sla_dag.py took 0.088 seconds
[2024-12-18T15:55:43.155+0000] {processor.py:186} INFO - Started process (PID=4821) to work on /home/ubuntu/demo8/lib/python3.12/site-packages/airflow/example_dags/example_sla_dag.py
[2024-12-18T15:55:43.157+0000] {processor.py:914} INFO - Processing file /home/ubuntu/demo8/lib/python3.12/site-packages/airflow/example_dags/example_sla_dag.py for tasks to queue
[2024-12-18T15:55:43.159+0000] {logging_mixin.py:190} INFO - [2024-12-18T15:55:43.159+0000] {dagbag.py:588} INFO - Filling up the DagBag from /home/ubuntu/demo8/lib/python3.12/site-packages/airflow/example_dags/example_sla_dag.py
[2024-12-18T15:55:43.172+0000] {processor.py:925} INFO - DAG(s) 'example_sla_dag' retrieved from /home/ubuntu/demo8/lib/python3.12/site-packages/airflow/example_dags/example_sla_dag.py
[2024-12-18T15:55:43.189+0000] {logging_mixin.py:190} INFO - [2024-12-18T15:55:43.189+0000] {dag.py:3239} INFO - Sync 1 DAGs
[2024-12-18T15:55:43.215+0000] {logging_mixin.py:190} INFO - [2024-12-18T15:55:43.215+0000] {dag.py:4180} INFO - Setting next_dagrun for example_sla_dag to 2024-12-18 15:52:00+00:00, run_after=2024-12-18 15:54:00+00:00
[2024-12-18T15:55:43.239+0000] {processor.py:208} INFO - Processing /home/ubuntu/demo8/lib/python3.12/site-packages/airflow/example_dags/example_sla_dag.py took 0.089 seconds
[2024-12-18T15:56:36.074+0000] {processor.py:186} INFO - Started process (PID=4876) to work on /home/ubuntu/demo8/lib/python3.12/site-packages/airflow/example_dags/example_sla_dag.py
[2024-12-18T15:56:36.075+0000] {processor.py:914} INFO - Processing file /home/ubuntu/demo8/lib/python3.12/site-packages/airflow/example_dags/example_sla_dag.py for tasks to queue
[2024-12-18T15:56:36.077+0000] {logging_mixin.py:190} INFO - [2024-12-18T15:56:36.077+0000] {dagbag.py:588} INFO - Filling up the DagBag from /home/ubuntu/demo8/lib/python3.12/site-packages/airflow/example_dags/example_sla_dag.py
[2024-12-18T15:56:36.090+0000] {processor.py:925} INFO - DAG(s) 'example_sla_dag' retrieved from /home/ubuntu/demo8/lib/python3.12/site-packages/airflow/example_dags/example_sla_dag.py
[2024-12-18T15:56:36.106+0000] {logging_mixin.py:190} INFO - [2024-12-18T15:56:36.106+0000] {dag.py:3239} INFO - Sync 1 DAGs
[2024-12-18T15:56:36.131+0000] {logging_mixin.py:190} INFO - [2024-12-18T15:56:36.131+0000] {dag.py:4180} INFO - Setting next_dagrun for example_sla_dag to 2024-12-18 15:54:00+00:00, run_after=2024-12-18 15:56:00+00:00
[2024-12-18T15:56:36.156+0000] {processor.py:208} INFO - Processing /home/ubuntu/demo8/lib/python3.12/site-packages/airflow/example_dags/example_sla_dag.py took 0.088 seconds
[2024-12-18T15:57:13.304+0000] {processor.py:186} INFO - Started process (PID=4908) to work on /home/ubuntu/demo8/lib/python3.12/site-packages/airflow/example_dags/example_sla_dag.py
[2024-12-18T15:57:13.306+0000] {processor.py:914} INFO - Processing file /home/ubuntu/demo8/lib/python3.12/site-packages/airflow/example_dags/example_sla_dag.py for tasks to queue
[2024-12-18T15:57:13.309+0000] {logging_mixin.py:190} INFO - [2024-12-18T15:57:13.308+0000] {dagbag.py:588} INFO - Filling up the DagBag from /home/ubuntu/demo8/lib/python3.12/site-packages/airflow/example_dags/example_sla_dag.py
[2024-12-18T15:57:13.320+0000] {processor.py:925} INFO - DAG(s) 'example_sla_dag' retrieved from /home/ubuntu/demo8/lib/python3.12/site-packages/airflow/example_dags/example_sla_dag.py
[2024-12-18T15:57:13.338+0000] {logging_mixin.py:190} INFO - [2024-12-18T15:57:13.338+0000] {dag.py:3239} INFO - Sync 1 DAGs
[2024-12-18T15:57:13.364+0000] {logging_mixin.py:190} INFO - [2024-12-18T15:57:13.364+0000] {dag.py:4180} INFO - Setting next_dagrun for example_sla_dag to 2024-12-18 15:54:00+00:00, run_after=2024-12-18 15:56:00+00:00
[2024-12-18T15:57:13.393+0000] {processor.py:208} INFO - Processing /home/ubuntu/demo8/lib/python3.12/site-packages/airflow/example_dags/example_sla_dag.py took 0.095 seconds
[2024-12-18T15:58:10.677+0000] {processor.py:186} INFO - Started process (PID=4966) to work on /home/ubuntu/demo8/lib/python3.12/site-packages/airflow/example_dags/example_sla_dag.py
[2024-12-18T15:58:10.679+0000] {processor.py:914} INFO - Processing file /home/ubuntu/demo8/lib/python3.12/site-packages/airflow/example_dags/example_sla_dag.py for tasks to queue
[2024-12-18T15:58:10.681+0000] {logging_mixin.py:190} INFO - [2024-12-18T15:58:10.680+0000] {dagbag.py:588} INFO - Filling up the DagBag from /home/ubuntu/demo8/lib/python3.12/site-packages/airflow/example_dags/example_sla_dag.py
[2024-12-18T15:58:10.693+0000] {processor.py:925} INFO - DAG(s) 'example_sla_dag' retrieved from /home/ubuntu/demo8/lib/python3.12/site-packages/airflow/example_dags/example_sla_dag.py
[2024-12-18T15:58:10.709+0000] {logging_mixin.py:190} INFO - [2024-12-18T15:58:10.709+0000] {dag.py:3239} INFO - Sync 1 DAGs
[2024-12-18T15:58:10.734+0000] {logging_mixin.py:190} INFO - [2024-12-18T15:58:10.734+0000] {dag.py:4180} INFO - Setting next_dagrun for example_sla_dag to 2024-12-18 15:56:00+00:00, run_after=2024-12-18 15:58:00+00:00
[2024-12-18T15:58:10.755+0000] {processor.py:208} INFO - Processing /home/ubuntu/demo8/lib/python3.12/site-packages/airflow/example_dags/example_sla_dag.py took 0.084 seconds
[2024-12-18T15:59:03.581+0000] {processor.py:186} INFO - Started process (PID=5021) to work on /home/ubuntu/demo8/lib/python3.12/site-packages/airflow/example_dags/example_sla_dag.py
[2024-12-18T15:59:03.583+0000] {processor.py:914} INFO - Processing file /home/ubuntu/demo8/lib/python3.12/site-packages/airflow/example_dags/example_sla_dag.py for tasks to queue
[2024-12-18T15:59:03.585+0000] {logging_mixin.py:190} INFO - [2024-12-18T15:59:03.584+0000] {dagbag.py:588} INFO - Filling up the DagBag from /home/ubuntu/demo8/lib/python3.12/site-packages/airflow/example_dags/example_sla_dag.py
[2024-12-18T15:59:03.596+0000] {processor.py:925} INFO - DAG(s) 'example_sla_dag' retrieved from /home/ubuntu/demo8/lib/python3.12/site-packages/airflow/example_dags/example_sla_dag.py
[2024-12-18T15:59:03.613+0000] {logging_mixin.py:190} INFO - [2024-12-18T15:59:03.612+0000] {dag.py:3239} INFO - Sync 1 DAGs
[2024-12-18T15:59:03.636+0000] {logging_mixin.py:190} INFO - [2024-12-18T15:59:03.636+0000] {dag.py:4180} INFO - Setting next_dagrun for example_sla_dag to 2024-12-18 15:56:00+00:00, run_after=2024-12-18 15:58:00+00:00
[2024-12-18T15:59:03.658+0000] {processor.py:208} INFO - Processing /home/ubuntu/demo8/lib/python3.12/site-packages/airflow/example_dags/example_sla_dag.py took 0.083 seconds
[2024-12-18T16:00:12.119+0000] {processor.py:186} INFO - Started process (PID=5089) to work on /home/ubuntu/demo8/lib/python3.12/site-packages/airflow/example_dags/example_sla_dag.py
[2024-12-18T16:00:12.120+0000] {processor.py:914} INFO - Processing file /home/ubuntu/demo8/lib/python3.12/site-packages/airflow/example_dags/example_sla_dag.py for tasks to queue
[2024-12-18T16:00:12.123+0000] {logging_mixin.py:190} INFO - [2024-12-18T16:00:12.122+0000] {dagbag.py:588} INFO - Filling up the DagBag from /home/ubuntu/demo8/lib/python3.12/site-packages/airflow/example_dags/example_sla_dag.py
[2024-12-18T16:00:12.134+0000] {processor.py:925} INFO - DAG(s) 'example_sla_dag' retrieved from /home/ubuntu/demo8/lib/python3.12/site-packages/airflow/example_dags/example_sla_dag.py
[2024-12-18T16:00:12.152+0000] {logging_mixin.py:190} INFO - [2024-12-18T16:00:12.152+0000] {dag.py:3239} INFO - Sync 1 DAGs
[2024-12-18T16:00:12.179+0000] {logging_mixin.py:190} INFO - [2024-12-18T16:00:12.177+0000] {dag.py:4180} INFO - Setting next_dagrun for example_sla_dag to 2024-12-18 15:58:00+00:00, run_after=2024-12-18 16:00:00+00:00
[2024-12-18T16:00:12.209+0000] {processor.py:208} INFO - Processing /home/ubuntu/demo8/lib/python3.12/site-packages/airflow/example_dags/example_sla_dag.py took 0.096 seconds
[2024-12-18T16:01:09.484+0000] {processor.py:186} INFO - Started process (PID=5151) to work on /home/ubuntu/demo8/lib/python3.12/site-packages/airflow/example_dags/example_sla_dag.py
[2024-12-18T16:01:09.486+0000] {processor.py:914} INFO - Processing file /home/ubuntu/demo8/lib/python3.12/site-packages/airflow/example_dags/example_sla_dag.py for tasks to queue
[2024-12-18T16:01:09.488+0000] {logging_mixin.py:190} INFO - [2024-12-18T16:01:09.487+0000] {dagbag.py:588} INFO - Filling up the DagBag from /home/ubuntu/demo8/lib/python3.12/site-packages/airflow/example_dags/example_sla_dag.py
[2024-12-18T16:01:09.499+0000] {processor.py:925} INFO - DAG(s) 'example_sla_dag' retrieved from /home/ubuntu/demo8/lib/python3.12/site-packages/airflow/example_dags/example_sla_dag.py
[2024-12-18T16:01:09.516+0000] {logging_mixin.py:190} INFO - [2024-12-18T16:01:09.516+0000] {dag.py:3239} INFO - Sync 1 DAGs
[2024-12-18T16:01:09.541+0000] {logging_mixin.py:190} INFO - [2024-12-18T16:01:09.541+0000] {dag.py:4180} INFO - Setting next_dagrun for example_sla_dag to 2024-12-18 15:58:00+00:00, run_after=2024-12-18 16:00:00+00:00
[2024-12-18T16:01:09.563+0000] {processor.py:208} INFO - Processing /home/ubuntu/demo8/lib/python3.12/site-packages/airflow/example_dags/example_sla_dag.py took 0.084 seconds
[2024-12-18T16:02:02.303+0000] {processor.py:186} INFO - Started process (PID=5207) to work on /home/ubuntu/demo8/lib/python3.12/site-packages/airflow/example_dags/example_sla_dag.py
[2024-12-18T16:02:02.304+0000] {processor.py:914} INFO - Processing file /home/ubuntu/demo8/lib/python3.12/site-packages/airflow/example_dags/example_sla_dag.py for tasks to queue
[2024-12-18T16:02:02.306+0000] {logging_mixin.py:190} INFO - [2024-12-18T16:02:02.306+0000] {dagbag.py:588} INFO - Filling up the DagBag from /home/ubuntu/demo8/lib/python3.12/site-packages/airflow/example_dags/example_sla_dag.py
[2024-12-18T16:02:02.318+0000] {processor.py:925} INFO - DAG(s) 'example_sla_dag' retrieved from /home/ubuntu/demo8/lib/python3.12/site-packages/airflow/example_dags/example_sla_dag.py
[2024-12-18T16:02:02.334+0000] {logging_mixin.py:190} INFO - [2024-12-18T16:02:02.334+0000] {dag.py:3239} INFO - Sync 1 DAGs
[2024-12-18T16:02:02.358+0000] {logging_mixin.py:190} INFO - [2024-12-18T16:02:02.358+0000] {dag.py:4180} INFO - Setting next_dagrun for example_sla_dag to 2024-12-18 16:00:00+00:00, run_after=2024-12-18 16:02:00+00:00
[2024-12-18T16:02:02.381+0000] {processor.py:208} INFO - Processing /home/ubuntu/demo8/lib/python3.12/site-packages/airflow/example_dags/example_sla_dag.py took 0.084 seconds
[2024-12-18T16:02:56.120+0000] {processor.py:186} INFO - Started process (PID=5262) to work on /home/ubuntu/demo8/lib/python3.12/site-packages/airflow/example_dags/example_sla_dag.py
[2024-12-18T16:02:56.121+0000] {processor.py:914} INFO - Processing file /home/ubuntu/demo8/lib/python3.12/site-packages/airflow/example_dags/example_sla_dag.py for tasks to queue
[2024-12-18T16:02:56.123+0000] {logging_mixin.py:190} INFO - [2024-12-18T16:02:56.123+0000] {dagbag.py:588} INFO - Filling up the DagBag from /home/ubuntu/demo8/lib/python3.12/site-packages/airflow/example_dags/example_sla_dag.py
[2024-12-18T16:02:56.136+0000] {processor.py:925} INFO - DAG(s) 'example_sla_dag' retrieved from /home/ubuntu/demo8/lib/python3.12/site-packages/airflow/example_dags/example_sla_dag.py
[2024-12-18T16:02:56.153+0000] {logging_mixin.py:190} INFO - [2024-12-18T16:02:56.153+0000] {dag.py:3239} INFO - Sync 1 DAGs
[2024-12-18T16:02:56.178+0000] {logging_mixin.py:190} INFO - [2024-12-18T16:02:56.178+0000] {dag.py:4180} INFO - Setting next_dagrun for example_sla_dag to 2024-12-18 16:00:00+00:00, run_after=2024-12-18 16:02:00+00:00
[2024-12-18T16:02:56.200+0000] {processor.py:208} INFO - Processing /home/ubuntu/demo8/lib/python3.12/site-packages/airflow/example_dags/example_sla_dag.py took 0.087 seconds
[2024-12-18T20:29:39.125+0000] {processor.py:186} INFO - Started process (PID=2745) to work on /home/ubuntu/demo8/lib/python3.12/site-packages/airflow/example_dags/example_sla_dag.py
[2024-12-18T20:29:39.127+0000] {processor.py:914} INFO - Processing file /home/ubuntu/demo8/lib/python3.12/site-packages/airflow/example_dags/example_sla_dag.py for tasks to queue
[2024-12-18T20:29:39.130+0000] {logging_mixin.py:190} INFO - [2024-12-18T20:29:39.130+0000] {dagbag.py:588} INFO - Filling up the DagBag from /home/ubuntu/demo8/lib/python3.12/site-packages/airflow/example_dags/example_sla_dag.py
[2024-12-18T20:29:39.142+0000] {processor.py:925} INFO - DAG(s) 'example_sla_dag' retrieved from /home/ubuntu/demo8/lib/python3.12/site-packages/airflow/example_dags/example_sla_dag.py
[2024-12-18T20:29:39.160+0000] {logging_mixin.py:190} INFO - [2024-12-18T20:29:39.160+0000] {dag.py:3239} INFO - Sync 1 DAGs
[2024-12-18T20:29:39.186+0000] {logging_mixin.py:190} INFO - [2024-12-18T20:29:39.186+0000] {dag.py:4180} INFO - Setting next_dagrun for example_sla_dag to 2024-12-18 20:26:00+00:00, run_after=2024-12-18 20:28:00+00:00
[2024-12-18T20:29:39.209+0000] {processor.py:208} INFO - Processing /home/ubuntu/demo8/lib/python3.12/site-packages/airflow/example_dags/example_sla_dag.py took 0.090 seconds
[2024-12-18T20:30:37.100+0000] {processor.py:186} INFO - Started process (PID=2928) to work on /home/ubuntu/demo8/lib/python3.12/site-packages/airflow/example_dags/example_sla_dag.py
[2024-12-18T20:30:37.102+0000] {processor.py:914} INFO - Processing file /home/ubuntu/demo8/lib/python3.12/site-packages/airflow/example_dags/example_sla_dag.py for tasks to queue
[2024-12-18T20:30:37.105+0000] {logging_mixin.py:190} INFO - [2024-12-18T20:30:37.104+0000] {dagbag.py:588} INFO - Filling up the DagBag from /home/ubuntu/demo8/lib/python3.12/site-packages/airflow/example_dags/example_sla_dag.py
[2024-12-18T20:30:37.117+0000] {processor.py:925} INFO - DAG(s) 'example_sla_dag' retrieved from /home/ubuntu/demo8/lib/python3.12/site-packages/airflow/example_dags/example_sla_dag.py
[2024-12-18T20:30:37.134+0000] {logging_mixin.py:190} INFO - [2024-12-18T20:30:37.134+0000] {dag.py:3239} INFO - Sync 1 DAGs
[2024-12-18T20:30:37.160+0000] {logging_mixin.py:190} INFO - [2024-12-18T20:30:37.160+0000] {dag.py:4180} INFO - Setting next_dagrun for example_sla_dag to 2024-12-18 20:28:00+00:00, run_after=2024-12-18 20:30:00+00:00
[2024-12-18T20:30:37.185+0000] {processor.py:208} INFO - Processing /home/ubuntu/demo8/lib/python3.12/site-packages/airflow/example_dags/example_sla_dag.py took 0.094 seconds
[2024-12-18T20:31:32.535+0000] {processor.py:186} INFO - Started process (PID=3143) to work on /home/ubuntu/demo8/lib/python3.12/site-packages/airflow/example_dags/example_sla_dag.py
[2024-12-18T20:31:32.537+0000] {processor.py:914} INFO - Processing file /home/ubuntu/demo8/lib/python3.12/site-packages/airflow/example_dags/example_sla_dag.py for tasks to queue
[2024-12-18T20:31:32.539+0000] {logging_mixin.py:190} INFO - [2024-12-18T20:31:32.539+0000] {dagbag.py:588} INFO - Filling up the DagBag from /home/ubuntu/demo8/lib/python3.12/site-packages/airflow/example_dags/example_sla_dag.py
[2024-12-18T20:31:32.551+0000] {processor.py:925} INFO - DAG(s) 'example_sla_dag' retrieved from /home/ubuntu/demo8/lib/python3.12/site-packages/airflow/example_dags/example_sla_dag.py
[2024-12-18T20:31:32.567+0000] {logging_mixin.py:190} INFO - [2024-12-18T20:31:32.567+0000] {dag.py:3239} INFO - Sync 1 DAGs
[2024-12-18T20:31:32.591+0000] {logging_mixin.py:190} INFO - [2024-12-18T20:31:32.591+0000] {dag.py:4180} INFO - Setting next_dagrun for example_sla_dag to 2024-12-18 20:28:00+00:00, run_after=2024-12-18 20:30:00+00:00
[2024-12-18T20:31:32.613+0000] {processor.py:208} INFO - Processing /home/ubuntu/demo8/lib/python3.12/site-packages/airflow/example_dags/example_sla_dag.py took 0.084 seconds
[2024-12-18T20:32:27.566+0000] {processor.py:186} INFO - Started process (PID=3365) to work on /home/ubuntu/demo8/lib/python3.12/site-packages/airflow/example_dags/example_sla_dag.py
[2024-12-18T20:32:27.568+0000] {processor.py:914} INFO - Processing file /home/ubuntu/demo8/lib/python3.12/site-packages/airflow/example_dags/example_sla_dag.py for tasks to queue
[2024-12-18T20:32:27.570+0000] {logging_mixin.py:190} INFO - [2024-12-18T20:32:27.570+0000] {dagbag.py:588} INFO - Filling up the DagBag from /home/ubuntu/demo8/lib/python3.12/site-packages/airflow/example_dags/example_sla_dag.py
[2024-12-18T20:32:27.582+0000] {processor.py:925} INFO - DAG(s) 'example_sla_dag' retrieved from /home/ubuntu/demo8/lib/python3.12/site-packages/airflow/example_dags/example_sla_dag.py
[2024-12-18T20:32:27.598+0000] {logging_mixin.py:190} INFO - [2024-12-18T20:32:27.598+0000] {dag.py:3239} INFO - Sync 1 DAGs
[2024-12-18T20:32:27.621+0000] {logging_mixin.py:190} INFO - [2024-12-18T20:32:27.621+0000] {dag.py:4180} INFO - Setting next_dagrun for example_sla_dag to 2024-12-18 20:30:00+00:00, run_after=2024-12-18 20:32:00+00:00
[2024-12-18T20:32:27.646+0000] {processor.py:208} INFO - Processing /home/ubuntu/demo8/lib/python3.12/site-packages/airflow/example_dags/example_sla_dag.py took 0.085 seconds
[2024-12-18T20:33:23.087+0000] {processor.py:186} INFO - Started process (PID=3514) to work on /home/ubuntu/demo8/lib/python3.12/site-packages/airflow/example_dags/example_sla_dag.py
[2024-12-18T20:33:23.088+0000] {processor.py:914} INFO - Processing file /home/ubuntu/demo8/lib/python3.12/site-packages/airflow/example_dags/example_sla_dag.py for tasks to queue
[2024-12-18T20:33:23.091+0000] {logging_mixin.py:190} INFO - [2024-12-18T20:33:23.091+0000] {dagbag.py:588} INFO - Filling up the DagBag from /home/ubuntu/demo8/lib/python3.12/site-packages/airflow/example_dags/example_sla_dag.py
[2024-12-18T20:33:23.104+0000] {processor.py:925} INFO - DAG(s) 'example_sla_dag' retrieved from /home/ubuntu/demo8/lib/python3.12/site-packages/airflow/example_dags/example_sla_dag.py
[2024-12-18T20:33:23.120+0000] {logging_mixin.py:190} INFO - [2024-12-18T20:33:23.120+0000] {dag.py:3239} INFO - Sync 1 DAGs
[2024-12-18T20:33:23.144+0000] {logging_mixin.py:190} INFO - [2024-12-18T20:33:23.144+0000] {dag.py:4180} INFO - Setting next_dagrun for example_sla_dag to 2024-12-18 20:30:00+00:00, run_after=2024-12-18 20:32:00+00:00
[2024-12-18T20:33:23.167+0000] {processor.py:208} INFO - Processing /home/ubuntu/demo8/lib/python3.12/site-packages/airflow/example_dags/example_sla_dag.py took 0.086 seconds
[2024-12-18T20:34:23.215+0000] {processor.py:186} INFO - Started process (PID=3693) to work on /home/ubuntu/demo8/lib/python3.12/site-packages/airflow/example_dags/example_sla_dag.py
[2024-12-18T20:34:23.217+0000] {processor.py:914} INFO - Processing file /home/ubuntu/demo8/lib/python3.12/site-packages/airflow/example_dags/example_sla_dag.py for tasks to queue
[2024-12-18T20:34:23.219+0000] {logging_mixin.py:190} INFO - [2024-12-18T20:34:23.219+0000] {dagbag.py:588} INFO - Filling up the DagBag from /home/ubuntu/demo8/lib/python3.12/site-packages/airflow/example_dags/example_sla_dag.py
[2024-12-18T20:34:23.231+0000] {processor.py:925} INFO - DAG(s) 'example_sla_dag' retrieved from /home/ubuntu/demo8/lib/python3.12/site-packages/airflow/example_dags/example_sla_dag.py
[2024-12-18T20:34:23.374+0000] {logging_mixin.py:190} INFO - [2024-12-18T20:34:23.374+0000] {dag.py:3239} INFO - Sync 1 DAGs
[2024-12-18T20:34:23.396+0000] {logging_mixin.py:190} INFO - [2024-12-18T20:34:23.395+0000] {dag.py:4180} INFO - Setting next_dagrun for example_sla_dag to 2024-12-18 20:32:00+00:00, run_after=2024-12-18 20:34:00+00:00
[2024-12-18T20:34:23.417+0000] {processor.py:208} INFO - Processing /home/ubuntu/demo8/lib/python3.12/site-packages/airflow/example_dags/example_sla_dag.py took 0.208 seconds
[2024-12-18T20:35:27.481+0000] {processor.py:186} INFO - Started process (PID=3820) to work on /home/ubuntu/demo8/lib/python3.12/site-packages/airflow/example_dags/example_sla_dag.py
[2024-12-18T20:35:27.482+0000] {processor.py:914} INFO - Processing file /home/ubuntu/demo8/lib/python3.12/site-packages/airflow/example_dags/example_sla_dag.py for tasks to queue
[2024-12-18T20:35:27.485+0000] {logging_mixin.py:190} INFO - [2024-12-18T20:35:27.484+0000] {dagbag.py:588} INFO - Filling up the DagBag from /home/ubuntu/demo8/lib/python3.12/site-packages/airflow/example_dags/example_sla_dag.py
[2024-12-18T20:35:27.497+0000] {processor.py:925} INFO - DAG(s) 'example_sla_dag' retrieved from /home/ubuntu/demo8/lib/python3.12/site-packages/airflow/example_dags/example_sla_dag.py
[2024-12-18T20:35:27.514+0000] {logging_mixin.py:190} INFO - [2024-12-18T20:35:27.513+0000] {dag.py:3239} INFO - Sync 1 DAGs
[2024-12-18T20:35:27.538+0000] {logging_mixin.py:190} INFO - [2024-12-18T20:35:27.538+0000] {dag.py:4180} INFO - Setting next_dagrun for example_sla_dag to 2024-12-18 20:32:00+00:00, run_after=2024-12-18 20:34:00+00:00
[2024-12-18T20:35:27.563+0000] {processor.py:208} INFO - Processing /home/ubuntu/demo8/lib/python3.12/site-packages/airflow/example_dags/example_sla_dag.py took 0.088 seconds
[2024-12-18T20:36:24.726+0000] {processor.py:186} INFO - Started process (PID=3940) to work on /home/ubuntu/demo8/lib/python3.12/site-packages/airflow/example_dags/example_sla_dag.py
[2024-12-18T20:36:24.728+0000] {processor.py:914} INFO - Processing file /home/ubuntu/demo8/lib/python3.12/site-packages/airflow/example_dags/example_sla_dag.py for tasks to queue
[2024-12-18T20:36:24.730+0000] {logging_mixin.py:190} INFO - [2024-12-18T20:36:24.730+0000] {dagbag.py:588} INFO - Filling up the DagBag from /home/ubuntu/demo8/lib/python3.12/site-packages/airflow/example_dags/example_sla_dag.py
[2024-12-18T20:36:24.742+0000] {processor.py:925} INFO - DAG(s) 'example_sla_dag' retrieved from /home/ubuntu/demo8/lib/python3.12/site-packages/airflow/example_dags/example_sla_dag.py
[2024-12-18T20:36:24.759+0000] {logging_mixin.py:190} INFO - [2024-12-18T20:36:24.759+0000] {dag.py:3239} INFO - Sync 1 DAGs
[2024-12-18T20:36:24.784+0000] {logging_mixin.py:190} INFO - [2024-12-18T20:36:24.784+0000] {dag.py:4180} INFO - Setting next_dagrun for example_sla_dag to 2024-12-18 20:34:00+00:00, run_after=2024-12-18 20:36:00+00:00
[2024-12-18T20:36:24.807+0000] {processor.py:208} INFO - Processing /home/ubuntu/demo8/lib/python3.12/site-packages/airflow/example_dags/example_sla_dag.py took 0.087 seconds
[2024-12-18T20:37:21.200+0000] {processor.py:186} INFO - Started process (PID=4060) to work on /home/ubuntu/demo8/lib/python3.12/site-packages/airflow/example_dags/example_sla_dag.py
[2024-12-18T20:37:21.202+0000] {processor.py:914} INFO - Processing file /home/ubuntu/demo8/lib/python3.12/site-packages/airflow/example_dags/example_sla_dag.py for tasks to queue
[2024-12-18T20:37:21.204+0000] {logging_mixin.py:190} INFO - [2024-12-18T20:37:21.204+0000] {dagbag.py:588} INFO - Filling up the DagBag from /home/ubuntu/demo8/lib/python3.12/site-packages/airflow/example_dags/example_sla_dag.py
[2024-12-18T20:37:21.217+0000] {processor.py:925} INFO - DAG(s) 'example_sla_dag' retrieved from /home/ubuntu/demo8/lib/python3.12/site-packages/airflow/example_dags/example_sla_dag.py
[2024-12-18T20:37:21.233+0000] {logging_mixin.py:190} INFO - [2024-12-18T20:37:21.233+0000] {dag.py:3239} INFO - Sync 1 DAGs
[2024-12-18T20:37:21.259+0000] {logging_mixin.py:190} INFO - [2024-12-18T20:37:21.259+0000] {dag.py:4180} INFO - Setting next_dagrun for example_sla_dag to 2024-12-18 20:34:00+00:00, run_after=2024-12-18 20:36:00+00:00
[2024-12-18T20:37:21.282+0000] {processor.py:208} INFO - Processing /home/ubuntu/demo8/lib/python3.12/site-packages/airflow/example_dags/example_sla_dag.py took 0.088 seconds
[2024-12-18T20:38:16.373+0000] {processor.py:186} INFO - Started process (PID=4140) to work on /home/ubuntu/demo8/lib/python3.12/site-packages/airflow/example_dags/example_sla_dag.py
[2024-12-18T20:38:16.375+0000] {processor.py:914} INFO - Processing file /home/ubuntu/demo8/lib/python3.12/site-packages/airflow/example_dags/example_sla_dag.py for tasks to queue
[2024-12-18T20:38:16.377+0000] {logging_mixin.py:190} INFO - [2024-12-18T20:38:16.377+0000] {dagbag.py:588} INFO - Filling up the DagBag from /home/ubuntu/demo8/lib/python3.12/site-packages/airflow/example_dags/example_sla_dag.py
[2024-12-18T20:38:16.390+0000] {processor.py:925} INFO - DAG(s) 'example_sla_dag' retrieved from /home/ubuntu/demo8/lib/python3.12/site-packages/airflow/example_dags/example_sla_dag.py
[2024-12-18T20:38:16.407+0000] {logging_mixin.py:190} INFO - [2024-12-18T20:38:16.406+0000] {dag.py:3239} INFO - Sync 1 DAGs
[2024-12-18T20:38:16.432+0000] {logging_mixin.py:190} INFO - [2024-12-18T20:38:16.431+0000] {dag.py:4180} INFO - Setting next_dagrun for example_sla_dag to 2024-12-18 20:36:00+00:00, run_after=2024-12-18 20:38:00+00:00
[2024-12-18T20:38:16.457+0000] {processor.py:208} INFO - Processing /home/ubuntu/demo8/lib/python3.12/site-packages/airflow/example_dags/example_sla_dag.py took 0.090 seconds
[2024-12-18T20:39:13.246+0000] {processor.py:186} INFO - Started process (PID=4234) to work on /home/ubuntu/demo8/lib/python3.12/site-packages/airflow/example_dags/example_sla_dag.py
[2024-12-18T20:39:13.248+0000] {processor.py:914} INFO - Processing file /home/ubuntu/demo8/lib/python3.12/site-packages/airflow/example_dags/example_sla_dag.py for tasks to queue
[2024-12-18T20:39:13.250+0000] {logging_mixin.py:190} INFO - [2024-12-18T20:39:13.250+0000] {dagbag.py:588} INFO - Filling up the DagBag from /home/ubuntu/demo8/lib/python3.12/site-packages/airflow/example_dags/example_sla_dag.py
[2024-12-18T20:39:13.263+0000] {processor.py:925} INFO - DAG(s) 'example_sla_dag' retrieved from /home/ubuntu/demo8/lib/python3.12/site-packages/airflow/example_dags/example_sla_dag.py
[2024-12-18T20:39:13.280+0000] {logging_mixin.py:190} INFO - [2024-12-18T20:39:13.280+0000] {dag.py:3239} INFO - Sync 1 DAGs
[2024-12-18T20:39:13.305+0000] {logging_mixin.py:190} INFO - [2024-12-18T20:39:13.305+0000] {dag.py:4180} INFO - Setting next_dagrun for example_sla_dag to 2024-12-18 20:36:00+00:00, run_after=2024-12-18 20:38:00+00:00
[2024-12-18T20:39:13.328+0000] {processor.py:208} INFO - Processing /home/ubuntu/demo8/lib/python3.12/site-packages/airflow/example_dags/example_sla_dag.py took 0.088 seconds
[2024-12-18T20:40:07.667+0000] {processor.py:186} INFO - Started process (PID=4429) to work on /home/ubuntu/demo8/lib/python3.12/site-packages/airflow/example_dags/example_sla_dag.py
[2024-12-18T20:40:07.669+0000] {processor.py:914} INFO - Processing file /home/ubuntu/demo8/lib/python3.12/site-packages/airflow/example_dags/example_sla_dag.py for tasks to queue
[2024-12-18T20:40:07.671+0000] {logging_mixin.py:190} INFO - [2024-12-18T20:40:07.671+0000] {dagbag.py:588} INFO - Filling up the DagBag from /home/ubuntu/demo8/lib/python3.12/site-packages/airflow/example_dags/example_sla_dag.py
[2024-12-18T20:40:07.683+0000] {processor.py:925} INFO - DAG(s) 'example_sla_dag' retrieved from /home/ubuntu/demo8/lib/python3.12/site-packages/airflow/example_dags/example_sla_dag.py
[2024-12-18T20:40:07.699+0000] {logging_mixin.py:190} INFO - [2024-12-18T20:40:07.699+0000] {dag.py:3239} INFO - Sync 1 DAGs
[2024-12-18T20:40:07.723+0000] {logging_mixin.py:190} INFO - [2024-12-18T20:40:07.723+0000] {dag.py:4180} INFO - Setting next_dagrun for example_sla_dag to 2024-12-18 20:38:00+00:00, run_after=2024-12-18 20:40:00+00:00
[2024-12-18T20:40:07.746+0000] {processor.py:208} INFO - Processing /home/ubuntu/demo8/lib/python3.12/site-packages/airflow/example_dags/example_sla_dag.py took 0.085 seconds
[2024-12-18T20:41:05.906+0000] {processor.py:186} INFO - Started process (PID=4548) to work on /home/ubuntu/demo8/lib/python3.12/site-packages/airflow/example_dags/example_sla_dag.py
[2024-12-18T20:41:05.908+0000] {processor.py:914} INFO - Processing file /home/ubuntu/demo8/lib/python3.12/site-packages/airflow/example_dags/example_sla_dag.py for tasks to queue
[2024-12-18T20:41:05.910+0000] {logging_mixin.py:190} INFO - [2024-12-18T20:41:05.910+0000] {dagbag.py:588} INFO - Filling up the DagBag from /home/ubuntu/demo8/lib/python3.12/site-packages/airflow/example_dags/example_sla_dag.py
[2024-12-18T20:41:05.923+0000] {processor.py:925} INFO - DAG(s) 'example_sla_dag' retrieved from /home/ubuntu/demo8/lib/python3.12/site-packages/airflow/example_dags/example_sla_dag.py
[2024-12-18T20:41:05.940+0000] {logging_mixin.py:190} INFO - [2024-12-18T20:41:05.939+0000] {dag.py:3239} INFO - Sync 1 DAGs
[2024-12-18T20:41:05.964+0000] {logging_mixin.py:190} INFO - [2024-12-18T20:41:05.964+0000] {dag.py:4180} INFO - Setting next_dagrun for example_sla_dag to 2024-12-18 20:38:00+00:00, run_after=2024-12-18 20:40:00+00:00
[2024-12-18T20:41:05.986+0000] {processor.py:208} INFO - Processing /home/ubuntu/demo8/lib/python3.12/site-packages/airflow/example_dags/example_sla_dag.py took 0.086 seconds
[2024-12-18T20:41:59.122+0000] {processor.py:186} INFO - Started process (PID=4667) to work on /home/ubuntu/demo8/lib/python3.12/site-packages/airflow/example_dags/example_sla_dag.py
[2024-12-18T20:41:59.124+0000] {processor.py:914} INFO - Processing file /home/ubuntu/demo8/lib/python3.12/site-packages/airflow/example_dags/example_sla_dag.py for tasks to queue
[2024-12-18T20:41:59.126+0000] {logging_mixin.py:190} INFO - [2024-12-18T20:41:59.126+0000] {dagbag.py:588} INFO - Filling up the DagBag from /home/ubuntu/demo8/lib/python3.12/site-packages/airflow/example_dags/example_sla_dag.py
[2024-12-18T20:41:59.139+0000] {processor.py:925} INFO - DAG(s) 'example_sla_dag' retrieved from /home/ubuntu/demo8/lib/python3.12/site-packages/airflow/example_dags/example_sla_dag.py
[2024-12-18T20:41:59.156+0000] {logging_mixin.py:190} INFO - [2024-12-18T20:41:59.155+0000] {dag.py:3239} INFO - Sync 1 DAGs
[2024-12-18T20:41:59.182+0000] {logging_mixin.py:190} INFO - [2024-12-18T20:41:59.182+0000] {dag.py:4180} INFO - Setting next_dagrun for example_sla_dag to 2024-12-18 20:38:00+00:00, run_after=2024-12-18 20:40:00+00:00
[2024-12-18T20:41:59.207+0000] {processor.py:208} INFO - Processing /home/ubuntu/demo8/lib/python3.12/site-packages/airflow/example_dags/example_sla_dag.py took 0.091 seconds
[2024-12-18T20:42:51.362+0000] {processor.py:186} INFO - Started process (PID=4780) to work on /home/ubuntu/demo8/lib/python3.12/site-packages/airflow/example_dags/example_sla_dag.py
[2024-12-18T20:42:51.363+0000] {processor.py:914} INFO - Processing file /home/ubuntu/demo8/lib/python3.12/site-packages/airflow/example_dags/example_sla_dag.py for tasks to queue
[2024-12-18T20:42:51.366+0000] {logging_mixin.py:190} INFO - [2024-12-18T20:42:51.365+0000] {dagbag.py:588} INFO - Filling up the DagBag from /home/ubuntu/demo8/lib/python3.12/site-packages/airflow/example_dags/example_sla_dag.py
[2024-12-18T20:42:51.378+0000] {processor.py:925} INFO - DAG(s) 'example_sla_dag' retrieved from /home/ubuntu/demo8/lib/python3.12/site-packages/airflow/example_dags/example_sla_dag.py
[2024-12-18T20:42:51.394+0000] {logging_mixin.py:190} INFO - [2024-12-18T20:42:51.394+0000] {dag.py:3239} INFO - Sync 1 DAGs
[2024-12-18T20:42:51.418+0000] {logging_mixin.py:190} INFO - [2024-12-18T20:42:51.418+0000] {dag.py:4180} INFO - Setting next_dagrun for example_sla_dag to 2024-12-18 20:40:00+00:00, run_after=2024-12-18 20:42:00+00:00
[2024-12-18T20:42:51.441+0000] {processor.py:208} INFO - Processing /home/ubuntu/demo8/lib/python3.12/site-packages/airflow/example_dags/example_sla_dag.py took 0.086 seconds
[2024-12-18T20:43:46.262+0000] {processor.py:186} INFO - Started process (PID=4897) to work on /home/ubuntu/demo8/lib/python3.12/site-packages/airflow/example_dags/example_sla_dag.py
[2024-12-18T20:43:46.264+0000] {processor.py:914} INFO - Processing file /home/ubuntu/demo8/lib/python3.12/site-packages/airflow/example_dags/example_sla_dag.py for tasks to queue
[2024-12-18T20:43:46.267+0000] {logging_mixin.py:190} INFO - [2024-12-18T20:43:46.266+0000] {dagbag.py:588} INFO - Filling up the DagBag from /home/ubuntu/demo8/lib/python3.12/site-packages/airflow/example_dags/example_sla_dag.py
[2024-12-18T20:43:46.280+0000] {processor.py:925} INFO - DAG(s) 'example_sla_dag' retrieved from /home/ubuntu/demo8/lib/python3.12/site-packages/airflow/example_dags/example_sla_dag.py
[2024-12-18T20:43:46.296+0000] {logging_mixin.py:190} INFO - [2024-12-18T20:43:46.296+0000] {dag.py:3239} INFO - Sync 1 DAGs
[2024-12-18T20:43:46.322+0000] {logging_mixin.py:190} INFO - [2024-12-18T20:43:46.321+0000] {dag.py:4180} INFO - Setting next_dagrun for example_sla_dag to 2024-12-18 20:40:00+00:00, run_after=2024-12-18 20:42:00+00:00
[2024-12-18T20:43:46.346+0000] {processor.py:208} INFO - Processing /home/ubuntu/demo8/lib/python3.12/site-packages/airflow/example_dags/example_sla_dag.py took 0.090 seconds
[2024-12-18T20:44:39.487+0000] {processor.py:186} INFO - Started process (PID=5074) to work on /home/ubuntu/demo8/lib/python3.12/site-packages/airflow/example_dags/example_sla_dag.py
[2024-12-18T20:44:39.488+0000] {processor.py:914} INFO - Processing file /home/ubuntu/demo8/lib/python3.12/site-packages/airflow/example_dags/example_sla_dag.py for tasks to queue
[2024-12-18T20:44:39.491+0000] {logging_mixin.py:190} INFO - [2024-12-18T20:44:39.490+0000] {dagbag.py:588} INFO - Filling up the DagBag from /home/ubuntu/demo8/lib/python3.12/site-packages/airflow/example_dags/example_sla_dag.py
[2024-12-18T20:44:39.504+0000] {processor.py:925} INFO - DAG(s) 'example_sla_dag' retrieved from /home/ubuntu/demo8/lib/python3.12/site-packages/airflow/example_dags/example_sla_dag.py
[2024-12-18T20:44:39.521+0000] {logging_mixin.py:190} INFO - [2024-12-18T20:44:39.520+0000] {dag.py:3239} INFO - Sync 1 DAGs
[2024-12-18T20:44:39.546+0000] {logging_mixin.py:190} INFO - [2024-12-18T20:44:39.546+0000] {dag.py:4180} INFO - Setting next_dagrun for example_sla_dag to 2024-12-18 20:42:00+00:00, run_after=2024-12-18 20:44:00+00:00
[2024-12-18T20:44:39.569+0000] {processor.py:208} INFO - Processing /home/ubuntu/demo8/lib/python3.12/site-packages/airflow/example_dags/example_sla_dag.py took 0.088 seconds
[2024-12-18T20:45:34.446+0000] {processor.py:186} INFO - Started process (PID=5195) to work on /home/ubuntu/demo8/lib/python3.12/site-packages/airflow/example_dags/example_sla_dag.py
[2024-12-18T20:45:34.447+0000] {processor.py:914} INFO - Processing file /home/ubuntu/demo8/lib/python3.12/site-packages/airflow/example_dags/example_sla_dag.py for tasks to queue
[2024-12-18T20:45:34.450+0000] {logging_mixin.py:190} INFO - [2024-12-18T20:45:34.449+0000] {dagbag.py:588} INFO - Filling up the DagBag from /home/ubuntu/demo8/lib/python3.12/site-packages/airflow/example_dags/example_sla_dag.py
[2024-12-18T20:45:34.462+0000] {processor.py:925} INFO - DAG(s) 'example_sla_dag' retrieved from /home/ubuntu/demo8/lib/python3.12/site-packages/airflow/example_dags/example_sla_dag.py
[2024-12-18T20:45:34.479+0000] {logging_mixin.py:190} INFO - [2024-12-18T20:45:34.479+0000] {dag.py:3239} INFO - Sync 1 DAGs
[2024-12-18T20:45:34.503+0000] {logging_mixin.py:190} INFO - [2024-12-18T20:45:34.503+0000] {dag.py:4180} INFO - Setting next_dagrun for example_sla_dag to 2024-12-18 20:42:00+00:00, run_after=2024-12-18 20:44:00+00:00
[2024-12-18T20:45:34.528+0000] {processor.py:208} INFO - Processing /home/ubuntu/demo8/lib/python3.12/site-packages/airflow/example_dags/example_sla_dag.py took 0.089 seconds
[2024-12-18T20:47:17.221+0000] {processor.py:186} INFO - Started process (PID=5826) to work on /home/ubuntu/demo8/lib/python3.12/site-packages/airflow/example_dags/example_sla_dag.py
[2024-12-18T20:47:17.223+0000] {processor.py:914} INFO - Processing file /home/ubuntu/demo8/lib/python3.12/site-packages/airflow/example_dags/example_sla_dag.py for tasks to queue
[2024-12-18T20:47:17.225+0000] {logging_mixin.py:190} INFO - [2024-12-18T20:47:17.225+0000] {dagbag.py:588} INFO - Filling up the DagBag from /home/ubuntu/demo8/lib/python3.12/site-packages/airflow/example_dags/example_sla_dag.py
[2024-12-18T20:47:17.237+0000] {processor.py:925} INFO - DAG(s) 'example_sla_dag' retrieved from /home/ubuntu/demo8/lib/python3.12/site-packages/airflow/example_dags/example_sla_dag.py
[2024-12-18T20:47:17.256+0000] {logging_mixin.py:190} INFO - [2024-12-18T20:47:17.256+0000] {dag.py:3239} INFO - Sync 1 DAGs
[2024-12-18T20:47:17.282+0000] {logging_mixin.py:190} INFO - [2024-12-18T20:47:17.282+0000] {dag.py:4180} INFO - Setting next_dagrun for example_sla_dag to 2024-12-18 20:44:00+00:00, run_after=2024-12-18 20:46:00+00:00
[2024-12-18T20:47:17.306+0000] {processor.py:208} INFO - Processing /home/ubuntu/demo8/lib/python3.12/site-packages/airflow/example_dags/example_sla_dag.py took 0.091 seconds
[2024-12-18T20:48:16.697+0000] {processor.py:186} INFO - Started process (PID=5946) to work on /home/ubuntu/demo8/lib/python3.12/site-packages/airflow/example_dags/example_sla_dag.py
[2024-12-18T20:48:16.699+0000] {processor.py:914} INFO - Processing file /home/ubuntu/demo8/lib/python3.12/site-packages/airflow/example_dags/example_sla_dag.py for tasks to queue
[2024-12-18T20:48:16.702+0000] {logging_mixin.py:190} INFO - [2024-12-18T20:48:16.701+0000] {dagbag.py:588} INFO - Filling up the DagBag from /home/ubuntu/demo8/lib/python3.12/site-packages/airflow/example_dags/example_sla_dag.py
[2024-12-18T20:48:16.714+0000] {processor.py:925} INFO - DAG(s) 'example_sla_dag' retrieved from /home/ubuntu/demo8/lib/python3.12/site-packages/airflow/example_dags/example_sla_dag.py
[2024-12-18T20:48:16.730+0000] {logging_mixin.py:190} INFO - [2024-12-18T20:48:16.730+0000] {dag.py:3239} INFO - Sync 1 DAGs
[2024-12-18T20:48:16.755+0000] {logging_mixin.py:190} INFO - [2024-12-18T20:48:16.755+0000] {dag.py:4180} INFO - Setting next_dagrun for example_sla_dag to 2024-12-18 20:46:00+00:00, run_after=2024-12-18 20:48:00+00:00
[2024-12-18T20:48:16.778+0000] {processor.py:208} INFO - Processing /home/ubuntu/demo8/lib/python3.12/site-packages/airflow/example_dags/example_sla_dag.py took 0.087 seconds
[2024-12-18T20:49:12.941+0000] {processor.py:186} INFO - Started process (PID=6427) to work on /home/ubuntu/demo8/lib/python3.12/site-packages/airflow/example_dags/example_sla_dag.py
[2024-12-18T20:49:12.943+0000] {processor.py:914} INFO - Processing file /home/ubuntu/demo8/lib/python3.12/site-packages/airflow/example_dags/example_sla_dag.py for tasks to queue
[2024-12-18T20:49:12.945+0000] {logging_mixin.py:190} INFO - [2024-12-18T20:49:12.945+0000] {dagbag.py:588} INFO - Filling up the DagBag from /home/ubuntu/demo8/lib/python3.12/site-packages/airflow/example_dags/example_sla_dag.py
[2024-12-18T20:49:12.958+0000] {processor.py:925} INFO - DAG(s) 'example_sla_dag' retrieved from /home/ubuntu/demo8/lib/python3.12/site-packages/airflow/example_dags/example_sla_dag.py
[2024-12-18T20:49:12.975+0000] {logging_mixin.py:190} INFO - [2024-12-18T20:49:12.974+0000] {dag.py:3239} INFO - Sync 1 DAGs
[2024-12-18T20:49:13.000+0000] {logging_mixin.py:190} INFO - [2024-12-18T20:49:13.000+0000] {dag.py:4180} INFO - Setting next_dagrun for example_sla_dag to 2024-12-18 20:46:00+00:00, run_after=2024-12-18 20:48:00+00:00
[2024-12-18T20:49:13.024+0000] {processor.py:208} INFO - Processing /home/ubuntu/demo8/lib/python3.12/site-packages/airflow/example_dags/example_sla_dag.py took 0.090 seconds
[2024-12-18T20:50:07.171+0000] {processor.py:186} INFO - Started process (PID=6665) to work on /home/ubuntu/demo8/lib/python3.12/site-packages/airflow/example_dags/example_sla_dag.py
[2024-12-18T20:50:07.173+0000] {processor.py:914} INFO - Processing file /home/ubuntu/demo8/lib/python3.12/site-packages/airflow/example_dags/example_sla_dag.py for tasks to queue
[2024-12-18T20:50:07.175+0000] {logging_mixin.py:190} INFO - [2024-12-18T20:50:07.175+0000] {dagbag.py:588} INFO - Filling up the DagBag from /home/ubuntu/demo8/lib/python3.12/site-packages/airflow/example_dags/example_sla_dag.py
[2024-12-18T20:50:07.187+0000] {processor.py:925} INFO - DAG(s) 'example_sla_dag' retrieved from /home/ubuntu/demo8/lib/python3.12/site-packages/airflow/example_dags/example_sla_dag.py
[2024-12-18T20:50:07.203+0000] {logging_mixin.py:190} INFO - [2024-12-18T20:50:07.203+0000] {dag.py:3239} INFO - Sync 1 DAGs
[2024-12-18T20:50:07.238+0000] {logging_mixin.py:190} INFO - [2024-12-18T20:50:07.238+0000] {dag.py:4180} INFO - Setting next_dagrun for example_sla_dag to 2024-12-18 20:48:00+00:00, run_after=2024-12-18 20:50:00+00:00
[2024-12-18T20:50:07.262+0000] {processor.py:208} INFO - Processing /home/ubuntu/demo8/lib/python3.12/site-packages/airflow/example_dags/example_sla_dag.py took 0.097 seconds
[2024-12-18T20:51:04.464+0000] {processor.py:186} INFO - Started process (PID=6940) to work on /home/ubuntu/demo8/lib/python3.12/site-packages/airflow/example_dags/example_sla_dag.py
[2024-12-18T20:51:04.466+0000] {processor.py:914} INFO - Processing file /home/ubuntu/demo8/lib/python3.12/site-packages/airflow/example_dags/example_sla_dag.py for tasks to queue
[2024-12-18T20:51:04.468+0000] {logging_mixin.py:190} INFO - [2024-12-18T20:51:04.468+0000] {dagbag.py:588} INFO - Filling up the DagBag from /home/ubuntu/demo8/lib/python3.12/site-packages/airflow/example_dags/example_sla_dag.py
[2024-12-18T20:51:04.481+0000] {processor.py:925} INFO - DAG(s) 'example_sla_dag' retrieved from /home/ubuntu/demo8/lib/python3.12/site-packages/airflow/example_dags/example_sla_dag.py
[2024-12-18T20:51:04.503+0000] {logging_mixin.py:190} INFO - [2024-12-18T20:51:04.502+0000] {dag.py:3239} INFO - Sync 1 DAGs
[2024-12-18T20:51:04.527+0000] {logging_mixin.py:190} INFO - [2024-12-18T20:51:04.527+0000] {dag.py:4180} INFO - Setting next_dagrun for example_sla_dag to 2024-12-18 20:48:00+00:00, run_after=2024-12-18 20:50:00+00:00
[2024-12-18T20:51:04.549+0000] {processor.py:208} INFO - Processing /home/ubuntu/demo8/lib/python3.12/site-packages/airflow/example_dags/example_sla_dag.py took 0.091 seconds
