[2024-12-18T15:44:16.131+0000] {processor.py:186} INFO - Started process (PID=3644) to work on /home/ubuntu/demo8/lib/python3.12/site-packages/airflow/example_dags/tutorial_dag.py
[2024-12-18T15:44:16.132+0000] {processor.py:914} INFO - Processing file /home/ubuntu/demo8/lib/python3.12/site-packages/airflow/example_dags/tutorial_dag.py for tasks to queue
[2024-12-18T15:44:16.134+0000] {logging_mixin.py:190} INFO - [2024-12-18T15:44:16.133+0000] {dagbag.py:588} INFO - Filling up the DagBag from /home/ubuntu/demo8/lib/python3.12/site-packages/airflow/example_dags/tutorial_dag.py
[2024-12-18T15:44:16.142+0000] {processor.py:925} INFO - DAG(s) 'tutorial_dag' retrieved from /home/ubuntu/demo8/lib/python3.12/site-packages/airflow/example_dags/tutorial_dag.py
[2024-12-18T15:44:16.263+0000] {logging_mixin.py:190} INFO - [2024-12-18T15:44:16.262+0000] {override.py:1911} INFO - Created Permission View: can read on DAG:tutorial_dag
[2024-12-18T15:44:16.275+0000] {logging_mixin.py:190} INFO - [2024-12-18T15:44:16.275+0000] {override.py:1911} INFO - Created Permission View: can delete on DAG:tutorial_dag
[2024-12-18T15:44:16.284+0000] {logging_mixin.py:190} INFO - [2024-12-18T15:44:16.284+0000] {override.py:1911} INFO - Created Permission View: can edit on DAG:tutorial_dag
[2024-12-18T15:44:16.299+0000] {logging_mixin.py:190} INFO - [2024-12-18T15:44:16.298+0000] {override.py:1911} INFO - Created Permission View: can create on DAG Run:tutorial_dag
[2024-12-18T15:44:16.309+0000] {logging_mixin.py:190} INFO - [2024-12-18T15:44:16.309+0000] {override.py:1911} INFO - Created Permission View: can read on DAG Run:tutorial_dag
[2024-12-18T15:44:16.319+0000] {logging_mixin.py:190} INFO - [2024-12-18T15:44:16.318+0000] {override.py:1911} INFO - Created Permission View: menu access on DAG Run:tutorial_dag
[2024-12-18T15:44:16.328+0000] {logging_mixin.py:190} INFO - [2024-12-18T15:44:16.327+0000] {override.py:1911} INFO - Created Permission View: can delete on DAG Run:tutorial_dag
[2024-12-18T15:44:16.328+0000] {logging_mixin.py:190} INFO - [2024-12-18T15:44:16.328+0000] {dag.py:3239} INFO - Sync 1 DAGs
[2024-12-18T15:44:16.342+0000] {logging_mixin.py:190} INFO - [2024-12-18T15:44:16.342+0000] {dag.py:3262} INFO - Creating ORM DAG for tutorial_dag
[2024-12-18T15:44:16.343+0000] {logging_mixin.py:190} INFO - [2024-12-18T15:44:16.343+0000] {dag.py:4180} INFO - Setting next_dagrun for tutorial_dag to None, run_after=None
[2024-12-18T15:44:16.365+0000] {processor.py:208} INFO - Processing /home/ubuntu/demo8/lib/python3.12/site-packages/airflow/example_dags/tutorial_dag.py took 0.239 seconds
[2024-12-18T15:45:25.349+0000] {processor.py:186} INFO - Started process (PID=3741) to work on /home/ubuntu/demo8/lib/python3.12/site-packages/airflow/example_dags/tutorial_dag.py
[2024-12-18T15:45:25.351+0000] {processor.py:914} INFO - Processing file /home/ubuntu/demo8/lib/python3.12/site-packages/airflow/example_dags/tutorial_dag.py for tasks to queue
[2024-12-18T15:45:25.353+0000] {logging_mixin.py:190} INFO - [2024-12-18T15:45:25.353+0000] {dagbag.py:588} INFO - Filling up the DagBag from /home/ubuntu/demo8/lib/python3.12/site-packages/airflow/example_dags/tutorial_dag.py
[2024-12-18T15:45:25.362+0000] {processor.py:925} INFO - DAG(s) 'tutorial_dag' retrieved from /home/ubuntu/demo8/lib/python3.12/site-packages/airflow/example_dags/tutorial_dag.py
[2024-12-18T15:45:25.379+0000] {logging_mixin.py:190} INFO - [2024-12-18T15:45:25.378+0000] {dag.py:3239} INFO - Sync 1 DAGs
[2024-12-18T15:45:25.392+0000] {logging_mixin.py:190} INFO - [2024-12-18T15:45:25.392+0000] {dag.py:4180} INFO - Setting next_dagrun for tutorial_dag to None, run_after=None
[2024-12-18T15:45:25.416+0000] {processor.py:208} INFO - Processing /home/ubuntu/demo8/lib/python3.12/site-packages/airflow/example_dags/tutorial_dag.py took 0.072 seconds
[2024-12-18T15:46:23.699+0000] {processor.py:186} INFO - Started process (PID=3800) to work on /home/ubuntu/demo8/lib/python3.12/site-packages/airflow/example_dags/tutorial_dag.py
[2024-12-18T15:46:23.701+0000] {processor.py:914} INFO - Processing file /home/ubuntu/demo8/lib/python3.12/site-packages/airflow/example_dags/tutorial_dag.py for tasks to queue
[2024-12-18T15:46:23.703+0000] {logging_mixin.py:190} INFO - [2024-12-18T15:46:23.703+0000] {dagbag.py:588} INFO - Filling up the DagBag from /home/ubuntu/demo8/lib/python3.12/site-packages/airflow/example_dags/tutorial_dag.py
[2024-12-18T15:46:23.712+0000] {processor.py:925} INFO - DAG(s) 'tutorial_dag' retrieved from /home/ubuntu/demo8/lib/python3.12/site-packages/airflow/example_dags/tutorial_dag.py
[2024-12-18T15:46:23.730+0000] {logging_mixin.py:190} INFO - [2024-12-18T15:46:23.729+0000] {dag.py:3239} INFO - Sync 1 DAGs
[2024-12-18T15:46:23.743+0000] {logging_mixin.py:190} INFO - [2024-12-18T15:46:23.743+0000] {dag.py:4180} INFO - Setting next_dagrun for tutorial_dag to None, run_after=None
[2024-12-18T15:46:23.766+0000] {processor.py:208} INFO - Processing /home/ubuntu/demo8/lib/python3.12/site-packages/airflow/example_dags/tutorial_dag.py took 0.073 seconds
[2024-12-18T15:47:18.473+0000] {processor.py:186} INFO - Started process (PID=4265) to work on /home/ubuntu/demo8/lib/python3.12/site-packages/airflow/example_dags/tutorial_dag.py
[2024-12-18T15:47:18.474+0000] {processor.py:914} INFO - Processing file /home/ubuntu/demo8/lib/python3.12/site-packages/airflow/example_dags/tutorial_dag.py for tasks to queue
[2024-12-18T15:47:18.476+0000] {logging_mixin.py:190} INFO - [2024-12-18T15:47:18.476+0000] {dagbag.py:588} INFO - Filling up the DagBag from /home/ubuntu/demo8/lib/python3.12/site-packages/airflow/example_dags/tutorial_dag.py
[2024-12-18T15:47:18.485+0000] {processor.py:925} INFO - DAG(s) 'tutorial_dag' retrieved from /home/ubuntu/demo8/lib/python3.12/site-packages/airflow/example_dags/tutorial_dag.py
[2024-12-18T15:47:18.502+0000] {logging_mixin.py:190} INFO - [2024-12-18T15:47:18.502+0000] {dag.py:3239} INFO - Sync 1 DAGs
[2024-12-18T15:47:18.516+0000] {logging_mixin.py:190} INFO - [2024-12-18T15:47:18.516+0000] {dag.py:4180} INFO - Setting next_dagrun for tutorial_dag to None, run_after=None
[2024-12-18T15:47:18.541+0000] {processor.py:208} INFO - Processing /home/ubuntu/demo8/lib/python3.12/site-packages/airflow/example_dags/tutorial_dag.py took 0.074 seconds
[2024-12-18T15:48:13.959+0000] {processor.py:186} INFO - Started process (PID=4321) to work on /home/ubuntu/demo8/lib/python3.12/site-packages/airflow/example_dags/tutorial_dag.py
[2024-12-18T15:48:13.960+0000] {processor.py:914} INFO - Processing file /home/ubuntu/demo8/lib/python3.12/site-packages/airflow/example_dags/tutorial_dag.py for tasks to queue
[2024-12-18T15:48:13.962+0000] {logging_mixin.py:190} INFO - [2024-12-18T15:48:13.962+0000] {dagbag.py:588} INFO - Filling up the DagBag from /home/ubuntu/demo8/lib/python3.12/site-packages/airflow/example_dags/tutorial_dag.py
[2024-12-18T15:48:13.971+0000] {processor.py:925} INFO - DAG(s) 'tutorial_dag' retrieved from /home/ubuntu/demo8/lib/python3.12/site-packages/airflow/example_dags/tutorial_dag.py
[2024-12-18T15:48:13.988+0000] {logging_mixin.py:190} INFO - [2024-12-18T15:48:13.988+0000] {dag.py:3239} INFO - Sync 1 DAGs
[2024-12-18T15:48:14.002+0000] {logging_mixin.py:190} INFO - [2024-12-18T15:48:14.002+0000] {dag.py:4180} INFO - Setting next_dagrun for tutorial_dag to None, run_after=None
[2024-12-18T15:48:14.025+0000] {processor.py:208} INFO - Processing /home/ubuntu/demo8/lib/python3.12/site-packages/airflow/example_dags/tutorial_dag.py took 0.073 seconds
[2024-12-18T15:49:07.071+0000] {processor.py:186} INFO - Started process (PID=4375) to work on /home/ubuntu/demo8/lib/python3.12/site-packages/airflow/example_dags/tutorial_dag.py
[2024-12-18T15:49:07.073+0000] {processor.py:914} INFO - Processing file /home/ubuntu/demo8/lib/python3.12/site-packages/airflow/example_dags/tutorial_dag.py for tasks to queue
[2024-12-18T15:49:07.075+0000] {logging_mixin.py:190} INFO - [2024-12-18T15:49:07.075+0000] {dagbag.py:588} INFO - Filling up the DagBag from /home/ubuntu/demo8/lib/python3.12/site-packages/airflow/example_dags/tutorial_dag.py
[2024-12-18T15:49:07.084+0000] {processor.py:925} INFO - DAG(s) 'tutorial_dag' retrieved from /home/ubuntu/demo8/lib/python3.12/site-packages/airflow/example_dags/tutorial_dag.py
[2024-12-18T15:49:07.100+0000] {logging_mixin.py:190} INFO - [2024-12-18T15:49:07.100+0000] {dag.py:3239} INFO - Sync 1 DAGs
[2024-12-18T15:49:07.235+0000] {logging_mixin.py:190} INFO - [2024-12-18T15:49:07.235+0000] {dag.py:4180} INFO - Setting next_dagrun for tutorial_dag to None, run_after=None
[2024-12-18T15:49:07.255+0000] {processor.py:208} INFO - Processing /home/ubuntu/demo8/lib/python3.12/site-packages/airflow/example_dags/tutorial_dag.py took 0.190 seconds
[2024-12-18T15:50:11.927+0000] {processor.py:186} INFO - Started process (PID=4437) to work on /home/ubuntu/demo8/lib/python3.12/site-packages/airflow/example_dags/tutorial_dag.py
[2024-12-18T15:50:11.929+0000] {processor.py:914} INFO - Processing file /home/ubuntu/demo8/lib/python3.12/site-packages/airflow/example_dags/tutorial_dag.py for tasks to queue
[2024-12-18T15:50:11.931+0000] {logging_mixin.py:190} INFO - [2024-12-18T15:50:11.930+0000] {dagbag.py:588} INFO - Filling up the DagBag from /home/ubuntu/demo8/lib/python3.12/site-packages/airflow/example_dags/tutorial_dag.py
[2024-12-18T15:50:11.939+0000] {processor.py:925} INFO - DAG(s) 'tutorial_dag' retrieved from /home/ubuntu/demo8/lib/python3.12/site-packages/airflow/example_dags/tutorial_dag.py
[2024-12-18T15:50:11.956+0000] {logging_mixin.py:190} INFO - [2024-12-18T15:50:11.956+0000] {dag.py:3239} INFO - Sync 1 DAGs
[2024-12-18T15:50:11.970+0000] {logging_mixin.py:190} INFO - [2024-12-18T15:50:11.970+0000] {dag.py:4180} INFO - Setting next_dagrun for tutorial_dag to None, run_after=None
[2024-12-18T15:50:11.992+0000] {processor.py:208} INFO - Processing /home/ubuntu/demo8/lib/python3.12/site-packages/airflow/example_dags/tutorial_dag.py took 0.071 seconds
[2024-12-18T15:51:07.371+0000] {processor.py:186} INFO - Started process (PID=4506) to work on /home/ubuntu/demo8/lib/python3.12/site-packages/airflow/example_dags/tutorial_dag.py
[2024-12-18T15:51:07.373+0000] {processor.py:914} INFO - Processing file /home/ubuntu/demo8/lib/python3.12/site-packages/airflow/example_dags/tutorial_dag.py for tasks to queue
[2024-12-18T15:51:07.375+0000] {logging_mixin.py:190} INFO - [2024-12-18T15:51:07.375+0000] {dagbag.py:588} INFO - Filling up the DagBag from /home/ubuntu/demo8/lib/python3.12/site-packages/airflow/example_dags/tutorial_dag.py
[2024-12-18T15:51:07.384+0000] {processor.py:925} INFO - DAG(s) 'tutorial_dag' retrieved from /home/ubuntu/demo8/lib/python3.12/site-packages/airflow/example_dags/tutorial_dag.py
[2024-12-18T15:51:07.401+0000] {logging_mixin.py:190} INFO - [2024-12-18T15:51:07.401+0000] {dag.py:3239} INFO - Sync 1 DAGs
[2024-12-18T15:51:07.415+0000] {logging_mixin.py:190} INFO - [2024-12-18T15:51:07.415+0000] {dag.py:4180} INFO - Setting next_dagrun for tutorial_dag to None, run_after=None
[2024-12-18T15:51:07.439+0000] {processor.py:208} INFO - Processing /home/ubuntu/demo8/lib/python3.12/site-packages/airflow/example_dags/tutorial_dag.py took 0.074 seconds
[2024-12-18T15:51:59.906+0000] {processor.py:186} INFO - Started process (PID=4560) to work on /home/ubuntu/demo8/lib/python3.12/site-packages/airflow/example_dags/tutorial_dag.py
[2024-12-18T15:51:59.907+0000] {processor.py:914} INFO - Processing file /home/ubuntu/demo8/lib/python3.12/site-packages/airflow/example_dags/tutorial_dag.py for tasks to queue
[2024-12-18T15:51:59.910+0000] {logging_mixin.py:190} INFO - [2024-12-18T15:51:59.909+0000] {dagbag.py:588} INFO - Filling up the DagBag from /home/ubuntu/demo8/lib/python3.12/site-packages/airflow/example_dags/tutorial_dag.py
[2024-12-18T15:51:59.919+0000] {processor.py:925} INFO - DAG(s) 'tutorial_dag' retrieved from /home/ubuntu/demo8/lib/python3.12/site-packages/airflow/example_dags/tutorial_dag.py
[2024-12-18T15:51:59.937+0000] {logging_mixin.py:190} INFO - [2024-12-18T15:51:59.936+0000] {dag.py:3239} INFO - Sync 1 DAGs
[2024-12-18T15:51:59.952+0000] {logging_mixin.py:190} INFO - [2024-12-18T15:51:59.951+0000] {dag.py:4180} INFO - Setting next_dagrun for tutorial_dag to None, run_after=None
[2024-12-18T15:51:59.975+0000] {processor.py:208} INFO - Processing /home/ubuntu/demo8/lib/python3.12/site-packages/airflow/example_dags/tutorial_dag.py took 0.076 seconds
[2024-12-18T15:52:53.585+0000] {processor.py:186} INFO - Started process (PID=4618) to work on /home/ubuntu/demo8/lib/python3.12/site-packages/airflow/example_dags/tutorial_dag.py
[2024-12-18T15:52:53.587+0000] {processor.py:914} INFO - Processing file /home/ubuntu/demo8/lib/python3.12/site-packages/airflow/example_dags/tutorial_dag.py for tasks to queue
[2024-12-18T15:52:53.589+0000] {logging_mixin.py:190} INFO - [2024-12-18T15:52:53.589+0000] {dagbag.py:588} INFO - Filling up the DagBag from /home/ubuntu/demo8/lib/python3.12/site-packages/airflow/example_dags/tutorial_dag.py
[2024-12-18T15:52:53.598+0000] {processor.py:925} INFO - DAG(s) 'tutorial_dag' retrieved from /home/ubuntu/demo8/lib/python3.12/site-packages/airflow/example_dags/tutorial_dag.py
[2024-12-18T15:52:53.615+0000] {logging_mixin.py:190} INFO - [2024-12-18T15:52:53.614+0000] {dag.py:3239} INFO - Sync 1 DAGs
[2024-12-18T15:52:53.629+0000] {logging_mixin.py:190} INFO - [2024-12-18T15:52:53.628+0000] {dag.py:4180} INFO - Setting next_dagrun for tutorial_dag to None, run_after=None
[2024-12-18T15:52:53.651+0000] {processor.py:208} INFO - Processing /home/ubuntu/demo8/lib/python3.12/site-packages/airflow/example_dags/tutorial_dag.py took 0.072 seconds
[2024-12-18T15:53:48.954+0000] {processor.py:186} INFO - Started process (PID=4675) to work on /home/ubuntu/demo8/lib/python3.12/site-packages/airflow/example_dags/tutorial_dag.py
[2024-12-18T15:53:48.957+0000] {processor.py:914} INFO - Processing file /home/ubuntu/demo8/lib/python3.12/site-packages/airflow/example_dags/tutorial_dag.py for tasks to queue
[2024-12-18T15:53:48.962+0000] {logging_mixin.py:190} INFO - [2024-12-18T15:53:48.960+0000] {dagbag.py:588} INFO - Filling up the DagBag from /home/ubuntu/demo8/lib/python3.12/site-packages/airflow/example_dags/tutorial_dag.py
[2024-12-18T15:53:48.980+0000] {processor.py:925} INFO - DAG(s) 'tutorial_dag' retrieved from /home/ubuntu/demo8/lib/python3.12/site-packages/airflow/example_dags/tutorial_dag.py
[2024-12-18T15:53:49.016+0000] {logging_mixin.py:190} INFO - [2024-12-18T15:53:49.016+0000] {dag.py:3239} INFO - Sync 1 DAGs
[2024-12-18T15:53:49.047+0000] {logging_mixin.py:190} INFO - [2024-12-18T15:53:49.046+0000] {dag.py:4180} INFO - Setting next_dagrun for tutorial_dag to None, run_after=None
[2024-12-18T15:53:49.089+0000] {processor.py:208} INFO - Processing /home/ubuntu/demo8/lib/python3.12/site-packages/airflow/example_dags/tutorial_dag.py took 0.147 seconds
[2024-12-18T15:54:34.344+0000] {processor.py:186} INFO - Started process (PID=4745) to work on /home/ubuntu/demo8/lib/python3.12/site-packages/airflow/example_dags/tutorial_dag.py
[2024-12-18T15:54:34.345+0000] {processor.py:914} INFO - Processing file /home/ubuntu/demo8/lib/python3.12/site-packages/airflow/example_dags/tutorial_dag.py for tasks to queue
[2024-12-18T15:54:34.348+0000] {logging_mixin.py:190} INFO - [2024-12-18T15:54:34.348+0000] {dagbag.py:588} INFO - Filling up the DagBag from /home/ubuntu/demo8/lib/python3.12/site-packages/airflow/example_dags/tutorial_dag.py
[2024-12-18T15:54:34.357+0000] {processor.py:925} INFO - DAG(s) 'tutorial_dag' retrieved from /home/ubuntu/demo8/lib/python3.12/site-packages/airflow/example_dags/tutorial_dag.py
[2024-12-18T15:54:34.381+0000] {logging_mixin.py:190} INFO - [2024-12-18T15:54:34.381+0000] {dag.py:3239} INFO - Sync 1 DAGs
[2024-12-18T15:54:34.395+0000] {logging_mixin.py:190} INFO - [2024-12-18T15:54:34.395+0000] {dag.py:4180} INFO - Setting next_dagrun for tutorial_dag to None, run_after=None
[2024-12-18T15:54:34.420+0000] {processor.py:208} INFO - Processing /home/ubuntu/demo8/lib/python3.12/site-packages/airflow/example_dags/tutorial_dag.py took 0.082 seconds
[2024-12-18T15:55:30.176+0000] {processor.py:186} INFO - Started process (PID=4806) to work on /home/ubuntu/demo8/lib/python3.12/site-packages/airflow/example_dags/tutorial_dag.py
[2024-12-18T15:55:30.177+0000] {processor.py:914} INFO - Processing file /home/ubuntu/demo8/lib/python3.12/site-packages/airflow/example_dags/tutorial_dag.py for tasks to queue
[2024-12-18T15:55:30.179+0000] {logging_mixin.py:190} INFO - [2024-12-18T15:55:30.179+0000] {dagbag.py:588} INFO - Filling up the DagBag from /home/ubuntu/demo8/lib/python3.12/site-packages/airflow/example_dags/tutorial_dag.py
[2024-12-18T15:55:30.188+0000] {processor.py:925} INFO - DAG(s) 'tutorial_dag' retrieved from /home/ubuntu/demo8/lib/python3.12/site-packages/airflow/example_dags/tutorial_dag.py
[2024-12-18T15:55:30.205+0000] {logging_mixin.py:190} INFO - [2024-12-18T15:55:30.205+0000] {dag.py:3239} INFO - Sync 1 DAGs
[2024-12-18T15:55:30.218+0000] {logging_mixin.py:190} INFO - [2024-12-18T15:55:30.218+0000] {dag.py:4180} INFO - Setting next_dagrun for tutorial_dag to None, run_after=None
[2024-12-18T15:55:30.241+0000] {processor.py:208} INFO - Processing /home/ubuntu/demo8/lib/python3.12/site-packages/airflow/example_dags/tutorial_dag.py took 0.071 seconds
[2024-12-18T15:56:23.240+0000] {processor.py:186} INFO - Started process (PID=4863) to work on /home/ubuntu/demo8/lib/python3.12/site-packages/airflow/example_dags/tutorial_dag.py
[2024-12-18T15:56:23.242+0000] {processor.py:914} INFO - Processing file /home/ubuntu/demo8/lib/python3.12/site-packages/airflow/example_dags/tutorial_dag.py for tasks to queue
[2024-12-18T15:56:23.244+0000] {logging_mixin.py:190} INFO - [2024-12-18T15:56:23.243+0000] {dagbag.py:588} INFO - Filling up the DagBag from /home/ubuntu/demo8/lib/python3.12/site-packages/airflow/example_dags/tutorial_dag.py
[2024-12-18T15:56:23.252+0000] {processor.py:925} INFO - DAG(s) 'tutorial_dag' retrieved from /home/ubuntu/demo8/lib/python3.12/site-packages/airflow/example_dags/tutorial_dag.py
[2024-12-18T15:56:23.269+0000] {logging_mixin.py:190} INFO - [2024-12-18T15:56:23.269+0000] {dag.py:3239} INFO - Sync 1 DAGs
[2024-12-18T15:56:23.282+0000] {logging_mixin.py:190} INFO - [2024-12-18T15:56:23.282+0000] {dag.py:4180} INFO - Setting next_dagrun for tutorial_dag to None, run_after=None
[2024-12-18T15:56:23.304+0000] {processor.py:208} INFO - Processing /home/ubuntu/demo8/lib/python3.12/site-packages/airflow/example_dags/tutorial_dag.py took 0.070 seconds
[2024-12-18T15:57:01.864+0000] {processor.py:186} INFO - Started process (PID=4895) to work on /home/ubuntu/demo8/lib/python3.12/site-packages/airflow/example_dags/tutorial_dag.py
[2024-12-18T15:57:01.866+0000] {processor.py:914} INFO - Processing file /home/ubuntu/demo8/lib/python3.12/site-packages/airflow/example_dags/tutorial_dag.py for tasks to queue
[2024-12-18T15:57:01.869+0000] {logging_mixin.py:190} INFO - [2024-12-18T15:57:01.868+0000] {dagbag.py:588} INFO - Filling up the DagBag from /home/ubuntu/demo8/lib/python3.12/site-packages/airflow/example_dags/tutorial_dag.py
[2024-12-18T15:57:01.877+0000] {processor.py:925} INFO - DAG(s) 'tutorial_dag' retrieved from /home/ubuntu/demo8/lib/python3.12/site-packages/airflow/example_dags/tutorial_dag.py
[2024-12-18T15:57:01.902+0000] {logging_mixin.py:190} INFO - [2024-12-18T15:57:01.901+0000] {dag.py:3239} INFO - Sync 1 DAGs
[2024-12-18T15:57:01.915+0000] {logging_mixin.py:190} INFO - [2024-12-18T15:57:01.915+0000] {dag.py:4180} INFO - Setting next_dagrun for tutorial_dag to None, run_after=None
[2024-12-18T15:57:01.941+0000] {processor.py:208} INFO - Processing /home/ubuntu/demo8/lib/python3.12/site-packages/airflow/example_dags/tutorial_dag.py took 0.082 seconds
[2024-12-18T15:57:57.691+0000] {processor.py:186} INFO - Started process (PID=4953) to work on /home/ubuntu/demo8/lib/python3.12/site-packages/airflow/example_dags/tutorial_dag.py
[2024-12-18T15:57:57.692+0000] {processor.py:914} INFO - Processing file /home/ubuntu/demo8/lib/python3.12/site-packages/airflow/example_dags/tutorial_dag.py for tasks to queue
[2024-12-18T15:57:57.695+0000] {logging_mixin.py:190} INFO - [2024-12-18T15:57:57.694+0000] {dagbag.py:588} INFO - Filling up the DagBag from /home/ubuntu/demo8/lib/python3.12/site-packages/airflow/example_dags/tutorial_dag.py
[2024-12-18T15:57:57.703+0000] {processor.py:925} INFO - DAG(s) 'tutorial_dag' retrieved from /home/ubuntu/demo8/lib/python3.12/site-packages/airflow/example_dags/tutorial_dag.py
[2024-12-18T15:57:57.720+0000] {logging_mixin.py:190} INFO - [2024-12-18T15:57:57.719+0000] {dag.py:3239} INFO - Sync 1 DAGs
[2024-12-18T15:57:57.733+0000] {logging_mixin.py:190} INFO - [2024-12-18T15:57:57.733+0000] {dag.py:4180} INFO - Setting next_dagrun for tutorial_dag to None, run_after=None
[2024-12-18T15:57:57.756+0000] {processor.py:208} INFO - Processing /home/ubuntu/demo8/lib/python3.12/site-packages/airflow/example_dags/tutorial_dag.py took 0.071 seconds
[2024-12-18T15:58:50.678+0000] {processor.py:186} INFO - Started process (PID=5008) to work on /home/ubuntu/demo8/lib/python3.12/site-packages/airflow/example_dags/tutorial_dag.py
[2024-12-18T15:58:50.680+0000] {processor.py:914} INFO - Processing file /home/ubuntu/demo8/lib/python3.12/site-packages/airflow/example_dags/tutorial_dag.py for tasks to queue
[2024-12-18T15:58:50.682+0000] {logging_mixin.py:190} INFO - [2024-12-18T15:58:50.681+0000] {dagbag.py:588} INFO - Filling up the DagBag from /home/ubuntu/demo8/lib/python3.12/site-packages/airflow/example_dags/tutorial_dag.py
[2024-12-18T15:58:50.690+0000] {processor.py:925} INFO - DAG(s) 'tutorial_dag' retrieved from /home/ubuntu/demo8/lib/python3.12/site-packages/airflow/example_dags/tutorial_dag.py
[2024-12-18T15:58:50.707+0000] {logging_mixin.py:190} INFO - [2024-12-18T15:58:50.707+0000] {dag.py:3239} INFO - Sync 1 DAGs
[2024-12-18T15:58:50.721+0000] {logging_mixin.py:190} INFO - [2024-12-18T15:58:50.720+0000] {dag.py:4180} INFO - Setting next_dagrun for tutorial_dag to None, run_after=None
[2024-12-18T15:58:50.743+0000] {processor.py:208} INFO - Processing /home/ubuntu/demo8/lib/python3.12/site-packages/airflow/example_dags/tutorial_dag.py took 0.071 seconds
[2024-12-18T16:00:00.679+0000] {processor.py:186} INFO - Started process (PID=5076) to work on /home/ubuntu/demo8/lib/python3.12/site-packages/airflow/example_dags/tutorial_dag.py
[2024-12-18T16:00:00.681+0000] {processor.py:914} INFO - Processing file /home/ubuntu/demo8/lib/python3.12/site-packages/airflow/example_dags/tutorial_dag.py for tasks to queue
[2024-12-18T16:00:00.684+0000] {logging_mixin.py:190} INFO - [2024-12-18T16:00:00.683+0000] {dagbag.py:588} INFO - Filling up the DagBag from /home/ubuntu/demo8/lib/python3.12/site-packages/airflow/example_dags/tutorial_dag.py
[2024-12-18T16:00:00.692+0000] {processor.py:925} INFO - DAG(s) 'tutorial_dag' retrieved from /home/ubuntu/demo8/lib/python3.12/site-packages/airflow/example_dags/tutorial_dag.py
[2024-12-18T16:00:00.715+0000] {logging_mixin.py:190} INFO - [2024-12-18T16:00:00.715+0000] {dag.py:3239} INFO - Sync 1 DAGs
[2024-12-18T16:00:00.729+0000] {logging_mixin.py:190} INFO - [2024-12-18T16:00:00.729+0000] {dag.py:4180} INFO - Setting next_dagrun for tutorial_dag to None, run_after=None
[2024-12-18T16:00:00.752+0000] {processor.py:208} INFO - Processing /home/ubuntu/demo8/lib/python3.12/site-packages/airflow/example_dags/tutorial_dag.py took 0.079 seconds
[2024-12-18T16:00:56.510+0000] {processor.py:186} INFO - Started process (PID=5137) to work on /home/ubuntu/demo8/lib/python3.12/site-packages/airflow/example_dags/tutorial_dag.py
[2024-12-18T16:00:56.511+0000] {processor.py:914} INFO - Processing file /home/ubuntu/demo8/lib/python3.12/site-packages/airflow/example_dags/tutorial_dag.py for tasks to queue
[2024-12-18T16:00:56.513+0000] {logging_mixin.py:190} INFO - [2024-12-18T16:00:56.513+0000] {dagbag.py:588} INFO - Filling up the DagBag from /home/ubuntu/demo8/lib/python3.12/site-packages/airflow/example_dags/tutorial_dag.py
[2024-12-18T16:00:56.522+0000] {processor.py:925} INFO - DAG(s) 'tutorial_dag' retrieved from /home/ubuntu/demo8/lib/python3.12/site-packages/airflow/example_dags/tutorial_dag.py
[2024-12-18T16:00:56.539+0000] {logging_mixin.py:190} INFO - [2024-12-18T16:00:56.539+0000] {dag.py:3239} INFO - Sync 1 DAGs
[2024-12-18T16:00:56.552+0000] {logging_mixin.py:190} INFO - [2024-12-18T16:00:56.552+0000] {dag.py:4180} INFO - Setting next_dagrun for tutorial_dag to None, run_after=None
[2024-12-18T16:00:56.575+0000] {processor.py:208} INFO - Processing /home/ubuntu/demo8/lib/python3.12/site-packages/airflow/example_dags/tutorial_dag.py took 0.072 seconds
[2024-12-18T16:01:49.521+0000] {processor.py:186} INFO - Started process (PID=5194) to work on /home/ubuntu/demo8/lib/python3.12/site-packages/airflow/example_dags/tutorial_dag.py
[2024-12-18T16:01:49.523+0000] {processor.py:914} INFO - Processing file /home/ubuntu/demo8/lib/python3.12/site-packages/airflow/example_dags/tutorial_dag.py for tasks to queue
[2024-12-18T16:01:49.525+0000] {logging_mixin.py:190} INFO - [2024-12-18T16:01:49.525+0000] {dagbag.py:588} INFO - Filling up the DagBag from /home/ubuntu/demo8/lib/python3.12/site-packages/airflow/example_dags/tutorial_dag.py
[2024-12-18T16:01:49.535+0000] {processor.py:925} INFO - DAG(s) 'tutorial_dag' retrieved from /home/ubuntu/demo8/lib/python3.12/site-packages/airflow/example_dags/tutorial_dag.py
[2024-12-18T16:01:49.576+0000] {logging_mixin.py:190} INFO - [2024-12-18T16:01:49.576+0000] {dag.py:3239} INFO - Sync 1 DAGs
[2024-12-18T16:01:49.591+0000] {logging_mixin.py:190} INFO - [2024-12-18T16:01:49.590+0000] {dag.py:4180} INFO - Setting next_dagrun for tutorial_dag to None, run_after=None
[2024-12-18T16:01:49.614+0000] {processor.py:208} INFO - Processing /home/ubuntu/demo8/lib/python3.12/site-packages/airflow/example_dags/tutorial_dag.py took 0.099 seconds
[2024-12-18T16:02:43.652+0000] {processor.py:186} INFO - Started process (PID=5249) to work on /home/ubuntu/demo8/lib/python3.12/site-packages/airflow/example_dags/tutorial_dag.py
[2024-12-18T16:02:43.653+0000] {processor.py:914} INFO - Processing file /home/ubuntu/demo8/lib/python3.12/site-packages/airflow/example_dags/tutorial_dag.py for tasks to queue
[2024-12-18T16:02:43.655+0000] {logging_mixin.py:190} INFO - [2024-12-18T16:02:43.655+0000] {dagbag.py:588} INFO - Filling up the DagBag from /home/ubuntu/demo8/lib/python3.12/site-packages/airflow/example_dags/tutorial_dag.py
[2024-12-18T16:02:43.664+0000] {processor.py:925} INFO - DAG(s) 'tutorial_dag' retrieved from /home/ubuntu/demo8/lib/python3.12/site-packages/airflow/example_dags/tutorial_dag.py
[2024-12-18T16:02:43.680+0000] {logging_mixin.py:190} INFO - [2024-12-18T16:02:43.680+0000] {dag.py:3239} INFO - Sync 1 DAGs
[2024-12-18T16:02:43.694+0000] {logging_mixin.py:190} INFO - [2024-12-18T16:02:43.694+0000] {dag.py:4180} INFO - Setting next_dagrun for tutorial_dag to None, run_after=None
[2024-12-18T16:02:43.717+0000] {processor.py:208} INFO - Processing /home/ubuntu/demo8/lib/python3.12/site-packages/airflow/example_dags/tutorial_dag.py took 0.071 seconds
[2024-12-18T16:03:37.936+0000] {processor.py:186} INFO - Started process (PID=5304) to work on /home/ubuntu/demo8/lib/python3.12/site-packages/airflow/example_dags/tutorial_dag.py
[2024-12-18T16:03:37.937+0000] {processor.py:914} INFO - Processing file /home/ubuntu/demo8/lib/python3.12/site-packages/airflow/example_dags/tutorial_dag.py for tasks to queue
[2024-12-18T16:03:37.939+0000] {logging_mixin.py:190} INFO - [2024-12-18T16:03:37.939+0000] {dagbag.py:588} INFO - Filling up the DagBag from /home/ubuntu/demo8/lib/python3.12/site-packages/airflow/example_dags/tutorial_dag.py
[2024-12-18T16:03:37.948+0000] {processor.py:925} INFO - DAG(s) 'tutorial_dag' retrieved from /home/ubuntu/demo8/lib/python3.12/site-packages/airflow/example_dags/tutorial_dag.py
[2024-12-18T16:03:37.965+0000] {logging_mixin.py:190} INFO - [2024-12-18T16:03:37.965+0000] {dag.py:3239} INFO - Sync 1 DAGs
[2024-12-18T16:03:37.979+0000] {logging_mixin.py:190} INFO - [2024-12-18T16:03:37.979+0000] {dag.py:4180} INFO - Setting next_dagrun for tutorial_dag to None, run_after=None
[2024-12-18T16:03:38.008+0000] {processor.py:208} INFO - Processing /home/ubuntu/demo8/lib/python3.12/site-packages/airflow/example_dags/tutorial_dag.py took 0.077 seconds
[2024-12-18T20:29:26.445+0000] {processor.py:186} INFO - Started process (PID=2696) to work on /home/ubuntu/demo8/lib/python3.12/site-packages/airflow/example_dags/tutorial_dag.py
[2024-12-18T20:29:26.450+0000] {processor.py:914} INFO - Processing file /home/ubuntu/demo8/lib/python3.12/site-packages/airflow/example_dags/tutorial_dag.py for tasks to queue
[2024-12-18T20:29:26.455+0000] {logging_mixin.py:190} INFO - [2024-12-18T20:29:26.453+0000] {dagbag.py:588} INFO - Filling up the DagBag from /home/ubuntu/demo8/lib/python3.12/site-packages/airflow/example_dags/tutorial_dag.py
[2024-12-18T20:29:26.465+0000] {processor.py:925} INFO - DAG(s) 'tutorial_dag' retrieved from /home/ubuntu/demo8/lib/python3.12/site-packages/airflow/example_dags/tutorial_dag.py
[2024-12-18T20:29:26.490+0000] {logging_mixin.py:190} INFO - [2024-12-18T20:29:26.490+0000] {dag.py:3239} INFO - Sync 1 DAGs
[2024-12-18T20:29:26.504+0000] {logging_mixin.py:190} INFO - [2024-12-18T20:29:26.503+0000] {dag.py:4180} INFO - Setting next_dagrun for tutorial_dag to None, run_after=None
[2024-12-18T20:29:26.528+0000] {processor.py:208} INFO - Processing /home/ubuntu/demo8/lib/python3.12/site-packages/airflow/example_dags/tutorial_dag.py took 0.091 seconds
[2024-12-18T20:30:23.529+0000] {processor.py:186} INFO - Started process (PID=2915) to work on /home/ubuntu/demo8/lib/python3.12/site-packages/airflow/example_dags/tutorial_dag.py
[2024-12-18T20:30:23.530+0000] {processor.py:914} INFO - Processing file /home/ubuntu/demo8/lib/python3.12/site-packages/airflow/example_dags/tutorial_dag.py for tasks to queue
[2024-12-18T20:30:23.533+0000] {logging_mixin.py:190} INFO - [2024-12-18T20:30:23.532+0000] {dagbag.py:588} INFO - Filling up the DagBag from /home/ubuntu/demo8/lib/python3.12/site-packages/airflow/example_dags/tutorial_dag.py
[2024-12-18T20:30:23.542+0000] {processor.py:925} INFO - DAG(s) 'tutorial_dag' retrieved from /home/ubuntu/demo8/lib/python3.12/site-packages/airflow/example_dags/tutorial_dag.py
[2024-12-18T20:30:23.558+0000] {logging_mixin.py:190} INFO - [2024-12-18T20:30:23.558+0000] {dag.py:3239} INFO - Sync 1 DAGs
[2024-12-18T20:30:23.571+0000] {logging_mixin.py:190} INFO - [2024-12-18T20:30:23.571+0000] {dag.py:4180} INFO - Setting next_dagrun for tutorial_dag to None, run_after=None
[2024-12-18T20:30:23.595+0000] {processor.py:208} INFO - Processing /home/ubuntu/demo8/lib/python3.12/site-packages/airflow/example_dags/tutorial_dag.py took 0.075 seconds
[2024-12-18T20:31:19.039+0000] {processor.py:186} INFO - Started process (PID=3130) to work on /home/ubuntu/demo8/lib/python3.12/site-packages/airflow/example_dags/tutorial_dag.py
[2024-12-18T20:31:19.041+0000] {processor.py:914} INFO - Processing file /home/ubuntu/demo8/lib/python3.12/site-packages/airflow/example_dags/tutorial_dag.py for tasks to queue
[2024-12-18T20:31:19.043+0000] {logging_mixin.py:190} INFO - [2024-12-18T20:31:19.043+0000] {dagbag.py:588} INFO - Filling up the DagBag from /home/ubuntu/demo8/lib/python3.12/site-packages/airflow/example_dags/tutorial_dag.py
[2024-12-18T20:31:19.052+0000] {processor.py:925} INFO - DAG(s) 'tutorial_dag' retrieved from /home/ubuntu/demo8/lib/python3.12/site-packages/airflow/example_dags/tutorial_dag.py
[2024-12-18T20:31:19.068+0000] {logging_mixin.py:190} INFO - [2024-12-18T20:31:19.068+0000] {dag.py:3239} INFO - Sync 1 DAGs
[2024-12-18T20:31:19.082+0000] {logging_mixin.py:190} INFO - [2024-12-18T20:31:19.082+0000] {dag.py:4180} INFO - Setting next_dagrun for tutorial_dag to None, run_after=None
[2024-12-18T20:31:19.104+0000] {processor.py:208} INFO - Processing /home/ubuntu/demo8/lib/python3.12/site-packages/airflow/example_dags/tutorial_dag.py took 0.071 seconds
[2024-12-18T20:32:15.424+0000] {processor.py:186} INFO - Started process (PID=3261) to work on /home/ubuntu/demo8/lib/python3.12/site-packages/airflow/example_dags/tutorial_dag.py
[2024-12-18T20:32:15.426+0000] {processor.py:914} INFO - Processing file /home/ubuntu/demo8/lib/python3.12/site-packages/airflow/example_dags/tutorial_dag.py for tasks to queue
[2024-12-18T20:32:15.428+0000] {logging_mixin.py:190} INFO - [2024-12-18T20:32:15.428+0000] {dagbag.py:588} INFO - Filling up the DagBag from /home/ubuntu/demo8/lib/python3.12/site-packages/airflow/example_dags/tutorial_dag.py
[2024-12-18T20:32:15.437+0000] {processor.py:925} INFO - DAG(s) 'tutorial_dag' retrieved from /home/ubuntu/demo8/lib/python3.12/site-packages/airflow/example_dags/tutorial_dag.py
[2024-12-18T20:32:15.453+0000] {logging_mixin.py:190} INFO - [2024-12-18T20:32:15.453+0000] {dag.py:3239} INFO - Sync 1 DAGs
[2024-12-18T20:32:15.467+0000] {logging_mixin.py:190} INFO - [2024-12-18T20:32:15.466+0000] {dag.py:4180} INFO - Setting next_dagrun for tutorial_dag to None, run_after=None
[2024-12-18T20:32:15.489+0000] {processor.py:208} INFO - Processing /home/ubuntu/demo8/lib/python3.12/site-packages/airflow/example_dags/tutorial_dag.py took 0.071 seconds
[2024-12-18T20:33:10.661+0000] {processor.py:186} INFO - Started process (PID=3441) to work on /home/ubuntu/demo8/lib/python3.12/site-packages/airflow/example_dags/tutorial_dag.py
[2024-12-18T20:33:10.663+0000] {processor.py:914} INFO - Processing file /home/ubuntu/demo8/lib/python3.12/site-packages/airflow/example_dags/tutorial_dag.py for tasks to queue
[2024-12-18T20:33:10.665+0000] {logging_mixin.py:190} INFO - [2024-12-18T20:33:10.665+0000] {dagbag.py:588} INFO - Filling up the DagBag from /home/ubuntu/demo8/lib/python3.12/site-packages/airflow/example_dags/tutorial_dag.py
[2024-12-18T20:33:10.674+0000] {processor.py:925} INFO - DAG(s) 'tutorial_dag' retrieved from /home/ubuntu/demo8/lib/python3.12/site-packages/airflow/example_dags/tutorial_dag.py
[2024-12-18T20:33:10.691+0000] {logging_mixin.py:190} INFO - [2024-12-18T20:33:10.691+0000] {dag.py:3239} INFO - Sync 1 DAGs
[2024-12-18T20:33:10.705+0000] {logging_mixin.py:190} INFO - [2024-12-18T20:33:10.705+0000] {dag.py:4180} INFO - Setting next_dagrun for tutorial_dag to None, run_after=None
[2024-12-18T20:33:10.728+0000] {processor.py:208} INFO - Processing /home/ubuntu/demo8/lib/python3.12/site-packages/airflow/example_dags/tutorial_dag.py took 0.072 seconds
[2024-12-18T20:34:07.687+0000] {processor.py:186} INFO - Started process (PID=3557) to work on /home/ubuntu/demo8/lib/python3.12/site-packages/airflow/example_dags/tutorial_dag.py
[2024-12-18T20:34:07.688+0000] {processor.py:914} INFO - Processing file /home/ubuntu/demo8/lib/python3.12/site-packages/airflow/example_dags/tutorial_dag.py for tasks to queue
[2024-12-18T20:34:07.691+0000] {logging_mixin.py:190} INFO - [2024-12-18T20:34:07.690+0000] {dagbag.py:588} INFO - Filling up the DagBag from /home/ubuntu/demo8/lib/python3.12/site-packages/airflow/example_dags/tutorial_dag.py
[2024-12-18T20:34:07.700+0000] {processor.py:925} INFO - DAG(s) 'tutorial_dag' retrieved from /home/ubuntu/demo8/lib/python3.12/site-packages/airflow/example_dags/tutorial_dag.py
[2024-12-18T20:34:07.717+0000] {logging_mixin.py:190} INFO - [2024-12-18T20:34:07.717+0000] {dag.py:3239} INFO - Sync 1 DAGs
[2024-12-18T20:34:07.866+0000] {logging_mixin.py:190} INFO - [2024-12-18T20:34:07.866+0000] {dag.py:4180} INFO - Setting next_dagrun for tutorial_dag to None, run_after=None
[2024-12-18T20:34:07.888+0000] {processor.py:208} INFO - Processing /home/ubuntu/demo8/lib/python3.12/site-packages/airflow/example_dags/tutorial_dag.py took 0.207 seconds
[2024-12-18T20:35:14.889+0000] {processor.py:186} INFO - Started process (PID=3747) to work on /home/ubuntu/demo8/lib/python3.12/site-packages/airflow/example_dags/tutorial_dag.py
[2024-12-18T20:35:14.890+0000] {processor.py:914} INFO - Processing file /home/ubuntu/demo8/lib/python3.12/site-packages/airflow/example_dags/tutorial_dag.py for tasks to queue
[2024-12-18T20:35:14.893+0000] {logging_mixin.py:190} INFO - [2024-12-18T20:35:14.892+0000] {dagbag.py:588} INFO - Filling up the DagBag from /home/ubuntu/demo8/lib/python3.12/site-packages/airflow/example_dags/tutorial_dag.py
[2024-12-18T20:35:14.902+0000] {processor.py:925} INFO - DAG(s) 'tutorial_dag' retrieved from /home/ubuntu/demo8/lib/python3.12/site-packages/airflow/example_dags/tutorial_dag.py
[2024-12-18T20:35:14.919+0000] {logging_mixin.py:190} INFO - [2024-12-18T20:35:14.919+0000] {dag.py:3239} INFO - Sync 1 DAGs
[2024-12-18T20:35:14.933+0000] {logging_mixin.py:190} INFO - [2024-12-18T20:35:14.933+0000] {dag.py:4180} INFO - Setting next_dagrun for tutorial_dag to None, run_after=None
[2024-12-18T20:35:14.957+0000] {processor.py:208} INFO - Processing /home/ubuntu/demo8/lib/python3.12/site-packages/airflow/example_dags/tutorial_dag.py took 0.074 seconds
[2024-12-18T20:36:12.678+0000] {processor.py:186} INFO - Started process (PID=3867) to work on /home/ubuntu/demo8/lib/python3.12/site-packages/airflow/example_dags/tutorial_dag.py
[2024-12-18T20:36:12.679+0000] {processor.py:914} INFO - Processing file /home/ubuntu/demo8/lib/python3.12/site-packages/airflow/example_dags/tutorial_dag.py for tasks to queue
[2024-12-18T20:36:12.682+0000] {logging_mixin.py:190} INFO - [2024-12-18T20:36:12.682+0000] {dagbag.py:588} INFO - Filling up the DagBag from /home/ubuntu/demo8/lib/python3.12/site-packages/airflow/example_dags/tutorial_dag.py
[2024-12-18T20:36:12.691+0000] {processor.py:925} INFO - DAG(s) 'tutorial_dag' retrieved from /home/ubuntu/demo8/lib/python3.12/site-packages/airflow/example_dags/tutorial_dag.py
[2024-12-18T20:36:12.708+0000] {logging_mixin.py:190} INFO - [2024-12-18T20:36:12.708+0000] {dag.py:3239} INFO - Sync 1 DAGs
[2024-12-18T20:36:12.722+0000] {logging_mixin.py:190} INFO - [2024-12-18T20:36:12.722+0000] {dag.py:4180} INFO - Setting next_dagrun for tutorial_dag to None, run_after=None
[2024-12-18T20:36:12.745+0000] {processor.py:208} INFO - Processing /home/ubuntu/demo8/lib/python3.12/site-packages/airflow/example_dags/tutorial_dag.py took 0.074 seconds
[2024-12-18T20:37:09.381+0000] {processor.py:186} INFO - Started process (PID=3987) to work on /home/ubuntu/demo8/lib/python3.12/site-packages/airflow/example_dags/tutorial_dag.py
[2024-12-18T20:37:09.382+0000] {processor.py:914} INFO - Processing file /home/ubuntu/demo8/lib/python3.12/site-packages/airflow/example_dags/tutorial_dag.py for tasks to queue
[2024-12-18T20:37:09.385+0000] {logging_mixin.py:190} INFO - [2024-12-18T20:37:09.384+0000] {dagbag.py:588} INFO - Filling up the DagBag from /home/ubuntu/demo8/lib/python3.12/site-packages/airflow/example_dags/tutorial_dag.py
[2024-12-18T20:37:09.394+0000] {processor.py:925} INFO - DAG(s) 'tutorial_dag' retrieved from /home/ubuntu/demo8/lib/python3.12/site-packages/airflow/example_dags/tutorial_dag.py
[2024-12-18T20:37:09.411+0000] {logging_mixin.py:190} INFO - [2024-12-18T20:37:09.410+0000] {dag.py:3239} INFO - Sync 1 DAGs
[2024-12-18T20:37:09.425+0000] {logging_mixin.py:190} INFO - [2024-12-18T20:37:09.424+0000] {dag.py:4180} INFO - Setting next_dagrun for tutorial_dag to None, run_after=None
[2024-12-18T20:37:09.448+0000] {processor.py:208} INFO - Processing /home/ubuntu/demo8/lib/python3.12/site-packages/airflow/example_dags/tutorial_dag.py took 0.073 seconds
[2024-12-18T20:38:03.200+0000] {processor.py:186} INFO - Started process (PID=4102) to work on /home/ubuntu/demo8/lib/python3.12/site-packages/airflow/example_dags/tutorial_dag.py
[2024-12-18T20:38:03.201+0000] {processor.py:914} INFO - Processing file /home/ubuntu/demo8/lib/python3.12/site-packages/airflow/example_dags/tutorial_dag.py for tasks to queue
[2024-12-18T20:38:03.204+0000] {logging_mixin.py:190} INFO - [2024-12-18T20:38:03.203+0000] {dagbag.py:588} INFO - Filling up the DagBag from /home/ubuntu/demo8/lib/python3.12/site-packages/airflow/example_dags/tutorial_dag.py
[2024-12-18T20:38:03.213+0000] {processor.py:925} INFO - DAG(s) 'tutorial_dag' retrieved from /home/ubuntu/demo8/lib/python3.12/site-packages/airflow/example_dags/tutorial_dag.py
[2024-12-18T20:38:03.230+0000] {logging_mixin.py:190} INFO - [2024-12-18T20:38:03.230+0000] {dag.py:3239} INFO - Sync 1 DAGs
[2024-12-18T20:38:03.244+0000] {logging_mixin.py:190} INFO - [2024-12-18T20:38:03.244+0000] {dag.py:4180} INFO - Setting next_dagrun for tutorial_dag to None, run_after=None
[2024-12-18T20:38:03.267+0000] {processor.py:208} INFO - Processing /home/ubuntu/demo8/lib/python3.12/site-packages/airflow/example_dags/tutorial_dag.py took 0.073 seconds
[2024-12-18T20:38:59.391+0000] {processor.py:186} INFO - Started process (PID=4221) to work on /home/ubuntu/demo8/lib/python3.12/site-packages/airflow/example_dags/tutorial_dag.py
[2024-12-18T20:38:59.393+0000] {processor.py:914} INFO - Processing file /home/ubuntu/demo8/lib/python3.12/site-packages/airflow/example_dags/tutorial_dag.py for tasks to queue
[2024-12-18T20:38:59.396+0000] {logging_mixin.py:190} INFO - [2024-12-18T20:38:59.395+0000] {dagbag.py:588} INFO - Filling up the DagBag from /home/ubuntu/demo8/lib/python3.12/site-packages/airflow/example_dags/tutorial_dag.py
[2024-12-18T20:38:59.405+0000] {processor.py:925} INFO - DAG(s) 'tutorial_dag' retrieved from /home/ubuntu/demo8/lib/python3.12/site-packages/airflow/example_dags/tutorial_dag.py
[2024-12-18T20:38:59.423+0000] {logging_mixin.py:190} INFO - [2024-12-18T20:38:59.422+0000] {dag.py:3239} INFO - Sync 1 DAGs
[2024-12-18T20:38:59.437+0000] {logging_mixin.py:190} INFO - [2024-12-18T20:38:59.437+0000] {dag.py:4180} INFO - Setting next_dagrun for tutorial_dag to None, run_after=None
[2024-12-18T20:38:59.461+0000] {processor.py:208} INFO - Processing /home/ubuntu/demo8/lib/python3.12/site-packages/airflow/example_dags/tutorial_dag.py took 0.076 seconds
[2024-12-18T20:39:55.941+0000] {processor.py:186} INFO - Started process (PID=4398) to work on /home/ubuntu/demo8/lib/python3.12/site-packages/airflow/example_dags/tutorial_dag.py
[2024-12-18T20:39:55.943+0000] {processor.py:914} INFO - Processing file /home/ubuntu/demo8/lib/python3.12/site-packages/airflow/example_dags/tutorial_dag.py for tasks to queue
[2024-12-18T20:39:55.945+0000] {logging_mixin.py:190} INFO - [2024-12-18T20:39:55.945+0000] {dagbag.py:588} INFO - Filling up the DagBag from /home/ubuntu/demo8/lib/python3.12/site-packages/airflow/example_dags/tutorial_dag.py
[2024-12-18T20:39:55.955+0000] {processor.py:925} INFO - DAG(s) 'tutorial_dag' retrieved from /home/ubuntu/demo8/lib/python3.12/site-packages/airflow/example_dags/tutorial_dag.py
[2024-12-18T20:39:55.972+0000] {logging_mixin.py:190} INFO - [2024-12-18T20:39:55.972+0000] {dag.py:3239} INFO - Sync 1 DAGs
[2024-12-18T20:39:55.987+0000] {logging_mixin.py:190} INFO - [2024-12-18T20:39:55.986+0000] {dag.py:4180} INFO - Setting next_dagrun for tutorial_dag to None, run_after=None
[2024-12-18T20:39:56.010+0000] {processor.py:208} INFO - Processing /home/ubuntu/demo8/lib/python3.12/site-packages/airflow/example_dags/tutorial_dag.py took 0.075 seconds
[2024-12-18T20:40:52.683+0000] {processor.py:186} INFO - Started process (PID=4535) to work on /home/ubuntu/demo8/lib/python3.12/site-packages/airflow/example_dags/tutorial_dag.py
[2024-12-18T20:40:52.685+0000] {processor.py:914} INFO - Processing file /home/ubuntu/demo8/lib/python3.12/site-packages/airflow/example_dags/tutorial_dag.py for tasks to queue
[2024-12-18T20:40:52.687+0000] {logging_mixin.py:190} INFO - [2024-12-18T20:40:52.687+0000] {dagbag.py:588} INFO - Filling up the DagBag from /home/ubuntu/demo8/lib/python3.12/site-packages/airflow/example_dags/tutorial_dag.py
[2024-12-18T20:40:52.697+0000] {processor.py:925} INFO - DAG(s) 'tutorial_dag' retrieved from /home/ubuntu/demo8/lib/python3.12/site-packages/airflow/example_dags/tutorial_dag.py
[2024-12-18T20:40:52.715+0000] {logging_mixin.py:190} INFO - [2024-12-18T20:40:52.714+0000] {dag.py:3239} INFO - Sync 1 DAGs
[2024-12-18T20:40:52.730+0000] {logging_mixin.py:190} INFO - [2024-12-18T20:40:52.729+0000] {dag.py:4180} INFO - Setting next_dagrun for tutorial_dag to None, run_after=None
[2024-12-18T20:40:52.752+0000] {processor.py:208} INFO - Processing /home/ubuntu/demo8/lib/python3.12/site-packages/airflow/example_dags/tutorial_dag.py took 0.075 seconds
[2024-12-18T20:41:46.537+0000] {processor.py:186} INFO - Started process (PID=4654) to work on /home/ubuntu/demo8/lib/python3.12/site-packages/airflow/example_dags/tutorial_dag.py
[2024-12-18T20:41:46.539+0000] {processor.py:914} INFO - Processing file /home/ubuntu/demo8/lib/python3.12/site-packages/airflow/example_dags/tutorial_dag.py for tasks to queue
[2024-12-18T20:41:46.542+0000] {logging_mixin.py:190} INFO - [2024-12-18T20:41:46.541+0000] {dagbag.py:588} INFO - Filling up the DagBag from /home/ubuntu/demo8/lib/python3.12/site-packages/airflow/example_dags/tutorial_dag.py
[2024-12-18T20:41:46.551+0000] {processor.py:925} INFO - DAG(s) 'tutorial_dag' retrieved from /home/ubuntu/demo8/lib/python3.12/site-packages/airflow/example_dags/tutorial_dag.py
[2024-12-18T20:41:46.569+0000] {logging_mixin.py:190} INFO - [2024-12-18T20:41:46.569+0000] {dag.py:3239} INFO - Sync 1 DAGs
[2024-12-18T20:41:46.586+0000] {logging_mixin.py:190} INFO - [2024-12-18T20:41:46.586+0000] {dag.py:4180} INFO - Setting next_dagrun for tutorial_dag to None, run_after=None
[2024-12-18T20:41:46.619+0000] {processor.py:208} INFO - Processing /home/ubuntu/demo8/lib/python3.12/site-packages/airflow/example_dags/tutorial_dag.py took 0.088 seconds
[2024-12-18T20:42:39.189+0000] {processor.py:186} INFO - Started process (PID=4767) to work on /home/ubuntu/demo8/lib/python3.12/site-packages/airflow/example_dags/tutorial_dag.py
[2024-12-18T20:42:39.191+0000] {processor.py:914} INFO - Processing file /home/ubuntu/demo8/lib/python3.12/site-packages/airflow/example_dags/tutorial_dag.py for tasks to queue
[2024-12-18T20:42:39.194+0000] {logging_mixin.py:190} INFO - [2024-12-18T20:42:39.193+0000] {dagbag.py:588} INFO - Filling up the DagBag from /home/ubuntu/demo8/lib/python3.12/site-packages/airflow/example_dags/tutorial_dag.py
[2024-12-18T20:42:39.203+0000] {processor.py:925} INFO - DAG(s) 'tutorial_dag' retrieved from /home/ubuntu/demo8/lib/python3.12/site-packages/airflow/example_dags/tutorial_dag.py
[2024-12-18T20:42:39.220+0000] {logging_mixin.py:190} INFO - [2024-12-18T20:42:39.220+0000] {dag.py:3239} INFO - Sync 1 DAGs
[2024-12-18T20:42:39.235+0000] {logging_mixin.py:190} INFO - [2024-12-18T20:42:39.234+0000] {dag.py:4180} INFO - Setting next_dagrun for tutorial_dag to None, run_after=None
[2024-12-18T20:42:39.258+0000] {processor.py:208} INFO - Processing /home/ubuntu/demo8/lib/python3.12/site-packages/airflow/example_dags/tutorial_dag.py took 0.075 seconds
[2024-12-18T20:43:33.677+0000] {processor.py:186} INFO - Started process (PID=4884) to work on /home/ubuntu/demo8/lib/python3.12/site-packages/airflow/example_dags/tutorial_dag.py
[2024-12-18T20:43:33.678+0000] {processor.py:914} INFO - Processing file /home/ubuntu/demo8/lib/python3.12/site-packages/airflow/example_dags/tutorial_dag.py for tasks to queue
[2024-12-18T20:43:33.681+0000] {logging_mixin.py:190} INFO - [2024-12-18T20:43:33.680+0000] {dagbag.py:588} INFO - Filling up the DagBag from /home/ubuntu/demo8/lib/python3.12/site-packages/airflow/example_dags/tutorial_dag.py
[2024-12-18T20:43:33.690+0000] {processor.py:925} INFO - DAG(s) 'tutorial_dag' retrieved from /home/ubuntu/demo8/lib/python3.12/site-packages/airflow/example_dags/tutorial_dag.py
[2024-12-18T20:43:33.707+0000] {logging_mixin.py:190} INFO - [2024-12-18T20:43:33.707+0000] {dag.py:3239} INFO - Sync 1 DAGs
[2024-12-18T20:43:33.721+0000] {logging_mixin.py:190} INFO - [2024-12-18T20:43:33.721+0000] {dag.py:4180} INFO - Setting next_dagrun for tutorial_dag to None, run_after=None
[2024-12-18T20:43:33.744+0000] {processor.py:208} INFO - Processing /home/ubuntu/demo8/lib/python3.12/site-packages/airflow/example_dags/tutorial_dag.py took 0.073 seconds
[2024-12-18T20:44:27.580+0000] {processor.py:186} INFO - Started process (PID=5060) to work on /home/ubuntu/demo8/lib/python3.12/site-packages/airflow/example_dags/tutorial_dag.py
[2024-12-18T20:44:27.582+0000] {processor.py:914} INFO - Processing file /home/ubuntu/demo8/lib/python3.12/site-packages/airflow/example_dags/tutorial_dag.py for tasks to queue
[2024-12-18T20:44:27.584+0000] {logging_mixin.py:190} INFO - [2024-12-18T20:44:27.584+0000] {dagbag.py:588} INFO - Filling up the DagBag from /home/ubuntu/demo8/lib/python3.12/site-packages/airflow/example_dags/tutorial_dag.py
[2024-12-18T20:44:27.593+0000] {processor.py:925} INFO - DAG(s) 'tutorial_dag' retrieved from /home/ubuntu/demo8/lib/python3.12/site-packages/airflow/example_dags/tutorial_dag.py
[2024-12-18T20:44:27.611+0000] {logging_mixin.py:190} INFO - [2024-12-18T20:44:27.611+0000] {dag.py:3239} INFO - Sync 1 DAGs
[2024-12-18T20:44:27.625+0000] {logging_mixin.py:190} INFO - [2024-12-18T20:44:27.625+0000] {dag.py:4180} INFO - Setting next_dagrun for tutorial_dag to None, run_after=None
[2024-12-18T20:44:27.648+0000] {processor.py:208} INFO - Processing /home/ubuntu/demo8/lib/python3.12/site-packages/airflow/example_dags/tutorial_dag.py took 0.074 seconds
[2024-12-18T20:45:20.705+0000] {processor.py:186} INFO - Started process (PID=5182) to work on /home/ubuntu/demo8/lib/python3.12/site-packages/airflow/example_dags/tutorial_dag.py
[2024-12-18T20:45:20.707+0000] {processor.py:914} INFO - Processing file /home/ubuntu/demo8/lib/python3.12/site-packages/airflow/example_dags/tutorial_dag.py for tasks to queue
[2024-12-18T20:45:20.709+0000] {logging_mixin.py:190} INFO - [2024-12-18T20:45:20.709+0000] {dagbag.py:588} INFO - Filling up the DagBag from /home/ubuntu/demo8/lib/python3.12/site-packages/airflow/example_dags/tutorial_dag.py
[2024-12-18T20:45:20.718+0000] {processor.py:925} INFO - DAG(s) 'tutorial_dag' retrieved from /home/ubuntu/demo8/lib/python3.12/site-packages/airflow/example_dags/tutorial_dag.py
[2024-12-18T20:45:20.735+0000] {logging_mixin.py:190} INFO - [2024-12-18T20:45:20.735+0000] {dag.py:3239} INFO - Sync 1 DAGs
[2024-12-18T20:45:20.752+0000] {logging_mixin.py:190} INFO - [2024-12-18T20:45:20.750+0000] {dag.py:4180} INFO - Setting next_dagrun for tutorial_dag to None, run_after=None
[2024-12-18T20:45:20.782+0000] {processor.py:208} INFO - Processing /home/ubuntu/demo8/lib/python3.12/site-packages/airflow/example_dags/tutorial_dag.py took 0.083 seconds
[2024-12-18T20:47:04.183+0000] {processor.py:186} INFO - Started process (PID=5753) to work on /home/ubuntu/demo8/lib/python3.12/site-packages/airflow/example_dags/tutorial_dag.py
[2024-12-18T20:47:04.185+0000] {processor.py:914} INFO - Processing file /home/ubuntu/demo8/lib/python3.12/site-packages/airflow/example_dags/tutorial_dag.py for tasks to queue
[2024-12-18T20:47:04.188+0000] {logging_mixin.py:190} INFO - [2024-12-18T20:47:04.187+0000] {dagbag.py:588} INFO - Filling up the DagBag from /home/ubuntu/demo8/lib/python3.12/site-packages/airflow/example_dags/tutorial_dag.py
[2024-12-18T20:47:04.198+0000] {processor.py:925} INFO - DAG(s) 'tutorial_dag' retrieved from /home/ubuntu/demo8/lib/python3.12/site-packages/airflow/example_dags/tutorial_dag.py
[2024-12-18T20:47:04.224+0000] {logging_mixin.py:190} INFO - [2024-12-18T20:47:04.224+0000] {dag.py:3239} INFO - Sync 1 DAGs
[2024-12-18T20:47:04.241+0000] {logging_mixin.py:190} INFO - [2024-12-18T20:47:04.241+0000] {dag.py:4180} INFO - Setting next_dagrun for tutorial_dag to None, run_after=None
[2024-12-18T20:47:04.266+0000] {processor.py:208} INFO - Processing /home/ubuntu/demo8/lib/python3.12/site-packages/airflow/example_dags/tutorial_dag.py took 0.090 seconds
[2024-12-18T20:48:03.318+0000] {processor.py:186} INFO - Started process (PID=5932) to work on /home/ubuntu/demo8/lib/python3.12/site-packages/airflow/example_dags/tutorial_dag.py
[2024-12-18T20:48:03.319+0000] {processor.py:914} INFO - Processing file /home/ubuntu/demo8/lib/python3.12/site-packages/airflow/example_dags/tutorial_dag.py for tasks to queue
[2024-12-18T20:48:03.323+0000] {logging_mixin.py:190} INFO - [2024-12-18T20:48:03.322+0000] {dagbag.py:588} INFO - Filling up the DagBag from /home/ubuntu/demo8/lib/python3.12/site-packages/airflow/example_dags/tutorial_dag.py
[2024-12-18T20:48:03.332+0000] {processor.py:925} INFO - DAG(s) 'tutorial_dag' retrieved from /home/ubuntu/demo8/lib/python3.12/site-packages/airflow/example_dags/tutorial_dag.py
[2024-12-18T20:48:03.351+0000] {logging_mixin.py:190} INFO - [2024-12-18T20:48:03.351+0000] {dag.py:3239} INFO - Sync 1 DAGs
[2024-12-18T20:48:03.368+0000] {logging_mixin.py:190} INFO - [2024-12-18T20:48:03.368+0000] {dag.py:4180} INFO - Setting next_dagrun for tutorial_dag to None, run_after=None
[2024-12-18T20:48:03.402+0000] {processor.py:208} INFO - Processing /home/ubuntu/demo8/lib/python3.12/site-packages/airflow/example_dags/tutorial_dag.py took 0.091 seconds
[2024-12-18T20:49:01.036+0000] {processor.py:186} INFO - Started process (PID=6414) to work on /home/ubuntu/demo8/lib/python3.12/site-packages/airflow/example_dags/tutorial_dag.py
[2024-12-18T20:49:01.038+0000] {processor.py:914} INFO - Processing file /home/ubuntu/demo8/lib/python3.12/site-packages/airflow/example_dags/tutorial_dag.py for tasks to queue
[2024-12-18T20:49:01.040+0000] {logging_mixin.py:190} INFO - [2024-12-18T20:49:01.040+0000] {dagbag.py:588} INFO - Filling up the DagBag from /home/ubuntu/demo8/lib/python3.12/site-packages/airflow/example_dags/tutorial_dag.py
[2024-12-18T20:49:01.049+0000] {processor.py:925} INFO - DAG(s) 'tutorial_dag' retrieved from /home/ubuntu/demo8/lib/python3.12/site-packages/airflow/example_dags/tutorial_dag.py
[2024-12-18T20:49:01.067+0000] {logging_mixin.py:190} INFO - [2024-12-18T20:49:01.067+0000] {dag.py:3239} INFO - Sync 1 DAGs
[2024-12-18T20:49:01.081+0000] {logging_mixin.py:190} INFO - [2024-12-18T20:49:01.080+0000] {dag.py:4180} INFO - Setting next_dagrun for tutorial_dag to None, run_after=None
[2024-12-18T20:49:01.106+0000] {processor.py:208} INFO - Processing /home/ubuntu/demo8/lib/python3.12/site-packages/airflow/example_dags/tutorial_dag.py took 0.076 seconds
[2024-12-18T20:49:53.577+0000] {processor.py:186} INFO - Started process (PID=6528) to work on /home/ubuntu/demo8/lib/python3.12/site-packages/airflow/example_dags/tutorial_dag.py
[2024-12-18T20:49:53.580+0000] {processor.py:914} INFO - Processing file /home/ubuntu/demo8/lib/python3.12/site-packages/airflow/example_dags/tutorial_dag.py for tasks to queue
[2024-12-18T20:49:53.582+0000] {logging_mixin.py:190} INFO - [2024-12-18T20:49:53.582+0000] {dagbag.py:588} INFO - Filling up the DagBag from /home/ubuntu/demo8/lib/python3.12/site-packages/airflow/example_dags/tutorial_dag.py
[2024-12-18T20:49:53.593+0000] {processor.py:925} INFO - DAG(s) 'tutorial_dag' retrieved from /home/ubuntu/demo8/lib/python3.12/site-packages/airflow/example_dags/tutorial_dag.py
[2024-12-18T20:49:53.611+0000] {logging_mixin.py:190} INFO - [2024-12-18T20:49:53.610+0000] {dag.py:3239} INFO - Sync 1 DAGs
[2024-12-18T20:49:53.626+0000] {logging_mixin.py:190} INFO - [2024-12-18T20:49:53.626+0000] {dag.py:4180} INFO - Setting next_dagrun for tutorial_dag to None, run_after=None
[2024-12-18T20:49:53.651+0000] {processor.py:208} INFO - Processing /home/ubuntu/demo8/lib/python3.12/site-packages/airflow/example_dags/tutorial_dag.py took 0.080 seconds
[2024-12-18T20:50:52.174+0000] {processor.py:186} INFO - Started process (PID=6832) to work on /home/ubuntu/demo8/lib/python3.12/site-packages/airflow/example_dags/tutorial_dag.py
[2024-12-18T20:50:52.175+0000] {processor.py:914} INFO - Processing file /home/ubuntu/demo8/lib/python3.12/site-packages/airflow/example_dags/tutorial_dag.py for tasks to queue
[2024-12-18T20:50:52.178+0000] {logging_mixin.py:190} INFO - [2024-12-18T20:50:52.177+0000] {dagbag.py:588} INFO - Filling up the DagBag from /home/ubuntu/demo8/lib/python3.12/site-packages/airflow/example_dags/tutorial_dag.py
[2024-12-18T20:50:52.193+0000] {processor.py:925} INFO - DAG(s) 'tutorial_dag' retrieved from /home/ubuntu/demo8/lib/python3.12/site-packages/airflow/example_dags/tutorial_dag.py
[2024-12-18T20:50:52.212+0000] {logging_mixin.py:190} INFO - [2024-12-18T20:50:52.212+0000] {dag.py:3239} INFO - Sync 1 DAGs
[2024-12-18T20:50:52.226+0000] {logging_mixin.py:190} INFO - [2024-12-18T20:50:52.226+0000] {dag.py:4180} INFO - Setting next_dagrun for tutorial_dag to None, run_after=None
[2024-12-18T20:50:52.249+0000] {processor.py:208} INFO - Processing /home/ubuntu/demo8/lib/python3.12/site-packages/airflow/example_dags/tutorial_dag.py took 0.081 seconds
[2024-12-18T20:51:44.745+0000] {processor.py:186} INFO - Started process (PID=7060) to work on /home/ubuntu/demo8/lib/python3.12/site-packages/airflow/example_dags/tutorial_dag.py
[2024-12-18T20:51:44.747+0000] {processor.py:914} INFO - Processing file /home/ubuntu/demo8/lib/python3.12/site-packages/airflow/example_dags/tutorial_dag.py for tasks to queue
[2024-12-18T20:51:44.749+0000] {logging_mixin.py:190} INFO - [2024-12-18T20:51:44.749+0000] {dagbag.py:588} INFO - Filling up the DagBag from /home/ubuntu/demo8/lib/python3.12/site-packages/airflow/example_dags/tutorial_dag.py
[2024-12-18T20:51:44.758+0000] {processor.py:925} INFO - DAG(s) 'tutorial_dag' retrieved from /home/ubuntu/demo8/lib/python3.12/site-packages/airflow/example_dags/tutorial_dag.py
[2024-12-18T20:51:44.775+0000] {logging_mixin.py:190} INFO - [2024-12-18T20:51:44.775+0000] {dag.py:3239} INFO - Sync 1 DAGs
[2024-12-18T20:51:44.790+0000] {logging_mixin.py:190} INFO - [2024-12-18T20:51:44.790+0000] {dag.py:4180} INFO - Setting next_dagrun for tutorial_dag to None, run_after=None
[2024-12-18T20:51:44.814+0000] {processor.py:208} INFO - Processing /home/ubuntu/demo8/lib/python3.12/site-packages/airflow/example_dags/tutorial_dag.py took 0.075 seconds
