[2024-12-18T15:44:10.602+0000] {processor.py:186} INFO - Started process (PID=3639) to work on /home/ubuntu/demo8/lib/python3.12/site-packages/airflow/example_dags/tutorial_taskflow_templates.py
[2024-12-18T15:44:10.602+0000] {processor.py:914} INFO - Processing file /home/ubuntu/demo8/lib/python3.12/site-packages/airflow/example_dags/tutorial_taskflow_templates.py for tasks to queue
[2024-12-18T15:44:10.604+0000] {logging_mixin.py:190} INFO - [2024-12-18T15:44:10.604+0000] {dagbag.py:588} INFO - Filling up the DagBag from /home/ubuntu/demo8/lib/python3.12/site-packages/airflow/example_dags/tutorial_taskflow_templates.py
[2024-12-18T15:44:10.619+0000] {processor.py:925} INFO - DAG(s) 'tutorial_taskflow_templates' retrieved from /home/ubuntu/demo8/lib/python3.12/site-packages/airflow/example_dags/tutorial_taskflow_templates.py
[2024-12-18T15:44:10.745+0000] {logging_mixin.py:190} INFO - [2024-12-18T15:44:10.744+0000] {override.py:1911} INFO - Created Permission View: can read on DAG:tutorial_taskflow_templates
[2024-12-18T15:44:10.757+0000] {logging_mixin.py:190} INFO - [2024-12-18T15:44:10.757+0000] {override.py:1911} INFO - Created Permission View: can delete on DAG:tutorial_taskflow_templates
[2024-12-18T15:44:10.766+0000] {logging_mixin.py:190} INFO - [2024-12-18T15:44:10.766+0000] {override.py:1911} INFO - Created Permission View: can edit on DAG:tutorial_taskflow_templates
[2024-12-18T15:44:10.781+0000] {logging_mixin.py:190} INFO - [2024-12-18T15:44:10.780+0000] {override.py:1911} INFO - Created Permission View: can create on DAG Run:tutorial_taskflow_templates
[2024-12-18T15:44:10.790+0000] {logging_mixin.py:190} INFO - [2024-12-18T15:44:10.789+0000] {override.py:1911} INFO - Created Permission View: can read on DAG Run:tutorial_taskflow_templates
[2024-12-18T15:44:10.799+0000] {logging_mixin.py:190} INFO - [2024-12-18T15:44:10.799+0000] {override.py:1911} INFO - Created Permission View: menu access on DAG Run:tutorial_taskflow_templates
[2024-12-18T15:44:10.808+0000] {logging_mixin.py:190} INFO - [2024-12-18T15:44:10.808+0000] {override.py:1911} INFO - Created Permission View: can delete on DAG Run:tutorial_taskflow_templates
[2024-12-18T15:44:10.809+0000] {logging_mixin.py:190} INFO - [2024-12-18T15:44:10.808+0000] {dag.py:3239} INFO - Sync 1 DAGs
[2024-12-18T15:44:10.821+0000] {logging_mixin.py:190} INFO - [2024-12-18T15:44:10.820+0000] {dag.py:3262} INFO - Creating ORM DAG for tutorial_taskflow_templates
[2024-12-18T15:44:10.832+0000] {logging_mixin.py:190} INFO - [2024-12-18T15:44:10.832+0000] {dag.py:4180} INFO - Setting next_dagrun for tutorial_taskflow_templates to 2024-12-17 00:00:00+00:00, run_after=2024-12-18 00:00:00+00:00
[2024-12-18T15:44:10.850+0000] {processor.py:208} INFO - Processing /home/ubuntu/demo8/lib/python3.12/site-packages/airflow/example_dags/tutorial_taskflow_templates.py took 0.254 seconds
[2024-12-18T15:45:20.854+0000] {processor.py:186} INFO - Started process (PID=3736) to work on /home/ubuntu/demo8/lib/python3.12/site-packages/airflow/example_dags/tutorial_taskflow_templates.py
[2024-12-18T15:45:20.856+0000] {processor.py:914} INFO - Processing file /home/ubuntu/demo8/lib/python3.12/site-packages/airflow/example_dags/tutorial_taskflow_templates.py for tasks to queue
[2024-12-18T15:45:20.858+0000] {logging_mixin.py:190} INFO - [2024-12-18T15:45:20.858+0000] {dagbag.py:588} INFO - Filling up the DagBag from /home/ubuntu/demo8/lib/python3.12/site-packages/airflow/example_dags/tutorial_taskflow_templates.py
[2024-12-18T15:45:20.873+0000] {processor.py:925} INFO - DAG(s) 'tutorial_taskflow_templates' retrieved from /home/ubuntu/demo8/lib/python3.12/site-packages/airflow/example_dags/tutorial_taskflow_templates.py
[2024-12-18T15:45:20.891+0000] {logging_mixin.py:190} INFO - [2024-12-18T15:45:20.890+0000] {dag.py:3239} INFO - Sync 1 DAGs
[2024-12-18T15:45:20.914+0000] {logging_mixin.py:190} INFO - [2024-12-18T15:45:20.914+0000] {dag.py:4180} INFO - Setting next_dagrun for tutorial_taskflow_templates to 2024-12-17 00:00:00+00:00, run_after=2024-12-18 00:00:00+00:00
[2024-12-18T15:45:20.936+0000] {processor.py:208} INFO - Processing /home/ubuntu/demo8/lib/python3.12/site-packages/airflow/example_dags/tutorial_taskflow_templates.py took 0.088 seconds
[2024-12-18T15:46:18.332+0000] {processor.py:186} INFO - Started process (PID=3795) to work on /home/ubuntu/demo8/lib/python3.12/site-packages/airflow/example_dags/tutorial_taskflow_templates.py
[2024-12-18T15:46:18.334+0000] {processor.py:914} INFO - Processing file /home/ubuntu/demo8/lib/python3.12/site-packages/airflow/example_dags/tutorial_taskflow_templates.py for tasks to queue
[2024-12-18T15:46:18.336+0000] {logging_mixin.py:190} INFO - [2024-12-18T15:46:18.335+0000] {dagbag.py:588} INFO - Filling up the DagBag from /home/ubuntu/demo8/lib/python3.12/site-packages/airflow/example_dags/tutorial_taskflow_templates.py
[2024-12-18T15:46:18.350+0000] {processor.py:925} INFO - DAG(s) 'tutorial_taskflow_templates' retrieved from /home/ubuntu/demo8/lib/python3.12/site-packages/airflow/example_dags/tutorial_taskflow_templates.py
[2024-12-18T15:46:18.367+0000] {logging_mixin.py:190} INFO - [2024-12-18T15:46:18.367+0000] {dag.py:3239} INFO - Sync 1 DAGs
[2024-12-18T15:46:18.390+0000] {logging_mixin.py:190} INFO - [2024-12-18T15:46:18.390+0000] {dag.py:4180} INFO - Setting next_dagrun for tutorial_taskflow_templates to 2024-12-17 00:00:00+00:00, run_after=2024-12-18 00:00:00+00:00
[2024-12-18T15:46:18.412+0000] {processor.py:208} INFO - Processing /home/ubuntu/demo8/lib/python3.12/site-packages/airflow/example_dags/tutorial_taskflow_templates.py took 0.086 seconds
[2024-12-18T15:47:13.321+0000] {processor.py:186} INFO - Started process (PID=4260) to work on /home/ubuntu/demo8/lib/python3.12/site-packages/airflow/example_dags/tutorial_taskflow_templates.py
[2024-12-18T15:47:13.323+0000] {processor.py:914} INFO - Processing file /home/ubuntu/demo8/lib/python3.12/site-packages/airflow/example_dags/tutorial_taskflow_templates.py for tasks to queue
[2024-12-18T15:47:13.325+0000] {logging_mixin.py:190} INFO - [2024-12-18T15:47:13.325+0000] {dagbag.py:588} INFO - Filling up the DagBag from /home/ubuntu/demo8/lib/python3.12/site-packages/airflow/example_dags/tutorial_taskflow_templates.py
[2024-12-18T15:47:13.349+0000] {processor.py:925} INFO - DAG(s) 'tutorial_taskflow_templates' retrieved from /home/ubuntu/demo8/lib/python3.12/site-packages/airflow/example_dags/tutorial_taskflow_templates.py
[2024-12-18T15:47:13.369+0000] {logging_mixin.py:190} INFO - [2024-12-18T15:47:13.369+0000] {dag.py:3239} INFO - Sync 1 DAGs
[2024-12-18T15:47:13.392+0000] {logging_mixin.py:190} INFO - [2024-12-18T15:47:13.392+0000] {dag.py:4180} INFO - Setting next_dagrun for tutorial_taskflow_templates to 2024-12-17 00:00:00+00:00, run_after=2024-12-18 00:00:00+00:00
[2024-12-18T15:47:13.415+0000] {processor.py:208} INFO - Processing /home/ubuntu/demo8/lib/python3.12/site-packages/airflow/example_dags/tutorial_taskflow_templates.py took 0.100 seconds
[2024-12-18T15:48:08.809+0000] {processor.py:186} INFO - Started process (PID=4316) to work on /home/ubuntu/demo8/lib/python3.12/site-packages/airflow/example_dags/tutorial_taskflow_templates.py
[2024-12-18T15:48:08.810+0000] {processor.py:914} INFO - Processing file /home/ubuntu/demo8/lib/python3.12/site-packages/airflow/example_dags/tutorial_taskflow_templates.py for tasks to queue
[2024-12-18T15:48:08.812+0000] {logging_mixin.py:190} INFO - [2024-12-18T15:48:08.812+0000] {dagbag.py:588} INFO - Filling up the DagBag from /home/ubuntu/demo8/lib/python3.12/site-packages/airflow/example_dags/tutorial_taskflow_templates.py
[2024-12-18T15:48:08.828+0000] {processor.py:925} INFO - DAG(s) 'tutorial_taskflow_templates' retrieved from /home/ubuntu/demo8/lib/python3.12/site-packages/airflow/example_dags/tutorial_taskflow_templates.py
[2024-12-18T15:48:08.845+0000] {logging_mixin.py:190} INFO - [2024-12-18T15:48:08.845+0000] {dag.py:3239} INFO - Sync 1 DAGs
[2024-12-18T15:48:08.869+0000] {logging_mixin.py:190} INFO - [2024-12-18T15:48:08.868+0000] {dag.py:4180} INFO - Setting next_dagrun for tutorial_taskflow_templates to 2024-12-17 00:00:00+00:00, run_after=2024-12-18 00:00:00+00:00
[2024-12-18T15:48:08.907+0000] {processor.py:208} INFO - Processing /home/ubuntu/demo8/lib/python3.12/site-packages/airflow/example_dags/tutorial_taskflow_templates.py took 0.104 seconds
[2024-12-18T15:49:02.286+0000] {processor.py:186} INFO - Started process (PID=4370) to work on /home/ubuntu/demo8/lib/python3.12/site-packages/airflow/example_dags/tutorial_taskflow_templates.py
[2024-12-18T15:49:02.287+0000] {processor.py:914} INFO - Processing file /home/ubuntu/demo8/lib/python3.12/site-packages/airflow/example_dags/tutorial_taskflow_templates.py for tasks to queue
[2024-12-18T15:49:02.290+0000] {logging_mixin.py:190} INFO - [2024-12-18T15:49:02.289+0000] {dagbag.py:588} INFO - Filling up the DagBag from /home/ubuntu/demo8/lib/python3.12/site-packages/airflow/example_dags/tutorial_taskflow_templates.py
[2024-12-18T15:49:02.305+0000] {processor.py:925} INFO - DAG(s) 'tutorial_taskflow_templates' retrieved from /home/ubuntu/demo8/lib/python3.12/site-packages/airflow/example_dags/tutorial_taskflow_templates.py
[2024-12-18T15:49:02.322+0000] {logging_mixin.py:190} INFO - [2024-12-18T15:49:02.322+0000] {dag.py:3239} INFO - Sync 1 DAGs
[2024-12-18T15:49:02.465+0000] {logging_mixin.py:190} INFO - [2024-12-18T15:49:02.465+0000] {dag.py:4180} INFO - Setting next_dagrun for tutorial_taskflow_templates to 2024-12-17 00:00:00+00:00, run_after=2024-12-18 00:00:00+00:00
[2024-12-18T15:49:02.485+0000] {processor.py:208} INFO - Processing /home/ubuntu/demo8/lib/python3.12/site-packages/airflow/example_dags/tutorial_taskflow_templates.py took 0.205 seconds
[2024-12-18T15:49:40.919+0000] {processor.py:186} INFO - Started process (PID=4405) to work on /home/ubuntu/demo8/lib/python3.12/site-packages/airflow/example_dags/tutorial_taskflow_templates.py
[2024-12-18T15:49:40.920+0000] {processor.py:914} INFO - Processing file /home/ubuntu/demo8/lib/python3.12/site-packages/airflow/example_dags/tutorial_taskflow_templates.py for tasks to queue
[2024-12-18T15:49:40.922+0000] {logging_mixin.py:190} INFO - [2024-12-18T15:49:40.922+0000] {dagbag.py:588} INFO - Filling up the DagBag from /home/ubuntu/demo8/lib/python3.12/site-packages/airflow/example_dags/tutorial_taskflow_templates.py
[2024-12-18T15:49:40.937+0000] {processor.py:925} INFO - DAG(s) 'tutorial_taskflow_templates' retrieved from /home/ubuntu/demo8/lib/python3.12/site-packages/airflow/example_dags/tutorial_taskflow_templates.py
[2024-12-18T15:49:40.955+0000] {logging_mixin.py:190} INFO - [2024-12-18T15:49:40.954+0000] {dag.py:3239} INFO - Sync 1 DAGs
[2024-12-18T15:49:40.978+0000] {logging_mixin.py:190} INFO - [2024-12-18T15:49:40.977+0000] {dag.py:4180} INFO - Setting next_dagrun for tutorial_taskflow_templates to 2024-12-17 00:00:00+00:00, run_after=2024-12-18 00:00:00+00:00
[2024-12-18T15:49:40.999+0000] {processor.py:208} INFO - Processing /home/ubuntu/demo8/lib/python3.12/site-packages/airflow/example_dags/tutorial_taskflow_templates.py took 0.087 seconds
[2024-12-18T15:50:38.926+0000] {processor.py:186} INFO - Started process (PID=4469) to work on /home/ubuntu/demo8/lib/python3.12/site-packages/airflow/example_dags/tutorial_taskflow_templates.py
[2024-12-18T15:50:38.927+0000] {processor.py:914} INFO - Processing file /home/ubuntu/demo8/lib/python3.12/site-packages/airflow/example_dags/tutorial_taskflow_templates.py for tasks to queue
[2024-12-18T15:50:38.930+0000] {logging_mixin.py:190} INFO - [2024-12-18T15:50:38.929+0000] {dagbag.py:588} INFO - Filling up the DagBag from /home/ubuntu/demo8/lib/python3.12/site-packages/airflow/example_dags/tutorial_taskflow_templates.py
[2024-12-18T15:50:38.946+0000] {processor.py:925} INFO - DAG(s) 'tutorial_taskflow_templates' retrieved from /home/ubuntu/demo8/lib/python3.12/site-packages/airflow/example_dags/tutorial_taskflow_templates.py
[2024-12-18T15:50:38.964+0000] {logging_mixin.py:190} INFO - [2024-12-18T15:50:38.964+0000] {dag.py:3239} INFO - Sync 1 DAGs
[2024-12-18T15:50:38.997+0000] {logging_mixin.py:190} INFO - [2024-12-18T15:50:38.997+0000] {dag.py:4180} INFO - Setting next_dagrun for tutorial_taskflow_templates to 2024-12-17 00:00:00+00:00, run_after=2024-12-18 00:00:00+00:00
[2024-12-18T15:50:39.020+0000] {processor.py:208} INFO - Processing /home/ubuntu/demo8/lib/python3.12/site-packages/airflow/example_dags/tutorial_taskflow_templates.py took 0.101 seconds
[2024-12-18T15:51:33.338+0000] {processor.py:186} INFO - Started process (PID=4534) to work on /home/ubuntu/demo8/lib/python3.12/site-packages/airflow/example_dags/tutorial_taskflow_templates.py
[2024-12-18T15:51:33.339+0000] {processor.py:914} INFO - Processing file /home/ubuntu/demo8/lib/python3.12/site-packages/airflow/example_dags/tutorial_taskflow_templates.py for tasks to queue
[2024-12-18T15:51:33.342+0000] {logging_mixin.py:190} INFO - [2024-12-18T15:51:33.341+0000] {dagbag.py:588} INFO - Filling up the DagBag from /home/ubuntu/demo8/lib/python3.12/site-packages/airflow/example_dags/tutorial_taskflow_templates.py
[2024-12-18T15:51:33.357+0000] {processor.py:925} INFO - DAG(s) 'tutorial_taskflow_templates' retrieved from /home/ubuntu/demo8/lib/python3.12/site-packages/airflow/example_dags/tutorial_taskflow_templates.py
[2024-12-18T15:51:33.375+0000] {logging_mixin.py:190} INFO - [2024-12-18T15:51:33.374+0000] {dag.py:3239} INFO - Sync 1 DAGs
[2024-12-18T15:51:33.399+0000] {logging_mixin.py:190} INFO - [2024-12-18T15:51:33.399+0000] {dag.py:4180} INFO - Setting next_dagrun for tutorial_taskflow_templates to 2024-12-17 00:00:00+00:00, run_after=2024-12-18 00:00:00+00:00
[2024-12-18T15:51:33.422+0000] {processor.py:208} INFO - Processing /home/ubuntu/demo8/lib/python3.12/site-packages/airflow/example_dags/tutorial_taskflow_templates.py took 0.090 seconds
[2024-12-18T15:52:27.391+0000] {processor.py:186} INFO - Started process (PID=4590) to work on /home/ubuntu/demo8/lib/python3.12/site-packages/airflow/example_dags/tutorial_taskflow_templates.py
[2024-12-18T15:52:27.393+0000] {processor.py:914} INFO - Processing file /home/ubuntu/demo8/lib/python3.12/site-packages/airflow/example_dags/tutorial_taskflow_templates.py for tasks to queue
[2024-12-18T15:52:27.395+0000] {logging_mixin.py:190} INFO - [2024-12-18T15:52:27.394+0000] {dagbag.py:588} INFO - Filling up the DagBag from /home/ubuntu/demo8/lib/python3.12/site-packages/airflow/example_dags/tutorial_taskflow_templates.py
[2024-12-18T15:52:27.411+0000] {processor.py:925} INFO - DAG(s) 'tutorial_taskflow_templates' retrieved from /home/ubuntu/demo8/lib/python3.12/site-packages/airflow/example_dags/tutorial_taskflow_templates.py
[2024-12-18T15:52:27.428+0000] {logging_mixin.py:190} INFO - [2024-12-18T15:52:27.428+0000] {dag.py:3239} INFO - Sync 1 DAGs
[2024-12-18T15:52:27.453+0000] {logging_mixin.py:190} INFO - [2024-12-18T15:52:27.453+0000] {dag.py:4180} INFO - Setting next_dagrun for tutorial_taskflow_templates to 2024-12-17 00:00:00+00:00, run_after=2024-12-18 00:00:00+00:00
[2024-12-18T15:52:27.475+0000] {processor.py:208} INFO - Processing /home/ubuntu/demo8/lib/python3.12/site-packages/airflow/example_dags/tutorial_taskflow_templates.py took 0.090 seconds
[2024-12-18T15:53:22.814+0000] {processor.py:186} INFO - Started process (PID=4647) to work on /home/ubuntu/demo8/lib/python3.12/site-packages/airflow/example_dags/tutorial_taskflow_templates.py
[2024-12-18T15:53:22.815+0000] {processor.py:914} INFO - Processing file /home/ubuntu/demo8/lib/python3.12/site-packages/airflow/example_dags/tutorial_taskflow_templates.py for tasks to queue
[2024-12-18T15:53:22.818+0000] {logging_mixin.py:190} INFO - [2024-12-18T15:53:22.817+0000] {dagbag.py:588} INFO - Filling up the DagBag from /home/ubuntu/demo8/lib/python3.12/site-packages/airflow/example_dags/tutorial_taskflow_templates.py
[2024-12-18T15:53:22.833+0000] {processor.py:925} INFO - DAG(s) 'tutorial_taskflow_templates' retrieved from /home/ubuntu/demo8/lib/python3.12/site-packages/airflow/example_dags/tutorial_taskflow_templates.py
[2024-12-18T15:53:22.851+0000] {logging_mixin.py:190} INFO - [2024-12-18T15:53:22.851+0000] {dag.py:3239} INFO - Sync 1 DAGs
[2024-12-18T15:53:22.875+0000] {logging_mixin.py:190} INFO - [2024-12-18T15:53:22.874+0000] {dag.py:4180} INFO - Setting next_dagrun for tutorial_taskflow_templates to 2024-12-17 00:00:00+00:00, run_after=2024-12-18 00:00:00+00:00
[2024-12-18T15:53:22.897+0000] {processor.py:208} INFO - Processing /home/ubuntu/demo8/lib/python3.12/site-packages/airflow/example_dags/tutorial_taskflow_templates.py took 0.089 seconds
[2024-12-18T15:53:56.653+0000] {processor.py:186} INFO - Started process (PID=4692) to work on /home/ubuntu/demo8/lib/python3.12/site-packages/airflow/example_dags/tutorial_taskflow_templates.py
[2024-12-18T15:53:56.655+0000] {processor.py:914} INFO - Processing file /home/ubuntu/demo8/lib/python3.12/site-packages/airflow/example_dags/tutorial_taskflow_templates.py for tasks to queue
[2024-12-18T15:53:56.657+0000] {logging_mixin.py:190} INFO - [2024-12-18T15:53:56.656+0000] {dagbag.py:588} INFO - Filling up the DagBag from /home/ubuntu/demo8/lib/python3.12/site-packages/airflow/example_dags/tutorial_taskflow_templates.py
[2024-12-18T15:53:56.672+0000] {processor.py:925} INFO - DAG(s) 'tutorial_taskflow_templates' retrieved from /home/ubuntu/demo8/lib/python3.12/site-packages/airflow/example_dags/tutorial_taskflow_templates.py
[2024-12-18T15:53:56.696+0000] {logging_mixin.py:190} INFO - [2024-12-18T15:53:56.696+0000] {dag.py:3239} INFO - Sync 1 DAGs
[2024-12-18T15:53:56.718+0000] {logging_mixin.py:190} INFO - [2024-12-18T15:53:56.718+0000] {dag.py:4180} INFO - Setting next_dagrun for tutorial_taskflow_templates to 2024-12-17 00:00:00+00:00, run_after=2024-12-18 00:00:00+00:00
[2024-12-18T15:53:56.741+0000] {processor.py:208} INFO - Processing /home/ubuntu/demo8/lib/python3.12/site-packages/airflow/example_dags/tutorial_taskflow_templates.py took 0.094 seconds
[2024-12-18T15:54:29.279+0000] {processor.py:186} INFO - Started process (PID=4740) to work on /home/ubuntu/demo8/lib/python3.12/site-packages/airflow/example_dags/tutorial_taskflow_templates.py
[2024-12-18T15:54:29.281+0000] {processor.py:914} INFO - Processing file /home/ubuntu/demo8/lib/python3.12/site-packages/airflow/example_dags/tutorial_taskflow_templates.py for tasks to queue
[2024-12-18T15:54:29.283+0000] {logging_mixin.py:190} INFO - [2024-12-18T15:54:29.283+0000] {dagbag.py:588} INFO - Filling up the DagBag from /home/ubuntu/demo8/lib/python3.12/site-packages/airflow/example_dags/tutorial_taskflow_templates.py
[2024-12-18T15:54:29.298+0000] {processor.py:925} INFO - DAG(s) 'tutorial_taskflow_templates' retrieved from /home/ubuntu/demo8/lib/python3.12/site-packages/airflow/example_dags/tutorial_taskflow_templates.py
[2024-12-18T15:54:29.324+0000] {logging_mixin.py:190} INFO - [2024-12-18T15:54:29.323+0000] {dag.py:3239} INFO - Sync 1 DAGs
[2024-12-18T15:54:29.346+0000] {logging_mixin.py:190} INFO - [2024-12-18T15:54:29.346+0000] {dag.py:4180} INFO - Setting next_dagrun for tutorial_taskflow_templates to 2024-12-17 00:00:00+00:00, run_after=2024-12-18 00:00:00+00:00
[2024-12-18T15:54:29.370+0000] {processor.py:208} INFO - Processing /home/ubuntu/demo8/lib/python3.12/site-packages/airflow/example_dags/tutorial_taskflow_templates.py took 0.096 seconds
[2024-12-18T15:55:25.024+0000] {processor.py:186} INFO - Started process (PID=4801) to work on /home/ubuntu/demo8/lib/python3.12/site-packages/airflow/example_dags/tutorial_taskflow_templates.py
[2024-12-18T15:55:25.025+0000] {processor.py:914} INFO - Processing file /home/ubuntu/demo8/lib/python3.12/site-packages/airflow/example_dags/tutorial_taskflow_templates.py for tasks to queue
[2024-12-18T15:55:25.028+0000] {logging_mixin.py:190} INFO - [2024-12-18T15:55:25.027+0000] {dagbag.py:588} INFO - Filling up the DagBag from /home/ubuntu/demo8/lib/python3.12/site-packages/airflow/example_dags/tutorial_taskflow_templates.py
[2024-12-18T15:55:25.043+0000] {processor.py:925} INFO - DAG(s) 'tutorial_taskflow_templates' retrieved from /home/ubuntu/demo8/lib/python3.12/site-packages/airflow/example_dags/tutorial_taskflow_templates.py
[2024-12-18T15:55:25.059+0000] {logging_mixin.py:190} INFO - [2024-12-18T15:55:25.059+0000] {dag.py:3239} INFO - Sync 1 DAGs
[2024-12-18T15:55:25.083+0000] {logging_mixin.py:190} INFO - [2024-12-18T15:55:25.083+0000] {dag.py:4180} INFO - Setting next_dagrun for tutorial_taskflow_templates to 2024-12-17 00:00:00+00:00, run_after=2024-12-18 00:00:00+00:00
[2024-12-18T15:55:25.106+0000] {processor.py:208} INFO - Processing /home/ubuntu/demo8/lib/python3.12/site-packages/airflow/example_dags/tutorial_taskflow_templates.py took 0.088 seconds
[2024-12-18T15:56:20.053+0000] {processor.py:186} INFO - Started process (PID=4858) to work on /home/ubuntu/demo8/lib/python3.12/site-packages/airflow/example_dags/tutorial_taskflow_templates.py
[2024-12-18T15:56:20.055+0000] {processor.py:914} INFO - Processing file /home/ubuntu/demo8/lib/python3.12/site-packages/airflow/example_dags/tutorial_taskflow_templates.py for tasks to queue
[2024-12-18T15:56:20.057+0000] {logging_mixin.py:190} INFO - [2024-12-18T15:56:20.056+0000] {dagbag.py:588} INFO - Filling up the DagBag from /home/ubuntu/demo8/lib/python3.12/site-packages/airflow/example_dags/tutorial_taskflow_templates.py
[2024-12-18T15:56:20.072+0000] {processor.py:925} INFO - DAG(s) 'tutorial_taskflow_templates' retrieved from /home/ubuntu/demo8/lib/python3.12/site-packages/airflow/example_dags/tutorial_taskflow_templates.py
[2024-12-18T15:56:20.089+0000] {logging_mixin.py:190} INFO - [2024-12-18T15:56:20.089+0000] {dag.py:3239} INFO - Sync 1 DAGs
[2024-12-18T15:56:20.112+0000] {logging_mixin.py:190} INFO - [2024-12-18T15:56:20.112+0000] {dag.py:4180} INFO - Setting next_dagrun for tutorial_taskflow_templates to 2024-12-17 00:00:00+00:00, run_after=2024-12-18 00:00:00+00:00
[2024-12-18T15:56:20.135+0000] {processor.py:208} INFO - Processing /home/ubuntu/demo8/lib/python3.12/site-packages/airflow/example_dags/tutorial_taskflow_templates.py took 0.089 seconds
[2024-12-18T15:56:56.766+0000] {processor.py:186} INFO - Started process (PID=4890) to work on /home/ubuntu/demo8/lib/python3.12/site-packages/airflow/example_dags/tutorial_taskflow_templates.py
[2024-12-18T15:56:56.768+0000] {processor.py:914} INFO - Processing file /home/ubuntu/demo8/lib/python3.12/site-packages/airflow/example_dags/tutorial_taskflow_templates.py for tasks to queue
[2024-12-18T15:56:56.770+0000] {logging_mixin.py:190} INFO - [2024-12-18T15:56:56.770+0000] {dagbag.py:588} INFO - Filling up the DagBag from /home/ubuntu/demo8/lib/python3.12/site-packages/airflow/example_dags/tutorial_taskflow_templates.py
[2024-12-18T15:56:56.786+0000] {processor.py:925} INFO - DAG(s) 'tutorial_taskflow_templates' retrieved from /home/ubuntu/demo8/lib/python3.12/site-packages/airflow/example_dags/tutorial_taskflow_templates.py
[2024-12-18T15:56:56.810+0000] {logging_mixin.py:190} INFO - [2024-12-18T15:56:56.810+0000] {dag.py:3239} INFO - Sync 1 DAGs
[2024-12-18T15:56:56.833+0000] {logging_mixin.py:190} INFO - [2024-12-18T15:56:56.833+0000] {dag.py:4180} INFO - Setting next_dagrun for tutorial_taskflow_templates to 2024-12-17 00:00:00+00:00, run_after=2024-12-18 00:00:00+00:00
[2024-12-18T15:56:56.857+0000] {processor.py:208} INFO - Processing /home/ubuntu/demo8/lib/python3.12/site-packages/airflow/example_dags/tutorial_taskflow_templates.py took 0.096 seconds
[2024-12-18T15:57:52.541+0000] {processor.py:186} INFO - Started process (PID=4948) to work on /home/ubuntu/demo8/lib/python3.12/site-packages/airflow/example_dags/tutorial_taskflow_templates.py
[2024-12-18T15:57:52.543+0000] {processor.py:914} INFO - Processing file /home/ubuntu/demo8/lib/python3.12/site-packages/airflow/example_dags/tutorial_taskflow_templates.py for tasks to queue
[2024-12-18T15:57:52.545+0000] {logging_mixin.py:190} INFO - [2024-12-18T15:57:52.544+0000] {dagbag.py:588} INFO - Filling up the DagBag from /home/ubuntu/demo8/lib/python3.12/site-packages/airflow/example_dags/tutorial_taskflow_templates.py
[2024-12-18T15:57:52.561+0000] {processor.py:925} INFO - DAG(s) 'tutorial_taskflow_templates' retrieved from /home/ubuntu/demo8/lib/python3.12/site-packages/airflow/example_dags/tutorial_taskflow_templates.py
[2024-12-18T15:57:52.579+0000] {logging_mixin.py:190} INFO - [2024-12-18T15:57:52.578+0000] {dag.py:3239} INFO - Sync 1 DAGs
[2024-12-18T15:57:52.603+0000] {logging_mixin.py:190} INFO - [2024-12-18T15:57:52.603+0000] {dag.py:4180} INFO - Setting next_dagrun for tutorial_taskflow_templates to 2024-12-17 00:00:00+00:00, run_after=2024-12-18 00:00:00+00:00
[2024-12-18T15:57:52.627+0000] {processor.py:208} INFO - Processing /home/ubuntu/demo8/lib/python3.12/site-packages/airflow/example_dags/tutorial_taskflow_templates.py took 0.092 seconds
[2024-12-18T15:58:47.554+0000] {processor.py:186} INFO - Started process (PID=5003) to work on /home/ubuntu/demo8/lib/python3.12/site-packages/airflow/example_dags/tutorial_taskflow_templates.py
[2024-12-18T15:58:47.555+0000] {processor.py:914} INFO - Processing file /home/ubuntu/demo8/lib/python3.12/site-packages/airflow/example_dags/tutorial_taskflow_templates.py for tasks to queue
[2024-12-18T15:58:47.557+0000] {logging_mixin.py:190} INFO - [2024-12-18T15:58:47.557+0000] {dagbag.py:588} INFO - Filling up the DagBag from /home/ubuntu/demo8/lib/python3.12/site-packages/airflow/example_dags/tutorial_taskflow_templates.py
[2024-12-18T15:58:47.572+0000] {processor.py:925} INFO - DAG(s) 'tutorial_taskflow_templates' retrieved from /home/ubuntu/demo8/lib/python3.12/site-packages/airflow/example_dags/tutorial_taskflow_templates.py
[2024-12-18T15:58:47.589+0000] {logging_mixin.py:190} INFO - [2024-12-18T15:58:47.589+0000] {dag.py:3239} INFO - Sync 1 DAGs
[2024-12-18T15:58:47.612+0000] {logging_mixin.py:190} INFO - [2024-12-18T15:58:47.612+0000] {dag.py:4180} INFO - Setting next_dagrun for tutorial_taskflow_templates to 2024-12-17 00:00:00+00:00, run_after=2024-12-18 00:00:00+00:00
[2024-12-18T15:58:47.634+0000] {processor.py:208} INFO - Processing /home/ubuntu/demo8/lib/python3.12/site-packages/airflow/example_dags/tutorial_taskflow_templates.py took 0.087 seconds
[2024-12-18T15:59:55.693+0000] {processor.py:186} INFO - Started process (PID=5071) to work on /home/ubuntu/demo8/lib/python3.12/site-packages/airflow/example_dags/tutorial_taskflow_templates.py
[2024-12-18T15:59:55.695+0000] {processor.py:914} INFO - Processing file /home/ubuntu/demo8/lib/python3.12/site-packages/airflow/example_dags/tutorial_taskflow_templates.py for tasks to queue
[2024-12-18T15:59:55.697+0000] {logging_mixin.py:190} INFO - [2024-12-18T15:59:55.696+0000] {dagbag.py:588} INFO - Filling up the DagBag from /home/ubuntu/demo8/lib/python3.12/site-packages/airflow/example_dags/tutorial_taskflow_templates.py
[2024-12-18T15:59:55.713+0000] {processor.py:925} INFO - DAG(s) 'tutorial_taskflow_templates' retrieved from /home/ubuntu/demo8/lib/python3.12/site-packages/airflow/example_dags/tutorial_taskflow_templates.py
[2024-12-18T15:59:55.737+0000] {logging_mixin.py:190} INFO - [2024-12-18T15:59:55.737+0000] {dag.py:3239} INFO - Sync 1 DAGs
[2024-12-18T15:59:55.760+0000] {logging_mixin.py:190} INFO - [2024-12-18T15:59:55.760+0000] {dag.py:4180} INFO - Setting next_dagrun for tutorial_taskflow_templates to 2024-12-17 00:00:00+00:00, run_after=2024-12-18 00:00:00+00:00
[2024-12-18T15:59:55.784+0000] {processor.py:208} INFO - Processing /home/ubuntu/demo8/lib/python3.12/site-packages/airflow/example_dags/tutorial_taskflow_templates.py took 0.097 seconds
[2024-12-18T16:00:51.359+0000] {processor.py:186} INFO - Started process (PID=5132) to work on /home/ubuntu/demo8/lib/python3.12/site-packages/airflow/example_dags/tutorial_taskflow_templates.py
[2024-12-18T16:00:51.360+0000] {processor.py:914} INFO - Processing file /home/ubuntu/demo8/lib/python3.12/site-packages/airflow/example_dags/tutorial_taskflow_templates.py for tasks to queue
[2024-12-18T16:00:51.362+0000] {logging_mixin.py:190} INFO - [2024-12-18T16:00:51.362+0000] {dagbag.py:588} INFO - Filling up the DagBag from /home/ubuntu/demo8/lib/python3.12/site-packages/airflow/example_dags/tutorial_taskflow_templates.py
[2024-12-18T16:00:51.377+0000] {processor.py:925} INFO - DAG(s) 'tutorial_taskflow_templates' retrieved from /home/ubuntu/demo8/lib/python3.12/site-packages/airflow/example_dags/tutorial_taskflow_templates.py
[2024-12-18T16:00:51.394+0000] {logging_mixin.py:190} INFO - [2024-12-18T16:00:51.394+0000] {dag.py:3239} INFO - Sync 1 DAGs
[2024-12-18T16:00:51.417+0000] {logging_mixin.py:190} INFO - [2024-12-18T16:00:51.417+0000] {dag.py:4180} INFO - Setting next_dagrun for tutorial_taskflow_templates to 2024-12-17 00:00:00+00:00, run_after=2024-12-18 00:00:00+00:00
[2024-12-18T16:00:51.439+0000] {processor.py:208} INFO - Processing /home/ubuntu/demo8/lib/python3.12/site-packages/airflow/example_dags/tutorial_taskflow_templates.py took 0.087 seconds
[2024-12-18T16:01:46.270+0000] {processor.py:186} INFO - Started process (PID=5189) to work on /home/ubuntu/demo8/lib/python3.12/site-packages/airflow/example_dags/tutorial_taskflow_templates.py
[2024-12-18T16:01:46.272+0000] {processor.py:914} INFO - Processing file /home/ubuntu/demo8/lib/python3.12/site-packages/airflow/example_dags/tutorial_taskflow_templates.py for tasks to queue
[2024-12-18T16:01:46.274+0000] {logging_mixin.py:190} INFO - [2024-12-18T16:01:46.273+0000] {dagbag.py:588} INFO - Filling up the DagBag from /home/ubuntu/demo8/lib/python3.12/site-packages/airflow/example_dags/tutorial_taskflow_templates.py
[2024-12-18T16:01:46.289+0000] {processor.py:925} INFO - DAG(s) 'tutorial_taskflow_templates' retrieved from /home/ubuntu/demo8/lib/python3.12/site-packages/airflow/example_dags/tutorial_taskflow_templates.py
[2024-12-18T16:01:46.307+0000] {logging_mixin.py:190} INFO - [2024-12-18T16:01:46.307+0000] {dag.py:3239} INFO - Sync 1 DAGs
[2024-12-18T16:01:46.331+0000] {logging_mixin.py:190} INFO - [2024-12-18T16:01:46.330+0000] {dag.py:4180} INFO - Setting next_dagrun for tutorial_taskflow_templates to 2024-12-17 00:00:00+00:00, run_after=2024-12-18 00:00:00+00:00
[2024-12-18T16:01:46.363+0000] {processor.py:208} INFO - Processing /home/ubuntu/demo8/lib/python3.12/site-packages/airflow/example_dags/tutorial_taskflow_templates.py took 0.098 seconds
[2024-12-18T16:02:38.502+0000] {processor.py:186} INFO - Started process (PID=5244) to work on /home/ubuntu/demo8/lib/python3.12/site-packages/airflow/example_dags/tutorial_taskflow_templates.py
[2024-12-18T16:02:38.503+0000] {processor.py:914} INFO - Processing file /home/ubuntu/demo8/lib/python3.12/site-packages/airflow/example_dags/tutorial_taskflow_templates.py for tasks to queue
[2024-12-18T16:02:38.505+0000] {logging_mixin.py:190} INFO - [2024-12-18T16:02:38.505+0000] {dagbag.py:588} INFO - Filling up the DagBag from /home/ubuntu/demo8/lib/python3.12/site-packages/airflow/example_dags/tutorial_taskflow_templates.py
[2024-12-18T16:02:38.521+0000] {processor.py:925} INFO - DAG(s) 'tutorial_taskflow_templates' retrieved from /home/ubuntu/demo8/lib/python3.12/site-packages/airflow/example_dags/tutorial_taskflow_templates.py
[2024-12-18T16:02:38.539+0000] {logging_mixin.py:190} INFO - [2024-12-18T16:02:38.538+0000] {dag.py:3239} INFO - Sync 1 DAGs
[2024-12-18T16:02:38.561+0000] {logging_mixin.py:190} INFO - [2024-12-18T16:02:38.561+0000] {dag.py:4180} INFO - Setting next_dagrun for tutorial_taskflow_templates to 2024-12-17 00:00:00+00:00, run_after=2024-12-18 00:00:00+00:00
[2024-12-18T16:02:38.583+0000] {processor.py:208} INFO - Processing /home/ubuntu/demo8/lib/python3.12/site-packages/airflow/example_dags/tutorial_taskflow_templates.py took 0.087 seconds
[2024-12-18T16:03:33.896+0000] {processor.py:186} INFO - Started process (PID=5299) to work on /home/ubuntu/demo8/lib/python3.12/site-packages/airflow/example_dags/tutorial_taskflow_templates.py
[2024-12-18T16:03:33.897+0000] {processor.py:914} INFO - Processing file /home/ubuntu/demo8/lib/python3.12/site-packages/airflow/example_dags/tutorial_taskflow_templates.py for tasks to queue
[2024-12-18T16:03:33.899+0000] {logging_mixin.py:190} INFO - [2024-12-18T16:03:33.899+0000] {dagbag.py:588} INFO - Filling up the DagBag from /home/ubuntu/demo8/lib/python3.12/site-packages/airflow/example_dags/tutorial_taskflow_templates.py
[2024-12-18T16:03:33.914+0000] {processor.py:925} INFO - DAG(s) 'tutorial_taskflow_templates' retrieved from /home/ubuntu/demo8/lib/python3.12/site-packages/airflow/example_dags/tutorial_taskflow_templates.py
[2024-12-18T16:03:33.936+0000] {logging_mixin.py:190} INFO - [2024-12-18T16:03:33.935+0000] {dag.py:3239} INFO - Sync 1 DAGs
[2024-12-18T16:03:33.965+0000] {logging_mixin.py:190} INFO - [2024-12-18T16:03:33.965+0000] {dag.py:4180} INFO - Setting next_dagrun for tutorial_taskflow_templates to 2024-12-17 00:00:00+00:00, run_after=2024-12-18 00:00:00+00:00
[2024-12-18T16:03:33.987+0000] {processor.py:208} INFO - Processing /home/ubuntu/demo8/lib/python3.12/site-packages/airflow/example_dags/tutorial_taskflow_templates.py took 0.098 seconds
[2024-12-18T20:29:22.483+0000] {processor.py:186} INFO - Started process (PID=2666) to work on /home/ubuntu/demo8/lib/python3.12/site-packages/airflow/example_dags/tutorial_taskflow_templates.py
[2024-12-18T20:29:22.486+0000] {processor.py:914} INFO - Processing file /home/ubuntu/demo8/lib/python3.12/site-packages/airflow/example_dags/tutorial_taskflow_templates.py for tasks to queue
[2024-12-18T20:29:22.488+0000] {logging_mixin.py:190} INFO - [2024-12-18T20:29:22.488+0000] {dagbag.py:588} INFO - Filling up the DagBag from /home/ubuntu/demo8/lib/python3.12/site-packages/airflow/example_dags/tutorial_taskflow_templates.py
[2024-12-18T20:29:22.504+0000] {processor.py:925} INFO - DAG(s) 'tutorial_taskflow_templates' retrieved from /home/ubuntu/demo8/lib/python3.12/site-packages/airflow/example_dags/tutorial_taskflow_templates.py
[2024-12-18T20:29:22.528+0000] {logging_mixin.py:190} INFO - [2024-12-18T20:29:22.528+0000] {dag.py:3239} INFO - Sync 1 DAGs
[2024-12-18T20:29:22.550+0000] {logging_mixin.py:190} INFO - [2024-12-18T20:29:22.550+0000] {dag.py:4180} INFO - Setting next_dagrun for tutorial_taskflow_templates to 2024-12-17 00:00:00+00:00, run_after=2024-12-18 00:00:00+00:00
[2024-12-18T20:29:22.574+0000] {processor.py:208} INFO - Processing /home/ubuntu/demo8/lib/python3.12/site-packages/airflow/example_dags/tutorial_taskflow_templates.py took 0.097 seconds
[2024-12-18T20:30:18.367+0000] {processor.py:186} INFO - Started process (PID=2850) to work on /home/ubuntu/demo8/lib/python3.12/site-packages/airflow/example_dags/tutorial_taskflow_templates.py
[2024-12-18T20:30:18.368+0000] {processor.py:914} INFO - Processing file /home/ubuntu/demo8/lib/python3.12/site-packages/airflow/example_dags/tutorial_taskflow_templates.py for tasks to queue
[2024-12-18T20:30:18.371+0000] {logging_mixin.py:190} INFO - [2024-12-18T20:30:18.370+0000] {dagbag.py:588} INFO - Filling up the DagBag from /home/ubuntu/demo8/lib/python3.12/site-packages/airflow/example_dags/tutorial_taskflow_templates.py
[2024-12-18T20:30:18.386+0000] {processor.py:925} INFO - DAG(s) 'tutorial_taskflow_templates' retrieved from /home/ubuntu/demo8/lib/python3.12/site-packages/airflow/example_dags/tutorial_taskflow_templates.py
[2024-12-18T20:30:18.403+0000] {logging_mixin.py:190} INFO - [2024-12-18T20:30:18.403+0000] {dag.py:3239} INFO - Sync 1 DAGs
[2024-12-18T20:30:18.427+0000] {logging_mixin.py:190} INFO - [2024-12-18T20:30:18.427+0000] {dag.py:4180} INFO - Setting next_dagrun for tutorial_taskflow_templates to 2024-12-17 00:00:00+00:00, run_after=2024-12-18 00:00:00+00:00
[2024-12-18T20:30:18.461+0000] {processor.py:208} INFO - Processing /home/ubuntu/demo8/lib/python3.12/site-packages/airflow/example_dags/tutorial_taskflow_templates.py took 0.100 seconds
[2024-12-18T20:31:15.284+0000] {processor.py:186} INFO - Started process (PID=3065) to work on /home/ubuntu/demo8/lib/python3.12/site-packages/airflow/example_dags/tutorial_taskflow_templates.py
[2024-12-18T20:31:15.286+0000] {processor.py:914} INFO - Processing file /home/ubuntu/demo8/lib/python3.12/site-packages/airflow/example_dags/tutorial_taskflow_templates.py for tasks to queue
[2024-12-18T20:31:15.288+0000] {logging_mixin.py:190} INFO - [2024-12-18T20:31:15.288+0000] {dagbag.py:588} INFO - Filling up the DagBag from /home/ubuntu/demo8/lib/python3.12/site-packages/airflow/example_dags/tutorial_taskflow_templates.py
[2024-12-18T20:31:15.304+0000] {processor.py:925} INFO - DAG(s) 'tutorial_taskflow_templates' retrieved from /home/ubuntu/demo8/lib/python3.12/site-packages/airflow/example_dags/tutorial_taskflow_templates.py
[2024-12-18T20:31:15.321+0000] {logging_mixin.py:190} INFO - [2024-12-18T20:31:15.321+0000] {dag.py:3239} INFO - Sync 1 DAGs
[2024-12-18T20:31:15.344+0000] {logging_mixin.py:190} INFO - [2024-12-18T20:31:15.344+0000] {dag.py:4180} INFO - Setting next_dagrun for tutorial_taskflow_templates to 2024-12-17 00:00:00+00:00, run_after=2024-12-18 00:00:00+00:00
[2024-12-18T20:31:15.368+0000] {processor.py:208} INFO - Processing /home/ubuntu/demo8/lib/python3.12/site-packages/airflow/example_dags/tutorial_taskflow_templates.py took 0.090 seconds
[2024-12-18T20:32:10.705+0000] {processor.py:186} INFO - Started process (PID=3256) to work on /home/ubuntu/demo8/lib/python3.12/site-packages/airflow/example_dags/tutorial_taskflow_templates.py
[2024-12-18T20:32:10.706+0000] {processor.py:914} INFO - Processing file /home/ubuntu/demo8/lib/python3.12/site-packages/airflow/example_dags/tutorial_taskflow_templates.py for tasks to queue
[2024-12-18T20:32:10.709+0000] {logging_mixin.py:190} INFO - [2024-12-18T20:32:10.708+0000] {dagbag.py:588} INFO - Filling up the DagBag from /home/ubuntu/demo8/lib/python3.12/site-packages/airflow/example_dags/tutorial_taskflow_templates.py
[2024-12-18T20:32:10.723+0000] {processor.py:925} INFO - DAG(s) 'tutorial_taskflow_templates' retrieved from /home/ubuntu/demo8/lib/python3.12/site-packages/airflow/example_dags/tutorial_taskflow_templates.py
[2024-12-18T20:32:10.740+0000] {logging_mixin.py:190} INFO - [2024-12-18T20:32:10.740+0000] {dag.py:3239} INFO - Sync 1 DAGs
[2024-12-18T20:32:10.763+0000] {logging_mixin.py:190} INFO - [2024-12-18T20:32:10.762+0000] {dag.py:4180} INFO - Setting next_dagrun for tutorial_taskflow_templates to 2024-12-17 00:00:00+00:00, run_after=2024-12-18 00:00:00+00:00
[2024-12-18T20:32:10.786+0000] {processor.py:208} INFO - Processing /home/ubuntu/demo8/lib/python3.12/site-packages/airflow/example_dags/tutorial_taskflow_templates.py took 0.087 seconds
[2024-12-18T20:33:06.133+0000] {processor.py:186} INFO - Started process (PID=3435) to work on /home/ubuntu/demo8/lib/python3.12/site-packages/airflow/example_dags/tutorial_taskflow_templates.py
[2024-12-18T20:33:06.134+0000] {processor.py:914} INFO - Processing file /home/ubuntu/demo8/lib/python3.12/site-packages/airflow/example_dags/tutorial_taskflow_templates.py for tasks to queue
[2024-12-18T20:33:06.137+0000] {logging_mixin.py:190} INFO - [2024-12-18T20:33:06.137+0000] {dagbag.py:588} INFO - Filling up the DagBag from /home/ubuntu/demo8/lib/python3.12/site-packages/airflow/example_dags/tutorial_taskflow_templates.py
[2024-12-18T20:33:06.152+0000] {processor.py:925} INFO - DAG(s) 'tutorial_taskflow_templates' retrieved from /home/ubuntu/demo8/lib/python3.12/site-packages/airflow/example_dags/tutorial_taskflow_templates.py
[2024-12-18T20:33:06.169+0000] {logging_mixin.py:190} INFO - [2024-12-18T20:33:06.169+0000] {dag.py:3239} INFO - Sync 1 DAGs
[2024-12-18T20:33:06.191+0000] {logging_mixin.py:190} INFO - [2024-12-18T20:33:06.191+0000] {dag.py:4180} INFO - Setting next_dagrun for tutorial_taskflow_templates to 2024-12-17 00:00:00+00:00, run_after=2024-12-18 00:00:00+00:00
[2024-12-18T20:33:06.215+0000] {processor.py:208} INFO - Processing /home/ubuntu/demo8/lib/python3.12/site-packages/airflow/example_dags/tutorial_taskflow_templates.py took 0.087 seconds
[2024-12-18T20:34:02.144+0000] {processor.py:186} INFO - Started process (PID=3552) to work on /home/ubuntu/demo8/lib/python3.12/site-packages/airflow/example_dags/tutorial_taskflow_templates.py
[2024-12-18T20:34:02.145+0000] {processor.py:914} INFO - Processing file /home/ubuntu/demo8/lib/python3.12/site-packages/airflow/example_dags/tutorial_taskflow_templates.py for tasks to queue
[2024-12-18T20:34:02.148+0000] {logging_mixin.py:190} INFO - [2024-12-18T20:34:02.147+0000] {dagbag.py:588} INFO - Filling up the DagBag from /home/ubuntu/demo8/lib/python3.12/site-packages/airflow/example_dags/tutorial_taskflow_templates.py
[2024-12-18T20:34:02.163+0000] {processor.py:925} INFO - DAG(s) 'tutorial_taskflow_templates' retrieved from /home/ubuntu/demo8/lib/python3.12/site-packages/airflow/example_dags/tutorial_taskflow_templates.py
[2024-12-18T20:34:02.181+0000] {logging_mixin.py:190} INFO - [2024-12-18T20:34:02.181+0000] {dag.py:3239} INFO - Sync 1 DAGs
[2024-12-18T20:34:02.328+0000] {logging_mixin.py:190} INFO - [2024-12-18T20:34:02.328+0000] {dag.py:4180} INFO - Setting next_dagrun for tutorial_taskflow_templates to 2024-12-17 00:00:00+00:00, run_after=2024-12-18 00:00:00+00:00
[2024-12-18T20:34:02.352+0000] {processor.py:208} INFO - Processing /home/ubuntu/demo8/lib/python3.12/site-packages/airflow/example_dags/tutorial_taskflow_templates.py took 0.214 seconds
[2024-12-18T20:35:09.737+0000] {processor.py:186} INFO - Started process (PID=3742) to work on /home/ubuntu/demo8/lib/python3.12/site-packages/airflow/example_dags/tutorial_taskflow_templates.py
[2024-12-18T20:35:09.738+0000] {processor.py:914} INFO - Processing file /home/ubuntu/demo8/lib/python3.12/site-packages/airflow/example_dags/tutorial_taskflow_templates.py for tasks to queue
[2024-12-18T20:35:09.741+0000] {logging_mixin.py:190} INFO - [2024-12-18T20:35:09.740+0000] {dagbag.py:588} INFO - Filling up the DagBag from /home/ubuntu/demo8/lib/python3.12/site-packages/airflow/example_dags/tutorial_taskflow_templates.py
[2024-12-18T20:35:09.756+0000] {processor.py:925} INFO - DAG(s) 'tutorial_taskflow_templates' retrieved from /home/ubuntu/demo8/lib/python3.12/site-packages/airflow/example_dags/tutorial_taskflow_templates.py
[2024-12-18T20:35:09.773+0000] {logging_mixin.py:190} INFO - [2024-12-18T20:35:09.773+0000] {dag.py:3239} INFO - Sync 1 DAGs
[2024-12-18T20:35:09.806+0000] {logging_mixin.py:190} INFO - [2024-12-18T20:35:09.806+0000] {dag.py:4180} INFO - Setting next_dagrun for tutorial_taskflow_templates to 2024-12-17 00:00:00+00:00, run_after=2024-12-18 00:00:00+00:00
[2024-12-18T20:35:09.827+0000] {processor.py:208} INFO - Processing /home/ubuntu/demo8/lib/python3.12/site-packages/airflow/example_dags/tutorial_taskflow_templates.py took 0.097 seconds
[2024-12-18T20:36:07.558+0000] {processor.py:186} INFO - Started process (PID=3862) to work on /home/ubuntu/demo8/lib/python3.12/site-packages/airflow/example_dags/tutorial_taskflow_templates.py
[2024-12-18T20:36:07.560+0000] {processor.py:914} INFO - Processing file /home/ubuntu/demo8/lib/python3.12/site-packages/airflow/example_dags/tutorial_taskflow_templates.py for tasks to queue
[2024-12-18T20:36:07.562+0000] {logging_mixin.py:190} INFO - [2024-12-18T20:36:07.562+0000] {dagbag.py:588} INFO - Filling up the DagBag from /home/ubuntu/demo8/lib/python3.12/site-packages/airflow/example_dags/tutorial_taskflow_templates.py
[2024-12-18T20:36:07.578+0000] {processor.py:925} INFO - DAG(s) 'tutorial_taskflow_templates' retrieved from /home/ubuntu/demo8/lib/python3.12/site-packages/airflow/example_dags/tutorial_taskflow_templates.py
[2024-12-18T20:36:07.596+0000] {logging_mixin.py:190} INFO - [2024-12-18T20:36:07.596+0000] {dag.py:3239} INFO - Sync 1 DAGs
[2024-12-18T20:36:07.621+0000] {logging_mixin.py:190} INFO - [2024-12-18T20:36:07.621+0000] {dag.py:4180} INFO - Setting next_dagrun for tutorial_taskflow_templates to 2024-12-17 00:00:00+00:00, run_after=2024-12-18 00:00:00+00:00
[2024-12-18T20:36:07.645+0000] {processor.py:208} INFO - Processing /home/ubuntu/demo8/lib/python3.12/site-packages/airflow/example_dags/tutorial_taskflow_templates.py took 0.093 seconds
[2024-12-18T20:37:04.536+0000] {processor.py:186} INFO - Started process (PID=3981) to work on /home/ubuntu/demo8/lib/python3.12/site-packages/airflow/example_dags/tutorial_taskflow_templates.py
[2024-12-18T20:37:04.538+0000] {processor.py:914} INFO - Processing file /home/ubuntu/demo8/lib/python3.12/site-packages/airflow/example_dags/tutorial_taskflow_templates.py for tasks to queue
[2024-12-18T20:37:04.540+0000] {logging_mixin.py:190} INFO - [2024-12-18T20:37:04.540+0000] {dagbag.py:588} INFO - Filling up the DagBag from /home/ubuntu/demo8/lib/python3.12/site-packages/airflow/example_dags/tutorial_taskflow_templates.py
[2024-12-18T20:37:04.556+0000] {processor.py:925} INFO - DAG(s) 'tutorial_taskflow_templates' retrieved from /home/ubuntu/demo8/lib/python3.12/site-packages/airflow/example_dags/tutorial_taskflow_templates.py
[2024-12-18T20:37:04.574+0000] {logging_mixin.py:190} INFO - [2024-12-18T20:37:04.574+0000] {dag.py:3239} INFO - Sync 1 DAGs
[2024-12-18T20:37:04.598+0000] {logging_mixin.py:190} INFO - [2024-12-18T20:37:04.597+0000] {dag.py:4180} INFO - Setting next_dagrun for tutorial_taskflow_templates to 2024-12-17 00:00:00+00:00, run_after=2024-12-18 00:00:00+00:00
[2024-12-18T20:37:04.623+0000] {processor.py:208} INFO - Processing /home/ubuntu/demo8/lib/python3.12/site-packages/airflow/example_dags/tutorial_taskflow_templates.py took 0.093 seconds
[2024-12-18T20:37:58.706+0000] {processor.py:186} INFO - Started process (PID=4097) to work on /home/ubuntu/demo8/lib/python3.12/site-packages/airflow/example_dags/tutorial_taskflow_templates.py
[2024-12-18T20:37:58.708+0000] {processor.py:914} INFO - Processing file /home/ubuntu/demo8/lib/python3.12/site-packages/airflow/example_dags/tutorial_taskflow_templates.py for tasks to queue
[2024-12-18T20:37:58.710+0000] {logging_mixin.py:190} INFO - [2024-12-18T20:37:58.710+0000] {dagbag.py:588} INFO - Filling up the DagBag from /home/ubuntu/demo8/lib/python3.12/site-packages/airflow/example_dags/tutorial_taskflow_templates.py
[2024-12-18T20:37:58.726+0000] {processor.py:925} INFO - DAG(s) 'tutorial_taskflow_templates' retrieved from /home/ubuntu/demo8/lib/python3.12/site-packages/airflow/example_dags/tutorial_taskflow_templates.py
[2024-12-18T20:37:58.744+0000] {logging_mixin.py:190} INFO - [2024-12-18T20:37:58.744+0000] {dag.py:3239} INFO - Sync 1 DAGs
[2024-12-18T20:37:58.769+0000] {logging_mixin.py:190} INFO - [2024-12-18T20:37:58.768+0000] {dag.py:4180} INFO - Setting next_dagrun for tutorial_taskflow_templates to 2024-12-17 00:00:00+00:00, run_after=2024-12-18 00:00:00+00:00
[2024-12-18T20:37:58.794+0000] {processor.py:208} INFO - Processing /home/ubuntu/demo8/lib/python3.12/site-packages/airflow/example_dags/tutorial_taskflow_templates.py took 0.094 seconds
[2024-12-18T20:38:54.241+0000] {processor.py:186} INFO - Started process (PID=4216) to work on /home/ubuntu/demo8/lib/python3.12/site-packages/airflow/example_dags/tutorial_taskflow_templates.py
[2024-12-18T20:38:54.242+0000] {processor.py:914} INFO - Processing file /home/ubuntu/demo8/lib/python3.12/site-packages/airflow/example_dags/tutorial_taskflow_templates.py for tasks to queue
[2024-12-18T20:38:54.245+0000] {logging_mixin.py:190} INFO - [2024-12-18T20:38:54.244+0000] {dagbag.py:588} INFO - Filling up the DagBag from /home/ubuntu/demo8/lib/python3.12/site-packages/airflow/example_dags/tutorial_taskflow_templates.py
[2024-12-18T20:38:54.260+0000] {processor.py:925} INFO - DAG(s) 'tutorial_taskflow_templates' retrieved from /home/ubuntu/demo8/lib/python3.12/site-packages/airflow/example_dags/tutorial_taskflow_templates.py
[2024-12-18T20:38:54.278+0000] {logging_mixin.py:190} INFO - [2024-12-18T20:38:54.278+0000] {dag.py:3239} INFO - Sync 1 DAGs
[2024-12-18T20:38:54.301+0000] {logging_mixin.py:190} INFO - [2024-12-18T20:38:54.301+0000] {dag.py:4180} INFO - Setting next_dagrun for tutorial_taskflow_templates to 2024-12-17 00:00:00+00:00, run_after=2024-12-18 00:00:00+00:00
[2024-12-18T20:38:54.324+0000] {processor.py:208} INFO - Processing /home/ubuntu/demo8/lib/python3.12/site-packages/airflow/example_dags/tutorial_taskflow_templates.py took 0.090 seconds
[2024-12-18T20:39:50.950+0000] {processor.py:186} INFO - Started process (PID=4393) to work on /home/ubuntu/demo8/lib/python3.12/site-packages/airflow/example_dags/tutorial_taskflow_templates.py
[2024-12-18T20:39:50.952+0000] {processor.py:914} INFO - Processing file /home/ubuntu/demo8/lib/python3.12/site-packages/airflow/example_dags/tutorial_taskflow_templates.py for tasks to queue
[2024-12-18T20:39:50.955+0000] {logging_mixin.py:190} INFO - [2024-12-18T20:39:50.954+0000] {dagbag.py:588} INFO - Filling up the DagBag from /home/ubuntu/demo8/lib/python3.12/site-packages/airflow/example_dags/tutorial_taskflow_templates.py
[2024-12-18T20:39:50.970+0000] {processor.py:925} INFO - DAG(s) 'tutorial_taskflow_templates' retrieved from /home/ubuntu/demo8/lib/python3.12/site-packages/airflow/example_dags/tutorial_taskflow_templates.py
[2024-12-18T20:39:50.988+0000] {logging_mixin.py:190} INFO - [2024-12-18T20:39:50.987+0000] {dag.py:3239} INFO - Sync 1 DAGs
[2024-12-18T20:39:51.011+0000] {logging_mixin.py:190} INFO - [2024-12-18T20:39:51.010+0000] {dag.py:4180} INFO - Setting next_dagrun for tutorial_taskflow_templates to 2024-12-17 00:00:00+00:00, run_after=2024-12-18 00:00:00+00:00
[2024-12-18T20:39:51.036+0000] {processor.py:208} INFO - Processing /home/ubuntu/demo8/lib/python3.12/site-packages/airflow/example_dags/tutorial_taskflow_templates.py took 0.092 seconds
[2024-12-18T20:40:47.531+0000] {processor.py:186} INFO - Started process (PID=4530) to work on /home/ubuntu/demo8/lib/python3.12/site-packages/airflow/example_dags/tutorial_taskflow_templates.py
[2024-12-18T20:40:47.533+0000] {processor.py:914} INFO - Processing file /home/ubuntu/demo8/lib/python3.12/site-packages/airflow/example_dags/tutorial_taskflow_templates.py for tasks to queue
[2024-12-18T20:40:47.535+0000] {logging_mixin.py:190} INFO - [2024-12-18T20:40:47.535+0000] {dagbag.py:588} INFO - Filling up the DagBag from /home/ubuntu/demo8/lib/python3.12/site-packages/airflow/example_dags/tutorial_taskflow_templates.py
[2024-12-18T20:40:47.551+0000] {processor.py:925} INFO - DAG(s) 'tutorial_taskflow_templates' retrieved from /home/ubuntu/demo8/lib/python3.12/site-packages/airflow/example_dags/tutorial_taskflow_templates.py
[2024-12-18T20:40:47.569+0000] {logging_mixin.py:190} INFO - [2024-12-18T20:40:47.569+0000] {dag.py:3239} INFO - Sync 1 DAGs
[2024-12-18T20:40:47.593+0000] {logging_mixin.py:190} INFO - [2024-12-18T20:40:47.593+0000] {dag.py:4180} INFO - Setting next_dagrun for tutorial_taskflow_templates to 2024-12-17 00:00:00+00:00, run_after=2024-12-18 00:00:00+00:00
[2024-12-18T20:40:47.618+0000] {processor.py:208} INFO - Processing /home/ubuntu/demo8/lib/python3.12/site-packages/airflow/example_dags/tutorial_taskflow_templates.py took 0.093 seconds
[2024-12-18T20:41:41.386+0000] {processor.py:186} INFO - Started process (PID=4649) to work on /home/ubuntu/demo8/lib/python3.12/site-packages/airflow/example_dags/tutorial_taskflow_templates.py
[2024-12-18T20:41:41.388+0000] {processor.py:914} INFO - Processing file /home/ubuntu/demo8/lib/python3.12/site-packages/airflow/example_dags/tutorial_taskflow_templates.py for tasks to queue
[2024-12-18T20:41:41.390+0000] {logging_mixin.py:190} INFO - [2024-12-18T20:41:41.390+0000] {dagbag.py:588} INFO - Filling up the DagBag from /home/ubuntu/demo8/lib/python3.12/site-packages/airflow/example_dags/tutorial_taskflow_templates.py
[2024-12-18T20:41:41.405+0000] {processor.py:925} INFO - DAG(s) 'tutorial_taskflow_templates' retrieved from /home/ubuntu/demo8/lib/python3.12/site-packages/airflow/example_dags/tutorial_taskflow_templates.py
[2024-12-18T20:41:41.423+0000] {logging_mixin.py:190} INFO - [2024-12-18T20:41:41.423+0000] {dag.py:3239} INFO - Sync 1 DAGs
[2024-12-18T20:41:41.446+0000] {logging_mixin.py:190} INFO - [2024-12-18T20:41:41.446+0000] {dag.py:4180} INFO - Setting next_dagrun for tutorial_taskflow_templates to 2024-12-17 00:00:00+00:00, run_after=2024-12-18 00:00:00+00:00
[2024-12-18T20:41:41.470+0000] {processor.py:208} INFO - Processing /home/ubuntu/demo8/lib/python3.12/site-packages/airflow/example_dags/tutorial_taskflow_templates.py took 0.090 seconds
[2024-12-18T20:42:35.340+0000] {processor.py:186} INFO - Started process (PID=4762) to work on /home/ubuntu/demo8/lib/python3.12/site-packages/airflow/example_dags/tutorial_taskflow_templates.py
[2024-12-18T20:42:35.342+0000] {processor.py:914} INFO - Processing file /home/ubuntu/demo8/lib/python3.12/site-packages/airflow/example_dags/tutorial_taskflow_templates.py for tasks to queue
[2024-12-18T20:42:35.345+0000] {logging_mixin.py:190} INFO - [2024-12-18T20:42:35.344+0000] {dagbag.py:588} INFO - Filling up the DagBag from /home/ubuntu/demo8/lib/python3.12/site-packages/airflow/example_dags/tutorial_taskflow_templates.py
[2024-12-18T20:42:35.360+0000] {processor.py:925} INFO - DAG(s) 'tutorial_taskflow_templates' retrieved from /home/ubuntu/demo8/lib/python3.12/site-packages/airflow/example_dags/tutorial_taskflow_templates.py
[2024-12-18T20:42:35.377+0000] {logging_mixin.py:190} INFO - [2024-12-18T20:42:35.377+0000] {dag.py:3239} INFO - Sync 1 DAGs
[2024-12-18T20:42:35.400+0000] {logging_mixin.py:190} INFO - [2024-12-18T20:42:35.400+0000] {dag.py:4180} INFO - Setting next_dagrun for tutorial_taskflow_templates to 2024-12-17 00:00:00+00:00, run_after=2024-12-18 00:00:00+00:00
[2024-12-18T20:42:35.424+0000] {processor.py:208} INFO - Processing /home/ubuntu/demo8/lib/python3.12/site-packages/airflow/example_dags/tutorial_taskflow_templates.py took 0.090 seconds
[2024-12-18T20:43:28.317+0000] {processor.py:186} INFO - Started process (PID=4879) to work on /home/ubuntu/demo8/lib/python3.12/site-packages/airflow/example_dags/tutorial_taskflow_templates.py
[2024-12-18T20:43:28.319+0000] {processor.py:914} INFO - Processing file /home/ubuntu/demo8/lib/python3.12/site-packages/airflow/example_dags/tutorial_taskflow_templates.py for tasks to queue
[2024-12-18T20:43:28.322+0000] {logging_mixin.py:190} INFO - [2024-12-18T20:43:28.321+0000] {dagbag.py:588} INFO - Filling up the DagBag from /home/ubuntu/demo8/lib/python3.12/site-packages/airflow/example_dags/tutorial_taskflow_templates.py
[2024-12-18T20:43:28.337+0000] {processor.py:925} INFO - DAG(s) 'tutorial_taskflow_templates' retrieved from /home/ubuntu/demo8/lib/python3.12/site-packages/airflow/example_dags/tutorial_taskflow_templates.py
[2024-12-18T20:43:28.354+0000] {logging_mixin.py:190} INFO - [2024-12-18T20:43:28.354+0000] {dag.py:3239} INFO - Sync 1 DAGs
[2024-12-18T20:43:28.378+0000] {logging_mixin.py:190} INFO - [2024-12-18T20:43:28.378+0000] {dag.py:4180} INFO - Setting next_dagrun for tutorial_taskflow_templates to 2024-12-17 00:00:00+00:00, run_after=2024-12-18 00:00:00+00:00
[2024-12-18T20:43:28.402+0000] {processor.py:208} INFO - Processing /home/ubuntu/demo8/lib/python3.12/site-packages/airflow/example_dags/tutorial_taskflow_templates.py took 0.091 seconds
[2024-12-18T20:44:22.464+0000] {processor.py:186} INFO - Started process (PID=5055) to work on /home/ubuntu/demo8/lib/python3.12/site-packages/airflow/example_dags/tutorial_taskflow_templates.py
[2024-12-18T20:44:22.466+0000] {processor.py:914} INFO - Processing file /home/ubuntu/demo8/lib/python3.12/site-packages/airflow/example_dags/tutorial_taskflow_templates.py for tasks to queue
[2024-12-18T20:44:22.469+0000] {logging_mixin.py:190} INFO - [2024-12-18T20:44:22.468+0000] {dagbag.py:588} INFO - Filling up the DagBag from /home/ubuntu/demo8/lib/python3.12/site-packages/airflow/example_dags/tutorial_taskflow_templates.py
[2024-12-18T20:44:22.484+0000] {processor.py:925} INFO - DAG(s) 'tutorial_taskflow_templates' retrieved from /home/ubuntu/demo8/lib/python3.12/site-packages/airflow/example_dags/tutorial_taskflow_templates.py
[2024-12-18T20:44:22.503+0000] {logging_mixin.py:190} INFO - [2024-12-18T20:44:22.502+0000] {dag.py:3239} INFO - Sync 1 DAGs
[2024-12-18T20:44:22.526+0000] {logging_mixin.py:190} INFO - [2024-12-18T20:44:22.526+0000] {dag.py:4180} INFO - Setting next_dagrun for tutorial_taskflow_templates to 2024-12-17 00:00:00+00:00, run_after=2024-12-18 00:00:00+00:00
[2024-12-18T20:44:22.549+0000] {processor.py:208} INFO - Processing /home/ubuntu/demo8/lib/python3.12/site-packages/airflow/example_dags/tutorial_taskflow_templates.py took 0.091 seconds
[2024-12-18T20:45:15.969+0000] {processor.py:186} INFO - Started process (PID=5117) to work on /home/ubuntu/demo8/lib/python3.12/site-packages/airflow/example_dags/tutorial_taskflow_templates.py
[2024-12-18T20:45:15.971+0000] {processor.py:914} INFO - Processing file /home/ubuntu/demo8/lib/python3.12/site-packages/airflow/example_dags/tutorial_taskflow_templates.py for tasks to queue
[2024-12-18T20:45:15.974+0000] {logging_mixin.py:190} INFO - [2024-12-18T20:45:15.973+0000] {dagbag.py:588} INFO - Filling up the DagBag from /home/ubuntu/demo8/lib/python3.12/site-packages/airflow/example_dags/tutorial_taskflow_templates.py
[2024-12-18T20:45:15.989+0000] {processor.py:925} INFO - DAG(s) 'tutorial_taskflow_templates' retrieved from /home/ubuntu/demo8/lib/python3.12/site-packages/airflow/example_dags/tutorial_taskflow_templates.py
[2024-12-18T20:45:16.007+0000] {logging_mixin.py:190} INFO - [2024-12-18T20:45:16.006+0000] {dag.py:3239} INFO - Sync 1 DAGs
[2024-12-18T20:45:16.031+0000] {logging_mixin.py:190} INFO - [2024-12-18T20:45:16.030+0000] {dag.py:4180} INFO - Setting next_dagrun for tutorial_taskflow_templates to 2024-12-17 00:00:00+00:00, run_after=2024-12-18 00:00:00+00:00
[2024-12-18T20:45:16.054+0000] {processor.py:208} INFO - Processing /home/ubuntu/demo8/lib/python3.12/site-packages/airflow/example_dags/tutorial_taskflow_templates.py took 0.091 seconds
[2024-12-18T20:46:58.947+0000] {processor.py:186} INFO - Started process (PID=5688) to work on /home/ubuntu/demo8/lib/python3.12/site-packages/airflow/example_dags/tutorial_taskflow_templates.py
[2024-12-18T20:46:58.949+0000] {processor.py:914} INFO - Processing file /home/ubuntu/demo8/lib/python3.12/site-packages/airflow/example_dags/tutorial_taskflow_templates.py for tasks to queue
[2024-12-18T20:46:58.951+0000] {logging_mixin.py:190} INFO - [2024-12-18T20:46:58.951+0000] {dagbag.py:588} INFO - Filling up the DagBag from /home/ubuntu/demo8/lib/python3.12/site-packages/airflow/example_dags/tutorial_taskflow_templates.py
[2024-12-18T20:46:58.974+0000] {processor.py:925} INFO - DAG(s) 'tutorial_taskflow_templates' retrieved from /home/ubuntu/demo8/lib/python3.12/site-packages/airflow/example_dags/tutorial_taskflow_templates.py
[2024-12-18T20:46:59.000+0000] {logging_mixin.py:190} INFO - [2024-12-18T20:46:59.000+0000] {dag.py:3239} INFO - Sync 1 DAGs
[2024-12-18T20:46:59.025+0000] {logging_mixin.py:190} INFO - [2024-12-18T20:46:59.025+0000] {dag.py:4180} INFO - Setting next_dagrun for tutorial_taskflow_templates to 2024-12-17 00:00:00+00:00, run_after=2024-12-18 00:00:00+00:00
[2024-12-18T20:46:59.050+0000] {processor.py:208} INFO - Processing /home/ubuntu/demo8/lib/python3.12/site-packages/airflow/example_dags/tutorial_taskflow_templates.py took 0.110 seconds
[2024-12-18T20:47:58.162+0000] {processor.py:186} INFO - Started process (PID=5927) to work on /home/ubuntu/demo8/lib/python3.12/site-packages/airflow/example_dags/tutorial_taskflow_templates.py
[2024-12-18T20:47:58.163+0000] {processor.py:914} INFO - Processing file /home/ubuntu/demo8/lib/python3.12/site-packages/airflow/example_dags/tutorial_taskflow_templates.py for tasks to queue
[2024-12-18T20:47:58.166+0000] {logging_mixin.py:190} INFO - [2024-12-18T20:47:58.166+0000] {dagbag.py:588} INFO - Filling up the DagBag from /home/ubuntu/demo8/lib/python3.12/site-packages/airflow/example_dags/tutorial_taskflow_templates.py
[2024-12-18T20:47:58.181+0000] {processor.py:925} INFO - DAG(s) 'tutorial_taskflow_templates' retrieved from /home/ubuntu/demo8/lib/python3.12/site-packages/airflow/example_dags/tutorial_taskflow_templates.py
[2024-12-18T20:47:58.199+0000] {logging_mixin.py:190} INFO - [2024-12-18T20:47:58.199+0000] {dag.py:3239} INFO - Sync 1 DAGs
[2024-12-18T20:47:58.222+0000] {logging_mixin.py:190} INFO - [2024-12-18T20:47:58.222+0000] {dag.py:4180} INFO - Setting next_dagrun for tutorial_taskflow_templates to 2024-12-17 00:00:00+00:00, run_after=2024-12-18 00:00:00+00:00
[2024-12-18T20:47:58.247+0000] {processor.py:208} INFO - Processing /home/ubuntu/demo8/lib/python3.12/site-packages/airflow/example_dags/tutorial_taskflow_templates.py took 0.091 seconds
[2024-12-18T20:48:55.785+0000] {processor.py:186} INFO - Started process (PID=6374) to work on /home/ubuntu/demo8/lib/python3.12/site-packages/airflow/example_dags/tutorial_taskflow_templates.py
[2024-12-18T20:48:55.788+0000] {processor.py:914} INFO - Processing file /home/ubuntu/demo8/lib/python3.12/site-packages/airflow/example_dags/tutorial_taskflow_templates.py for tasks to queue
[2024-12-18T20:48:55.792+0000] {logging_mixin.py:190} INFO - [2024-12-18T20:48:55.791+0000] {dagbag.py:588} INFO - Filling up the DagBag from /home/ubuntu/demo8/lib/python3.12/site-packages/airflow/example_dags/tutorial_taskflow_templates.py
[2024-12-18T20:48:55.825+0000] {processor.py:925} INFO - DAG(s) 'tutorial_taskflow_templates' retrieved from /home/ubuntu/demo8/lib/python3.12/site-packages/airflow/example_dags/tutorial_taskflow_templates.py
[2024-12-18T20:48:55.863+0000] {logging_mixin.py:190} INFO - [2024-12-18T20:48:55.863+0000] {dag.py:3239} INFO - Sync 1 DAGs
[2024-12-18T20:48:55.889+0000] {logging_mixin.py:190} INFO - [2024-12-18T20:48:55.889+0000] {dag.py:4180} INFO - Setting next_dagrun for tutorial_taskflow_templates to 2024-12-17 00:00:00+00:00, run_after=2024-12-18 00:00:00+00:00
[2024-12-18T20:48:55.913+0000] {processor.py:208} INFO - Processing /home/ubuntu/demo8/lib/python3.12/site-packages/airflow/example_dags/tutorial_taskflow_templates.py took 0.135 seconds
[2024-12-18T20:49:49.933+0000] {processor.py:186} INFO - Started process (PID=6463) to work on /home/ubuntu/demo8/lib/python3.12/site-packages/airflow/example_dags/tutorial_taskflow_templates.py
[2024-12-18T20:49:49.935+0000] {processor.py:914} INFO - Processing file /home/ubuntu/demo8/lib/python3.12/site-packages/airflow/example_dags/tutorial_taskflow_templates.py for tasks to queue
[2024-12-18T20:49:49.939+0000] {logging_mixin.py:190} INFO - [2024-12-18T20:49:49.937+0000] {dagbag.py:588} INFO - Filling up the DagBag from /home/ubuntu/demo8/lib/python3.12/site-packages/airflow/example_dags/tutorial_taskflow_templates.py
[2024-12-18T20:49:49.964+0000] {processor.py:925} INFO - DAG(s) 'tutorial_taskflow_templates' retrieved from /home/ubuntu/demo8/lib/python3.12/site-packages/airflow/example_dags/tutorial_taskflow_templates.py
[2024-12-18T20:49:49.983+0000] {logging_mixin.py:190} INFO - [2024-12-18T20:49:49.983+0000] {dag.py:3239} INFO - Sync 1 DAGs
[2024-12-18T20:49:50.007+0000] {logging_mixin.py:190} INFO - [2024-12-18T20:49:50.006+0000] {dag.py:4180} INFO - Setting next_dagrun for tutorial_taskflow_templates to 2024-12-17 00:00:00+00:00, run_after=2024-12-18 00:00:00+00:00
[2024-12-18T20:49:50.033+0000] {processor.py:208} INFO - Processing /home/ubuntu/demo8/lib/python3.12/site-packages/airflow/example_dags/tutorial_taskflow_templates.py took 0.107 seconds
[2024-12-18T20:50:47.761+0000] {processor.py:186} INFO - Started process (PID=6827) to work on /home/ubuntu/demo8/lib/python3.12/site-packages/airflow/example_dags/tutorial_taskflow_templates.py
[2024-12-18T20:50:47.764+0000] {processor.py:914} INFO - Processing file /home/ubuntu/demo8/lib/python3.12/site-packages/airflow/example_dags/tutorial_taskflow_templates.py for tasks to queue
[2024-12-18T20:50:47.768+0000] {logging_mixin.py:190} INFO - [2024-12-18T20:50:47.767+0000] {dagbag.py:588} INFO - Filling up the DagBag from /home/ubuntu/demo8/lib/python3.12/site-packages/airflow/example_dags/tutorial_taskflow_templates.py
[2024-12-18T20:50:47.792+0000] {processor.py:925} INFO - DAG(s) 'tutorial_taskflow_templates' retrieved from /home/ubuntu/demo8/lib/python3.12/site-packages/airflow/example_dags/tutorial_taskflow_templates.py
[2024-12-18T20:50:47.811+0000] {logging_mixin.py:190} INFO - [2024-12-18T20:50:47.810+0000] {dag.py:3239} INFO - Sync 1 DAGs
[2024-12-18T20:50:47.835+0000] {logging_mixin.py:190} INFO - [2024-12-18T20:50:47.834+0000] {dag.py:4180} INFO - Setting next_dagrun for tutorial_taskflow_templates to 2024-12-17 00:00:00+00:00, run_after=2024-12-18 00:00:00+00:00
[2024-12-18T20:50:47.860+0000] {processor.py:208} INFO - Processing /home/ubuntu/demo8/lib/python3.12/site-packages/airflow/example_dags/tutorial_taskflow_templates.py took 0.105 seconds
[2024-12-18T20:51:39.316+0000] {processor.py:186} INFO - Started process (PID=7055) to work on /home/ubuntu/demo8/lib/python3.12/site-packages/airflow/example_dags/tutorial_taskflow_templates.py
[2024-12-18T20:51:39.318+0000] {processor.py:914} INFO - Processing file /home/ubuntu/demo8/lib/python3.12/site-packages/airflow/example_dags/tutorial_taskflow_templates.py for tasks to queue
[2024-12-18T20:51:39.320+0000] {logging_mixin.py:190} INFO - [2024-12-18T20:51:39.320+0000] {dagbag.py:588} INFO - Filling up the DagBag from /home/ubuntu/demo8/lib/python3.12/site-packages/airflow/example_dags/tutorial_taskflow_templates.py
[2024-12-18T20:51:39.335+0000] {processor.py:925} INFO - DAG(s) 'tutorial_taskflow_templates' retrieved from /home/ubuntu/demo8/lib/python3.12/site-packages/airflow/example_dags/tutorial_taskflow_templates.py
[2024-12-18T20:51:39.353+0000] {logging_mixin.py:190} INFO - [2024-12-18T20:51:39.353+0000] {dag.py:3239} INFO - Sync 1 DAGs
[2024-12-18T20:51:39.377+0000] {logging_mixin.py:190} INFO - [2024-12-18T20:51:39.376+0000] {dag.py:4180} INFO - Setting next_dagrun for tutorial_taskflow_templates to 2024-12-17 00:00:00+00:00, run_after=2024-12-18 00:00:00+00:00
[2024-12-18T20:51:39.403+0000] {processor.py:208} INFO - Processing /home/ubuntu/demo8/lib/python3.12/site-packages/airflow/example_dags/tutorial_taskflow_templates.py took 0.093 seconds
