[2024-12-18T15:44:14.791+0000] {processor.py:186} INFO - Started process (PID=3643) to work on /home/ubuntu/demo8/lib/python3.12/site-packages/airflow/example_dags/tutorial.py
[2024-12-18T15:44:14.791+0000] {processor.py:914} INFO - Processing file /home/ubuntu/demo8/lib/python3.12/site-packages/airflow/example_dags/tutorial.py for tasks to queue
[2024-12-18T15:44:14.794+0000] {logging_mixin.py:190} INFO - [2024-12-18T15:44:14.793+0000] {dagbag.py:588} INFO - Filling up the DagBag from /home/ubuntu/demo8/lib/python3.12/site-packages/airflow/example_dags/tutorial.py
[2024-12-18T15:44:14.803+0000] {processor.py:925} INFO - DAG(s) 'tutorial' retrieved from /home/ubuntu/demo8/lib/python3.12/site-packages/airflow/example_dags/tutorial.py
[2024-12-18T15:44:14.923+0000] {logging_mixin.py:190} INFO - [2024-12-18T15:44:14.923+0000] {override.py:1911} INFO - Created Permission View: can read on DAG:tutorial
[2024-12-18T15:44:14.936+0000] {logging_mixin.py:190} INFO - [2024-12-18T15:44:14.936+0000] {override.py:1911} INFO - Created Permission View: can delete on DAG:tutorial
[2024-12-18T15:44:14.945+0000] {logging_mixin.py:190} INFO - [2024-12-18T15:44:14.945+0000] {override.py:1911} INFO - Created Permission View: can edit on DAG:tutorial
[2024-12-18T15:44:14.959+0000] {logging_mixin.py:190} INFO - [2024-12-18T15:44:14.959+0000] {override.py:1911} INFO - Created Permission View: can create on DAG Run:tutorial
[2024-12-18T15:44:14.969+0000] {logging_mixin.py:190} INFO - [2024-12-18T15:44:14.968+0000] {override.py:1911} INFO - Created Permission View: can read on DAG Run:tutorial
[2024-12-18T15:44:14.978+0000] {logging_mixin.py:190} INFO - [2024-12-18T15:44:14.977+0000] {override.py:1911} INFO - Created Permission View: menu access on DAG Run:tutorial
[2024-12-18T15:44:14.987+0000] {logging_mixin.py:190} INFO - [2024-12-18T15:44:14.986+0000] {override.py:1911} INFO - Created Permission View: can delete on DAG Run:tutorial
[2024-12-18T15:44:14.987+0000] {logging_mixin.py:190} INFO - [2024-12-18T15:44:14.987+0000] {dag.py:3239} INFO - Sync 1 DAGs
[2024-12-18T15:44:15.001+0000] {logging_mixin.py:190} INFO - [2024-12-18T15:44:15.001+0000] {dag.py:3262} INFO - Creating ORM DAG for tutorial
[2024-12-18T15:44:15.010+0000] {logging_mixin.py:190} INFO - [2024-12-18T15:44:15.010+0000] {dag.py:4180} INFO - Setting next_dagrun for tutorial to 2024-12-17 00:00:00+00:00, run_after=2024-12-18 00:00:00+00:00
[2024-12-18T15:44:15.030+0000] {processor.py:208} INFO - Processing /home/ubuntu/demo8/lib/python3.12/site-packages/airflow/example_dags/tutorial.py took 0.246 seconds
[2024-12-18T15:45:24.200+0000] {processor.py:186} INFO - Started process (PID=3740) to work on /home/ubuntu/demo8/lib/python3.12/site-packages/airflow/example_dags/tutorial.py
[2024-12-18T15:45:24.202+0000] {processor.py:914} INFO - Processing file /home/ubuntu/demo8/lib/python3.12/site-packages/airflow/example_dags/tutorial.py for tasks to queue
[2024-12-18T15:45:24.204+0000] {logging_mixin.py:190} INFO - [2024-12-18T15:45:24.203+0000] {dagbag.py:588} INFO - Filling up the DagBag from /home/ubuntu/demo8/lib/python3.12/site-packages/airflow/example_dags/tutorial.py
[2024-12-18T15:45:24.213+0000] {processor.py:925} INFO - DAG(s) 'tutorial' retrieved from /home/ubuntu/demo8/lib/python3.12/site-packages/airflow/example_dags/tutorial.py
[2024-12-18T15:45:24.231+0000] {logging_mixin.py:190} INFO - [2024-12-18T15:45:24.231+0000] {dag.py:3239} INFO - Sync 1 DAGs
[2024-12-18T15:45:24.253+0000] {logging_mixin.py:190} INFO - [2024-12-18T15:45:24.253+0000] {dag.py:4180} INFO - Setting next_dagrun for tutorial to 2024-12-17 00:00:00+00:00, run_after=2024-12-18 00:00:00+00:00
[2024-12-18T15:45:24.277+0000] {processor.py:208} INFO - Processing /home/ubuntu/demo8/lib/python3.12/site-packages/airflow/example_dags/tutorial.py took 0.082 seconds
[2024-12-18T15:46:22.559+0000] {processor.py:186} INFO - Started process (PID=3799) to work on /home/ubuntu/demo8/lib/python3.12/site-packages/airflow/example_dags/tutorial.py
[2024-12-18T15:46:22.560+0000] {processor.py:914} INFO - Processing file /home/ubuntu/demo8/lib/python3.12/site-packages/airflow/example_dags/tutorial.py for tasks to queue
[2024-12-18T15:46:22.562+0000] {logging_mixin.py:190} INFO - [2024-12-18T15:46:22.562+0000] {dagbag.py:588} INFO - Filling up the DagBag from /home/ubuntu/demo8/lib/python3.12/site-packages/airflow/example_dags/tutorial.py
[2024-12-18T15:46:22.576+0000] {processor.py:925} INFO - DAG(s) 'tutorial' retrieved from /home/ubuntu/demo8/lib/python3.12/site-packages/airflow/example_dags/tutorial.py
[2024-12-18T15:46:22.599+0000] {logging_mixin.py:190} INFO - [2024-12-18T15:46:22.599+0000] {dag.py:3239} INFO - Sync 1 DAGs
[2024-12-18T15:46:22.621+0000] {logging_mixin.py:190} INFO - [2024-12-18T15:46:22.620+0000] {dag.py:4180} INFO - Setting next_dagrun for tutorial to 2024-12-17 00:00:00+00:00, run_after=2024-12-18 00:00:00+00:00
[2024-12-18T15:46:22.643+0000] {processor.py:208} INFO - Processing /home/ubuntu/demo8/lib/python3.12/site-packages/airflow/example_dags/tutorial.py took 0.090 seconds
[2024-12-18T15:47:17.333+0000] {processor.py:186} INFO - Started process (PID=4264) to work on /home/ubuntu/demo8/lib/python3.12/site-packages/airflow/example_dags/tutorial.py
[2024-12-18T15:47:17.335+0000] {processor.py:914} INFO - Processing file /home/ubuntu/demo8/lib/python3.12/site-packages/airflow/example_dags/tutorial.py for tasks to queue
[2024-12-18T15:47:17.337+0000] {logging_mixin.py:190} INFO - [2024-12-18T15:47:17.337+0000] {dagbag.py:588} INFO - Filling up the DagBag from /home/ubuntu/demo8/lib/python3.12/site-packages/airflow/example_dags/tutorial.py
[2024-12-18T15:47:17.347+0000] {processor.py:925} INFO - DAG(s) 'tutorial' retrieved from /home/ubuntu/demo8/lib/python3.12/site-packages/airflow/example_dags/tutorial.py
[2024-12-18T15:47:17.364+0000] {logging_mixin.py:190} INFO - [2024-12-18T15:47:17.364+0000] {dag.py:3239} INFO - Sync 1 DAGs
[2024-12-18T15:47:17.386+0000] {logging_mixin.py:190} INFO - [2024-12-18T15:47:17.386+0000] {dag.py:4180} INFO - Setting next_dagrun for tutorial to 2024-12-17 00:00:00+00:00, run_after=2024-12-18 00:00:00+00:00
[2024-12-18T15:47:17.420+0000] {processor.py:208} INFO - Processing /home/ubuntu/demo8/lib/python3.12/site-packages/airflow/example_dags/tutorial.py took 0.092 seconds
[2024-12-18T15:48:12.809+0000] {processor.py:186} INFO - Started process (PID=4320) to work on /home/ubuntu/demo8/lib/python3.12/site-packages/airflow/example_dags/tutorial.py
[2024-12-18T15:48:12.810+0000] {processor.py:914} INFO - Processing file /home/ubuntu/demo8/lib/python3.12/site-packages/airflow/example_dags/tutorial.py for tasks to queue
[2024-12-18T15:48:12.813+0000] {logging_mixin.py:190} INFO - [2024-12-18T15:48:12.812+0000] {dagbag.py:588} INFO - Filling up the DagBag from /home/ubuntu/demo8/lib/python3.12/site-packages/airflow/example_dags/tutorial.py
[2024-12-18T15:48:12.822+0000] {processor.py:925} INFO - DAG(s) 'tutorial' retrieved from /home/ubuntu/demo8/lib/python3.12/site-packages/airflow/example_dags/tutorial.py
[2024-12-18T15:48:12.839+0000] {logging_mixin.py:190} INFO - [2024-12-18T15:48:12.838+0000] {dag.py:3239} INFO - Sync 1 DAGs
[2024-12-18T15:48:12.861+0000] {logging_mixin.py:190} INFO - [2024-12-18T15:48:12.861+0000] {dag.py:4180} INFO - Setting next_dagrun for tutorial to 2024-12-17 00:00:00+00:00, run_after=2024-12-18 00:00:00+00:00
[2024-12-18T15:48:12.883+0000] {processor.py:208} INFO - Processing /home/ubuntu/demo8/lib/python3.12/site-packages/airflow/example_dags/tutorial.py took 0.080 seconds
[2024-12-18T15:49:05.724+0000] {processor.py:186} INFO - Started process (PID=4374) to work on /home/ubuntu/demo8/lib/python3.12/site-packages/airflow/example_dags/tutorial.py
[2024-12-18T15:49:05.726+0000] {processor.py:914} INFO - Processing file /home/ubuntu/demo8/lib/python3.12/site-packages/airflow/example_dags/tutorial.py for tasks to queue
[2024-12-18T15:49:05.728+0000] {logging_mixin.py:190} INFO - [2024-12-18T15:49:05.728+0000] {dagbag.py:588} INFO - Filling up the DagBag from /home/ubuntu/demo8/lib/python3.12/site-packages/airflow/example_dags/tutorial.py
[2024-12-18T15:49:05.737+0000] {processor.py:925} INFO - DAG(s) 'tutorial' retrieved from /home/ubuntu/demo8/lib/python3.12/site-packages/airflow/example_dags/tutorial.py
[2024-12-18T15:49:05.755+0000] {logging_mixin.py:190} INFO - [2024-12-18T15:49:05.754+0000] {dag.py:3239} INFO - Sync 1 DAGs
[2024-12-18T15:49:05.899+0000] {logging_mixin.py:190} INFO - [2024-12-18T15:49:05.898+0000] {dag.py:4180} INFO - Setting next_dagrun for tutorial to 2024-12-17 00:00:00+00:00, run_after=2024-12-18 00:00:00+00:00
[2024-12-18T15:49:05.925+0000] {processor.py:208} INFO - Processing /home/ubuntu/demo8/lib/python3.12/site-packages/airflow/example_dags/tutorial.py took 0.207 seconds
[2024-12-18T15:50:11.086+0000] {processor.py:186} INFO - Started process (PID=4436) to work on /home/ubuntu/demo8/lib/python3.12/site-packages/airflow/example_dags/tutorial.py
[2024-12-18T15:50:11.087+0000] {processor.py:914} INFO - Processing file /home/ubuntu/demo8/lib/python3.12/site-packages/airflow/example_dags/tutorial.py for tasks to queue
[2024-12-18T15:50:11.090+0000] {logging_mixin.py:190} INFO - [2024-12-18T15:50:11.089+0000] {dagbag.py:588} INFO - Filling up the DagBag from /home/ubuntu/demo8/lib/python3.12/site-packages/airflow/example_dags/tutorial.py
[2024-12-18T15:50:11.099+0000] {processor.py:925} INFO - DAG(s) 'tutorial' retrieved from /home/ubuntu/demo8/lib/python3.12/site-packages/airflow/example_dags/tutorial.py
[2024-12-18T15:50:11.116+0000] {logging_mixin.py:190} INFO - [2024-12-18T15:50:11.115+0000] {dag.py:3239} INFO - Sync 1 DAGs
[2024-12-18T15:50:11.139+0000] {logging_mixin.py:190} INFO - [2024-12-18T15:50:11.138+0000] {dag.py:4180} INFO - Setting next_dagrun for tutorial to 2024-12-17 00:00:00+00:00, run_after=2024-12-18 00:00:00+00:00
[2024-12-18T15:50:11.161+0000] {processor.py:208} INFO - Processing /home/ubuntu/demo8/lib/python3.12/site-packages/airflow/example_dags/tutorial.py took 0.081 seconds
[2024-12-18T15:51:07.174+0000] {processor.py:186} INFO - Started process (PID=4505) to work on /home/ubuntu/demo8/lib/python3.12/site-packages/airflow/example_dags/tutorial.py
[2024-12-18T15:51:07.176+0000] {processor.py:914} INFO - Processing file /home/ubuntu/demo8/lib/python3.12/site-packages/airflow/example_dags/tutorial.py for tasks to queue
[2024-12-18T15:51:07.178+0000] {logging_mixin.py:190} INFO - [2024-12-18T15:51:07.178+0000] {dagbag.py:588} INFO - Filling up the DagBag from /home/ubuntu/demo8/lib/python3.12/site-packages/airflow/example_dags/tutorial.py
[2024-12-18T15:51:07.188+0000] {processor.py:925} INFO - DAG(s) 'tutorial' retrieved from /home/ubuntu/demo8/lib/python3.12/site-packages/airflow/example_dags/tutorial.py
[2024-12-18T15:51:07.213+0000] {logging_mixin.py:190} INFO - [2024-12-18T15:51:07.212+0000] {dag.py:3239} INFO - Sync 1 DAGs
[2024-12-18T15:51:07.236+0000] {logging_mixin.py:190} INFO - [2024-12-18T15:51:07.235+0000] {dag.py:4180} INFO - Setting next_dagrun for tutorial to 2024-12-17 00:00:00+00:00, run_after=2024-12-18 00:00:00+00:00
[2024-12-18T15:51:07.257+0000] {processor.py:208} INFO - Processing /home/ubuntu/demo8/lib/python3.12/site-packages/airflow/example_dags/tutorial.py took 0.089 seconds
[2024-12-18T15:51:58.764+0000] {processor.py:186} INFO - Started process (PID=4559) to work on /home/ubuntu/demo8/lib/python3.12/site-packages/airflow/example_dags/tutorial.py
[2024-12-18T15:51:58.765+0000] {processor.py:914} INFO - Processing file /home/ubuntu/demo8/lib/python3.12/site-packages/airflow/example_dags/tutorial.py for tasks to queue
[2024-12-18T15:51:58.768+0000] {logging_mixin.py:190} INFO - [2024-12-18T15:51:58.767+0000] {dagbag.py:588} INFO - Filling up the DagBag from /home/ubuntu/demo8/lib/python3.12/site-packages/airflow/example_dags/tutorial.py
[2024-12-18T15:51:58.777+0000] {processor.py:925} INFO - DAG(s) 'tutorial' retrieved from /home/ubuntu/demo8/lib/python3.12/site-packages/airflow/example_dags/tutorial.py
[2024-12-18T15:51:58.795+0000] {logging_mixin.py:190} INFO - [2024-12-18T15:51:58.795+0000] {dag.py:3239} INFO - Sync 1 DAGs
[2024-12-18T15:51:58.818+0000] {logging_mixin.py:190} INFO - [2024-12-18T15:51:58.818+0000] {dag.py:4180} INFO - Setting next_dagrun for tutorial to 2024-12-17 00:00:00+00:00, run_after=2024-12-18 00:00:00+00:00
[2024-12-18T15:51:58.840+0000] {processor.py:208} INFO - Processing /home/ubuntu/demo8/lib/python3.12/site-packages/airflow/example_dags/tutorial.py took 0.083 seconds
[2024-12-18T15:52:53.353+0000] {processor.py:186} INFO - Started process (PID=4617) to work on /home/ubuntu/demo8/lib/python3.12/site-packages/airflow/example_dags/tutorial.py
[2024-12-18T15:52:53.354+0000] {processor.py:914} INFO - Processing file /home/ubuntu/demo8/lib/python3.12/site-packages/airflow/example_dags/tutorial.py for tasks to queue
[2024-12-18T15:52:53.357+0000] {logging_mixin.py:190} INFO - [2024-12-18T15:52:53.356+0000] {dagbag.py:588} INFO - Filling up the DagBag from /home/ubuntu/demo8/lib/python3.12/site-packages/airflow/example_dags/tutorial.py
[2024-12-18T15:52:53.366+0000] {processor.py:925} INFO - DAG(s) 'tutorial' retrieved from /home/ubuntu/demo8/lib/python3.12/site-packages/airflow/example_dags/tutorial.py
[2024-12-18T15:52:53.383+0000] {logging_mixin.py:190} INFO - [2024-12-18T15:52:53.383+0000] {dag.py:3239} INFO - Sync 1 DAGs
[2024-12-18T15:52:53.405+0000] {logging_mixin.py:190} INFO - [2024-12-18T15:52:53.405+0000] {dag.py:4180} INFO - Setting next_dagrun for tutorial to 2024-12-17 00:00:00+00:00, run_after=2024-12-18 00:00:00+00:00
[2024-12-18T15:52:53.428+0000] {processor.py:208} INFO - Processing /home/ubuntu/demo8/lib/python3.12/site-packages/airflow/example_dags/tutorial.py took 0.081 seconds
[2024-12-18T15:53:48.480+0000] {processor.py:186} INFO - Started process (PID=4674) to work on /home/ubuntu/demo8/lib/python3.12/site-packages/airflow/example_dags/tutorial.py
[2024-12-18T15:53:48.483+0000] {processor.py:914} INFO - Processing file /home/ubuntu/demo8/lib/python3.12/site-packages/airflow/example_dags/tutorial.py for tasks to queue
[2024-12-18T15:53:48.490+0000] {logging_mixin.py:190} INFO - [2024-12-18T15:53:48.490+0000] {dagbag.py:588} INFO - Filling up the DagBag from /home/ubuntu/demo8/lib/python3.12/site-packages/airflow/example_dags/tutorial.py
[2024-12-18T15:53:48.533+0000] {processor.py:925} INFO - DAG(s) 'tutorial' retrieved from /home/ubuntu/demo8/lib/python3.12/site-packages/airflow/example_dags/tutorial.py
[2024-12-18T15:53:48.575+0000] {logging_mixin.py:190} INFO - [2024-12-18T15:53:48.575+0000] {dag.py:3239} INFO - Sync 1 DAGs
[2024-12-18T15:53:48.624+0000] {logging_mixin.py:190} INFO - [2024-12-18T15:53:48.624+0000] {dag.py:4180} INFO - Setting next_dagrun for tutorial to 2024-12-17 00:00:00+00:00, run_after=2024-12-18 00:00:00+00:00
[2024-12-18T15:53:48.667+0000] {processor.py:208} INFO - Processing /home/ubuntu/demo8/lib/python3.12/site-packages/airflow/example_dags/tutorial.py took 0.199 seconds
[2024-12-18T15:54:33.202+0000] {processor.py:186} INFO - Started process (PID=4744) to work on /home/ubuntu/demo8/lib/python3.12/site-packages/airflow/example_dags/tutorial.py
[2024-12-18T15:54:33.204+0000] {processor.py:914} INFO - Processing file /home/ubuntu/demo8/lib/python3.12/site-packages/airflow/example_dags/tutorial.py for tasks to queue
[2024-12-18T15:54:33.207+0000] {logging_mixin.py:190} INFO - [2024-12-18T15:54:33.206+0000] {dagbag.py:588} INFO - Filling up the DagBag from /home/ubuntu/demo8/lib/python3.12/site-packages/airflow/example_dags/tutorial.py
[2024-12-18T15:54:33.216+0000] {processor.py:925} INFO - DAG(s) 'tutorial' retrieved from /home/ubuntu/demo8/lib/python3.12/site-packages/airflow/example_dags/tutorial.py
[2024-12-18T15:54:33.241+0000] {logging_mixin.py:190} INFO - [2024-12-18T15:54:33.241+0000] {dag.py:3239} INFO - Sync 1 DAGs
[2024-12-18T15:54:33.264+0000] {logging_mixin.py:190} INFO - [2024-12-18T15:54:33.264+0000] {dag.py:4180} INFO - Setting next_dagrun for tutorial to 2024-12-17 00:00:00+00:00, run_after=2024-12-18 00:00:00+00:00
[2024-12-18T15:54:33.288+0000] {processor.py:208} INFO - Processing /home/ubuntu/demo8/lib/python3.12/site-packages/airflow/example_dags/tutorial.py took 0.092 seconds
[2024-12-18T15:55:29.024+0000] {processor.py:186} INFO - Started process (PID=4805) to work on /home/ubuntu/demo8/lib/python3.12/site-packages/airflow/example_dags/tutorial.py
[2024-12-18T15:55:29.026+0000] {processor.py:914} INFO - Processing file /home/ubuntu/demo8/lib/python3.12/site-packages/airflow/example_dags/tutorial.py for tasks to queue
[2024-12-18T15:55:29.028+0000] {logging_mixin.py:190} INFO - [2024-12-18T15:55:29.027+0000] {dagbag.py:588} INFO - Filling up the DagBag from /home/ubuntu/demo8/lib/python3.12/site-packages/airflow/example_dags/tutorial.py
[2024-12-18T15:55:29.037+0000] {processor.py:925} INFO - DAG(s) 'tutorial' retrieved from /home/ubuntu/demo8/lib/python3.12/site-packages/airflow/example_dags/tutorial.py
[2024-12-18T15:55:29.054+0000] {logging_mixin.py:190} INFO - [2024-12-18T15:55:29.054+0000] {dag.py:3239} INFO - Sync 1 DAGs
[2024-12-18T15:55:29.077+0000] {logging_mixin.py:190} INFO - [2024-12-18T15:55:29.076+0000] {dag.py:4180} INFO - Setting next_dagrun for tutorial to 2024-12-17 00:00:00+00:00, run_after=2024-12-18 00:00:00+00:00
[2024-12-18T15:55:29.099+0000] {processor.py:208} INFO - Processing /home/ubuntu/demo8/lib/python3.12/site-packages/airflow/example_dags/tutorial.py took 0.081 seconds
[2024-12-18T15:56:22.203+0000] {processor.py:186} INFO - Started process (PID=4862) to work on /home/ubuntu/demo8/lib/python3.12/site-packages/airflow/example_dags/tutorial.py
[2024-12-18T15:56:22.204+0000] {processor.py:914} INFO - Processing file /home/ubuntu/demo8/lib/python3.12/site-packages/airflow/example_dags/tutorial.py for tasks to queue
[2024-12-18T15:56:22.206+0000] {logging_mixin.py:190} INFO - [2024-12-18T15:56:22.206+0000] {dagbag.py:588} INFO - Filling up the DagBag from /home/ubuntu/demo8/lib/python3.12/site-packages/airflow/example_dags/tutorial.py
[2024-12-18T15:56:22.215+0000] {processor.py:925} INFO - DAG(s) 'tutorial' retrieved from /home/ubuntu/demo8/lib/python3.12/site-packages/airflow/example_dags/tutorial.py
[2024-12-18T15:56:22.232+0000] {logging_mixin.py:190} INFO - [2024-12-18T15:56:22.231+0000] {dag.py:3239} INFO - Sync 1 DAGs
[2024-12-18T15:56:22.253+0000] {logging_mixin.py:190} INFO - [2024-12-18T15:56:22.252+0000] {dag.py:4180} INFO - Setting next_dagrun for tutorial to 2024-12-17 00:00:00+00:00, run_after=2024-12-18 00:00:00+00:00
[2024-12-18T15:56:22.276+0000] {processor.py:208} INFO - Processing /home/ubuntu/demo8/lib/python3.12/site-packages/airflow/example_dags/tutorial.py took 0.082 seconds
[2024-12-18T15:57:00.724+0000] {processor.py:186} INFO - Started process (PID=4894) to work on /home/ubuntu/demo8/lib/python3.12/site-packages/airflow/example_dags/tutorial.py
[2024-12-18T15:57:00.725+0000] {processor.py:914} INFO - Processing file /home/ubuntu/demo8/lib/python3.12/site-packages/airflow/example_dags/tutorial.py for tasks to queue
[2024-12-18T15:57:00.728+0000] {logging_mixin.py:190} INFO - [2024-12-18T15:57:00.727+0000] {dagbag.py:588} INFO - Filling up the DagBag from /home/ubuntu/demo8/lib/python3.12/site-packages/airflow/example_dags/tutorial.py
[2024-12-18T15:57:00.737+0000] {processor.py:925} INFO - DAG(s) 'tutorial' retrieved from /home/ubuntu/demo8/lib/python3.12/site-packages/airflow/example_dags/tutorial.py
[2024-12-18T15:57:00.761+0000] {logging_mixin.py:190} INFO - [2024-12-18T15:57:00.760+0000] {dag.py:3239} INFO - Sync 1 DAGs
[2024-12-18T15:57:00.784+0000] {logging_mixin.py:190} INFO - [2024-12-18T15:57:00.783+0000] {dag.py:4180} INFO - Setting next_dagrun for tutorial to 2024-12-17 00:00:00+00:00, run_after=2024-12-18 00:00:00+00:00
[2024-12-18T15:57:00.806+0000] {processor.py:208} INFO - Processing /home/ubuntu/demo8/lib/python3.12/site-packages/airflow/example_dags/tutorial.py took 0.088 seconds
[2024-12-18T15:57:56.540+0000] {processor.py:186} INFO - Started process (PID=4952) to work on /home/ubuntu/demo8/lib/python3.12/site-packages/airflow/example_dags/tutorial.py
[2024-12-18T15:57:56.542+0000] {processor.py:914} INFO - Processing file /home/ubuntu/demo8/lib/python3.12/site-packages/airflow/example_dags/tutorial.py for tasks to queue
[2024-12-18T15:57:56.544+0000] {logging_mixin.py:190} INFO - [2024-12-18T15:57:56.544+0000] {dagbag.py:588} INFO - Filling up the DagBag from /home/ubuntu/demo8/lib/python3.12/site-packages/airflow/example_dags/tutorial.py
[2024-12-18T15:57:56.553+0000] {processor.py:925} INFO - DAG(s) 'tutorial' retrieved from /home/ubuntu/demo8/lib/python3.12/site-packages/airflow/example_dags/tutorial.py
[2024-12-18T15:57:56.570+0000] {logging_mixin.py:190} INFO - [2024-12-18T15:57:56.569+0000] {dag.py:3239} INFO - Sync 1 DAGs
[2024-12-18T15:57:56.592+0000] {logging_mixin.py:190} INFO - [2024-12-18T15:57:56.592+0000] {dag.py:4180} INFO - Setting next_dagrun for tutorial to 2024-12-17 00:00:00+00:00, run_after=2024-12-18 00:00:00+00:00
[2024-12-18T15:57:56.614+0000] {processor.py:208} INFO - Processing /home/ubuntu/demo8/lib/python3.12/site-packages/airflow/example_dags/tutorial.py took 0.080 seconds
[2024-12-18T15:58:49.713+0000] {processor.py:186} INFO - Started process (PID=5007) to work on /home/ubuntu/demo8/lib/python3.12/site-packages/airflow/example_dags/tutorial.py
[2024-12-18T15:58:49.715+0000] {processor.py:914} INFO - Processing file /home/ubuntu/demo8/lib/python3.12/site-packages/airflow/example_dags/tutorial.py for tasks to queue
[2024-12-18T15:58:49.717+0000] {logging_mixin.py:190} INFO - [2024-12-18T15:58:49.716+0000] {dagbag.py:588} INFO - Filling up the DagBag from /home/ubuntu/demo8/lib/python3.12/site-packages/airflow/example_dags/tutorial.py
[2024-12-18T15:58:49.726+0000] {processor.py:925} INFO - DAG(s) 'tutorial' retrieved from /home/ubuntu/demo8/lib/python3.12/site-packages/airflow/example_dags/tutorial.py
[2024-12-18T15:58:49.743+0000] {logging_mixin.py:190} INFO - [2024-12-18T15:58:49.743+0000] {dag.py:3239} INFO - Sync 1 DAGs
[2024-12-18T15:58:49.765+0000] {logging_mixin.py:190} INFO - [2024-12-18T15:58:49.764+0000] {dag.py:4180} INFO - Setting next_dagrun for tutorial to 2024-12-17 00:00:00+00:00, run_after=2024-12-18 00:00:00+00:00
[2024-12-18T15:58:49.788+0000] {processor.py:208} INFO - Processing /home/ubuntu/demo8/lib/python3.12/site-packages/airflow/example_dags/tutorial.py took 0.081 seconds
[2024-12-18T15:59:59.539+0000] {processor.py:186} INFO - Started process (PID=5075) to work on /home/ubuntu/demo8/lib/python3.12/site-packages/airflow/example_dags/tutorial.py
[2024-12-18T15:59:59.541+0000] {processor.py:914} INFO - Processing file /home/ubuntu/demo8/lib/python3.12/site-packages/airflow/example_dags/tutorial.py for tasks to queue
[2024-12-18T15:59:59.544+0000] {logging_mixin.py:190} INFO - [2024-12-18T15:59:59.543+0000] {dagbag.py:588} INFO - Filling up the DagBag from /home/ubuntu/demo8/lib/python3.12/site-packages/airflow/example_dags/tutorial.py
[2024-12-18T15:59:59.553+0000] {processor.py:925} INFO - DAG(s) 'tutorial' retrieved from /home/ubuntu/demo8/lib/python3.12/site-packages/airflow/example_dags/tutorial.py
[2024-12-18T15:59:59.577+0000] {logging_mixin.py:190} INFO - [2024-12-18T15:59:59.577+0000] {dag.py:3239} INFO - Sync 1 DAGs
[2024-12-18T15:59:59.601+0000] {logging_mixin.py:190} INFO - [2024-12-18T15:59:59.600+0000] {dag.py:4180} INFO - Setting next_dagrun for tutorial to 2024-12-17 00:00:00+00:00, run_after=2024-12-18 00:00:00+00:00
[2024-12-18T15:59:59.622+0000] {processor.py:208} INFO - Processing /home/ubuntu/demo8/lib/python3.12/site-packages/airflow/example_dags/tutorial.py took 0.089 seconds
[2024-12-18T16:00:55.359+0000] {processor.py:186} INFO - Started process (PID=5136) to work on /home/ubuntu/demo8/lib/python3.12/site-packages/airflow/example_dags/tutorial.py
[2024-12-18T16:00:55.361+0000] {processor.py:914} INFO - Processing file /home/ubuntu/demo8/lib/python3.12/site-packages/airflow/example_dags/tutorial.py for tasks to queue
[2024-12-18T16:00:55.363+0000] {logging_mixin.py:190} INFO - [2024-12-18T16:00:55.362+0000] {dagbag.py:588} INFO - Filling up the DagBag from /home/ubuntu/demo8/lib/python3.12/site-packages/airflow/example_dags/tutorial.py
[2024-12-18T16:00:55.372+0000] {processor.py:925} INFO - DAG(s) 'tutorial' retrieved from /home/ubuntu/demo8/lib/python3.12/site-packages/airflow/example_dags/tutorial.py
[2024-12-18T16:00:55.388+0000] {logging_mixin.py:190} INFO - [2024-12-18T16:00:55.388+0000] {dag.py:3239} INFO - Sync 1 DAGs
[2024-12-18T16:00:55.410+0000] {logging_mixin.py:190} INFO - [2024-12-18T16:00:55.410+0000] {dag.py:4180} INFO - Setting next_dagrun for tutorial to 2024-12-17 00:00:00+00:00, run_after=2024-12-18 00:00:00+00:00
[2024-12-18T16:00:55.432+0000] {processor.py:208} INFO - Processing /home/ubuntu/demo8/lib/python3.12/site-packages/airflow/example_dags/tutorial.py took 0.079 seconds
[2024-12-18T16:01:48.536+0000] {processor.py:186} INFO - Started process (PID=5193) to work on /home/ubuntu/demo8/lib/python3.12/site-packages/airflow/example_dags/tutorial.py
[2024-12-18T16:01:48.537+0000] {processor.py:914} INFO - Processing file /home/ubuntu/demo8/lib/python3.12/site-packages/airflow/example_dags/tutorial.py for tasks to queue
[2024-12-18T16:01:48.539+0000] {logging_mixin.py:190} INFO - [2024-12-18T16:01:48.539+0000] {dagbag.py:588} INFO - Filling up the DagBag from /home/ubuntu/demo8/lib/python3.12/site-packages/airflow/example_dags/tutorial.py
[2024-12-18T16:01:48.548+0000] {processor.py:925} INFO - DAG(s) 'tutorial' retrieved from /home/ubuntu/demo8/lib/python3.12/site-packages/airflow/example_dags/tutorial.py
[2024-12-18T16:01:48.565+0000] {logging_mixin.py:190} INFO - [2024-12-18T16:01:48.565+0000] {dag.py:3239} INFO - Sync 1 DAGs
[2024-12-18T16:01:48.586+0000] {logging_mixin.py:190} INFO - [2024-12-18T16:01:48.586+0000] {dag.py:4180} INFO - Setting next_dagrun for tutorial to 2024-12-17 00:00:00+00:00, run_after=2024-12-18 00:00:00+00:00
[2024-12-18T16:01:48.609+0000] {processor.py:208} INFO - Processing /home/ubuntu/demo8/lib/python3.12/site-packages/airflow/example_dags/tutorial.py took 0.087 seconds
[2024-12-18T16:02:43.079+0000] {processor.py:186} INFO - Started process (PID=5248) to work on /home/ubuntu/demo8/lib/python3.12/site-packages/airflow/example_dags/tutorial.py
[2024-12-18T16:02:43.081+0000] {processor.py:914} INFO - Processing file /home/ubuntu/demo8/lib/python3.12/site-packages/airflow/example_dags/tutorial.py for tasks to queue
[2024-12-18T16:02:43.083+0000] {logging_mixin.py:190} INFO - [2024-12-18T16:02:43.083+0000] {dagbag.py:588} INFO - Filling up the DagBag from /home/ubuntu/demo8/lib/python3.12/site-packages/airflow/example_dags/tutorial.py
[2024-12-18T16:02:43.092+0000] {processor.py:925} INFO - DAG(s) 'tutorial' retrieved from /home/ubuntu/demo8/lib/python3.12/site-packages/airflow/example_dags/tutorial.py
[2024-12-18T16:02:43.109+0000] {logging_mixin.py:190} INFO - [2024-12-18T16:02:43.109+0000] {dag.py:3239} INFO - Sync 1 DAGs
[2024-12-18T16:02:43.131+0000] {logging_mixin.py:190} INFO - [2024-12-18T16:02:43.131+0000] {dag.py:4180} INFO - Setting next_dagrun for tutorial to 2024-12-17 00:00:00+00:00, run_after=2024-12-18 00:00:00+00:00
[2024-12-18T16:02:43.160+0000] {processor.py:208} INFO - Processing /home/ubuntu/demo8/lib/python3.12/site-packages/airflow/example_dags/tutorial.py took 0.086 seconds
[2024-12-18T16:03:36.796+0000] {processor.py:186} INFO - Started process (PID=5303) to work on /home/ubuntu/demo8/lib/python3.12/site-packages/airflow/example_dags/tutorial.py
[2024-12-18T16:03:36.798+0000] {processor.py:914} INFO - Processing file /home/ubuntu/demo8/lib/python3.12/site-packages/airflow/example_dags/tutorial.py for tasks to queue
[2024-12-18T16:03:36.800+0000] {logging_mixin.py:190} INFO - [2024-12-18T16:03:36.799+0000] {dagbag.py:588} INFO - Filling up the DagBag from /home/ubuntu/demo8/lib/python3.12/site-packages/airflow/example_dags/tutorial.py
[2024-12-18T16:03:36.809+0000] {processor.py:925} INFO - DAG(s) 'tutorial' retrieved from /home/ubuntu/demo8/lib/python3.12/site-packages/airflow/example_dags/tutorial.py
[2024-12-18T16:03:36.827+0000] {logging_mixin.py:190} INFO - [2024-12-18T16:03:36.826+0000] {dag.py:3239} INFO - Sync 1 DAGs
[2024-12-18T16:03:36.849+0000] {logging_mixin.py:190} INFO - [2024-12-18T16:03:36.849+0000] {dag.py:4180} INFO - Setting next_dagrun for tutorial to 2024-12-17 00:00:00+00:00, run_after=2024-12-18 00:00:00+00:00
[2024-12-18T16:03:36.871+0000] {processor.py:208} INFO - Processing /home/ubuntu/demo8/lib/python3.12/site-packages/airflow/example_dags/tutorial.py took 0.081 seconds
[2024-12-18T20:29:25.293+0000] {processor.py:186} INFO - Started process (PID=2670) to work on /home/ubuntu/demo8/lib/python3.12/site-packages/airflow/example_dags/tutorial.py
[2024-12-18T20:29:25.295+0000] {processor.py:914} INFO - Processing file /home/ubuntu/demo8/lib/python3.12/site-packages/airflow/example_dags/tutorial.py for tasks to queue
[2024-12-18T20:29:25.298+0000] {logging_mixin.py:190} INFO - [2024-12-18T20:29:25.297+0000] {dagbag.py:588} INFO - Filling up the DagBag from /home/ubuntu/demo8/lib/python3.12/site-packages/airflow/example_dags/tutorial.py
[2024-12-18T20:29:25.307+0000] {processor.py:925} INFO - DAG(s) 'tutorial' retrieved from /home/ubuntu/demo8/lib/python3.12/site-packages/airflow/example_dags/tutorial.py
[2024-12-18T20:29:25.332+0000] {logging_mixin.py:190} INFO - [2024-12-18T20:29:25.332+0000] {dag.py:3239} INFO - Sync 1 DAGs
[2024-12-18T20:29:25.358+0000] {logging_mixin.py:190} INFO - [2024-12-18T20:29:25.358+0000] {dag.py:4180} INFO - Setting next_dagrun for tutorial to 2024-12-17 00:00:00+00:00, run_after=2024-12-18 00:00:00+00:00
[2024-12-18T20:29:25.380+0000] {processor.py:208} INFO - Processing /home/ubuntu/demo8/lib/python3.12/site-packages/airflow/example_dags/tutorial.py took 0.093 seconds
[2024-12-18T20:30:22.367+0000] {processor.py:186} INFO - Started process (PID=2914) to work on /home/ubuntu/demo8/lib/python3.12/site-packages/airflow/example_dags/tutorial.py
[2024-12-18T20:30:22.368+0000] {processor.py:914} INFO - Processing file /home/ubuntu/demo8/lib/python3.12/site-packages/airflow/example_dags/tutorial.py for tasks to queue
[2024-12-18T20:30:22.370+0000] {logging_mixin.py:190} INFO - [2024-12-18T20:30:22.370+0000] {dagbag.py:588} INFO - Filling up the DagBag from /home/ubuntu/demo8/lib/python3.12/site-packages/airflow/example_dags/tutorial.py
[2024-12-18T20:30:22.380+0000] {processor.py:925} INFO - DAG(s) 'tutorial' retrieved from /home/ubuntu/demo8/lib/python3.12/site-packages/airflow/example_dags/tutorial.py
[2024-12-18T20:30:22.396+0000] {logging_mixin.py:190} INFO - [2024-12-18T20:30:22.396+0000] {dag.py:3239} INFO - Sync 1 DAGs
[2024-12-18T20:30:22.419+0000] {logging_mixin.py:190} INFO - [2024-12-18T20:30:22.419+0000] {dag.py:4180} INFO - Setting next_dagrun for tutorial to 2024-12-17 00:00:00+00:00, run_after=2024-12-18 00:00:00+00:00
[2024-12-18T20:30:22.442+0000] {processor.py:208} INFO - Processing /home/ubuntu/demo8/lib/python3.12/site-packages/airflow/example_dags/tutorial.py took 0.081 seconds
[2024-12-18T20:31:18.783+0000] {processor.py:186} INFO - Started process (PID=3129) to work on /home/ubuntu/demo8/lib/python3.12/site-packages/airflow/example_dags/tutorial.py
[2024-12-18T20:31:18.785+0000] {processor.py:914} INFO - Processing file /home/ubuntu/demo8/lib/python3.12/site-packages/airflow/example_dags/tutorial.py for tasks to queue
[2024-12-18T20:31:18.788+0000] {logging_mixin.py:190} INFO - [2024-12-18T20:31:18.787+0000] {dagbag.py:588} INFO - Filling up the DagBag from /home/ubuntu/demo8/lib/python3.12/site-packages/airflow/example_dags/tutorial.py
[2024-12-18T20:31:18.797+0000] {processor.py:925} INFO - DAG(s) 'tutorial' retrieved from /home/ubuntu/demo8/lib/python3.12/site-packages/airflow/example_dags/tutorial.py
[2024-12-18T20:31:18.813+0000] {logging_mixin.py:190} INFO - [2024-12-18T20:31:18.813+0000] {dag.py:3239} INFO - Sync 1 DAGs
[2024-12-18T20:31:18.834+0000] {logging_mixin.py:190} INFO - [2024-12-18T20:31:18.834+0000] {dag.py:4180} INFO - Setting next_dagrun for tutorial to 2024-12-17 00:00:00+00:00, run_after=2024-12-18 00:00:00+00:00
[2024-12-18T20:31:18.858+0000] {processor.py:208} INFO - Processing /home/ubuntu/demo8/lib/python3.12/site-packages/airflow/example_dags/tutorial.py took 0.080 seconds
[2024-12-18T20:32:14.285+0000] {processor.py:186} INFO - Started process (PID=3260) to work on /home/ubuntu/demo8/lib/python3.12/site-packages/airflow/example_dags/tutorial.py
[2024-12-18T20:32:14.287+0000] {processor.py:914} INFO - Processing file /home/ubuntu/demo8/lib/python3.12/site-packages/airflow/example_dags/tutorial.py for tasks to queue
[2024-12-18T20:32:14.289+0000] {logging_mixin.py:190} INFO - [2024-12-18T20:32:14.289+0000] {dagbag.py:588} INFO - Filling up the DagBag from /home/ubuntu/demo8/lib/python3.12/site-packages/airflow/example_dags/tutorial.py
[2024-12-18T20:32:14.298+0000] {processor.py:925} INFO - DAG(s) 'tutorial' retrieved from /home/ubuntu/demo8/lib/python3.12/site-packages/airflow/example_dags/tutorial.py
[2024-12-18T20:32:14.315+0000] {logging_mixin.py:190} INFO - [2024-12-18T20:32:14.315+0000] {dag.py:3239} INFO - Sync 1 DAGs
[2024-12-18T20:32:14.337+0000] {logging_mixin.py:190} INFO - [2024-12-18T20:32:14.337+0000] {dag.py:4180} INFO - Setting next_dagrun for tutorial to 2024-12-17 00:00:00+00:00, run_after=2024-12-18 00:00:00+00:00
[2024-12-18T20:32:14.360+0000] {processor.py:208} INFO - Processing /home/ubuntu/demo8/lib/python3.12/site-packages/airflow/example_dags/tutorial.py took 0.081 seconds
[2024-12-18T20:33:09.522+0000] {processor.py:186} INFO - Started process (PID=3440) to work on /home/ubuntu/demo8/lib/python3.12/site-packages/airflow/example_dags/tutorial.py
[2024-12-18T20:33:09.523+0000] {processor.py:914} INFO - Processing file /home/ubuntu/demo8/lib/python3.12/site-packages/airflow/example_dags/tutorial.py for tasks to queue
[2024-12-18T20:33:09.526+0000] {logging_mixin.py:190} INFO - [2024-12-18T20:33:09.525+0000] {dagbag.py:588} INFO - Filling up the DagBag from /home/ubuntu/demo8/lib/python3.12/site-packages/airflow/example_dags/tutorial.py
[2024-12-18T20:33:09.535+0000] {processor.py:925} INFO - DAG(s) 'tutorial' retrieved from /home/ubuntu/demo8/lib/python3.12/site-packages/airflow/example_dags/tutorial.py
[2024-12-18T20:33:09.551+0000] {logging_mixin.py:190} INFO - [2024-12-18T20:33:09.551+0000] {dag.py:3239} INFO - Sync 1 DAGs
[2024-12-18T20:33:09.572+0000] {logging_mixin.py:190} INFO - [2024-12-18T20:33:09.572+0000] {dag.py:4180} INFO - Setting next_dagrun for tutorial to 2024-12-17 00:00:00+00:00, run_after=2024-12-18 00:00:00+00:00
[2024-12-18T20:33:09.594+0000] {processor.py:208} INFO - Processing /home/ubuntu/demo8/lib/python3.12/site-packages/airflow/example_dags/tutorial.py took 0.078 seconds
[2024-12-18T20:34:06.345+0000] {processor.py:186} INFO - Started process (PID=3556) to work on /home/ubuntu/demo8/lib/python3.12/site-packages/airflow/example_dags/tutorial.py
[2024-12-18T20:34:06.347+0000] {processor.py:914} INFO - Processing file /home/ubuntu/demo8/lib/python3.12/site-packages/airflow/example_dags/tutorial.py for tasks to queue
[2024-12-18T20:34:06.349+0000] {logging_mixin.py:190} INFO - [2024-12-18T20:34:06.349+0000] {dagbag.py:588} INFO - Filling up the DagBag from /home/ubuntu/demo8/lib/python3.12/site-packages/airflow/example_dags/tutorial.py
[2024-12-18T20:34:06.358+0000] {processor.py:925} INFO - DAG(s) 'tutorial' retrieved from /home/ubuntu/demo8/lib/python3.12/site-packages/airflow/example_dags/tutorial.py
[2024-12-18T20:34:06.376+0000] {logging_mixin.py:190} INFO - [2024-12-18T20:34:06.375+0000] {dag.py:3239} INFO - Sync 1 DAGs
[2024-12-18T20:34:06.517+0000] {logging_mixin.py:190} INFO - [2024-12-18T20:34:06.516+0000] {dag.py:4180} INFO - Setting next_dagrun for tutorial to 2024-12-17 00:00:00+00:00, run_after=2024-12-18 00:00:00+00:00
[2024-12-18T20:34:06.538+0000] {processor.py:208} INFO - Processing /home/ubuntu/demo8/lib/python3.12/site-packages/airflow/example_dags/tutorial.py took 0.199 seconds
[2024-12-18T20:35:13.749+0000] {processor.py:186} INFO - Started process (PID=3746) to work on /home/ubuntu/demo8/lib/python3.12/site-packages/airflow/example_dags/tutorial.py
[2024-12-18T20:35:13.751+0000] {processor.py:914} INFO - Processing file /home/ubuntu/demo8/lib/python3.12/site-packages/airflow/example_dags/tutorial.py for tasks to queue
[2024-12-18T20:35:13.753+0000] {logging_mixin.py:190} INFO - [2024-12-18T20:35:13.753+0000] {dagbag.py:588} INFO - Filling up the DagBag from /home/ubuntu/demo8/lib/python3.12/site-packages/airflow/example_dags/tutorial.py
[2024-12-18T20:35:13.763+0000] {processor.py:925} INFO - DAG(s) 'tutorial' retrieved from /home/ubuntu/demo8/lib/python3.12/site-packages/airflow/example_dags/tutorial.py
[2024-12-18T20:35:13.780+0000] {logging_mixin.py:190} INFO - [2024-12-18T20:35:13.779+0000] {dag.py:3239} INFO - Sync 1 DAGs
[2024-12-18T20:35:13.803+0000] {logging_mixin.py:190} INFO - [2024-12-18T20:35:13.802+0000] {dag.py:4180} INFO - Setting next_dagrun for tutorial to 2024-12-17 00:00:00+00:00, run_after=2024-12-18 00:00:00+00:00
[2024-12-18T20:35:13.824+0000] {processor.py:208} INFO - Processing /home/ubuntu/demo8/lib/python3.12/site-packages/airflow/example_dags/tutorial.py took 0.081 seconds
[2024-12-18T20:36:11.535+0000] {processor.py:186} INFO - Started process (PID=3866) to work on /home/ubuntu/demo8/lib/python3.12/site-packages/airflow/example_dags/tutorial.py
[2024-12-18T20:36:11.537+0000] {processor.py:914} INFO - Processing file /home/ubuntu/demo8/lib/python3.12/site-packages/airflow/example_dags/tutorial.py for tasks to queue
[2024-12-18T20:36:11.540+0000] {logging_mixin.py:190} INFO - [2024-12-18T20:36:11.539+0000] {dagbag.py:588} INFO - Filling up the DagBag from /home/ubuntu/demo8/lib/python3.12/site-packages/airflow/example_dags/tutorial.py
[2024-12-18T20:36:11.549+0000] {processor.py:925} INFO - DAG(s) 'tutorial' retrieved from /home/ubuntu/demo8/lib/python3.12/site-packages/airflow/example_dags/tutorial.py
[2024-12-18T20:36:11.566+0000] {logging_mixin.py:190} INFO - [2024-12-18T20:36:11.565+0000] {dag.py:3239} INFO - Sync 1 DAGs
[2024-12-18T20:36:11.589+0000] {logging_mixin.py:190} INFO - [2024-12-18T20:36:11.588+0000] {dag.py:4180} INFO - Setting next_dagrun for tutorial to 2024-12-17 00:00:00+00:00, run_after=2024-12-18 00:00:00+00:00
[2024-12-18T20:36:11.611+0000] {processor.py:208} INFO - Processing /home/ubuntu/demo8/lib/python3.12/site-packages/airflow/example_dags/tutorial.py took 0.082 seconds
[2024-12-18T20:37:08.241+0000] {processor.py:186} INFO - Started process (PID=3986) to work on /home/ubuntu/demo8/lib/python3.12/site-packages/airflow/example_dags/tutorial.py
[2024-12-18T20:37:08.243+0000] {processor.py:914} INFO - Processing file /home/ubuntu/demo8/lib/python3.12/site-packages/airflow/example_dags/tutorial.py for tasks to queue
[2024-12-18T20:37:08.246+0000] {logging_mixin.py:190} INFO - [2024-12-18T20:37:08.245+0000] {dagbag.py:588} INFO - Filling up the DagBag from /home/ubuntu/demo8/lib/python3.12/site-packages/airflow/example_dags/tutorial.py
[2024-12-18T20:37:08.255+0000] {processor.py:925} INFO - DAG(s) 'tutorial' retrieved from /home/ubuntu/demo8/lib/python3.12/site-packages/airflow/example_dags/tutorial.py
[2024-12-18T20:37:08.272+0000] {logging_mixin.py:190} INFO - [2024-12-18T20:37:08.271+0000] {dag.py:3239} INFO - Sync 1 DAGs
[2024-12-18T20:37:08.293+0000] {logging_mixin.py:190} INFO - [2024-12-18T20:37:08.293+0000] {dag.py:4180} INFO - Setting next_dagrun for tutorial to 2024-12-17 00:00:00+00:00, run_after=2024-12-18 00:00:00+00:00
[2024-12-18T20:37:08.317+0000] {processor.py:208} INFO - Processing /home/ubuntu/demo8/lib/python3.12/site-packages/airflow/example_dags/tutorial.py took 0.082 seconds
[2024-12-18T20:38:02.695+0000] {processor.py:186} INFO - Started process (PID=4101) to work on /home/ubuntu/demo8/lib/python3.12/site-packages/airflow/example_dags/tutorial.py
[2024-12-18T20:38:02.696+0000] {processor.py:914} INFO - Processing file /home/ubuntu/demo8/lib/python3.12/site-packages/airflow/example_dags/tutorial.py for tasks to queue
[2024-12-18T20:38:02.699+0000] {logging_mixin.py:190} INFO - [2024-12-18T20:38:02.698+0000] {dagbag.py:588} INFO - Filling up the DagBag from /home/ubuntu/demo8/lib/python3.12/site-packages/airflow/example_dags/tutorial.py
[2024-12-18T20:38:02.708+0000] {processor.py:925} INFO - DAG(s) 'tutorial' retrieved from /home/ubuntu/demo8/lib/python3.12/site-packages/airflow/example_dags/tutorial.py
[2024-12-18T20:38:02.726+0000] {logging_mixin.py:190} INFO - [2024-12-18T20:38:02.725+0000] {dag.py:3239} INFO - Sync 1 DAGs
[2024-12-18T20:38:02.757+0000] {logging_mixin.py:190} INFO - [2024-12-18T20:38:02.757+0000] {dag.py:4180} INFO - Setting next_dagrun for tutorial to 2024-12-17 00:00:00+00:00, run_after=2024-12-18 00:00:00+00:00
[2024-12-18T20:38:02.782+0000] {processor.py:208} INFO - Processing /home/ubuntu/demo8/lib/python3.12/site-packages/airflow/example_dags/tutorial.py took 0.094 seconds
[2024-12-18T20:38:58.811+0000] {processor.py:186} INFO - Started process (PID=4220) to work on /home/ubuntu/demo8/lib/python3.12/site-packages/airflow/example_dags/tutorial.py
[2024-12-18T20:38:58.813+0000] {processor.py:914} INFO - Processing file /home/ubuntu/demo8/lib/python3.12/site-packages/airflow/example_dags/tutorial.py for tasks to queue
[2024-12-18T20:38:58.816+0000] {logging_mixin.py:190} INFO - [2024-12-18T20:38:58.815+0000] {dagbag.py:588} INFO - Filling up the DagBag from /home/ubuntu/demo8/lib/python3.12/site-packages/airflow/example_dags/tutorial.py
[2024-12-18T20:38:58.825+0000] {processor.py:925} INFO - DAG(s) 'tutorial' retrieved from /home/ubuntu/demo8/lib/python3.12/site-packages/airflow/example_dags/tutorial.py
[2024-12-18T20:38:58.843+0000] {logging_mixin.py:190} INFO - [2024-12-18T20:38:58.843+0000] {dag.py:3239} INFO - Sync 1 DAGs
[2024-12-18T20:38:58.866+0000] {logging_mixin.py:190} INFO - [2024-12-18T20:38:58.866+0000] {dag.py:4180} INFO - Setting next_dagrun for tutorial to 2024-12-17 00:00:00+00:00, run_after=2024-12-18 00:00:00+00:00
[2024-12-18T20:38:58.889+0000] {processor.py:208} INFO - Processing /home/ubuntu/demo8/lib/python3.12/site-packages/airflow/example_dags/tutorial.py took 0.085 seconds
[2024-12-18T20:39:54.798+0000] {processor.py:186} INFO - Started process (PID=4397) to work on /home/ubuntu/demo8/lib/python3.12/site-packages/airflow/example_dags/tutorial.py
[2024-12-18T20:39:54.800+0000] {processor.py:914} INFO - Processing file /home/ubuntu/demo8/lib/python3.12/site-packages/airflow/example_dags/tutorial.py for tasks to queue
[2024-12-18T20:39:54.803+0000] {logging_mixin.py:190} INFO - [2024-12-18T20:39:54.802+0000] {dagbag.py:588} INFO - Filling up the DagBag from /home/ubuntu/demo8/lib/python3.12/site-packages/airflow/example_dags/tutorial.py
[2024-12-18T20:39:54.813+0000] {processor.py:925} INFO - DAG(s) 'tutorial' retrieved from /home/ubuntu/demo8/lib/python3.12/site-packages/airflow/example_dags/tutorial.py
[2024-12-18T20:39:54.830+0000] {logging_mixin.py:190} INFO - [2024-12-18T20:39:54.830+0000] {dag.py:3239} INFO - Sync 1 DAGs
[2024-12-18T20:39:54.852+0000] {logging_mixin.py:190} INFO - [2024-12-18T20:39:54.852+0000] {dag.py:4180} INFO - Setting next_dagrun for tutorial to 2024-12-17 00:00:00+00:00, run_after=2024-12-18 00:00:00+00:00
[2024-12-18T20:39:54.876+0000] {processor.py:208} INFO - Processing /home/ubuntu/demo8/lib/python3.12/site-packages/airflow/example_dags/tutorial.py took 0.084 seconds
[2024-12-18T20:40:52.063+0000] {processor.py:186} INFO - Started process (PID=4534) to work on /home/ubuntu/demo8/lib/python3.12/site-packages/airflow/example_dags/tutorial.py
[2024-12-18T20:40:52.065+0000] {processor.py:914} INFO - Processing file /home/ubuntu/demo8/lib/python3.12/site-packages/airflow/example_dags/tutorial.py for tasks to queue
[2024-12-18T20:40:52.067+0000] {logging_mixin.py:190} INFO - [2024-12-18T20:40:52.066+0000] {dagbag.py:588} INFO - Filling up the DagBag from /home/ubuntu/demo8/lib/python3.12/site-packages/airflow/example_dags/tutorial.py
[2024-12-18T20:40:52.076+0000] {processor.py:925} INFO - DAG(s) 'tutorial' retrieved from /home/ubuntu/demo8/lib/python3.12/site-packages/airflow/example_dags/tutorial.py
[2024-12-18T20:40:52.094+0000] {logging_mixin.py:190} INFO - [2024-12-18T20:40:52.094+0000] {dag.py:3239} INFO - Sync 1 DAGs
[2024-12-18T20:40:52.118+0000] {logging_mixin.py:190} INFO - [2024-12-18T20:40:52.118+0000] {dag.py:4180} INFO - Setting next_dagrun for tutorial to 2024-12-17 00:00:00+00:00, run_after=2024-12-18 00:00:00+00:00
[2024-12-18T20:40:52.143+0000] {processor.py:208} INFO - Processing /home/ubuntu/demo8/lib/python3.12/site-packages/airflow/example_dags/tutorial.py took 0.087 seconds
[2024-12-18T20:41:45.395+0000] {processor.py:186} INFO - Started process (PID=4653) to work on /home/ubuntu/demo8/lib/python3.12/site-packages/airflow/example_dags/tutorial.py
[2024-12-18T20:41:45.397+0000] {processor.py:914} INFO - Processing file /home/ubuntu/demo8/lib/python3.12/site-packages/airflow/example_dags/tutorial.py for tasks to queue
[2024-12-18T20:41:45.399+0000] {logging_mixin.py:190} INFO - [2024-12-18T20:41:45.399+0000] {dagbag.py:588} INFO - Filling up the DagBag from /home/ubuntu/demo8/lib/python3.12/site-packages/airflow/example_dags/tutorial.py
[2024-12-18T20:41:45.409+0000] {processor.py:925} INFO - DAG(s) 'tutorial' retrieved from /home/ubuntu/demo8/lib/python3.12/site-packages/airflow/example_dags/tutorial.py
[2024-12-18T20:41:45.426+0000] {logging_mixin.py:190} INFO - [2024-12-18T20:41:45.426+0000] {dag.py:3239} INFO - Sync 1 DAGs
[2024-12-18T20:41:45.449+0000] {logging_mixin.py:190} INFO - [2024-12-18T20:41:45.449+0000] {dag.py:4180} INFO - Setting next_dagrun for tutorial to 2024-12-17 00:00:00+00:00, run_after=2024-12-18 00:00:00+00:00
[2024-12-18T20:41:45.473+0000] {processor.py:208} INFO - Processing /home/ubuntu/demo8/lib/python3.12/site-packages/airflow/example_dags/tutorial.py took 0.085 seconds
[2024-12-18T20:42:38.047+0000] {processor.py:186} INFO - Started process (PID=4766) to work on /home/ubuntu/demo8/lib/python3.12/site-packages/airflow/example_dags/tutorial.py
[2024-12-18T20:42:38.049+0000] {processor.py:914} INFO - Processing file /home/ubuntu/demo8/lib/python3.12/site-packages/airflow/example_dags/tutorial.py for tasks to queue
[2024-12-18T20:42:38.051+0000] {logging_mixin.py:190} INFO - [2024-12-18T20:42:38.051+0000] {dagbag.py:588} INFO - Filling up the DagBag from /home/ubuntu/demo8/lib/python3.12/site-packages/airflow/example_dags/tutorial.py
[2024-12-18T20:42:38.060+0000] {processor.py:925} INFO - DAG(s) 'tutorial' retrieved from /home/ubuntu/demo8/lib/python3.12/site-packages/airflow/example_dags/tutorial.py
[2024-12-18T20:42:38.078+0000] {logging_mixin.py:190} INFO - [2024-12-18T20:42:38.078+0000] {dag.py:3239} INFO - Sync 1 DAGs
[2024-12-18T20:42:38.107+0000] {logging_mixin.py:190} INFO - [2024-12-18T20:42:38.107+0000] {dag.py:4180} INFO - Setting next_dagrun for tutorial to 2024-12-17 00:00:00+00:00, run_after=2024-12-18 00:00:00+00:00
[2024-12-18T20:42:38.132+0000] {processor.py:208} INFO - Processing /home/ubuntu/demo8/lib/python3.12/site-packages/airflow/example_dags/tutorial.py took 0.091 seconds
[2024-12-18T20:43:32.525+0000] {processor.py:186} INFO - Started process (PID=4883) to work on /home/ubuntu/demo8/lib/python3.12/site-packages/airflow/example_dags/tutorial.py
[2024-12-18T20:43:32.526+0000] {processor.py:914} INFO - Processing file /home/ubuntu/demo8/lib/python3.12/site-packages/airflow/example_dags/tutorial.py for tasks to queue
[2024-12-18T20:43:32.529+0000] {logging_mixin.py:190} INFO - [2024-12-18T20:43:32.528+0000] {dagbag.py:588} INFO - Filling up the DagBag from /home/ubuntu/demo8/lib/python3.12/site-packages/airflow/example_dags/tutorial.py
[2024-12-18T20:43:32.538+0000] {processor.py:925} INFO - DAG(s) 'tutorial' retrieved from /home/ubuntu/demo8/lib/python3.12/site-packages/airflow/example_dags/tutorial.py
[2024-12-18T20:43:32.555+0000] {logging_mixin.py:190} INFO - [2024-12-18T20:43:32.555+0000] {dag.py:3239} INFO - Sync 1 DAGs
[2024-12-18T20:43:32.577+0000] {logging_mixin.py:190} INFO - [2024-12-18T20:43:32.577+0000] {dag.py:4180} INFO - Setting next_dagrun for tutorial to 2024-12-17 00:00:00+00:00, run_after=2024-12-18 00:00:00+00:00
[2024-12-18T20:43:32.606+0000] {processor.py:208} INFO - Processing /home/ubuntu/demo8/lib/python3.12/site-packages/airflow/example_dags/tutorial.py took 0.088 seconds
[2024-12-18T20:44:26.437+0000] {processor.py:186} INFO - Started process (PID=5059) to work on /home/ubuntu/demo8/lib/python3.12/site-packages/airflow/example_dags/tutorial.py
[2024-12-18T20:44:26.439+0000] {processor.py:914} INFO - Processing file /home/ubuntu/demo8/lib/python3.12/site-packages/airflow/example_dags/tutorial.py for tasks to queue
[2024-12-18T20:44:26.442+0000] {logging_mixin.py:190} INFO - [2024-12-18T20:44:26.441+0000] {dagbag.py:588} INFO - Filling up the DagBag from /home/ubuntu/demo8/lib/python3.12/site-packages/airflow/example_dags/tutorial.py
[2024-12-18T20:44:26.451+0000] {processor.py:925} INFO - DAG(s) 'tutorial' retrieved from /home/ubuntu/demo8/lib/python3.12/site-packages/airflow/example_dags/tutorial.py
[2024-12-18T20:44:26.469+0000] {logging_mixin.py:190} INFO - [2024-12-18T20:44:26.469+0000] {dag.py:3239} INFO - Sync 1 DAGs
[2024-12-18T20:44:26.490+0000] {logging_mixin.py:190} INFO - [2024-12-18T20:44:26.490+0000] {dag.py:4180} INFO - Setting next_dagrun for tutorial to 2024-12-17 00:00:00+00:00, run_after=2024-12-18 00:00:00+00:00
[2024-12-18T20:44:26.512+0000] {processor.py:208} INFO - Processing /home/ubuntu/demo8/lib/python3.12/site-packages/airflow/example_dags/tutorial.py took 0.081 seconds
[2024-12-18T20:45:19.835+0000] {processor.py:186} INFO - Started process (PID=5181) to work on /home/ubuntu/demo8/lib/python3.12/site-packages/airflow/example_dags/tutorial.py
[2024-12-18T20:45:19.837+0000] {processor.py:914} INFO - Processing file /home/ubuntu/demo8/lib/python3.12/site-packages/airflow/example_dags/tutorial.py for tasks to queue
[2024-12-18T20:45:19.839+0000] {logging_mixin.py:190} INFO - [2024-12-18T20:45:19.839+0000] {dagbag.py:588} INFO - Filling up the DagBag from /home/ubuntu/demo8/lib/python3.12/site-packages/airflow/example_dags/tutorial.py
[2024-12-18T20:45:19.848+0000] {processor.py:925} INFO - DAG(s) 'tutorial' retrieved from /home/ubuntu/demo8/lib/python3.12/site-packages/airflow/example_dags/tutorial.py
[2024-12-18T20:45:19.866+0000] {logging_mixin.py:190} INFO - [2024-12-18T20:45:19.866+0000] {dag.py:3239} INFO - Sync 1 DAGs
[2024-12-18T20:45:19.888+0000] {logging_mixin.py:190} INFO - [2024-12-18T20:45:19.887+0000] {dag.py:4180} INFO - Setting next_dagrun for tutorial to 2024-12-17 00:00:00+00:00, run_after=2024-12-18 00:00:00+00:00
[2024-12-18T20:45:19.910+0000] {processor.py:208} INFO - Processing /home/ubuntu/demo8/lib/python3.12/site-packages/airflow/example_dags/tutorial.py took 0.081 seconds
[2024-12-18T20:47:02.931+0000] {processor.py:186} INFO - Started process (PID=5717) to work on /home/ubuntu/demo8/lib/python3.12/site-packages/airflow/example_dags/tutorial.py
[2024-12-18T20:47:02.933+0000] {processor.py:914} INFO - Processing file /home/ubuntu/demo8/lib/python3.12/site-packages/airflow/example_dags/tutorial.py for tasks to queue
[2024-12-18T20:47:02.936+0000] {logging_mixin.py:190} INFO - [2024-12-18T20:47:02.935+0000] {dagbag.py:588} INFO - Filling up the DagBag from /home/ubuntu/demo8/lib/python3.12/site-packages/airflow/example_dags/tutorial.py
[2024-12-18T20:47:02.946+0000] {processor.py:925} INFO - DAG(s) 'tutorial' retrieved from /home/ubuntu/demo8/lib/python3.12/site-packages/airflow/example_dags/tutorial.py
[2024-12-18T20:47:02.973+0000] {logging_mixin.py:190} INFO - [2024-12-18T20:47:02.972+0000] {dag.py:3239} INFO - Sync 1 DAGs
[2024-12-18T20:47:03.065+0000] {logging_mixin.py:190} INFO - [2024-12-18T20:47:03.065+0000] {dag.py:4180} INFO - Setting next_dagrun for tutorial to 2024-12-17 00:00:00+00:00, run_after=2024-12-18 00:00:00+00:00
[2024-12-18T20:47:03.124+0000] {processor.py:208} INFO - Processing /home/ubuntu/demo8/lib/python3.12/site-packages/airflow/example_dags/tutorial.py took 0.199 seconds
[2024-12-18T20:48:02.173+0000] {processor.py:186} INFO - Started process (PID=5931) to work on /home/ubuntu/demo8/lib/python3.12/site-packages/airflow/example_dags/tutorial.py
[2024-12-18T20:48:02.175+0000] {processor.py:914} INFO - Processing file /home/ubuntu/demo8/lib/python3.12/site-packages/airflow/example_dags/tutorial.py for tasks to queue
[2024-12-18T20:48:02.177+0000] {logging_mixin.py:190} INFO - [2024-12-18T20:48:02.177+0000] {dagbag.py:588} INFO - Filling up the DagBag from /home/ubuntu/demo8/lib/python3.12/site-packages/airflow/example_dags/tutorial.py
[2024-12-18T20:48:02.187+0000] {processor.py:925} INFO - DAG(s) 'tutorial' retrieved from /home/ubuntu/demo8/lib/python3.12/site-packages/airflow/example_dags/tutorial.py
[2024-12-18T20:48:02.204+0000] {logging_mixin.py:190} INFO - [2024-12-18T20:48:02.204+0000] {dag.py:3239} INFO - Sync 1 DAGs
[2024-12-18T20:48:02.226+0000] {logging_mixin.py:190} INFO - [2024-12-18T20:48:02.226+0000] {dag.py:4180} INFO - Setting next_dagrun for tutorial to 2024-12-17 00:00:00+00:00, run_after=2024-12-18 00:00:00+00:00
[2024-12-18T20:48:02.252+0000] {processor.py:208} INFO - Processing /home/ubuntu/demo8/lib/python3.12/site-packages/airflow/example_dags/tutorial.py took 0.084 seconds
[2024-12-18T20:49:00.462+0000] {processor.py:186} INFO - Started process (PID=6413) to work on /home/ubuntu/demo8/lib/python3.12/site-packages/airflow/example_dags/tutorial.py
[2024-12-18T20:49:00.464+0000] {processor.py:914} INFO - Processing file /home/ubuntu/demo8/lib/python3.12/site-packages/airflow/example_dags/tutorial.py for tasks to queue
[2024-12-18T20:49:00.466+0000] {logging_mixin.py:190} INFO - [2024-12-18T20:49:00.466+0000] {dagbag.py:588} INFO - Filling up the DagBag from /home/ubuntu/demo8/lib/python3.12/site-packages/airflow/example_dags/tutorial.py
[2024-12-18T20:49:00.476+0000] {processor.py:925} INFO - DAG(s) 'tutorial' retrieved from /home/ubuntu/demo8/lib/python3.12/site-packages/airflow/example_dags/tutorial.py
[2024-12-18T20:49:00.493+0000] {logging_mixin.py:190} INFO - [2024-12-18T20:49:00.493+0000] {dag.py:3239} INFO - Sync 1 DAGs
[2024-12-18T20:49:00.516+0000] {logging_mixin.py:190} INFO - [2024-12-18T20:49:00.515+0000] {dag.py:4180} INFO - Setting next_dagrun for tutorial to 2024-12-17 00:00:00+00:00, run_after=2024-12-18 00:00:00+00:00
[2024-12-18T20:49:00.539+0000] {processor.py:208} INFO - Processing /home/ubuntu/demo8/lib/python3.12/site-packages/airflow/example_dags/tutorial.py took 0.083 seconds
[2024-12-18T20:49:53.327+0000] {processor.py:186} INFO - Started process (PID=6492) to work on /home/ubuntu/demo8/lib/python3.12/site-packages/airflow/example_dags/tutorial.py
[2024-12-18T20:49:53.328+0000] {processor.py:914} INFO - Processing file /home/ubuntu/demo8/lib/python3.12/site-packages/airflow/example_dags/tutorial.py for tasks to queue
[2024-12-18T20:49:53.330+0000] {logging_mixin.py:190} INFO - [2024-12-18T20:49:53.330+0000] {dagbag.py:588} INFO - Filling up the DagBag from /home/ubuntu/demo8/lib/python3.12/site-packages/airflow/example_dags/tutorial.py
[2024-12-18T20:49:53.340+0000] {processor.py:925} INFO - DAG(s) 'tutorial' retrieved from /home/ubuntu/demo8/lib/python3.12/site-packages/airflow/example_dags/tutorial.py
[2024-12-18T20:49:53.357+0000] {logging_mixin.py:190} INFO - [2024-12-18T20:49:53.357+0000] {dag.py:3239} INFO - Sync 1 DAGs
[2024-12-18T20:49:53.380+0000] {logging_mixin.py:190} INFO - [2024-12-18T20:49:53.379+0000] {dag.py:4180} INFO - Setting next_dagrun for tutorial to 2024-12-17 00:00:00+00:00, run_after=2024-12-18 00:00:00+00:00
[2024-12-18T20:49:53.405+0000] {processor.py:208} INFO - Processing /home/ubuntu/demo8/lib/python3.12/site-packages/airflow/example_dags/tutorial.py took 0.084 seconds
[2024-12-18T20:50:51.773+0000] {processor.py:186} INFO - Started process (PID=6831) to work on /home/ubuntu/demo8/lib/python3.12/site-packages/airflow/example_dags/tutorial.py
[2024-12-18T20:50:51.774+0000] {processor.py:914} INFO - Processing file /home/ubuntu/demo8/lib/python3.12/site-packages/airflow/example_dags/tutorial.py for tasks to queue
[2024-12-18T20:50:51.777+0000] {logging_mixin.py:190} INFO - [2024-12-18T20:50:51.777+0000] {dagbag.py:588} INFO - Filling up the DagBag from /home/ubuntu/demo8/lib/python3.12/site-packages/airflow/example_dags/tutorial.py
[2024-12-18T20:50:51.787+0000] {processor.py:925} INFO - DAG(s) 'tutorial' retrieved from /home/ubuntu/demo8/lib/python3.12/site-packages/airflow/example_dags/tutorial.py
[2024-12-18T20:50:51.805+0000] {logging_mixin.py:190} INFO - [2024-12-18T20:50:51.805+0000] {dag.py:3239} INFO - Sync 1 DAGs
[2024-12-18T20:50:51.828+0000] {logging_mixin.py:190} INFO - [2024-12-18T20:50:51.828+0000] {dag.py:4180} INFO - Setting next_dagrun for tutorial to 2024-12-17 00:00:00+00:00, run_after=2024-12-18 00:00:00+00:00
[2024-12-18T20:50:51.862+0000] {processor.py:208} INFO - Processing /home/ubuntu/demo8/lib/python3.12/site-packages/airflow/example_dags/tutorial.py took 0.095 seconds
[2024-12-18T20:51:43.502+0000] {processor.py:186} INFO - Started process (PID=7059) to work on /home/ubuntu/demo8/lib/python3.12/site-packages/airflow/example_dags/tutorial.py
[2024-12-18T20:51:43.504+0000] {processor.py:914} INFO - Processing file /home/ubuntu/demo8/lib/python3.12/site-packages/airflow/example_dags/tutorial.py for tasks to queue
[2024-12-18T20:51:43.506+0000] {logging_mixin.py:190} INFO - [2024-12-18T20:51:43.506+0000] {dagbag.py:588} INFO - Filling up the DagBag from /home/ubuntu/demo8/lib/python3.12/site-packages/airflow/example_dags/tutorial.py
[2024-12-18T20:51:43.516+0000] {processor.py:925} INFO - DAG(s) 'tutorial' retrieved from /home/ubuntu/demo8/lib/python3.12/site-packages/airflow/example_dags/tutorial.py
[2024-12-18T20:51:43.534+0000] {logging_mixin.py:190} INFO - [2024-12-18T20:51:43.533+0000] {dag.py:3239} INFO - Sync 1 DAGs
[2024-12-18T20:51:43.563+0000] {logging_mixin.py:190} INFO - [2024-12-18T20:51:43.563+0000] {dag.py:4180} INFO - Setting next_dagrun for tutorial to 2024-12-17 00:00:00+00:00, run_after=2024-12-18 00:00:00+00:00
[2024-12-18T20:51:43.597+0000] {processor.py:208} INFO - Processing /home/ubuntu/demo8/lib/python3.12/site-packages/airflow/example_dags/tutorial.py took 0.101 seconds
