[2024-12-18T15:44:12.286+0000] {processor.py:186} INFO - Started process (PID=3641) to work on /home/ubuntu/demo8/lib/python3.12/site-packages/airflow/example_dags/tutorial_taskflow_api.py
[2024-12-18T15:44:12.287+0000] {processor.py:914} INFO - Processing file /home/ubuntu/demo8/lib/python3.12/site-packages/airflow/example_dags/tutorial_taskflow_api.py for tasks to queue
[2024-12-18T15:44:12.289+0000] {logging_mixin.py:190} INFO - [2024-12-18T15:44:12.289+0000] {dagbag.py:588} INFO - Filling up the DagBag from /home/ubuntu/demo8/lib/python3.12/site-packages/airflow/example_dags/tutorial_taskflow_api.py
[2024-12-18T15:44:12.299+0000] {processor.py:925} INFO - DAG(s) 'tutorial_taskflow_api' retrieved from /home/ubuntu/demo8/lib/python3.12/site-packages/airflow/example_dags/tutorial_taskflow_api.py
[2024-12-18T15:44:12.434+0000] {logging_mixin.py:190} INFO - [2024-12-18T15:44:12.434+0000] {override.py:1911} INFO - Created Permission View: can read on DAG:tutorial_taskflow_api
[2024-12-18T15:44:12.447+0000] {logging_mixin.py:190} INFO - [2024-12-18T15:44:12.446+0000] {override.py:1911} INFO - Created Permission View: can delete on DAG:tutorial_taskflow_api
[2024-12-18T15:44:12.455+0000] {logging_mixin.py:190} INFO - [2024-12-18T15:44:12.455+0000] {override.py:1911} INFO - Created Permission View: can edit on DAG:tutorial_taskflow_api
[2024-12-18T15:44:12.470+0000] {logging_mixin.py:190} INFO - [2024-12-18T15:44:12.470+0000] {override.py:1911} INFO - Created Permission View: can create on DAG Run:tutorial_taskflow_api
[2024-12-18T15:44:12.478+0000] {logging_mixin.py:190} INFO - [2024-12-18T15:44:12.478+0000] {override.py:1911} INFO - Created Permission View: can read on DAG Run:tutorial_taskflow_api
[2024-12-18T15:44:12.488+0000] {logging_mixin.py:190} INFO - [2024-12-18T15:44:12.488+0000] {override.py:1911} INFO - Created Permission View: menu access on DAG Run:tutorial_taskflow_api
[2024-12-18T15:44:12.497+0000] {logging_mixin.py:190} INFO - [2024-12-18T15:44:12.497+0000] {override.py:1911} INFO - Created Permission View: can delete on DAG Run:tutorial_taskflow_api
[2024-12-18T15:44:12.497+0000] {logging_mixin.py:190} INFO - [2024-12-18T15:44:12.497+0000] {dag.py:3239} INFO - Sync 1 DAGs
[2024-12-18T15:44:12.510+0000] {logging_mixin.py:190} INFO - [2024-12-18T15:44:12.509+0000] {dag.py:3262} INFO - Creating ORM DAG for tutorial_taskflow_api
[2024-12-18T15:44:12.510+0000] {logging_mixin.py:190} INFO - [2024-12-18T15:44:12.510+0000] {dag.py:4180} INFO - Setting next_dagrun for tutorial_taskflow_api to None, run_after=None
[2024-12-18T15:44:12.533+0000] {processor.py:208} INFO - Processing /home/ubuntu/demo8/lib/python3.12/site-packages/airflow/example_dags/tutorial_taskflow_api.py took 0.252 seconds
[2024-12-18T15:45:22.574+0000] {processor.py:186} INFO - Started process (PID=3738) to work on /home/ubuntu/demo8/lib/python3.12/site-packages/airflow/example_dags/tutorial_taskflow_api.py
[2024-12-18T15:45:22.575+0000] {processor.py:914} INFO - Processing file /home/ubuntu/demo8/lib/python3.12/site-packages/airflow/example_dags/tutorial_taskflow_api.py for tasks to queue
[2024-12-18T15:45:22.577+0000] {logging_mixin.py:190} INFO - [2024-12-18T15:45:22.577+0000] {dagbag.py:588} INFO - Filling up the DagBag from /home/ubuntu/demo8/lib/python3.12/site-packages/airflow/example_dags/tutorial_taskflow_api.py
[2024-12-18T15:45:22.588+0000] {processor.py:925} INFO - DAG(s) 'tutorial_taskflow_api' retrieved from /home/ubuntu/demo8/lib/python3.12/site-packages/airflow/example_dags/tutorial_taskflow_api.py
[2024-12-18T15:45:22.606+0000] {logging_mixin.py:190} INFO - [2024-12-18T15:45:22.606+0000] {dag.py:3239} INFO - Sync 1 DAGs
[2024-12-18T15:45:22.620+0000] {logging_mixin.py:190} INFO - [2024-12-18T15:45:22.620+0000] {dag.py:4180} INFO - Setting next_dagrun for tutorial_taskflow_api to None, run_after=None
[2024-12-18T15:45:22.643+0000] {processor.py:208} INFO - Processing /home/ubuntu/demo8/lib/python3.12/site-packages/airflow/example_dags/tutorial_taskflow_api.py took 0.075 seconds
[2024-12-18T15:46:20.277+0000] {processor.py:186} INFO - Started process (PID=3797) to work on /home/ubuntu/demo8/lib/python3.12/site-packages/airflow/example_dags/tutorial_taskflow_api.py
[2024-12-18T15:46:20.279+0000] {processor.py:914} INFO - Processing file /home/ubuntu/demo8/lib/python3.12/site-packages/airflow/example_dags/tutorial_taskflow_api.py for tasks to queue
[2024-12-18T15:46:20.281+0000] {logging_mixin.py:190} INFO - [2024-12-18T15:46:20.280+0000] {dagbag.py:588} INFO - Filling up the DagBag from /home/ubuntu/demo8/lib/python3.12/site-packages/airflow/example_dags/tutorial_taskflow_api.py
[2024-12-18T15:46:20.291+0000] {processor.py:925} INFO - DAG(s) 'tutorial_taskflow_api' retrieved from /home/ubuntu/demo8/lib/python3.12/site-packages/airflow/example_dags/tutorial_taskflow_api.py
[2024-12-18T15:46:20.308+0000] {logging_mixin.py:190} INFO - [2024-12-18T15:46:20.308+0000] {dag.py:3239} INFO - Sync 1 DAGs
[2024-12-18T15:46:20.322+0000] {logging_mixin.py:190} INFO - [2024-12-18T15:46:20.322+0000] {dag.py:4180} INFO - Setting next_dagrun for tutorial_taskflow_api to None, run_after=None
[2024-12-18T15:46:20.345+0000] {processor.py:208} INFO - Processing /home/ubuntu/demo8/lib/python3.12/site-packages/airflow/example_dags/tutorial_taskflow_api.py took 0.074 seconds
[2024-12-18T15:47:15.702+0000] {processor.py:186} INFO - Started process (PID=4262) to work on /home/ubuntu/demo8/lib/python3.12/site-packages/airflow/example_dags/tutorial_taskflow_api.py
[2024-12-18T15:47:15.703+0000] {processor.py:914} INFO - Processing file /home/ubuntu/demo8/lib/python3.12/site-packages/airflow/example_dags/tutorial_taskflow_api.py for tasks to queue
[2024-12-18T15:47:15.705+0000] {logging_mixin.py:190} INFO - [2024-12-18T15:47:15.705+0000] {dagbag.py:588} INFO - Filling up the DagBag from /home/ubuntu/demo8/lib/python3.12/site-packages/airflow/example_dags/tutorial_taskflow_api.py
[2024-12-18T15:47:15.715+0000] {processor.py:925} INFO - DAG(s) 'tutorial_taskflow_api' retrieved from /home/ubuntu/demo8/lib/python3.12/site-packages/airflow/example_dags/tutorial_taskflow_api.py
[2024-12-18T15:47:15.732+0000] {logging_mixin.py:190} INFO - [2024-12-18T15:47:15.732+0000] {dag.py:3239} INFO - Sync 1 DAGs
[2024-12-18T15:47:15.746+0000] {logging_mixin.py:190} INFO - [2024-12-18T15:47:15.746+0000] {dag.py:4180} INFO - Setting next_dagrun for tutorial_taskflow_api to None, run_after=None
[2024-12-18T15:47:15.769+0000] {processor.py:208} INFO - Processing /home/ubuntu/demo8/lib/python3.12/site-packages/airflow/example_dags/tutorial_taskflow_api.py took 0.073 seconds
[2024-12-18T15:48:11.193+0000] {processor.py:186} INFO - Started process (PID=4318) to work on /home/ubuntu/demo8/lib/python3.12/site-packages/airflow/example_dags/tutorial_taskflow_api.py
[2024-12-18T15:48:11.195+0000] {processor.py:914} INFO - Processing file /home/ubuntu/demo8/lib/python3.12/site-packages/airflow/example_dags/tutorial_taskflow_api.py for tasks to queue
[2024-12-18T15:48:11.197+0000] {logging_mixin.py:190} INFO - [2024-12-18T15:48:11.197+0000] {dagbag.py:588} INFO - Filling up the DagBag from /home/ubuntu/demo8/lib/python3.12/site-packages/airflow/example_dags/tutorial_taskflow_api.py
[2024-12-18T15:48:11.207+0000] {processor.py:925} INFO - DAG(s) 'tutorial_taskflow_api' retrieved from /home/ubuntu/demo8/lib/python3.12/site-packages/airflow/example_dags/tutorial_taskflow_api.py
[2024-12-18T15:48:11.224+0000] {logging_mixin.py:190} INFO - [2024-12-18T15:48:11.224+0000] {dag.py:3239} INFO - Sync 1 DAGs
[2024-12-18T15:48:11.238+0000] {logging_mixin.py:190} INFO - [2024-12-18T15:48:11.237+0000] {dag.py:4180} INFO - Setting next_dagrun for tutorial_taskflow_api to None, run_after=None
[2024-12-18T15:48:11.260+0000] {processor.py:208} INFO - Processing /home/ubuntu/demo8/lib/python3.12/site-packages/airflow/example_dags/tutorial_taskflow_api.py took 0.073 seconds
[2024-12-18T15:49:04.141+0000] {processor.py:186} INFO - Started process (PID=4372) to work on /home/ubuntu/demo8/lib/python3.12/site-packages/airflow/example_dags/tutorial_taskflow_api.py
[2024-12-18T15:49:04.143+0000] {processor.py:914} INFO - Processing file /home/ubuntu/demo8/lib/python3.12/site-packages/airflow/example_dags/tutorial_taskflow_api.py for tasks to queue
[2024-12-18T15:49:04.145+0000] {logging_mixin.py:190} INFO - [2024-12-18T15:49:04.145+0000] {dagbag.py:588} INFO - Filling up the DagBag from /home/ubuntu/demo8/lib/python3.12/site-packages/airflow/example_dags/tutorial_taskflow_api.py
[2024-12-18T15:49:04.159+0000] {processor.py:925} INFO - DAG(s) 'tutorial_taskflow_api' retrieved from /home/ubuntu/demo8/lib/python3.12/site-packages/airflow/example_dags/tutorial_taskflow_api.py
[2024-12-18T15:49:04.180+0000] {logging_mixin.py:190} INFO - [2024-12-18T15:49:04.180+0000] {dag.py:3239} INFO - Sync 1 DAGs
[2024-12-18T15:49:04.311+0000] {logging_mixin.py:190} INFO - [2024-12-18T15:49:04.310+0000] {dag.py:4180} INFO - Setting next_dagrun for tutorial_taskflow_api to None, run_after=None
[2024-12-18T15:49:04.331+0000] {processor.py:208} INFO - Processing /home/ubuntu/demo8/lib/python3.12/site-packages/airflow/example_dags/tutorial_taskflow_api.py took 0.196 seconds
[2024-12-18T15:49:43.210+0000] {processor.py:186} INFO - Started process (PID=4407) to work on /home/ubuntu/demo8/lib/python3.12/site-packages/airflow/example_dags/tutorial_taskflow_api.py
[2024-12-18T15:49:43.212+0000] {processor.py:914} INFO - Processing file /home/ubuntu/demo8/lib/python3.12/site-packages/airflow/example_dags/tutorial_taskflow_api.py for tasks to queue
[2024-12-18T15:49:43.214+0000] {logging_mixin.py:190} INFO - [2024-12-18T15:49:43.214+0000] {dagbag.py:588} INFO - Filling up the DagBag from /home/ubuntu/demo8/lib/python3.12/site-packages/airflow/example_dags/tutorial_taskflow_api.py
[2024-12-18T15:49:43.224+0000] {processor.py:925} INFO - DAG(s) 'tutorial_taskflow_api' retrieved from /home/ubuntu/demo8/lib/python3.12/site-packages/airflow/example_dags/tutorial_taskflow_api.py
[2024-12-18T15:49:43.241+0000] {logging_mixin.py:190} INFO - [2024-12-18T15:49:43.241+0000] {dag.py:3239} INFO - Sync 1 DAGs
[2024-12-18T15:49:43.255+0000] {logging_mixin.py:190} INFO - [2024-12-18T15:49:43.255+0000] {dag.py:4180} INFO - Setting next_dagrun for tutorial_taskflow_api to None, run_after=None
[2024-12-18T15:49:43.277+0000] {processor.py:208} INFO - Processing /home/ubuntu/demo8/lib/python3.12/site-packages/airflow/example_dags/tutorial_taskflow_api.py took 0.073 seconds
[2024-12-18T15:50:40.373+0000] {processor.py:186} INFO - Started process (PID=4471) to work on /home/ubuntu/demo8/lib/python3.12/site-packages/airflow/example_dags/tutorial_taskflow_api.py
[2024-12-18T15:50:40.375+0000] {processor.py:914} INFO - Processing file /home/ubuntu/demo8/lib/python3.12/site-packages/airflow/example_dags/tutorial_taskflow_api.py for tasks to queue
[2024-12-18T15:50:40.377+0000] {logging_mixin.py:190} INFO - [2024-12-18T15:50:40.377+0000] {dagbag.py:588} INFO - Filling up the DagBag from /home/ubuntu/demo8/lib/python3.12/site-packages/airflow/example_dags/tutorial_taskflow_api.py
[2024-12-18T15:50:40.387+0000] {processor.py:925} INFO - DAG(s) 'tutorial_taskflow_api' retrieved from /home/ubuntu/demo8/lib/python3.12/site-packages/airflow/example_dags/tutorial_taskflow_api.py
[2024-12-18T15:50:40.404+0000] {logging_mixin.py:190} INFO - [2024-12-18T15:50:40.404+0000] {dag.py:3239} INFO - Sync 1 DAGs
[2024-12-18T15:50:40.419+0000] {logging_mixin.py:190} INFO - [2024-12-18T15:50:40.418+0000] {dag.py:4180} INFO - Setting next_dagrun for tutorial_taskflow_api to None, run_after=None
[2024-12-18T15:50:40.441+0000] {processor.py:208} INFO - Processing /home/ubuntu/demo8/lib/python3.12/site-packages/airflow/example_dags/tutorial_taskflow_api.py took 0.074 seconds
[2024-12-18T15:51:34.660+0000] {processor.py:186} INFO - Started process (PID=4536) to work on /home/ubuntu/demo8/lib/python3.12/site-packages/airflow/example_dags/tutorial_taskflow_api.py
[2024-12-18T15:51:34.662+0000] {processor.py:914} INFO - Processing file /home/ubuntu/demo8/lib/python3.12/site-packages/airflow/example_dags/tutorial_taskflow_api.py for tasks to queue
[2024-12-18T15:51:34.664+0000] {logging_mixin.py:190} INFO - [2024-12-18T15:51:34.664+0000] {dagbag.py:588} INFO - Filling up the DagBag from /home/ubuntu/demo8/lib/python3.12/site-packages/airflow/example_dags/tutorial_taskflow_api.py
[2024-12-18T15:51:34.674+0000] {processor.py:925} INFO - DAG(s) 'tutorial_taskflow_api' retrieved from /home/ubuntu/demo8/lib/python3.12/site-packages/airflow/example_dags/tutorial_taskflow_api.py
[2024-12-18T15:51:34.691+0000] {logging_mixin.py:190} INFO - [2024-12-18T15:51:34.691+0000] {dag.py:3239} INFO - Sync 1 DAGs
[2024-12-18T15:51:34.705+0000] {logging_mixin.py:190} INFO - [2024-12-18T15:51:34.705+0000] {dag.py:4180} INFO - Setting next_dagrun for tutorial_taskflow_api to None, run_after=None
[2024-12-18T15:51:34.730+0000] {processor.py:208} INFO - Processing /home/ubuntu/demo8/lib/python3.12/site-packages/airflow/example_dags/tutorial_taskflow_api.py took 0.076 seconds
[2024-12-18T15:52:29.690+0000] {processor.py:186} INFO - Started process (PID=4592) to work on /home/ubuntu/demo8/lib/python3.12/site-packages/airflow/example_dags/tutorial_taskflow_api.py
[2024-12-18T15:52:29.692+0000] {processor.py:914} INFO - Processing file /home/ubuntu/demo8/lib/python3.12/site-packages/airflow/example_dags/tutorial_taskflow_api.py for tasks to queue
[2024-12-18T15:52:29.694+0000] {logging_mixin.py:190} INFO - [2024-12-18T15:52:29.693+0000] {dagbag.py:588} INFO - Filling up the DagBag from /home/ubuntu/demo8/lib/python3.12/site-packages/airflow/example_dags/tutorial_taskflow_api.py
[2024-12-18T15:52:29.704+0000] {processor.py:925} INFO - DAG(s) 'tutorial_taskflow_api' retrieved from /home/ubuntu/demo8/lib/python3.12/site-packages/airflow/example_dags/tutorial_taskflow_api.py
[2024-12-18T15:52:29.721+0000] {logging_mixin.py:190} INFO - [2024-12-18T15:52:29.720+0000] {dag.py:3239} INFO - Sync 1 DAGs
[2024-12-18T15:52:29.735+0000] {logging_mixin.py:190} INFO - [2024-12-18T15:52:29.734+0000] {dag.py:4180} INFO - Setting next_dagrun for tutorial_taskflow_api to None, run_after=None
[2024-12-18T15:52:29.758+0000] {processor.py:208} INFO - Processing /home/ubuntu/demo8/lib/python3.12/site-packages/airflow/example_dags/tutorial_taskflow_api.py took 0.075 seconds
[2024-12-18T15:53:24.013+0000] {processor.py:186} INFO - Started process (PID=4649) to work on /home/ubuntu/demo8/lib/python3.12/site-packages/airflow/example_dags/tutorial_taskflow_api.py
[2024-12-18T15:53:24.014+0000] {processor.py:914} INFO - Processing file /home/ubuntu/demo8/lib/python3.12/site-packages/airflow/example_dags/tutorial_taskflow_api.py for tasks to queue
[2024-12-18T15:53:24.016+0000] {logging_mixin.py:190} INFO - [2024-12-18T15:53:24.016+0000] {dagbag.py:588} INFO - Filling up the DagBag from /home/ubuntu/demo8/lib/python3.12/site-packages/airflow/example_dags/tutorial_taskflow_api.py
[2024-12-18T15:53:24.026+0000] {processor.py:925} INFO - DAG(s) 'tutorial_taskflow_api' retrieved from /home/ubuntu/demo8/lib/python3.12/site-packages/airflow/example_dags/tutorial_taskflow_api.py
[2024-12-18T15:53:24.043+0000] {logging_mixin.py:190} INFO - [2024-12-18T15:53:24.043+0000] {dag.py:3239} INFO - Sync 1 DAGs
[2024-12-18T15:53:24.057+0000] {logging_mixin.py:190} INFO - [2024-12-18T15:53:24.057+0000] {dag.py:4180} INFO - Setting next_dagrun for tutorial_taskflow_api to None, run_after=None
[2024-12-18T15:53:24.079+0000] {processor.py:208} INFO - Processing /home/ubuntu/demo8/lib/python3.12/site-packages/airflow/example_dags/tutorial_taskflow_api.py took 0.073 seconds
[2024-12-18T15:53:58.934+0000] {processor.py:186} INFO - Started process (PID=4696) to work on /home/ubuntu/demo8/lib/python3.12/site-packages/airflow/example_dags/tutorial_taskflow_api.py
[2024-12-18T15:53:58.935+0000] {processor.py:914} INFO - Processing file /home/ubuntu/demo8/lib/python3.12/site-packages/airflow/example_dags/tutorial_taskflow_api.py for tasks to queue
[2024-12-18T15:53:58.938+0000] {logging_mixin.py:190} INFO - [2024-12-18T15:53:58.937+0000] {dagbag.py:588} INFO - Filling up the DagBag from /home/ubuntu/demo8/lib/python3.12/site-packages/airflow/example_dags/tutorial_taskflow_api.py
[2024-12-18T15:53:58.947+0000] {processor.py:925} INFO - DAG(s) 'tutorial_taskflow_api' retrieved from /home/ubuntu/demo8/lib/python3.12/site-packages/airflow/example_dags/tutorial_taskflow_api.py
[2024-12-18T15:53:58.982+0000] {logging_mixin.py:190} INFO - [2024-12-18T15:53:58.982+0000] {dag.py:3239} INFO - Sync 1 DAGs
[2024-12-18T15:53:58.996+0000] {logging_mixin.py:190} INFO - [2024-12-18T15:53:58.995+0000] {dag.py:4180} INFO - Setting next_dagrun for tutorial_taskflow_api to None, run_after=None
[2024-12-18T15:53:59.020+0000] {processor.py:208} INFO - Processing /home/ubuntu/demo8/lib/python3.12/site-packages/airflow/example_dags/tutorial_taskflow_api.py took 0.092 seconds
[2024-12-18T15:54:31.566+0000] {processor.py:186} INFO - Started process (PID=4742) to work on /home/ubuntu/demo8/lib/python3.12/site-packages/airflow/example_dags/tutorial_taskflow_api.py
[2024-12-18T15:54:31.567+0000] {processor.py:914} INFO - Processing file /home/ubuntu/demo8/lib/python3.12/site-packages/airflow/example_dags/tutorial_taskflow_api.py for tasks to queue
[2024-12-18T15:54:31.570+0000] {logging_mixin.py:190} INFO - [2024-12-18T15:54:31.569+0000] {dagbag.py:588} INFO - Filling up the DagBag from /home/ubuntu/demo8/lib/python3.12/site-packages/airflow/example_dags/tutorial_taskflow_api.py
[2024-12-18T15:54:31.579+0000] {processor.py:925} INFO - DAG(s) 'tutorial_taskflow_api' retrieved from /home/ubuntu/demo8/lib/python3.12/site-packages/airflow/example_dags/tutorial_taskflow_api.py
[2024-12-18T15:54:31.605+0000] {logging_mixin.py:190} INFO - [2024-12-18T15:54:31.604+0000] {dag.py:3239} INFO - Sync 1 DAGs
[2024-12-18T15:54:31.620+0000] {logging_mixin.py:190} INFO - [2024-12-18T15:54:31.620+0000] {dag.py:4180} INFO - Setting next_dagrun for tutorial_taskflow_api to None, run_after=None
[2024-12-18T15:54:31.645+0000] {processor.py:208} INFO - Processing /home/ubuntu/demo8/lib/python3.12/site-packages/airflow/example_dags/tutorial_taskflow_api.py took 0.085 seconds
[2024-12-18T15:55:27.305+0000] {processor.py:186} INFO - Started process (PID=4803) to work on /home/ubuntu/demo8/lib/python3.12/site-packages/airflow/example_dags/tutorial_taskflow_api.py
[2024-12-18T15:55:27.306+0000] {processor.py:914} INFO - Processing file /home/ubuntu/demo8/lib/python3.12/site-packages/airflow/example_dags/tutorial_taskflow_api.py for tasks to queue
[2024-12-18T15:55:27.309+0000] {logging_mixin.py:190} INFO - [2024-12-18T15:55:27.308+0000] {dagbag.py:588} INFO - Filling up the DagBag from /home/ubuntu/demo8/lib/python3.12/site-packages/airflow/example_dags/tutorial_taskflow_api.py
[2024-12-18T15:55:27.318+0000] {processor.py:925} INFO - DAG(s) 'tutorial_taskflow_api' retrieved from /home/ubuntu/demo8/lib/python3.12/site-packages/airflow/example_dags/tutorial_taskflow_api.py
[2024-12-18T15:55:27.335+0000] {logging_mixin.py:190} INFO - [2024-12-18T15:55:27.335+0000] {dag.py:3239} INFO - Sync 1 DAGs
[2024-12-18T15:55:27.348+0000] {logging_mixin.py:190} INFO - [2024-12-18T15:55:27.348+0000] {dag.py:4180} INFO - Setting next_dagrun for tutorial_taskflow_api to None, run_after=None
[2024-12-18T15:55:27.372+0000] {processor.py:208} INFO - Processing /home/ubuntu/demo8/lib/python3.12/site-packages/airflow/example_dags/tutorial_taskflow_api.py took 0.073 seconds
[2024-12-18T15:56:21.773+0000] {processor.py:186} INFO - Started process (PID=4860) to work on /home/ubuntu/demo8/lib/python3.12/site-packages/airflow/example_dags/tutorial_taskflow_api.py
[2024-12-18T15:56:21.774+0000] {processor.py:914} INFO - Processing file /home/ubuntu/demo8/lib/python3.12/site-packages/airflow/example_dags/tutorial_taskflow_api.py for tasks to queue
[2024-12-18T15:56:21.776+0000] {logging_mixin.py:190} INFO - [2024-12-18T15:56:21.776+0000] {dagbag.py:588} INFO - Filling up the DagBag from /home/ubuntu/demo8/lib/python3.12/site-packages/airflow/example_dags/tutorial_taskflow_api.py
[2024-12-18T15:56:21.786+0000] {processor.py:925} INFO - DAG(s) 'tutorial_taskflow_api' retrieved from /home/ubuntu/demo8/lib/python3.12/site-packages/airflow/example_dags/tutorial_taskflow_api.py
[2024-12-18T15:56:21.802+0000] {logging_mixin.py:190} INFO - [2024-12-18T15:56:21.802+0000] {dag.py:3239} INFO - Sync 1 DAGs
[2024-12-18T15:56:21.816+0000] {logging_mixin.py:190} INFO - [2024-12-18T15:56:21.816+0000] {dag.py:4180} INFO - Setting next_dagrun for tutorial_taskflow_api to None, run_after=None
[2024-12-18T15:56:21.838+0000] {processor.py:208} INFO - Processing /home/ubuntu/demo8/lib/python3.12/site-packages/airflow/example_dags/tutorial_taskflow_api.py took 0.071 seconds
[2024-12-18T15:56:59.052+0000] {processor.py:186} INFO - Started process (PID=4892) to work on /home/ubuntu/demo8/lib/python3.12/site-packages/airflow/example_dags/tutorial_taskflow_api.py
[2024-12-18T15:56:59.054+0000] {processor.py:914} INFO - Processing file /home/ubuntu/demo8/lib/python3.12/site-packages/airflow/example_dags/tutorial_taskflow_api.py for tasks to queue
[2024-12-18T15:56:59.056+0000] {logging_mixin.py:190} INFO - [2024-12-18T15:56:59.055+0000] {dagbag.py:588} INFO - Filling up the DagBag from /home/ubuntu/demo8/lib/python3.12/site-packages/airflow/example_dags/tutorial_taskflow_api.py
[2024-12-18T15:56:59.066+0000] {processor.py:925} INFO - DAG(s) 'tutorial_taskflow_api' retrieved from /home/ubuntu/demo8/lib/python3.12/site-packages/airflow/example_dags/tutorial_taskflow_api.py
[2024-12-18T15:56:59.090+0000] {logging_mixin.py:190} INFO - [2024-12-18T15:56:59.090+0000] {dag.py:3239} INFO - Sync 1 DAGs
[2024-12-18T15:56:59.104+0000] {logging_mixin.py:190} INFO - [2024-12-18T15:56:59.104+0000] {dag.py:4180} INFO - Setting next_dagrun for tutorial_taskflow_api to None, run_after=None
[2024-12-18T15:56:59.129+0000] {processor.py:208} INFO - Processing /home/ubuntu/demo8/lib/python3.12/site-packages/airflow/example_dags/tutorial_taskflow_api.py took 0.083 seconds
[2024-12-18T15:57:54.825+0000] {processor.py:186} INFO - Started process (PID=4950) to work on /home/ubuntu/demo8/lib/python3.12/site-packages/airflow/example_dags/tutorial_taskflow_api.py
[2024-12-18T15:57:54.826+0000] {processor.py:914} INFO - Processing file /home/ubuntu/demo8/lib/python3.12/site-packages/airflow/example_dags/tutorial_taskflow_api.py for tasks to queue
[2024-12-18T15:57:54.829+0000] {logging_mixin.py:190} INFO - [2024-12-18T15:57:54.828+0000] {dagbag.py:588} INFO - Filling up the DagBag from /home/ubuntu/demo8/lib/python3.12/site-packages/airflow/example_dags/tutorial_taskflow_api.py
[2024-12-18T15:57:54.838+0000] {processor.py:925} INFO - DAG(s) 'tutorial_taskflow_api' retrieved from /home/ubuntu/demo8/lib/python3.12/site-packages/airflow/example_dags/tutorial_taskflow_api.py
[2024-12-18T15:57:54.855+0000] {logging_mixin.py:190} INFO - [2024-12-18T15:57:54.855+0000] {dag.py:3239} INFO - Sync 1 DAGs
[2024-12-18T15:57:54.868+0000] {logging_mixin.py:190} INFO - [2024-12-18T15:57:54.868+0000] {dag.py:4180} INFO - Setting next_dagrun for tutorial_taskflow_api to None, run_after=None
[2024-12-18T15:57:54.892+0000] {processor.py:208} INFO - Processing /home/ubuntu/demo8/lib/python3.12/site-packages/airflow/example_dags/tutorial_taskflow_api.py took 0.073 seconds
[2024-12-18T15:58:49.280+0000] {processor.py:186} INFO - Started process (PID=5005) to work on /home/ubuntu/demo8/lib/python3.12/site-packages/airflow/example_dags/tutorial_taskflow_api.py
[2024-12-18T15:58:49.282+0000] {processor.py:914} INFO - Processing file /home/ubuntu/demo8/lib/python3.12/site-packages/airflow/example_dags/tutorial_taskflow_api.py for tasks to queue
[2024-12-18T15:58:49.284+0000] {logging_mixin.py:190} INFO - [2024-12-18T15:58:49.283+0000] {dagbag.py:588} INFO - Filling up the DagBag from /home/ubuntu/demo8/lib/python3.12/site-packages/airflow/example_dags/tutorial_taskflow_api.py
[2024-12-18T15:58:49.293+0000] {processor.py:925} INFO - DAG(s) 'tutorial_taskflow_api' retrieved from /home/ubuntu/demo8/lib/python3.12/site-packages/airflow/example_dags/tutorial_taskflow_api.py
[2024-12-18T15:58:49.310+0000] {logging_mixin.py:190} INFO - [2024-12-18T15:58:49.310+0000] {dag.py:3239} INFO - Sync 1 DAGs
[2024-12-18T15:58:49.323+0000] {logging_mixin.py:190} INFO - [2024-12-18T15:58:49.323+0000] {dag.py:4180} INFO - Setting next_dagrun for tutorial_taskflow_api to None, run_after=None
[2024-12-18T15:58:49.345+0000] {processor.py:208} INFO - Processing /home/ubuntu/demo8/lib/python3.12/site-packages/airflow/example_dags/tutorial_taskflow_api.py took 0.071 seconds
[2024-12-18T15:59:57.979+0000] {processor.py:186} INFO - Started process (PID=5073) to work on /home/ubuntu/demo8/lib/python3.12/site-packages/airflow/example_dags/tutorial_taskflow_api.py
[2024-12-18T15:59:57.980+0000] {processor.py:914} INFO - Processing file /home/ubuntu/demo8/lib/python3.12/site-packages/airflow/example_dags/tutorial_taskflow_api.py for tasks to queue
[2024-12-18T15:59:57.983+0000] {logging_mixin.py:190} INFO - [2024-12-18T15:59:57.982+0000] {dagbag.py:588} INFO - Filling up the DagBag from /home/ubuntu/demo8/lib/python3.12/site-packages/airflow/example_dags/tutorial_taskflow_api.py
[2024-12-18T15:59:57.993+0000] {processor.py:925} INFO - DAG(s) 'tutorial_taskflow_api' retrieved from /home/ubuntu/demo8/lib/python3.12/site-packages/airflow/example_dags/tutorial_taskflow_api.py
[2024-12-18T15:59:58.032+0000] {logging_mixin.py:190} INFO - [2024-12-18T15:59:58.032+0000] {dag.py:3239} INFO - Sync 1 DAGs
[2024-12-18T15:59:58.046+0000] {logging_mixin.py:190} INFO - [2024-12-18T15:59:58.046+0000] {dag.py:4180} INFO - Setting next_dagrun for tutorial_taskflow_api to None, run_after=None
[2024-12-18T15:59:58.070+0000] {processor.py:208} INFO - Processing /home/ubuntu/demo8/lib/python3.12/site-packages/airflow/example_dags/tutorial_taskflow_api.py took 0.097 seconds
[2024-12-18T16:00:53.639+0000] {processor.py:186} INFO - Started process (PID=5134) to work on /home/ubuntu/demo8/lib/python3.12/site-packages/airflow/example_dags/tutorial_taskflow_api.py
[2024-12-18T16:00:53.641+0000] {processor.py:914} INFO - Processing file /home/ubuntu/demo8/lib/python3.12/site-packages/airflow/example_dags/tutorial_taskflow_api.py for tasks to queue
[2024-12-18T16:00:53.643+0000] {logging_mixin.py:190} INFO - [2024-12-18T16:00:53.642+0000] {dagbag.py:588} INFO - Filling up the DagBag from /home/ubuntu/demo8/lib/python3.12/site-packages/airflow/example_dags/tutorial_taskflow_api.py
[2024-12-18T16:00:53.653+0000] {processor.py:925} INFO - DAG(s) 'tutorial_taskflow_api' retrieved from /home/ubuntu/demo8/lib/python3.12/site-packages/airflow/example_dags/tutorial_taskflow_api.py
[2024-12-18T16:00:53.669+0000] {logging_mixin.py:190} INFO - [2024-12-18T16:00:53.669+0000] {dag.py:3239} INFO - Sync 1 DAGs
[2024-12-18T16:00:53.683+0000] {logging_mixin.py:190} INFO - [2024-12-18T16:00:53.682+0000] {dag.py:4180} INFO - Setting next_dagrun for tutorial_taskflow_api to None, run_after=None
[2024-12-18T16:00:53.705+0000] {processor.py:208} INFO - Processing /home/ubuntu/demo8/lib/python3.12/site-packages/airflow/example_dags/tutorial_taskflow_api.py took 0.072 seconds
[2024-12-18T16:01:47.999+0000] {processor.py:186} INFO - Started process (PID=5191) to work on /home/ubuntu/demo8/lib/python3.12/site-packages/airflow/example_dags/tutorial_taskflow_api.py
[2024-12-18T16:01:48.001+0000] {processor.py:914} INFO - Processing file /home/ubuntu/demo8/lib/python3.12/site-packages/airflow/example_dags/tutorial_taskflow_api.py for tasks to queue
[2024-12-18T16:01:48.003+0000] {logging_mixin.py:190} INFO - [2024-12-18T16:01:48.003+0000] {dagbag.py:588} INFO - Filling up the DagBag from /home/ubuntu/demo8/lib/python3.12/site-packages/airflow/example_dags/tutorial_taskflow_api.py
[2024-12-18T16:01:48.013+0000] {processor.py:925} INFO - DAG(s) 'tutorial_taskflow_api' retrieved from /home/ubuntu/demo8/lib/python3.12/site-packages/airflow/example_dags/tutorial_taskflow_api.py
[2024-12-18T16:01:48.029+0000] {logging_mixin.py:190} INFO - [2024-12-18T16:01:48.029+0000] {dag.py:3239} INFO - Sync 1 DAGs
[2024-12-18T16:01:48.042+0000] {logging_mixin.py:190} INFO - [2024-12-18T16:01:48.042+0000] {dag.py:4180} INFO - Setting next_dagrun for tutorial_taskflow_api to None, run_after=None
[2024-12-18T16:01:48.065+0000] {processor.py:208} INFO - Processing /home/ubuntu/demo8/lib/python3.12/site-packages/airflow/example_dags/tutorial_taskflow_api.py took 0.071 seconds
[2024-12-18T16:02:40.800+0000] {processor.py:186} INFO - Started process (PID=5246) to work on /home/ubuntu/demo8/lib/python3.12/site-packages/airflow/example_dags/tutorial_taskflow_api.py
[2024-12-18T16:02:40.801+0000] {processor.py:914} INFO - Processing file /home/ubuntu/demo8/lib/python3.12/site-packages/airflow/example_dags/tutorial_taskflow_api.py for tasks to queue
[2024-12-18T16:02:40.803+0000] {logging_mixin.py:190} INFO - [2024-12-18T16:02:40.803+0000] {dagbag.py:588} INFO - Filling up the DagBag from /home/ubuntu/demo8/lib/python3.12/site-packages/airflow/example_dags/tutorial_taskflow_api.py
[2024-12-18T16:02:40.814+0000] {processor.py:925} INFO - DAG(s) 'tutorial_taskflow_api' retrieved from /home/ubuntu/demo8/lib/python3.12/site-packages/airflow/example_dags/tutorial_taskflow_api.py
[2024-12-18T16:02:40.830+0000] {logging_mixin.py:190} INFO - [2024-12-18T16:02:40.830+0000] {dag.py:3239} INFO - Sync 1 DAGs
[2024-12-18T16:02:40.844+0000] {logging_mixin.py:190} INFO - [2024-12-18T16:02:40.844+0000] {dag.py:4180} INFO - Setting next_dagrun for tutorial_taskflow_api to None, run_after=None
[2024-12-18T16:02:40.867+0000] {processor.py:208} INFO - Processing /home/ubuntu/demo8/lib/python3.12/site-packages/airflow/example_dags/tutorial_taskflow_api.py took 0.074 seconds
[2024-12-18T16:03:35.335+0000] {processor.py:186} INFO - Started process (PID=5301) to work on /home/ubuntu/demo8/lib/python3.12/site-packages/airflow/example_dags/tutorial_taskflow_api.py
[2024-12-18T16:03:35.337+0000] {processor.py:914} INFO - Processing file /home/ubuntu/demo8/lib/python3.12/site-packages/airflow/example_dags/tutorial_taskflow_api.py for tasks to queue
[2024-12-18T16:03:35.339+0000] {logging_mixin.py:190} INFO - [2024-12-18T16:03:35.338+0000] {dagbag.py:588} INFO - Filling up the DagBag from /home/ubuntu/demo8/lib/python3.12/site-packages/airflow/example_dags/tutorial_taskflow_api.py
[2024-12-18T16:03:35.348+0000] {processor.py:925} INFO - DAG(s) 'tutorial_taskflow_api' retrieved from /home/ubuntu/demo8/lib/python3.12/site-packages/airflow/example_dags/tutorial_taskflow_api.py
[2024-12-18T16:03:35.365+0000] {logging_mixin.py:190} INFO - [2024-12-18T16:03:35.365+0000] {dag.py:3239} INFO - Sync 1 DAGs
[2024-12-18T16:03:35.378+0000] {logging_mixin.py:190} INFO - [2024-12-18T16:03:35.378+0000] {dag.py:4180} INFO - Setting next_dagrun for tutorial_taskflow_api to None, run_after=None
[2024-12-18T16:03:35.400+0000] {processor.py:208} INFO - Processing /home/ubuntu/demo8/lib/python3.12/site-packages/airflow/example_dags/tutorial_taskflow_api.py took 0.071 seconds
[2024-12-18T20:29:24.768+0000] {processor.py:186} INFO - Started process (PID=2668) to work on /home/ubuntu/demo8/lib/python3.12/site-packages/airflow/example_dags/tutorial_taskflow_api.py
[2024-12-18T20:29:24.770+0000] {processor.py:914} INFO - Processing file /home/ubuntu/demo8/lib/python3.12/site-packages/airflow/example_dags/tutorial_taskflow_api.py for tasks to queue
[2024-12-18T20:29:24.773+0000] {logging_mixin.py:190} INFO - [2024-12-18T20:29:24.772+0000] {dagbag.py:588} INFO - Filling up the DagBag from /home/ubuntu/demo8/lib/python3.12/site-packages/airflow/example_dags/tutorial_taskflow_api.py
[2024-12-18T20:29:24.784+0000] {processor.py:925} INFO - DAG(s) 'tutorial_taskflow_api' retrieved from /home/ubuntu/demo8/lib/python3.12/site-packages/airflow/example_dags/tutorial_taskflow_api.py
[2024-12-18T20:29:24.810+0000] {logging_mixin.py:190} INFO - [2024-12-18T20:29:24.810+0000] {dag.py:3239} INFO - Sync 1 DAGs
[2024-12-18T20:29:24.825+0000] {logging_mixin.py:190} INFO - [2024-12-18T20:29:24.825+0000] {dag.py:4180} INFO - Setting next_dagrun for tutorial_taskflow_api to None, run_after=None
[2024-12-18T20:29:24.850+0000] {processor.py:208} INFO - Processing /home/ubuntu/demo8/lib/python3.12/site-packages/airflow/example_dags/tutorial_taskflow_api.py took 0.088 seconds
[2024-12-18T20:30:20.747+0000] {processor.py:186} INFO - Started process (PID=2877) to work on /home/ubuntu/demo8/lib/python3.12/site-packages/airflow/example_dags/tutorial_taskflow_api.py
[2024-12-18T20:30:20.749+0000] {processor.py:914} INFO - Processing file /home/ubuntu/demo8/lib/python3.12/site-packages/airflow/example_dags/tutorial_taskflow_api.py for tasks to queue
[2024-12-18T20:30:20.751+0000] {logging_mixin.py:190} INFO - [2024-12-18T20:30:20.751+0000] {dagbag.py:588} INFO - Filling up the DagBag from /home/ubuntu/demo8/lib/python3.12/site-packages/airflow/example_dags/tutorial_taskflow_api.py
[2024-12-18T20:30:20.761+0000] {processor.py:925} INFO - DAG(s) 'tutorial_taskflow_api' retrieved from /home/ubuntu/demo8/lib/python3.12/site-packages/airflow/example_dags/tutorial_taskflow_api.py
[2024-12-18T20:30:20.777+0000] {logging_mixin.py:190} INFO - [2024-12-18T20:30:20.777+0000] {dag.py:3239} INFO - Sync 1 DAGs
[2024-12-18T20:30:20.790+0000] {logging_mixin.py:190} INFO - [2024-12-18T20:30:20.790+0000] {dag.py:4180} INFO - Setting next_dagrun for tutorial_taskflow_api to None, run_after=None
[2024-12-18T20:30:20.814+0000] {processor.py:208} INFO - Processing /home/ubuntu/demo8/lib/python3.12/site-packages/airflow/example_dags/tutorial_taskflow_api.py took 0.073 seconds
[2024-12-18T20:31:16.497+0000] {processor.py:186} INFO - Started process (PID=3092) to work on /home/ubuntu/demo8/lib/python3.12/site-packages/airflow/example_dags/tutorial_taskflow_api.py
[2024-12-18T20:31:16.499+0000] {processor.py:914} INFO - Processing file /home/ubuntu/demo8/lib/python3.12/site-packages/airflow/example_dags/tutorial_taskflow_api.py for tasks to queue
[2024-12-18T20:31:16.501+0000] {logging_mixin.py:190} INFO - [2024-12-18T20:31:16.501+0000] {dagbag.py:588} INFO - Filling up the DagBag from /home/ubuntu/demo8/lib/python3.12/site-packages/airflow/example_dags/tutorial_taskflow_api.py
[2024-12-18T20:31:16.511+0000] {processor.py:925} INFO - DAG(s) 'tutorial_taskflow_api' retrieved from /home/ubuntu/demo8/lib/python3.12/site-packages/airflow/example_dags/tutorial_taskflow_api.py
[2024-12-18T20:31:16.528+0000] {logging_mixin.py:190} INFO - [2024-12-18T20:31:16.527+0000] {dag.py:3239} INFO - Sync 1 DAGs
[2024-12-18T20:31:16.541+0000] {logging_mixin.py:190} INFO - [2024-12-18T20:31:16.541+0000] {dag.py:4180} INFO - Setting next_dagrun for tutorial_taskflow_api to None, run_after=None
[2024-12-18T20:31:16.565+0000] {processor.py:208} INFO - Processing /home/ubuntu/demo8/lib/python3.12/site-packages/airflow/example_dags/tutorial_taskflow_api.py took 0.075 seconds
[2024-12-18T20:32:12.006+0000] {processor.py:186} INFO - Started process (PID=3258) to work on /home/ubuntu/demo8/lib/python3.12/site-packages/airflow/example_dags/tutorial_taskflow_api.py
[2024-12-18T20:32:12.007+0000] {processor.py:914} INFO - Processing file /home/ubuntu/demo8/lib/python3.12/site-packages/airflow/example_dags/tutorial_taskflow_api.py for tasks to queue
[2024-12-18T20:32:12.010+0000] {logging_mixin.py:190} INFO - [2024-12-18T20:32:12.009+0000] {dagbag.py:588} INFO - Filling up the DagBag from /home/ubuntu/demo8/lib/python3.12/site-packages/airflow/example_dags/tutorial_taskflow_api.py
[2024-12-18T20:32:12.019+0000] {processor.py:925} INFO - DAG(s) 'tutorial_taskflow_api' retrieved from /home/ubuntu/demo8/lib/python3.12/site-packages/airflow/example_dags/tutorial_taskflow_api.py
[2024-12-18T20:32:12.037+0000] {logging_mixin.py:190} INFO - [2024-12-18T20:32:12.036+0000] {dag.py:3239} INFO - Sync 1 DAGs
[2024-12-18T20:32:12.050+0000] {logging_mixin.py:190} INFO - [2024-12-18T20:32:12.050+0000] {dag.py:4180} INFO - Setting next_dagrun for tutorial_taskflow_api to None, run_after=None
[2024-12-18T20:32:12.073+0000] {processor.py:208} INFO - Processing /home/ubuntu/demo8/lib/python3.12/site-packages/airflow/example_dags/tutorial_taskflow_api.py took 0.074 seconds
[2024-12-18T20:33:07.853+0000] {processor.py:186} INFO - Started process (PID=3438) to work on /home/ubuntu/demo8/lib/python3.12/site-packages/airflow/example_dags/tutorial_taskflow_api.py
[2024-12-18T20:33:07.855+0000] {processor.py:914} INFO - Processing file /home/ubuntu/demo8/lib/python3.12/site-packages/airflow/example_dags/tutorial_taskflow_api.py for tasks to queue
[2024-12-18T20:33:07.857+0000] {logging_mixin.py:190} INFO - [2024-12-18T20:33:07.857+0000] {dagbag.py:588} INFO - Filling up the DagBag from /home/ubuntu/demo8/lib/python3.12/site-packages/airflow/example_dags/tutorial_taskflow_api.py
[2024-12-18T20:33:07.867+0000] {processor.py:925} INFO - DAG(s) 'tutorial_taskflow_api' retrieved from /home/ubuntu/demo8/lib/python3.12/site-packages/airflow/example_dags/tutorial_taskflow_api.py
[2024-12-18T20:33:07.883+0000] {logging_mixin.py:190} INFO - [2024-12-18T20:33:07.882+0000] {dag.py:3239} INFO - Sync 1 DAGs
[2024-12-18T20:33:07.896+0000] {logging_mixin.py:190} INFO - [2024-12-18T20:33:07.896+0000] {dag.py:4180} INFO - Setting next_dagrun for tutorial_taskflow_api to None, run_after=None
[2024-12-18T20:33:07.918+0000] {processor.py:208} INFO - Processing /home/ubuntu/demo8/lib/python3.12/site-packages/airflow/example_dags/tutorial_taskflow_api.py took 0.071 seconds
[2024-12-18T20:34:04.202+0000] {processor.py:186} INFO - Started process (PID=3554) to work on /home/ubuntu/demo8/lib/python3.12/site-packages/airflow/example_dags/tutorial_taskflow_api.py
[2024-12-18T20:34:04.203+0000] {processor.py:914} INFO - Processing file /home/ubuntu/demo8/lib/python3.12/site-packages/airflow/example_dags/tutorial_taskflow_api.py for tasks to queue
[2024-12-18T20:34:04.206+0000] {logging_mixin.py:190} INFO - [2024-12-18T20:34:04.206+0000] {dagbag.py:588} INFO - Filling up the DagBag from /home/ubuntu/demo8/lib/python3.12/site-packages/airflow/example_dags/tutorial_taskflow_api.py
[2024-12-18T20:34:04.216+0000] {processor.py:925} INFO - DAG(s) 'tutorial_taskflow_api' retrieved from /home/ubuntu/demo8/lib/python3.12/site-packages/airflow/example_dags/tutorial_taskflow_api.py
[2024-12-18T20:34:04.232+0000] {logging_mixin.py:190} INFO - [2024-12-18T20:34:04.232+0000] {dag.py:3239} INFO - Sync 1 DAGs
[2024-12-18T20:34:04.368+0000] {logging_mixin.py:190} INFO - [2024-12-18T20:34:04.367+0000] {dag.py:4180} INFO - Setting next_dagrun for tutorial_taskflow_api to None, run_after=None
[2024-12-18T20:34:04.389+0000] {processor.py:208} INFO - Processing /home/ubuntu/demo8/lib/python3.12/site-packages/airflow/example_dags/tutorial_taskflow_api.py took 0.193 seconds
[2024-12-18T20:35:11.736+0000] {processor.py:186} INFO - Started process (PID=3744) to work on /home/ubuntu/demo8/lib/python3.12/site-packages/airflow/example_dags/tutorial_taskflow_api.py
[2024-12-18T20:35:11.737+0000] {processor.py:914} INFO - Processing file /home/ubuntu/demo8/lib/python3.12/site-packages/airflow/example_dags/tutorial_taskflow_api.py for tasks to queue
[2024-12-18T20:35:11.740+0000] {logging_mixin.py:190} INFO - [2024-12-18T20:35:11.739+0000] {dagbag.py:588} INFO - Filling up the DagBag from /home/ubuntu/demo8/lib/python3.12/site-packages/airflow/example_dags/tutorial_taskflow_api.py
[2024-12-18T20:35:11.749+0000] {processor.py:925} INFO - DAG(s) 'tutorial_taskflow_api' retrieved from /home/ubuntu/demo8/lib/python3.12/site-packages/airflow/example_dags/tutorial_taskflow_api.py
[2024-12-18T20:35:11.766+0000] {logging_mixin.py:190} INFO - [2024-12-18T20:35:11.766+0000] {dag.py:3239} INFO - Sync 1 DAGs
[2024-12-18T20:35:11.780+0000] {logging_mixin.py:190} INFO - [2024-12-18T20:35:11.780+0000] {dag.py:4180} INFO - Setting next_dagrun for tutorial_taskflow_api to None, run_after=None
[2024-12-18T20:35:11.803+0000] {processor.py:208} INFO - Processing /home/ubuntu/demo8/lib/python3.12/site-packages/airflow/example_dags/tutorial_taskflow_api.py took 0.073 seconds
[2024-12-18T20:36:09.276+0000] {processor.py:186} INFO - Started process (PID=3864) to work on /home/ubuntu/demo8/lib/python3.12/site-packages/airflow/example_dags/tutorial_taskflow_api.py
[2024-12-18T20:36:09.278+0000] {processor.py:914} INFO - Processing file /home/ubuntu/demo8/lib/python3.12/site-packages/airflow/example_dags/tutorial_taskflow_api.py for tasks to queue
[2024-12-18T20:36:09.280+0000] {logging_mixin.py:190} INFO - [2024-12-18T20:36:09.280+0000] {dagbag.py:588} INFO - Filling up the DagBag from /home/ubuntu/demo8/lib/python3.12/site-packages/airflow/example_dags/tutorial_taskflow_api.py
[2024-12-18T20:36:09.290+0000] {processor.py:925} INFO - DAG(s) 'tutorial_taskflow_api' retrieved from /home/ubuntu/demo8/lib/python3.12/site-packages/airflow/example_dags/tutorial_taskflow_api.py
[2024-12-18T20:36:09.307+0000] {logging_mixin.py:190} INFO - [2024-12-18T20:36:09.307+0000] {dag.py:3239} INFO - Sync 1 DAGs
[2024-12-18T20:36:09.321+0000] {logging_mixin.py:190} INFO - [2024-12-18T20:36:09.321+0000] {dag.py:4180} INFO - Setting next_dagrun for tutorial_taskflow_api to None, run_after=None
[2024-12-18T20:36:09.345+0000] {processor.py:208} INFO - Processing /home/ubuntu/demo8/lib/python3.12/site-packages/airflow/example_dags/tutorial_taskflow_api.py took 0.075 seconds
[2024-12-18T20:37:05.945+0000] {processor.py:186} INFO - Started process (PID=3983) to work on /home/ubuntu/demo8/lib/python3.12/site-packages/airflow/example_dags/tutorial_taskflow_api.py
[2024-12-18T20:37:05.947+0000] {processor.py:914} INFO - Processing file /home/ubuntu/demo8/lib/python3.12/site-packages/airflow/example_dags/tutorial_taskflow_api.py for tasks to queue
[2024-12-18T20:37:05.949+0000] {logging_mixin.py:190} INFO - [2024-12-18T20:37:05.949+0000] {dagbag.py:588} INFO - Filling up the DagBag from /home/ubuntu/demo8/lib/python3.12/site-packages/airflow/example_dags/tutorial_taskflow_api.py
[2024-12-18T20:37:05.964+0000] {processor.py:925} INFO - DAG(s) 'tutorial_taskflow_api' retrieved from /home/ubuntu/demo8/lib/python3.12/site-packages/airflow/example_dags/tutorial_taskflow_api.py
[2024-12-18T20:37:05.999+0000] {logging_mixin.py:190} INFO - [2024-12-18T20:37:05.998+0000] {dag.py:3239} INFO - Sync 1 DAGs
[2024-12-18T20:37:06.013+0000] {logging_mixin.py:190} INFO - [2024-12-18T20:37:06.012+0000] {dag.py:4180} INFO - Setting next_dagrun for tutorial_taskflow_api to None, run_after=None
[2024-12-18T20:37:06.035+0000] {processor.py:208} INFO - Processing /home/ubuntu/demo8/lib/python3.12/site-packages/airflow/example_dags/tutorial_taskflow_api.py took 0.096 seconds
[2024-12-18T20:38:00.992+0000] {processor.py:186} INFO - Started process (PID=4099) to work on /home/ubuntu/demo8/lib/python3.12/site-packages/airflow/example_dags/tutorial_taskflow_api.py
[2024-12-18T20:38:00.994+0000] {processor.py:914} INFO - Processing file /home/ubuntu/demo8/lib/python3.12/site-packages/airflow/example_dags/tutorial_taskflow_api.py for tasks to queue
[2024-12-18T20:38:00.996+0000] {logging_mixin.py:190} INFO - [2024-12-18T20:38:00.996+0000] {dagbag.py:588} INFO - Filling up the DagBag from /home/ubuntu/demo8/lib/python3.12/site-packages/airflow/example_dags/tutorial_taskflow_api.py
[2024-12-18T20:38:01.006+0000] {processor.py:925} INFO - DAG(s) 'tutorial_taskflow_api' retrieved from /home/ubuntu/demo8/lib/python3.12/site-packages/airflow/example_dags/tutorial_taskflow_api.py
[2024-12-18T20:38:01.023+0000] {logging_mixin.py:190} INFO - [2024-12-18T20:38:01.023+0000] {dag.py:3239} INFO - Sync 1 DAGs
[2024-12-18T20:38:01.037+0000] {logging_mixin.py:190} INFO - [2024-12-18T20:38:01.037+0000] {dag.py:4180} INFO - Setting next_dagrun for tutorial_taskflow_api to None, run_after=None
[2024-12-18T20:38:01.062+0000] {processor.py:208} INFO - Processing /home/ubuntu/demo8/lib/python3.12/site-packages/airflow/example_dags/tutorial_taskflow_api.py took 0.076 seconds
[2024-12-18T20:38:56.530+0000] {processor.py:186} INFO - Started process (PID=4218) to work on /home/ubuntu/demo8/lib/python3.12/site-packages/airflow/example_dags/tutorial_taskflow_api.py
[2024-12-18T20:38:56.531+0000] {processor.py:914} INFO - Processing file /home/ubuntu/demo8/lib/python3.12/site-packages/airflow/example_dags/tutorial_taskflow_api.py for tasks to queue
[2024-12-18T20:38:56.534+0000] {logging_mixin.py:190} INFO - [2024-12-18T20:38:56.534+0000] {dagbag.py:588} INFO - Filling up the DagBag from /home/ubuntu/demo8/lib/python3.12/site-packages/airflow/example_dags/tutorial_taskflow_api.py
[2024-12-18T20:38:56.544+0000] {processor.py:925} INFO - DAG(s) 'tutorial_taskflow_api' retrieved from /home/ubuntu/demo8/lib/python3.12/site-packages/airflow/example_dags/tutorial_taskflow_api.py
[2024-12-18T20:38:56.561+0000] {logging_mixin.py:190} INFO - [2024-12-18T20:38:56.561+0000] {dag.py:3239} INFO - Sync 1 DAGs
[2024-12-18T20:38:56.575+0000] {logging_mixin.py:190} INFO - [2024-12-18T20:38:56.574+0000] {dag.py:4180} INFO - Setting next_dagrun for tutorial_taskflow_api to None, run_after=None
[2024-12-18T20:38:56.598+0000] {processor.py:208} INFO - Processing /home/ubuntu/demo8/lib/python3.12/site-packages/airflow/example_dags/tutorial_taskflow_api.py took 0.075 seconds
[2024-12-18T20:39:52.585+0000] {processor.py:186} INFO - Started process (PID=4395) to work on /home/ubuntu/demo8/lib/python3.12/site-packages/airflow/example_dags/tutorial_taskflow_api.py
[2024-12-18T20:39:52.587+0000] {processor.py:914} INFO - Processing file /home/ubuntu/demo8/lib/python3.12/site-packages/airflow/example_dags/tutorial_taskflow_api.py for tasks to queue
[2024-12-18T20:39:52.589+0000] {logging_mixin.py:190} INFO - [2024-12-18T20:39:52.589+0000] {dagbag.py:588} INFO - Filling up the DagBag from /home/ubuntu/demo8/lib/python3.12/site-packages/airflow/example_dags/tutorial_taskflow_api.py
[2024-12-18T20:39:52.600+0000] {processor.py:925} INFO - DAG(s) 'tutorial_taskflow_api' retrieved from /home/ubuntu/demo8/lib/python3.12/site-packages/airflow/example_dags/tutorial_taskflow_api.py
[2024-12-18T20:39:52.616+0000] {logging_mixin.py:190} INFO - [2024-12-18T20:39:52.616+0000] {dag.py:3239} INFO - Sync 1 DAGs
[2024-12-18T20:39:52.630+0000] {logging_mixin.py:190} INFO - [2024-12-18T20:39:52.630+0000] {dag.py:4180} INFO - Setting next_dagrun for tutorial_taskflow_api to None, run_after=None
[2024-12-18T20:39:52.653+0000] {processor.py:208} INFO - Processing /home/ubuntu/demo8/lib/python3.12/site-packages/airflow/example_dags/tutorial_taskflow_api.py took 0.074 seconds
[2024-12-18T20:40:49.824+0000] {processor.py:186} INFO - Started process (PID=4532) to work on /home/ubuntu/demo8/lib/python3.12/site-packages/airflow/example_dags/tutorial_taskflow_api.py
[2024-12-18T20:40:49.825+0000] {processor.py:914} INFO - Processing file /home/ubuntu/demo8/lib/python3.12/site-packages/airflow/example_dags/tutorial_taskflow_api.py for tasks to queue
[2024-12-18T20:40:49.828+0000] {logging_mixin.py:190} INFO - [2024-12-18T20:40:49.828+0000] {dagbag.py:588} INFO - Filling up the DagBag from /home/ubuntu/demo8/lib/python3.12/site-packages/airflow/example_dags/tutorial_taskflow_api.py
[2024-12-18T20:40:49.839+0000] {processor.py:925} INFO - DAG(s) 'tutorial_taskflow_api' retrieved from /home/ubuntu/demo8/lib/python3.12/site-packages/airflow/example_dags/tutorial_taskflow_api.py
[2024-12-18T20:40:49.856+0000] {logging_mixin.py:190} INFO - [2024-12-18T20:40:49.856+0000] {dag.py:3239} INFO - Sync 1 DAGs
[2024-12-18T20:40:49.872+0000] {logging_mixin.py:190} INFO - [2024-12-18T20:40:49.871+0000] {dag.py:4180} INFO - Setting next_dagrun for tutorial_taskflow_api to None, run_after=None
[2024-12-18T20:40:49.896+0000] {processor.py:208} INFO - Processing /home/ubuntu/demo8/lib/python3.12/site-packages/airflow/example_dags/tutorial_taskflow_api.py took 0.079 seconds
[2024-12-18T20:41:43.667+0000] {processor.py:186} INFO - Started process (PID=4651) to work on /home/ubuntu/demo8/lib/python3.12/site-packages/airflow/example_dags/tutorial_taskflow_api.py
[2024-12-18T20:41:43.668+0000] {processor.py:914} INFO - Processing file /home/ubuntu/demo8/lib/python3.12/site-packages/airflow/example_dags/tutorial_taskflow_api.py for tasks to queue
[2024-12-18T20:41:43.671+0000] {logging_mixin.py:190} INFO - [2024-12-18T20:41:43.670+0000] {dagbag.py:588} INFO - Filling up the DagBag from /home/ubuntu/demo8/lib/python3.12/site-packages/airflow/example_dags/tutorial_taskflow_api.py
[2024-12-18T20:41:43.681+0000] {processor.py:925} INFO - DAG(s) 'tutorial_taskflow_api' retrieved from /home/ubuntu/demo8/lib/python3.12/site-packages/airflow/example_dags/tutorial_taskflow_api.py
[2024-12-18T20:41:43.708+0000] {logging_mixin.py:190} INFO - [2024-12-18T20:41:43.708+0000] {dag.py:3239} INFO - Sync 1 DAGs
[2024-12-18T20:41:43.723+0000] {logging_mixin.py:190} INFO - [2024-12-18T20:41:43.722+0000] {dag.py:4180} INFO - Setting next_dagrun for tutorial_taskflow_api to None, run_after=None
[2024-12-18T20:41:43.747+0000] {processor.py:208} INFO - Processing /home/ubuntu/demo8/lib/python3.12/site-packages/airflow/example_dags/tutorial_taskflow_api.py took 0.087 seconds
[2024-12-18T20:42:37.061+0000] {processor.py:186} INFO - Started process (PID=4764) to work on /home/ubuntu/demo8/lib/python3.12/site-packages/airflow/example_dags/tutorial_taskflow_api.py
[2024-12-18T20:42:37.062+0000] {processor.py:914} INFO - Processing file /home/ubuntu/demo8/lib/python3.12/site-packages/airflow/example_dags/tutorial_taskflow_api.py for tasks to queue
[2024-12-18T20:42:37.065+0000] {logging_mixin.py:190} INFO - [2024-12-18T20:42:37.064+0000] {dagbag.py:588} INFO - Filling up the DagBag from /home/ubuntu/demo8/lib/python3.12/site-packages/airflow/example_dags/tutorial_taskflow_api.py
[2024-12-18T20:42:37.075+0000] {processor.py:925} INFO - DAG(s) 'tutorial_taskflow_api' retrieved from /home/ubuntu/demo8/lib/python3.12/site-packages/airflow/example_dags/tutorial_taskflow_api.py
[2024-12-18T20:42:37.102+0000] {logging_mixin.py:190} INFO - [2024-12-18T20:42:37.101+0000] {dag.py:3239} INFO - Sync 1 DAGs
[2024-12-18T20:42:37.116+0000] {logging_mixin.py:190} INFO - [2024-12-18T20:42:37.116+0000] {dag.py:4180} INFO - Setting next_dagrun for tutorial_taskflow_api to None, run_after=None
[2024-12-18T20:42:37.139+0000] {processor.py:208} INFO - Processing /home/ubuntu/demo8/lib/python3.12/site-packages/airflow/example_dags/tutorial_taskflow_api.py took 0.084 seconds
[2024-12-18T20:43:30.606+0000] {processor.py:186} INFO - Started process (PID=4881) to work on /home/ubuntu/demo8/lib/python3.12/site-packages/airflow/example_dags/tutorial_taskflow_api.py
[2024-12-18T20:43:30.608+0000] {processor.py:914} INFO - Processing file /home/ubuntu/demo8/lib/python3.12/site-packages/airflow/example_dags/tutorial_taskflow_api.py for tasks to queue
[2024-12-18T20:43:30.610+0000] {logging_mixin.py:190} INFO - [2024-12-18T20:43:30.610+0000] {dagbag.py:588} INFO - Filling up the DagBag from /home/ubuntu/demo8/lib/python3.12/site-packages/airflow/example_dags/tutorial_taskflow_api.py
[2024-12-18T20:43:30.620+0000] {processor.py:925} INFO - DAG(s) 'tutorial_taskflow_api' retrieved from /home/ubuntu/demo8/lib/python3.12/site-packages/airflow/example_dags/tutorial_taskflow_api.py
[2024-12-18T20:43:30.637+0000] {logging_mixin.py:190} INFO - [2024-12-18T20:43:30.637+0000] {dag.py:3239} INFO - Sync 1 DAGs
[2024-12-18T20:43:30.651+0000] {logging_mixin.py:190} INFO - [2024-12-18T20:43:30.651+0000] {dag.py:4180} INFO - Setting next_dagrun for tutorial_taskflow_api to None, run_after=None
[2024-12-18T20:43:30.674+0000] {processor.py:208} INFO - Processing /home/ubuntu/demo8/lib/python3.12/site-packages/airflow/example_dags/tutorial_taskflow_api.py took 0.074 seconds
[2024-12-18T20:44:24.145+0000] {processor.py:186} INFO - Started process (PID=5057) to work on /home/ubuntu/demo8/lib/python3.12/site-packages/airflow/example_dags/tutorial_taskflow_api.py
[2024-12-18T20:44:24.146+0000] {processor.py:914} INFO - Processing file /home/ubuntu/demo8/lib/python3.12/site-packages/airflow/example_dags/tutorial_taskflow_api.py for tasks to queue
[2024-12-18T20:44:24.149+0000] {logging_mixin.py:190} INFO - [2024-12-18T20:44:24.148+0000] {dagbag.py:588} INFO - Filling up the DagBag from /home/ubuntu/demo8/lib/python3.12/site-packages/airflow/example_dags/tutorial_taskflow_api.py
[2024-12-18T20:44:24.159+0000] {processor.py:925} INFO - DAG(s) 'tutorial_taskflow_api' retrieved from /home/ubuntu/demo8/lib/python3.12/site-packages/airflow/example_dags/tutorial_taskflow_api.py
[2024-12-18T20:44:24.176+0000] {logging_mixin.py:190} INFO - [2024-12-18T20:44:24.176+0000] {dag.py:3239} INFO - Sync 1 DAGs
[2024-12-18T20:44:24.190+0000] {logging_mixin.py:190} INFO - [2024-12-18T20:44:24.190+0000] {dag.py:4180} INFO - Setting next_dagrun for tutorial_taskflow_api to None, run_after=None
[2024-12-18T20:44:24.214+0000] {processor.py:208} INFO - Processing /home/ubuntu/demo8/lib/python3.12/site-packages/airflow/example_dags/tutorial_taskflow_api.py took 0.076 seconds
[2024-12-18T20:45:17.618+0000] {processor.py:186} INFO - Started process (PID=5179) to work on /home/ubuntu/demo8/lib/python3.12/site-packages/airflow/example_dags/tutorial_taskflow_api.py
[2024-12-18T20:45:17.621+0000] {processor.py:914} INFO - Processing file /home/ubuntu/demo8/lib/python3.12/site-packages/airflow/example_dags/tutorial_taskflow_api.py for tasks to queue
[2024-12-18T20:45:17.625+0000] {logging_mixin.py:190} INFO - [2024-12-18T20:45:17.625+0000] {dagbag.py:588} INFO - Filling up the DagBag from /home/ubuntu/demo8/lib/python3.12/site-packages/airflow/example_dags/tutorial_taskflow_api.py
[2024-12-18T20:45:17.636+0000] {processor.py:925} INFO - DAG(s) 'tutorial_taskflow_api' retrieved from /home/ubuntu/demo8/lib/python3.12/site-packages/airflow/example_dags/tutorial_taskflow_api.py
[2024-12-18T20:45:17.653+0000] {logging_mixin.py:190} INFO - [2024-12-18T20:45:17.653+0000] {dag.py:3239} INFO - Sync 1 DAGs
[2024-12-18T20:45:17.668+0000] {logging_mixin.py:190} INFO - [2024-12-18T20:45:17.667+0000] {dag.py:4180} INFO - Setting next_dagrun for tutorial_taskflow_api to None, run_after=None
[2024-12-18T20:45:17.691+0000] {processor.py:208} INFO - Processing /home/ubuntu/demo8/lib/python3.12/site-packages/airflow/example_dags/tutorial_taskflow_api.py took 0.084 seconds
[2024-12-18T20:47:01.405+0000] {processor.py:186} INFO - Started process (PID=5690) to work on /home/ubuntu/demo8/lib/python3.12/site-packages/airflow/example_dags/tutorial_taskflow_api.py
[2024-12-18T20:47:01.409+0000] {processor.py:914} INFO - Processing file /home/ubuntu/demo8/lib/python3.12/site-packages/airflow/example_dags/tutorial_taskflow_api.py for tasks to queue
[2024-12-18T20:47:01.428+0000] {logging_mixin.py:190} INFO - [2024-12-18T20:47:01.423+0000] {dagbag.py:588} INFO - Filling up the DagBag from /home/ubuntu/demo8/lib/python3.12/site-packages/airflow/example_dags/tutorial_taskflow_api.py
[2024-12-18T20:47:01.454+0000] {processor.py:925} INFO - DAG(s) 'tutorial_taskflow_api' retrieved from /home/ubuntu/demo8/lib/python3.12/site-packages/airflow/example_dags/tutorial_taskflow_api.py
[2024-12-18T20:47:01.540+0000] {logging_mixin.py:190} INFO - [2024-12-18T20:47:01.539+0000] {dag.py:3239} INFO - Sync 1 DAGs
[2024-12-18T20:47:01.557+0000] {logging_mixin.py:190} INFO - [2024-12-18T20:47:01.557+0000] {dag.py:4180} INFO - Setting next_dagrun for tutorial_taskflow_api to None, run_after=None
[2024-12-18T20:47:01.582+0000] {processor.py:208} INFO - Processing /home/ubuntu/demo8/lib/python3.12/site-packages/airflow/example_dags/tutorial_taskflow_api.py took 0.240 seconds
[2024-12-18T20:47:59.892+0000] {processor.py:186} INFO - Started process (PID=5929) to work on /home/ubuntu/demo8/lib/python3.12/site-packages/airflow/example_dags/tutorial_taskflow_api.py
[2024-12-18T20:47:59.893+0000] {processor.py:914} INFO - Processing file /home/ubuntu/demo8/lib/python3.12/site-packages/airflow/example_dags/tutorial_taskflow_api.py for tasks to queue
[2024-12-18T20:47:59.896+0000] {logging_mixin.py:190} INFO - [2024-12-18T20:47:59.896+0000] {dagbag.py:588} INFO - Filling up the DagBag from /home/ubuntu/demo8/lib/python3.12/site-packages/airflow/example_dags/tutorial_taskflow_api.py
[2024-12-18T20:47:59.906+0000] {processor.py:925} INFO - DAG(s) 'tutorial_taskflow_api' retrieved from /home/ubuntu/demo8/lib/python3.12/site-packages/airflow/example_dags/tutorial_taskflow_api.py
[2024-12-18T20:47:59.923+0000] {logging_mixin.py:190} INFO - [2024-12-18T20:47:59.923+0000] {dag.py:3239} INFO - Sync 1 DAGs
[2024-12-18T20:47:59.938+0000] {logging_mixin.py:190} INFO - [2024-12-18T20:47:59.938+0000] {dag.py:4180} INFO - Setting next_dagrun for tutorial_taskflow_api to None, run_after=None
[2024-12-18T20:47:59.960+0000] {processor.py:208} INFO - Processing /home/ubuntu/demo8/lib/python3.12/site-packages/airflow/example_dags/tutorial_taskflow_api.py took 0.074 seconds
[2024-12-18T20:48:58.179+0000] {processor.py:186} INFO - Started process (PID=6411) to work on /home/ubuntu/demo8/lib/python3.12/site-packages/airflow/example_dags/tutorial_taskflow_api.py
[2024-12-18T20:48:58.181+0000] {processor.py:914} INFO - Processing file /home/ubuntu/demo8/lib/python3.12/site-packages/airflow/example_dags/tutorial_taskflow_api.py for tasks to queue
[2024-12-18T20:48:58.183+0000] {logging_mixin.py:190} INFO - [2024-12-18T20:48:58.183+0000] {dagbag.py:588} INFO - Filling up the DagBag from /home/ubuntu/demo8/lib/python3.12/site-packages/airflow/example_dags/tutorial_taskflow_api.py
[2024-12-18T20:48:58.194+0000] {processor.py:925} INFO - DAG(s) 'tutorial_taskflow_api' retrieved from /home/ubuntu/demo8/lib/python3.12/site-packages/airflow/example_dags/tutorial_taskflow_api.py
[2024-12-18T20:48:58.212+0000] {logging_mixin.py:190} INFO - [2024-12-18T20:48:58.211+0000] {dag.py:3239} INFO - Sync 1 DAGs
[2024-12-18T20:48:58.230+0000] {logging_mixin.py:190} INFO - [2024-12-18T20:48:58.230+0000] {dag.py:4180} INFO - Setting next_dagrun for tutorial_taskflow_api to None, run_after=None
[2024-12-18T20:48:58.261+0000] {processor.py:208} INFO - Processing /home/ubuntu/demo8/lib/python3.12/site-packages/airflow/example_dags/tutorial_taskflow_api.py took 0.089 seconds
[2024-12-18T20:49:52.031+0000] {processor.py:186} INFO - Started process (PID=6465) to work on /home/ubuntu/demo8/lib/python3.12/site-packages/airflow/example_dags/tutorial_taskflow_api.py
[2024-12-18T20:49:52.033+0000] {processor.py:914} INFO - Processing file /home/ubuntu/demo8/lib/python3.12/site-packages/airflow/example_dags/tutorial_taskflow_api.py for tasks to queue
[2024-12-18T20:49:52.035+0000] {logging_mixin.py:190} INFO - [2024-12-18T20:49:52.035+0000] {dagbag.py:588} INFO - Filling up the DagBag from /home/ubuntu/demo8/lib/python3.12/site-packages/airflow/example_dags/tutorial_taskflow_api.py
[2024-12-18T20:49:52.045+0000] {processor.py:925} INFO - DAG(s) 'tutorial_taskflow_api' retrieved from /home/ubuntu/demo8/lib/python3.12/site-packages/airflow/example_dags/tutorial_taskflow_api.py
[2024-12-18T20:49:52.063+0000] {logging_mixin.py:190} INFO - [2024-12-18T20:49:52.062+0000] {dag.py:3239} INFO - Sync 1 DAGs
[2024-12-18T20:49:52.077+0000] {logging_mixin.py:190} INFO - [2024-12-18T20:49:52.077+0000] {dag.py:4180} INFO - Setting next_dagrun for tutorial_taskflow_api to None, run_after=None
[2024-12-18T20:49:52.101+0000] {processor.py:208} INFO - Processing /home/ubuntu/demo8/lib/python3.12/site-packages/airflow/example_dags/tutorial_taskflow_api.py took 0.076 seconds
[2024-12-18T20:50:49.478+0000] {processor.py:186} INFO - Started process (PID=6829) to work on /home/ubuntu/demo8/lib/python3.12/site-packages/airflow/example_dags/tutorial_taskflow_api.py
[2024-12-18T20:50:49.480+0000] {processor.py:914} INFO - Processing file /home/ubuntu/demo8/lib/python3.12/site-packages/airflow/example_dags/tutorial_taskflow_api.py for tasks to queue
[2024-12-18T20:50:49.482+0000] {logging_mixin.py:190} INFO - [2024-12-18T20:50:49.482+0000] {dagbag.py:588} INFO - Filling up the DagBag from /home/ubuntu/demo8/lib/python3.12/site-packages/airflow/example_dags/tutorial_taskflow_api.py
[2024-12-18T20:50:49.492+0000] {processor.py:925} INFO - DAG(s) 'tutorial_taskflow_api' retrieved from /home/ubuntu/demo8/lib/python3.12/site-packages/airflow/example_dags/tutorial_taskflow_api.py
[2024-12-18T20:50:49.512+0000] {logging_mixin.py:190} INFO - [2024-12-18T20:50:49.512+0000] {dag.py:3239} INFO - Sync 1 DAGs
[2024-12-18T20:50:49.526+0000] {logging_mixin.py:190} INFO - [2024-12-18T20:50:49.525+0000] {dag.py:4180} INFO - Setting next_dagrun for tutorial_taskflow_api to None, run_after=None
[2024-12-18T20:50:49.552+0000] {processor.py:208} INFO - Processing /home/ubuntu/demo8/lib/python3.12/site-packages/airflow/example_dags/tutorial_taskflow_api.py took 0.081 seconds
[2024-12-18T20:51:41.210+0000] {processor.py:186} INFO - Started process (PID=7057) to work on /home/ubuntu/demo8/lib/python3.12/site-packages/airflow/example_dags/tutorial_taskflow_api.py
[2024-12-18T20:51:41.211+0000] {processor.py:914} INFO - Processing file /home/ubuntu/demo8/lib/python3.12/site-packages/airflow/example_dags/tutorial_taskflow_api.py for tasks to queue
[2024-12-18T20:51:41.214+0000] {logging_mixin.py:190} INFO - [2024-12-18T20:51:41.213+0000] {dagbag.py:588} INFO - Filling up the DagBag from /home/ubuntu/demo8/lib/python3.12/site-packages/airflow/example_dags/tutorial_taskflow_api.py
[2024-12-18T20:51:41.223+0000] {processor.py:925} INFO - DAG(s) 'tutorial_taskflow_api' retrieved from /home/ubuntu/demo8/lib/python3.12/site-packages/airflow/example_dags/tutorial_taskflow_api.py
[2024-12-18T20:51:41.239+0000] {logging_mixin.py:190} INFO - [2024-12-18T20:51:41.239+0000] {dag.py:3239} INFO - Sync 1 DAGs
[2024-12-18T20:51:41.253+0000] {logging_mixin.py:190} INFO - [2024-12-18T20:51:41.253+0000] {dag.py:4180} INFO - Setting next_dagrun for tutorial_taskflow_api to None, run_after=None
[2024-12-18T20:51:41.276+0000] {processor.py:208} INFO - Processing /home/ubuntu/demo8/lib/python3.12/site-packages/airflow/example_dags/tutorial_taskflow_api.py took 0.072 seconds
