[2024-12-18T15:44:13.440+0000] {processor.py:186} INFO - Started process (PID=3642) to work on /home/ubuntu/demo8/lib/python3.12/site-packages/airflow/example_dags/tutorial_objectstorage.py
[2024-12-18T15:44:13.441+0000] {processor.py:914} INFO - Processing file /home/ubuntu/demo8/lib/python3.12/site-packages/airflow/example_dags/tutorial_objectstorage.py for tasks to queue
[2024-12-18T15:44:13.443+0000] {logging_mixin.py:190} INFO - [2024-12-18T15:44:13.443+0000] {dagbag.py:588} INFO - Filling up the DagBag from /home/ubuntu/demo8/lib/python3.12/site-packages/airflow/example_dags/tutorial_objectstorage.py
[2024-12-18T15:44:13.454+0000] {processor.py:925} INFO - DAG(s) 'tutorial_objectstorage' retrieved from /home/ubuntu/demo8/lib/python3.12/site-packages/airflow/example_dags/tutorial_objectstorage.py
[2024-12-18T15:44:13.573+0000] {logging_mixin.py:190} INFO - [2024-12-18T15:44:13.572+0000] {override.py:1911} INFO - Created Permission View: can read on DAG:tutorial_objectstorage
[2024-12-18T15:44:13.585+0000] {logging_mixin.py:190} INFO - [2024-12-18T15:44:13.585+0000] {override.py:1911} INFO - Created Permission View: can delete on DAG:tutorial_objectstorage
[2024-12-18T15:44:13.594+0000] {logging_mixin.py:190} INFO - [2024-12-18T15:44:13.594+0000] {override.py:1911} INFO - Created Permission View: can edit on DAG:tutorial_objectstorage
[2024-12-18T15:44:13.609+0000] {logging_mixin.py:190} INFO - [2024-12-18T15:44:13.609+0000] {override.py:1911} INFO - Created Permission View: can create on DAG Run:tutorial_objectstorage
[2024-12-18T15:44:13.618+0000] {logging_mixin.py:190} INFO - [2024-12-18T15:44:13.618+0000] {override.py:1911} INFO - Created Permission View: can read on DAG Run:tutorial_objectstorage
[2024-12-18T15:44:13.627+0000] {logging_mixin.py:190} INFO - [2024-12-18T15:44:13.627+0000] {override.py:1911} INFO - Created Permission View: menu access on DAG Run:tutorial_objectstorage
[2024-12-18T15:44:13.636+0000] {logging_mixin.py:190} INFO - [2024-12-18T15:44:13.635+0000] {override.py:1911} INFO - Created Permission View: can delete on DAG Run:tutorial_objectstorage
[2024-12-18T15:44:13.636+0000] {logging_mixin.py:190} INFO - [2024-12-18T15:44:13.636+0000] {dag.py:3239} INFO - Sync 1 DAGs
[2024-12-18T15:44:13.650+0000] {logging_mixin.py:190} INFO - [2024-12-18T15:44:13.649+0000] {dag.py:3262} INFO - Creating ORM DAG for tutorial_objectstorage
[2024-12-18T15:44:13.650+0000] {logging_mixin.py:190} INFO - [2024-12-18T15:44:13.650+0000] {dag.py:4180} INFO - Setting next_dagrun for tutorial_objectstorage to None, run_after=None
[2024-12-18T15:44:13.671+0000] {processor.py:208} INFO - Processing /home/ubuntu/demo8/lib/python3.12/site-packages/airflow/example_dags/tutorial_objectstorage.py took 0.236 seconds
[2024-12-18T15:45:23.725+0000] {processor.py:186} INFO - Started process (PID=3739) to work on /home/ubuntu/demo8/lib/python3.12/site-packages/airflow/example_dags/tutorial_objectstorage.py
[2024-12-18T15:45:23.727+0000] {processor.py:914} INFO - Processing file /home/ubuntu/demo8/lib/python3.12/site-packages/airflow/example_dags/tutorial_objectstorage.py for tasks to queue
[2024-12-18T15:45:23.729+0000] {logging_mixin.py:190} INFO - [2024-12-18T15:45:23.728+0000] {dagbag.py:588} INFO - Filling up the DagBag from /home/ubuntu/demo8/lib/python3.12/site-packages/airflow/example_dags/tutorial_objectstorage.py
[2024-12-18T15:45:23.740+0000] {processor.py:925} INFO - DAG(s) 'tutorial_objectstorage' retrieved from /home/ubuntu/demo8/lib/python3.12/site-packages/airflow/example_dags/tutorial_objectstorage.py
[2024-12-18T15:45:23.756+0000] {logging_mixin.py:190} INFO - [2024-12-18T15:45:23.756+0000] {dag.py:3239} INFO - Sync 1 DAGs
[2024-12-18T15:45:23.770+0000] {logging_mixin.py:190} INFO - [2024-12-18T15:45:23.770+0000] {dag.py:4180} INFO - Setting next_dagrun for tutorial_objectstorage to None, run_after=None
[2024-12-18T15:45:23.794+0000] {processor.py:208} INFO - Processing /home/ubuntu/demo8/lib/python3.12/site-packages/airflow/example_dags/tutorial_objectstorage.py took 0.075 seconds
[2024-12-18T15:46:21.418+0000] {processor.py:186} INFO - Started process (PID=3798) to work on /home/ubuntu/demo8/lib/python3.12/site-packages/airflow/example_dags/tutorial_objectstorage.py
[2024-12-18T15:46:21.420+0000] {processor.py:914} INFO - Processing file /home/ubuntu/demo8/lib/python3.12/site-packages/airflow/example_dags/tutorial_objectstorage.py for tasks to queue
[2024-12-18T15:46:21.422+0000] {logging_mixin.py:190} INFO - [2024-12-18T15:46:21.422+0000] {dagbag.py:588} INFO - Filling up the DagBag from /home/ubuntu/demo8/lib/python3.12/site-packages/airflow/example_dags/tutorial_objectstorage.py
[2024-12-18T15:46:21.433+0000] {processor.py:925} INFO - DAG(s) 'tutorial_objectstorage' retrieved from /home/ubuntu/demo8/lib/python3.12/site-packages/airflow/example_dags/tutorial_objectstorage.py
[2024-12-18T15:46:21.449+0000] {logging_mixin.py:190} INFO - [2024-12-18T15:46:21.449+0000] {dag.py:3239} INFO - Sync 1 DAGs
[2024-12-18T15:46:21.463+0000] {logging_mixin.py:190} INFO - [2024-12-18T15:46:21.463+0000] {dag.py:4180} INFO - Setting next_dagrun for tutorial_objectstorage to None, run_after=None
[2024-12-18T15:46:21.485+0000] {processor.py:208} INFO - Processing /home/ubuntu/demo8/lib/python3.12/site-packages/airflow/example_dags/tutorial_objectstorage.py took 0.073 seconds
[2024-12-18T15:47:16.182+0000] {processor.py:186} INFO - Started process (PID=4263) to work on /home/ubuntu/demo8/lib/python3.12/site-packages/airflow/example_dags/tutorial_objectstorage.py
[2024-12-18T15:47:16.183+0000] {processor.py:914} INFO - Processing file /home/ubuntu/demo8/lib/python3.12/site-packages/airflow/example_dags/tutorial_objectstorage.py for tasks to queue
[2024-12-18T15:47:16.185+0000] {logging_mixin.py:190} INFO - [2024-12-18T15:47:16.185+0000] {dagbag.py:588} INFO - Filling up the DagBag from /home/ubuntu/demo8/lib/python3.12/site-packages/airflow/example_dags/tutorial_objectstorage.py
[2024-12-18T15:47:16.196+0000] {processor.py:925} INFO - DAG(s) 'tutorial_objectstorage' retrieved from /home/ubuntu/demo8/lib/python3.12/site-packages/airflow/example_dags/tutorial_objectstorage.py
[2024-12-18T15:47:16.212+0000] {logging_mixin.py:190} INFO - [2024-12-18T15:47:16.212+0000] {dag.py:3239} INFO - Sync 1 DAGs
[2024-12-18T15:47:16.226+0000] {logging_mixin.py:190} INFO - [2024-12-18T15:47:16.226+0000] {dag.py:4180} INFO - Setting next_dagrun for tutorial_objectstorage to None, run_after=None
[2024-12-18T15:47:16.254+0000] {processor.py:208} INFO - Processing /home/ubuntu/demo8/lib/python3.12/site-packages/airflow/example_dags/tutorial_objectstorage.py took 0.078 seconds
[2024-12-18T15:48:12.333+0000] {processor.py:186} INFO - Started process (PID=4319) to work on /home/ubuntu/demo8/lib/python3.12/site-packages/airflow/example_dags/tutorial_objectstorage.py
[2024-12-18T15:48:12.335+0000] {processor.py:914} INFO - Processing file /home/ubuntu/demo8/lib/python3.12/site-packages/airflow/example_dags/tutorial_objectstorage.py for tasks to queue
[2024-12-18T15:48:12.337+0000] {logging_mixin.py:190} INFO - [2024-12-18T15:48:12.337+0000] {dagbag.py:588} INFO - Filling up the DagBag from /home/ubuntu/demo8/lib/python3.12/site-packages/airflow/example_dags/tutorial_objectstorage.py
[2024-12-18T15:48:12.348+0000] {processor.py:925} INFO - DAG(s) 'tutorial_objectstorage' retrieved from /home/ubuntu/demo8/lib/python3.12/site-packages/airflow/example_dags/tutorial_objectstorage.py
[2024-12-18T15:48:12.364+0000] {logging_mixin.py:190} INFO - [2024-12-18T15:48:12.364+0000] {dag.py:3239} INFO - Sync 1 DAGs
[2024-12-18T15:48:12.378+0000] {logging_mixin.py:190} INFO - [2024-12-18T15:48:12.378+0000] {dag.py:4180} INFO - Setting next_dagrun for tutorial_objectstorage to None, run_after=None
[2024-12-18T15:48:12.401+0000] {processor.py:208} INFO - Processing /home/ubuntu/demo8/lib/python3.12/site-packages/airflow/example_dags/tutorial_objectstorage.py took 0.074 seconds
[2024-12-18T15:49:04.473+0000] {processor.py:186} INFO - Started process (PID=4373) to work on /home/ubuntu/demo8/lib/python3.12/site-packages/airflow/example_dags/tutorial_objectstorage.py
[2024-12-18T15:49:04.475+0000] {processor.py:914} INFO - Processing file /home/ubuntu/demo8/lib/python3.12/site-packages/airflow/example_dags/tutorial_objectstorage.py for tasks to queue
[2024-12-18T15:49:04.477+0000] {logging_mixin.py:190} INFO - [2024-12-18T15:49:04.477+0000] {dagbag.py:588} INFO - Filling up the DagBag from /home/ubuntu/demo8/lib/python3.12/site-packages/airflow/example_dags/tutorial_objectstorage.py
[2024-12-18T15:49:04.488+0000] {processor.py:925} INFO - DAG(s) 'tutorial_objectstorage' retrieved from /home/ubuntu/demo8/lib/python3.12/site-packages/airflow/example_dags/tutorial_objectstorage.py
[2024-12-18T15:49:04.504+0000] {logging_mixin.py:190} INFO - [2024-12-18T15:49:04.504+0000] {dag.py:3239} INFO - Sync 1 DAGs
[2024-12-18T15:49:04.633+0000] {logging_mixin.py:190} INFO - [2024-12-18T15:49:04.633+0000] {dag.py:4180} INFO - Setting next_dagrun for tutorial_objectstorage to None, run_after=None
[2024-12-18T15:49:04.654+0000] {processor.py:208} INFO - Processing /home/ubuntu/demo8/lib/python3.12/site-packages/airflow/example_dags/tutorial_objectstorage.py took 0.186 seconds
[2024-12-18T15:49:44.351+0000] {processor.py:186} INFO - Started process (PID=4408) to work on /home/ubuntu/demo8/lib/python3.12/site-packages/airflow/example_dags/tutorial_objectstorage.py
[2024-12-18T15:49:44.353+0000] {processor.py:914} INFO - Processing file /home/ubuntu/demo8/lib/python3.12/site-packages/airflow/example_dags/tutorial_objectstorage.py for tasks to queue
[2024-12-18T15:49:44.355+0000] {logging_mixin.py:190} INFO - [2024-12-18T15:49:44.354+0000] {dagbag.py:588} INFO - Filling up the DagBag from /home/ubuntu/demo8/lib/python3.12/site-packages/airflow/example_dags/tutorial_objectstorage.py
[2024-12-18T15:49:44.365+0000] {processor.py:925} INFO - DAG(s) 'tutorial_objectstorage' retrieved from /home/ubuntu/demo8/lib/python3.12/site-packages/airflow/example_dags/tutorial_objectstorage.py
[2024-12-18T15:49:44.382+0000] {logging_mixin.py:190} INFO - [2024-12-18T15:49:44.382+0000] {dag.py:3239} INFO - Sync 1 DAGs
[2024-12-18T15:49:44.396+0000] {logging_mixin.py:190} INFO - [2024-12-18T15:49:44.396+0000] {dag.py:4180} INFO - Setting next_dagrun for tutorial_objectstorage to None, run_after=None
[2024-12-18T15:49:44.427+0000] {processor.py:208} INFO - Processing /home/ubuntu/demo8/lib/python3.12/site-packages/airflow/example_dags/tutorial_objectstorage.py took 0.082 seconds
[2024-12-18T15:50:41.516+0000] {processor.py:186} INFO - Started process (PID=4474) to work on /home/ubuntu/demo8/lib/python3.12/site-packages/airflow/example_dags/tutorial_objectstorage.py
[2024-12-18T15:50:41.518+0000] {processor.py:914} INFO - Processing file /home/ubuntu/demo8/lib/python3.12/site-packages/airflow/example_dags/tutorial_objectstorage.py for tasks to queue
[2024-12-18T15:50:41.520+0000] {logging_mixin.py:190} INFO - [2024-12-18T15:50:41.520+0000] {dagbag.py:588} INFO - Filling up the DagBag from /home/ubuntu/demo8/lib/python3.12/site-packages/airflow/example_dags/tutorial_objectstorage.py
[2024-12-18T15:50:41.532+0000] {processor.py:925} INFO - DAG(s) 'tutorial_objectstorage' retrieved from /home/ubuntu/demo8/lib/python3.12/site-packages/airflow/example_dags/tutorial_objectstorage.py
[2024-12-18T15:50:41.549+0000] {logging_mixin.py:190} INFO - [2024-12-18T15:50:41.549+0000] {dag.py:3239} INFO - Sync 1 DAGs
[2024-12-18T15:50:41.564+0000] {logging_mixin.py:190} INFO - [2024-12-18T15:50:41.564+0000] {dag.py:4180} INFO - Setting next_dagrun for tutorial_objectstorage to None, run_after=None
[2024-12-18T15:50:41.588+0000] {processor.py:208} INFO - Processing /home/ubuntu/demo8/lib/python3.12/site-packages/airflow/example_dags/tutorial_objectstorage.py took 0.078 seconds
[2024-12-18T15:51:35.811+0000] {processor.py:186} INFO - Started process (PID=4537) to work on /home/ubuntu/demo8/lib/python3.12/site-packages/airflow/example_dags/tutorial_objectstorage.py
[2024-12-18T15:51:35.812+0000] {processor.py:914} INFO - Processing file /home/ubuntu/demo8/lib/python3.12/site-packages/airflow/example_dags/tutorial_objectstorage.py for tasks to queue
[2024-12-18T15:51:35.815+0000] {logging_mixin.py:190} INFO - [2024-12-18T15:51:35.814+0000] {dagbag.py:588} INFO - Filling up the DagBag from /home/ubuntu/demo8/lib/python3.12/site-packages/airflow/example_dags/tutorial_objectstorage.py
[2024-12-18T15:51:35.826+0000] {processor.py:925} INFO - DAG(s) 'tutorial_objectstorage' retrieved from /home/ubuntu/demo8/lib/python3.12/site-packages/airflow/example_dags/tutorial_objectstorage.py
[2024-12-18T15:51:35.843+0000] {logging_mixin.py:190} INFO - [2024-12-18T15:51:35.843+0000] {dag.py:3239} INFO - Sync 1 DAGs
[2024-12-18T15:51:35.857+0000] {logging_mixin.py:190} INFO - [2024-12-18T15:51:35.857+0000] {dag.py:4180} INFO - Setting next_dagrun for tutorial_objectstorage to None, run_after=None
[2024-12-18T15:51:35.880+0000] {processor.py:208} INFO - Processing /home/ubuntu/demo8/lib/python3.12/site-packages/airflow/example_dags/tutorial_objectstorage.py took 0.076 seconds
[2024-12-18T15:52:30.753+0000] {processor.py:186} INFO - Started process (PID=4593) to work on /home/ubuntu/demo8/lib/python3.12/site-packages/airflow/example_dags/tutorial_objectstorage.py
[2024-12-18T15:52:30.754+0000] {processor.py:914} INFO - Processing file /home/ubuntu/demo8/lib/python3.12/site-packages/airflow/example_dags/tutorial_objectstorage.py for tasks to queue
[2024-12-18T15:52:30.757+0000] {logging_mixin.py:190} INFO - [2024-12-18T15:52:30.756+0000] {dagbag.py:588} INFO - Filling up the DagBag from /home/ubuntu/demo8/lib/python3.12/site-packages/airflow/example_dags/tutorial_objectstorage.py
[2024-12-18T15:52:30.768+0000] {processor.py:925} INFO - DAG(s) 'tutorial_objectstorage' retrieved from /home/ubuntu/demo8/lib/python3.12/site-packages/airflow/example_dags/tutorial_objectstorage.py
[2024-12-18T15:52:30.785+0000] {logging_mixin.py:190} INFO - [2024-12-18T15:52:30.785+0000] {dag.py:3239} INFO - Sync 1 DAGs
[2024-12-18T15:52:30.800+0000] {logging_mixin.py:190} INFO - [2024-12-18T15:52:30.800+0000] {dag.py:4180} INFO - Setting next_dagrun for tutorial_objectstorage to None, run_after=None
[2024-12-18T15:52:30.824+0000] {processor.py:208} INFO - Processing /home/ubuntu/demo8/lib/python3.12/site-packages/airflow/example_dags/tutorial_objectstorage.py took 0.078 seconds
[2024-12-18T15:53:25.156+0000] {processor.py:186} INFO - Started process (PID=4650) to work on /home/ubuntu/demo8/lib/python3.12/site-packages/airflow/example_dags/tutorial_objectstorage.py
[2024-12-18T15:53:25.158+0000] {processor.py:914} INFO - Processing file /home/ubuntu/demo8/lib/python3.12/site-packages/airflow/example_dags/tutorial_objectstorage.py for tasks to queue
[2024-12-18T15:53:25.160+0000] {logging_mixin.py:190} INFO - [2024-12-18T15:53:25.159+0000] {dagbag.py:588} INFO - Filling up the DagBag from /home/ubuntu/demo8/lib/python3.12/site-packages/airflow/example_dags/tutorial_objectstorage.py
[2024-12-18T15:53:25.171+0000] {processor.py:925} INFO - DAG(s) 'tutorial_objectstorage' retrieved from /home/ubuntu/demo8/lib/python3.12/site-packages/airflow/example_dags/tutorial_objectstorage.py
[2024-12-18T15:53:25.187+0000] {logging_mixin.py:190} INFO - [2024-12-18T15:53:25.187+0000] {dag.py:3239} INFO - Sync 1 DAGs
[2024-12-18T15:53:25.201+0000] {logging_mixin.py:190} INFO - [2024-12-18T15:53:25.200+0000] {dag.py:4180} INFO - Setting next_dagrun for tutorial_objectstorage to None, run_after=None
[2024-12-18T15:53:25.223+0000] {processor.py:208} INFO - Processing /home/ubuntu/demo8/lib/python3.12/site-packages/airflow/example_dags/tutorial_objectstorage.py took 0.073 seconds
[2024-12-18T15:54:32.044+0000] {processor.py:186} INFO - Started process (PID=4743) to work on /home/ubuntu/demo8/lib/python3.12/site-packages/airflow/example_dags/tutorial_objectstorage.py
[2024-12-18T15:54:32.046+0000] {processor.py:914} INFO - Processing file /home/ubuntu/demo8/lib/python3.12/site-packages/airflow/example_dags/tutorial_objectstorage.py for tasks to queue
[2024-12-18T15:54:32.049+0000] {logging_mixin.py:190} INFO - [2024-12-18T15:54:32.048+0000] {dagbag.py:588} INFO - Filling up the DagBag from /home/ubuntu/demo8/lib/python3.12/site-packages/airflow/example_dags/tutorial_objectstorage.py
[2024-12-18T15:54:32.059+0000] {processor.py:925} INFO - DAG(s) 'tutorial_objectstorage' retrieved from /home/ubuntu/demo8/lib/python3.12/site-packages/airflow/example_dags/tutorial_objectstorage.py
[2024-12-18T15:54:32.083+0000] {logging_mixin.py:190} INFO - [2024-12-18T15:54:32.083+0000] {dag.py:3239} INFO - Sync 1 DAGs
[2024-12-18T15:54:32.097+0000] {logging_mixin.py:190} INFO - [2024-12-18T15:54:32.097+0000] {dag.py:4180} INFO - Setting next_dagrun for tutorial_objectstorage to None, run_after=None
[2024-12-18T15:54:32.121+0000] {processor.py:208} INFO - Processing /home/ubuntu/demo8/lib/python3.12/site-packages/airflow/example_dags/tutorial_objectstorage.py took 0.083 seconds
[2024-12-18T15:55:28.454+0000] {processor.py:186} INFO - Started process (PID=4804) to work on /home/ubuntu/demo8/lib/python3.12/site-packages/airflow/example_dags/tutorial_objectstorage.py
[2024-12-18T15:55:28.456+0000] {processor.py:914} INFO - Processing file /home/ubuntu/demo8/lib/python3.12/site-packages/airflow/example_dags/tutorial_objectstorage.py for tasks to queue
[2024-12-18T15:55:28.460+0000] {logging_mixin.py:190} INFO - [2024-12-18T15:55:28.460+0000] {dagbag.py:588} INFO - Filling up the DagBag from /home/ubuntu/demo8/lib/python3.12/site-packages/airflow/example_dags/tutorial_objectstorage.py
[2024-12-18T15:55:28.471+0000] {processor.py:925} INFO - DAG(s) 'tutorial_objectstorage' retrieved from /home/ubuntu/demo8/lib/python3.12/site-packages/airflow/example_dags/tutorial_objectstorage.py
[2024-12-18T15:55:28.489+0000] {logging_mixin.py:190} INFO - [2024-12-18T15:55:28.488+0000] {dag.py:3239} INFO - Sync 1 DAGs
[2024-12-18T15:55:28.503+0000] {logging_mixin.py:190} INFO - [2024-12-18T15:55:28.503+0000] {dag.py:4180} INFO - Setting next_dagrun for tutorial_objectstorage to None, run_after=None
[2024-12-18T15:55:28.526+0000] {processor.py:208} INFO - Processing /home/ubuntu/demo8/lib/python3.12/site-packages/airflow/example_dags/tutorial_objectstorage.py took 0.086 seconds
[2024-12-18T15:56:22.044+0000] {processor.py:186} INFO - Started process (PID=4861) to work on /home/ubuntu/demo8/lib/python3.12/site-packages/airflow/example_dags/tutorial_objectstorage.py
[2024-12-18T15:56:22.046+0000] {processor.py:914} INFO - Processing file /home/ubuntu/demo8/lib/python3.12/site-packages/airflow/example_dags/tutorial_objectstorage.py for tasks to queue
[2024-12-18T15:56:22.051+0000] {logging_mixin.py:190} INFO - [2024-12-18T15:56:22.051+0000] {dagbag.py:588} INFO - Filling up the DagBag from /home/ubuntu/demo8/lib/python3.12/site-packages/airflow/example_dags/tutorial_objectstorage.py
[2024-12-18T15:56:22.067+0000] {processor.py:925} INFO - DAG(s) 'tutorial_objectstorage' retrieved from /home/ubuntu/demo8/lib/python3.12/site-packages/airflow/example_dags/tutorial_objectstorage.py
[2024-12-18T15:56:22.083+0000] {logging_mixin.py:190} INFO - [2024-12-18T15:56:22.082+0000] {dag.py:3239} INFO - Sync 1 DAGs
[2024-12-18T15:56:22.096+0000] {logging_mixin.py:190} INFO - [2024-12-18T15:56:22.096+0000] {dag.py:4180} INFO - Setting next_dagrun for tutorial_objectstorage to None, run_after=None
[2024-12-18T15:56:22.119+0000] {processor.py:208} INFO - Processing /home/ubuntu/demo8/lib/python3.12/site-packages/airflow/example_dags/tutorial_objectstorage.py took 0.081 seconds
[2024-12-18T15:56:59.566+0000] {processor.py:186} INFO - Started process (PID=4893) to work on /home/ubuntu/demo8/lib/python3.12/site-packages/airflow/example_dags/tutorial_objectstorage.py
[2024-12-18T15:56:59.568+0000] {processor.py:914} INFO - Processing file /home/ubuntu/demo8/lib/python3.12/site-packages/airflow/example_dags/tutorial_objectstorage.py for tasks to queue
[2024-12-18T15:56:59.570+0000] {logging_mixin.py:190} INFO - [2024-12-18T15:56:59.570+0000] {dagbag.py:588} INFO - Filling up the DagBag from /home/ubuntu/demo8/lib/python3.12/site-packages/airflow/example_dags/tutorial_objectstorage.py
[2024-12-18T15:56:59.581+0000] {processor.py:925} INFO - DAG(s) 'tutorial_objectstorage' retrieved from /home/ubuntu/demo8/lib/python3.12/site-packages/airflow/example_dags/tutorial_objectstorage.py
[2024-12-18T15:56:59.605+0000] {logging_mixin.py:190} INFO - [2024-12-18T15:56:59.605+0000] {dag.py:3239} INFO - Sync 1 DAGs
[2024-12-18T15:56:59.619+0000] {logging_mixin.py:190} INFO - [2024-12-18T15:56:59.618+0000] {dag.py:4180} INFO - Setting next_dagrun for tutorial_objectstorage to None, run_after=None
[2024-12-18T15:56:59.649+0000] {processor.py:208} INFO - Processing /home/ubuntu/demo8/lib/python3.12/site-packages/airflow/example_dags/tutorial_objectstorage.py took 0.088 seconds
[2024-12-18T15:57:55.966+0000] {processor.py:186} INFO - Started process (PID=4951) to work on /home/ubuntu/demo8/lib/python3.12/site-packages/airflow/example_dags/tutorial_objectstorage.py
[2024-12-18T15:57:55.968+0000] {processor.py:914} INFO - Processing file /home/ubuntu/demo8/lib/python3.12/site-packages/airflow/example_dags/tutorial_objectstorage.py for tasks to queue
[2024-12-18T15:57:55.970+0000] {logging_mixin.py:190} INFO - [2024-12-18T15:57:55.969+0000] {dagbag.py:588} INFO - Filling up the DagBag from /home/ubuntu/demo8/lib/python3.12/site-packages/airflow/example_dags/tutorial_objectstorage.py
[2024-12-18T15:57:55.980+0000] {processor.py:925} INFO - DAG(s) 'tutorial_objectstorage' retrieved from /home/ubuntu/demo8/lib/python3.12/site-packages/airflow/example_dags/tutorial_objectstorage.py
[2024-12-18T15:57:55.997+0000] {logging_mixin.py:190} INFO - [2024-12-18T15:57:55.996+0000] {dag.py:3239} INFO - Sync 1 DAGs
[2024-12-18T15:57:56.011+0000] {logging_mixin.py:190} INFO - [2024-12-18T15:57:56.010+0000] {dag.py:4180} INFO - Setting next_dagrun for tutorial_objectstorage to None, run_after=None
[2024-12-18T15:57:56.035+0000] {processor.py:208} INFO - Processing /home/ubuntu/demo8/lib/python3.12/site-packages/airflow/example_dags/tutorial_objectstorage.py took 0.075 seconds
[2024-12-18T15:58:49.566+0000] {processor.py:186} INFO - Started process (PID=5006) to work on /home/ubuntu/demo8/lib/python3.12/site-packages/airflow/example_dags/tutorial_objectstorage.py
[2024-12-18T15:58:49.568+0000] {processor.py:914} INFO - Processing file /home/ubuntu/demo8/lib/python3.12/site-packages/airflow/example_dags/tutorial_objectstorage.py for tasks to queue
[2024-12-18T15:58:49.570+0000] {logging_mixin.py:190} INFO - [2024-12-18T15:58:49.569+0000] {dagbag.py:588} INFO - Filling up the DagBag from /home/ubuntu/demo8/lib/python3.12/site-packages/airflow/example_dags/tutorial_objectstorage.py
[2024-12-18T15:58:49.581+0000] {processor.py:925} INFO - DAG(s) 'tutorial_objectstorage' retrieved from /home/ubuntu/demo8/lib/python3.12/site-packages/airflow/example_dags/tutorial_objectstorage.py
[2024-12-18T15:58:49.597+0000] {logging_mixin.py:190} INFO - [2024-12-18T15:58:49.597+0000] {dag.py:3239} INFO - Sync 1 DAGs
[2024-12-18T15:58:49.611+0000] {logging_mixin.py:190} INFO - [2024-12-18T15:58:49.611+0000] {dag.py:4180} INFO - Setting next_dagrun for tutorial_objectstorage to None, run_after=None
[2024-12-18T15:58:49.634+0000] {processor.py:208} INFO - Processing /home/ubuntu/demo8/lib/python3.12/site-packages/airflow/example_dags/tutorial_objectstorage.py took 0.074 seconds
[2024-12-18T15:59:58.382+0000] {processor.py:186} INFO - Started process (PID=5074) to work on /home/ubuntu/demo8/lib/python3.12/site-packages/airflow/example_dags/tutorial_objectstorage.py
[2024-12-18T15:59:58.384+0000] {processor.py:914} INFO - Processing file /home/ubuntu/demo8/lib/python3.12/site-packages/airflow/example_dags/tutorial_objectstorage.py for tasks to queue
[2024-12-18T15:59:58.387+0000] {logging_mixin.py:190} INFO - [2024-12-18T15:59:58.386+0000] {dagbag.py:588} INFO - Filling up the DagBag from /home/ubuntu/demo8/lib/python3.12/site-packages/airflow/example_dags/tutorial_objectstorage.py
[2024-12-18T15:59:58.397+0000] {processor.py:925} INFO - DAG(s) 'tutorial_objectstorage' retrieved from /home/ubuntu/demo8/lib/python3.12/site-packages/airflow/example_dags/tutorial_objectstorage.py
[2024-12-18T15:59:58.421+0000] {logging_mixin.py:190} INFO - [2024-12-18T15:59:58.421+0000] {dag.py:3239} INFO - Sync 1 DAGs
[2024-12-18T15:59:58.436+0000] {logging_mixin.py:190} INFO - [2024-12-18T15:59:58.435+0000] {dag.py:4180} INFO - Setting next_dagrun for tutorial_objectstorage to None, run_after=None
[2024-12-18T15:59:58.467+0000] {processor.py:208} INFO - Processing /home/ubuntu/demo8/lib/python3.12/site-packages/airflow/example_dags/tutorial_objectstorage.py took 0.091 seconds
[2024-12-18T16:00:54.789+0000] {processor.py:186} INFO - Started process (PID=5135) to work on /home/ubuntu/demo8/lib/python3.12/site-packages/airflow/example_dags/tutorial_objectstorage.py
[2024-12-18T16:00:54.792+0000] {processor.py:914} INFO - Processing file /home/ubuntu/demo8/lib/python3.12/site-packages/airflow/example_dags/tutorial_objectstorage.py for tasks to queue
[2024-12-18T16:00:54.794+0000] {logging_mixin.py:190} INFO - [2024-12-18T16:00:54.793+0000] {dagbag.py:588} INFO - Filling up the DagBag from /home/ubuntu/demo8/lib/python3.12/site-packages/airflow/example_dags/tutorial_objectstorage.py
[2024-12-18T16:00:54.805+0000] {processor.py:925} INFO - DAG(s) 'tutorial_objectstorage' retrieved from /home/ubuntu/demo8/lib/python3.12/site-packages/airflow/example_dags/tutorial_objectstorage.py
[2024-12-18T16:00:54.821+0000] {logging_mixin.py:190} INFO - [2024-12-18T16:00:54.821+0000] {dag.py:3239} INFO - Sync 1 DAGs
[2024-12-18T16:00:54.835+0000] {logging_mixin.py:190} INFO - [2024-12-18T16:00:54.835+0000] {dag.py:4180} INFO - Setting next_dagrun for tutorial_objectstorage to None, run_after=None
[2024-12-18T16:00:54.858+0000] {processor.py:208} INFO - Processing /home/ubuntu/demo8/lib/python3.12/site-packages/airflow/example_dags/tutorial_objectstorage.py took 0.081 seconds
[2024-12-18T16:01:48.381+0000] {processor.py:186} INFO - Started process (PID=5192) to work on /home/ubuntu/demo8/lib/python3.12/site-packages/airflow/example_dags/tutorial_objectstorage.py
[2024-12-18T16:01:48.383+0000] {processor.py:914} INFO - Processing file /home/ubuntu/demo8/lib/python3.12/site-packages/airflow/example_dags/tutorial_objectstorage.py for tasks to queue
[2024-12-18T16:01:48.385+0000] {logging_mixin.py:190} INFO - [2024-12-18T16:01:48.384+0000] {dagbag.py:588} INFO - Filling up the DagBag from /home/ubuntu/demo8/lib/python3.12/site-packages/airflow/example_dags/tutorial_objectstorage.py
[2024-12-18T16:01:48.395+0000] {processor.py:925} INFO - DAG(s) 'tutorial_objectstorage' retrieved from /home/ubuntu/demo8/lib/python3.12/site-packages/airflow/example_dags/tutorial_objectstorage.py
[2024-12-18T16:01:48.410+0000] {logging_mixin.py:190} INFO - [2024-12-18T16:01:48.410+0000] {dag.py:3239} INFO - Sync 1 DAGs
[2024-12-18T16:01:48.424+0000] {logging_mixin.py:190} INFO - [2024-12-18T16:01:48.423+0000] {dag.py:4180} INFO - Setting next_dagrun for tutorial_objectstorage to None, run_after=None
[2024-12-18T16:01:48.445+0000] {processor.py:208} INFO - Processing /home/ubuntu/demo8/lib/python3.12/site-packages/airflow/example_dags/tutorial_objectstorage.py took 0.070 seconds
[2024-12-18T16:02:41.941+0000] {processor.py:186} INFO - Started process (PID=5247) to work on /home/ubuntu/demo8/lib/python3.12/site-packages/airflow/example_dags/tutorial_objectstorage.py
[2024-12-18T16:02:41.942+0000] {processor.py:914} INFO - Processing file /home/ubuntu/demo8/lib/python3.12/site-packages/airflow/example_dags/tutorial_objectstorage.py for tasks to queue
[2024-12-18T16:02:41.944+0000] {logging_mixin.py:190} INFO - [2024-12-18T16:02:41.944+0000] {dagbag.py:588} INFO - Filling up the DagBag from /home/ubuntu/demo8/lib/python3.12/site-packages/airflow/example_dags/tutorial_objectstorage.py
[2024-12-18T16:02:41.955+0000] {processor.py:925} INFO - DAG(s) 'tutorial_objectstorage' retrieved from /home/ubuntu/demo8/lib/python3.12/site-packages/airflow/example_dags/tutorial_objectstorage.py
[2024-12-18T16:02:41.972+0000] {logging_mixin.py:190} INFO - [2024-12-18T16:02:41.972+0000] {dag.py:3239} INFO - Sync 1 DAGs
[2024-12-18T16:02:41.986+0000] {logging_mixin.py:190} INFO - [2024-12-18T16:02:41.986+0000] {dag.py:4180} INFO - Setting next_dagrun for tutorial_objectstorage to None, run_after=None
[2024-12-18T16:02:42.008+0000] {processor.py:208} INFO - Processing /home/ubuntu/demo8/lib/python3.12/site-packages/airflow/example_dags/tutorial_objectstorage.py took 0.073 seconds
[2024-12-18T16:03:35.653+0000] {processor.py:186} INFO - Started process (PID=5302) to work on /home/ubuntu/demo8/lib/python3.12/site-packages/airflow/example_dags/tutorial_objectstorage.py
[2024-12-18T16:03:35.654+0000] {processor.py:914} INFO - Processing file /home/ubuntu/demo8/lib/python3.12/site-packages/airflow/example_dags/tutorial_objectstorage.py for tasks to queue
[2024-12-18T16:03:35.656+0000] {logging_mixin.py:190} INFO - [2024-12-18T16:03:35.656+0000] {dagbag.py:588} INFO - Filling up the DagBag from /home/ubuntu/demo8/lib/python3.12/site-packages/airflow/example_dags/tutorial_objectstorage.py
[2024-12-18T16:03:35.667+0000] {processor.py:925} INFO - DAG(s) 'tutorial_objectstorage' retrieved from /home/ubuntu/demo8/lib/python3.12/site-packages/airflow/example_dags/tutorial_objectstorage.py
[2024-12-18T16:03:35.683+0000] {logging_mixin.py:190} INFO - [2024-12-18T16:03:35.683+0000] {dag.py:3239} INFO - Sync 1 DAGs
[2024-12-18T16:03:35.696+0000] {logging_mixin.py:190} INFO - [2024-12-18T16:03:35.696+0000] {dag.py:4180} INFO - Setting next_dagrun for tutorial_objectstorage to None, run_after=None
[2024-12-18T16:03:35.718+0000] {processor.py:208} INFO - Processing /home/ubuntu/demo8/lib/python3.12/site-packages/airflow/example_dags/tutorial_objectstorage.py took 0.072 seconds
[2024-12-18T20:29:25.139+0000] {processor.py:186} INFO - Started process (PID=2669) to work on /home/ubuntu/demo8/lib/python3.12/site-packages/airflow/example_dags/tutorial_objectstorage.py
[2024-12-18T20:29:25.142+0000] {processor.py:914} INFO - Processing file /home/ubuntu/demo8/lib/python3.12/site-packages/airflow/example_dags/tutorial_objectstorage.py for tasks to queue
[2024-12-18T20:29:25.145+0000] {logging_mixin.py:190} INFO - [2024-12-18T20:29:25.144+0000] {dagbag.py:588} INFO - Filling up the DagBag from /home/ubuntu/demo8/lib/python3.12/site-packages/airflow/example_dags/tutorial_objectstorage.py
[2024-12-18T20:29:25.155+0000] {processor.py:925} INFO - DAG(s) 'tutorial_objectstorage' retrieved from /home/ubuntu/demo8/lib/python3.12/site-packages/airflow/example_dags/tutorial_objectstorage.py
[2024-12-18T20:29:25.179+0000] {logging_mixin.py:190} INFO - [2024-12-18T20:29:25.179+0000] {dag.py:3239} INFO - Sync 1 DAGs
[2024-12-18T20:29:25.193+0000] {logging_mixin.py:190} INFO - [2024-12-18T20:29:25.193+0000] {dag.py:4180} INFO - Setting next_dagrun for tutorial_objectstorage to None, run_after=None
[2024-12-18T20:29:25.219+0000] {processor.py:208} INFO - Processing /home/ubuntu/demo8/lib/python3.12/site-packages/airflow/example_dags/tutorial_objectstorage.py took 0.086 seconds
[2024-12-18T20:30:21.887+0000] {processor.py:186} INFO - Started process (PID=2913) to work on /home/ubuntu/demo8/lib/python3.12/site-packages/airflow/example_dags/tutorial_objectstorage.py
[2024-12-18T20:30:21.889+0000] {processor.py:914} INFO - Processing file /home/ubuntu/demo8/lib/python3.12/site-packages/airflow/example_dags/tutorial_objectstorage.py for tasks to queue
[2024-12-18T20:30:21.892+0000] {logging_mixin.py:190} INFO - [2024-12-18T20:30:21.891+0000] {dagbag.py:588} INFO - Filling up the DagBag from /home/ubuntu/demo8/lib/python3.12/site-packages/airflow/example_dags/tutorial_objectstorage.py
[2024-12-18T20:30:21.902+0000] {processor.py:925} INFO - DAG(s) 'tutorial_objectstorage' retrieved from /home/ubuntu/demo8/lib/python3.12/site-packages/airflow/example_dags/tutorial_objectstorage.py
[2024-12-18T20:30:21.918+0000] {logging_mixin.py:190} INFO - [2024-12-18T20:30:21.918+0000] {dag.py:3239} INFO - Sync 1 DAGs
[2024-12-18T20:30:21.932+0000] {logging_mixin.py:190} INFO - [2024-12-18T20:30:21.932+0000] {dag.py:4180} INFO - Setting next_dagrun for tutorial_objectstorage to None, run_after=None
[2024-12-18T20:30:21.961+0000] {processor.py:208} INFO - Processing /home/ubuntu/demo8/lib/python3.12/site-packages/airflow/example_dags/tutorial_objectstorage.py took 0.080 seconds
[2024-12-18T20:31:17.639+0000] {processor.py:186} INFO - Started process (PID=3128) to work on /home/ubuntu/demo8/lib/python3.12/site-packages/airflow/example_dags/tutorial_objectstorage.py
[2024-12-18T20:31:17.641+0000] {processor.py:914} INFO - Processing file /home/ubuntu/demo8/lib/python3.12/site-packages/airflow/example_dags/tutorial_objectstorage.py for tasks to queue
[2024-12-18T20:31:17.643+0000] {logging_mixin.py:190} INFO - [2024-12-18T20:31:17.643+0000] {dagbag.py:588} INFO - Filling up the DagBag from /home/ubuntu/demo8/lib/python3.12/site-packages/airflow/example_dags/tutorial_objectstorage.py
[2024-12-18T20:31:17.654+0000] {processor.py:925} INFO - DAG(s) 'tutorial_objectstorage' retrieved from /home/ubuntu/demo8/lib/python3.12/site-packages/airflow/example_dags/tutorial_objectstorage.py
[2024-12-18T20:31:17.671+0000] {logging_mixin.py:190} INFO - [2024-12-18T20:31:17.670+0000] {dag.py:3239} INFO - Sync 1 DAGs
[2024-12-18T20:31:17.684+0000] {logging_mixin.py:190} INFO - [2024-12-18T20:31:17.684+0000] {dag.py:4180} INFO - Setting next_dagrun for tutorial_objectstorage to None, run_after=None
[2024-12-18T20:31:17.708+0000] {processor.py:208} INFO - Processing /home/ubuntu/demo8/lib/python3.12/site-packages/airflow/example_dags/tutorial_objectstorage.py took 0.075 seconds
[2024-12-18T20:32:13.145+0000] {processor.py:186} INFO - Started process (PID=3259) to work on /home/ubuntu/demo8/lib/python3.12/site-packages/airflow/example_dags/tutorial_objectstorage.py
[2024-12-18T20:32:13.147+0000] {processor.py:914} INFO - Processing file /home/ubuntu/demo8/lib/python3.12/site-packages/airflow/example_dags/tutorial_objectstorage.py for tasks to queue
[2024-12-18T20:32:13.149+0000] {logging_mixin.py:190} INFO - [2024-12-18T20:32:13.149+0000] {dagbag.py:588} INFO - Filling up the DagBag from /home/ubuntu/demo8/lib/python3.12/site-packages/airflow/example_dags/tutorial_objectstorage.py
[2024-12-18T20:32:13.160+0000] {processor.py:925} INFO - DAG(s) 'tutorial_objectstorage' retrieved from /home/ubuntu/demo8/lib/python3.12/site-packages/airflow/example_dags/tutorial_objectstorage.py
[2024-12-18T20:32:13.176+0000] {logging_mixin.py:190} INFO - [2024-12-18T20:32:13.175+0000] {dag.py:3239} INFO - Sync 1 DAGs
[2024-12-18T20:32:13.189+0000] {logging_mixin.py:190} INFO - [2024-12-18T20:32:13.189+0000] {dag.py:4180} INFO - Setting next_dagrun for tutorial_objectstorage to None, run_after=None
[2024-12-18T20:32:13.211+0000] {processor.py:208} INFO - Processing /home/ubuntu/demo8/lib/python3.12/site-packages/airflow/example_dags/tutorial_objectstorage.py took 0.072 seconds
[2024-12-18T20:33:08.380+0000] {processor.py:186} INFO - Started process (PID=3439) to work on /home/ubuntu/demo8/lib/python3.12/site-packages/airflow/example_dags/tutorial_objectstorage.py
[2024-12-18T20:33:08.381+0000] {processor.py:914} INFO - Processing file /home/ubuntu/demo8/lib/python3.12/site-packages/airflow/example_dags/tutorial_objectstorage.py for tasks to queue
[2024-12-18T20:33:08.384+0000] {logging_mixin.py:190} INFO - [2024-12-18T20:33:08.383+0000] {dagbag.py:588} INFO - Filling up the DagBag from /home/ubuntu/demo8/lib/python3.12/site-packages/airflow/example_dags/tutorial_objectstorage.py
[2024-12-18T20:33:08.395+0000] {processor.py:925} INFO - DAG(s) 'tutorial_objectstorage' retrieved from /home/ubuntu/demo8/lib/python3.12/site-packages/airflow/example_dags/tutorial_objectstorage.py
[2024-12-18T20:33:08.411+0000] {logging_mixin.py:190} INFO - [2024-12-18T20:33:08.411+0000] {dag.py:3239} INFO - Sync 1 DAGs
[2024-12-18T20:33:08.425+0000] {logging_mixin.py:190} INFO - [2024-12-18T20:33:08.424+0000] {dag.py:4180} INFO - Setting next_dagrun for tutorial_objectstorage to None, run_after=None
[2024-12-18T20:33:08.448+0000] {processor.py:208} INFO - Processing /home/ubuntu/demo8/lib/python3.12/site-packages/airflow/example_dags/tutorial_objectstorage.py took 0.074 seconds
[2024-12-18T20:34:04.993+0000] {processor.py:186} INFO - Started process (PID=3555) to work on /home/ubuntu/demo8/lib/python3.12/site-packages/airflow/example_dags/tutorial_objectstorage.py
[2024-12-18T20:34:04.995+0000] {processor.py:914} INFO - Processing file /home/ubuntu/demo8/lib/python3.12/site-packages/airflow/example_dags/tutorial_objectstorage.py for tasks to queue
[2024-12-18T20:34:04.997+0000] {logging_mixin.py:190} INFO - [2024-12-18T20:34:04.997+0000] {dagbag.py:588} INFO - Filling up the DagBag from /home/ubuntu/demo8/lib/python3.12/site-packages/airflow/example_dags/tutorial_objectstorage.py
[2024-12-18T20:34:05.008+0000] {processor.py:925} INFO - DAG(s) 'tutorial_objectstorage' retrieved from /home/ubuntu/demo8/lib/python3.12/site-packages/airflow/example_dags/tutorial_objectstorage.py
[2024-12-18T20:34:05.024+0000] {logging_mixin.py:190} INFO - [2024-12-18T20:34:05.024+0000] {dag.py:3239} INFO - Sync 1 DAGs
[2024-12-18T20:34:05.173+0000] {logging_mixin.py:190} INFO - [2024-12-18T20:34:05.173+0000] {dag.py:4180} INFO - Setting next_dagrun for tutorial_objectstorage to None, run_after=None
[2024-12-18T20:34:05.194+0000] {processor.py:208} INFO - Processing /home/ubuntu/demo8/lib/python3.12/site-packages/airflow/example_dags/tutorial_objectstorage.py took 0.207 seconds
[2024-12-18T20:35:12.598+0000] {processor.py:186} INFO - Started process (PID=3745) to work on /home/ubuntu/demo8/lib/python3.12/site-packages/airflow/example_dags/tutorial_objectstorage.py
[2024-12-18T20:35:12.599+0000] {processor.py:914} INFO - Processing file /home/ubuntu/demo8/lib/python3.12/site-packages/airflow/example_dags/tutorial_objectstorage.py for tasks to queue
[2024-12-18T20:35:12.602+0000] {logging_mixin.py:190} INFO - [2024-12-18T20:35:12.601+0000] {dagbag.py:588} INFO - Filling up the DagBag from /home/ubuntu/demo8/lib/python3.12/site-packages/airflow/example_dags/tutorial_objectstorage.py
[2024-12-18T20:35:12.613+0000] {processor.py:925} INFO - DAG(s) 'tutorial_objectstorage' retrieved from /home/ubuntu/demo8/lib/python3.12/site-packages/airflow/example_dags/tutorial_objectstorage.py
[2024-12-18T20:35:12.629+0000] {logging_mixin.py:190} INFO - [2024-12-18T20:35:12.629+0000] {dag.py:3239} INFO - Sync 1 DAGs
[2024-12-18T20:35:12.644+0000] {logging_mixin.py:190} INFO - [2024-12-18T20:35:12.644+0000] {dag.py:4180} INFO - Setting next_dagrun for tutorial_objectstorage to None, run_after=None
[2024-12-18T20:35:12.668+0000] {processor.py:208} INFO - Processing /home/ubuntu/demo8/lib/python3.12/site-packages/airflow/example_dags/tutorial_objectstorage.py took 0.076 seconds
[2024-12-18T20:36:10.425+0000] {processor.py:186} INFO - Started process (PID=3865) to work on /home/ubuntu/demo8/lib/python3.12/site-packages/airflow/example_dags/tutorial_objectstorage.py
[2024-12-18T20:36:10.427+0000] {processor.py:914} INFO - Processing file /home/ubuntu/demo8/lib/python3.12/site-packages/airflow/example_dags/tutorial_objectstorage.py for tasks to queue
[2024-12-18T20:36:10.429+0000] {logging_mixin.py:190} INFO - [2024-12-18T20:36:10.429+0000] {dagbag.py:588} INFO - Filling up the DagBag from /home/ubuntu/demo8/lib/python3.12/site-packages/airflow/example_dags/tutorial_objectstorage.py
[2024-12-18T20:36:10.440+0000] {processor.py:925} INFO - DAG(s) 'tutorial_objectstorage' retrieved from /home/ubuntu/demo8/lib/python3.12/site-packages/airflow/example_dags/tutorial_objectstorage.py
[2024-12-18T20:36:10.457+0000] {logging_mixin.py:190} INFO - [2024-12-18T20:36:10.457+0000] {dag.py:3239} INFO - Sync 1 DAGs
[2024-12-18T20:36:10.472+0000] {logging_mixin.py:190} INFO - [2024-12-18T20:36:10.472+0000] {dag.py:4180} INFO - Setting next_dagrun for tutorial_objectstorage to None, run_after=None
[2024-12-18T20:36:10.494+0000] {processor.py:208} INFO - Processing /home/ubuntu/demo8/lib/python3.12/site-packages/airflow/example_dags/tutorial_objectstorage.py took 0.075 seconds
[2024-12-18T20:37:07.101+0000] {processor.py:186} INFO - Started process (PID=3984) to work on /home/ubuntu/demo8/lib/python3.12/site-packages/airflow/example_dags/tutorial_objectstorage.py
[2024-12-18T20:37:07.103+0000] {processor.py:914} INFO - Processing file /home/ubuntu/demo8/lib/python3.12/site-packages/airflow/example_dags/tutorial_objectstorage.py for tasks to queue
[2024-12-18T20:37:07.105+0000] {logging_mixin.py:190} INFO - [2024-12-18T20:37:07.105+0000] {dagbag.py:588} INFO - Filling up the DagBag from /home/ubuntu/demo8/lib/python3.12/site-packages/airflow/example_dags/tutorial_objectstorage.py
[2024-12-18T20:37:07.116+0000] {processor.py:925} INFO - DAG(s) 'tutorial_objectstorage' retrieved from /home/ubuntu/demo8/lib/python3.12/site-packages/airflow/example_dags/tutorial_objectstorage.py
[2024-12-18T20:37:07.133+0000] {logging_mixin.py:190} INFO - [2024-12-18T20:37:07.133+0000] {dag.py:3239} INFO - Sync 1 DAGs
[2024-12-18T20:37:07.148+0000] {logging_mixin.py:190} INFO - [2024-12-18T20:37:07.148+0000] {dag.py:4180} INFO - Setting next_dagrun for tutorial_objectstorage to None, run_after=None
[2024-12-18T20:37:07.171+0000] {processor.py:208} INFO - Processing /home/ubuntu/demo8/lib/python3.12/site-packages/airflow/example_dags/tutorial_objectstorage.py took 0.076 seconds
[2024-12-18T20:38:02.133+0000] {processor.py:186} INFO - Started process (PID=4100) to work on /home/ubuntu/demo8/lib/python3.12/site-packages/airflow/example_dags/tutorial_objectstorage.py
[2024-12-18T20:38:02.134+0000] {processor.py:914} INFO - Processing file /home/ubuntu/demo8/lib/python3.12/site-packages/airflow/example_dags/tutorial_objectstorage.py for tasks to queue
[2024-12-18T20:38:02.137+0000] {logging_mixin.py:190} INFO - [2024-12-18T20:38:02.136+0000] {dagbag.py:588} INFO - Filling up the DagBag from /home/ubuntu/demo8/lib/python3.12/site-packages/airflow/example_dags/tutorial_objectstorage.py
[2024-12-18T20:38:02.148+0000] {processor.py:925} INFO - DAG(s) 'tutorial_objectstorage' retrieved from /home/ubuntu/demo8/lib/python3.12/site-packages/airflow/example_dags/tutorial_objectstorage.py
[2024-12-18T20:38:02.164+0000] {logging_mixin.py:190} INFO - [2024-12-18T20:38:02.164+0000] {dag.py:3239} INFO - Sync 1 DAGs
[2024-12-18T20:38:02.178+0000] {logging_mixin.py:190} INFO - [2024-12-18T20:38:02.178+0000] {dag.py:4180} INFO - Setting next_dagrun for tutorial_objectstorage to None, run_after=None
[2024-12-18T20:38:02.201+0000] {processor.py:208} INFO - Processing /home/ubuntu/demo8/lib/python3.12/site-packages/airflow/example_dags/tutorial_objectstorage.py took 0.074 seconds
[2024-12-18T20:38:57.670+0000] {processor.py:186} INFO - Started process (PID=4219) to work on /home/ubuntu/demo8/lib/python3.12/site-packages/airflow/example_dags/tutorial_objectstorage.py
[2024-12-18T20:38:57.672+0000] {processor.py:914} INFO - Processing file /home/ubuntu/demo8/lib/python3.12/site-packages/airflow/example_dags/tutorial_objectstorage.py for tasks to queue
[2024-12-18T20:38:57.674+0000] {logging_mixin.py:190} INFO - [2024-12-18T20:38:57.674+0000] {dagbag.py:588} INFO - Filling up the DagBag from /home/ubuntu/demo8/lib/python3.12/site-packages/airflow/example_dags/tutorial_objectstorage.py
[2024-12-18T20:38:57.686+0000] {processor.py:925} INFO - DAG(s) 'tutorial_objectstorage' retrieved from /home/ubuntu/demo8/lib/python3.12/site-packages/airflow/example_dags/tutorial_objectstorage.py
[2024-12-18T20:38:57.702+0000] {logging_mixin.py:190} INFO - [2024-12-18T20:38:57.702+0000] {dag.py:3239} INFO - Sync 1 DAGs
[2024-12-18T20:38:57.717+0000] {logging_mixin.py:190} INFO - [2024-12-18T20:38:57.716+0000] {dag.py:4180} INFO - Setting next_dagrun for tutorial_objectstorage to None, run_after=None
[2024-12-18T20:38:57.740+0000] {processor.py:208} INFO - Processing /home/ubuntu/demo8/lib/python3.12/site-packages/airflow/example_dags/tutorial_objectstorage.py took 0.076 seconds
[2024-12-18T20:39:53.725+0000] {processor.py:186} INFO - Started process (PID=4396) to work on /home/ubuntu/demo8/lib/python3.12/site-packages/airflow/example_dags/tutorial_objectstorage.py
[2024-12-18T20:39:53.726+0000] {processor.py:914} INFO - Processing file /home/ubuntu/demo8/lib/python3.12/site-packages/airflow/example_dags/tutorial_objectstorage.py for tasks to queue
[2024-12-18T20:39:53.729+0000] {logging_mixin.py:190} INFO - [2024-12-18T20:39:53.728+0000] {dagbag.py:588} INFO - Filling up the DagBag from /home/ubuntu/demo8/lib/python3.12/site-packages/airflow/example_dags/tutorial_objectstorage.py
[2024-12-18T20:39:53.739+0000] {processor.py:925} INFO - DAG(s) 'tutorial_objectstorage' retrieved from /home/ubuntu/demo8/lib/python3.12/site-packages/airflow/example_dags/tutorial_objectstorage.py
[2024-12-18T20:39:53.755+0000] {logging_mixin.py:190} INFO - [2024-12-18T20:39:53.755+0000] {dag.py:3239} INFO - Sync 1 DAGs
[2024-12-18T20:39:53.769+0000] {logging_mixin.py:190} INFO - [2024-12-18T20:39:53.769+0000] {dag.py:4180} INFO - Setting next_dagrun for tutorial_objectstorage to None, run_after=None
[2024-12-18T20:39:53.791+0000] {processor.py:208} INFO - Processing /home/ubuntu/demo8/lib/python3.12/site-packages/airflow/example_dags/tutorial_objectstorage.py took 0.072 seconds
[2024-12-18T20:40:50.965+0000] {processor.py:186} INFO - Started process (PID=4533) to work on /home/ubuntu/demo8/lib/python3.12/site-packages/airflow/example_dags/tutorial_objectstorage.py
[2024-12-18T20:40:50.966+0000] {processor.py:914} INFO - Processing file /home/ubuntu/demo8/lib/python3.12/site-packages/airflow/example_dags/tutorial_objectstorage.py for tasks to queue
[2024-12-18T20:40:50.969+0000] {logging_mixin.py:190} INFO - [2024-12-18T20:40:50.968+0000] {dagbag.py:588} INFO - Filling up the DagBag from /home/ubuntu/demo8/lib/python3.12/site-packages/airflow/example_dags/tutorial_objectstorage.py
[2024-12-18T20:40:50.981+0000] {processor.py:925} INFO - DAG(s) 'tutorial_objectstorage' retrieved from /home/ubuntu/demo8/lib/python3.12/site-packages/airflow/example_dags/tutorial_objectstorage.py
[2024-12-18T20:40:50.997+0000] {logging_mixin.py:190} INFO - [2024-12-18T20:40:50.997+0000] {dag.py:3239} INFO - Sync 1 DAGs
[2024-12-18T20:40:51.021+0000] {logging_mixin.py:190} INFO - [2024-12-18T20:40:51.021+0000] {dag.py:4180} INFO - Setting next_dagrun for tutorial_objectstorage to None, run_after=None
[2024-12-18T20:40:51.045+0000] {processor.py:208} INFO - Processing /home/ubuntu/demo8/lib/python3.12/site-packages/airflow/example_dags/tutorial_objectstorage.py took 0.087 seconds
[2024-12-18T20:41:44.244+0000] {processor.py:186} INFO - Started process (PID=4652) to work on /home/ubuntu/demo8/lib/python3.12/site-packages/airflow/example_dags/tutorial_objectstorage.py
[2024-12-18T20:41:44.246+0000] {processor.py:914} INFO - Processing file /home/ubuntu/demo8/lib/python3.12/site-packages/airflow/example_dags/tutorial_objectstorage.py for tasks to queue
[2024-12-18T20:41:44.248+0000] {logging_mixin.py:190} INFO - [2024-12-18T20:41:44.248+0000] {dagbag.py:588} INFO - Filling up the DagBag from /home/ubuntu/demo8/lib/python3.12/site-packages/airflow/example_dags/tutorial_objectstorage.py
[2024-12-18T20:41:44.260+0000] {processor.py:925} INFO - DAG(s) 'tutorial_objectstorage' retrieved from /home/ubuntu/demo8/lib/python3.12/site-packages/airflow/example_dags/tutorial_objectstorage.py
[2024-12-18T20:41:44.276+0000] {logging_mixin.py:190} INFO - [2024-12-18T20:41:44.276+0000] {dag.py:3239} INFO - Sync 1 DAGs
[2024-12-18T20:41:44.290+0000] {logging_mixin.py:190} INFO - [2024-12-18T20:41:44.290+0000] {dag.py:4180} INFO - Setting next_dagrun for tutorial_objectstorage to None, run_after=None
[2024-12-18T20:41:44.319+0000] {processor.py:208} INFO - Processing /home/ubuntu/demo8/lib/python3.12/site-packages/airflow/example_dags/tutorial_objectstorage.py took 0.081 seconds
[2024-12-18T20:42:37.479+0000] {processor.py:186} INFO - Started process (PID=4765) to work on /home/ubuntu/demo8/lib/python3.12/site-packages/airflow/example_dags/tutorial_objectstorage.py
[2024-12-18T20:42:37.481+0000] {processor.py:914} INFO - Processing file /home/ubuntu/demo8/lib/python3.12/site-packages/airflow/example_dags/tutorial_objectstorage.py for tasks to queue
[2024-12-18T20:42:37.484+0000] {logging_mixin.py:190} INFO - [2024-12-18T20:42:37.484+0000] {dagbag.py:588} INFO - Filling up the DagBag from /home/ubuntu/demo8/lib/python3.12/site-packages/airflow/example_dags/tutorial_objectstorage.py
[2024-12-18T20:42:37.506+0000] {processor.py:925} INFO - DAG(s) 'tutorial_objectstorage' retrieved from /home/ubuntu/demo8/lib/python3.12/site-packages/airflow/example_dags/tutorial_objectstorage.py
[2024-12-18T20:42:37.523+0000] {logging_mixin.py:190} INFO - [2024-12-18T20:42:37.523+0000] {dag.py:3239} INFO - Sync 1 DAGs
[2024-12-18T20:42:37.538+0000] {logging_mixin.py:190} INFO - [2024-12-18T20:42:37.537+0000] {dag.py:4180} INFO - Setting next_dagrun for tutorial_objectstorage to None, run_after=None
[2024-12-18T20:42:37.561+0000] {processor.py:208} INFO - Processing /home/ubuntu/demo8/lib/python3.12/site-packages/airflow/example_dags/tutorial_objectstorage.py took 0.089 seconds
[2024-12-18T20:43:31.747+0000] {processor.py:186} INFO - Started process (PID=4882) to work on /home/ubuntu/demo8/lib/python3.12/site-packages/airflow/example_dags/tutorial_objectstorage.py
[2024-12-18T20:43:31.748+0000] {processor.py:914} INFO - Processing file /home/ubuntu/demo8/lib/python3.12/site-packages/airflow/example_dags/tutorial_objectstorage.py for tasks to queue
[2024-12-18T20:43:31.750+0000] {logging_mixin.py:190} INFO - [2024-12-18T20:43:31.750+0000] {dagbag.py:588} INFO - Filling up the DagBag from /home/ubuntu/demo8/lib/python3.12/site-packages/airflow/example_dags/tutorial_objectstorage.py
[2024-12-18T20:43:31.761+0000] {processor.py:925} INFO - DAG(s) 'tutorial_objectstorage' retrieved from /home/ubuntu/demo8/lib/python3.12/site-packages/airflow/example_dags/tutorial_objectstorage.py
[2024-12-18T20:43:31.777+0000] {logging_mixin.py:190} INFO - [2024-12-18T20:43:31.777+0000] {dag.py:3239} INFO - Sync 1 DAGs
[2024-12-18T20:43:31.791+0000] {logging_mixin.py:190} INFO - [2024-12-18T20:43:31.791+0000] {dag.py:4180} INFO - Setting next_dagrun for tutorial_objectstorage to None, run_after=None
[2024-12-18T20:43:31.814+0000] {processor.py:208} INFO - Processing /home/ubuntu/demo8/lib/python3.12/site-packages/airflow/example_dags/tutorial_objectstorage.py took 0.074 seconds
[2024-12-18T20:44:25.298+0000] {processor.py:186} INFO - Started process (PID=5058) to work on /home/ubuntu/demo8/lib/python3.12/site-packages/airflow/example_dags/tutorial_objectstorage.py
[2024-12-18T20:44:25.299+0000] {processor.py:914} INFO - Processing file /home/ubuntu/demo8/lib/python3.12/site-packages/airflow/example_dags/tutorial_objectstorage.py for tasks to queue
[2024-12-18T20:44:25.302+0000] {logging_mixin.py:190} INFO - [2024-12-18T20:44:25.301+0000] {dagbag.py:588} INFO - Filling up the DagBag from /home/ubuntu/demo8/lib/python3.12/site-packages/airflow/example_dags/tutorial_objectstorage.py
[2024-12-18T20:44:25.312+0000] {processor.py:925} INFO - DAG(s) 'tutorial_objectstorage' retrieved from /home/ubuntu/demo8/lib/python3.12/site-packages/airflow/example_dags/tutorial_objectstorage.py
[2024-12-18T20:44:25.329+0000] {logging_mixin.py:190} INFO - [2024-12-18T20:44:25.329+0000] {dag.py:3239} INFO - Sync 1 DAGs
[2024-12-18T20:44:25.343+0000] {logging_mixin.py:190} INFO - [2024-12-18T20:44:25.343+0000] {dag.py:4180} INFO - Setting next_dagrun for tutorial_objectstorage to None, run_after=None
[2024-12-18T20:44:25.366+0000] {processor.py:208} INFO - Processing /home/ubuntu/demo8/lib/python3.12/site-packages/airflow/example_dags/tutorial_objectstorage.py took 0.075 seconds
[2024-12-18T20:45:18.775+0000] {processor.py:186} INFO - Started process (PID=5180) to work on /home/ubuntu/demo8/lib/python3.12/site-packages/airflow/example_dags/tutorial_objectstorage.py
[2024-12-18T20:45:18.777+0000] {processor.py:914} INFO - Processing file /home/ubuntu/demo8/lib/python3.12/site-packages/airflow/example_dags/tutorial_objectstorage.py for tasks to queue
[2024-12-18T20:45:18.780+0000] {logging_mixin.py:190} INFO - [2024-12-18T20:45:18.779+0000] {dagbag.py:588} INFO - Filling up the DagBag from /home/ubuntu/demo8/lib/python3.12/site-packages/airflow/example_dags/tutorial_objectstorage.py
[2024-12-18T20:45:18.791+0000] {processor.py:925} INFO - DAG(s) 'tutorial_objectstorage' retrieved from /home/ubuntu/demo8/lib/python3.12/site-packages/airflow/example_dags/tutorial_objectstorage.py
[2024-12-18T20:45:18.808+0000] {logging_mixin.py:190} INFO - [2024-12-18T20:45:18.808+0000] {dag.py:3239} INFO - Sync 1 DAGs
[2024-12-18T20:45:18.822+0000] {logging_mixin.py:190} INFO - [2024-12-18T20:45:18.822+0000] {dag.py:4180} INFO - Setting next_dagrun for tutorial_objectstorage to None, run_after=None
[2024-12-18T20:45:18.846+0000] {processor.py:208} INFO - Processing /home/ubuntu/demo8/lib/python3.12/site-packages/airflow/example_dags/tutorial_objectstorage.py took 0.077 seconds
[2024-12-18T20:47:01.784+0000] {processor.py:186} INFO - Started process (PID=5691) to work on /home/ubuntu/demo8/lib/python3.12/site-packages/airflow/example_dags/tutorial_objectstorage.py
[2024-12-18T20:47:01.786+0000] {processor.py:914} INFO - Processing file /home/ubuntu/demo8/lib/python3.12/site-packages/airflow/example_dags/tutorial_objectstorage.py for tasks to queue
[2024-12-18T20:47:01.788+0000] {logging_mixin.py:190} INFO - [2024-12-18T20:47:01.788+0000] {dagbag.py:588} INFO - Filling up the DagBag from /home/ubuntu/demo8/lib/python3.12/site-packages/airflow/example_dags/tutorial_objectstorage.py
[2024-12-18T20:47:01.800+0000] {processor.py:925} INFO - DAG(s) 'tutorial_objectstorage' retrieved from /home/ubuntu/demo8/lib/python3.12/site-packages/airflow/example_dags/tutorial_objectstorage.py
[2024-12-18T20:47:01.824+0000] {logging_mixin.py:190} INFO - [2024-12-18T20:47:01.823+0000] {dag.py:3239} INFO - Sync 1 DAGs
[2024-12-18T20:47:01.839+0000] {logging_mixin.py:190} INFO - [2024-12-18T20:47:01.838+0000] {dag.py:4180} INFO - Setting next_dagrun for tutorial_objectstorage to None, run_after=None
[2024-12-18T20:47:01.862+0000] {processor.py:208} INFO - Processing /home/ubuntu/demo8/lib/python3.12/site-packages/airflow/example_dags/tutorial_objectstorage.py took 0.084 seconds
[2024-12-18T20:48:01.033+0000] {processor.py:186} INFO - Started process (PID=5930) to work on /home/ubuntu/demo8/lib/python3.12/site-packages/airflow/example_dags/tutorial_objectstorage.py
[2024-12-18T20:48:01.034+0000] {processor.py:914} INFO - Processing file /home/ubuntu/demo8/lib/python3.12/site-packages/airflow/example_dags/tutorial_objectstorage.py for tasks to queue
[2024-12-18T20:48:01.037+0000] {logging_mixin.py:190} INFO - [2024-12-18T20:48:01.036+0000] {dagbag.py:588} INFO - Filling up the DagBag from /home/ubuntu/demo8/lib/python3.12/site-packages/airflow/example_dags/tutorial_objectstorage.py
[2024-12-18T20:48:01.047+0000] {processor.py:925} INFO - DAG(s) 'tutorial_objectstorage' retrieved from /home/ubuntu/demo8/lib/python3.12/site-packages/airflow/example_dags/tutorial_objectstorage.py
[2024-12-18T20:48:01.064+0000] {logging_mixin.py:190} INFO - [2024-12-18T20:48:01.064+0000] {dag.py:3239} INFO - Sync 1 DAGs
[2024-12-18T20:48:01.079+0000] {logging_mixin.py:190} INFO - [2024-12-18T20:48:01.079+0000] {dag.py:4180} INFO - Setting next_dagrun for tutorial_objectstorage to None, run_after=None
[2024-12-18T20:48:01.102+0000] {processor.py:208} INFO - Processing /home/ubuntu/demo8/lib/python3.12/site-packages/airflow/example_dags/tutorial_objectstorage.py took 0.075 seconds
[2024-12-18T20:48:59.321+0000] {processor.py:186} INFO - Started process (PID=6412) to work on /home/ubuntu/demo8/lib/python3.12/site-packages/airflow/example_dags/tutorial_objectstorage.py
[2024-12-18T20:48:59.323+0000] {processor.py:914} INFO - Processing file /home/ubuntu/demo8/lib/python3.12/site-packages/airflow/example_dags/tutorial_objectstorage.py for tasks to queue
[2024-12-18T20:48:59.326+0000] {logging_mixin.py:190} INFO - [2024-12-18T20:48:59.325+0000] {dagbag.py:588} INFO - Filling up the DagBag from /home/ubuntu/demo8/lib/python3.12/site-packages/airflow/example_dags/tutorial_objectstorage.py
[2024-12-18T20:48:59.337+0000] {processor.py:925} INFO - DAG(s) 'tutorial_objectstorage' retrieved from /home/ubuntu/demo8/lib/python3.12/site-packages/airflow/example_dags/tutorial_objectstorage.py
[2024-12-18T20:48:59.355+0000] {logging_mixin.py:190} INFO - [2024-12-18T20:48:59.355+0000] {dag.py:3239} INFO - Sync 1 DAGs
[2024-12-18T20:48:59.370+0000] {logging_mixin.py:190} INFO - [2024-12-18T20:48:59.369+0000] {dag.py:4180} INFO - Setting next_dagrun for tutorial_objectstorage to None, run_after=None
[2024-12-18T20:48:59.396+0000] {processor.py:208} INFO - Processing /home/ubuntu/demo8/lib/python3.12/site-packages/airflow/example_dags/tutorial_objectstorage.py took 0.081 seconds
[2024-12-18T20:49:52.792+0000] {processor.py:186} INFO - Started process (PID=6491) to work on /home/ubuntu/demo8/lib/python3.12/site-packages/airflow/example_dags/tutorial_objectstorage.py
[2024-12-18T20:49:52.793+0000] {processor.py:914} INFO - Processing file /home/ubuntu/demo8/lib/python3.12/site-packages/airflow/example_dags/tutorial_objectstorage.py for tasks to queue
[2024-12-18T20:49:52.795+0000] {logging_mixin.py:190} INFO - [2024-12-18T20:49:52.795+0000] {dagbag.py:588} INFO - Filling up the DagBag from /home/ubuntu/demo8/lib/python3.12/site-packages/airflow/example_dags/tutorial_objectstorage.py
[2024-12-18T20:49:52.806+0000] {processor.py:925} INFO - DAG(s) 'tutorial_objectstorage' retrieved from /home/ubuntu/demo8/lib/python3.12/site-packages/airflow/example_dags/tutorial_objectstorage.py
[2024-12-18T20:49:52.823+0000] {logging_mixin.py:190} INFO - [2024-12-18T20:49:52.823+0000] {dag.py:3239} INFO - Sync 1 DAGs
[2024-12-18T20:49:52.836+0000] {logging_mixin.py:190} INFO - [2024-12-18T20:49:52.836+0000] {dag.py:4180} INFO - Setting next_dagrun for tutorial_objectstorage to None, run_after=None
[2024-12-18T20:49:52.861+0000] {processor.py:208} INFO - Processing /home/ubuntu/demo8/lib/python3.12/site-packages/airflow/example_dags/tutorial_objectstorage.py took 0.075 seconds
[2024-12-18T20:50:50.632+0000] {processor.py:186} INFO - Started process (PID=6830) to work on /home/ubuntu/demo8/lib/python3.12/site-packages/airflow/example_dags/tutorial_objectstorage.py
[2024-12-18T20:50:50.633+0000] {processor.py:914} INFO - Processing file /home/ubuntu/demo8/lib/python3.12/site-packages/airflow/example_dags/tutorial_objectstorage.py for tasks to queue
[2024-12-18T20:50:50.636+0000] {logging_mixin.py:190} INFO - [2024-12-18T20:50:50.635+0000] {dagbag.py:588} INFO - Filling up the DagBag from /home/ubuntu/demo8/lib/python3.12/site-packages/airflow/example_dags/tutorial_objectstorage.py
[2024-12-18T20:50:50.647+0000] {processor.py:925} INFO - DAG(s) 'tutorial_objectstorage' retrieved from /home/ubuntu/demo8/lib/python3.12/site-packages/airflow/example_dags/tutorial_objectstorage.py
[2024-12-18T20:50:50.663+0000] {logging_mixin.py:190} INFO - [2024-12-18T20:50:50.663+0000] {dag.py:3239} INFO - Sync 1 DAGs
[2024-12-18T20:50:50.676+0000] {logging_mixin.py:190} INFO - [2024-12-18T20:50:50.676+0000] {dag.py:4180} INFO - Setting next_dagrun for tutorial_objectstorage to None, run_after=None
[2024-12-18T20:50:50.700+0000] {processor.py:208} INFO - Processing /home/ubuntu/demo8/lib/python3.12/site-packages/airflow/example_dags/tutorial_objectstorage.py took 0.074 seconds
[2024-12-18T20:51:42.361+0000] {processor.py:186} INFO - Started process (PID=7058) to work on /home/ubuntu/demo8/lib/python3.12/site-packages/airflow/example_dags/tutorial_objectstorage.py
[2024-12-18T20:51:42.362+0000] {processor.py:914} INFO - Processing file /home/ubuntu/demo8/lib/python3.12/site-packages/airflow/example_dags/tutorial_objectstorage.py for tasks to queue
[2024-12-18T20:51:42.365+0000] {logging_mixin.py:190} INFO - [2024-12-18T20:51:42.365+0000] {dagbag.py:588} INFO - Filling up the DagBag from /home/ubuntu/demo8/lib/python3.12/site-packages/airflow/example_dags/tutorial_objectstorage.py
[2024-12-18T20:51:42.376+0000] {processor.py:925} INFO - DAG(s) 'tutorial_objectstorage' retrieved from /home/ubuntu/demo8/lib/python3.12/site-packages/airflow/example_dags/tutorial_objectstorage.py
[2024-12-18T20:51:42.392+0000] {logging_mixin.py:190} INFO - [2024-12-18T20:51:42.392+0000] {dag.py:3239} INFO - Sync 1 DAGs
[2024-12-18T20:51:42.406+0000] {logging_mixin.py:190} INFO - [2024-12-18T20:51:42.406+0000] {dag.py:4180} INFO - Setting next_dagrun for tutorial_objectstorage to None, run_after=None
[2024-12-18T20:51:42.430+0000] {processor.py:208} INFO - Processing /home/ubuntu/demo8/lib/python3.12/site-packages/airflow/example_dags/tutorial_objectstorage.py took 0.075 seconds
