[2024-12-18T15:44:09.442+0000] {processor.py:186} INFO - Started process (PID=3638) to work on /home/ubuntu/demo8/lib/python3.12/site-packages/airflow/example_dags/plugins/event_listener.py
[2024-12-18T15:44:09.443+0000] {processor.py:914} INFO - Processing file /home/ubuntu/demo8/lib/python3.12/site-packages/airflow/example_dags/plugins/event_listener.py for tasks to queue
[2024-12-18T15:44:09.445+0000] {logging_mixin.py:190} INFO - [2024-12-18T15:44:09.444+0000] {dagbag.py:588} INFO - Filling up the DagBag from /home/ubuntu/demo8/lib/python3.12/site-packages/airflow/example_dags/plugins/event_listener.py
[2024-12-18T15:44:09.447+0000] {processor.py:927} WARNING - No viable dags retrieved from /home/ubuntu/demo8/lib/python3.12/site-packages/airflow/example_dags/plugins/event_listener.py
[2024-12-18T15:44:09.464+0000] {processor.py:208} INFO - Processing /home/ubuntu/demo8/lib/python3.12/site-packages/airflow/example_dags/plugins/event_listener.py took 0.028 seconds
[2024-12-18T15:45:19.716+0000] {processor.py:186} INFO - Started process (PID=3735) to work on /home/ubuntu/demo8/lib/python3.12/site-packages/airflow/example_dags/plugins/event_listener.py
[2024-12-18T15:45:19.717+0000] {processor.py:914} INFO - Processing file /home/ubuntu/demo8/lib/python3.12/site-packages/airflow/example_dags/plugins/event_listener.py for tasks to queue
[2024-12-18T15:45:19.719+0000] {logging_mixin.py:190} INFO - [2024-12-18T15:45:19.719+0000] {dagbag.py:588} INFO - Filling up the DagBag from /home/ubuntu/demo8/lib/python3.12/site-packages/airflow/example_dags/plugins/event_listener.py
[2024-12-18T15:45:19.722+0000] {processor.py:927} WARNING - No viable dags retrieved from /home/ubuntu/demo8/lib/python3.12/site-packages/airflow/example_dags/plugins/event_listener.py
[2024-12-18T15:45:19.734+0000] {processor.py:208} INFO - Processing /home/ubuntu/demo8/lib/python3.12/site-packages/airflow/example_dags/plugins/event_listener.py took 0.024 seconds
[2024-12-18T15:46:17.192+0000] {processor.py:186} INFO - Started process (PID=3794) to work on /home/ubuntu/demo8/lib/python3.12/site-packages/airflow/example_dags/plugins/event_listener.py
[2024-12-18T15:46:17.193+0000] {processor.py:914} INFO - Processing file /home/ubuntu/demo8/lib/python3.12/site-packages/airflow/example_dags/plugins/event_listener.py for tasks to queue
[2024-12-18T15:46:17.195+0000] {logging_mixin.py:190} INFO - [2024-12-18T15:46:17.195+0000] {dagbag.py:588} INFO - Filling up the DagBag from /home/ubuntu/demo8/lib/python3.12/site-packages/airflow/example_dags/plugins/event_listener.py
[2024-12-18T15:46:17.198+0000] {processor.py:927} WARNING - No viable dags retrieved from /home/ubuntu/demo8/lib/python3.12/site-packages/airflow/example_dags/plugins/event_listener.py
[2024-12-18T15:46:17.210+0000] {processor.py:208} INFO - Processing /home/ubuntu/demo8/lib/python3.12/site-packages/airflow/example_dags/plugins/event_listener.py took 0.024 seconds
[2024-12-18T15:47:12.182+0000] {processor.py:186} INFO - Started process (PID=4259) to work on /home/ubuntu/demo8/lib/python3.12/site-packages/airflow/example_dags/plugins/event_listener.py
[2024-12-18T15:47:12.183+0000] {processor.py:914} INFO - Processing file /home/ubuntu/demo8/lib/python3.12/site-packages/airflow/example_dags/plugins/event_listener.py for tasks to queue
[2024-12-18T15:47:12.185+0000] {logging_mixin.py:190} INFO - [2024-12-18T15:47:12.185+0000] {dagbag.py:588} INFO - Filling up the DagBag from /home/ubuntu/demo8/lib/python3.12/site-packages/airflow/example_dags/plugins/event_listener.py
[2024-12-18T15:47:12.188+0000] {processor.py:927} WARNING - No viable dags retrieved from /home/ubuntu/demo8/lib/python3.12/site-packages/airflow/example_dags/plugins/event_listener.py
[2024-12-18T15:47:12.200+0000] {processor.py:208} INFO - Processing /home/ubuntu/demo8/lib/python3.12/site-packages/airflow/example_dags/plugins/event_listener.py took 0.023 seconds
[2024-12-18T15:48:07.667+0000] {processor.py:186} INFO - Started process (PID=4315) to work on /home/ubuntu/demo8/lib/python3.12/site-packages/airflow/example_dags/plugins/event_listener.py
[2024-12-18T15:48:07.669+0000] {processor.py:914} INFO - Processing file /home/ubuntu/demo8/lib/python3.12/site-packages/airflow/example_dags/plugins/event_listener.py for tasks to queue
[2024-12-18T15:48:07.671+0000] {logging_mixin.py:190} INFO - [2024-12-18T15:48:07.671+0000] {dagbag.py:588} INFO - Filling up the DagBag from /home/ubuntu/demo8/lib/python3.12/site-packages/airflow/example_dags/plugins/event_listener.py
[2024-12-18T15:48:07.674+0000] {processor.py:927} WARNING - No viable dags retrieved from /home/ubuntu/demo8/lib/python3.12/site-packages/airflow/example_dags/plugins/event_listener.py
[2024-12-18T15:48:07.686+0000] {processor.py:208} INFO - Processing /home/ubuntu/demo8/lib/python3.12/site-packages/airflow/example_dags/plugins/event_listener.py took 0.032 seconds
[2024-12-18T15:49:01.816+0000] {processor.py:186} INFO - Started process (PID=4369) to work on /home/ubuntu/demo8/lib/python3.12/site-packages/airflow/example_dags/plugins/event_listener.py
[2024-12-18T15:49:01.818+0000] {processor.py:914} INFO - Processing file /home/ubuntu/demo8/lib/python3.12/site-packages/airflow/example_dags/plugins/event_listener.py for tasks to queue
[2024-12-18T15:49:01.820+0000] {logging_mixin.py:190} INFO - [2024-12-18T15:49:01.820+0000] {dagbag.py:588} INFO - Filling up the DagBag from /home/ubuntu/demo8/lib/python3.12/site-packages/airflow/example_dags/plugins/event_listener.py
[2024-12-18T15:49:01.823+0000] {processor.py:927} WARNING - No viable dags retrieved from /home/ubuntu/demo8/lib/python3.12/site-packages/airflow/example_dags/plugins/event_listener.py
[2024-12-18T15:49:01.839+0000] {processor.py:208} INFO - Processing /home/ubuntu/demo8/lib/python3.12/site-packages/airflow/example_dags/plugins/event_listener.py took 0.029 seconds
[2024-12-18T15:49:40.744+0000] {processor.py:186} INFO - Started process (PID=4404) to work on /home/ubuntu/demo8/lib/python3.12/site-packages/airflow/example_dags/plugins/event_listener.py
[2024-12-18T15:49:40.746+0000] {processor.py:914} INFO - Processing file /home/ubuntu/demo8/lib/python3.12/site-packages/airflow/example_dags/plugins/event_listener.py for tasks to queue
[2024-12-18T15:49:40.748+0000] {logging_mixin.py:190} INFO - [2024-12-18T15:49:40.748+0000] {dagbag.py:588} INFO - Filling up the DagBag from /home/ubuntu/demo8/lib/python3.12/site-packages/airflow/example_dags/plugins/event_listener.py
[2024-12-18T15:49:40.751+0000] {processor.py:927} WARNING - No viable dags retrieved from /home/ubuntu/demo8/lib/python3.12/site-packages/airflow/example_dags/plugins/event_listener.py
[2024-12-18T15:49:40.762+0000] {processor.py:208} INFO - Processing /home/ubuntu/demo8/lib/python3.12/site-packages/airflow/example_dags/plugins/event_listener.py took 0.024 seconds
[2024-12-18T15:50:37.773+0000] {processor.py:186} INFO - Started process (PID=4468) to work on /home/ubuntu/demo8/lib/python3.12/site-packages/airflow/example_dags/plugins/event_listener.py
[2024-12-18T15:50:37.775+0000] {processor.py:914} INFO - Processing file /home/ubuntu/demo8/lib/python3.12/site-packages/airflow/example_dags/plugins/event_listener.py for tasks to queue
[2024-12-18T15:50:37.777+0000] {logging_mixin.py:190} INFO - [2024-12-18T15:50:37.777+0000] {dagbag.py:588} INFO - Filling up the DagBag from /home/ubuntu/demo8/lib/python3.12/site-packages/airflow/example_dags/plugins/event_listener.py
[2024-12-18T15:50:37.780+0000] {processor.py:927} WARNING - No viable dags retrieved from /home/ubuntu/demo8/lib/python3.12/site-packages/airflow/example_dags/plugins/event_listener.py
[2024-12-18T15:50:37.791+0000] {processor.py:208} INFO - Processing /home/ubuntu/demo8/lib/python3.12/site-packages/airflow/example_dags/plugins/event_listener.py took 0.024 seconds
[2024-12-18T15:51:32.199+0000] {processor.py:186} INFO - Started process (PID=4533) to work on /home/ubuntu/demo8/lib/python3.12/site-packages/airflow/example_dags/plugins/event_listener.py
[2024-12-18T15:51:32.201+0000] {processor.py:914} INFO - Processing file /home/ubuntu/demo8/lib/python3.12/site-packages/airflow/example_dags/plugins/event_listener.py for tasks to queue
[2024-12-18T15:51:32.203+0000] {logging_mixin.py:190} INFO - [2024-12-18T15:51:32.203+0000] {dagbag.py:588} INFO - Filling up the DagBag from /home/ubuntu/demo8/lib/python3.12/site-packages/airflow/example_dags/plugins/event_listener.py
[2024-12-18T15:51:32.206+0000] {processor.py:927} WARNING - No viable dags retrieved from /home/ubuntu/demo8/lib/python3.12/site-packages/airflow/example_dags/plugins/event_listener.py
[2024-12-18T15:51:32.218+0000] {processor.py:208} INFO - Processing /home/ubuntu/demo8/lib/python3.12/site-packages/airflow/example_dags/plugins/event_listener.py took 0.025 seconds
[2024-12-18T15:52:26.239+0000] {processor.py:186} INFO - Started process (PID=4589) to work on /home/ubuntu/demo8/lib/python3.12/site-packages/airflow/example_dags/plugins/event_listener.py
[2024-12-18T15:52:26.241+0000] {processor.py:914} INFO - Processing file /home/ubuntu/demo8/lib/python3.12/site-packages/airflow/example_dags/plugins/event_listener.py for tasks to queue
[2024-12-18T15:52:26.243+0000] {logging_mixin.py:190} INFO - [2024-12-18T15:52:26.243+0000] {dagbag.py:588} INFO - Filling up the DagBag from /home/ubuntu/demo8/lib/python3.12/site-packages/airflow/example_dags/plugins/event_listener.py
[2024-12-18T15:52:26.246+0000] {processor.py:927} WARNING - No viable dags retrieved from /home/ubuntu/demo8/lib/python3.12/site-packages/airflow/example_dags/plugins/event_listener.py
[2024-12-18T15:52:26.258+0000] {processor.py:208} INFO - Processing /home/ubuntu/demo8/lib/python3.12/site-packages/airflow/example_dags/plugins/event_listener.py took 0.025 seconds
[2024-12-18T15:53:21.670+0000] {processor.py:186} INFO - Started process (PID=4646) to work on /home/ubuntu/demo8/lib/python3.12/site-packages/airflow/example_dags/plugins/event_listener.py
[2024-12-18T15:53:21.672+0000] {processor.py:914} INFO - Processing file /home/ubuntu/demo8/lib/python3.12/site-packages/airflow/example_dags/plugins/event_listener.py for tasks to queue
[2024-12-18T15:53:21.674+0000] {logging_mixin.py:190} INFO - [2024-12-18T15:53:21.673+0000] {dagbag.py:588} INFO - Filling up the DagBag from /home/ubuntu/demo8/lib/python3.12/site-packages/airflow/example_dags/plugins/event_listener.py
[2024-12-18T15:53:21.677+0000] {processor.py:927} WARNING - No viable dags retrieved from /home/ubuntu/demo8/lib/python3.12/site-packages/airflow/example_dags/plugins/event_listener.py
[2024-12-18T15:53:21.689+0000] {processor.py:208} INFO - Processing /home/ubuntu/demo8/lib/python3.12/site-packages/airflow/example_dags/plugins/event_listener.py took 0.025 seconds
[2024-12-18T15:53:55.483+0000] {processor.py:186} INFO - Started process (PID=4690) to work on /home/ubuntu/demo8/lib/python3.12/site-packages/airflow/example_dags/plugins/event_listener.py
[2024-12-18T15:53:55.485+0000] {processor.py:914} INFO - Processing file /home/ubuntu/demo8/lib/python3.12/site-packages/airflow/example_dags/plugins/event_listener.py for tasks to queue
[2024-12-18T15:53:55.487+0000] {logging_mixin.py:190} INFO - [2024-12-18T15:53:55.486+0000] {dagbag.py:588} INFO - Filling up the DagBag from /home/ubuntu/demo8/lib/python3.12/site-packages/airflow/example_dags/plugins/event_listener.py
[2024-12-18T15:53:55.489+0000] {processor.py:927} WARNING - No viable dags retrieved from /home/ubuntu/demo8/lib/python3.12/site-packages/airflow/example_dags/plugins/event_listener.py
[2024-12-18T15:53:55.501+0000] {processor.py:208} INFO - Processing /home/ubuntu/demo8/lib/python3.12/site-packages/airflow/example_dags/plugins/event_listener.py took 0.023 seconds
[2024-12-18T15:54:28.121+0000] {processor.py:186} INFO - Started process (PID=4739) to work on /home/ubuntu/demo8/lib/python3.12/site-packages/airflow/example_dags/plugins/event_listener.py
[2024-12-18T15:54:28.122+0000] {processor.py:914} INFO - Processing file /home/ubuntu/demo8/lib/python3.12/site-packages/airflow/example_dags/plugins/event_listener.py for tasks to queue
[2024-12-18T15:54:28.125+0000] {logging_mixin.py:190} INFO - [2024-12-18T15:54:28.124+0000] {dagbag.py:588} INFO - Filling up the DagBag from /home/ubuntu/demo8/lib/python3.12/site-packages/airflow/example_dags/plugins/event_listener.py
[2024-12-18T15:54:28.127+0000] {processor.py:927} WARNING - No viable dags retrieved from /home/ubuntu/demo8/lib/python3.12/site-packages/airflow/example_dags/plugins/event_listener.py
[2024-12-18T15:54:28.139+0000] {processor.py:208} INFO - Processing /home/ubuntu/demo8/lib/python3.12/site-packages/airflow/example_dags/plugins/event_listener.py took 0.024 seconds
[2024-12-18T15:55:23.873+0000] {processor.py:186} INFO - Started process (PID=4800) to work on /home/ubuntu/demo8/lib/python3.12/site-packages/airflow/example_dags/plugins/event_listener.py
[2024-12-18T15:55:23.874+0000] {processor.py:914} INFO - Processing file /home/ubuntu/demo8/lib/python3.12/site-packages/airflow/example_dags/plugins/event_listener.py for tasks to queue
[2024-12-18T15:55:23.877+0000] {logging_mixin.py:190} INFO - [2024-12-18T15:55:23.876+0000] {dagbag.py:588} INFO - Filling up the DagBag from /home/ubuntu/demo8/lib/python3.12/site-packages/airflow/example_dags/plugins/event_listener.py
[2024-12-18T15:55:23.879+0000] {processor.py:927} WARNING - No viable dags retrieved from /home/ubuntu/demo8/lib/python3.12/site-packages/airflow/example_dags/plugins/event_listener.py
[2024-12-18T15:55:23.891+0000] {processor.py:208} INFO - Processing /home/ubuntu/demo8/lib/python3.12/site-packages/airflow/example_dags/plugins/event_listener.py took 0.024 seconds
[2024-12-18T15:56:18.904+0000] {processor.py:186} INFO - Started process (PID=4857) to work on /home/ubuntu/demo8/lib/python3.12/site-packages/airflow/example_dags/plugins/event_listener.py
[2024-12-18T15:56:18.906+0000] {processor.py:914} INFO - Processing file /home/ubuntu/demo8/lib/python3.12/site-packages/airflow/example_dags/plugins/event_listener.py for tasks to queue
[2024-12-18T15:56:18.908+0000] {logging_mixin.py:190} INFO - [2024-12-18T15:56:18.907+0000] {dagbag.py:588} INFO - Filling up the DagBag from /home/ubuntu/demo8/lib/python3.12/site-packages/airflow/example_dags/plugins/event_listener.py
[2024-12-18T15:56:18.910+0000] {processor.py:927} WARNING - No viable dags retrieved from /home/ubuntu/demo8/lib/python3.12/site-packages/airflow/example_dags/plugins/event_listener.py
[2024-12-18T15:56:18.922+0000] {processor.py:208} INFO - Processing /home/ubuntu/demo8/lib/python3.12/site-packages/airflow/example_dags/plugins/event_listener.py took 0.024 seconds
[2024-12-18T15:56:55.606+0000] {processor.py:186} INFO - Started process (PID=4889) to work on /home/ubuntu/demo8/lib/python3.12/site-packages/airflow/example_dags/plugins/event_listener.py
[2024-12-18T15:56:55.608+0000] {processor.py:914} INFO - Processing file /home/ubuntu/demo8/lib/python3.12/site-packages/airflow/example_dags/plugins/event_listener.py for tasks to queue
[2024-12-18T15:56:55.610+0000] {logging_mixin.py:190} INFO - [2024-12-18T15:56:55.610+0000] {dagbag.py:588} INFO - Filling up the DagBag from /home/ubuntu/demo8/lib/python3.12/site-packages/airflow/example_dags/plugins/event_listener.py
[2024-12-18T15:56:55.613+0000] {processor.py:927} WARNING - No viable dags retrieved from /home/ubuntu/demo8/lib/python3.12/site-packages/airflow/example_dags/plugins/event_listener.py
[2024-12-18T15:56:55.625+0000] {processor.py:208} INFO - Processing /home/ubuntu/demo8/lib/python3.12/site-packages/airflow/example_dags/plugins/event_listener.py took 0.025 seconds
[2024-12-18T15:57:51.389+0000] {processor.py:186} INFO - Started process (PID=4947) to work on /home/ubuntu/demo8/lib/python3.12/site-packages/airflow/example_dags/plugins/event_listener.py
[2024-12-18T15:57:51.390+0000] {processor.py:914} INFO - Processing file /home/ubuntu/demo8/lib/python3.12/site-packages/airflow/example_dags/plugins/event_listener.py for tasks to queue
[2024-12-18T15:57:51.392+0000] {logging_mixin.py:190} INFO - [2024-12-18T15:57:51.392+0000] {dagbag.py:588} INFO - Filling up the DagBag from /home/ubuntu/demo8/lib/python3.12/site-packages/airflow/example_dags/plugins/event_listener.py
[2024-12-18T15:57:51.395+0000] {processor.py:927} WARNING - No viable dags retrieved from /home/ubuntu/demo8/lib/python3.12/site-packages/airflow/example_dags/plugins/event_listener.py
[2024-12-18T15:57:51.407+0000] {processor.py:208} INFO - Processing /home/ubuntu/demo8/lib/python3.12/site-packages/airflow/example_dags/plugins/event_listener.py took 0.024 seconds
[2024-12-18T15:58:46.412+0000] {processor.py:186} INFO - Started process (PID=5002) to work on /home/ubuntu/demo8/lib/python3.12/site-packages/airflow/example_dags/plugins/event_listener.py
[2024-12-18T15:58:46.414+0000] {processor.py:914} INFO - Processing file /home/ubuntu/demo8/lib/python3.12/site-packages/airflow/example_dags/plugins/event_listener.py for tasks to queue
[2024-12-18T15:58:46.416+0000] {logging_mixin.py:190} INFO - [2024-12-18T15:58:46.415+0000] {dagbag.py:588} INFO - Filling up the DagBag from /home/ubuntu/demo8/lib/python3.12/site-packages/airflow/example_dags/plugins/event_listener.py
[2024-12-18T15:58:46.418+0000] {processor.py:927} WARNING - No viable dags retrieved from /home/ubuntu/demo8/lib/python3.12/site-packages/airflow/example_dags/plugins/event_listener.py
[2024-12-18T15:58:46.430+0000] {processor.py:208} INFO - Processing /home/ubuntu/demo8/lib/python3.12/site-packages/airflow/example_dags/plugins/event_listener.py took 0.024 seconds
[2024-12-18T15:59:54.533+0000] {processor.py:186} INFO - Started process (PID=5070) to work on /home/ubuntu/demo8/lib/python3.12/site-packages/airflow/example_dags/plugins/event_listener.py
[2024-12-18T15:59:54.535+0000] {processor.py:914} INFO - Processing file /home/ubuntu/demo8/lib/python3.12/site-packages/airflow/example_dags/plugins/event_listener.py for tasks to queue
[2024-12-18T15:59:54.537+0000] {logging_mixin.py:190} INFO - [2024-12-18T15:59:54.537+0000] {dagbag.py:588} INFO - Filling up the DagBag from /home/ubuntu/demo8/lib/python3.12/site-packages/airflow/example_dags/plugins/event_listener.py
[2024-12-18T15:59:54.540+0000] {processor.py:927} WARNING - No viable dags retrieved from /home/ubuntu/demo8/lib/python3.12/site-packages/airflow/example_dags/plugins/event_listener.py
[2024-12-18T15:59:54.551+0000] {processor.py:208} INFO - Processing /home/ubuntu/demo8/lib/python3.12/site-packages/airflow/example_dags/plugins/event_listener.py took 0.024 seconds
[2024-12-18T16:00:50.209+0000] {processor.py:186} INFO - Started process (PID=5131) to work on /home/ubuntu/demo8/lib/python3.12/site-packages/airflow/example_dags/plugins/event_listener.py
[2024-12-18T16:00:50.210+0000] {processor.py:914} INFO - Processing file /home/ubuntu/demo8/lib/python3.12/site-packages/airflow/example_dags/plugins/event_listener.py for tasks to queue
[2024-12-18T16:00:50.212+0000] {logging_mixin.py:190} INFO - [2024-12-18T16:00:50.212+0000] {dagbag.py:588} INFO - Filling up the DagBag from /home/ubuntu/demo8/lib/python3.12/site-packages/airflow/example_dags/plugins/event_listener.py
[2024-12-18T16:00:50.215+0000] {processor.py:927} WARNING - No viable dags retrieved from /home/ubuntu/demo8/lib/python3.12/site-packages/airflow/example_dags/plugins/event_listener.py
[2024-12-18T16:00:50.226+0000] {processor.py:208} INFO - Processing /home/ubuntu/demo8/lib/python3.12/site-packages/airflow/example_dags/plugins/event_listener.py took 0.024 seconds
[2024-12-18T16:01:45.130+0000] {processor.py:186} INFO - Started process (PID=5188) to work on /home/ubuntu/demo8/lib/python3.12/site-packages/airflow/example_dags/plugins/event_listener.py
[2024-12-18T16:01:45.131+0000] {processor.py:914} INFO - Processing file /home/ubuntu/demo8/lib/python3.12/site-packages/airflow/example_dags/plugins/event_listener.py for tasks to queue
[2024-12-18T16:01:45.133+0000] {logging_mixin.py:190} INFO - [2024-12-18T16:01:45.133+0000] {dagbag.py:588} INFO - Filling up the DagBag from /home/ubuntu/demo8/lib/python3.12/site-packages/airflow/example_dags/plugins/event_listener.py
[2024-12-18T16:01:45.136+0000] {processor.py:927} WARNING - No viable dags retrieved from /home/ubuntu/demo8/lib/python3.12/site-packages/airflow/example_dags/plugins/event_listener.py
[2024-12-18T16:01:45.148+0000] {processor.py:208} INFO - Processing /home/ubuntu/demo8/lib/python3.12/site-packages/airflow/example_dags/plugins/event_listener.py took 0.025 seconds
[2024-12-18T16:02:37.362+0000] {processor.py:186} INFO - Started process (PID=5243) to work on /home/ubuntu/demo8/lib/python3.12/site-packages/airflow/example_dags/plugins/event_listener.py
[2024-12-18T16:02:37.363+0000] {processor.py:914} INFO - Processing file /home/ubuntu/demo8/lib/python3.12/site-packages/airflow/example_dags/plugins/event_listener.py for tasks to queue
[2024-12-18T16:02:37.366+0000] {logging_mixin.py:190} INFO - [2024-12-18T16:02:37.365+0000] {dagbag.py:588} INFO - Filling up the DagBag from /home/ubuntu/demo8/lib/python3.12/site-packages/airflow/example_dags/plugins/event_listener.py
[2024-12-18T16:02:37.368+0000] {processor.py:927} WARNING - No viable dags retrieved from /home/ubuntu/demo8/lib/python3.12/site-packages/airflow/example_dags/plugins/event_listener.py
[2024-12-18T16:02:37.379+0000] {processor.py:208} INFO - Processing /home/ubuntu/demo8/lib/python3.12/site-packages/airflow/example_dags/plugins/event_listener.py took 0.023 seconds
[2024-12-18T16:03:32.756+0000] {processor.py:186} INFO - Started process (PID=5298) to work on /home/ubuntu/demo8/lib/python3.12/site-packages/airflow/example_dags/plugins/event_listener.py
[2024-12-18T16:03:32.758+0000] {processor.py:914} INFO - Processing file /home/ubuntu/demo8/lib/python3.12/site-packages/airflow/example_dags/plugins/event_listener.py for tasks to queue
[2024-12-18T16:03:32.760+0000] {logging_mixin.py:190} INFO - [2024-12-18T16:03:32.760+0000] {dagbag.py:588} INFO - Filling up the DagBag from /home/ubuntu/demo8/lib/python3.12/site-packages/airflow/example_dags/plugins/event_listener.py
[2024-12-18T16:03:32.763+0000] {processor.py:927} WARNING - No viable dags retrieved from /home/ubuntu/demo8/lib/python3.12/site-packages/airflow/example_dags/plugins/event_listener.py
[2024-12-18T16:03:32.774+0000] {processor.py:208} INFO - Processing /home/ubuntu/demo8/lib/python3.12/site-packages/airflow/example_dags/plugins/event_listener.py took 0.024 seconds
[2024-12-18T20:29:21.296+0000] {processor.py:186} INFO - Started process (PID=2603) to work on /home/ubuntu/demo8/lib/python3.12/site-packages/airflow/example_dags/plugins/event_listener.py
[2024-12-18T20:29:21.298+0000] {processor.py:914} INFO - Processing file /home/ubuntu/demo8/lib/python3.12/site-packages/airflow/example_dags/plugins/event_listener.py for tasks to queue
[2024-12-18T20:29:21.300+0000] {logging_mixin.py:190} INFO - [2024-12-18T20:29:21.300+0000] {dagbag.py:588} INFO - Filling up the DagBag from /home/ubuntu/demo8/lib/python3.12/site-packages/airflow/example_dags/plugins/event_listener.py
[2024-12-18T20:29:21.303+0000] {processor.py:927} WARNING - No viable dags retrieved from /home/ubuntu/demo8/lib/python3.12/site-packages/airflow/example_dags/plugins/event_listener.py
[2024-12-18T20:29:21.315+0000] {processor.py:208} INFO - Processing /home/ubuntu/demo8/lib/python3.12/site-packages/airflow/example_dags/plugins/event_listener.py took 0.025 seconds
[2024-12-18T20:30:17.217+0000] {processor.py:186} INFO - Started process (PID=2849) to work on /home/ubuntu/demo8/lib/python3.12/site-packages/airflow/example_dags/plugins/event_listener.py
[2024-12-18T20:30:17.219+0000] {processor.py:914} INFO - Processing file /home/ubuntu/demo8/lib/python3.12/site-packages/airflow/example_dags/plugins/event_listener.py for tasks to queue
[2024-12-18T20:30:17.221+0000] {logging_mixin.py:190} INFO - [2024-12-18T20:30:17.220+0000] {dagbag.py:588} INFO - Filling up the DagBag from /home/ubuntu/demo8/lib/python3.12/site-packages/airflow/example_dags/plugins/event_listener.py
[2024-12-18T20:30:17.224+0000] {processor.py:927} WARNING - No viable dags retrieved from /home/ubuntu/demo8/lib/python3.12/site-packages/airflow/example_dags/plugins/event_listener.py
[2024-12-18T20:30:17.236+0000] {processor.py:208} INFO - Processing /home/ubuntu/demo8/lib/python3.12/site-packages/airflow/example_dags/plugins/event_listener.py took 0.025 seconds
[2024-12-18T20:31:15.039+0000] {processor.py:186} INFO - Started process (PID=3064) to work on /home/ubuntu/demo8/lib/python3.12/site-packages/airflow/example_dags/plugins/event_listener.py
[2024-12-18T20:31:15.041+0000] {processor.py:914} INFO - Processing file /home/ubuntu/demo8/lib/python3.12/site-packages/airflow/example_dags/plugins/event_listener.py for tasks to queue
[2024-12-18T20:31:15.043+0000] {logging_mixin.py:190} INFO - [2024-12-18T20:31:15.043+0000] {dagbag.py:588} INFO - Filling up the DagBag from /home/ubuntu/demo8/lib/python3.12/site-packages/airflow/example_dags/plugins/event_listener.py
[2024-12-18T20:31:15.046+0000] {processor.py:927} WARNING - No viable dags retrieved from /home/ubuntu/demo8/lib/python3.12/site-packages/airflow/example_dags/plugins/event_listener.py
[2024-12-18T20:31:15.058+0000] {processor.py:208} INFO - Processing /home/ubuntu/demo8/lib/python3.12/site-packages/airflow/example_dags/plugins/event_listener.py took 0.025 seconds
[2024-12-18T20:32:09.564+0000] {processor.py:186} INFO - Started process (PID=3255) to work on /home/ubuntu/demo8/lib/python3.12/site-packages/airflow/example_dags/plugins/event_listener.py
[2024-12-18T20:32:09.565+0000] {processor.py:914} INFO - Processing file /home/ubuntu/demo8/lib/python3.12/site-packages/airflow/example_dags/plugins/event_listener.py for tasks to queue
[2024-12-18T20:32:09.568+0000] {logging_mixin.py:190} INFO - [2024-12-18T20:32:09.567+0000] {dagbag.py:588} INFO - Filling up the DagBag from /home/ubuntu/demo8/lib/python3.12/site-packages/airflow/example_dags/plugins/event_listener.py
[2024-12-18T20:32:09.571+0000] {processor.py:927} WARNING - No viable dags retrieved from /home/ubuntu/demo8/lib/python3.12/site-packages/airflow/example_dags/plugins/event_listener.py
[2024-12-18T20:32:09.582+0000] {processor.py:208} INFO - Processing /home/ubuntu/demo8/lib/python3.12/site-packages/airflow/example_dags/plugins/event_listener.py took 0.024 seconds
[2024-12-18T20:33:04.993+0000] {processor.py:186} INFO - Started process (PID=3434) to work on /home/ubuntu/demo8/lib/python3.12/site-packages/airflow/example_dags/plugins/event_listener.py
[2024-12-18T20:33:04.995+0000] {processor.py:914} INFO - Processing file /home/ubuntu/demo8/lib/python3.12/site-packages/airflow/example_dags/plugins/event_listener.py for tasks to queue
[2024-12-18T20:33:04.998+0000] {logging_mixin.py:190} INFO - [2024-12-18T20:33:04.997+0000] {dagbag.py:588} INFO - Filling up the DagBag from /home/ubuntu/demo8/lib/python3.12/site-packages/airflow/example_dags/plugins/event_listener.py
[2024-12-18T20:33:05.000+0000] {processor.py:927} WARNING - No viable dags retrieved from /home/ubuntu/demo8/lib/python3.12/site-packages/airflow/example_dags/plugins/event_listener.py
[2024-12-18T20:33:05.012+0000] {processor.py:208} INFO - Processing /home/ubuntu/demo8/lib/python3.12/site-packages/airflow/example_dags/plugins/event_listener.py took 0.025 seconds
[2024-12-18T20:34:00.995+0000] {processor.py:186} INFO - Started process (PID=3551) to work on /home/ubuntu/demo8/lib/python3.12/site-packages/airflow/example_dags/plugins/event_listener.py
[2024-12-18T20:34:00.996+0000] {processor.py:914} INFO - Processing file /home/ubuntu/demo8/lib/python3.12/site-packages/airflow/example_dags/plugins/event_listener.py for tasks to queue
[2024-12-18T20:34:00.999+0000] {logging_mixin.py:190} INFO - [2024-12-18T20:34:00.999+0000] {dagbag.py:588} INFO - Filling up the DagBag from /home/ubuntu/demo8/lib/python3.12/site-packages/airflow/example_dags/plugins/event_listener.py
[2024-12-18T20:34:01.002+0000] {processor.py:927} WARNING - No viable dags retrieved from /home/ubuntu/demo8/lib/python3.12/site-packages/airflow/example_dags/plugins/event_listener.py
[2024-12-18T20:34:01.014+0000] {processor.py:208} INFO - Processing /home/ubuntu/demo8/lib/python3.12/site-packages/airflow/example_dags/plugins/event_listener.py took 0.026 seconds
[2024-12-18T20:35:08.598+0000] {processor.py:186} INFO - Started process (PID=3741) to work on /home/ubuntu/demo8/lib/python3.12/site-packages/airflow/example_dags/plugins/event_listener.py
[2024-12-18T20:35:08.599+0000] {processor.py:914} INFO - Processing file /home/ubuntu/demo8/lib/python3.12/site-packages/airflow/example_dags/plugins/event_listener.py for tasks to queue
[2024-12-18T20:35:08.602+0000] {logging_mixin.py:190} INFO - [2024-12-18T20:35:08.602+0000] {dagbag.py:588} INFO - Filling up the DagBag from /home/ubuntu/demo8/lib/python3.12/site-packages/airflow/example_dags/plugins/event_listener.py
[2024-12-18T20:35:08.605+0000] {processor.py:927} WARNING - No viable dags retrieved from /home/ubuntu/demo8/lib/python3.12/site-packages/airflow/example_dags/plugins/event_listener.py
[2024-12-18T20:35:08.616+0000] {processor.py:208} INFO - Processing /home/ubuntu/demo8/lib/python3.12/site-packages/airflow/example_dags/plugins/event_listener.py took 0.024 seconds
[2024-12-18T20:36:06.417+0000] {processor.py:186} INFO - Started process (PID=3861) to work on /home/ubuntu/demo8/lib/python3.12/site-packages/airflow/example_dags/plugins/event_listener.py
[2024-12-18T20:36:06.419+0000] {processor.py:914} INFO - Processing file /home/ubuntu/demo8/lib/python3.12/site-packages/airflow/example_dags/plugins/event_listener.py for tasks to queue
[2024-12-18T20:36:06.421+0000] {logging_mixin.py:190} INFO - [2024-12-18T20:36:06.421+0000] {dagbag.py:588} INFO - Filling up the DagBag from /home/ubuntu/demo8/lib/python3.12/site-packages/airflow/example_dags/plugins/event_listener.py
[2024-12-18T20:36:06.424+0000] {processor.py:927} WARNING - No viable dags retrieved from /home/ubuntu/demo8/lib/python3.12/site-packages/airflow/example_dags/plugins/event_listener.py
[2024-12-18T20:36:06.436+0000] {processor.py:208} INFO - Processing /home/ubuntu/demo8/lib/python3.12/site-packages/airflow/example_dags/plugins/event_listener.py took 0.025 seconds
[2024-12-18T20:37:03.396+0000] {processor.py:186} INFO - Started process (PID=3980) to work on /home/ubuntu/demo8/lib/python3.12/site-packages/airflow/example_dags/plugins/event_listener.py
[2024-12-18T20:37:03.397+0000] {processor.py:914} INFO - Processing file /home/ubuntu/demo8/lib/python3.12/site-packages/airflow/example_dags/plugins/event_listener.py for tasks to queue
[2024-12-18T20:37:03.399+0000] {logging_mixin.py:190} INFO - [2024-12-18T20:37:03.399+0000] {dagbag.py:588} INFO - Filling up the DagBag from /home/ubuntu/demo8/lib/python3.12/site-packages/airflow/example_dags/plugins/event_listener.py
[2024-12-18T20:37:03.402+0000] {processor.py:927} WARNING - No viable dags retrieved from /home/ubuntu/demo8/lib/python3.12/site-packages/airflow/example_dags/plugins/event_listener.py
[2024-12-18T20:37:03.414+0000] {processor.py:208} INFO - Processing /home/ubuntu/demo8/lib/python3.12/site-packages/airflow/example_dags/plugins/event_listener.py took 0.025 seconds
[2024-12-18T20:37:57.539+0000] {processor.py:186} INFO - Started process (PID=4096) to work on /home/ubuntu/demo8/lib/python3.12/site-packages/airflow/example_dags/plugins/event_listener.py
[2024-12-18T20:37:57.541+0000] {processor.py:914} INFO - Processing file /home/ubuntu/demo8/lib/python3.12/site-packages/airflow/example_dags/plugins/event_listener.py for tasks to queue
[2024-12-18T20:37:57.543+0000] {logging_mixin.py:190} INFO - [2024-12-18T20:37:57.543+0000] {dagbag.py:588} INFO - Filling up the DagBag from /home/ubuntu/demo8/lib/python3.12/site-packages/airflow/example_dags/plugins/event_listener.py
[2024-12-18T20:37:57.546+0000] {processor.py:927} WARNING - No viable dags retrieved from /home/ubuntu/demo8/lib/python3.12/site-packages/airflow/example_dags/plugins/event_listener.py
[2024-12-18T20:37:57.558+0000] {processor.py:208} INFO - Processing /home/ubuntu/demo8/lib/python3.12/site-packages/airflow/example_dags/plugins/event_listener.py took 0.025 seconds
[2024-12-18T20:38:53.929+0000] {processor.py:186} INFO - Started process (PID=4215) to work on /home/ubuntu/demo8/lib/python3.12/site-packages/airflow/example_dags/plugins/event_listener.py
[2024-12-18T20:38:53.930+0000] {processor.py:914} INFO - Processing file /home/ubuntu/demo8/lib/python3.12/site-packages/airflow/example_dags/plugins/event_listener.py for tasks to queue
[2024-12-18T20:38:53.933+0000] {logging_mixin.py:190} INFO - [2024-12-18T20:38:53.932+0000] {dagbag.py:588} INFO - Filling up the DagBag from /home/ubuntu/demo8/lib/python3.12/site-packages/airflow/example_dags/plugins/event_listener.py
[2024-12-18T20:38:53.935+0000] {processor.py:927} WARNING - No viable dags retrieved from /home/ubuntu/demo8/lib/python3.12/site-packages/airflow/example_dags/plugins/event_listener.py
[2024-12-18T20:38:53.947+0000] {processor.py:208} INFO - Processing /home/ubuntu/demo8/lib/python3.12/site-packages/airflow/example_dags/plugins/event_listener.py took 0.025 seconds
[2024-12-18T20:39:50.372+0000] {processor.py:186} INFO - Started process (PID=4392) to work on /home/ubuntu/demo8/lib/python3.12/site-packages/airflow/example_dags/plugins/event_listener.py
[2024-12-18T20:39:50.374+0000] {processor.py:914} INFO - Processing file /home/ubuntu/demo8/lib/python3.12/site-packages/airflow/example_dags/plugins/event_listener.py for tasks to queue
[2024-12-18T20:39:50.377+0000] {logging_mixin.py:190} INFO - [2024-12-18T20:39:50.376+0000] {dagbag.py:588} INFO - Filling up the DagBag from /home/ubuntu/demo8/lib/python3.12/site-packages/airflow/example_dags/plugins/event_listener.py
[2024-12-18T20:39:50.379+0000] {processor.py:927} WARNING - No viable dags retrieved from /home/ubuntu/demo8/lib/python3.12/site-packages/airflow/example_dags/plugins/event_listener.py
[2024-12-18T20:39:50.392+0000] {processor.py:208} INFO - Processing /home/ubuntu/demo8/lib/python3.12/site-packages/airflow/example_dags/plugins/event_listener.py took 0.026 seconds
[2024-12-18T20:40:46.761+0000] {processor.py:186} INFO - Started process (PID=4529) to work on /home/ubuntu/demo8/lib/python3.12/site-packages/airflow/example_dags/plugins/event_listener.py
[2024-12-18T20:40:46.763+0000] {processor.py:914} INFO - Processing file /home/ubuntu/demo8/lib/python3.12/site-packages/airflow/example_dags/plugins/event_listener.py for tasks to queue
[2024-12-18T20:40:46.765+0000] {logging_mixin.py:190} INFO - [2024-12-18T20:40:46.765+0000] {dagbag.py:588} INFO - Filling up the DagBag from /home/ubuntu/demo8/lib/python3.12/site-packages/airflow/example_dags/plugins/event_listener.py
[2024-12-18T20:40:46.768+0000] {processor.py:927} WARNING - No viable dags retrieved from /home/ubuntu/demo8/lib/python3.12/site-packages/airflow/example_dags/plugins/event_listener.py
[2024-12-18T20:40:46.779+0000] {processor.py:208} INFO - Processing /home/ubuntu/demo8/lib/python3.12/site-packages/airflow/example_dags/plugins/event_listener.py took 0.024 seconds
[2024-12-18T20:41:40.246+0000] {processor.py:186} INFO - Started process (PID=4648) to work on /home/ubuntu/demo8/lib/python3.12/site-packages/airflow/example_dags/plugins/event_listener.py
[2024-12-18T20:41:40.247+0000] {processor.py:914} INFO - Processing file /home/ubuntu/demo8/lib/python3.12/site-packages/airflow/example_dags/plugins/event_listener.py for tasks to queue
[2024-12-18T20:41:40.250+0000] {logging_mixin.py:190} INFO - [2024-12-18T20:41:40.249+0000] {dagbag.py:588} INFO - Filling up the DagBag from /home/ubuntu/demo8/lib/python3.12/site-packages/airflow/example_dags/plugins/event_listener.py
[2024-12-18T20:41:40.253+0000] {processor.py:927} WARNING - No viable dags retrieved from /home/ubuntu/demo8/lib/python3.12/site-packages/airflow/example_dags/plugins/event_listener.py
[2024-12-18T20:41:40.264+0000] {processor.py:208} INFO - Processing /home/ubuntu/demo8/lib/python3.12/site-packages/airflow/example_dags/plugins/event_listener.py took 0.024 seconds
[2024-12-18T20:42:34.201+0000] {processor.py:186} INFO - Started process (PID=4761) to work on /home/ubuntu/demo8/lib/python3.12/site-packages/airflow/example_dags/plugins/event_listener.py
[2024-12-18T20:42:34.202+0000] {processor.py:914} INFO - Processing file /home/ubuntu/demo8/lib/python3.12/site-packages/airflow/example_dags/plugins/event_listener.py for tasks to queue
[2024-12-18T20:42:34.205+0000] {logging_mixin.py:190} INFO - [2024-12-18T20:42:34.204+0000] {dagbag.py:588} INFO - Filling up the DagBag from /home/ubuntu/demo8/lib/python3.12/site-packages/airflow/example_dags/plugins/event_listener.py
[2024-12-18T20:42:34.208+0000] {processor.py:927} WARNING - No viable dags retrieved from /home/ubuntu/demo8/lib/python3.12/site-packages/airflow/example_dags/plugins/event_listener.py
[2024-12-18T20:42:34.219+0000] {processor.py:208} INFO - Processing /home/ubuntu/demo8/lib/python3.12/site-packages/airflow/example_dags/plugins/event_listener.py took 0.024 seconds
[2024-12-18T20:43:27.374+0000] {processor.py:186} INFO - Started process (PID=4878) to work on /home/ubuntu/demo8/lib/python3.12/site-packages/airflow/example_dags/plugins/event_listener.py
[2024-12-18T20:43:27.375+0000] {processor.py:914} INFO - Processing file /home/ubuntu/demo8/lib/python3.12/site-packages/airflow/example_dags/plugins/event_listener.py for tasks to queue
[2024-12-18T20:43:27.377+0000] {logging_mixin.py:190} INFO - [2024-12-18T20:43:27.377+0000] {dagbag.py:588} INFO - Filling up the DagBag from /home/ubuntu/demo8/lib/python3.12/site-packages/airflow/example_dags/plugins/event_listener.py
[2024-12-18T20:43:27.380+0000] {processor.py:927} WARNING - No viable dags retrieved from /home/ubuntu/demo8/lib/python3.12/site-packages/airflow/example_dags/plugins/event_listener.py
[2024-12-18T20:43:27.392+0000] {processor.py:208} INFO - Processing /home/ubuntu/demo8/lib/python3.12/site-packages/airflow/example_dags/plugins/event_listener.py took 0.024 seconds
[2024-12-18T20:44:21.324+0000] {processor.py:186} INFO - Started process (PID=4992) to work on /home/ubuntu/demo8/lib/python3.12/site-packages/airflow/example_dags/plugins/event_listener.py
[2024-12-18T20:44:21.326+0000] {processor.py:914} INFO - Processing file /home/ubuntu/demo8/lib/python3.12/site-packages/airflow/example_dags/plugins/event_listener.py for tasks to queue
[2024-12-18T20:44:21.329+0000] {logging_mixin.py:190} INFO - [2024-12-18T20:44:21.328+0000] {dagbag.py:588} INFO - Filling up the DagBag from /home/ubuntu/demo8/lib/python3.12/site-packages/airflow/example_dags/plugins/event_listener.py
[2024-12-18T20:44:21.331+0000] {processor.py:927} WARNING - No viable dags retrieved from /home/ubuntu/demo8/lib/python3.12/site-packages/airflow/example_dags/plugins/event_listener.py
[2024-12-18T20:44:21.356+0000] {processor.py:208} INFO - Processing /home/ubuntu/demo8/lib/python3.12/site-packages/airflow/example_dags/plugins/event_listener.py took 0.038 seconds
[2024-12-18T20:45:15.551+0000] {processor.py:186} INFO - Started process (PID=5116) to work on /home/ubuntu/demo8/lib/python3.12/site-packages/airflow/example_dags/plugins/event_listener.py
[2024-12-18T20:45:15.553+0000] {processor.py:914} INFO - Processing file /home/ubuntu/demo8/lib/python3.12/site-packages/airflow/example_dags/plugins/event_listener.py for tasks to queue
[2024-12-18T20:45:15.555+0000] {logging_mixin.py:190} INFO - [2024-12-18T20:45:15.555+0000] {dagbag.py:588} INFO - Filling up the DagBag from /home/ubuntu/demo8/lib/python3.12/site-packages/airflow/example_dags/plugins/event_listener.py
[2024-12-18T20:45:15.558+0000] {processor.py:927} WARNING - No viable dags retrieved from /home/ubuntu/demo8/lib/python3.12/site-packages/airflow/example_dags/plugins/event_listener.py
[2024-12-18T20:45:15.569+0000] {processor.py:208} INFO - Processing /home/ubuntu/demo8/lib/python3.12/site-packages/airflow/example_dags/plugins/event_listener.py took 0.025 seconds
[2024-12-18T20:46:57.785+0000] {processor.py:186} INFO - Started process (PID=5652) to work on /home/ubuntu/demo8/lib/python3.12/site-packages/airflow/example_dags/plugins/event_listener.py
[2024-12-18T20:46:57.787+0000] {processor.py:914} INFO - Processing file /home/ubuntu/demo8/lib/python3.12/site-packages/airflow/example_dags/plugins/event_listener.py for tasks to queue
[2024-12-18T20:46:57.790+0000] {logging_mixin.py:190} INFO - [2024-12-18T20:46:57.789+0000] {dagbag.py:588} INFO - Filling up the DagBag from /home/ubuntu/demo8/lib/python3.12/site-packages/airflow/example_dags/plugins/event_listener.py
[2024-12-18T20:46:57.792+0000] {processor.py:927} WARNING - No viable dags retrieved from /home/ubuntu/demo8/lib/python3.12/site-packages/airflow/example_dags/plugins/event_listener.py
[2024-12-18T20:46:57.804+0000] {processor.py:208} INFO - Processing /home/ubuntu/demo8/lib/python3.12/site-packages/airflow/example_dags/plugins/event_listener.py took 0.025 seconds
[2024-12-18T20:47:57.022+0000] {processor.py:186} INFO - Started process (PID=5926) to work on /home/ubuntu/demo8/lib/python3.12/site-packages/airflow/example_dags/plugins/event_listener.py
[2024-12-18T20:47:57.023+0000] {processor.py:914} INFO - Processing file /home/ubuntu/demo8/lib/python3.12/site-packages/airflow/example_dags/plugins/event_listener.py for tasks to queue
[2024-12-18T20:47:57.026+0000] {logging_mixin.py:190} INFO - [2024-12-18T20:47:57.025+0000] {dagbag.py:588} INFO - Filling up the DagBag from /home/ubuntu/demo8/lib/python3.12/site-packages/airflow/example_dags/plugins/event_listener.py
[2024-12-18T20:47:57.028+0000] {processor.py:927} WARNING - No viable dags retrieved from /home/ubuntu/demo8/lib/python3.12/site-packages/airflow/example_dags/plugins/event_listener.py
[2024-12-18T20:47:57.041+0000] {processor.py:208} INFO - Processing /home/ubuntu/demo8/lib/python3.12/site-packages/airflow/example_dags/plugins/event_listener.py took 0.025 seconds
[2024-12-18T20:48:54.943+0000] {processor.py:186} INFO - Started process (PID=6373) to work on /home/ubuntu/demo8/lib/python3.12/site-packages/airflow/example_dags/plugins/event_listener.py
[2024-12-18T20:48:54.944+0000] {processor.py:914} INFO - Processing file /home/ubuntu/demo8/lib/python3.12/site-packages/airflow/example_dags/plugins/event_listener.py for tasks to queue
[2024-12-18T20:48:54.947+0000] {logging_mixin.py:190} INFO - [2024-12-18T20:48:54.946+0000] {dagbag.py:588} INFO - Filling up the DagBag from /home/ubuntu/demo8/lib/python3.12/site-packages/airflow/example_dags/plugins/event_listener.py
[2024-12-18T20:48:54.949+0000] {processor.py:927} WARNING - No viable dags retrieved from /home/ubuntu/demo8/lib/python3.12/site-packages/airflow/example_dags/plugins/event_listener.py
[2024-12-18T20:48:54.961+0000] {processor.py:208} INFO - Processing /home/ubuntu/demo8/lib/python3.12/site-packages/airflow/example_dags/plugins/event_listener.py took 0.025 seconds
[2024-12-18T20:49:48.791+0000] {processor.py:186} INFO - Started process (PID=6462) to work on /home/ubuntu/demo8/lib/python3.12/site-packages/airflow/example_dags/plugins/event_listener.py
[2024-12-18T20:49:48.792+0000] {processor.py:914} INFO - Processing file /home/ubuntu/demo8/lib/python3.12/site-packages/airflow/example_dags/plugins/event_listener.py for tasks to queue
[2024-12-18T20:49:48.795+0000] {logging_mixin.py:190} INFO - [2024-12-18T20:49:48.794+0000] {dagbag.py:588} INFO - Filling up the DagBag from /home/ubuntu/demo8/lib/python3.12/site-packages/airflow/example_dags/plugins/event_listener.py
[2024-12-18T20:49:48.798+0000] {processor.py:927} WARNING - No viable dags retrieved from /home/ubuntu/demo8/lib/python3.12/site-packages/airflow/example_dags/plugins/event_listener.py
[2024-12-18T20:49:48.810+0000] {processor.py:208} INFO - Processing /home/ubuntu/demo8/lib/python3.12/site-packages/airflow/example_dags/plugins/event_listener.py took 0.026 seconds
[2024-12-18T20:50:46.620+0000] {processor.py:186} INFO - Started process (PID=6826) to work on /home/ubuntu/demo8/lib/python3.12/site-packages/airflow/example_dags/plugins/event_listener.py
[2024-12-18T20:50:46.622+0000] {processor.py:914} INFO - Processing file /home/ubuntu/demo8/lib/python3.12/site-packages/airflow/example_dags/plugins/event_listener.py for tasks to queue
[2024-12-18T20:50:46.625+0000] {logging_mixin.py:190} INFO - [2024-12-18T20:50:46.624+0000] {dagbag.py:588} INFO - Filling up the DagBag from /home/ubuntu/demo8/lib/python3.12/site-packages/airflow/example_dags/plugins/event_listener.py
[2024-12-18T20:50:46.627+0000] {processor.py:927} WARNING - No viable dags retrieved from /home/ubuntu/demo8/lib/python3.12/site-packages/airflow/example_dags/plugins/event_listener.py
[2024-12-18T20:50:46.640+0000] {processor.py:208} INFO - Processing /home/ubuntu/demo8/lib/python3.12/site-packages/airflow/example_dags/plugins/event_listener.py took 0.026 seconds
[2024-12-18T20:51:38.354+0000] {processor.py:186} INFO - Started process (PID=7054) to work on /home/ubuntu/demo8/lib/python3.12/site-packages/airflow/example_dags/plugins/event_listener.py
[2024-12-18T20:51:38.355+0000] {processor.py:914} INFO - Processing file /home/ubuntu/demo8/lib/python3.12/site-packages/airflow/example_dags/plugins/event_listener.py for tasks to queue
[2024-12-18T20:51:38.358+0000] {logging_mixin.py:190} INFO - [2024-12-18T20:51:38.358+0000] {dagbag.py:588} INFO - Filling up the DagBag from /home/ubuntu/demo8/lib/python3.12/site-packages/airflow/example_dags/plugins/event_listener.py
[2024-12-18T20:51:38.362+0000] {processor.py:927} WARNING - No viable dags retrieved from /home/ubuntu/demo8/lib/python3.12/site-packages/airflow/example_dags/plugins/event_listener.py
[2024-12-18T20:51:38.374+0000] {processor.py:208} INFO - Processing /home/ubuntu/demo8/lib/python3.12/site-packages/airflow/example_dags/plugins/event_listener.py took 0.027 seconds
