[2024-12-18T15:44:06.038+0000] {processor.py:186} INFO - Started process (PID=3632) to work on /home/ubuntu/demo8/lib/python3.12/site-packages/airflow/example_dags/plugins/listener_plugin.py
[2024-12-18T15:44:06.042+0000] {processor.py:914} INFO - Processing file /home/ubuntu/demo8/lib/python3.12/site-packages/airflow/example_dags/plugins/listener_plugin.py for tasks to queue
[2024-12-18T15:44:06.045+0000] {logging_mixin.py:190} INFO - [2024-12-18T15:44:06.045+0000] {dagbag.py:588} INFO - Filling up the DagBag from /home/ubuntu/demo8/lib/python3.12/site-packages/airflow/example_dags/plugins/listener_plugin.py
[2024-12-18T15:44:06.051+0000] {processor.py:927} WARNING - No viable dags retrieved from /home/ubuntu/demo8/lib/python3.12/site-packages/airflow/example_dags/plugins/listener_plugin.py
[2024-12-18T15:44:06.074+0000] {processor.py:208} INFO - Processing /home/ubuntu/demo8/lib/python3.12/site-packages/airflow/example_dags/plugins/listener_plugin.py took 0.046 seconds
[2024-12-18T15:45:17.423+0000] {processor.py:186} INFO - Started process (PID=3733) to work on /home/ubuntu/demo8/lib/python3.12/site-packages/airflow/example_dags/plugins/listener_plugin.py
[2024-12-18T15:45:17.425+0000] {processor.py:914} INFO - Processing file /home/ubuntu/demo8/lib/python3.12/site-packages/airflow/example_dags/plugins/listener_plugin.py for tasks to queue
[2024-12-18T15:45:17.427+0000] {logging_mixin.py:190} INFO - [2024-12-18T15:45:17.426+0000] {dagbag.py:588} INFO - Filling up the DagBag from /home/ubuntu/demo8/lib/python3.12/site-packages/airflow/example_dags/plugins/listener_plugin.py
[2024-12-18T15:45:17.429+0000] {processor.py:927} WARNING - No viable dags retrieved from /home/ubuntu/demo8/lib/python3.12/site-packages/airflow/example_dags/plugins/listener_plugin.py
[2024-12-18T15:45:17.441+0000] {processor.py:208} INFO - Processing /home/ubuntu/demo8/lib/python3.12/site-packages/airflow/example_dags/plugins/listener_plugin.py took 0.024 seconds
[2024-12-18T15:45:52.285+0000] {processor.py:186} INFO - Started process (PID=3768) to work on /home/ubuntu/demo8/lib/python3.12/site-packages/airflow/example_dags/plugins/listener_plugin.py
[2024-12-18T15:45:52.286+0000] {processor.py:914} INFO - Processing file /home/ubuntu/demo8/lib/python3.12/site-packages/airflow/example_dags/plugins/listener_plugin.py for tasks to queue
[2024-12-18T15:45:52.288+0000] {logging_mixin.py:190} INFO - [2024-12-18T15:45:52.288+0000] {dagbag.py:588} INFO - Filling up the DagBag from /home/ubuntu/demo8/lib/python3.12/site-packages/airflow/example_dags/plugins/listener_plugin.py
[2024-12-18T15:45:52.291+0000] {processor.py:927} WARNING - No viable dags retrieved from /home/ubuntu/demo8/lib/python3.12/site-packages/airflow/example_dags/plugins/listener_plugin.py
[2024-12-18T15:45:52.303+0000] {processor.py:208} INFO - Processing /home/ubuntu/demo8/lib/python3.12/site-packages/airflow/example_dags/plugins/listener_plugin.py took 0.024 seconds
[2024-12-18T15:46:47.773+0000] {processor.py:186} INFO - Started process (PID=3928) to work on /home/ubuntu/demo8/lib/python3.12/site-packages/airflow/example_dags/plugins/listener_plugin.py
[2024-12-18T15:46:47.776+0000] {processor.py:914} INFO - Processing file /home/ubuntu/demo8/lib/python3.12/site-packages/airflow/example_dags/plugins/listener_plugin.py for tasks to queue
[2024-12-18T15:46:47.780+0000] {logging_mixin.py:190} INFO - [2024-12-18T15:46:47.779+0000] {dagbag.py:588} INFO - Filling up the DagBag from /home/ubuntu/demo8/lib/python3.12/site-packages/airflow/example_dags/plugins/listener_plugin.py
[2024-12-18T15:46:47.786+0000] {processor.py:927} WARNING - No viable dags retrieved from /home/ubuntu/demo8/lib/python3.12/site-packages/airflow/example_dags/plugins/listener_plugin.py
[2024-12-18T15:46:47.810+0000] {processor.py:208} INFO - Processing /home/ubuntu/demo8/lib/python3.12/site-packages/airflow/example_dags/plugins/listener_plugin.py took 0.050 seconds
[2024-12-18T15:47:42.948+0000] {processor.py:186} INFO - Started process (PID=4290) to work on /home/ubuntu/demo8/lib/python3.12/site-packages/airflow/example_dags/plugins/listener_plugin.py
[2024-12-18T15:47:42.949+0000] {processor.py:914} INFO - Processing file /home/ubuntu/demo8/lib/python3.12/site-packages/airflow/example_dags/plugins/listener_plugin.py for tasks to queue
[2024-12-18T15:47:42.951+0000] {logging_mixin.py:190} INFO - [2024-12-18T15:47:42.951+0000] {dagbag.py:588} INFO - Filling up the DagBag from /home/ubuntu/demo8/lib/python3.12/site-packages/airflow/example_dags/plugins/listener_plugin.py
[2024-12-18T15:47:42.954+0000] {processor.py:927} WARNING - No viable dags retrieved from /home/ubuntu/demo8/lib/python3.12/site-packages/airflow/example_dags/plugins/listener_plugin.py
[2024-12-18T15:47:42.966+0000] {processor.py:208} INFO - Processing /home/ubuntu/demo8/lib/python3.12/site-packages/airflow/example_dags/plugins/listener_plugin.py took 0.024 seconds
[2024-12-18T15:48:36.868+0000] {processor.py:186} INFO - Started process (PID=4346) to work on /home/ubuntu/demo8/lib/python3.12/site-packages/airflow/example_dags/plugins/listener_plugin.py
[2024-12-18T15:48:36.869+0000] {processor.py:914} INFO - Processing file /home/ubuntu/demo8/lib/python3.12/site-packages/airflow/example_dags/plugins/listener_plugin.py for tasks to queue
[2024-12-18T15:48:36.871+0000] {logging_mixin.py:190} INFO - [2024-12-18T15:48:36.871+0000] {dagbag.py:588} INFO - Filling up the DagBag from /home/ubuntu/demo8/lib/python3.12/site-packages/airflow/example_dags/plugins/listener_plugin.py
[2024-12-18T15:48:36.874+0000] {processor.py:927} WARNING - No viable dags retrieved from /home/ubuntu/demo8/lib/python3.12/site-packages/airflow/example_dags/plugins/listener_plugin.py
[2024-12-18T15:48:36.886+0000] {processor.py:208} INFO - Processing /home/ubuntu/demo8/lib/python3.12/site-packages/airflow/example_dags/plugins/listener_plugin.py took 0.024 seconds
[2024-12-18T15:49:38.243+0000] {processor.py:186} INFO - Started process (PID=4402) to work on /home/ubuntu/demo8/lib/python3.12/site-packages/airflow/example_dags/plugins/listener_plugin.py
[2024-12-18T15:49:38.244+0000] {processor.py:914} INFO - Processing file /home/ubuntu/demo8/lib/python3.12/site-packages/airflow/example_dags/plugins/listener_plugin.py for tasks to queue
[2024-12-18T15:49:38.246+0000] {logging_mixin.py:190} INFO - [2024-12-18T15:49:38.246+0000] {dagbag.py:588} INFO - Filling up the DagBag from /home/ubuntu/demo8/lib/python3.12/site-packages/airflow/example_dags/plugins/listener_plugin.py
[2024-12-18T15:49:38.249+0000] {processor.py:927} WARNING - No viable dags retrieved from /home/ubuntu/demo8/lib/python3.12/site-packages/airflow/example_dags/plugins/listener_plugin.py
[2024-12-18T15:49:38.260+0000] {processor.py:208} INFO - Processing /home/ubuntu/demo8/lib/python3.12/site-packages/airflow/example_dags/plugins/listener_plugin.py took 0.023 seconds
[2024-12-18T15:50:36.051+0000] {processor.py:186} INFO - Started process (PID=4464) to work on /home/ubuntu/demo8/lib/python3.12/site-packages/airflow/example_dags/plugins/listener_plugin.py
[2024-12-18T15:50:36.053+0000] {processor.py:914} INFO - Processing file /home/ubuntu/demo8/lib/python3.12/site-packages/airflow/example_dags/plugins/listener_plugin.py for tasks to queue
[2024-12-18T15:50:36.055+0000] {logging_mixin.py:190} INFO - [2024-12-18T15:50:36.055+0000] {dagbag.py:588} INFO - Filling up the DagBag from /home/ubuntu/demo8/lib/python3.12/site-packages/airflow/example_dags/plugins/listener_plugin.py
[2024-12-18T15:50:36.058+0000] {processor.py:927} WARNING - No viable dags retrieved from /home/ubuntu/demo8/lib/python3.12/site-packages/airflow/example_dags/plugins/listener_plugin.py
[2024-12-18T15:50:36.070+0000] {processor.py:208} INFO - Processing /home/ubuntu/demo8/lib/python3.12/site-packages/airflow/example_dags/plugins/listener_plugin.py took 0.025 seconds
[2024-12-18T15:51:29.915+0000] {processor.py:186} INFO - Started process (PID=4531) to work on /home/ubuntu/demo8/lib/python3.12/site-packages/airflow/example_dags/plugins/listener_plugin.py
[2024-12-18T15:51:29.916+0000] {processor.py:914} INFO - Processing file /home/ubuntu/demo8/lib/python3.12/site-packages/airflow/example_dags/plugins/listener_plugin.py for tasks to queue
[2024-12-18T15:51:29.918+0000] {logging_mixin.py:190} INFO - [2024-12-18T15:51:29.918+0000] {dagbag.py:588} INFO - Filling up the DagBag from /home/ubuntu/demo8/lib/python3.12/site-packages/airflow/example_dags/plugins/listener_plugin.py
[2024-12-18T15:51:29.921+0000] {processor.py:927} WARNING - No viable dags retrieved from /home/ubuntu/demo8/lib/python3.12/site-packages/airflow/example_dags/plugins/listener_plugin.py
[2024-12-18T15:51:29.933+0000] {processor.py:208} INFO - Processing /home/ubuntu/demo8/lib/python3.12/site-packages/airflow/example_dags/plugins/listener_plugin.py took 0.025 seconds
[2024-12-18T15:52:24.437+0000] {processor.py:186} INFO - Started process (PID=4587) to work on /home/ubuntu/demo8/lib/python3.12/site-packages/airflow/example_dags/plugins/listener_plugin.py
[2024-12-18T15:52:24.438+0000] {processor.py:914} INFO - Processing file /home/ubuntu/demo8/lib/python3.12/site-packages/airflow/example_dags/plugins/listener_plugin.py for tasks to queue
[2024-12-18T15:52:24.440+0000] {logging_mixin.py:190} INFO - [2024-12-18T15:52:24.440+0000] {dagbag.py:588} INFO - Filling up the DagBag from /home/ubuntu/demo8/lib/python3.12/site-packages/airflow/example_dags/plugins/listener_plugin.py
[2024-12-18T15:52:24.443+0000] {processor.py:927} WARNING - No viable dags retrieved from /home/ubuntu/demo8/lib/python3.12/site-packages/airflow/example_dags/plugins/listener_plugin.py
[2024-12-18T15:52:24.455+0000] {processor.py:208} INFO - Processing /home/ubuntu/demo8/lib/python3.12/site-packages/airflow/example_dags/plugins/listener_plugin.py took 0.025 seconds
[2024-12-18T15:53:20.216+0000] {processor.py:186} INFO - Started process (PID=4644) to work on /home/ubuntu/demo8/lib/python3.12/site-packages/airflow/example_dags/plugins/listener_plugin.py
[2024-12-18T15:53:20.217+0000] {processor.py:914} INFO - Processing file /home/ubuntu/demo8/lib/python3.12/site-packages/airflow/example_dags/plugins/listener_plugin.py for tasks to queue
[2024-12-18T15:53:20.220+0000] {logging_mixin.py:190} INFO - [2024-12-18T15:53:20.219+0000] {dagbag.py:588} INFO - Filling up the DagBag from /home/ubuntu/demo8/lib/python3.12/site-packages/airflow/example_dags/plugins/listener_plugin.py
[2024-12-18T15:53:20.222+0000] {processor.py:927} WARNING - No viable dags retrieved from /home/ubuntu/demo8/lib/python3.12/site-packages/airflow/example_dags/plugins/listener_plugin.py
[2024-12-18T15:53:20.234+0000] {processor.py:208} INFO - Processing /home/ubuntu/demo8/lib/python3.12/site-packages/airflow/example_dags/plugins/listener_plugin.py took 0.024 seconds
[2024-12-18T15:53:53.998+0000] {processor.py:186} INFO - Started process (PID=4686) to work on /home/ubuntu/demo8/lib/python3.12/site-packages/airflow/example_dags/plugins/listener_plugin.py
[2024-12-18T15:53:54.000+0000] {processor.py:914} INFO - Processing file /home/ubuntu/demo8/lib/python3.12/site-packages/airflow/example_dags/plugins/listener_plugin.py for tasks to queue
[2024-12-18T15:53:54.002+0000] {logging_mixin.py:190} INFO - [2024-12-18T15:53:54.001+0000] {dagbag.py:588} INFO - Filling up the DagBag from /home/ubuntu/demo8/lib/python3.12/site-packages/airflow/example_dags/plugins/listener_plugin.py
[2024-12-18T15:53:54.004+0000] {processor.py:927} WARNING - No viable dags retrieved from /home/ubuntu/demo8/lib/python3.12/site-packages/airflow/example_dags/plugins/listener_plugin.py
[2024-12-18T15:53:54.020+0000] {processor.py:208} INFO - Processing /home/ubuntu/demo8/lib/python3.12/site-packages/airflow/example_dags/plugins/listener_plugin.py took 0.027 seconds
[2024-12-18T15:54:25.809+0000] {processor.py:186} INFO - Started process (PID=4733) to work on /home/ubuntu/demo8/lib/python3.12/site-packages/airflow/example_dags/plugins/listener_plugin.py
[2024-12-18T15:54:25.812+0000] {processor.py:914} INFO - Processing file /home/ubuntu/demo8/lib/python3.12/site-packages/airflow/example_dags/plugins/listener_plugin.py for tasks to queue
[2024-12-18T15:54:25.814+0000] {logging_mixin.py:190} INFO - [2024-12-18T15:54:25.814+0000] {dagbag.py:588} INFO - Filling up the DagBag from /home/ubuntu/demo8/lib/python3.12/site-packages/airflow/example_dags/plugins/listener_plugin.py
[2024-12-18T15:54:25.820+0000] {processor.py:927} WARNING - No viable dags retrieved from /home/ubuntu/demo8/lib/python3.12/site-packages/airflow/example_dags/plugins/listener_plugin.py
[2024-12-18T15:54:25.836+0000] {processor.py:208} INFO - Processing /home/ubuntu/demo8/lib/python3.12/site-packages/airflow/example_dags/plugins/listener_plugin.py took 0.040 seconds
[2024-12-18T15:55:22.577+0000] {processor.py:186} INFO - Started process (PID=4798) to work on /home/ubuntu/demo8/lib/python3.12/site-packages/airflow/example_dags/plugins/listener_plugin.py
[2024-12-18T15:55:22.579+0000] {processor.py:914} INFO - Processing file /home/ubuntu/demo8/lib/python3.12/site-packages/airflow/example_dags/plugins/listener_plugin.py for tasks to queue
[2024-12-18T15:55:22.581+0000] {logging_mixin.py:190} INFO - [2024-12-18T15:55:22.581+0000] {dagbag.py:588} INFO - Filling up the DagBag from /home/ubuntu/demo8/lib/python3.12/site-packages/airflow/example_dags/plugins/listener_plugin.py
[2024-12-18T15:55:22.583+0000] {processor.py:927} WARNING - No viable dags retrieved from /home/ubuntu/demo8/lib/python3.12/site-packages/airflow/example_dags/plugins/listener_plugin.py
[2024-12-18T15:55:22.596+0000] {processor.py:208} INFO - Processing /home/ubuntu/demo8/lib/python3.12/site-packages/airflow/example_dags/plugins/listener_plugin.py took 0.024 seconds
[2024-12-18T15:56:16.623+0000] {processor.py:186} INFO - Started process (PID=4855) to work on /home/ubuntu/demo8/lib/python3.12/site-packages/airflow/example_dags/plugins/listener_plugin.py
[2024-12-18T15:56:16.624+0000] {processor.py:914} INFO - Processing file /home/ubuntu/demo8/lib/python3.12/site-packages/airflow/example_dags/plugins/listener_plugin.py for tasks to queue
[2024-12-18T15:56:16.626+0000] {logging_mixin.py:190} INFO - [2024-12-18T15:56:16.626+0000] {dagbag.py:588} INFO - Filling up the DagBag from /home/ubuntu/demo8/lib/python3.12/site-packages/airflow/example_dags/plugins/listener_plugin.py
[2024-12-18T15:56:16.629+0000] {processor.py:927} WARNING - No viable dags retrieved from /home/ubuntu/demo8/lib/python3.12/site-packages/airflow/example_dags/plugins/listener_plugin.py
[2024-12-18T15:56:16.641+0000] {processor.py:208} INFO - Processing /home/ubuntu/demo8/lib/python3.12/site-packages/airflow/example_dags/plugins/listener_plugin.py took 0.024 seconds
[2024-12-18T15:56:53.305+0000] {processor.py:186} INFO - Started process (PID=4887) to work on /home/ubuntu/demo8/lib/python3.12/site-packages/airflow/example_dags/plugins/listener_plugin.py
[2024-12-18T15:56:53.306+0000] {processor.py:914} INFO - Processing file /home/ubuntu/demo8/lib/python3.12/site-packages/airflow/example_dags/plugins/listener_plugin.py for tasks to queue
[2024-12-18T15:56:53.308+0000] {logging_mixin.py:190} INFO - [2024-12-18T15:56:53.308+0000] {dagbag.py:588} INFO - Filling up the DagBag from /home/ubuntu/demo8/lib/python3.12/site-packages/airflow/example_dags/plugins/listener_plugin.py
[2024-12-18T15:56:53.311+0000] {processor.py:927} WARNING - No viable dags retrieved from /home/ubuntu/demo8/lib/python3.12/site-packages/airflow/example_dags/plugins/listener_plugin.py
[2024-12-18T15:56:53.327+0000] {processor.py:208} INFO - Processing /home/ubuntu/demo8/lib/python3.12/site-packages/airflow/example_dags/plugins/listener_plugin.py took 0.028 seconds
[2024-12-18T15:57:49.995+0000] {processor.py:186} INFO - Started process (PID=4945) to work on /home/ubuntu/demo8/lib/python3.12/site-packages/airflow/example_dags/plugins/listener_plugin.py
[2024-12-18T15:57:49.996+0000] {processor.py:914} INFO - Processing file /home/ubuntu/demo8/lib/python3.12/site-packages/airflow/example_dags/plugins/listener_plugin.py for tasks to queue
[2024-12-18T15:57:49.998+0000] {logging_mixin.py:190} INFO - [2024-12-18T15:57:49.998+0000] {dagbag.py:588} INFO - Filling up the DagBag from /home/ubuntu/demo8/lib/python3.12/site-packages/airflow/example_dags/plugins/listener_plugin.py
[2024-12-18T15:57:50.001+0000] {processor.py:927} WARNING - No viable dags retrieved from /home/ubuntu/demo8/lib/python3.12/site-packages/airflow/example_dags/plugins/listener_plugin.py
[2024-12-18T15:57:50.012+0000] {processor.py:208} INFO - Processing /home/ubuntu/demo8/lib/python3.12/site-packages/airflow/example_dags/plugins/listener_plugin.py took 0.024 seconds
[2024-12-18T15:58:44.130+0000] {processor.py:186} INFO - Started process (PID=5000) to work on /home/ubuntu/demo8/lib/python3.12/site-packages/airflow/example_dags/plugins/listener_plugin.py
[2024-12-18T15:58:44.132+0000] {processor.py:914} INFO - Processing file /home/ubuntu/demo8/lib/python3.12/site-packages/airflow/example_dags/plugins/listener_plugin.py for tasks to queue
[2024-12-18T15:58:44.134+0000] {logging_mixin.py:190} INFO - [2024-12-18T15:58:44.134+0000] {dagbag.py:588} INFO - Filling up the DagBag from /home/ubuntu/demo8/lib/python3.12/site-packages/airflow/example_dags/plugins/listener_plugin.py
[2024-12-18T15:58:44.137+0000] {processor.py:927} WARNING - No viable dags retrieved from /home/ubuntu/demo8/lib/python3.12/site-packages/airflow/example_dags/plugins/listener_plugin.py
[2024-12-18T15:58:44.149+0000] {processor.py:208} INFO - Processing /home/ubuntu/demo8/lib/python3.12/site-packages/airflow/example_dags/plugins/listener_plugin.py took 0.025 seconds
[2024-12-18T15:59:52.238+0000] {processor.py:186} INFO - Started process (PID=5066) to work on /home/ubuntu/demo8/lib/python3.12/site-packages/airflow/example_dags/plugins/listener_plugin.py
[2024-12-18T15:59:52.240+0000] {processor.py:914} INFO - Processing file /home/ubuntu/demo8/lib/python3.12/site-packages/airflow/example_dags/plugins/listener_plugin.py for tasks to queue
[2024-12-18T15:59:52.242+0000] {logging_mixin.py:190} INFO - [2024-12-18T15:59:52.242+0000] {dagbag.py:588} INFO - Filling up the DagBag from /home/ubuntu/demo8/lib/python3.12/site-packages/airflow/example_dags/plugins/listener_plugin.py
[2024-12-18T15:59:52.245+0000] {processor.py:927} WARNING - No viable dags retrieved from /home/ubuntu/demo8/lib/python3.12/site-packages/airflow/example_dags/plugins/listener_plugin.py
[2024-12-18T15:59:52.259+0000] {processor.py:208} INFO - Processing /home/ubuntu/demo8/lib/python3.12/site-packages/airflow/example_dags/plugins/listener_plugin.py took 0.028 seconds
[2024-12-18T16:00:48.823+0000] {processor.py:186} INFO - Started process (PID=5129) to work on /home/ubuntu/demo8/lib/python3.12/site-packages/airflow/example_dags/plugins/listener_plugin.py
[2024-12-18T16:00:48.824+0000] {processor.py:914} INFO - Processing file /home/ubuntu/demo8/lib/python3.12/site-packages/airflow/example_dags/plugins/listener_plugin.py for tasks to queue
[2024-12-18T16:00:48.827+0000] {logging_mixin.py:190} INFO - [2024-12-18T16:00:48.826+0000] {dagbag.py:588} INFO - Filling up the DagBag from /home/ubuntu/demo8/lib/python3.12/site-packages/airflow/example_dags/plugins/listener_plugin.py
[2024-12-18T16:00:48.829+0000] {processor.py:927} WARNING - No viable dags retrieved from /home/ubuntu/demo8/lib/python3.12/site-packages/airflow/example_dags/plugins/listener_plugin.py
[2024-12-18T16:00:48.841+0000] {processor.py:208} INFO - Processing /home/ubuntu/demo8/lib/python3.12/site-packages/airflow/example_dags/plugins/listener_plugin.py took 0.024 seconds
[2024-12-18T16:01:42.847+0000] {processor.py:186} INFO - Started process (PID=5186) to work on /home/ubuntu/demo8/lib/python3.12/site-packages/airflow/example_dags/plugins/listener_plugin.py
[2024-12-18T16:01:42.848+0000] {processor.py:914} INFO - Processing file /home/ubuntu/demo8/lib/python3.12/site-packages/airflow/example_dags/plugins/listener_plugin.py for tasks to queue
[2024-12-18T16:01:42.851+0000] {logging_mixin.py:190} INFO - [2024-12-18T16:01:42.850+0000] {dagbag.py:588} INFO - Filling up the DagBag from /home/ubuntu/demo8/lib/python3.12/site-packages/airflow/example_dags/plugins/listener_plugin.py
[2024-12-18T16:01:42.853+0000] {processor.py:927} WARNING - No viable dags retrieved from /home/ubuntu/demo8/lib/python3.12/site-packages/airflow/example_dags/plugins/listener_plugin.py
[2024-12-18T16:01:42.865+0000] {processor.py:208} INFO - Processing /home/ubuntu/demo8/lib/python3.12/site-packages/airflow/example_dags/plugins/listener_plugin.py took 0.023 seconds
[2024-12-18T16:02:35.071+0000] {processor.py:186} INFO - Started process (PID=5241) to work on /home/ubuntu/demo8/lib/python3.12/site-packages/airflow/example_dags/plugins/listener_plugin.py
[2024-12-18T16:02:35.072+0000] {processor.py:914} INFO - Processing file /home/ubuntu/demo8/lib/python3.12/site-packages/airflow/example_dags/plugins/listener_plugin.py for tasks to queue
[2024-12-18T16:02:35.075+0000] {logging_mixin.py:190} INFO - [2024-12-18T16:02:35.074+0000] {dagbag.py:588} INFO - Filling up the DagBag from /home/ubuntu/demo8/lib/python3.12/site-packages/airflow/example_dags/plugins/listener_plugin.py
[2024-12-18T16:02:35.077+0000] {processor.py:927} WARNING - No viable dags retrieved from /home/ubuntu/demo8/lib/python3.12/site-packages/airflow/example_dags/plugins/listener_plugin.py
[2024-12-18T16:02:35.089+0000] {processor.py:208} INFO - Processing /home/ubuntu/demo8/lib/python3.12/site-packages/airflow/example_dags/plugins/listener_plugin.py took 0.024 seconds
[2024-12-18T16:03:31.335+0000] {processor.py:186} INFO - Started process (PID=5296) to work on /home/ubuntu/demo8/lib/python3.12/site-packages/airflow/example_dags/plugins/listener_plugin.py
[2024-12-18T16:03:31.337+0000] {processor.py:914} INFO - Processing file /home/ubuntu/demo8/lib/python3.12/site-packages/airflow/example_dags/plugins/listener_plugin.py for tasks to queue
[2024-12-18T16:03:31.339+0000] {logging_mixin.py:190} INFO - [2024-12-18T16:03:31.338+0000] {dagbag.py:588} INFO - Filling up the DagBag from /home/ubuntu/demo8/lib/python3.12/site-packages/airflow/example_dags/plugins/listener_plugin.py
[2024-12-18T16:03:31.341+0000] {processor.py:927} WARNING - No viable dags retrieved from /home/ubuntu/demo8/lib/python3.12/site-packages/airflow/example_dags/plugins/listener_plugin.py
[2024-12-18T16:03:31.353+0000] {processor.py:208} INFO - Processing /home/ubuntu/demo8/lib/python3.12/site-packages/airflow/example_dags/plugins/listener_plugin.py took 0.024 seconds
[2024-12-18T20:29:19.203+0000] {processor.py:186} INFO - Started process (PID=2599) to work on /home/ubuntu/demo8/lib/python3.12/site-packages/airflow/example_dags/plugins/listener_plugin.py
[2024-12-18T20:29:19.205+0000] {processor.py:914} INFO - Processing file /home/ubuntu/demo8/lib/python3.12/site-packages/airflow/example_dags/plugins/listener_plugin.py for tasks to queue
[2024-12-18T20:29:19.207+0000] {logging_mixin.py:190} INFO - [2024-12-18T20:29:19.207+0000] {dagbag.py:588} INFO - Filling up the DagBag from /home/ubuntu/demo8/lib/python3.12/site-packages/airflow/example_dags/plugins/listener_plugin.py
[2024-12-18T20:29:19.210+0000] {processor.py:927} WARNING - No viable dags retrieved from /home/ubuntu/demo8/lib/python3.12/site-packages/airflow/example_dags/plugins/listener_plugin.py
[2024-12-18T20:29:19.225+0000] {processor.py:208} INFO - Processing /home/ubuntu/demo8/lib/python3.12/site-packages/airflow/example_dags/plugins/listener_plugin.py took 0.029 seconds
[2024-12-18T20:30:15.722+0000] {processor.py:186} INFO - Started process (PID=2811) to work on /home/ubuntu/demo8/lib/python3.12/site-packages/airflow/example_dags/plugins/listener_plugin.py
[2024-12-18T20:30:15.724+0000] {processor.py:914} INFO - Processing file /home/ubuntu/demo8/lib/python3.12/site-packages/airflow/example_dags/plugins/listener_plugin.py for tasks to queue
[2024-12-18T20:30:15.726+0000] {logging_mixin.py:190} INFO - [2024-12-18T20:30:15.726+0000] {dagbag.py:588} INFO - Filling up the DagBag from /home/ubuntu/demo8/lib/python3.12/site-packages/airflow/example_dags/plugins/listener_plugin.py
[2024-12-18T20:30:15.729+0000] {processor.py:927} WARNING - No viable dags retrieved from /home/ubuntu/demo8/lib/python3.12/site-packages/airflow/example_dags/plugins/listener_plugin.py
[2024-12-18T20:30:15.740+0000] {processor.py:208} INFO - Processing /home/ubuntu/demo8/lib/python3.12/site-packages/airflow/example_dags/plugins/listener_plugin.py took 0.024 seconds
[2024-12-18T20:31:13.325+0000] {processor.py:186} INFO - Started process (PID=3062) to work on /home/ubuntu/demo8/lib/python3.12/site-packages/airflow/example_dags/plugins/listener_plugin.py
[2024-12-18T20:31:13.327+0000] {processor.py:914} INFO - Processing file /home/ubuntu/demo8/lib/python3.12/site-packages/airflow/example_dags/plugins/listener_plugin.py for tasks to queue
[2024-12-18T20:31:13.329+0000] {logging_mixin.py:190} INFO - [2024-12-18T20:31:13.329+0000] {dagbag.py:588} INFO - Filling up the DagBag from /home/ubuntu/demo8/lib/python3.12/site-packages/airflow/example_dags/plugins/listener_plugin.py
[2024-12-18T20:31:13.332+0000] {processor.py:927} WARNING - No viable dags retrieved from /home/ubuntu/demo8/lib/python3.12/site-packages/airflow/example_dags/plugins/listener_plugin.py
[2024-12-18T20:31:13.343+0000] {processor.py:208} INFO - Processing /home/ubuntu/demo8/lib/python3.12/site-packages/airflow/example_dags/plugins/listener_plugin.py took 0.024 seconds
[2024-12-18T20:32:07.281+0000] {processor.py:186} INFO - Started process (PID=3253) to work on /home/ubuntu/demo8/lib/python3.12/site-packages/airflow/example_dags/plugins/listener_plugin.py
[2024-12-18T20:32:07.283+0000] {processor.py:914} INFO - Processing file /home/ubuntu/demo8/lib/python3.12/site-packages/airflow/example_dags/plugins/listener_plugin.py for tasks to queue
[2024-12-18T20:32:07.285+0000] {logging_mixin.py:190} INFO - [2024-12-18T20:32:07.285+0000] {dagbag.py:588} INFO - Filling up the DagBag from /home/ubuntu/demo8/lib/python3.12/site-packages/airflow/example_dags/plugins/listener_plugin.py
[2024-12-18T20:32:07.288+0000] {processor.py:927} WARNING - No viable dags retrieved from /home/ubuntu/demo8/lib/python3.12/site-packages/airflow/example_dags/plugins/listener_plugin.py
[2024-12-18T20:32:07.300+0000] {processor.py:208} INFO - Processing /home/ubuntu/demo8/lib/python3.12/site-packages/airflow/example_dags/plugins/listener_plugin.py took 0.025 seconds
[2024-12-18T20:33:02.711+0000] {processor.py:186} INFO - Started process (PID=3432) to work on /home/ubuntu/demo8/lib/python3.12/site-packages/airflow/example_dags/plugins/listener_plugin.py
[2024-12-18T20:33:02.713+0000] {processor.py:914} INFO - Processing file /home/ubuntu/demo8/lib/python3.12/site-packages/airflow/example_dags/plugins/listener_plugin.py for tasks to queue
[2024-12-18T20:33:02.719+0000] {logging_mixin.py:190} INFO - [2024-12-18T20:33:02.717+0000] {dagbag.py:588} INFO - Filling up the DagBag from /home/ubuntu/demo8/lib/python3.12/site-packages/airflow/example_dags/plugins/listener_plugin.py
[2024-12-18T20:33:02.724+0000] {processor.py:927} WARNING - No viable dags retrieved from /home/ubuntu/demo8/lib/python3.12/site-packages/airflow/example_dags/plugins/listener_plugin.py
[2024-12-18T20:33:02.737+0000] {processor.py:208} INFO - Processing /home/ubuntu/demo8/lib/python3.12/site-packages/airflow/example_dags/plugins/listener_plugin.py took 0.039 seconds
[2024-12-18T20:33:59.105+0000] {processor.py:186} INFO - Started process (PID=3549) to work on /home/ubuntu/demo8/lib/python3.12/site-packages/airflow/example_dags/plugins/listener_plugin.py
[2024-12-18T20:33:59.107+0000] {processor.py:914} INFO - Processing file /home/ubuntu/demo8/lib/python3.12/site-packages/airflow/example_dags/plugins/listener_plugin.py for tasks to queue
[2024-12-18T20:33:59.110+0000] {logging_mixin.py:190} INFO - [2024-12-18T20:33:59.109+0000] {dagbag.py:588} INFO - Filling up the DagBag from /home/ubuntu/demo8/lib/python3.12/site-packages/airflow/example_dags/plugins/listener_plugin.py
[2024-12-18T20:33:59.112+0000] {processor.py:927} WARNING - No viable dags retrieved from /home/ubuntu/demo8/lib/python3.12/site-packages/airflow/example_dags/plugins/listener_plugin.py
[2024-12-18T20:33:59.124+0000] {processor.py:208} INFO - Processing /home/ubuntu/demo8/lib/python3.12/site-packages/airflow/example_dags/plugins/listener_plugin.py took 0.026 seconds
[2024-12-18T20:34:34.504+0000] {processor.py:186} INFO - Started process (PID=3702) to work on /home/ubuntu/demo8/lib/python3.12/site-packages/airflow/example_dags/plugins/listener_plugin.py
[2024-12-18T20:34:34.506+0000] {processor.py:914} INFO - Processing file /home/ubuntu/demo8/lib/python3.12/site-packages/airflow/example_dags/plugins/listener_plugin.py for tasks to queue
[2024-12-18T20:34:34.509+0000] {logging_mixin.py:190} INFO - [2024-12-18T20:34:34.508+0000] {dagbag.py:588} INFO - Filling up the DagBag from /home/ubuntu/demo8/lib/python3.12/site-packages/airflow/example_dags/plugins/listener_plugin.py
[2024-12-18T20:34:34.511+0000] {processor.py:927} WARNING - No viable dags retrieved from /home/ubuntu/demo8/lib/python3.12/site-packages/airflow/example_dags/plugins/listener_plugin.py
[2024-12-18T20:34:34.524+0000] {processor.py:208} INFO - Processing /home/ubuntu/demo8/lib/python3.12/site-packages/airflow/example_dags/plugins/listener_plugin.py took 0.026 seconds
[2024-12-18T20:35:07.447+0000] {processor.py:186} INFO - Started process (PID=3740) to work on /home/ubuntu/demo8/lib/python3.12/site-packages/airflow/example_dags/plugins/listener_plugin.py
[2024-12-18T20:35:07.449+0000] {processor.py:914} INFO - Processing file /home/ubuntu/demo8/lib/python3.12/site-packages/airflow/example_dags/plugins/listener_plugin.py for tasks to queue
[2024-12-18T20:35:07.451+0000] {logging_mixin.py:190} INFO - [2024-12-18T20:35:07.451+0000] {dagbag.py:588} INFO - Filling up the DagBag from /home/ubuntu/demo8/lib/python3.12/site-packages/airflow/example_dags/plugins/listener_plugin.py
[2024-12-18T20:35:07.454+0000] {processor.py:927} WARNING - No viable dags retrieved from /home/ubuntu/demo8/lib/python3.12/site-packages/airflow/example_dags/plugins/listener_plugin.py
[2024-12-18T20:35:07.466+0000] {processor.py:208} INFO - Processing /home/ubuntu/demo8/lib/python3.12/site-packages/airflow/example_dags/plugins/listener_plugin.py took 0.025 seconds
[2024-12-18T20:36:05.276+0000] {processor.py:186} INFO - Started process (PID=3860) to work on /home/ubuntu/demo8/lib/python3.12/site-packages/airflow/example_dags/plugins/listener_plugin.py
[2024-12-18T20:36:05.278+0000] {processor.py:914} INFO - Processing file /home/ubuntu/demo8/lib/python3.12/site-packages/airflow/example_dags/plugins/listener_plugin.py for tasks to queue
[2024-12-18T20:36:05.280+0000] {logging_mixin.py:190} INFO - [2024-12-18T20:36:05.280+0000] {dagbag.py:588} INFO - Filling up the DagBag from /home/ubuntu/demo8/lib/python3.12/site-packages/airflow/example_dags/plugins/listener_plugin.py
[2024-12-18T20:36:05.283+0000] {processor.py:927} WARNING - No viable dags retrieved from /home/ubuntu/demo8/lib/python3.12/site-packages/airflow/example_dags/plugins/listener_plugin.py
[2024-12-18T20:36:05.295+0000] {processor.py:208} INFO - Processing /home/ubuntu/demo8/lib/python3.12/site-packages/airflow/example_dags/plugins/listener_plugin.py took 0.025 seconds
[2024-12-18T20:37:02.251+0000] {processor.py:186} INFO - Started process (PID=3979) to work on /home/ubuntu/demo8/lib/python3.12/site-packages/airflow/example_dags/plugins/listener_plugin.py
[2024-12-18T20:37:02.253+0000] {processor.py:914} INFO - Processing file /home/ubuntu/demo8/lib/python3.12/site-packages/airflow/example_dags/plugins/listener_plugin.py for tasks to queue
[2024-12-18T20:37:02.255+0000] {logging_mixin.py:190} INFO - [2024-12-18T20:37:02.255+0000] {dagbag.py:588} INFO - Filling up the DagBag from /home/ubuntu/demo8/lib/python3.12/site-packages/airflow/example_dags/plugins/listener_plugin.py
[2024-12-18T20:37:02.258+0000] {processor.py:927} WARNING - No viable dags retrieved from /home/ubuntu/demo8/lib/python3.12/site-packages/airflow/example_dags/plugins/listener_plugin.py
[2024-12-18T20:37:02.270+0000] {processor.py:208} INFO - Processing /home/ubuntu/demo8/lib/python3.12/site-packages/airflow/example_dags/plugins/listener_plugin.py took 0.025 seconds
[2024-12-18T20:37:56.485+0000] {processor.py:186} INFO - Started process (PID=4095) to work on /home/ubuntu/demo8/lib/python3.12/site-packages/airflow/example_dags/plugins/listener_plugin.py
[2024-12-18T20:37:56.486+0000] {processor.py:914} INFO - Processing file /home/ubuntu/demo8/lib/python3.12/site-packages/airflow/example_dags/plugins/listener_plugin.py for tasks to queue
[2024-12-18T20:37:56.489+0000] {logging_mixin.py:190} INFO - [2024-12-18T20:37:56.488+0000] {dagbag.py:588} INFO - Filling up the DagBag from /home/ubuntu/demo8/lib/python3.12/site-packages/airflow/example_dags/plugins/listener_plugin.py
[2024-12-18T20:37:56.492+0000] {processor.py:927} WARNING - No viable dags retrieved from /home/ubuntu/demo8/lib/python3.12/site-packages/airflow/example_dags/plugins/listener_plugin.py
[2024-12-18T20:37:56.503+0000] {processor.py:208} INFO - Processing /home/ubuntu/demo8/lib/python3.12/site-packages/airflow/example_dags/plugins/listener_plugin.py took 0.025 seconds
[2024-12-18T20:38:53.140+0000] {processor.py:186} INFO - Started process (PID=4214) to work on /home/ubuntu/demo8/lib/python3.12/site-packages/airflow/example_dags/plugins/listener_plugin.py
[2024-12-18T20:38:53.142+0000] {processor.py:914} INFO - Processing file /home/ubuntu/demo8/lib/python3.12/site-packages/airflow/example_dags/plugins/listener_plugin.py for tasks to queue
[2024-12-18T20:38:53.144+0000] {logging_mixin.py:190} INFO - [2024-12-18T20:38:53.144+0000] {dagbag.py:588} INFO - Filling up the DagBag from /home/ubuntu/demo8/lib/python3.12/site-packages/airflow/example_dags/plugins/listener_plugin.py
[2024-12-18T20:38:53.147+0000] {processor.py:927} WARNING - No viable dags retrieved from /home/ubuntu/demo8/lib/python3.12/site-packages/airflow/example_dags/plugins/listener_plugin.py
[2024-12-18T20:38:53.159+0000] {processor.py:208} INFO - Processing /home/ubuntu/demo8/lib/python3.12/site-packages/airflow/example_dags/plugins/listener_plugin.py took 0.025 seconds
[2024-12-18T20:39:49.230+0000] {processor.py:186} INFO - Started process (PID=4391) to work on /home/ubuntu/demo8/lib/python3.12/site-packages/airflow/example_dags/plugins/listener_plugin.py
[2024-12-18T20:39:49.232+0000] {processor.py:914} INFO - Processing file /home/ubuntu/demo8/lib/python3.12/site-packages/airflow/example_dags/plugins/listener_plugin.py for tasks to queue
[2024-12-18T20:39:49.234+0000] {logging_mixin.py:190} INFO - [2024-12-18T20:39:49.234+0000] {dagbag.py:588} INFO - Filling up the DagBag from /home/ubuntu/demo8/lib/python3.12/site-packages/airflow/example_dags/plugins/listener_plugin.py
[2024-12-18T20:39:49.237+0000] {processor.py:927} WARNING - No viable dags retrieved from /home/ubuntu/demo8/lib/python3.12/site-packages/airflow/example_dags/plugins/listener_plugin.py
[2024-12-18T20:39:49.249+0000] {processor.py:208} INFO - Processing /home/ubuntu/demo8/lib/python3.12/site-packages/airflow/example_dags/plugins/listener_plugin.py took 0.025 seconds
[2024-12-18T20:40:45.618+0000] {processor.py:186} INFO - Started process (PID=4527) to work on /home/ubuntu/demo8/lib/python3.12/site-packages/airflow/example_dags/plugins/listener_plugin.py
[2024-12-18T20:40:45.620+0000] {processor.py:914} INFO - Processing file /home/ubuntu/demo8/lib/python3.12/site-packages/airflow/example_dags/plugins/listener_plugin.py for tasks to queue
[2024-12-18T20:40:45.622+0000] {logging_mixin.py:190} INFO - [2024-12-18T20:40:45.622+0000] {dagbag.py:588} INFO - Filling up the DagBag from /home/ubuntu/demo8/lib/python3.12/site-packages/airflow/example_dags/plugins/listener_plugin.py
[2024-12-18T20:40:45.625+0000] {processor.py:927} WARNING - No viable dags retrieved from /home/ubuntu/demo8/lib/python3.12/site-packages/airflow/example_dags/plugins/listener_plugin.py
[2024-12-18T20:40:45.637+0000] {processor.py:208} INFO - Processing /home/ubuntu/demo8/lib/python3.12/site-packages/airflow/example_dags/plugins/listener_plugin.py took 0.025 seconds
[2024-12-18T20:41:39.090+0000] {processor.py:186} INFO - Started process (PID=4647) to work on /home/ubuntu/demo8/lib/python3.12/site-packages/airflow/example_dags/plugins/listener_plugin.py
[2024-12-18T20:41:39.091+0000] {processor.py:914} INFO - Processing file /home/ubuntu/demo8/lib/python3.12/site-packages/airflow/example_dags/plugins/listener_plugin.py for tasks to queue
[2024-12-18T20:41:39.094+0000] {logging_mixin.py:190} INFO - [2024-12-18T20:41:39.093+0000] {dagbag.py:588} INFO - Filling up the DagBag from /home/ubuntu/demo8/lib/python3.12/site-packages/airflow/example_dags/plugins/listener_plugin.py
[2024-12-18T20:41:39.096+0000] {processor.py:927} WARNING - No viable dags retrieved from /home/ubuntu/demo8/lib/python3.12/site-packages/airflow/example_dags/plugins/listener_plugin.py
[2024-12-18T20:41:39.108+0000] {processor.py:208} INFO - Processing /home/ubuntu/demo8/lib/python3.12/site-packages/airflow/example_dags/plugins/listener_plugin.py took 0.025 seconds
[2024-12-18T20:42:33.060+0000] {processor.py:186} INFO - Started process (PID=4760) to work on /home/ubuntu/demo8/lib/python3.12/site-packages/airflow/example_dags/plugins/listener_plugin.py
[2024-12-18T20:42:33.062+0000] {processor.py:914} INFO - Processing file /home/ubuntu/demo8/lib/python3.12/site-packages/airflow/example_dags/plugins/listener_plugin.py for tasks to queue
[2024-12-18T20:42:33.065+0000] {logging_mixin.py:190} INFO - [2024-12-18T20:42:33.064+0000] {dagbag.py:588} INFO - Filling up the DagBag from /home/ubuntu/demo8/lib/python3.12/site-packages/airflow/example_dags/plugins/listener_plugin.py
[2024-12-18T20:42:33.067+0000] {processor.py:927} WARNING - No viable dags retrieved from /home/ubuntu/demo8/lib/python3.12/site-packages/airflow/example_dags/plugins/listener_plugin.py
[2024-12-18T20:42:33.079+0000] {processor.py:208} INFO - Processing /home/ubuntu/demo8/lib/python3.12/site-packages/airflow/example_dags/plugins/listener_plugin.py took 0.026 seconds
[2024-12-18T20:43:26.997+0000] {processor.py:186} INFO - Started process (PID=4877) to work on /home/ubuntu/demo8/lib/python3.12/site-packages/airflow/example_dags/plugins/listener_plugin.py
[2024-12-18T20:43:26.999+0000] {processor.py:914} INFO - Processing file /home/ubuntu/demo8/lib/python3.12/site-packages/airflow/example_dags/plugins/listener_plugin.py for tasks to queue
[2024-12-18T20:43:27.001+0000] {logging_mixin.py:190} INFO - [2024-12-18T20:43:27.001+0000] {dagbag.py:588} INFO - Filling up the DagBag from /home/ubuntu/demo8/lib/python3.12/site-packages/airflow/example_dags/plugins/listener_plugin.py
[2024-12-18T20:43:27.004+0000] {processor.py:927} WARNING - No viable dags retrieved from /home/ubuntu/demo8/lib/python3.12/site-packages/airflow/example_dags/plugins/listener_plugin.py
[2024-12-18T20:43:27.016+0000] {processor.py:208} INFO - Processing /home/ubuntu/demo8/lib/python3.12/site-packages/airflow/example_dags/plugins/listener_plugin.py took 0.025 seconds
[2024-12-18T20:44:20.183+0000] {processor.py:186} INFO - Started process (PID=4991) to work on /home/ubuntu/demo8/lib/python3.12/site-packages/airflow/example_dags/plugins/listener_plugin.py
[2024-12-18T20:44:20.185+0000] {processor.py:914} INFO - Processing file /home/ubuntu/demo8/lib/python3.12/site-packages/airflow/example_dags/plugins/listener_plugin.py for tasks to queue
[2024-12-18T20:44:20.188+0000] {logging_mixin.py:190} INFO - [2024-12-18T20:44:20.187+0000] {dagbag.py:588} INFO - Filling up the DagBag from /home/ubuntu/demo8/lib/python3.12/site-packages/airflow/example_dags/plugins/listener_plugin.py
[2024-12-18T20:44:20.191+0000] {processor.py:927} WARNING - No viable dags retrieved from /home/ubuntu/demo8/lib/python3.12/site-packages/airflow/example_dags/plugins/listener_plugin.py
[2024-12-18T20:44:20.203+0000] {processor.py:208} INFO - Processing /home/ubuntu/demo8/lib/python3.12/site-packages/airflow/example_dags/plugins/listener_plugin.py took 0.026 seconds
[2024-12-18T20:45:15.071+0000] {processor.py:186} INFO - Started process (PID=5115) to work on /home/ubuntu/demo8/lib/python3.12/site-packages/airflow/example_dags/plugins/listener_plugin.py
[2024-12-18T20:45:15.073+0000] {processor.py:914} INFO - Processing file /home/ubuntu/demo8/lib/python3.12/site-packages/airflow/example_dags/plugins/listener_plugin.py for tasks to queue
[2024-12-18T20:45:15.076+0000] {logging_mixin.py:190} INFO - [2024-12-18T20:45:15.075+0000] {dagbag.py:588} INFO - Filling up the DagBag from /home/ubuntu/demo8/lib/python3.12/site-packages/airflow/example_dags/plugins/listener_plugin.py
[2024-12-18T20:45:15.078+0000] {processor.py:927} WARNING - No viable dags retrieved from /home/ubuntu/demo8/lib/python3.12/site-packages/airflow/example_dags/plugins/listener_plugin.py
[2024-12-18T20:45:15.090+0000] {processor.py:208} INFO - Processing /home/ubuntu/demo8/lib/python3.12/site-packages/airflow/example_dags/plugins/listener_plugin.py took 0.025 seconds
[2024-12-18T20:46:55.528+0000] {processor.py:186} INFO - Started process (PID=5621) to work on /home/ubuntu/demo8/lib/python3.12/site-packages/airflow/example_dags/plugins/listener_plugin.py
[2024-12-18T20:46:55.532+0000] {processor.py:914} INFO - Processing file /home/ubuntu/demo8/lib/python3.12/site-packages/airflow/example_dags/plugins/listener_plugin.py for tasks to queue
[2024-12-18T20:46:55.535+0000] {logging_mixin.py:190} INFO - [2024-12-18T20:46:55.535+0000] {dagbag.py:588} INFO - Filling up the DagBag from /home/ubuntu/demo8/lib/python3.12/site-packages/airflow/example_dags/plugins/listener_plugin.py
[2024-12-18T20:46:55.540+0000] {processor.py:927} WARNING - No viable dags retrieved from /home/ubuntu/demo8/lib/python3.12/site-packages/airflow/example_dags/plugins/listener_plugin.py
[2024-12-18T20:46:55.567+0000] {processor.py:208} INFO - Processing /home/ubuntu/demo8/lib/python3.12/site-packages/airflow/example_dags/plugins/listener_plugin.py took 0.050 seconds
[2024-12-18T20:47:54.740+0000] {processor.py:186} INFO - Started process (PID=5924) to work on /home/ubuntu/demo8/lib/python3.12/site-packages/airflow/example_dags/plugins/listener_plugin.py
[2024-12-18T20:47:54.742+0000] {processor.py:914} INFO - Processing file /home/ubuntu/demo8/lib/python3.12/site-packages/airflow/example_dags/plugins/listener_plugin.py for tasks to queue
[2024-12-18T20:47:54.744+0000] {logging_mixin.py:190} INFO - [2024-12-18T20:47:54.744+0000] {dagbag.py:588} INFO - Filling up the DagBag from /home/ubuntu/demo8/lib/python3.12/site-packages/airflow/example_dags/plugins/listener_plugin.py
[2024-12-18T20:47:54.747+0000] {processor.py:927} WARNING - No viable dags retrieved from /home/ubuntu/demo8/lib/python3.12/site-packages/airflow/example_dags/plugins/listener_plugin.py
[2024-12-18T20:47:54.759+0000] {processor.py:208} INFO - Processing /home/ubuntu/demo8/lib/python3.12/site-packages/airflow/example_dags/plugins/listener_plugin.py took 0.025 seconds
[2024-12-18T20:48:52.650+0000] {processor.py:186} INFO - Started process (PID=6346) to work on /home/ubuntu/demo8/lib/python3.12/site-packages/airflow/example_dags/plugins/listener_plugin.py
[2024-12-18T20:48:52.651+0000] {processor.py:914} INFO - Processing file /home/ubuntu/demo8/lib/python3.12/site-packages/airflow/example_dags/plugins/listener_plugin.py for tasks to queue
[2024-12-18T20:48:52.654+0000] {logging_mixin.py:190} INFO - [2024-12-18T20:48:52.654+0000] {dagbag.py:588} INFO - Filling up the DagBag from /home/ubuntu/demo8/lib/python3.12/site-packages/airflow/example_dags/plugins/listener_plugin.py
[2024-12-18T20:48:52.657+0000] {processor.py:927} WARNING - No viable dags retrieved from /home/ubuntu/demo8/lib/python3.12/site-packages/airflow/example_dags/plugins/listener_plugin.py
[2024-12-18T20:48:52.669+0000] {processor.py:208} INFO - Processing /home/ubuntu/demo8/lib/python3.12/site-packages/airflow/example_dags/plugins/listener_plugin.py took 0.025 seconds
[2024-12-18T20:49:46.859+0000] {processor.py:186} INFO - Started process (PID=6460) to work on /home/ubuntu/demo8/lib/python3.12/site-packages/airflow/example_dags/plugins/listener_plugin.py
[2024-12-18T20:49:46.860+0000] {processor.py:914} INFO - Processing file /home/ubuntu/demo8/lib/python3.12/site-packages/airflow/example_dags/plugins/listener_plugin.py for tasks to queue
[2024-12-18T20:49:46.863+0000] {logging_mixin.py:190} INFO - [2024-12-18T20:49:46.862+0000] {dagbag.py:588} INFO - Filling up the DagBag from /home/ubuntu/demo8/lib/python3.12/site-packages/airflow/example_dags/plugins/listener_plugin.py
[2024-12-18T20:49:46.866+0000] {processor.py:927} WARNING - No viable dags retrieved from /home/ubuntu/demo8/lib/python3.12/site-packages/airflow/example_dags/plugins/listener_plugin.py
[2024-12-18T20:49:46.878+0000] {processor.py:208} INFO - Processing /home/ubuntu/demo8/lib/python3.12/site-packages/airflow/example_dags/plugins/listener_plugin.py took 0.025 seconds
[2024-12-18T20:50:44.322+0000] {processor.py:186} INFO - Started process (PID=6824) to work on /home/ubuntu/demo8/lib/python3.12/site-packages/airflow/example_dags/plugins/listener_plugin.py
[2024-12-18T20:50:44.324+0000] {processor.py:914} INFO - Processing file /home/ubuntu/demo8/lib/python3.12/site-packages/airflow/example_dags/plugins/listener_plugin.py for tasks to queue
[2024-12-18T20:50:44.327+0000] {logging_mixin.py:190} INFO - [2024-12-18T20:50:44.326+0000] {dagbag.py:588} INFO - Filling up the DagBag from /home/ubuntu/demo8/lib/python3.12/site-packages/airflow/example_dags/plugins/listener_plugin.py
[2024-12-18T20:50:44.329+0000] {processor.py:927} WARNING - No viable dags retrieved from /home/ubuntu/demo8/lib/python3.12/site-packages/airflow/example_dags/plugins/listener_plugin.py
[2024-12-18T20:50:44.341+0000] {processor.py:208} INFO - Processing /home/ubuntu/demo8/lib/python3.12/site-packages/airflow/example_dags/plugins/listener_plugin.py took 0.025 seconds
[2024-12-18T20:51:36.060+0000] {processor.py:186} INFO - Started process (PID=7052) to work on /home/ubuntu/demo8/lib/python3.12/site-packages/airflow/example_dags/plugins/listener_plugin.py
[2024-12-18T20:51:36.061+0000] {processor.py:914} INFO - Processing file /home/ubuntu/demo8/lib/python3.12/site-packages/airflow/example_dags/plugins/listener_plugin.py for tasks to queue
[2024-12-18T20:51:36.064+0000] {logging_mixin.py:190} INFO - [2024-12-18T20:51:36.064+0000] {dagbag.py:588} INFO - Filling up the DagBag from /home/ubuntu/demo8/lib/python3.12/site-packages/airflow/example_dags/plugins/listener_plugin.py
[2024-12-18T20:51:36.067+0000] {processor.py:927} WARNING - No viable dags retrieved from /home/ubuntu/demo8/lib/python3.12/site-packages/airflow/example_dags/plugins/listener_plugin.py
[2024-12-18T20:51:36.079+0000] {processor.py:208} INFO - Processing /home/ubuntu/demo8/lib/python3.12/site-packages/airflow/example_dags/plugins/listener_plugin.py took 0.026 seconds
