[2024-12-18T15:44:04.868+0000] {processor.py:186} INFO - Started process (PID=3631) to work on /home/ubuntu/demo8/lib/python3.12/site-packages/airflow/example_dags/plugins/workday.py
[2024-12-18T15:44:04.870+0000] {processor.py:914} INFO - Processing file /home/ubuntu/demo8/lib/python3.12/site-packages/airflow/example_dags/plugins/workday.py for tasks to queue
[2024-12-18T15:44:04.874+0000] {logging_mixin.py:190} INFO - [2024-12-18T15:44:04.874+0000] {dagbag.py:588} INFO - Filling up the DagBag from /home/ubuntu/demo8/lib/python3.12/site-packages/airflow/example_dags/plugins/workday.py
[2024-12-18T15:44:04.880+0000] {logging_mixin.py:190} INFO - [2024-12-18T15:44:04.880+0000] {workday.py:41} WARNING - Could not import pandas. Holidays will not be considered.
[2024-12-18T15:44:04.881+0000] {processor.py:927} WARNING - No viable dags retrieved from /home/ubuntu/demo8/lib/python3.12/site-packages/airflow/example_dags/plugins/workday.py
[2024-12-18T15:44:04.909+0000] {processor.py:208} INFO - Processing /home/ubuntu/demo8/lib/python3.12/site-packages/airflow/example_dags/plugins/workday.py took 0.053 seconds
[2024-12-18T15:45:16.361+0000] {processor.py:186} INFO - Started process (PID=3715) to work on /home/ubuntu/demo8/lib/python3.12/site-packages/airflow/example_dags/plugins/workday.py
[2024-12-18T15:45:16.362+0000] {processor.py:914} INFO - Processing file /home/ubuntu/demo8/lib/python3.12/site-packages/airflow/example_dags/plugins/workday.py for tasks to queue
[2024-12-18T15:45:16.366+0000] {logging_mixin.py:190} INFO - [2024-12-18T15:45:16.366+0000] {dagbag.py:588} INFO - Filling up the DagBag from /home/ubuntu/demo8/lib/python3.12/site-packages/airflow/example_dags/plugins/workday.py
[2024-12-18T15:45:16.372+0000] {logging_mixin.py:190} INFO - [2024-12-18T15:45:16.372+0000] {workday.py:41} WARNING - Could not import pandas. Holidays will not be considered.
[2024-12-18T15:45:16.374+0000] {processor.py:927} WARNING - No viable dags retrieved from /home/ubuntu/demo8/lib/python3.12/site-packages/airflow/example_dags/plugins/workday.py
[2024-12-18T15:45:16.397+0000] {processor.py:208} INFO - Processing /home/ubuntu/demo8/lib/python3.12/site-packages/airflow/example_dags/plugins/workday.py took 0.048 seconds
[2024-12-18T15:45:51.145+0000] {processor.py:186} INFO - Started process (PID=3767) to work on /home/ubuntu/demo8/lib/python3.12/site-packages/airflow/example_dags/plugins/workday.py
[2024-12-18T15:45:51.147+0000] {processor.py:914} INFO - Processing file /home/ubuntu/demo8/lib/python3.12/site-packages/airflow/example_dags/plugins/workday.py for tasks to queue
[2024-12-18T15:45:51.149+0000] {logging_mixin.py:190} INFO - [2024-12-18T15:45:51.148+0000] {dagbag.py:588} INFO - Filling up the DagBag from /home/ubuntu/demo8/lib/python3.12/site-packages/airflow/example_dags/plugins/workday.py
[2024-12-18T15:45:51.152+0000] {logging_mixin.py:190} INFO - [2024-12-18T15:45:51.152+0000] {workday.py:41} WARNING - Could not import pandas. Holidays will not be considered.
[2024-12-18T15:45:51.153+0000] {processor.py:927} WARNING - No viable dags retrieved from /home/ubuntu/demo8/lib/python3.12/site-packages/airflow/example_dags/plugins/workday.py
[2024-12-18T15:45:51.164+0000] {processor.py:208} INFO - Processing /home/ubuntu/demo8/lib/python3.12/site-packages/airflow/example_dags/plugins/workday.py took 0.025 seconds
[2024-12-18T15:46:46.482+0000] {processor.py:186} INFO - Started process (PID=3826) to work on /home/ubuntu/demo8/lib/python3.12/site-packages/airflow/example_dags/plugins/workday.py
[2024-12-18T15:46:46.484+0000] {processor.py:914} INFO - Processing file /home/ubuntu/demo8/lib/python3.12/site-packages/airflow/example_dags/plugins/workday.py for tasks to queue
[2024-12-18T15:46:46.487+0000] {logging_mixin.py:190} INFO - [2024-12-18T15:46:46.486+0000] {dagbag.py:588} INFO - Filling up the DagBag from /home/ubuntu/demo8/lib/python3.12/site-packages/airflow/example_dags/plugins/workday.py
[2024-12-18T15:46:46.490+0000] {logging_mixin.py:190} INFO - [2024-12-18T15:46:46.490+0000] {workday.py:41} WARNING - Could not import pandas. Holidays will not be considered.
[2024-12-18T15:46:46.490+0000] {processor.py:927} WARNING - No viable dags retrieved from /home/ubuntu/demo8/lib/python3.12/site-packages/airflow/example_dags/plugins/workday.py
[2024-12-18T15:46:46.502+0000] {processor.py:208} INFO - Processing /home/ubuntu/demo8/lib/python3.12/site-packages/airflow/example_dags/plugins/workday.py took 0.026 seconds
[2024-12-18T15:47:41.799+0000] {processor.py:186} INFO - Started process (PID=4289) to work on /home/ubuntu/demo8/lib/python3.12/site-packages/airflow/example_dags/plugins/workday.py
[2024-12-18T15:47:41.801+0000] {processor.py:914} INFO - Processing file /home/ubuntu/demo8/lib/python3.12/site-packages/airflow/example_dags/plugins/workday.py for tasks to queue
[2024-12-18T15:47:41.803+0000] {logging_mixin.py:190} INFO - [2024-12-18T15:47:41.802+0000] {dagbag.py:588} INFO - Filling up the DagBag from /home/ubuntu/demo8/lib/python3.12/site-packages/airflow/example_dags/plugins/workday.py
[2024-12-18T15:47:41.806+0000] {logging_mixin.py:190} INFO - [2024-12-18T15:47:41.806+0000] {workday.py:41} WARNING - Could not import pandas. Holidays will not be considered.
[2024-12-18T15:47:41.806+0000] {processor.py:927} WARNING - No viable dags retrieved from /home/ubuntu/demo8/lib/python3.12/site-packages/airflow/example_dags/plugins/workday.py
[2024-12-18T15:47:41.818+0000] {processor.py:208} INFO - Processing /home/ubuntu/demo8/lib/python3.12/site-packages/airflow/example_dags/plugins/workday.py took 0.025 seconds
[2024-12-18T15:48:35.721+0000] {processor.py:186} INFO - Started process (PID=4345) to work on /home/ubuntu/demo8/lib/python3.12/site-packages/airflow/example_dags/plugins/workday.py
[2024-12-18T15:48:35.722+0000] {processor.py:914} INFO - Processing file /home/ubuntu/demo8/lib/python3.12/site-packages/airflow/example_dags/plugins/workday.py for tasks to queue
[2024-12-18T15:48:35.725+0000] {logging_mixin.py:190} INFO - [2024-12-18T15:48:35.724+0000] {dagbag.py:588} INFO - Filling up the DagBag from /home/ubuntu/demo8/lib/python3.12/site-packages/airflow/example_dags/plugins/workday.py
[2024-12-18T15:48:35.728+0000] {logging_mixin.py:190} INFO - [2024-12-18T15:48:35.727+0000] {workday.py:41} WARNING - Could not import pandas. Holidays will not be considered.
[2024-12-18T15:48:35.728+0000] {processor.py:927} WARNING - No viable dags retrieved from /home/ubuntu/demo8/lib/python3.12/site-packages/airflow/example_dags/plugins/workday.py
[2024-12-18T15:48:35.739+0000] {processor.py:208} INFO - Processing /home/ubuntu/demo8/lib/python3.12/site-packages/airflow/example_dags/plugins/workday.py took 0.024 seconds
[2024-12-18T15:49:37.562+0000] {processor.py:186} INFO - Started process (PID=4401) to work on /home/ubuntu/demo8/lib/python3.12/site-packages/airflow/example_dags/plugins/workday.py
[2024-12-18T15:49:37.564+0000] {processor.py:914} INFO - Processing file /home/ubuntu/demo8/lib/python3.12/site-packages/airflow/example_dags/plugins/workday.py for tasks to queue
[2024-12-18T15:49:37.566+0000] {logging_mixin.py:190} INFO - [2024-12-18T15:49:37.565+0000] {dagbag.py:588} INFO - Filling up the DagBag from /home/ubuntu/demo8/lib/python3.12/site-packages/airflow/example_dags/plugins/workday.py
[2024-12-18T15:49:37.569+0000] {logging_mixin.py:190} INFO - [2024-12-18T15:49:37.569+0000] {workday.py:41} WARNING - Could not import pandas. Holidays will not be considered.
[2024-12-18T15:49:37.569+0000] {processor.py:927} WARNING - No viable dags retrieved from /home/ubuntu/demo8/lib/python3.12/site-packages/airflow/example_dags/plugins/workday.py
[2024-12-18T15:49:37.581+0000] {processor.py:208} INFO - Processing /home/ubuntu/demo8/lib/python3.12/site-packages/airflow/example_dags/plugins/workday.py took 0.025 seconds
[2024-12-18T15:50:09.946+0000] {processor.py:186} INFO - Started process (PID=4435) to work on /home/ubuntu/demo8/lib/python3.12/site-packages/airflow/example_dags/plugins/workday.py
[2024-12-18T15:50:09.947+0000] {processor.py:914} INFO - Processing file /home/ubuntu/demo8/lib/python3.12/site-packages/airflow/example_dags/plugins/workday.py for tasks to queue
[2024-12-18T15:50:09.950+0000] {logging_mixin.py:190} INFO - [2024-12-18T15:50:09.949+0000] {dagbag.py:588} INFO - Filling up the DagBag from /home/ubuntu/demo8/lib/python3.12/site-packages/airflow/example_dags/plugins/workday.py
[2024-12-18T15:50:09.953+0000] {logging_mixin.py:190} INFO - [2024-12-18T15:50:09.953+0000] {workday.py:41} WARNING - Could not import pandas. Holidays will not be considered.
[2024-12-18T15:50:09.953+0000] {processor.py:927} WARNING - No viable dags retrieved from /home/ubuntu/demo8/lib/python3.12/site-packages/airflow/example_dags/plugins/workday.py
[2024-12-18T15:50:09.965+0000] {processor.py:208} INFO - Processing /home/ubuntu/demo8/lib/python3.12/site-packages/airflow/example_dags/plugins/workday.py took 0.026 seconds
[2024-12-18T15:51:06.035+0000] {processor.py:186} INFO - Started process (PID=4504) to work on /home/ubuntu/demo8/lib/python3.12/site-packages/airflow/example_dags/plugins/workday.py
[2024-12-18T15:51:06.036+0000] {processor.py:914} INFO - Processing file /home/ubuntu/demo8/lib/python3.12/site-packages/airflow/example_dags/plugins/workday.py for tasks to queue
[2024-12-18T15:51:06.038+0000] {logging_mixin.py:190} INFO - [2024-12-18T15:51:06.038+0000] {dagbag.py:588} INFO - Filling up the DagBag from /home/ubuntu/demo8/lib/python3.12/site-packages/airflow/example_dags/plugins/workday.py
[2024-12-18T15:51:06.042+0000] {logging_mixin.py:190} INFO - [2024-12-18T15:51:06.042+0000] {workday.py:41} WARNING - Could not import pandas. Holidays will not be considered.
[2024-12-18T15:51:06.042+0000] {processor.py:927} WARNING - No viable dags retrieved from /home/ubuntu/demo8/lib/python3.12/site-packages/airflow/example_dags/plugins/workday.py
[2024-12-18T15:51:06.054+0000] {processor.py:208} INFO - Processing /home/ubuntu/demo8/lib/python3.12/site-packages/airflow/example_dags/plugins/workday.py took 0.026 seconds
[2024-12-18T15:51:57.623+0000] {processor.py:186} INFO - Started process (PID=4558) to work on /home/ubuntu/demo8/lib/python3.12/site-packages/airflow/example_dags/plugins/workday.py
[2024-12-18T15:51:57.625+0000] {processor.py:914} INFO - Processing file /home/ubuntu/demo8/lib/python3.12/site-packages/airflow/example_dags/plugins/workday.py for tasks to queue
[2024-12-18T15:51:57.628+0000] {logging_mixin.py:190} INFO - [2024-12-18T15:51:57.627+0000] {dagbag.py:588} INFO - Filling up the DagBag from /home/ubuntu/demo8/lib/python3.12/site-packages/airflow/example_dags/plugins/workday.py
[2024-12-18T15:51:57.632+0000] {logging_mixin.py:190} INFO - [2024-12-18T15:51:57.632+0000] {workday.py:41} WARNING - Could not import pandas. Holidays will not be considered.
[2024-12-18T15:51:57.633+0000] {processor.py:927} WARNING - No viable dags retrieved from /home/ubuntu/demo8/lib/python3.12/site-packages/airflow/example_dags/plugins/workday.py
[2024-12-18T15:51:57.651+0000] {processor.py:208} INFO - Processing /home/ubuntu/demo8/lib/python3.12/site-packages/airflow/example_dags/plugins/workday.py took 0.034 seconds
[2024-12-18T15:52:52.201+0000] {processor.py:186} INFO - Started process (PID=4616) to work on /home/ubuntu/demo8/lib/python3.12/site-packages/airflow/example_dags/plugins/workday.py
[2024-12-18T15:52:52.203+0000] {processor.py:914} INFO - Processing file /home/ubuntu/demo8/lib/python3.12/site-packages/airflow/example_dags/plugins/workday.py for tasks to queue
[2024-12-18T15:52:52.205+0000] {logging_mixin.py:190} INFO - [2024-12-18T15:52:52.205+0000] {dagbag.py:588} INFO - Filling up the DagBag from /home/ubuntu/demo8/lib/python3.12/site-packages/airflow/example_dags/plugins/workday.py
[2024-12-18T15:52:52.208+0000] {logging_mixin.py:190} INFO - [2024-12-18T15:52:52.208+0000] {workday.py:41} WARNING - Could not import pandas. Holidays will not be considered.
[2024-12-18T15:52:52.209+0000] {processor.py:927} WARNING - No viable dags retrieved from /home/ubuntu/demo8/lib/python3.12/site-packages/airflow/example_dags/plugins/workday.py
[2024-12-18T15:52:52.221+0000] {processor.py:208} INFO - Processing /home/ubuntu/demo8/lib/python3.12/site-packages/airflow/example_dags/plugins/workday.py took 0.026 seconds
[2024-12-18T15:53:47.314+0000] {processor.py:186} INFO - Started process (PID=4672) to work on /home/ubuntu/demo8/lib/python3.12/site-packages/airflow/example_dags/plugins/workday.py
[2024-12-18T15:53:47.316+0000] {processor.py:914} INFO - Processing file /home/ubuntu/demo8/lib/python3.12/site-packages/airflow/example_dags/plugins/workday.py for tasks to queue
[2024-12-18T15:53:47.318+0000] {logging_mixin.py:190} INFO - [2024-12-18T15:53:47.317+0000] {dagbag.py:588} INFO - Filling up the DagBag from /home/ubuntu/demo8/lib/python3.12/site-packages/airflow/example_dags/plugins/workday.py
[2024-12-18T15:53:47.321+0000] {logging_mixin.py:190} INFO - [2024-12-18T15:53:47.321+0000] {workday.py:41} WARNING - Could not import pandas. Holidays will not be considered.
[2024-12-18T15:53:47.322+0000] {processor.py:927} WARNING - No viable dags retrieved from /home/ubuntu/demo8/lib/python3.12/site-packages/airflow/example_dags/plugins/workday.py
[2024-12-18T15:53:47.334+0000] {processor.py:208} INFO - Processing /home/ubuntu/demo8/lib/python3.12/site-packages/airflow/example_dags/plugins/workday.py took 0.026 seconds
[2024-12-18T15:53:52.858+0000] {processor.py:186} INFO - Started process (PID=4684) to work on /home/ubuntu/demo8/lib/python3.12/site-packages/airflow/example_dags/plugins/workday.py
[2024-12-18T15:53:52.859+0000] {processor.py:914} INFO - Processing file /home/ubuntu/demo8/lib/python3.12/site-packages/airflow/example_dags/plugins/workday.py for tasks to queue
[2024-12-18T15:53:52.861+0000] {logging_mixin.py:190} INFO - [2024-12-18T15:53:52.861+0000] {dagbag.py:588} INFO - Filling up the DagBag from /home/ubuntu/demo8/lib/python3.12/site-packages/airflow/example_dags/plugins/workday.py
[2024-12-18T15:53:52.864+0000] {logging_mixin.py:190} INFO - [2024-12-18T15:53:52.864+0000] {workday.py:41} WARNING - Could not import pandas. Holidays will not be considered.
[2024-12-18T15:53:52.866+0000] {processor.py:927} WARNING - No viable dags retrieved from /home/ubuntu/demo8/lib/python3.12/site-packages/airflow/example_dags/plugins/workday.py
[2024-12-18T15:53:52.892+0000] {processor.py:208} INFO - Processing /home/ubuntu/demo8/lib/python3.12/site-packages/airflow/example_dags/plugins/workday.py took 0.040 seconds
[2024-12-18T15:54:24.640+0000] {processor.py:186} INFO - Started process (PID=4732) to work on /home/ubuntu/demo8/lib/python3.12/site-packages/airflow/example_dags/plugins/workday.py
[2024-12-18T15:54:24.642+0000] {processor.py:914} INFO - Processing file /home/ubuntu/demo8/lib/python3.12/site-packages/airflow/example_dags/plugins/workday.py for tasks to queue
[2024-12-18T15:54:24.645+0000] {logging_mixin.py:190} INFO - [2024-12-18T15:54:24.645+0000] {dagbag.py:588} INFO - Filling up the DagBag from /home/ubuntu/demo8/lib/python3.12/site-packages/airflow/example_dags/plugins/workday.py
[2024-12-18T15:54:24.652+0000] {logging_mixin.py:190} INFO - [2024-12-18T15:54:24.651+0000] {workday.py:41} WARNING - Could not import pandas. Holidays will not be considered.
[2024-12-18T15:54:24.653+0000] {processor.py:927} WARNING - No viable dags retrieved from /home/ubuntu/demo8/lib/python3.12/site-packages/airflow/example_dags/plugins/workday.py
[2024-12-18T15:54:24.689+0000] {processor.py:208} INFO - Processing /home/ubuntu/demo8/lib/python3.12/site-packages/airflow/example_dags/plugins/workday.py took 0.062 seconds
[2024-12-18T15:55:22.044+0000] {processor.py:186} INFO - Started process (PID=4797) to work on /home/ubuntu/demo8/lib/python3.12/site-packages/airflow/example_dags/plugins/workday.py
[2024-12-18T15:55:22.045+0000] {processor.py:914} INFO - Processing file /home/ubuntu/demo8/lib/python3.12/site-packages/airflow/example_dags/plugins/workday.py for tasks to queue
[2024-12-18T15:55:22.047+0000] {logging_mixin.py:190} INFO - [2024-12-18T15:55:22.047+0000] {dagbag.py:588} INFO - Filling up the DagBag from /home/ubuntu/demo8/lib/python3.12/site-packages/airflow/example_dags/plugins/workday.py
[2024-12-18T15:55:22.050+0000] {logging_mixin.py:190} INFO - [2024-12-18T15:55:22.050+0000] {workday.py:41} WARNING - Could not import pandas. Holidays will not be considered.
[2024-12-18T15:55:22.051+0000] {processor.py:927} WARNING - No viable dags retrieved from /home/ubuntu/demo8/lib/python3.12/site-packages/airflow/example_dags/plugins/workday.py
[2024-12-18T15:55:22.062+0000] {processor.py:208} INFO - Processing /home/ubuntu/demo8/lib/python3.12/site-packages/airflow/example_dags/plugins/workday.py took 0.025 seconds
[2024-12-18T15:56:15.472+0000] {processor.py:186} INFO - Started process (PID=4854) to work on /home/ubuntu/demo8/lib/python3.12/site-packages/airflow/example_dags/plugins/workday.py
[2024-12-18T15:56:15.474+0000] {processor.py:914} INFO - Processing file /home/ubuntu/demo8/lib/python3.12/site-packages/airflow/example_dags/plugins/workday.py for tasks to queue
[2024-12-18T15:56:15.476+0000] {logging_mixin.py:190} INFO - [2024-12-18T15:56:15.476+0000] {dagbag.py:588} INFO - Filling up the DagBag from /home/ubuntu/demo8/lib/python3.12/site-packages/airflow/example_dags/plugins/workday.py
[2024-12-18T15:56:15.479+0000] {logging_mixin.py:190} INFO - [2024-12-18T15:56:15.479+0000] {workday.py:41} WARNING - Could not import pandas. Holidays will not be considered.
[2024-12-18T15:56:15.480+0000] {processor.py:927} WARNING - No viable dags retrieved from /home/ubuntu/demo8/lib/python3.12/site-packages/airflow/example_dags/plugins/workday.py
[2024-12-18T15:56:15.491+0000] {processor.py:208} INFO - Processing /home/ubuntu/demo8/lib/python3.12/site-packages/airflow/example_dags/plugins/workday.py took 0.025 seconds
[2024-12-18T15:56:52.164+0000] {processor.py:186} INFO - Started process (PID=4886) to work on /home/ubuntu/demo8/lib/python3.12/site-packages/airflow/example_dags/plugins/workday.py
[2024-12-18T15:56:52.165+0000] {processor.py:914} INFO - Processing file /home/ubuntu/demo8/lib/python3.12/site-packages/airflow/example_dags/plugins/workday.py for tasks to queue
[2024-12-18T15:56:52.168+0000] {logging_mixin.py:190} INFO - [2024-12-18T15:56:52.167+0000] {dagbag.py:588} INFO - Filling up the DagBag from /home/ubuntu/demo8/lib/python3.12/site-packages/airflow/example_dags/plugins/workday.py
[2024-12-18T15:56:52.171+0000] {logging_mixin.py:190} INFO - [2024-12-18T15:56:52.171+0000] {workday.py:41} WARNING - Could not import pandas. Holidays will not be considered.
[2024-12-18T15:56:52.171+0000] {processor.py:927} WARNING - No viable dags retrieved from /home/ubuntu/demo8/lib/python3.12/site-packages/airflow/example_dags/plugins/workday.py
[2024-12-18T15:56:52.187+0000] {processor.py:208} INFO - Processing /home/ubuntu/demo8/lib/python3.12/site-packages/airflow/example_dags/plugins/workday.py took 0.029 seconds
[2024-12-18T15:57:49.568+0000] {processor.py:186} INFO - Started process (PID=4944) to work on /home/ubuntu/demo8/lib/python3.12/site-packages/airflow/example_dags/plugins/workday.py
[2024-12-18T15:57:49.570+0000] {processor.py:914} INFO - Processing file /home/ubuntu/demo8/lib/python3.12/site-packages/airflow/example_dags/plugins/workday.py for tasks to queue
[2024-12-18T15:57:49.572+0000] {logging_mixin.py:190} INFO - [2024-12-18T15:57:49.571+0000] {dagbag.py:588} INFO - Filling up the DagBag from /home/ubuntu/demo8/lib/python3.12/site-packages/airflow/example_dags/plugins/workday.py
[2024-12-18T15:57:49.575+0000] {logging_mixin.py:190} INFO - [2024-12-18T15:57:49.575+0000] {workday.py:41} WARNING - Could not import pandas. Holidays will not be considered.
[2024-12-18T15:57:49.576+0000] {processor.py:927} WARNING - No viable dags retrieved from /home/ubuntu/demo8/lib/python3.12/site-packages/airflow/example_dags/plugins/workday.py
[2024-12-18T15:57:49.588+0000] {processor.py:208} INFO - Processing /home/ubuntu/demo8/lib/python3.12/site-packages/airflow/example_dags/plugins/workday.py took 0.026 seconds
[2024-12-18T15:58:42.980+0000] {processor.py:186} INFO - Started process (PID=4999) to work on /home/ubuntu/demo8/lib/python3.12/site-packages/airflow/example_dags/plugins/workday.py
[2024-12-18T15:58:42.981+0000] {processor.py:914} INFO - Processing file /home/ubuntu/demo8/lib/python3.12/site-packages/airflow/example_dags/plugins/workday.py for tasks to queue
[2024-12-18T15:58:42.983+0000] {logging_mixin.py:190} INFO - [2024-12-18T15:58:42.983+0000] {dagbag.py:588} INFO - Filling up the DagBag from /home/ubuntu/demo8/lib/python3.12/site-packages/airflow/example_dags/plugins/workday.py
[2024-12-18T15:58:42.987+0000] {logging_mixin.py:190} INFO - [2024-12-18T15:58:42.986+0000] {workday.py:41} WARNING - Could not import pandas. Holidays will not be considered.
[2024-12-18T15:58:42.987+0000] {processor.py:927} WARNING - No viable dags retrieved from /home/ubuntu/demo8/lib/python3.12/site-packages/airflow/example_dags/plugins/workday.py
[2024-12-18T15:58:42.999+0000] {processor.py:208} INFO - Processing /home/ubuntu/demo8/lib/python3.12/site-packages/airflow/example_dags/plugins/workday.py took 0.025 seconds
[2024-12-18T15:59:51.081+0000] {processor.py:186} INFO - Started process (PID=5063) to work on /home/ubuntu/demo8/lib/python3.12/site-packages/airflow/example_dags/plugins/workday.py
[2024-12-18T15:59:51.083+0000] {processor.py:914} INFO - Processing file /home/ubuntu/demo8/lib/python3.12/site-packages/airflow/example_dags/plugins/workday.py for tasks to queue
[2024-12-18T15:59:51.087+0000] {logging_mixin.py:190} INFO - [2024-12-18T15:59:51.087+0000] {dagbag.py:588} INFO - Filling up the DagBag from /home/ubuntu/demo8/lib/python3.12/site-packages/airflow/example_dags/plugins/workday.py
[2024-12-18T15:59:51.093+0000] {logging_mixin.py:190} INFO - [2024-12-18T15:59:51.093+0000] {workday.py:41} WARNING - Could not import pandas. Holidays will not be considered.
[2024-12-18T15:59:51.095+0000] {processor.py:927} WARNING - No viable dags retrieved from /home/ubuntu/demo8/lib/python3.12/site-packages/airflow/example_dags/plugins/workday.py
[2024-12-18T15:59:51.127+0000] {processor.py:208} INFO - Processing /home/ubuntu/demo8/lib/python3.12/site-packages/airflow/example_dags/plugins/workday.py took 0.059 seconds
[2024-12-18T16:00:48.382+0000] {processor.py:186} INFO - Started process (PID=5128) to work on /home/ubuntu/demo8/lib/python3.12/site-packages/airflow/example_dags/plugins/workday.py
[2024-12-18T16:00:48.384+0000] {processor.py:914} INFO - Processing file /home/ubuntu/demo8/lib/python3.12/site-packages/airflow/example_dags/plugins/workday.py for tasks to queue
[2024-12-18T16:00:48.386+0000] {logging_mixin.py:190} INFO - [2024-12-18T16:00:48.385+0000] {dagbag.py:588} INFO - Filling up the DagBag from /home/ubuntu/demo8/lib/python3.12/site-packages/airflow/example_dags/plugins/workday.py
[2024-12-18T16:00:48.389+0000] {logging_mixin.py:190} INFO - [2024-12-18T16:00:48.389+0000] {workday.py:41} WARNING - Could not import pandas. Holidays will not be considered.
[2024-12-18T16:00:48.389+0000] {processor.py:927} WARNING - No viable dags retrieved from /home/ubuntu/demo8/lib/python3.12/site-packages/airflow/example_dags/plugins/workday.py
[2024-12-18T16:00:48.401+0000] {processor.py:208} INFO - Processing /home/ubuntu/demo8/lib/python3.12/site-packages/airflow/example_dags/plugins/workday.py took 0.025 seconds
[2024-12-18T16:01:41.696+0000] {processor.py:186} INFO - Started process (PID=5185) to work on /home/ubuntu/demo8/lib/python3.12/site-packages/airflow/example_dags/plugins/workday.py
[2024-12-18T16:01:41.698+0000] {processor.py:914} INFO - Processing file /home/ubuntu/demo8/lib/python3.12/site-packages/airflow/example_dags/plugins/workday.py for tasks to queue
[2024-12-18T16:01:41.700+0000] {logging_mixin.py:190} INFO - [2024-12-18T16:01:41.700+0000] {dagbag.py:588} INFO - Filling up the DagBag from /home/ubuntu/demo8/lib/python3.12/site-packages/airflow/example_dags/plugins/workday.py
[2024-12-18T16:01:41.704+0000] {logging_mixin.py:190} INFO - [2024-12-18T16:01:41.703+0000] {workday.py:41} WARNING - Could not import pandas. Holidays will not be considered.
[2024-12-18T16:01:41.704+0000] {processor.py:927} WARNING - No viable dags retrieved from /home/ubuntu/demo8/lib/python3.12/site-packages/airflow/example_dags/plugins/workday.py
[2024-12-18T16:01:41.716+0000] {processor.py:208} INFO - Processing /home/ubuntu/demo8/lib/python3.12/site-packages/airflow/example_dags/plugins/workday.py took 0.027 seconds
[2024-12-18T16:02:34.538+0000] {processor.py:186} INFO - Started process (PID=5240) to work on /home/ubuntu/demo8/lib/python3.12/site-packages/airflow/example_dags/plugins/workday.py
[2024-12-18T16:02:34.539+0000] {processor.py:914} INFO - Processing file /home/ubuntu/demo8/lib/python3.12/site-packages/airflow/example_dags/plugins/workday.py for tasks to queue
[2024-12-18T16:02:34.541+0000] {logging_mixin.py:190} INFO - [2024-12-18T16:02:34.541+0000] {dagbag.py:588} INFO - Filling up the DagBag from /home/ubuntu/demo8/lib/python3.12/site-packages/airflow/example_dags/plugins/workday.py
[2024-12-18T16:02:34.544+0000] {logging_mixin.py:190} INFO - [2024-12-18T16:02:34.544+0000] {workday.py:41} WARNING - Could not import pandas. Holidays will not be considered.
[2024-12-18T16:02:34.545+0000] {processor.py:927} WARNING - No viable dags retrieved from /home/ubuntu/demo8/lib/python3.12/site-packages/airflow/example_dags/plugins/workday.py
[2024-12-18T16:02:34.557+0000] {processor.py:208} INFO - Processing /home/ubuntu/demo8/lib/python3.12/site-packages/airflow/example_dags/plugins/workday.py took 0.026 seconds
[2024-12-18T16:03:30.188+0000] {processor.py:186} INFO - Started process (PID=5295) to work on /home/ubuntu/demo8/lib/python3.12/site-packages/airflow/example_dags/plugins/workday.py
[2024-12-18T16:03:30.190+0000] {processor.py:914} INFO - Processing file /home/ubuntu/demo8/lib/python3.12/site-packages/airflow/example_dags/plugins/workday.py for tasks to queue
[2024-12-18T16:03:30.194+0000] {logging_mixin.py:190} INFO - [2024-12-18T16:03:30.193+0000] {dagbag.py:588} INFO - Filling up the DagBag from /home/ubuntu/demo8/lib/python3.12/site-packages/airflow/example_dags/plugins/workday.py
[2024-12-18T16:03:30.199+0000] {logging_mixin.py:190} INFO - [2024-12-18T16:03:30.199+0000] {workday.py:41} WARNING - Could not import pandas. Holidays will not be considered.
[2024-12-18T16:03:30.200+0000] {processor.py:927} WARNING - No viable dags retrieved from /home/ubuntu/demo8/lib/python3.12/site-packages/airflow/example_dags/plugins/workday.py
[2024-12-18T16:03:30.212+0000] {processor.py:208} INFO - Processing /home/ubuntu/demo8/lib/python3.12/site-packages/airflow/example_dags/plugins/workday.py took 0.033 seconds
[2024-12-18T20:29:18.048+0000] {processor.py:186} INFO - Started process (PID=2596) to work on /home/ubuntu/demo8/lib/python3.12/site-packages/airflow/example_dags/plugins/workday.py
[2024-12-18T20:29:18.051+0000] {processor.py:914} INFO - Processing file /home/ubuntu/demo8/lib/python3.12/site-packages/airflow/example_dags/plugins/workday.py for tasks to queue
[2024-12-18T20:29:18.055+0000] {logging_mixin.py:190} INFO - [2024-12-18T20:29:18.054+0000] {dagbag.py:588} INFO - Filling up the DagBag from /home/ubuntu/demo8/lib/python3.12/site-packages/airflow/example_dags/plugins/workday.py
[2024-12-18T20:29:18.062+0000] {logging_mixin.py:190} INFO - [2024-12-18T20:29:18.061+0000] {workday.py:41} WARNING - Could not import pandas. Holidays will not be considered.
[2024-12-18T20:29:18.064+0000] {processor.py:927} WARNING - No viable dags retrieved from /home/ubuntu/demo8/lib/python3.12/site-packages/airflow/example_dags/plugins/workday.py
[2024-12-18T20:29:18.099+0000] {processor.py:208} INFO - Processing /home/ubuntu/demo8/lib/python3.12/site-packages/airflow/example_dags/plugins/workday.py took 0.063 seconds
[2024-12-18T20:30:15.581+0000] {processor.py:186} INFO - Started process (PID=2784) to work on /home/ubuntu/demo8/lib/python3.12/site-packages/airflow/example_dags/plugins/workday.py
[2024-12-18T20:30:15.582+0000] {processor.py:914} INFO - Processing file /home/ubuntu/demo8/lib/python3.12/site-packages/airflow/example_dags/plugins/workday.py for tasks to queue
[2024-12-18T20:30:15.584+0000] {logging_mixin.py:190} INFO - [2024-12-18T20:30:15.584+0000] {dagbag.py:588} INFO - Filling up the DagBag from /home/ubuntu/demo8/lib/python3.12/site-packages/airflow/example_dags/plugins/workday.py
[2024-12-18T20:30:15.588+0000] {logging_mixin.py:190} INFO - [2024-12-18T20:30:15.587+0000] {workday.py:41} WARNING - Could not import pandas. Holidays will not be considered.
[2024-12-18T20:30:15.588+0000] {processor.py:927} WARNING - No viable dags retrieved from /home/ubuntu/demo8/lib/python3.12/site-packages/airflow/example_dags/plugins/workday.py
[2024-12-18T20:30:15.614+0000] {processor.py:208} INFO - Processing /home/ubuntu/demo8/lib/python3.12/site-packages/airflow/example_dags/plugins/workday.py took 0.039 seconds
[2024-12-18T20:31:12.186+0000] {processor.py:186} INFO - Started process (PID=3061) to work on /home/ubuntu/demo8/lib/python3.12/site-packages/airflow/example_dags/plugins/workday.py
[2024-12-18T20:31:12.188+0000] {processor.py:914} INFO - Processing file /home/ubuntu/demo8/lib/python3.12/site-packages/airflow/example_dags/plugins/workday.py for tasks to queue
[2024-12-18T20:31:12.190+0000] {logging_mixin.py:190} INFO - [2024-12-18T20:31:12.190+0000] {dagbag.py:588} INFO - Filling up the DagBag from /home/ubuntu/demo8/lib/python3.12/site-packages/airflow/example_dags/plugins/workday.py
[2024-12-18T20:31:12.194+0000] {logging_mixin.py:190} INFO - [2024-12-18T20:31:12.193+0000] {workday.py:41} WARNING - Could not import pandas. Holidays will not be considered.
[2024-12-18T20:31:12.194+0000] {processor.py:927} WARNING - No viable dags retrieved from /home/ubuntu/demo8/lib/python3.12/site-packages/airflow/example_dags/plugins/workday.py
[2024-12-18T20:31:12.206+0000] {processor.py:208} INFO - Processing /home/ubuntu/demo8/lib/python3.12/site-packages/airflow/example_dags/plugins/workday.py took 0.026 seconds
[2024-12-18T20:32:06.856+0000] {processor.py:186} INFO - Started process (PID=3252) to work on /home/ubuntu/demo8/lib/python3.12/site-packages/airflow/example_dags/plugins/workday.py
[2024-12-18T20:32:06.857+0000] {processor.py:914} INFO - Processing file /home/ubuntu/demo8/lib/python3.12/site-packages/airflow/example_dags/plugins/workday.py for tasks to queue
[2024-12-18T20:32:06.861+0000] {logging_mixin.py:190} INFO - [2024-12-18T20:32:06.861+0000] {dagbag.py:588} INFO - Filling up the DagBag from /home/ubuntu/demo8/lib/python3.12/site-packages/airflow/example_dags/plugins/workday.py
[2024-12-18T20:32:06.869+0000] {logging_mixin.py:190} INFO - [2024-12-18T20:32:06.869+0000] {workday.py:41} WARNING - Could not import pandas. Holidays will not be considered.
[2024-12-18T20:32:06.869+0000] {processor.py:927} WARNING - No viable dags retrieved from /home/ubuntu/demo8/lib/python3.12/site-packages/airflow/example_dags/plugins/workday.py
[2024-12-18T20:32:06.898+0000] {processor.py:208} INFO - Processing /home/ubuntu/demo8/lib/python3.12/site-packages/airflow/example_dags/plugins/workday.py took 0.048 seconds
[2024-12-18T20:33:02.187+0000] {processor.py:186} INFO - Started process (PID=3431) to work on /home/ubuntu/demo8/lib/python3.12/site-packages/airflow/example_dags/plugins/workday.py
[2024-12-18T20:33:02.189+0000] {processor.py:914} INFO - Processing file /home/ubuntu/demo8/lib/python3.12/site-packages/airflow/example_dags/plugins/workday.py for tasks to queue
[2024-12-18T20:33:02.191+0000] {logging_mixin.py:190} INFO - [2024-12-18T20:33:02.191+0000] {dagbag.py:588} INFO - Filling up the DagBag from /home/ubuntu/demo8/lib/python3.12/site-packages/airflow/example_dags/plugins/workday.py
[2024-12-18T20:33:02.195+0000] {logging_mixin.py:190} INFO - [2024-12-18T20:33:02.194+0000] {workday.py:41} WARNING - Could not import pandas. Holidays will not be considered.
[2024-12-18T20:33:02.195+0000] {processor.py:927} WARNING - No viable dags retrieved from /home/ubuntu/demo8/lib/python3.12/site-packages/airflow/example_dags/plugins/workday.py
[2024-12-18T20:33:02.207+0000] {processor.py:208} INFO - Processing /home/ubuntu/demo8/lib/python3.12/site-packages/airflow/example_dags/plugins/workday.py took 0.026 seconds
[2024-12-18T20:33:58.231+0000] {processor.py:186} INFO - Started process (PID=3548) to work on /home/ubuntu/demo8/lib/python3.12/site-packages/airflow/example_dags/plugins/workday.py
[2024-12-18T20:33:58.232+0000] {processor.py:914} INFO - Processing file /home/ubuntu/demo8/lib/python3.12/site-packages/airflow/example_dags/plugins/workday.py for tasks to queue
[2024-12-18T20:33:58.235+0000] {logging_mixin.py:190} INFO - [2024-12-18T20:33:58.234+0000] {dagbag.py:588} INFO - Filling up the DagBag from /home/ubuntu/demo8/lib/python3.12/site-packages/airflow/example_dags/plugins/workday.py
[2024-12-18T20:33:58.238+0000] {logging_mixin.py:190} INFO - [2024-12-18T20:33:58.238+0000] {workday.py:41} WARNING - Could not import pandas. Holidays will not be considered.
[2024-12-18T20:33:58.238+0000] {processor.py:927} WARNING - No viable dags retrieved from /home/ubuntu/demo8/lib/python3.12/site-packages/airflow/example_dags/plugins/workday.py
[2024-12-18T20:33:58.250+0000] {processor.py:208} INFO - Processing /home/ubuntu/demo8/lib/python3.12/site-packages/airflow/example_dags/plugins/workday.py took 0.026 seconds
[2024-12-18T20:34:33.361+0000] {processor.py:186} INFO - Started process (PID=3701) to work on /home/ubuntu/demo8/lib/python3.12/site-packages/airflow/example_dags/plugins/workday.py
[2024-12-18T20:34:33.363+0000] {processor.py:914} INFO - Processing file /home/ubuntu/demo8/lib/python3.12/site-packages/airflow/example_dags/plugins/workday.py for tasks to queue
[2024-12-18T20:34:33.366+0000] {logging_mixin.py:190} INFO - [2024-12-18T20:34:33.365+0000] {dagbag.py:588} INFO - Filling up the DagBag from /home/ubuntu/demo8/lib/python3.12/site-packages/airflow/example_dags/plugins/workday.py
[2024-12-18T20:34:33.369+0000] {logging_mixin.py:190} INFO - [2024-12-18T20:34:33.369+0000] {workday.py:41} WARNING - Could not import pandas. Holidays will not be considered.
[2024-12-18T20:34:33.370+0000] {processor.py:927} WARNING - No viable dags retrieved from /home/ubuntu/demo8/lib/python3.12/site-packages/airflow/example_dags/plugins/workday.py
[2024-12-18T20:34:33.381+0000] {processor.py:208} INFO - Processing /home/ubuntu/demo8/lib/python3.12/site-packages/airflow/example_dags/plugins/workday.py took 0.026 seconds
[2024-12-18T20:35:06.973+0000] {processor.py:186} INFO - Started process (PID=3738) to work on /home/ubuntu/demo8/lib/python3.12/site-packages/airflow/example_dags/plugins/workday.py
[2024-12-18T20:35:06.975+0000] {processor.py:914} INFO - Processing file /home/ubuntu/demo8/lib/python3.12/site-packages/airflow/example_dags/plugins/workday.py for tasks to queue
[2024-12-18T20:35:06.977+0000] {logging_mixin.py:190} INFO - [2024-12-18T20:35:06.977+0000] {dagbag.py:588} INFO - Filling up the DagBag from /home/ubuntu/demo8/lib/python3.12/site-packages/airflow/example_dags/plugins/workday.py
[2024-12-18T20:35:06.980+0000] {logging_mixin.py:190} INFO - [2024-12-18T20:35:06.980+0000] {workday.py:41} WARNING - Could not import pandas. Holidays will not be considered.
[2024-12-18T20:35:06.981+0000] {processor.py:927} WARNING - No viable dags retrieved from /home/ubuntu/demo8/lib/python3.12/site-packages/airflow/example_dags/plugins/workday.py
[2024-12-18T20:35:06.993+0000] {processor.py:208} INFO - Processing /home/ubuntu/demo8/lib/python3.12/site-packages/airflow/example_dags/plugins/workday.py took 0.027 seconds
[2024-12-18T20:36:04.123+0000] {processor.py:186} INFO - Started process (PID=3859) to work on /home/ubuntu/demo8/lib/python3.12/site-packages/airflow/example_dags/plugins/workday.py
[2024-12-18T20:36:04.125+0000] {processor.py:914} INFO - Processing file /home/ubuntu/demo8/lib/python3.12/site-packages/airflow/example_dags/plugins/workday.py for tasks to queue
[2024-12-18T20:36:04.127+0000] {logging_mixin.py:190} INFO - [2024-12-18T20:36:04.127+0000] {dagbag.py:588} INFO - Filling up the DagBag from /home/ubuntu/demo8/lib/python3.12/site-packages/airflow/example_dags/plugins/workday.py
[2024-12-18T20:36:04.130+0000] {logging_mixin.py:190} INFO - [2024-12-18T20:36:04.130+0000] {workday.py:41} WARNING - Could not import pandas. Holidays will not be considered.
[2024-12-18T20:36:04.131+0000] {processor.py:927} WARNING - No viable dags retrieved from /home/ubuntu/demo8/lib/python3.12/site-packages/airflow/example_dags/plugins/workday.py
[2024-12-18T20:36:04.143+0000] {processor.py:208} INFO - Processing /home/ubuntu/demo8/lib/python3.12/site-packages/airflow/example_dags/plugins/workday.py took 0.026 seconds
[2024-12-18T20:37:01.946+0000] {processor.py:186} INFO - Started process (PID=3978) to work on /home/ubuntu/demo8/lib/python3.12/site-packages/airflow/example_dags/plugins/workday.py
[2024-12-18T20:37:01.948+0000] {processor.py:914} INFO - Processing file /home/ubuntu/demo8/lib/python3.12/site-packages/airflow/example_dags/plugins/workday.py for tasks to queue
[2024-12-18T20:37:01.950+0000] {logging_mixin.py:190} INFO - [2024-12-18T20:37:01.950+0000] {dagbag.py:588} INFO - Filling up the DagBag from /home/ubuntu/demo8/lib/python3.12/site-packages/airflow/example_dags/plugins/workday.py
[2024-12-18T20:37:01.954+0000] {logging_mixin.py:190} INFO - [2024-12-18T20:37:01.953+0000] {workday.py:41} WARNING - Could not import pandas. Holidays will not be considered.
[2024-12-18T20:37:01.954+0000] {processor.py:927} WARNING - No viable dags retrieved from /home/ubuntu/demo8/lib/python3.12/site-packages/airflow/example_dags/plugins/workday.py
[2024-12-18T20:37:01.966+0000] {processor.py:208} INFO - Processing /home/ubuntu/demo8/lib/python3.12/site-packages/airflow/example_dags/plugins/workday.py took 0.027 seconds
[2024-12-18T20:37:55.350+0000] {processor.py:186} INFO - Started process (PID=4094) to work on /home/ubuntu/demo8/lib/python3.12/site-packages/airflow/example_dags/plugins/workday.py
[2024-12-18T20:37:55.352+0000] {processor.py:914} INFO - Processing file /home/ubuntu/demo8/lib/python3.12/site-packages/airflow/example_dags/plugins/workday.py for tasks to queue
[2024-12-18T20:37:55.354+0000] {logging_mixin.py:190} INFO - [2024-12-18T20:37:55.354+0000] {dagbag.py:588} INFO - Filling up the DagBag from /home/ubuntu/demo8/lib/python3.12/site-packages/airflow/example_dags/plugins/workday.py
[2024-12-18T20:37:55.358+0000] {logging_mixin.py:190} INFO - [2024-12-18T20:37:55.358+0000] {workday.py:41} WARNING - Could not import pandas. Holidays will not be considered.
[2024-12-18T20:37:55.358+0000] {processor.py:927} WARNING - No viable dags retrieved from /home/ubuntu/demo8/lib/python3.12/site-packages/airflow/example_dags/plugins/workday.py
[2024-12-18T20:37:55.371+0000] {processor.py:208} INFO - Processing /home/ubuntu/demo8/lib/python3.12/site-packages/airflow/example_dags/plugins/workday.py took 0.029 seconds
[2024-12-18T20:38:52.000+0000] {processor.py:186} INFO - Started process (PID=4213) to work on /home/ubuntu/demo8/lib/python3.12/site-packages/airflow/example_dags/plugins/workday.py
[2024-12-18T20:38:52.002+0000] {processor.py:914} INFO - Processing file /home/ubuntu/demo8/lib/python3.12/site-packages/airflow/example_dags/plugins/workday.py for tasks to queue
[2024-12-18T20:38:52.004+0000] {logging_mixin.py:190} INFO - [2024-12-18T20:38:52.004+0000] {dagbag.py:588} INFO - Filling up the DagBag from /home/ubuntu/demo8/lib/python3.12/site-packages/airflow/example_dags/plugins/workday.py
[2024-12-18T20:38:52.007+0000] {logging_mixin.py:190} INFO - [2024-12-18T20:38:52.007+0000] {workday.py:41} WARNING - Could not import pandas. Holidays will not be considered.
[2024-12-18T20:38:52.008+0000] {processor.py:927} WARNING - No viable dags retrieved from /home/ubuntu/demo8/lib/python3.12/site-packages/airflow/example_dags/plugins/workday.py
[2024-12-18T20:38:52.020+0000] {processor.py:208} INFO - Processing /home/ubuntu/demo8/lib/python3.12/site-packages/airflow/example_dags/plugins/workday.py took 0.026 seconds
[2024-12-18T20:39:48.090+0000] {processor.py:186} INFO - Started process (PID=4390) to work on /home/ubuntu/demo8/lib/python3.12/site-packages/airflow/example_dags/plugins/workday.py
[2024-12-18T20:39:48.091+0000] {processor.py:914} INFO - Processing file /home/ubuntu/demo8/lib/python3.12/site-packages/airflow/example_dags/plugins/workday.py for tasks to queue
[2024-12-18T20:39:48.094+0000] {logging_mixin.py:190} INFO - [2024-12-18T20:39:48.093+0000] {dagbag.py:588} INFO - Filling up the DagBag from /home/ubuntu/demo8/lib/python3.12/site-packages/airflow/example_dags/plugins/workday.py
[2024-12-18T20:39:48.097+0000] {logging_mixin.py:190} INFO - [2024-12-18T20:39:48.097+0000] {workday.py:41} WARNING - Could not import pandas. Holidays will not be considered.
[2024-12-18T20:39:48.098+0000] {processor.py:927} WARNING - No viable dags retrieved from /home/ubuntu/demo8/lib/python3.12/site-packages/airflow/example_dags/plugins/workday.py
[2024-12-18T20:39:48.110+0000] {processor.py:208} INFO - Processing /home/ubuntu/demo8/lib/python3.12/site-packages/airflow/example_dags/plugins/workday.py took 0.026 seconds
[2024-12-18T20:40:44.672+0000] {processor.py:186} INFO - Started process (PID=4526) to work on /home/ubuntu/demo8/lib/python3.12/site-packages/airflow/example_dags/plugins/workday.py
[2024-12-18T20:40:44.674+0000] {processor.py:914} INFO - Processing file /home/ubuntu/demo8/lib/python3.12/site-packages/airflow/example_dags/plugins/workday.py for tasks to queue
[2024-12-18T20:40:44.676+0000] {logging_mixin.py:190} INFO - [2024-12-18T20:40:44.676+0000] {dagbag.py:588} INFO - Filling up the DagBag from /home/ubuntu/demo8/lib/python3.12/site-packages/airflow/example_dags/plugins/workday.py
[2024-12-18T20:40:44.680+0000] {logging_mixin.py:190} INFO - [2024-12-18T20:40:44.679+0000] {workday.py:41} WARNING - Could not import pandas. Holidays will not be considered.
[2024-12-18T20:40:44.680+0000] {processor.py:927} WARNING - No viable dags retrieved from /home/ubuntu/demo8/lib/python3.12/site-packages/airflow/example_dags/plugins/workday.py
[2024-12-18T20:40:44.692+0000] {processor.py:208} INFO - Processing /home/ubuntu/demo8/lib/python3.12/site-packages/airflow/example_dags/plugins/workday.py took 0.027 seconds
[2024-12-18T20:41:38.673+0000] {processor.py:186} INFO - Started process (PID=4646) to work on /home/ubuntu/demo8/lib/python3.12/site-packages/airflow/example_dags/plugins/workday.py
[2024-12-18T20:41:38.675+0000] {processor.py:914} INFO - Processing file /home/ubuntu/demo8/lib/python3.12/site-packages/airflow/example_dags/plugins/workday.py for tasks to queue
[2024-12-18T20:41:38.677+0000] {logging_mixin.py:190} INFO - [2024-12-18T20:41:38.677+0000] {dagbag.py:588} INFO - Filling up the DagBag from /home/ubuntu/demo8/lib/python3.12/site-packages/airflow/example_dags/plugins/workday.py
[2024-12-18T20:41:38.681+0000] {logging_mixin.py:190} INFO - [2024-12-18T20:41:38.680+0000] {workday.py:41} WARNING - Could not import pandas. Holidays will not be considered.
[2024-12-18T20:41:38.681+0000] {processor.py:927} WARNING - No viable dags retrieved from /home/ubuntu/demo8/lib/python3.12/site-packages/airflow/example_dags/plugins/workday.py
[2024-12-18T20:41:38.693+0000] {processor.py:208} INFO - Processing /home/ubuntu/demo8/lib/python3.12/site-packages/airflow/example_dags/plugins/workday.py took 0.026 seconds
[2024-12-18T20:42:31.910+0000] {processor.py:186} INFO - Started process (PID=4759) to work on /home/ubuntu/demo8/lib/python3.12/site-packages/airflow/example_dags/plugins/workday.py
[2024-12-18T20:42:31.911+0000] {processor.py:914} INFO - Processing file /home/ubuntu/demo8/lib/python3.12/site-packages/airflow/example_dags/plugins/workday.py for tasks to queue
[2024-12-18T20:42:31.914+0000] {logging_mixin.py:190} INFO - [2024-12-18T20:42:31.913+0000] {dagbag.py:588} INFO - Filling up the DagBag from /home/ubuntu/demo8/lib/python3.12/site-packages/airflow/example_dags/plugins/workday.py
[2024-12-18T20:42:31.917+0000] {logging_mixin.py:190} INFO - [2024-12-18T20:42:31.917+0000] {workday.py:41} WARNING - Could not import pandas. Holidays will not be considered.
[2024-12-18T20:42:31.917+0000] {processor.py:927} WARNING - No viable dags retrieved from /home/ubuntu/demo8/lib/python3.12/site-packages/airflow/example_dags/plugins/workday.py
[2024-12-18T20:42:31.929+0000] {processor.py:208} INFO - Processing /home/ubuntu/demo8/lib/python3.12/site-packages/airflow/example_dags/plugins/workday.py took 0.026 seconds
[2024-12-18T20:43:25.858+0000] {processor.py:186} INFO - Started process (PID=4876) to work on /home/ubuntu/demo8/lib/python3.12/site-packages/airflow/example_dags/plugins/workday.py
[2024-12-18T20:43:25.859+0000] {processor.py:914} INFO - Processing file /home/ubuntu/demo8/lib/python3.12/site-packages/airflow/example_dags/plugins/workday.py for tasks to queue
[2024-12-18T20:43:25.862+0000] {logging_mixin.py:190} INFO - [2024-12-18T20:43:25.862+0000] {dagbag.py:588} INFO - Filling up the DagBag from /home/ubuntu/demo8/lib/python3.12/site-packages/airflow/example_dags/plugins/workday.py
[2024-12-18T20:43:25.866+0000] {logging_mixin.py:190} INFO - [2024-12-18T20:43:25.865+0000] {workday.py:41} WARNING - Could not import pandas. Holidays will not be considered.
[2024-12-18T20:43:25.866+0000] {processor.py:927} WARNING - No viable dags retrieved from /home/ubuntu/demo8/lib/python3.12/site-packages/airflow/example_dags/plugins/workday.py
[2024-12-18T20:43:25.878+0000] {processor.py:208} INFO - Processing /home/ubuntu/demo8/lib/python3.12/site-packages/airflow/example_dags/plugins/workday.py took 0.027 seconds
[2024-12-18T20:44:19.035+0000] {processor.py:186} INFO - Started process (PID=4990) to work on /home/ubuntu/demo8/lib/python3.12/site-packages/airflow/example_dags/plugins/workday.py
[2024-12-18T20:44:19.038+0000] {processor.py:914} INFO - Processing file /home/ubuntu/demo8/lib/python3.12/site-packages/airflow/example_dags/plugins/workday.py for tasks to queue
[2024-12-18T20:44:19.042+0000] {logging_mixin.py:190} INFO - [2024-12-18T20:44:19.041+0000] {dagbag.py:588} INFO - Filling up the DagBag from /home/ubuntu/demo8/lib/python3.12/site-packages/airflow/example_dags/plugins/workday.py
[2024-12-18T20:44:19.045+0000] {logging_mixin.py:190} INFO - [2024-12-18T20:44:19.045+0000] {workday.py:41} WARNING - Could not import pandas. Holidays will not be considered.
[2024-12-18T20:44:19.046+0000] {processor.py:927} WARNING - No viable dags retrieved from /home/ubuntu/demo8/lib/python3.12/site-packages/airflow/example_dags/plugins/workday.py
[2024-12-18T20:44:19.058+0000] {processor.py:208} INFO - Processing /home/ubuntu/demo8/lib/python3.12/site-packages/airflow/example_dags/plugins/workday.py took 0.035 seconds
[2024-12-18T20:45:13.932+0000] {processor.py:186} INFO - Started process (PID=5114) to work on /home/ubuntu/demo8/lib/python3.12/site-packages/airflow/example_dags/plugins/workday.py
[2024-12-18T20:45:13.933+0000] {processor.py:914} INFO - Processing file /home/ubuntu/demo8/lib/python3.12/site-packages/airflow/example_dags/plugins/workday.py for tasks to queue
[2024-12-18T20:45:13.936+0000] {logging_mixin.py:190} INFO - [2024-12-18T20:45:13.935+0000] {dagbag.py:588} INFO - Filling up the DagBag from /home/ubuntu/demo8/lib/python3.12/site-packages/airflow/example_dags/plugins/workday.py
[2024-12-18T20:45:13.939+0000] {logging_mixin.py:190} INFO - [2024-12-18T20:45:13.939+0000] {workday.py:41} WARNING - Could not import pandas. Holidays will not be considered.
[2024-12-18T20:45:13.940+0000] {processor.py:927} WARNING - No viable dags retrieved from /home/ubuntu/demo8/lib/python3.12/site-packages/airflow/example_dags/plugins/workday.py
[2024-12-18T20:45:13.952+0000] {processor.py:208} INFO - Processing /home/ubuntu/demo8/lib/python3.12/site-packages/airflow/example_dags/plugins/workday.py took 0.026 seconds
[2024-12-18T20:46:54.348+0000] {processor.py:186} INFO - Started process (PID=5620) to work on /home/ubuntu/demo8/lib/python3.12/site-packages/airflow/example_dags/plugins/workday.py
[2024-12-18T20:46:54.351+0000] {processor.py:914} INFO - Processing file /home/ubuntu/demo8/lib/python3.12/site-packages/airflow/example_dags/plugins/workday.py for tasks to queue
[2024-12-18T20:46:54.356+0000] {logging_mixin.py:190} INFO - [2024-12-18T20:46:54.354+0000] {dagbag.py:588} INFO - Filling up the DagBag from /home/ubuntu/demo8/lib/python3.12/site-packages/airflow/example_dags/plugins/workday.py
[2024-12-18T20:46:54.361+0000] {processor.py:927} WARNING - No viable dags retrieved from /home/ubuntu/demo8/lib/python3.12/site-packages/airflow/example_dags/plugins/workday.py
[2024-12-18T20:46:54.387+0000] {processor.py:208} INFO - Processing /home/ubuntu/demo8/lib/python3.12/site-packages/airflow/example_dags/plugins/workday.py took 0.050 seconds
[2024-12-18T20:47:53.588+0000] {processor.py:186} INFO - Started process (PID=5923) to work on /home/ubuntu/demo8/lib/python3.12/site-packages/airflow/example_dags/plugins/workday.py
[2024-12-18T20:47:53.589+0000] {processor.py:914} INFO - Processing file /home/ubuntu/demo8/lib/python3.12/site-packages/airflow/example_dags/plugins/workday.py for tasks to queue
[2024-12-18T20:47:53.591+0000] {logging_mixin.py:190} INFO - [2024-12-18T20:47:53.591+0000] {dagbag.py:588} INFO - Filling up the DagBag from /home/ubuntu/demo8/lib/python3.12/site-packages/airflow/example_dags/plugins/workday.py
[2024-12-18T20:47:53.595+0000] {processor.py:927} WARNING - No viable dags retrieved from /home/ubuntu/demo8/lib/python3.12/site-packages/airflow/example_dags/plugins/workday.py
[2024-12-18T20:47:53.607+0000] {processor.py:208} INFO - Processing /home/ubuntu/demo8/lib/python3.12/site-packages/airflow/example_dags/plugins/workday.py took 0.025 seconds
[2024-12-18T20:48:51.886+0000] {processor.py:186} INFO - Started process (PID=6345) to work on /home/ubuntu/demo8/lib/python3.12/site-packages/airflow/example_dags/plugins/workday.py
[2024-12-18T20:48:51.888+0000] {processor.py:914} INFO - Processing file /home/ubuntu/demo8/lib/python3.12/site-packages/airflow/example_dags/plugins/workday.py for tasks to queue
[2024-12-18T20:48:51.890+0000] {logging_mixin.py:190} INFO - [2024-12-18T20:48:51.890+0000] {dagbag.py:588} INFO - Filling up the DagBag from /home/ubuntu/demo8/lib/python3.12/site-packages/airflow/example_dags/plugins/workday.py
[2024-12-18T20:48:51.893+0000] {processor.py:927} WARNING - No viable dags retrieved from /home/ubuntu/demo8/lib/python3.12/site-packages/airflow/example_dags/plugins/workday.py
[2024-12-18T20:48:51.905+0000] {processor.py:208} INFO - Processing /home/ubuntu/demo8/lib/python3.12/site-packages/airflow/example_dags/plugins/workday.py took 0.025 seconds
[2024-12-18T20:49:45.717+0000] {processor.py:186} INFO - Started process (PID=6459) to work on /home/ubuntu/demo8/lib/python3.12/site-packages/airflow/example_dags/plugins/workday.py
[2024-12-18T20:49:45.719+0000] {processor.py:914} INFO - Processing file /home/ubuntu/demo8/lib/python3.12/site-packages/airflow/example_dags/plugins/workday.py for tasks to queue
[2024-12-18T20:49:45.722+0000] {logging_mixin.py:190} INFO - [2024-12-18T20:49:45.721+0000] {dagbag.py:588} INFO - Filling up the DagBag from /home/ubuntu/demo8/lib/python3.12/site-packages/airflow/example_dags/plugins/workday.py
[2024-12-18T20:49:45.725+0000] {processor.py:927} WARNING - No viable dags retrieved from /home/ubuntu/demo8/lib/python3.12/site-packages/airflow/example_dags/plugins/workday.py
[2024-12-18T20:49:45.737+0000] {processor.py:208} INFO - Processing /home/ubuntu/demo8/lib/python3.12/site-packages/airflow/example_dags/plugins/workday.py took 0.026 seconds
[2024-12-18T20:50:43.893+0000] {processor.py:186} INFO - Started process (PID=6823) to work on /home/ubuntu/demo8/lib/python3.12/site-packages/airflow/example_dags/plugins/workday.py
[2024-12-18T20:50:43.895+0000] {processor.py:914} INFO - Processing file /home/ubuntu/demo8/lib/python3.12/site-packages/airflow/example_dags/plugins/workday.py for tasks to queue
[2024-12-18T20:50:43.897+0000] {logging_mixin.py:190} INFO - [2024-12-18T20:50:43.897+0000] {dagbag.py:588} INFO - Filling up the DagBag from /home/ubuntu/demo8/lib/python3.12/site-packages/airflow/example_dags/plugins/workday.py
[2024-12-18T20:50:43.900+0000] {processor.py:927} WARNING - No viable dags retrieved from /home/ubuntu/demo8/lib/python3.12/site-packages/airflow/example_dags/plugins/workday.py
[2024-12-18T20:50:43.913+0000] {processor.py:208} INFO - Processing /home/ubuntu/demo8/lib/python3.12/site-packages/airflow/example_dags/plugins/workday.py took 0.026 seconds
[2024-12-18T20:51:35.074+0000] {processor.py:186} INFO - Started process (PID=7048) to work on /home/ubuntu/demo8/lib/python3.12/site-packages/airflow/example_dags/plugins/workday.py
[2024-12-18T20:51:35.075+0000] {processor.py:914} INFO - Processing file /home/ubuntu/demo8/lib/python3.12/site-packages/airflow/example_dags/plugins/workday.py for tasks to queue
[2024-12-18T20:51:35.078+0000] {logging_mixin.py:190} INFO - [2024-12-18T20:51:35.077+0000] {dagbag.py:588} INFO - Filling up the DagBag from /home/ubuntu/demo8/lib/python3.12/site-packages/airflow/example_dags/plugins/workday.py
[2024-12-18T20:51:35.081+0000] {processor.py:927} WARNING - No viable dags retrieved from /home/ubuntu/demo8/lib/python3.12/site-packages/airflow/example_dags/plugins/workday.py
[2024-12-18T20:51:35.093+0000] {processor.py:208} INFO - Processing /home/ubuntu/demo8/lib/python3.12/site-packages/airflow/example_dags/plugins/workday.py took 0.025 seconds
