[2024-12-18T15:44:03.687+0000] {processor.py:186} INFO - Started process (PID=3629) to work on /home/ubuntu/demo8/lib/python3.12/site-packages/airflow/example_dags/subdags/subdag.py
[2024-12-18T15:44:03.689+0000] {processor.py:914} INFO - Processing file /home/ubuntu/demo8/lib/python3.12/site-packages/airflow/example_dags/subdags/subdag.py for tasks to queue
[2024-12-18T15:44:03.693+0000] {logging_mixin.py:190} INFO - [2024-12-18T15:44:03.692+0000] {dagbag.py:588} INFO - Filling up the DagBag from /home/ubuntu/demo8/lib/python3.12/site-packages/airflow/example_dags/subdags/subdag.py
[2024-12-18T15:44:03.699+0000] {processor.py:927} WARNING - No viable dags retrieved from /home/ubuntu/demo8/lib/python3.12/site-packages/airflow/example_dags/subdags/subdag.py
[2024-12-18T15:44:03.733+0000] {processor.py:208} INFO - Processing /home/ubuntu/demo8/lib/python3.12/site-packages/airflow/example_dags/subdags/subdag.py took 0.058 seconds
[2024-12-18T15:45:15.199+0000] {processor.py:186} INFO - Started process (PID=3696) to work on /home/ubuntu/demo8/lib/python3.12/site-packages/airflow/example_dags/subdags/subdag.py
[2024-12-18T15:45:15.201+0000] {processor.py:914} INFO - Processing file /home/ubuntu/demo8/lib/python3.12/site-packages/airflow/example_dags/subdags/subdag.py for tasks to queue
[2024-12-18T15:45:15.203+0000] {logging_mixin.py:190} INFO - [2024-12-18T15:45:15.202+0000] {dagbag.py:588} INFO - Filling up the DagBag from /home/ubuntu/demo8/lib/python3.12/site-packages/airflow/example_dags/subdags/subdag.py
[2024-12-18T15:45:15.205+0000] {processor.py:927} WARNING - No viable dags retrieved from /home/ubuntu/demo8/lib/python3.12/site-packages/airflow/example_dags/subdags/subdag.py
[2024-12-18T15:45:15.217+0000] {processor.py:208} INFO - Processing /home/ubuntu/demo8/lib/python3.12/site-packages/airflow/example_dags/subdags/subdag.py took 0.024 seconds
[2024-12-18T15:45:50.004+0000] {processor.py:186} INFO - Started process (PID=3766) to work on /home/ubuntu/demo8/lib/python3.12/site-packages/airflow/example_dags/subdags/subdag.py
[2024-12-18T15:45:50.006+0000] {processor.py:914} INFO - Processing file /home/ubuntu/demo8/lib/python3.12/site-packages/airflow/example_dags/subdags/subdag.py for tasks to queue
[2024-12-18T15:45:50.008+0000] {logging_mixin.py:190} INFO - [2024-12-18T15:45:50.007+0000] {dagbag.py:588} INFO - Filling up the DagBag from /home/ubuntu/demo8/lib/python3.12/site-packages/airflow/example_dags/subdags/subdag.py
[2024-12-18T15:45:50.010+0000] {processor.py:927} WARNING - No viable dags retrieved from /home/ubuntu/demo8/lib/python3.12/site-packages/airflow/example_dags/subdags/subdag.py
[2024-12-18T15:45:50.022+0000] {processor.py:208} INFO - Processing /home/ubuntu/demo8/lib/python3.12/site-packages/airflow/example_dags/subdags/subdag.py took 0.024 seconds
[2024-12-18T15:46:45.338+0000] {processor.py:186} INFO - Started process (PID=3825) to work on /home/ubuntu/demo8/lib/python3.12/site-packages/airflow/example_dags/subdags/subdag.py
[2024-12-18T15:46:45.340+0000] {processor.py:914} INFO - Processing file /home/ubuntu/demo8/lib/python3.12/site-packages/airflow/example_dags/subdags/subdag.py for tasks to queue
[2024-12-18T15:46:45.342+0000] {logging_mixin.py:190} INFO - [2024-12-18T15:46:45.341+0000] {dagbag.py:588} INFO - Filling up the DagBag from /home/ubuntu/demo8/lib/python3.12/site-packages/airflow/example_dags/subdags/subdag.py
[2024-12-18T15:46:45.344+0000] {processor.py:927} WARNING - No viable dags retrieved from /home/ubuntu/demo8/lib/python3.12/site-packages/airflow/example_dags/subdags/subdag.py
[2024-12-18T15:46:45.356+0000] {processor.py:208} INFO - Processing /home/ubuntu/demo8/lib/python3.12/site-packages/airflow/example_dags/subdags/subdag.py took 0.024 seconds
[2024-12-18T15:47:41.322+0000] {processor.py:186} INFO - Started process (PID=4288) to work on /home/ubuntu/demo8/lib/python3.12/site-packages/airflow/example_dags/subdags/subdag.py
[2024-12-18T15:47:41.324+0000] {processor.py:914} INFO - Processing file /home/ubuntu/demo8/lib/python3.12/site-packages/airflow/example_dags/subdags/subdag.py for tasks to queue
[2024-12-18T15:47:41.326+0000] {logging_mixin.py:190} INFO - [2024-12-18T15:47:41.326+0000] {dagbag.py:588} INFO - Filling up the DagBag from /home/ubuntu/demo8/lib/python3.12/site-packages/airflow/example_dags/subdags/subdag.py
[2024-12-18T15:47:41.329+0000] {processor.py:927} WARNING - No viable dags retrieved from /home/ubuntu/demo8/lib/python3.12/site-packages/airflow/example_dags/subdags/subdag.py
[2024-12-18T15:47:41.340+0000] {processor.py:208} INFO - Processing /home/ubuntu/demo8/lib/python3.12/site-packages/airflow/example_dags/subdags/subdag.py took 0.024 seconds
[2024-12-18T15:48:34.581+0000] {processor.py:186} INFO - Started process (PID=4344) to work on /home/ubuntu/demo8/lib/python3.12/site-packages/airflow/example_dags/subdags/subdag.py
[2024-12-18T15:48:34.583+0000] {processor.py:914} INFO - Processing file /home/ubuntu/demo8/lib/python3.12/site-packages/airflow/example_dags/subdags/subdag.py for tasks to queue
[2024-12-18T15:48:34.585+0000] {logging_mixin.py:190} INFO - [2024-12-18T15:48:34.584+0000] {dagbag.py:588} INFO - Filling up the DagBag from /home/ubuntu/demo8/lib/python3.12/site-packages/airflow/example_dags/subdags/subdag.py
[2024-12-18T15:48:34.587+0000] {processor.py:927} WARNING - No viable dags retrieved from /home/ubuntu/demo8/lib/python3.12/site-packages/airflow/example_dags/subdags/subdag.py
[2024-12-18T15:48:34.599+0000] {processor.py:208} INFO - Processing /home/ubuntu/demo8/lib/python3.12/site-packages/airflow/example_dags/subdags/subdag.py took 0.025 seconds
[2024-12-18T15:49:36.415+0000] {processor.py:186} INFO - Started process (PID=4400) to work on /home/ubuntu/demo8/lib/python3.12/site-packages/airflow/example_dags/subdags/subdag.py
[2024-12-18T15:49:36.416+0000] {processor.py:914} INFO - Processing file /home/ubuntu/demo8/lib/python3.12/site-packages/airflow/example_dags/subdags/subdag.py for tasks to queue
[2024-12-18T15:49:36.418+0000] {logging_mixin.py:190} INFO - [2024-12-18T15:49:36.418+0000] {dagbag.py:588} INFO - Filling up the DagBag from /home/ubuntu/demo8/lib/python3.12/site-packages/airflow/example_dags/subdags/subdag.py
[2024-12-18T15:49:36.421+0000] {processor.py:927} WARNING - No viable dags retrieved from /home/ubuntu/demo8/lib/python3.12/site-packages/airflow/example_dags/subdags/subdag.py
[2024-12-18T15:49:36.438+0000] {processor.py:208} INFO - Processing /home/ubuntu/demo8/lib/python3.12/site-packages/airflow/example_dags/subdags/subdag.py took 0.029 seconds
[2024-12-18T15:50:08.801+0000] {processor.py:186} INFO - Started process (PID=4434) to work on /home/ubuntu/demo8/lib/python3.12/site-packages/airflow/example_dags/subdags/subdag.py
[2024-12-18T15:50:08.802+0000] {processor.py:914} INFO - Processing file /home/ubuntu/demo8/lib/python3.12/site-packages/airflow/example_dags/subdags/subdag.py for tasks to queue
[2024-12-18T15:50:08.805+0000] {logging_mixin.py:190} INFO - [2024-12-18T15:50:08.805+0000] {dagbag.py:588} INFO - Filling up the DagBag from /home/ubuntu/demo8/lib/python3.12/site-packages/airflow/example_dags/subdags/subdag.py
[2024-12-18T15:50:08.807+0000] {processor.py:927} WARNING - No viable dags retrieved from /home/ubuntu/demo8/lib/python3.12/site-packages/airflow/example_dags/subdags/subdag.py
[2024-12-18T15:50:08.819+0000] {processor.py:208} INFO - Processing /home/ubuntu/demo8/lib/python3.12/site-packages/airflow/example_dags/subdags/subdag.py took 0.024 seconds
[2024-12-18T15:51:04.894+0000] {processor.py:186} INFO - Started process (PID=4503) to work on /home/ubuntu/demo8/lib/python3.12/site-packages/airflow/example_dags/subdags/subdag.py
[2024-12-18T15:51:04.896+0000] {processor.py:914} INFO - Processing file /home/ubuntu/demo8/lib/python3.12/site-packages/airflow/example_dags/subdags/subdag.py for tasks to queue
[2024-12-18T15:51:04.898+0000] {logging_mixin.py:190} INFO - [2024-12-18T15:51:04.898+0000] {dagbag.py:588} INFO - Filling up the DagBag from /home/ubuntu/demo8/lib/python3.12/site-packages/airflow/example_dags/subdags/subdag.py
[2024-12-18T15:51:04.901+0000] {processor.py:927} WARNING - No viable dags retrieved from /home/ubuntu/demo8/lib/python3.12/site-packages/airflow/example_dags/subdags/subdag.py
[2024-12-18T15:51:04.912+0000] {processor.py:208} INFO - Processing /home/ubuntu/demo8/lib/python3.12/site-packages/airflow/example_dags/subdags/subdag.py took 0.024 seconds
[2024-12-18T15:51:56.481+0000] {processor.py:186} INFO - Started process (PID=4557) to work on /home/ubuntu/demo8/lib/python3.12/site-packages/airflow/example_dags/subdags/subdag.py
[2024-12-18T15:51:56.482+0000] {processor.py:914} INFO - Processing file /home/ubuntu/demo8/lib/python3.12/site-packages/airflow/example_dags/subdags/subdag.py for tasks to queue
[2024-12-18T15:51:56.485+0000] {logging_mixin.py:190} INFO - [2024-12-18T15:51:56.484+0000] {dagbag.py:588} INFO - Filling up the DagBag from /home/ubuntu/demo8/lib/python3.12/site-packages/airflow/example_dags/subdags/subdag.py
[2024-12-18T15:51:56.487+0000] {processor.py:927} WARNING - No viable dags retrieved from /home/ubuntu/demo8/lib/python3.12/site-packages/airflow/example_dags/subdags/subdag.py
[2024-12-18T15:51:56.499+0000] {processor.py:208} INFO - Processing /home/ubuntu/demo8/lib/python3.12/site-packages/airflow/example_dags/subdags/subdag.py took 0.025 seconds
[2024-12-18T15:52:51.140+0000] {processor.py:186} INFO - Started process (PID=4615) to work on /home/ubuntu/demo8/lib/python3.12/site-packages/airflow/example_dags/subdags/subdag.py
[2024-12-18T15:52:51.142+0000] {processor.py:914} INFO - Processing file /home/ubuntu/demo8/lib/python3.12/site-packages/airflow/example_dags/subdags/subdag.py for tasks to queue
[2024-12-18T15:52:51.144+0000] {logging_mixin.py:190} INFO - [2024-12-18T15:52:51.144+0000] {dagbag.py:588} INFO - Filling up the DagBag from /home/ubuntu/demo8/lib/python3.12/site-packages/airflow/example_dags/subdags/subdag.py
[2024-12-18T15:52:51.147+0000] {processor.py:927} WARNING - No viable dags retrieved from /home/ubuntu/demo8/lib/python3.12/site-packages/airflow/example_dags/subdags/subdag.py
[2024-12-18T15:52:51.159+0000] {processor.py:208} INFO - Processing /home/ubuntu/demo8/lib/python3.12/site-packages/airflow/example_dags/subdags/subdag.py took 0.025 seconds
[2024-12-18T15:53:46.171+0000] {processor.py:186} INFO - Started process (PID=4671) to work on /home/ubuntu/demo8/lib/python3.12/site-packages/airflow/example_dags/subdags/subdag.py
[2024-12-18T15:53:46.173+0000] {processor.py:914} INFO - Processing file /home/ubuntu/demo8/lib/python3.12/site-packages/airflow/example_dags/subdags/subdag.py for tasks to queue
[2024-12-18T15:53:46.175+0000] {logging_mixin.py:190} INFO - [2024-12-18T15:53:46.175+0000] {dagbag.py:588} INFO - Filling up the DagBag from /home/ubuntu/demo8/lib/python3.12/site-packages/airflow/example_dags/subdags/subdag.py
[2024-12-18T15:53:46.178+0000] {processor.py:927} WARNING - No viable dags retrieved from /home/ubuntu/demo8/lib/python3.12/site-packages/airflow/example_dags/subdags/subdag.py
[2024-12-18T15:53:46.191+0000] {processor.py:208} INFO - Processing /home/ubuntu/demo8/lib/python3.12/site-packages/airflow/example_dags/subdags/subdag.py took 0.026 seconds
[2024-12-18T15:53:51.715+0000] {processor.py:186} INFO - Started process (PID=4682) to work on /home/ubuntu/demo8/lib/python3.12/site-packages/airflow/example_dags/subdags/subdag.py
[2024-12-18T15:53:51.716+0000] {processor.py:914} INFO - Processing file /home/ubuntu/demo8/lib/python3.12/site-packages/airflow/example_dags/subdags/subdag.py for tasks to queue
[2024-12-18T15:53:51.718+0000] {logging_mixin.py:190} INFO - [2024-12-18T15:53:51.718+0000] {dagbag.py:588} INFO - Filling up the DagBag from /home/ubuntu/demo8/lib/python3.12/site-packages/airflow/example_dags/subdags/subdag.py
[2024-12-18T15:53:51.721+0000] {processor.py:927} WARNING - No viable dags retrieved from /home/ubuntu/demo8/lib/python3.12/site-packages/airflow/example_dags/subdags/subdag.py
[2024-12-18T15:53:51.732+0000] {processor.py:208} INFO - Processing /home/ubuntu/demo8/lib/python3.12/site-packages/airflow/example_dags/subdags/subdag.py took 0.023 seconds
[2024-12-18T15:54:23.461+0000] {processor.py:186} INFO - Started process (PID=4730) to work on /home/ubuntu/demo8/lib/python3.12/site-packages/airflow/example_dags/subdags/subdag.py
[2024-12-18T15:54:23.464+0000] {processor.py:914} INFO - Processing file /home/ubuntu/demo8/lib/python3.12/site-packages/airflow/example_dags/subdags/subdag.py for tasks to queue
[2024-12-18T15:54:23.468+0000] {logging_mixin.py:190} INFO - [2024-12-18T15:54:23.467+0000] {dagbag.py:588} INFO - Filling up the DagBag from /home/ubuntu/demo8/lib/python3.12/site-packages/airflow/example_dags/subdags/subdag.py
[2024-12-18T15:54:23.473+0000] {processor.py:927} WARNING - No viable dags retrieved from /home/ubuntu/demo8/lib/python3.12/site-packages/airflow/example_dags/subdags/subdag.py
[2024-12-18T15:54:23.502+0000] {processor.py:208} INFO - Processing /home/ubuntu/demo8/lib/python3.12/site-packages/airflow/example_dags/subdags/subdag.py took 0.054 seconds
[2024-12-18T15:55:21.011+0000] {processor.py:186} INFO - Started process (PID=4796) to work on /home/ubuntu/demo8/lib/python3.12/site-packages/airflow/example_dags/subdags/subdag.py
[2024-12-18T15:55:21.012+0000] {processor.py:914} INFO - Processing file /home/ubuntu/demo8/lib/python3.12/site-packages/airflow/example_dags/subdags/subdag.py for tasks to queue
[2024-12-18T15:55:21.014+0000] {logging_mixin.py:190} INFO - [2024-12-18T15:55:21.014+0000] {dagbag.py:588} INFO - Filling up the DagBag from /home/ubuntu/demo8/lib/python3.12/site-packages/airflow/example_dags/subdags/subdag.py
[2024-12-18T15:55:21.017+0000] {processor.py:927} WARNING - No viable dags retrieved from /home/ubuntu/demo8/lib/python3.12/site-packages/airflow/example_dags/subdags/subdag.py
[2024-12-18T15:55:21.029+0000] {processor.py:208} INFO - Processing /home/ubuntu/demo8/lib/python3.12/site-packages/airflow/example_dags/subdags/subdag.py took 0.023 seconds
[2024-12-18T15:56:14.725+0000] {processor.py:186} INFO - Started process (PID=4853) to work on /home/ubuntu/demo8/lib/python3.12/site-packages/airflow/example_dags/subdags/subdag.py
[2024-12-18T15:56:14.727+0000] {processor.py:914} INFO - Processing file /home/ubuntu/demo8/lib/python3.12/site-packages/airflow/example_dags/subdags/subdag.py for tasks to queue
[2024-12-18T15:56:14.729+0000] {logging_mixin.py:190} INFO - [2024-12-18T15:56:14.729+0000] {dagbag.py:588} INFO - Filling up the DagBag from /home/ubuntu/demo8/lib/python3.12/site-packages/airflow/example_dags/subdags/subdag.py
[2024-12-18T15:56:14.732+0000] {processor.py:927} WARNING - No viable dags retrieved from /home/ubuntu/demo8/lib/python3.12/site-packages/airflow/example_dags/subdags/subdag.py
[2024-12-18T15:56:14.743+0000] {processor.py:208} INFO - Processing /home/ubuntu/demo8/lib/python3.12/site-packages/airflow/example_dags/subdags/subdag.py took 0.024 seconds
[2024-12-18T15:56:51.019+0000] {processor.py:186} INFO - Started process (PID=4885) to work on /home/ubuntu/demo8/lib/python3.12/site-packages/airflow/example_dags/subdags/subdag.py
[2024-12-18T15:56:51.021+0000] {processor.py:914} INFO - Processing file /home/ubuntu/demo8/lib/python3.12/site-packages/airflow/example_dags/subdags/subdag.py for tasks to queue
[2024-12-18T15:56:51.023+0000] {logging_mixin.py:190} INFO - [2024-12-18T15:56:51.023+0000] {dagbag.py:588} INFO - Filling up the DagBag from /home/ubuntu/demo8/lib/python3.12/site-packages/airflow/example_dags/subdags/subdag.py
[2024-12-18T15:56:51.026+0000] {processor.py:927} WARNING - No viable dags retrieved from /home/ubuntu/demo8/lib/python3.12/site-packages/airflow/example_dags/subdags/subdag.py
[2024-12-18T15:56:51.038+0000] {processor.py:208} INFO - Processing /home/ubuntu/demo8/lib/python3.12/site-packages/airflow/example_dags/subdags/subdag.py took 0.025 seconds
[2024-12-18T15:57:48.529+0000] {processor.py:186} INFO - Started process (PID=4943) to work on /home/ubuntu/demo8/lib/python3.12/site-packages/airflow/example_dags/subdags/subdag.py
[2024-12-18T15:57:48.531+0000] {processor.py:914} INFO - Processing file /home/ubuntu/demo8/lib/python3.12/site-packages/airflow/example_dags/subdags/subdag.py for tasks to queue
[2024-12-18T15:57:48.533+0000] {logging_mixin.py:190} INFO - [2024-12-18T15:57:48.533+0000] {dagbag.py:588} INFO - Filling up the DagBag from /home/ubuntu/demo8/lib/python3.12/site-packages/airflow/example_dags/subdags/subdag.py
[2024-12-18T15:57:48.536+0000] {processor.py:927} WARNING - No viable dags retrieved from /home/ubuntu/demo8/lib/python3.12/site-packages/airflow/example_dags/subdags/subdag.py
[2024-12-18T15:57:48.548+0000] {processor.py:208} INFO - Processing /home/ubuntu/demo8/lib/python3.12/site-packages/airflow/example_dags/subdags/subdag.py took 0.025 seconds
[2024-12-18T15:58:42.245+0000] {processor.py:186} INFO - Started process (PID=4998) to work on /home/ubuntu/demo8/lib/python3.12/site-packages/airflow/example_dags/subdags/subdag.py
[2024-12-18T15:58:42.247+0000] {processor.py:914} INFO - Processing file /home/ubuntu/demo8/lib/python3.12/site-packages/airflow/example_dags/subdags/subdag.py for tasks to queue
[2024-12-18T15:58:42.249+0000] {logging_mixin.py:190} INFO - [2024-12-18T15:58:42.249+0000] {dagbag.py:588} INFO - Filling up the DagBag from /home/ubuntu/demo8/lib/python3.12/site-packages/airflow/example_dags/subdags/subdag.py
[2024-12-18T15:58:42.252+0000] {processor.py:927} WARNING - No viable dags retrieved from /home/ubuntu/demo8/lib/python3.12/site-packages/airflow/example_dags/subdags/subdag.py
[2024-12-18T15:58:42.264+0000] {processor.py:208} INFO - Processing /home/ubuntu/demo8/lib/python3.12/site-packages/airflow/example_dags/subdags/subdag.py took 0.025 seconds
[2024-12-18T15:59:49.907+0000] {processor.py:186} INFO - Started process (PID=5061) to work on /home/ubuntu/demo8/lib/python3.12/site-packages/airflow/example_dags/subdags/subdag.py
[2024-12-18T15:59:49.909+0000] {processor.py:914} INFO - Processing file /home/ubuntu/demo8/lib/python3.12/site-packages/airflow/example_dags/subdags/subdag.py for tasks to queue
[2024-12-18T15:59:49.915+0000] {logging_mixin.py:190} INFO - [2024-12-18T15:59:49.913+0000] {dagbag.py:588} INFO - Filling up the DagBag from /home/ubuntu/demo8/lib/python3.12/site-packages/airflow/example_dags/subdags/subdag.py
[2024-12-18T15:59:49.919+0000] {processor.py:927} WARNING - No viable dags retrieved from /home/ubuntu/demo8/lib/python3.12/site-packages/airflow/example_dags/subdags/subdag.py
[2024-12-18T15:59:49.947+0000] {processor.py:208} INFO - Processing /home/ubuntu/demo8/lib/python3.12/site-packages/airflow/example_dags/subdags/subdag.py took 0.052 seconds
[2024-12-18T16:00:47.348+0000] {processor.py:186} INFO - Started process (PID=5127) to work on /home/ubuntu/demo8/lib/python3.12/site-packages/airflow/example_dags/subdags/subdag.py
[2024-12-18T16:00:47.350+0000] {processor.py:914} INFO - Processing file /home/ubuntu/demo8/lib/python3.12/site-packages/airflow/example_dags/subdags/subdag.py for tasks to queue
[2024-12-18T16:00:47.352+0000] {logging_mixin.py:190} INFO - [2024-12-18T16:00:47.351+0000] {dagbag.py:588} INFO - Filling up the DagBag from /home/ubuntu/demo8/lib/python3.12/site-packages/airflow/example_dags/subdags/subdag.py
[2024-12-18T16:00:47.355+0000] {processor.py:927} WARNING - No viable dags retrieved from /home/ubuntu/demo8/lib/python3.12/site-packages/airflow/example_dags/subdags/subdag.py
[2024-12-18T16:00:47.366+0000] {processor.py:208} INFO - Processing /home/ubuntu/demo8/lib/python3.12/site-packages/airflow/example_dags/subdags/subdag.py took 0.024 seconds
[2024-12-18T16:01:41.054+0000] {processor.py:186} INFO - Started process (PID=5184) to work on /home/ubuntu/demo8/lib/python3.12/site-packages/airflow/example_dags/subdags/subdag.py
[2024-12-18T16:01:41.056+0000] {processor.py:914} INFO - Processing file /home/ubuntu/demo8/lib/python3.12/site-packages/airflow/example_dags/subdags/subdag.py for tasks to queue
[2024-12-18T16:01:41.058+0000] {logging_mixin.py:190} INFO - [2024-12-18T16:01:41.057+0000] {dagbag.py:588} INFO - Filling up the DagBag from /home/ubuntu/demo8/lib/python3.12/site-packages/airflow/example_dags/subdags/subdag.py
[2024-12-18T16:01:41.060+0000] {processor.py:927} WARNING - No viable dags retrieved from /home/ubuntu/demo8/lib/python3.12/site-packages/airflow/example_dags/subdags/subdag.py
[2024-12-18T16:01:41.072+0000] {processor.py:208} INFO - Processing /home/ubuntu/demo8/lib/python3.12/site-packages/airflow/example_dags/subdags/subdag.py took 0.024 seconds
[2024-12-18T16:02:33.386+0000] {processor.py:186} INFO - Started process (PID=5239) to work on /home/ubuntu/demo8/lib/python3.12/site-packages/airflow/example_dags/subdags/subdag.py
[2024-12-18T16:02:33.388+0000] {processor.py:914} INFO - Processing file /home/ubuntu/demo8/lib/python3.12/site-packages/airflow/example_dags/subdags/subdag.py for tasks to queue
[2024-12-18T16:02:33.390+0000] {logging_mixin.py:190} INFO - [2024-12-18T16:02:33.389+0000] {dagbag.py:588} INFO - Filling up the DagBag from /home/ubuntu/demo8/lib/python3.12/site-packages/airflow/example_dags/subdags/subdag.py
[2024-12-18T16:02:33.392+0000] {processor.py:927} WARNING - No viable dags retrieved from /home/ubuntu/demo8/lib/python3.12/site-packages/airflow/example_dags/subdags/subdag.py
[2024-12-18T16:02:33.404+0000] {processor.py:208} INFO - Processing /home/ubuntu/demo8/lib/python3.12/site-packages/airflow/example_dags/subdags/subdag.py took 0.024 seconds
[2024-12-18T16:03:29.607+0000] {processor.py:186} INFO - Started process (PID=5294) to work on /home/ubuntu/demo8/lib/python3.12/site-packages/airflow/example_dags/subdags/subdag.py
[2024-12-18T16:03:29.608+0000] {processor.py:914} INFO - Processing file /home/ubuntu/demo8/lib/python3.12/site-packages/airflow/example_dags/subdags/subdag.py for tasks to queue
[2024-12-18T16:03:29.610+0000] {logging_mixin.py:190} INFO - [2024-12-18T16:03:29.610+0000] {dagbag.py:588} INFO - Filling up the DagBag from /home/ubuntu/demo8/lib/python3.12/site-packages/airflow/example_dags/subdags/subdag.py
[2024-12-18T16:03:29.613+0000] {processor.py:927} WARNING - No viable dags retrieved from /home/ubuntu/demo8/lib/python3.12/site-packages/airflow/example_dags/subdags/subdag.py
[2024-12-18T16:03:29.625+0000] {processor.py:208} INFO - Processing /home/ubuntu/demo8/lib/python3.12/site-packages/airflow/example_dags/subdags/subdag.py took 0.024 seconds
[2024-12-18T20:29:16.871+0000] {processor.py:186} INFO - Started process (PID=2568) to work on /home/ubuntu/demo8/lib/python3.12/site-packages/airflow/example_dags/subdags/subdag.py
[2024-12-18T20:29:16.874+0000] {processor.py:914} INFO - Processing file /home/ubuntu/demo8/lib/python3.12/site-packages/airflow/example_dags/subdags/subdag.py for tasks to queue
[2024-12-18T20:29:16.880+0000] {logging_mixin.py:190} INFO - [2024-12-18T20:29:16.877+0000] {dagbag.py:588} INFO - Filling up the DagBag from /home/ubuntu/demo8/lib/python3.12/site-packages/airflow/example_dags/subdags/subdag.py
[2024-12-18T20:29:16.887+0000] {processor.py:927} WARNING - No viable dags retrieved from /home/ubuntu/demo8/lib/python3.12/site-packages/airflow/example_dags/subdags/subdag.py
[2024-12-18T20:29:16.911+0000] {processor.py:208} INFO - Processing /home/ubuntu/demo8/lib/python3.12/site-packages/airflow/example_dags/subdags/subdag.py took 0.052 seconds
[2024-12-18T20:30:15.138+0000] {processor.py:186} INFO - Started process (PID=2783) to work on /home/ubuntu/demo8/lib/python3.12/site-packages/airflow/example_dags/subdags/subdag.py
[2024-12-18T20:30:15.139+0000] {processor.py:914} INFO - Processing file /home/ubuntu/demo8/lib/python3.12/site-packages/airflow/example_dags/subdags/subdag.py for tasks to queue
[2024-12-18T20:30:15.142+0000] {logging_mixin.py:190} INFO - [2024-12-18T20:30:15.142+0000] {dagbag.py:588} INFO - Filling up the DagBag from /home/ubuntu/demo8/lib/python3.12/site-packages/airflow/example_dags/subdags/subdag.py
[2024-12-18T20:30:15.145+0000] {processor.py:927} WARNING - No viable dags retrieved from /home/ubuntu/demo8/lib/python3.12/site-packages/airflow/example_dags/subdags/subdag.py
[2024-12-18T20:30:15.156+0000] {processor.py:208} INFO - Processing /home/ubuntu/demo8/lib/python3.12/site-packages/airflow/example_dags/subdags/subdag.py took 0.024 seconds
[2024-12-18T20:31:11.028+0000] {processor.py:186} INFO - Started process (PID=3060) to work on /home/ubuntu/demo8/lib/python3.12/site-packages/airflow/example_dags/subdags/subdag.py
[2024-12-18T20:31:11.030+0000] {processor.py:914} INFO - Processing file /home/ubuntu/demo8/lib/python3.12/site-packages/airflow/example_dags/subdags/subdag.py for tasks to queue
[2024-12-18T20:31:11.032+0000] {logging_mixin.py:190} INFO - [2024-12-18T20:31:11.032+0000] {dagbag.py:588} INFO - Filling up the DagBag from /home/ubuntu/demo8/lib/python3.12/site-packages/airflow/example_dags/subdags/subdag.py
[2024-12-18T20:31:11.035+0000] {processor.py:927} WARNING - No viable dags retrieved from /home/ubuntu/demo8/lib/python3.12/site-packages/airflow/example_dags/subdags/subdag.py
[2024-12-18T20:31:11.046+0000] {processor.py:208} INFO - Processing /home/ubuntu/demo8/lib/python3.12/site-packages/airflow/example_dags/subdags/subdag.py took 0.024 seconds
[2024-12-18T20:32:05.704+0000] {processor.py:186} INFO - Started process (PID=3251) to work on /home/ubuntu/demo8/lib/python3.12/site-packages/airflow/example_dags/subdags/subdag.py
[2024-12-18T20:32:05.706+0000] {processor.py:914} INFO - Processing file /home/ubuntu/demo8/lib/python3.12/site-packages/airflow/example_dags/subdags/subdag.py for tasks to queue
[2024-12-18T20:32:05.708+0000] {logging_mixin.py:190} INFO - [2024-12-18T20:32:05.708+0000] {dagbag.py:588} INFO - Filling up the DagBag from /home/ubuntu/demo8/lib/python3.12/site-packages/airflow/example_dags/subdags/subdag.py
[2024-12-18T20:32:05.711+0000] {processor.py:927} WARNING - No viable dags retrieved from /home/ubuntu/demo8/lib/python3.12/site-packages/airflow/example_dags/subdags/subdag.py
[2024-12-18T20:32:05.723+0000] {processor.py:208} INFO - Processing /home/ubuntu/demo8/lib/python3.12/site-packages/airflow/example_dags/subdags/subdag.py took 0.024 seconds
[2024-12-18T20:33:01.661+0000] {processor.py:186} INFO - Started process (PID=3430) to work on /home/ubuntu/demo8/lib/python3.12/site-packages/airflow/example_dags/subdags/subdag.py
[2024-12-18T20:33:01.663+0000] {processor.py:914} INFO - Processing file /home/ubuntu/demo8/lib/python3.12/site-packages/airflow/example_dags/subdags/subdag.py for tasks to queue
[2024-12-18T20:33:01.666+0000] {logging_mixin.py:190} INFO - [2024-12-18T20:33:01.665+0000] {dagbag.py:588} INFO - Filling up the DagBag from /home/ubuntu/demo8/lib/python3.12/site-packages/airflow/example_dags/subdags/subdag.py
[2024-12-18T20:33:01.668+0000] {processor.py:927} WARNING - No viable dags retrieved from /home/ubuntu/demo8/lib/python3.12/site-packages/airflow/example_dags/subdags/subdag.py
[2024-12-18T20:33:01.684+0000] {processor.py:208} INFO - Processing /home/ubuntu/demo8/lib/python3.12/site-packages/airflow/example_dags/subdags/subdag.py took 0.029 seconds
[2024-12-18T20:33:57.090+0000] {processor.py:186} INFO - Started process (PID=3547) to work on /home/ubuntu/demo8/lib/python3.12/site-packages/airflow/example_dags/subdags/subdag.py
[2024-12-18T20:33:57.091+0000] {processor.py:914} INFO - Processing file /home/ubuntu/demo8/lib/python3.12/site-packages/airflow/example_dags/subdags/subdag.py for tasks to queue
[2024-12-18T20:33:57.094+0000] {logging_mixin.py:190} INFO - [2024-12-18T20:33:57.094+0000] {dagbag.py:588} INFO - Filling up the DagBag from /home/ubuntu/demo8/lib/python3.12/site-packages/airflow/example_dags/subdags/subdag.py
[2024-12-18T20:33:57.097+0000] {processor.py:927} WARNING - No viable dags retrieved from /home/ubuntu/demo8/lib/python3.12/site-packages/airflow/example_dags/subdags/subdag.py
[2024-12-18T20:33:57.110+0000] {processor.py:208} INFO - Processing /home/ubuntu/demo8/lib/python3.12/site-packages/airflow/example_dags/subdags/subdag.py took 0.026 seconds
[2024-12-18T20:34:32.220+0000] {processor.py:186} INFO - Started process (PID=3700) to work on /home/ubuntu/demo8/lib/python3.12/site-packages/airflow/example_dags/subdags/subdag.py
[2024-12-18T20:34:32.221+0000] {processor.py:914} INFO - Processing file /home/ubuntu/demo8/lib/python3.12/site-packages/airflow/example_dags/subdags/subdag.py for tasks to queue
[2024-12-18T20:34:32.224+0000] {logging_mixin.py:190} INFO - [2024-12-18T20:34:32.224+0000] {dagbag.py:588} INFO - Filling up the DagBag from /home/ubuntu/demo8/lib/python3.12/site-packages/airflow/example_dags/subdags/subdag.py
[2024-12-18T20:34:32.227+0000] {processor.py:927} WARNING - No viable dags retrieved from /home/ubuntu/demo8/lib/python3.12/site-packages/airflow/example_dags/subdags/subdag.py
[2024-12-18T20:34:32.238+0000] {processor.py:208} INFO - Processing /home/ubuntu/demo8/lib/python3.12/site-packages/airflow/example_dags/subdags/subdag.py took 0.024 seconds
[2024-12-18T20:35:05.832+0000] {processor.py:186} INFO - Started process (PID=3737) to work on /home/ubuntu/demo8/lib/python3.12/site-packages/airflow/example_dags/subdags/subdag.py
[2024-12-18T20:35:05.833+0000] {processor.py:914} INFO - Processing file /home/ubuntu/demo8/lib/python3.12/site-packages/airflow/example_dags/subdags/subdag.py for tasks to queue
[2024-12-18T20:35:05.836+0000] {logging_mixin.py:190} INFO - [2024-12-18T20:35:05.835+0000] {dagbag.py:588} INFO - Filling up the DagBag from /home/ubuntu/demo8/lib/python3.12/site-packages/airflow/example_dags/subdags/subdag.py
[2024-12-18T20:35:05.839+0000] {processor.py:927} WARNING - No viable dags retrieved from /home/ubuntu/demo8/lib/python3.12/site-packages/airflow/example_dags/subdags/subdag.py
[2024-12-18T20:35:05.851+0000] {processor.py:208} INFO - Processing /home/ubuntu/demo8/lib/python3.12/site-packages/airflow/example_dags/subdags/subdag.py took 0.025 seconds
[2024-12-18T20:36:03.676+0000] {processor.py:186} INFO - Started process (PID=3858) to work on /home/ubuntu/demo8/lib/python3.12/site-packages/airflow/example_dags/subdags/subdag.py
[2024-12-18T20:36:03.677+0000] {processor.py:914} INFO - Processing file /home/ubuntu/demo8/lib/python3.12/site-packages/airflow/example_dags/subdags/subdag.py for tasks to queue
[2024-12-18T20:36:03.680+0000] {logging_mixin.py:190} INFO - [2024-12-18T20:36:03.680+0000] {dagbag.py:588} INFO - Filling up the DagBag from /home/ubuntu/demo8/lib/python3.12/site-packages/airflow/example_dags/subdags/subdag.py
[2024-12-18T20:36:03.683+0000] {processor.py:927} WARNING - No viable dags retrieved from /home/ubuntu/demo8/lib/python3.12/site-packages/airflow/example_dags/subdags/subdag.py
[2024-12-18T20:36:03.695+0000] {processor.py:208} INFO - Processing /home/ubuntu/demo8/lib/python3.12/site-packages/airflow/example_dags/subdags/subdag.py took 0.025 seconds
[2024-12-18T20:37:00.786+0000] {processor.py:186} INFO - Started process (PID=3977) to work on /home/ubuntu/demo8/lib/python3.12/site-packages/airflow/example_dags/subdags/subdag.py
[2024-12-18T20:37:00.788+0000] {processor.py:914} INFO - Processing file /home/ubuntu/demo8/lib/python3.12/site-packages/airflow/example_dags/subdags/subdag.py for tasks to queue
[2024-12-18T20:37:00.790+0000] {logging_mixin.py:190} INFO - [2024-12-18T20:37:00.790+0000] {dagbag.py:588} INFO - Filling up the DagBag from /home/ubuntu/demo8/lib/python3.12/site-packages/airflow/example_dags/subdags/subdag.py
[2024-12-18T20:37:00.793+0000] {processor.py:927} WARNING - No viable dags retrieved from /home/ubuntu/demo8/lib/python3.12/site-packages/airflow/example_dags/subdags/subdag.py
[2024-12-18T20:37:00.804+0000] {processor.py:208} INFO - Processing /home/ubuntu/demo8/lib/python3.12/site-packages/airflow/example_dags/subdags/subdag.py took 0.024 seconds
[2024-12-18T20:37:54.199+0000] {processor.py:186} INFO - Started process (PID=4093) to work on /home/ubuntu/demo8/lib/python3.12/site-packages/airflow/example_dags/subdags/subdag.py
[2024-12-18T20:37:54.201+0000] {processor.py:914} INFO - Processing file /home/ubuntu/demo8/lib/python3.12/site-packages/airflow/example_dags/subdags/subdag.py for tasks to queue
[2024-12-18T20:37:54.203+0000] {logging_mixin.py:190} INFO - [2024-12-18T20:37:54.203+0000] {dagbag.py:588} INFO - Filling up the DagBag from /home/ubuntu/demo8/lib/python3.12/site-packages/airflow/example_dags/subdags/subdag.py
[2024-12-18T20:37:54.206+0000] {processor.py:927} WARNING - No viable dags retrieved from /home/ubuntu/demo8/lib/python3.12/site-packages/airflow/example_dags/subdags/subdag.py
[2024-12-18T20:37:54.218+0000] {processor.py:208} INFO - Processing /home/ubuntu/demo8/lib/python3.12/site-packages/airflow/example_dags/subdags/subdag.py took 0.025 seconds
[2024-12-18T20:38:50.854+0000] {processor.py:186} INFO - Started process (PID=4212) to work on /home/ubuntu/demo8/lib/python3.12/site-packages/airflow/example_dags/subdags/subdag.py
[2024-12-18T20:38:50.856+0000] {processor.py:914} INFO - Processing file /home/ubuntu/demo8/lib/python3.12/site-packages/airflow/example_dags/subdags/subdag.py for tasks to queue
[2024-12-18T20:38:50.858+0000] {logging_mixin.py:190} INFO - [2024-12-18T20:38:50.858+0000] {dagbag.py:588} INFO - Filling up the DagBag from /home/ubuntu/demo8/lib/python3.12/site-packages/airflow/example_dags/subdags/subdag.py
[2024-12-18T20:38:50.861+0000] {processor.py:927} WARNING - No viable dags retrieved from /home/ubuntu/demo8/lib/python3.12/site-packages/airflow/example_dags/subdags/subdag.py
[2024-12-18T20:38:50.882+0000] {processor.py:208} INFO - Processing /home/ubuntu/demo8/lib/python3.12/site-packages/airflow/example_dags/subdags/subdag.py took 0.033 seconds
[2024-12-18T20:39:46.950+0000] {processor.py:186} INFO - Started process (PID=4389) to work on /home/ubuntu/demo8/lib/python3.12/site-packages/airflow/example_dags/subdags/subdag.py
[2024-12-18T20:39:46.951+0000] {processor.py:914} INFO - Processing file /home/ubuntu/demo8/lib/python3.12/site-packages/airflow/example_dags/subdags/subdag.py for tasks to queue
[2024-12-18T20:39:46.954+0000] {logging_mixin.py:190} INFO - [2024-12-18T20:39:46.954+0000] {dagbag.py:588} INFO - Filling up the DagBag from /home/ubuntu/demo8/lib/python3.12/site-packages/airflow/example_dags/subdags/subdag.py
[2024-12-18T20:39:46.957+0000] {processor.py:927} WARNING - No viable dags retrieved from /home/ubuntu/demo8/lib/python3.12/site-packages/airflow/example_dags/subdags/subdag.py
[2024-12-18T20:39:46.968+0000] {processor.py:208} INFO - Processing /home/ubuntu/demo8/lib/python3.12/site-packages/airflow/example_dags/subdags/subdag.py took 0.025 seconds
[2024-12-18T20:40:43.530+0000] {processor.py:186} INFO - Started process (PID=4525) to work on /home/ubuntu/demo8/lib/python3.12/site-packages/airflow/example_dags/subdags/subdag.py
[2024-12-18T20:40:43.532+0000] {processor.py:914} INFO - Processing file /home/ubuntu/demo8/lib/python3.12/site-packages/airflow/example_dags/subdags/subdag.py for tasks to queue
[2024-12-18T20:40:43.535+0000] {logging_mixin.py:190} INFO - [2024-12-18T20:40:43.534+0000] {dagbag.py:588} INFO - Filling up the DagBag from /home/ubuntu/demo8/lib/python3.12/site-packages/airflow/example_dags/subdags/subdag.py
[2024-12-18T20:40:43.537+0000] {processor.py:927} WARNING - No viable dags retrieved from /home/ubuntu/demo8/lib/python3.12/site-packages/airflow/example_dags/subdags/subdag.py
[2024-12-18T20:40:43.549+0000] {processor.py:208} INFO - Processing /home/ubuntu/demo8/lib/python3.12/site-packages/airflow/example_dags/subdags/subdag.py took 0.025 seconds
[2024-12-18T20:41:37.521+0000] {processor.py:186} INFO - Started process (PID=4645) to work on /home/ubuntu/demo8/lib/python3.12/site-packages/airflow/example_dags/subdags/subdag.py
[2024-12-18T20:41:37.522+0000] {processor.py:914} INFO - Processing file /home/ubuntu/demo8/lib/python3.12/site-packages/airflow/example_dags/subdags/subdag.py for tasks to queue
[2024-12-18T20:41:37.525+0000] {logging_mixin.py:190} INFO - [2024-12-18T20:41:37.525+0000] {dagbag.py:588} INFO - Filling up the DagBag from /home/ubuntu/demo8/lib/python3.12/site-packages/airflow/example_dags/subdags/subdag.py
[2024-12-18T20:41:37.528+0000] {processor.py:927} WARNING - No viable dags retrieved from /home/ubuntu/demo8/lib/python3.12/site-packages/airflow/example_dags/subdags/subdag.py
[2024-12-18T20:41:37.540+0000] {processor.py:208} INFO - Processing /home/ubuntu/demo8/lib/python3.12/site-packages/airflow/example_dags/subdags/subdag.py took 0.026 seconds
[2024-12-18T20:42:30.758+0000] {processor.py:186} INFO - Started process (PID=4758) to work on /home/ubuntu/demo8/lib/python3.12/site-packages/airflow/example_dags/subdags/subdag.py
[2024-12-18T20:42:30.760+0000] {processor.py:914} INFO - Processing file /home/ubuntu/demo8/lib/python3.12/site-packages/airflow/example_dags/subdags/subdag.py for tasks to queue
[2024-12-18T20:42:30.762+0000] {logging_mixin.py:190} INFO - [2024-12-18T20:42:30.762+0000] {dagbag.py:588} INFO - Filling up the DagBag from /home/ubuntu/demo8/lib/python3.12/site-packages/airflow/example_dags/subdags/subdag.py
[2024-12-18T20:42:30.765+0000] {processor.py:927} WARNING - No viable dags retrieved from /home/ubuntu/demo8/lib/python3.12/site-packages/airflow/example_dags/subdags/subdag.py
[2024-12-18T20:42:30.777+0000] {processor.py:208} INFO - Processing /home/ubuntu/demo8/lib/python3.12/site-packages/airflow/example_dags/subdags/subdag.py took 0.025 seconds
[2024-12-18T20:43:24.717+0000] {processor.py:186} INFO - Started process (PID=4875) to work on /home/ubuntu/demo8/lib/python3.12/site-packages/airflow/example_dags/subdags/subdag.py
[2024-12-18T20:43:24.719+0000] {processor.py:914} INFO - Processing file /home/ubuntu/demo8/lib/python3.12/site-packages/airflow/example_dags/subdags/subdag.py for tasks to queue
[2024-12-18T20:43:24.721+0000] {logging_mixin.py:190} INFO - [2024-12-18T20:43:24.721+0000] {dagbag.py:588} INFO - Filling up the DagBag from /home/ubuntu/demo8/lib/python3.12/site-packages/airflow/example_dags/subdags/subdag.py
[2024-12-18T20:43:24.724+0000] {processor.py:927} WARNING - No viable dags retrieved from /home/ubuntu/demo8/lib/python3.12/site-packages/airflow/example_dags/subdags/subdag.py
[2024-12-18T20:43:24.736+0000] {processor.py:208} INFO - Processing /home/ubuntu/demo8/lib/python3.12/site-packages/airflow/example_dags/subdags/subdag.py took 0.025 seconds
[2024-12-18T20:44:18.615+0000] {processor.py:186} INFO - Started process (PID=4989) to work on /home/ubuntu/demo8/lib/python3.12/site-packages/airflow/example_dags/subdags/subdag.py
[2024-12-18T20:44:18.617+0000] {processor.py:914} INFO - Processing file /home/ubuntu/demo8/lib/python3.12/site-packages/airflow/example_dags/subdags/subdag.py for tasks to queue
[2024-12-18T20:44:18.619+0000] {logging_mixin.py:190} INFO - [2024-12-18T20:44:18.619+0000] {dagbag.py:588} INFO - Filling up the DagBag from /home/ubuntu/demo8/lib/python3.12/site-packages/airflow/example_dags/subdags/subdag.py
[2024-12-18T20:44:18.622+0000] {processor.py:927} WARNING - No viable dags retrieved from /home/ubuntu/demo8/lib/python3.12/site-packages/airflow/example_dags/subdags/subdag.py
[2024-12-18T20:44:18.634+0000] {processor.py:208} INFO - Processing /home/ubuntu/demo8/lib/python3.12/site-packages/airflow/example_dags/subdags/subdag.py took 0.025 seconds
[2024-12-18T20:45:12.791+0000] {processor.py:186} INFO - Started process (PID=5113) to work on /home/ubuntu/demo8/lib/python3.12/site-packages/airflow/example_dags/subdags/subdag.py
[2024-12-18T20:45:12.792+0000] {processor.py:914} INFO - Processing file /home/ubuntu/demo8/lib/python3.12/site-packages/airflow/example_dags/subdags/subdag.py for tasks to queue
[2024-12-18T20:45:12.795+0000] {logging_mixin.py:190} INFO - [2024-12-18T20:45:12.794+0000] {dagbag.py:588} INFO - Filling up the DagBag from /home/ubuntu/demo8/lib/python3.12/site-packages/airflow/example_dags/subdags/subdag.py
[2024-12-18T20:45:12.797+0000] {processor.py:927} WARNING - No viable dags retrieved from /home/ubuntu/demo8/lib/python3.12/site-packages/airflow/example_dags/subdags/subdag.py
[2024-12-18T20:45:12.809+0000] {processor.py:208} INFO - Processing /home/ubuntu/demo8/lib/python3.12/site-packages/airflow/example_dags/subdags/subdag.py took 0.025 seconds
[2024-12-18T20:46:12.303+0000] {processor.py:186} INFO - Started process (PID=5385) to work on /home/ubuntu/demo8/lib/python3.12/site-packages/airflow/example_dags/subdags/subdag.py
[2024-12-18T20:46:12.306+0000] {processor.py:914} INFO - Processing file /home/ubuntu/demo8/lib/python3.12/site-packages/airflow/example_dags/subdags/subdag.py for tasks to queue
[2024-12-18T20:46:12.313+0000] {logging_mixin.py:190} INFO - [2024-12-18T20:46:12.310+0000] {dagbag.py:588} INFO - Filling up the DagBag from /home/ubuntu/demo8/lib/python3.12/site-packages/airflow/example_dags/subdags/subdag.py
[2024-12-18T20:46:12.319+0000] {processor.py:927} WARNING - No viable dags retrieved from /home/ubuntu/demo8/lib/python3.12/site-packages/airflow/example_dags/subdags/subdag.py
[2024-12-18T20:46:12.343+0000] {processor.py:208} INFO - Processing /home/ubuntu/demo8/lib/python3.12/site-packages/airflow/example_dags/subdags/subdag.py took 0.052 seconds
[2024-12-18T20:46:53.168+0000] {processor.py:186} INFO - Started process (PID=5592) to work on /home/ubuntu/demo8/lib/python3.12/site-packages/airflow/example_dags/subdags/subdag.py
[2024-12-18T20:46:53.172+0000] {processor.py:914} INFO - Processing file /home/ubuntu/demo8/lib/python3.12/site-packages/airflow/example_dags/subdags/subdag.py for tasks to queue
[2024-12-18T20:46:53.176+0000] {logging_mixin.py:190} INFO - [2024-12-18T20:46:53.176+0000] {dagbag.py:588} INFO - Filling up the DagBag from /home/ubuntu/demo8/lib/python3.12/site-packages/airflow/example_dags/subdags/subdag.py
[2024-12-18T20:46:53.182+0000] {processor.py:927} WARNING - No viable dags retrieved from /home/ubuntu/demo8/lib/python3.12/site-packages/airflow/example_dags/subdags/subdag.py
[2024-12-18T20:46:53.216+0000] {processor.py:208} INFO - Processing /home/ubuntu/demo8/lib/python3.12/site-packages/airflow/example_dags/subdags/subdag.py took 0.060 seconds
[2024-12-18T20:47:53.218+0000] {processor.py:186} INFO - Started process (PID=5887) to work on /home/ubuntu/demo8/lib/python3.12/site-packages/airflow/example_dags/subdags/subdag.py
[2024-12-18T20:47:53.220+0000] {processor.py:914} INFO - Processing file /home/ubuntu/demo8/lib/python3.12/site-packages/airflow/example_dags/subdags/subdag.py for tasks to queue
[2024-12-18T20:47:53.223+0000] {logging_mixin.py:190} INFO - [2024-12-18T20:47:53.222+0000] {dagbag.py:588} INFO - Filling up the DagBag from /home/ubuntu/demo8/lib/python3.12/site-packages/airflow/example_dags/subdags/subdag.py
[2024-12-18T20:47:53.226+0000] {processor.py:927} WARNING - No viable dags retrieved from /home/ubuntu/demo8/lib/python3.12/site-packages/airflow/example_dags/subdags/subdag.py
[2024-12-18T20:47:53.241+0000] {processor.py:208} INFO - Processing /home/ubuntu/demo8/lib/python3.12/site-packages/airflow/example_dags/subdags/subdag.py took 0.029 seconds
[2024-12-18T20:48:51.640+0000] {processor.py:186} INFO - Started process (PID=6344) to work on /home/ubuntu/demo8/lib/python3.12/site-packages/airflow/example_dags/subdags/subdag.py
[2024-12-18T20:48:51.641+0000] {processor.py:914} INFO - Processing file /home/ubuntu/demo8/lib/python3.12/site-packages/airflow/example_dags/subdags/subdag.py for tasks to queue
[2024-12-18T20:48:51.644+0000] {logging_mixin.py:190} INFO - [2024-12-18T20:48:51.643+0000] {dagbag.py:588} INFO - Filling up the DagBag from /home/ubuntu/demo8/lib/python3.12/site-packages/airflow/example_dags/subdags/subdag.py
[2024-12-18T20:48:51.647+0000] {processor.py:927} WARNING - No viable dags retrieved from /home/ubuntu/demo8/lib/python3.12/site-packages/airflow/example_dags/subdags/subdag.py
[2024-12-18T20:48:51.660+0000] {processor.py:208} INFO - Processing /home/ubuntu/demo8/lib/python3.12/site-packages/airflow/example_dags/subdags/subdag.py took 0.026 seconds
[2024-12-18T20:49:44.576+0000] {processor.py:186} INFO - Started process (PID=6458) to work on /home/ubuntu/demo8/lib/python3.12/site-packages/airflow/example_dags/subdags/subdag.py
[2024-12-18T20:49:44.578+0000] {processor.py:914} INFO - Processing file /home/ubuntu/demo8/lib/python3.12/site-packages/airflow/example_dags/subdags/subdag.py for tasks to queue
[2024-12-18T20:49:44.582+0000] {logging_mixin.py:190} INFO - [2024-12-18T20:49:44.582+0000] {dagbag.py:588} INFO - Filling up the DagBag from /home/ubuntu/demo8/lib/python3.12/site-packages/airflow/example_dags/subdags/subdag.py
[2024-12-18T20:49:44.588+0000] {processor.py:927} WARNING - No viable dags retrieved from /home/ubuntu/demo8/lib/python3.12/site-packages/airflow/example_dags/subdags/subdag.py
[2024-12-18T20:49:44.602+0000] {processor.py:208} INFO - Processing /home/ubuntu/demo8/lib/python3.12/site-packages/airflow/example_dags/subdags/subdag.py took 0.033 seconds
[2024-12-18T20:50:42.752+0000] {processor.py:186} INFO - Started process (PID=6822) to work on /home/ubuntu/demo8/lib/python3.12/site-packages/airflow/example_dags/subdags/subdag.py
[2024-12-18T20:50:42.753+0000] {processor.py:914} INFO - Processing file /home/ubuntu/demo8/lib/python3.12/site-packages/airflow/example_dags/subdags/subdag.py for tasks to queue
[2024-12-18T20:50:42.756+0000] {logging_mixin.py:190} INFO - [2024-12-18T20:50:42.756+0000] {dagbag.py:588} INFO - Filling up the DagBag from /home/ubuntu/demo8/lib/python3.12/site-packages/airflow/example_dags/subdags/subdag.py
[2024-12-18T20:50:42.759+0000] {processor.py:927} WARNING - No viable dags retrieved from /home/ubuntu/demo8/lib/python3.12/site-packages/airflow/example_dags/subdags/subdag.py
[2024-12-18T20:50:42.772+0000] {processor.py:208} INFO - Processing /home/ubuntu/demo8/lib/python3.12/site-packages/airflow/example_dags/subdags/subdag.py took 0.026 seconds
[2024-12-18T20:51:34.363+0000] {processor.py:186} INFO - Started process (PID=7038) to work on /home/ubuntu/demo8/lib/python3.12/site-packages/airflow/example_dags/subdags/subdag.py
[2024-12-18T20:51:34.365+0000] {processor.py:914} INFO - Processing file /home/ubuntu/demo8/lib/python3.12/site-packages/airflow/example_dags/subdags/subdag.py for tasks to queue
[2024-12-18T20:51:34.367+0000] {logging_mixin.py:190} INFO - [2024-12-18T20:51:34.367+0000] {dagbag.py:588} INFO - Filling up the DagBag from /home/ubuntu/demo8/lib/python3.12/site-packages/airflow/example_dags/subdags/subdag.py
[2024-12-18T20:51:34.370+0000] {processor.py:927} WARNING - No viable dags retrieved from /home/ubuntu/demo8/lib/python3.12/site-packages/airflow/example_dags/subdags/subdag.py
[2024-12-18T20:51:34.382+0000] {processor.py:208} INFO - Processing /home/ubuntu/demo8/lib/python3.12/site-packages/airflow/example_dags/subdags/subdag.py took 0.026 seconds
